[2023-11-04 13:41:20,241] {processor.py:163} INFO - Started process (PID=133) to work on /home/airflow/.local/lib/python3.8/site-packages/airflow/example_dags/example_branch_labels.py
[2023-11-04 13:41:20,252] {processor.py:642} INFO - Processing file /home/airflow/.local/lib/python3.8/site-packages/airflow/example_dags/example_branch_labels.py for tasks to queue
[2023-11-04 13:41:20,259] {logging_mixin.py:109} INFO - [2023-11-04 13:41:20,258] {dagbag.py:500} INFO - Filling up the DagBag from /home/airflow/.local/lib/python3.8/site-packages/airflow/example_dags/example_branch_labels.py
[2023-11-04 13:41:20,353] {processor.py:654} INFO - DAG(s) dict_keys(['example_branch_labels']) retrieved from /home/airflow/.local/lib/python3.8/site-packages/airflow/example_dags/example_branch_labels.py
[2023-11-04 13:41:22,950] {logging_mixin.py:109} INFO - [2023-11-04 13:41:22,949] {providers_manager.py:154} WARNING - Exception when importing 'airflow.providers.google.common.hooks.base_google.GoogleBaseHook' from 'apache-airflow-providers-google' package: module 'pyparsing' has no attribute 'downcaseTokens'
[2023-11-04 13:41:22,958] {logging_mixin.py:109} INFO - [2023-11-04 13:41:22,957] {providers_manager.py:154} WARNING - Exception when importing 'airflow.providers.google.cloud.hooks.cloud_sql.CloudSQLHook' from 'apache-airflow-providers-google' package: module 'pyparsing' has no attribute 'downcaseTokens'
[2023-11-04 13:41:22,963] {logging_mixin.py:109} INFO - [2023-11-04 13:41:22,963] {providers_manager.py:154} WARNING - Exception when importing 'airflow.providers.google.cloud.hooks.cloud_sql.CloudSQLDatabaseHook' from 'apache-airflow-providers-google' package: module 'pyparsing' has no attribute 'downcaseTokens'
[2023-11-04 13:41:23,157] {logging_mixin.py:109} INFO - [2023-11-04 13:41:23,157] {providers_manager.py:154} WARNING - Exception when importing 'airflow.providers.google.cloud.hooks.bigquery.BigQueryHook' from 'apache-airflow-providers-google' package: module 'pyparsing' has no attribute 'downcaseTokens'
[2023-11-04 13:41:23,163] {logging_mixin.py:109} INFO - [2023-11-04 13:41:23,163] {providers_manager.py:154} WARNING - Exception when importing 'airflow.providers.google.cloud.hooks.compute_ssh.ComputeEngineSSHHook' from 'apache-airflow-providers-google' package: module 'pyparsing' has no attribute 'downcaseTokens'
[2023-11-04 13:41:23,807] {logging_mixin.py:109} INFO - [2023-11-04 13:41:23,807] {providers_manager.py:154} WARNING - Exception when importing 'airflow.providers.google.common.hooks.base_google.GoogleBaseHook' from 'apache-airflow-providers-google' package: module 'pyparsing' has no attribute 'downcaseTokens'
[2023-11-04 13:41:23,813] {logging_mixin.py:109} INFO - [2023-11-04 13:41:23,813] {providers_manager.py:154} WARNING - Exception when importing 'airflow.providers.google.cloud.hooks.cloud_sql.CloudSQLHook' from 'apache-airflow-providers-google' package: module 'pyparsing' has no attribute 'downcaseTokens'
[2023-11-04 13:41:23,817] {logging_mixin.py:109} INFO - [2023-11-04 13:41:23,817] {providers_manager.py:154} WARNING - Exception when importing 'airflow.providers.google.cloud.hooks.cloud_sql.CloudSQLDatabaseHook' from 'apache-airflow-providers-google' package: module 'pyparsing' has no attribute 'downcaseTokens'
[2023-11-04 13:41:23,828] {logging_mixin.py:109} INFO - [2023-11-04 13:41:23,827] {providers_manager.py:154} WARNING - Exception when importing 'airflow.providers.google.cloud.hooks.bigquery.BigQueryHook' from 'apache-airflow-providers-google' package: module 'pyparsing' has no attribute 'downcaseTokens'
[2023-11-04 13:41:23,833] {logging_mixin.py:109} INFO - [2023-11-04 13:41:23,833] {providers_manager.py:154} WARNING - Exception when importing 'airflow.providers.google.cloud.hooks.compute_ssh.ComputeEngineSSHHook' from 'apache-airflow-providers-google' package: module 'pyparsing' has no attribute 'downcaseTokens'
[2023-11-04 13:41:23,862] {logging_mixin.py:109} INFO - [2023-11-04 13:41:23,862] {manager.py:496} INFO - Created Permission View: can read on DAG:example_branch_labels
[2023-11-04 13:41:23,872] {logging_mixin.py:109} INFO - [2023-11-04 13:41:23,872] {manager.py:496} INFO - Created Permission View: can edit on DAG:example_branch_labels
[2023-11-04 13:41:23,874] {logging_mixin.py:109} INFO - [2023-11-04 13:41:23,874] {dag.py:2398} INFO - Sync 1 DAGs
[2023-11-04 13:41:23,884] {logging_mixin.py:109} INFO - [2023-11-04 13:41:23,883] {dag.py:2417} INFO - Creating ORM DAG for example_branch_labels
[2023-11-04 13:41:23,897] {logging_mixin.py:109} INFO - [2023-11-04 13:41:23,896] {dag.py:2937} INFO - Setting next_dagrun for example_branch_labels to 2023-11-03 00:00:00+00:00
[2023-11-04 13:41:23,916] {processor.py:171} INFO - Processing /home/airflow/.local/lib/python3.8/site-packages/airflow/example_dags/example_branch_labels.py took 3.683 seconds
[2023-11-04 13:41:54,258] {processor.py:163} INFO - Started process (PID=297) to work on /home/airflow/.local/lib/python3.8/site-packages/airflow/example_dags/example_branch_labels.py
[2023-11-04 13:41:54,261] {processor.py:642} INFO - Processing file /home/airflow/.local/lib/python3.8/site-packages/airflow/example_dags/example_branch_labels.py for tasks to queue
[2023-11-04 13:41:54,262] {logging_mixin.py:109} INFO - [2023-11-04 13:41:54,262] {dagbag.py:500} INFO - Filling up the DagBag from /home/airflow/.local/lib/python3.8/site-packages/airflow/example_dags/example_branch_labels.py
[2023-11-04 13:41:54,308] {processor.py:654} INFO - DAG(s) dict_keys(['example_branch_labels']) retrieved from /home/airflow/.local/lib/python3.8/site-packages/airflow/example_dags/example_branch_labels.py
[2023-11-04 13:41:54,323] {logging_mixin.py:109} INFO - [2023-11-04 13:41:54,323] {dag.py:2398} INFO - Sync 1 DAGs
[2023-11-04 13:41:54,347] {logging_mixin.py:109} INFO - [2023-11-04 13:41:54,347] {dag.py:2937} INFO - Setting next_dagrun for example_branch_labels to 2023-11-03 00:00:00+00:00
[2023-11-04 13:41:54,359] {processor.py:171} INFO - Processing /home/airflow/.local/lib/python3.8/site-packages/airflow/example_dags/example_branch_labels.py took 0.106 seconds
[2023-11-04 13:42:24,639] {processor.py:163} INFO - Started process (PID=354) to work on /home/airflow/.local/lib/python3.8/site-packages/airflow/example_dags/example_branch_labels.py
[2023-11-04 13:42:24,642] {processor.py:642} INFO - Processing file /home/airflow/.local/lib/python3.8/site-packages/airflow/example_dags/example_branch_labels.py for tasks to queue
[2023-11-04 13:42:24,644] {logging_mixin.py:109} INFO - [2023-11-04 13:42:24,643] {dagbag.py:500} INFO - Filling up the DagBag from /home/airflow/.local/lib/python3.8/site-packages/airflow/example_dags/example_branch_labels.py
[2023-11-04 13:42:24,694] {processor.py:654} INFO - DAG(s) dict_keys(['example_branch_labels']) retrieved from /home/airflow/.local/lib/python3.8/site-packages/airflow/example_dags/example_branch_labels.py
[2023-11-04 13:42:24,712] {logging_mixin.py:109} INFO - [2023-11-04 13:42:24,712] {dag.py:2398} INFO - Sync 1 DAGs
[2023-11-04 13:42:24,742] {logging_mixin.py:109} INFO - [2023-11-04 13:42:24,742] {dag.py:2937} INFO - Setting next_dagrun for example_branch_labels to 2023-11-03 00:00:00+00:00
[2023-11-04 13:42:24,758] {processor.py:171} INFO - Processing /home/airflow/.local/lib/python3.8/site-packages/airflow/example_dags/example_branch_labels.py took 0.124 seconds
[2023-11-04 13:42:55,517] {processor.py:163} INFO - Started process (PID=402) to work on /home/airflow/.local/lib/python3.8/site-packages/airflow/example_dags/example_branch_labels.py
[2023-11-04 13:42:55,520] {processor.py:642} INFO - Processing file /home/airflow/.local/lib/python3.8/site-packages/airflow/example_dags/example_branch_labels.py for tasks to queue
[2023-11-04 13:42:55,521] {logging_mixin.py:109} INFO - [2023-11-04 13:42:55,521] {dagbag.py:500} INFO - Filling up the DagBag from /home/airflow/.local/lib/python3.8/site-packages/airflow/example_dags/example_branch_labels.py
[2023-11-04 13:42:55,569] {processor.py:654} INFO - DAG(s) dict_keys(['example_branch_labels']) retrieved from /home/airflow/.local/lib/python3.8/site-packages/airflow/example_dags/example_branch_labels.py
[2023-11-04 13:42:55,585] {logging_mixin.py:109} INFO - [2023-11-04 13:42:55,584] {dag.py:2398} INFO - Sync 1 DAGs
[2023-11-04 13:42:55,613] {logging_mixin.py:109} INFO - [2023-11-04 13:42:55,613] {dag.py:2937} INFO - Setting next_dagrun for example_branch_labels to 2023-11-03 00:00:00+00:00
[2023-11-04 13:42:55,626] {processor.py:171} INFO - Processing /home/airflow/.local/lib/python3.8/site-packages/airflow/example_dags/example_branch_labels.py took 0.114 seconds
[2023-11-04 13:43:26,519] {processor.py:163} INFO - Started process (PID=451) to work on /home/airflow/.local/lib/python3.8/site-packages/airflow/example_dags/example_branch_labels.py
[2023-11-04 13:43:26,522] {processor.py:642} INFO - Processing file /home/airflow/.local/lib/python3.8/site-packages/airflow/example_dags/example_branch_labels.py for tasks to queue
[2023-11-04 13:43:26,523] {logging_mixin.py:109} INFO - [2023-11-04 13:43:26,523] {dagbag.py:500} INFO - Filling up the DagBag from /home/airflow/.local/lib/python3.8/site-packages/airflow/example_dags/example_branch_labels.py
[2023-11-04 13:43:26,570] {processor.py:654} INFO - DAG(s) dict_keys(['example_branch_labels']) retrieved from /home/airflow/.local/lib/python3.8/site-packages/airflow/example_dags/example_branch_labels.py
[2023-11-04 13:43:26,586] {logging_mixin.py:109} INFO - [2023-11-04 13:43:26,586] {dag.py:2398} INFO - Sync 1 DAGs
[2023-11-04 13:43:26,613] {logging_mixin.py:109} INFO - [2023-11-04 13:43:26,613] {dag.py:2937} INFO - Setting next_dagrun for example_branch_labels to 2023-11-03 00:00:00+00:00
[2023-11-04 13:43:26,626] {processor.py:171} INFO - Processing /home/airflow/.local/lib/python3.8/site-packages/airflow/example_dags/example_branch_labels.py took 0.112 seconds
[2023-11-04 13:43:57,750] {processor.py:163} INFO - Started process (PID=508) to work on /home/airflow/.local/lib/python3.8/site-packages/airflow/example_dags/example_branch_labels.py
[2023-11-04 13:43:57,754] {processor.py:642} INFO - Processing file /home/airflow/.local/lib/python3.8/site-packages/airflow/example_dags/example_branch_labels.py for tasks to queue
[2023-11-04 13:43:57,757] {logging_mixin.py:109} INFO - [2023-11-04 13:43:57,757] {dagbag.py:500} INFO - Filling up the DagBag from /home/airflow/.local/lib/python3.8/site-packages/airflow/example_dags/example_branch_labels.py
[2023-11-04 13:43:57,843] {processor.py:654} INFO - DAG(s) dict_keys(['example_branch_labels']) retrieved from /home/airflow/.local/lib/python3.8/site-packages/airflow/example_dags/example_branch_labels.py
[2023-11-04 13:43:57,859] {logging_mixin.py:109} INFO - [2023-11-04 13:43:57,859] {dag.py:2398} INFO - Sync 1 DAGs
[2023-11-04 13:43:57,883] {logging_mixin.py:109} INFO - [2023-11-04 13:43:57,883] {dag.py:2937} INFO - Setting next_dagrun for example_branch_labels to 2023-11-03 00:00:00+00:00
[2023-11-04 13:43:57,894] {processor.py:171} INFO - Processing /home/airflow/.local/lib/python3.8/site-packages/airflow/example_dags/example_branch_labels.py took 0.150 seconds
[2023-11-04 13:59:19,639] {processor.py:163} INFO - Started process (PID=50) to work on /home/airflow/.local/lib/python3.8/site-packages/airflow/example_dags/example_branch_labels.py
[2023-11-04 13:59:19,650] {processor.py:642} INFO - Processing file /home/airflow/.local/lib/python3.8/site-packages/airflow/example_dags/example_branch_labels.py for tasks to queue
[2023-11-04 13:59:19,652] {logging_mixin.py:109} INFO - [2023-11-04 13:59:19,652] {dagbag.py:500} INFO - Filling up the DagBag from /home/airflow/.local/lib/python3.8/site-packages/airflow/example_dags/example_branch_labels.py
[2023-11-04 13:59:19,709] {processor.py:654} INFO - DAG(s) dict_keys(['example_branch_labels']) retrieved from /home/airflow/.local/lib/python3.8/site-packages/airflow/example_dags/example_branch_labels.py
[2023-11-04 13:59:19,732] {logging_mixin.py:109} INFO - [2023-11-04 13:59:19,732] {dag.py:2398} INFO - Sync 1 DAGs
[2023-11-04 13:59:19,756] {logging_mixin.py:109} INFO - [2023-11-04 13:59:19,755] {dag.py:2937} INFO - Setting next_dagrun for example_branch_labels to 2023-11-03 00:00:00+00:00
[2023-11-04 13:59:19,768] {processor.py:171} INFO - Processing /home/airflow/.local/lib/python3.8/site-packages/airflow/example_dags/example_branch_labels.py took 0.134 seconds
[2023-11-04 13:59:49,843] {processor.py:163} INFO - Started process (PID=98) to work on /home/airflow/.local/lib/python3.8/site-packages/airflow/example_dags/example_branch_labels.py
[2023-11-04 13:59:49,846] {processor.py:642} INFO - Processing file /home/airflow/.local/lib/python3.8/site-packages/airflow/example_dags/example_branch_labels.py for tasks to queue
[2023-11-04 13:59:49,847] {logging_mixin.py:109} INFO - [2023-11-04 13:59:49,847] {dagbag.py:500} INFO - Filling up the DagBag from /home/airflow/.local/lib/python3.8/site-packages/airflow/example_dags/example_branch_labels.py
[2023-11-04 13:59:49,889] {processor.py:654} INFO - DAG(s) dict_keys(['example_branch_labels']) retrieved from /home/airflow/.local/lib/python3.8/site-packages/airflow/example_dags/example_branch_labels.py
[2023-11-04 13:59:49,903] {logging_mixin.py:109} INFO - [2023-11-04 13:59:49,903] {dag.py:2398} INFO - Sync 1 DAGs
[2023-11-04 13:59:49,927] {logging_mixin.py:109} INFO - [2023-11-04 13:59:49,927] {dag.py:2937} INFO - Setting next_dagrun for example_branch_labels to 2023-11-03 00:00:00+00:00
[2023-11-04 13:59:49,938] {processor.py:171} INFO - Processing /home/airflow/.local/lib/python3.8/site-packages/airflow/example_dags/example_branch_labels.py took 0.101 seconds
[2023-11-04 14:00:20,624] {processor.py:163} INFO - Started process (PID=163) to work on /home/airflow/.local/lib/python3.8/site-packages/airflow/example_dags/example_branch_labels.py
[2023-11-04 14:00:20,627] {processor.py:642} INFO - Processing file /home/airflow/.local/lib/python3.8/site-packages/airflow/example_dags/example_branch_labels.py for tasks to queue
[2023-11-04 14:00:20,628] {logging_mixin.py:109} INFO - [2023-11-04 14:00:20,628] {dagbag.py:500} INFO - Filling up the DagBag from /home/airflow/.local/lib/python3.8/site-packages/airflow/example_dags/example_branch_labels.py
[2023-11-04 14:00:20,673] {processor.py:654} INFO - DAG(s) dict_keys(['example_branch_labels']) retrieved from /home/airflow/.local/lib/python3.8/site-packages/airflow/example_dags/example_branch_labels.py
[2023-11-04 14:00:20,687] {logging_mixin.py:109} INFO - [2023-11-04 14:00:20,687] {dag.py:2398} INFO - Sync 1 DAGs
[2023-11-04 14:00:20,709] {logging_mixin.py:109} INFO - [2023-11-04 14:00:20,709] {dag.py:2937} INFO - Setting next_dagrun for example_branch_labels to 2023-11-03 00:00:00+00:00
[2023-11-04 14:00:20,720] {processor.py:171} INFO - Processing /home/airflow/.local/lib/python3.8/site-packages/airflow/example_dags/example_branch_labels.py took 0.101 seconds
[2023-11-04 14:00:51,647] {processor.py:163} INFO - Started process (PID=220) to work on /home/airflow/.local/lib/python3.8/site-packages/airflow/example_dags/example_branch_labels.py
[2023-11-04 14:00:51,650] {processor.py:642} INFO - Processing file /home/airflow/.local/lib/python3.8/site-packages/airflow/example_dags/example_branch_labels.py for tasks to queue
[2023-11-04 14:00:51,651] {logging_mixin.py:109} INFO - [2023-11-04 14:00:51,651] {dagbag.py:500} INFO - Filling up the DagBag from /home/airflow/.local/lib/python3.8/site-packages/airflow/example_dags/example_branch_labels.py
[2023-11-04 14:00:51,693] {processor.py:654} INFO - DAG(s) dict_keys(['example_branch_labels']) retrieved from /home/airflow/.local/lib/python3.8/site-packages/airflow/example_dags/example_branch_labels.py
[2023-11-04 14:00:51,707] {logging_mixin.py:109} INFO - [2023-11-04 14:00:51,706] {dag.py:2398} INFO - Sync 1 DAGs
[2023-11-04 14:00:51,728] {logging_mixin.py:109} INFO - [2023-11-04 14:00:51,728] {dag.py:2937} INFO - Setting next_dagrun for example_branch_labels to 2023-11-03 00:00:00+00:00
[2023-11-04 14:00:51,738] {processor.py:171} INFO - Processing /home/airflow/.local/lib/python3.8/site-packages/airflow/example_dags/example_branch_labels.py took 0.096 seconds
[2023-11-04 14:01:22,771] {processor.py:163} INFO - Started process (PID=269) to work on /home/airflow/.local/lib/python3.8/site-packages/airflow/example_dags/example_branch_labels.py
[2023-11-04 14:01:22,774] {processor.py:642} INFO - Processing file /home/airflow/.local/lib/python3.8/site-packages/airflow/example_dags/example_branch_labels.py for tasks to queue
[2023-11-04 14:01:22,775] {logging_mixin.py:109} INFO - [2023-11-04 14:01:22,775] {dagbag.py:500} INFO - Filling up the DagBag from /home/airflow/.local/lib/python3.8/site-packages/airflow/example_dags/example_branch_labels.py
[2023-11-04 14:01:22,818] {processor.py:654} INFO - DAG(s) dict_keys(['example_branch_labels']) retrieved from /home/airflow/.local/lib/python3.8/site-packages/airflow/example_dags/example_branch_labels.py
[2023-11-04 14:01:22,831] {logging_mixin.py:109} INFO - [2023-11-04 14:01:22,831] {dag.py:2398} INFO - Sync 1 DAGs
[2023-11-04 14:01:22,855] {logging_mixin.py:109} INFO - [2023-11-04 14:01:22,855] {dag.py:2937} INFO - Setting next_dagrun for example_branch_labels to 2023-11-03 00:00:00+00:00
[2023-11-04 14:01:22,866] {processor.py:171} INFO - Processing /home/airflow/.local/lib/python3.8/site-packages/airflow/example_dags/example_branch_labels.py took 0.100 seconds
[2023-11-04 14:01:53,270] {processor.py:163} INFO - Started process (PID=326) to work on /home/airflow/.local/lib/python3.8/site-packages/airflow/example_dags/example_branch_labels.py
[2023-11-04 14:01:53,272] {processor.py:642} INFO - Processing file /home/airflow/.local/lib/python3.8/site-packages/airflow/example_dags/example_branch_labels.py for tasks to queue
[2023-11-04 14:01:53,273] {logging_mixin.py:109} INFO - [2023-11-04 14:01:53,273] {dagbag.py:500} INFO - Filling up the DagBag from /home/airflow/.local/lib/python3.8/site-packages/airflow/example_dags/example_branch_labels.py
[2023-11-04 14:01:53,315] {processor.py:654} INFO - DAG(s) dict_keys(['example_branch_labels']) retrieved from /home/airflow/.local/lib/python3.8/site-packages/airflow/example_dags/example_branch_labels.py
[2023-11-04 14:01:53,330] {logging_mixin.py:109} INFO - [2023-11-04 14:01:53,329] {dag.py:2398} INFO - Sync 1 DAGs
[2023-11-04 14:01:53,353] {logging_mixin.py:109} INFO - [2023-11-04 14:01:53,353] {dag.py:2937} INFO - Setting next_dagrun for example_branch_labels to 2023-11-03 00:00:00+00:00
[2023-11-04 14:01:53,368] {processor.py:171} INFO - Processing /home/airflow/.local/lib/python3.8/site-packages/airflow/example_dags/example_branch_labels.py took 0.103 seconds
[2023-11-04 14:02:24,067] {processor.py:163} INFO - Started process (PID=375) to work on /home/airflow/.local/lib/python3.8/site-packages/airflow/example_dags/example_branch_labels.py
[2023-11-04 14:02:24,069] {processor.py:642} INFO - Processing file /home/airflow/.local/lib/python3.8/site-packages/airflow/example_dags/example_branch_labels.py for tasks to queue
[2023-11-04 14:02:24,071] {logging_mixin.py:109} INFO - [2023-11-04 14:02:24,071] {dagbag.py:500} INFO - Filling up the DagBag from /home/airflow/.local/lib/python3.8/site-packages/airflow/example_dags/example_branch_labels.py
[2023-11-04 14:02:24,140] {processor.py:654} INFO - DAG(s) dict_keys(['example_branch_labels']) retrieved from /home/airflow/.local/lib/python3.8/site-packages/airflow/example_dags/example_branch_labels.py
[2023-11-04 14:02:24,172] {logging_mixin.py:109} INFO - [2023-11-04 14:02:24,172] {dag.py:2398} INFO - Sync 1 DAGs
[2023-11-04 14:02:24,201] {logging_mixin.py:109} INFO - [2023-11-04 14:02:24,201] {dag.py:2937} INFO - Setting next_dagrun for example_branch_labels to 2023-11-03 00:00:00+00:00
[2023-11-04 14:02:24,216] {processor.py:171} INFO - Processing /home/airflow/.local/lib/python3.8/site-packages/airflow/example_dags/example_branch_labels.py took 0.154 seconds
[2023-11-04 14:04:46,725] {processor.py:163} INFO - Started process (PID=45) to work on /home/airflow/.local/lib/python3.8/site-packages/airflow/example_dags/example_branch_labels.py
[2023-11-04 14:04:46,729] {processor.py:642} INFO - Processing file /home/airflow/.local/lib/python3.8/site-packages/airflow/example_dags/example_branch_labels.py for tasks to queue
[2023-11-04 14:04:46,734] {logging_mixin.py:109} INFO - [2023-11-04 14:04:46,734] {dagbag.py:500} INFO - Filling up the DagBag from /home/airflow/.local/lib/python3.8/site-packages/airflow/example_dags/example_branch_labels.py
[2023-11-04 14:04:46,804] {processor.py:654} INFO - DAG(s) dict_keys(['example_branch_labels']) retrieved from /home/airflow/.local/lib/python3.8/site-packages/airflow/example_dags/example_branch_labels.py
[2023-11-04 14:04:46,821] {logging_mixin.py:109} INFO - [2023-11-04 14:04:46,820] {dag.py:2398} INFO - Sync 1 DAGs
[2023-11-04 14:04:46,847] {logging_mixin.py:109} INFO - [2023-11-04 14:04:46,847] {dag.py:2937} INFO - Setting next_dagrun for example_branch_labels to 2023-11-03 00:00:00+00:00
[2023-11-04 14:04:46,864] {processor.py:171} INFO - Processing /home/airflow/.local/lib/python3.8/site-packages/airflow/example_dags/example_branch_labels.py took 0.144 seconds
[2023-11-04 14:05:17,162] {processor.py:163} INFO - Started process (PID=93) to work on /home/airflow/.local/lib/python3.8/site-packages/airflow/example_dags/example_branch_labels.py
[2023-11-04 14:05:17,165] {processor.py:642} INFO - Processing file /home/airflow/.local/lib/python3.8/site-packages/airflow/example_dags/example_branch_labels.py for tasks to queue
[2023-11-04 14:05:17,167] {logging_mixin.py:109} INFO - [2023-11-04 14:05:17,167] {dagbag.py:500} INFO - Filling up the DagBag from /home/airflow/.local/lib/python3.8/site-packages/airflow/example_dags/example_branch_labels.py
[2023-11-04 14:05:17,213] {processor.py:654} INFO - DAG(s) dict_keys(['example_branch_labels']) retrieved from /home/airflow/.local/lib/python3.8/site-packages/airflow/example_dags/example_branch_labels.py
[2023-11-04 14:05:17,227] {logging_mixin.py:109} INFO - [2023-11-04 14:05:17,227] {dag.py:2398} INFO - Sync 1 DAGs
[2023-11-04 14:05:17,253] {logging_mixin.py:109} INFO - [2023-11-04 14:05:17,253] {dag.py:2937} INFO - Setting next_dagrun for example_branch_labels to 2023-11-03 00:00:00+00:00
[2023-11-04 14:05:17,266] {processor.py:171} INFO - Processing /home/airflow/.local/lib/python3.8/site-packages/airflow/example_dags/example_branch_labels.py took 0.109 seconds
[2023-11-04 14:05:48,220] {processor.py:163} INFO - Started process (PID=150) to work on /home/airflow/.local/lib/python3.8/site-packages/airflow/example_dags/example_branch_labels.py
[2023-11-04 14:05:48,242] {processor.py:642} INFO - Processing file /home/airflow/.local/lib/python3.8/site-packages/airflow/example_dags/example_branch_labels.py for tasks to queue
[2023-11-04 14:05:48,244] {logging_mixin.py:109} INFO - [2023-11-04 14:05:48,244] {dagbag.py:500} INFO - Filling up the DagBag from /home/airflow/.local/lib/python3.8/site-packages/airflow/example_dags/example_branch_labels.py
[2023-11-04 14:05:48,295] {processor.py:654} INFO - DAG(s) dict_keys(['example_branch_labels']) retrieved from /home/airflow/.local/lib/python3.8/site-packages/airflow/example_dags/example_branch_labels.py
[2023-11-04 14:05:48,314] {logging_mixin.py:109} INFO - [2023-11-04 14:05:48,313] {dag.py:2398} INFO - Sync 1 DAGs
[2023-11-04 14:05:48,340] {logging_mixin.py:109} INFO - [2023-11-04 14:05:48,339] {dag.py:2937} INFO - Setting next_dagrun for example_branch_labels to 2023-11-03 00:00:00+00:00
[2023-11-04 14:05:48,352] {processor.py:171} INFO - Processing /home/airflow/.local/lib/python3.8/site-packages/airflow/example_dags/example_branch_labels.py took 0.136 seconds
[2023-11-04 14:06:19,570] {processor.py:163} INFO - Started process (PID=199) to work on /home/airflow/.local/lib/python3.8/site-packages/airflow/example_dags/example_branch_labels.py
[2023-11-04 14:06:19,574] {processor.py:642} INFO - Processing file /home/airflow/.local/lib/python3.8/site-packages/airflow/example_dags/example_branch_labels.py for tasks to queue
[2023-11-04 14:06:19,576] {logging_mixin.py:109} INFO - [2023-11-04 14:06:19,576] {dagbag.py:500} INFO - Filling up the DagBag from /home/airflow/.local/lib/python3.8/site-packages/airflow/example_dags/example_branch_labels.py
[2023-11-04 14:06:19,650] {processor.py:654} INFO - DAG(s) dict_keys(['example_branch_labels']) retrieved from /home/airflow/.local/lib/python3.8/site-packages/airflow/example_dags/example_branch_labels.py
[2023-11-04 14:06:19,671] {logging_mixin.py:109} INFO - [2023-11-04 14:06:19,671] {dag.py:2398} INFO - Sync 1 DAGs
[2023-11-04 14:06:19,705] {logging_mixin.py:109} INFO - [2023-11-04 14:06:19,705] {dag.py:2937} INFO - Setting next_dagrun for example_branch_labels to 2023-11-03 00:00:00+00:00
[2023-11-04 14:06:19,723] {processor.py:171} INFO - Processing /home/airflow/.local/lib/python3.8/site-packages/airflow/example_dags/example_branch_labels.py took 0.161 seconds
[2023-11-04 14:06:50,119] {processor.py:163} INFO - Started process (PID=256) to work on /home/airflow/.local/lib/python3.8/site-packages/airflow/example_dags/example_branch_labels.py
[2023-11-04 14:06:50,123] {processor.py:642} INFO - Processing file /home/airflow/.local/lib/python3.8/site-packages/airflow/example_dags/example_branch_labels.py for tasks to queue
[2023-11-04 14:06:50,130] {logging_mixin.py:109} INFO - [2023-11-04 14:06:50,130] {dagbag.py:500} INFO - Filling up the DagBag from /home/airflow/.local/lib/python3.8/site-packages/airflow/example_dags/example_branch_labels.py
[2023-11-04 14:06:50,194] {processor.py:654} INFO - DAG(s) dict_keys(['example_branch_labels']) retrieved from /home/airflow/.local/lib/python3.8/site-packages/airflow/example_dags/example_branch_labels.py
[2023-11-04 14:06:50,216] {logging_mixin.py:109} INFO - [2023-11-04 14:06:50,216] {dag.py:2398} INFO - Sync 1 DAGs
[2023-11-04 14:06:50,278] {logging_mixin.py:109} INFO - [2023-11-04 14:06:50,278] {dag.py:2937} INFO - Setting next_dagrun for example_branch_labels to 2023-11-03 00:00:00+00:00
[2023-11-04 14:06:50,305] {processor.py:171} INFO - Processing /home/airflow/.local/lib/python3.8/site-packages/airflow/example_dags/example_branch_labels.py took 0.193 seconds
[2023-11-04 14:07:20,578] {processor.py:163} INFO - Started process (PID=305) to work on /home/airflow/.local/lib/python3.8/site-packages/airflow/example_dags/example_branch_labels.py
[2023-11-04 14:07:20,581] {processor.py:642} INFO - Processing file /home/airflow/.local/lib/python3.8/site-packages/airflow/example_dags/example_branch_labels.py for tasks to queue
[2023-11-04 14:07:20,583] {logging_mixin.py:109} INFO - [2023-11-04 14:07:20,583] {dagbag.py:500} INFO - Filling up the DagBag from /home/airflow/.local/lib/python3.8/site-packages/airflow/example_dags/example_branch_labels.py
[2023-11-04 14:07:20,647] {processor.py:654} INFO - DAG(s) dict_keys(['example_branch_labels']) retrieved from /home/airflow/.local/lib/python3.8/site-packages/airflow/example_dags/example_branch_labels.py
[2023-11-04 14:07:20,661] {logging_mixin.py:109} INFO - [2023-11-04 14:07:20,660] {dag.py:2398} INFO - Sync 1 DAGs
[2023-11-04 14:07:20,683] {logging_mixin.py:109} INFO - [2023-11-04 14:07:20,683] {dag.py:2937} INFO - Setting next_dagrun for example_branch_labels to 2023-11-03 00:00:00+00:00
[2023-11-04 14:07:20,697] {processor.py:171} INFO - Processing /home/airflow/.local/lib/python3.8/site-packages/airflow/example_dags/example_branch_labels.py took 0.125 seconds
[2023-11-04 14:07:51,391] {processor.py:163} INFO - Started process (PID=353) to work on /home/airflow/.local/lib/python3.8/site-packages/airflow/example_dags/example_branch_labels.py
[2023-11-04 14:07:51,393] {processor.py:642} INFO - Processing file /home/airflow/.local/lib/python3.8/site-packages/airflow/example_dags/example_branch_labels.py for tasks to queue
[2023-11-04 14:07:51,394] {logging_mixin.py:109} INFO - [2023-11-04 14:07:51,394] {dagbag.py:500} INFO - Filling up the DagBag from /home/airflow/.local/lib/python3.8/site-packages/airflow/example_dags/example_branch_labels.py
[2023-11-04 14:07:51,437] {processor.py:654} INFO - DAG(s) dict_keys(['example_branch_labels']) retrieved from /home/airflow/.local/lib/python3.8/site-packages/airflow/example_dags/example_branch_labels.py
[2023-11-04 14:07:51,452] {logging_mixin.py:109} INFO - [2023-11-04 14:07:51,452] {dag.py:2398} INFO - Sync 1 DAGs
[2023-11-04 14:07:51,474] {logging_mixin.py:109} INFO - [2023-11-04 14:07:51,473] {dag.py:2937} INFO - Setting next_dagrun for example_branch_labels to 2023-11-03 00:00:00+00:00
[2023-11-04 14:07:51,485] {processor.py:171} INFO - Processing /home/airflow/.local/lib/python3.8/site-packages/airflow/example_dags/example_branch_labels.py took 0.099 seconds
[2023-11-04 14:08:22,273] {processor.py:163} INFO - Started process (PID=410) to work on /home/airflow/.local/lib/python3.8/site-packages/airflow/example_dags/example_branch_labels.py
[2023-11-04 14:08:22,275] {processor.py:642} INFO - Processing file /home/airflow/.local/lib/python3.8/site-packages/airflow/example_dags/example_branch_labels.py for tasks to queue
[2023-11-04 14:08:22,277] {logging_mixin.py:109} INFO - [2023-11-04 14:08:22,277] {dagbag.py:500} INFO - Filling up the DagBag from /home/airflow/.local/lib/python3.8/site-packages/airflow/example_dags/example_branch_labels.py
[2023-11-04 14:08:22,324] {processor.py:654} INFO - DAG(s) dict_keys(['example_branch_labels']) retrieved from /home/airflow/.local/lib/python3.8/site-packages/airflow/example_dags/example_branch_labels.py
[2023-11-04 14:08:22,340] {logging_mixin.py:109} INFO - [2023-11-04 14:08:22,340] {dag.py:2398} INFO - Sync 1 DAGs
[2023-11-04 14:08:22,369] {logging_mixin.py:109} INFO - [2023-11-04 14:08:22,369] {dag.py:2937} INFO - Setting next_dagrun for example_branch_labels to 2023-11-03 00:00:00+00:00
[2023-11-04 14:08:22,383] {processor.py:171} INFO - Processing /home/airflow/.local/lib/python3.8/site-packages/airflow/example_dags/example_branch_labels.py took 0.114 seconds
[2023-11-04 14:08:52,610] {processor.py:163} INFO - Started process (PID=459) to work on /home/airflow/.local/lib/python3.8/site-packages/airflow/example_dags/example_branch_labels.py
[2023-11-04 14:08:52,613] {processor.py:642} INFO - Processing file /home/airflow/.local/lib/python3.8/site-packages/airflow/example_dags/example_branch_labels.py for tasks to queue
[2023-11-04 14:08:52,615] {logging_mixin.py:109} INFO - [2023-11-04 14:08:52,614] {dagbag.py:500} INFO - Filling up the DagBag from /home/airflow/.local/lib/python3.8/site-packages/airflow/example_dags/example_branch_labels.py
[2023-11-04 14:08:52,669] {processor.py:654} INFO - DAG(s) dict_keys(['example_branch_labels']) retrieved from /home/airflow/.local/lib/python3.8/site-packages/airflow/example_dags/example_branch_labels.py
[2023-11-04 14:08:52,686] {logging_mixin.py:109} INFO - [2023-11-04 14:08:52,686] {dag.py:2398} INFO - Sync 1 DAGs
[2023-11-04 14:08:52,715] {logging_mixin.py:109} INFO - [2023-11-04 14:08:52,715] {dag.py:2937} INFO - Setting next_dagrun for example_branch_labels to 2023-11-03 00:00:00+00:00
[2023-11-04 14:08:52,729] {processor.py:171} INFO - Processing /home/airflow/.local/lib/python3.8/site-packages/airflow/example_dags/example_branch_labels.py took 0.125 seconds
[2023-11-04 14:09:23,166] {processor.py:163} INFO - Started process (PID=515) to work on /home/airflow/.local/lib/python3.8/site-packages/airflow/example_dags/example_branch_labels.py
[2023-11-04 14:09:23,168] {processor.py:642} INFO - Processing file /home/airflow/.local/lib/python3.8/site-packages/airflow/example_dags/example_branch_labels.py for tasks to queue
[2023-11-04 14:09:23,170] {logging_mixin.py:109} INFO - [2023-11-04 14:09:23,170] {dagbag.py:500} INFO - Filling up the DagBag from /home/airflow/.local/lib/python3.8/site-packages/airflow/example_dags/example_branch_labels.py
[2023-11-04 14:09:23,220] {processor.py:654} INFO - DAG(s) dict_keys(['example_branch_labels']) retrieved from /home/airflow/.local/lib/python3.8/site-packages/airflow/example_dags/example_branch_labels.py
[2023-11-04 14:09:23,236] {logging_mixin.py:109} INFO - [2023-11-04 14:09:23,236] {dag.py:2398} INFO - Sync 1 DAGs
[2023-11-04 14:09:23,265] {logging_mixin.py:109} INFO - [2023-11-04 14:09:23,264] {dag.py:2937} INFO - Setting next_dagrun for example_branch_labels to 2023-11-03 00:00:00+00:00
[2023-11-04 14:09:23,280] {processor.py:171} INFO - Processing /home/airflow/.local/lib/python3.8/site-packages/airflow/example_dags/example_branch_labels.py took 0.120 seconds
[2023-11-04 14:09:54,410] {processor.py:163} INFO - Started process (PID=565) to work on /home/airflow/.local/lib/python3.8/site-packages/airflow/example_dags/example_branch_labels.py
[2023-11-04 14:09:54,413] {processor.py:642} INFO - Processing file /home/airflow/.local/lib/python3.8/site-packages/airflow/example_dags/example_branch_labels.py for tasks to queue
[2023-11-04 14:09:54,414] {logging_mixin.py:109} INFO - [2023-11-04 14:09:54,414] {dagbag.py:500} INFO - Filling up the DagBag from /home/airflow/.local/lib/python3.8/site-packages/airflow/example_dags/example_branch_labels.py
[2023-11-04 14:09:54,464] {processor.py:654} INFO - DAG(s) dict_keys(['example_branch_labels']) retrieved from /home/airflow/.local/lib/python3.8/site-packages/airflow/example_dags/example_branch_labels.py
[2023-11-04 14:09:54,478] {logging_mixin.py:109} INFO - [2023-11-04 14:09:54,478] {dag.py:2398} INFO - Sync 1 DAGs
[2023-11-04 14:09:54,501] {logging_mixin.py:109} INFO - [2023-11-04 14:09:54,500] {dag.py:2937} INFO - Setting next_dagrun for example_branch_labels to 2023-11-03 00:00:00+00:00
[2023-11-04 14:09:54,512] {processor.py:171} INFO - Processing /home/airflow/.local/lib/python3.8/site-packages/airflow/example_dags/example_branch_labels.py took 0.108 seconds
[2023-11-04 14:10:25,621] {processor.py:163} INFO - Started process (PID=614) to work on /home/airflow/.local/lib/python3.8/site-packages/airflow/example_dags/example_branch_labels.py
[2023-11-04 14:10:25,624] {processor.py:642} INFO - Processing file /home/airflow/.local/lib/python3.8/site-packages/airflow/example_dags/example_branch_labels.py for tasks to queue
[2023-11-04 14:10:25,625] {logging_mixin.py:109} INFO - [2023-11-04 14:10:25,625] {dagbag.py:500} INFO - Filling up the DagBag from /home/airflow/.local/lib/python3.8/site-packages/airflow/example_dags/example_branch_labels.py
[2023-11-04 14:10:25,667] {processor.py:654} INFO - DAG(s) dict_keys(['example_branch_labels']) retrieved from /home/airflow/.local/lib/python3.8/site-packages/airflow/example_dags/example_branch_labels.py
[2023-11-04 14:10:25,681] {logging_mixin.py:109} INFO - [2023-11-04 14:10:25,681] {dag.py:2398} INFO - Sync 1 DAGs
[2023-11-04 14:10:25,702] {logging_mixin.py:109} INFO - [2023-11-04 14:10:25,702] {dag.py:2937} INFO - Setting next_dagrun for example_branch_labels to 2023-11-03 00:00:00+00:00
[2023-11-04 14:10:25,713] {processor.py:171} INFO - Processing /home/airflow/.local/lib/python3.8/site-packages/airflow/example_dags/example_branch_labels.py took 0.097 seconds
[2023-11-04 14:11:49,728] {processor.py:163} INFO - Started process (PID=46) to work on /home/airflow/.local/lib/python3.8/site-packages/airflow/example_dags/example_branch_labels.py
[2023-11-04 14:11:49,731] {processor.py:642} INFO - Processing file /home/airflow/.local/lib/python3.8/site-packages/airflow/example_dags/example_branch_labels.py for tasks to queue
[2023-11-04 14:11:49,733] {logging_mixin.py:109} INFO - [2023-11-04 14:11:49,733] {dagbag.py:500} INFO - Filling up the DagBag from /home/airflow/.local/lib/python3.8/site-packages/airflow/example_dags/example_branch_labels.py
[2023-11-04 14:11:49,807] {processor.py:654} INFO - DAG(s) dict_keys(['example_branch_labels']) retrieved from /home/airflow/.local/lib/python3.8/site-packages/airflow/example_dags/example_branch_labels.py
[2023-11-04 14:11:49,827] {logging_mixin.py:109} INFO - [2023-11-04 14:11:49,827] {dag.py:2398} INFO - Sync 1 DAGs
[2023-11-04 14:11:49,851] {logging_mixin.py:109} INFO - [2023-11-04 14:11:49,851] {dag.py:2937} INFO - Setting next_dagrun for example_branch_labels to 2023-11-03 00:00:00+00:00
[2023-11-04 14:11:49,864] {processor.py:171} INFO - Processing /home/airflow/.local/lib/python3.8/site-packages/airflow/example_dags/example_branch_labels.py took 0.144 seconds
[2023-11-04 14:12:20,424] {processor.py:163} INFO - Started process (PID=94) to work on /home/airflow/.local/lib/python3.8/site-packages/airflow/example_dags/example_branch_labels.py
[2023-11-04 14:12:20,427] {processor.py:642} INFO - Processing file /home/airflow/.local/lib/python3.8/site-packages/airflow/example_dags/example_branch_labels.py for tasks to queue
[2023-11-04 14:12:20,429] {logging_mixin.py:109} INFO - [2023-11-04 14:12:20,429] {dagbag.py:500} INFO - Filling up the DagBag from /home/airflow/.local/lib/python3.8/site-packages/airflow/example_dags/example_branch_labels.py
[2023-11-04 14:12:20,474] {processor.py:654} INFO - DAG(s) dict_keys(['example_branch_labels']) retrieved from /home/airflow/.local/lib/python3.8/site-packages/airflow/example_dags/example_branch_labels.py
[2023-11-04 14:12:20,490] {logging_mixin.py:109} INFO - [2023-11-04 14:12:20,490] {dag.py:2398} INFO - Sync 1 DAGs
[2023-11-04 14:12:20,514] {logging_mixin.py:109} INFO - [2023-11-04 14:12:20,514] {dag.py:2937} INFO - Setting next_dagrun for example_branch_labels to 2023-11-03 00:00:00+00:00
[2023-11-04 14:12:20,526] {processor.py:171} INFO - Processing /home/airflow/.local/lib/python3.8/site-packages/airflow/example_dags/example_branch_labels.py took 0.107 seconds
[2023-11-04 14:12:51,766] {processor.py:163} INFO - Started process (PID=151) to work on /home/airflow/.local/lib/python3.8/site-packages/airflow/example_dags/example_branch_labels.py
[2023-11-04 14:12:51,768] {processor.py:642} INFO - Processing file /home/airflow/.local/lib/python3.8/site-packages/airflow/example_dags/example_branch_labels.py for tasks to queue
[2023-11-04 14:12:51,769] {logging_mixin.py:109} INFO - [2023-11-04 14:12:51,769] {dagbag.py:500} INFO - Filling up the DagBag from /home/airflow/.local/lib/python3.8/site-packages/airflow/example_dags/example_branch_labels.py
[2023-11-04 14:12:51,829] {processor.py:654} INFO - DAG(s) dict_keys(['example_branch_labels']) retrieved from /home/airflow/.local/lib/python3.8/site-packages/airflow/example_dags/example_branch_labels.py
[2023-11-04 14:12:51,845] {logging_mixin.py:109} INFO - [2023-11-04 14:12:51,844] {dag.py:2398} INFO - Sync 1 DAGs
[2023-11-04 14:12:51,866] {logging_mixin.py:109} INFO - [2023-11-04 14:12:51,866] {dag.py:2937} INFO - Setting next_dagrun for example_branch_labels to 2023-11-03 00:00:00+00:00
[2023-11-04 14:12:51,879] {processor.py:171} INFO - Processing /home/airflow/.local/lib/python3.8/site-packages/airflow/example_dags/example_branch_labels.py took 0.121 seconds
[2023-11-04 14:13:22,054] {processor.py:163} INFO - Started process (PID=200) to work on /home/airflow/.local/lib/python3.8/site-packages/airflow/example_dags/example_branch_labels.py
[2023-11-04 14:13:22,056] {processor.py:642} INFO - Processing file /home/airflow/.local/lib/python3.8/site-packages/airflow/example_dags/example_branch_labels.py for tasks to queue
[2023-11-04 14:13:22,058] {logging_mixin.py:109} INFO - [2023-11-04 14:13:22,058] {dagbag.py:500} INFO - Filling up the DagBag from /home/airflow/.local/lib/python3.8/site-packages/airflow/example_dags/example_branch_labels.py
[2023-11-04 14:13:22,103] {processor.py:654} INFO - DAG(s) dict_keys(['example_branch_labels']) retrieved from /home/airflow/.local/lib/python3.8/site-packages/airflow/example_dags/example_branch_labels.py
[2023-11-04 14:13:22,119] {logging_mixin.py:109} INFO - [2023-11-04 14:13:22,119] {dag.py:2398} INFO - Sync 1 DAGs
[2023-11-04 14:13:22,144] {logging_mixin.py:109} INFO - [2023-11-04 14:13:22,143] {dag.py:2937} INFO - Setting next_dagrun for example_branch_labels to 2023-11-03 00:00:00+00:00
[2023-11-04 14:13:22,156] {processor.py:171} INFO - Processing /home/airflow/.local/lib/python3.8/site-packages/airflow/example_dags/example_branch_labels.py took 0.107 seconds
[2023-11-04 14:13:52,617] {processor.py:163} INFO - Started process (PID=258) to work on /home/airflow/.local/lib/python3.8/site-packages/airflow/example_dags/example_branch_labels.py
[2023-11-04 14:13:52,619] {processor.py:642} INFO - Processing file /home/airflow/.local/lib/python3.8/site-packages/airflow/example_dags/example_branch_labels.py for tasks to queue
[2023-11-04 14:13:52,621] {logging_mixin.py:109} INFO - [2023-11-04 14:13:52,621] {dagbag.py:500} INFO - Filling up the DagBag from /home/airflow/.local/lib/python3.8/site-packages/airflow/example_dags/example_branch_labels.py
[2023-11-04 14:13:52,671] {processor.py:654} INFO - DAG(s) dict_keys(['example_branch_labels']) retrieved from /home/airflow/.local/lib/python3.8/site-packages/airflow/example_dags/example_branch_labels.py
[2023-11-04 14:13:52,687] {logging_mixin.py:109} INFO - [2023-11-04 14:13:52,687] {dag.py:2398} INFO - Sync 1 DAGs
[2023-11-04 14:13:52,712] {logging_mixin.py:109} INFO - [2023-11-04 14:13:52,711] {dag.py:2937} INFO - Setting next_dagrun for example_branch_labels to 2023-11-03 00:00:00+00:00
[2023-11-04 14:13:52,731] {processor.py:171} INFO - Processing /home/airflow/.local/lib/python3.8/site-packages/airflow/example_dags/example_branch_labels.py took 0.119 seconds
[2023-11-04 14:14:23,264] {processor.py:163} INFO - Started process (PID=307) to work on /home/airflow/.local/lib/python3.8/site-packages/airflow/example_dags/example_branch_labels.py
[2023-11-04 14:14:23,267] {processor.py:642} INFO - Processing file /home/airflow/.local/lib/python3.8/site-packages/airflow/example_dags/example_branch_labels.py for tasks to queue
[2023-11-04 14:14:23,269] {logging_mixin.py:109} INFO - [2023-11-04 14:14:23,269] {dagbag.py:500} INFO - Filling up the DagBag from /home/airflow/.local/lib/python3.8/site-packages/airflow/example_dags/example_branch_labels.py
[2023-11-04 14:14:23,316] {processor.py:654} INFO - DAG(s) dict_keys(['example_branch_labels']) retrieved from /home/airflow/.local/lib/python3.8/site-packages/airflow/example_dags/example_branch_labels.py
[2023-11-04 14:14:23,332] {logging_mixin.py:109} INFO - [2023-11-04 14:14:23,332] {dag.py:2398} INFO - Sync 1 DAGs
[2023-11-04 14:14:23,355] {logging_mixin.py:109} INFO - [2023-11-04 14:14:23,355] {dag.py:2937} INFO - Setting next_dagrun for example_branch_labels to 2023-11-03 00:00:00+00:00
[2023-11-04 14:14:23,366] {processor.py:171} INFO - Processing /home/airflow/.local/lib/python3.8/site-packages/airflow/example_dags/example_branch_labels.py took 0.107 seconds
[2023-11-04 14:14:53,966] {processor.py:163} INFO - Started process (PID=356) to work on /home/airflow/.local/lib/python3.8/site-packages/airflow/example_dags/example_branch_labels.py
[2023-11-04 14:14:53,969] {processor.py:642} INFO - Processing file /home/airflow/.local/lib/python3.8/site-packages/airflow/example_dags/example_branch_labels.py for tasks to queue
[2023-11-04 14:14:53,971] {logging_mixin.py:109} INFO - [2023-11-04 14:14:53,970] {dagbag.py:500} INFO - Filling up the DagBag from /home/airflow/.local/lib/python3.8/site-packages/airflow/example_dags/example_branch_labels.py
[2023-11-04 14:14:54,015] {processor.py:654} INFO - DAG(s) dict_keys(['example_branch_labels']) retrieved from /home/airflow/.local/lib/python3.8/site-packages/airflow/example_dags/example_branch_labels.py
[2023-11-04 14:14:54,030] {logging_mixin.py:109} INFO - [2023-11-04 14:14:54,030] {dag.py:2398} INFO - Sync 1 DAGs
[2023-11-04 14:14:54,053] {logging_mixin.py:109} INFO - [2023-11-04 14:14:54,053] {dag.py:2937} INFO - Setting next_dagrun for example_branch_labels to 2023-11-03 00:00:00+00:00
[2023-11-04 14:14:54,065] {processor.py:171} INFO - Processing /home/airflow/.local/lib/python3.8/site-packages/airflow/example_dags/example_branch_labels.py took 0.104 seconds
[2023-11-04 14:15:24,685] {processor.py:163} INFO - Started process (PID=413) to work on /home/airflow/.local/lib/python3.8/site-packages/airflow/example_dags/example_branch_labels.py
[2023-11-04 14:15:24,688] {processor.py:642} INFO - Processing file /home/airflow/.local/lib/python3.8/site-packages/airflow/example_dags/example_branch_labels.py for tasks to queue
[2023-11-04 14:15:24,689] {logging_mixin.py:109} INFO - [2023-11-04 14:15:24,689] {dagbag.py:500} INFO - Filling up the DagBag from /home/airflow/.local/lib/python3.8/site-packages/airflow/example_dags/example_branch_labels.py
[2023-11-04 14:15:24,738] {processor.py:654} INFO - DAG(s) dict_keys(['example_branch_labels']) retrieved from /home/airflow/.local/lib/python3.8/site-packages/airflow/example_dags/example_branch_labels.py
[2023-11-04 14:15:24,754] {logging_mixin.py:109} INFO - [2023-11-04 14:15:24,754] {dag.py:2398} INFO - Sync 1 DAGs
[2023-11-04 14:15:24,786] {logging_mixin.py:109} INFO - [2023-11-04 14:15:24,786] {dag.py:2937} INFO - Setting next_dagrun for example_branch_labels to 2023-11-03 00:00:00+00:00
[2023-11-04 14:15:24,800] {processor.py:171} INFO - Processing /home/airflow/.local/lib/python3.8/site-packages/airflow/example_dags/example_branch_labels.py took 0.120 seconds
[2023-11-04 14:15:55,180] {processor.py:163} INFO - Started process (PID=462) to work on /home/airflow/.local/lib/python3.8/site-packages/airflow/example_dags/example_branch_labels.py
[2023-11-04 14:15:55,183] {processor.py:642} INFO - Processing file /home/airflow/.local/lib/python3.8/site-packages/airflow/example_dags/example_branch_labels.py for tasks to queue
[2023-11-04 14:15:55,185] {logging_mixin.py:109} INFO - [2023-11-04 14:15:55,184] {dagbag.py:500} INFO - Filling up the DagBag from /home/airflow/.local/lib/python3.8/site-packages/airflow/example_dags/example_branch_labels.py
[2023-11-04 14:15:55,230] {processor.py:654} INFO - DAG(s) dict_keys(['example_branch_labels']) retrieved from /home/airflow/.local/lib/python3.8/site-packages/airflow/example_dags/example_branch_labels.py
[2023-11-04 14:15:55,247] {logging_mixin.py:109} INFO - [2023-11-04 14:15:55,247] {dag.py:2398} INFO - Sync 1 DAGs
[2023-11-04 14:15:55,269] {logging_mixin.py:109} INFO - [2023-11-04 14:15:55,269] {dag.py:2937} INFO - Setting next_dagrun for example_branch_labels to 2023-11-03 00:00:00+00:00
[2023-11-04 14:15:55,280] {processor.py:171} INFO - Processing /home/airflow/.local/lib/python3.8/site-packages/airflow/example_dags/example_branch_labels.py took 0.105 seconds
[2023-11-04 14:16:26,199] {processor.py:163} INFO - Started process (PID=511) to work on /home/airflow/.local/lib/python3.8/site-packages/airflow/example_dags/example_branch_labels.py
[2023-11-04 14:16:26,205] {processor.py:642} INFO - Processing file /home/airflow/.local/lib/python3.8/site-packages/airflow/example_dags/example_branch_labels.py for tasks to queue
[2023-11-04 14:16:26,208] {logging_mixin.py:109} INFO - [2023-11-04 14:16:26,208] {dagbag.py:500} INFO - Filling up the DagBag from /home/airflow/.local/lib/python3.8/site-packages/airflow/example_dags/example_branch_labels.py
[2023-11-04 14:16:26,261] {processor.py:654} INFO - DAG(s) dict_keys(['example_branch_labels']) retrieved from /home/airflow/.local/lib/python3.8/site-packages/airflow/example_dags/example_branch_labels.py
[2023-11-04 14:16:26,275] {logging_mixin.py:109} INFO - [2023-11-04 14:16:26,275] {dag.py:2398} INFO - Sync 1 DAGs
[2023-11-04 14:16:26,300] {logging_mixin.py:109} INFO - [2023-11-04 14:16:26,300] {dag.py:2937} INFO - Setting next_dagrun for example_branch_labels to 2023-11-03 00:00:00+00:00
[2023-11-04 14:16:26,311] {processor.py:171} INFO - Processing /home/airflow/.local/lib/python3.8/site-packages/airflow/example_dags/example_branch_labels.py took 0.118 seconds
[2023-11-04 14:16:56,984] {processor.py:163} INFO - Started process (PID=568) to work on /home/airflow/.local/lib/python3.8/site-packages/airflow/example_dags/example_branch_labels.py
[2023-11-04 14:16:56,987] {processor.py:642} INFO - Processing file /home/airflow/.local/lib/python3.8/site-packages/airflow/example_dags/example_branch_labels.py for tasks to queue
[2023-11-04 14:16:56,991] {logging_mixin.py:109} INFO - [2023-11-04 14:16:56,991] {dagbag.py:500} INFO - Filling up the DagBag from /home/airflow/.local/lib/python3.8/site-packages/airflow/example_dags/example_branch_labels.py
[2023-11-04 14:16:57,051] {processor.py:654} INFO - DAG(s) dict_keys(['example_branch_labels']) retrieved from /home/airflow/.local/lib/python3.8/site-packages/airflow/example_dags/example_branch_labels.py
[2023-11-04 14:16:57,074] {logging_mixin.py:109} INFO - [2023-11-04 14:16:57,073] {dag.py:2398} INFO - Sync 1 DAGs
[2023-11-04 14:16:57,107] {logging_mixin.py:109} INFO - [2023-11-04 14:16:57,107] {dag.py:2937} INFO - Setting next_dagrun for example_branch_labels to 2023-11-03 00:00:00+00:00
[2023-11-04 14:16:57,124] {processor.py:171} INFO - Processing /home/airflow/.local/lib/python3.8/site-packages/airflow/example_dags/example_branch_labels.py took 0.146 seconds
[2023-11-04 14:17:27,433] {processor.py:163} INFO - Started process (PID=617) to work on /home/airflow/.local/lib/python3.8/site-packages/airflow/example_dags/example_branch_labels.py
[2023-11-04 14:17:27,435] {processor.py:642} INFO - Processing file /home/airflow/.local/lib/python3.8/site-packages/airflow/example_dags/example_branch_labels.py for tasks to queue
[2023-11-04 14:17:27,436] {logging_mixin.py:109} INFO - [2023-11-04 14:17:27,436] {dagbag.py:500} INFO - Filling up the DagBag from /home/airflow/.local/lib/python3.8/site-packages/airflow/example_dags/example_branch_labels.py
[2023-11-04 14:17:27,480] {processor.py:654} INFO - DAG(s) dict_keys(['example_branch_labels']) retrieved from /home/airflow/.local/lib/python3.8/site-packages/airflow/example_dags/example_branch_labels.py
[2023-11-04 14:17:27,495] {logging_mixin.py:109} INFO - [2023-11-04 14:17:27,495] {dag.py:2398} INFO - Sync 1 DAGs
[2023-11-04 14:17:27,517] {logging_mixin.py:109} INFO - [2023-11-04 14:17:27,517] {dag.py:2937} INFO - Setting next_dagrun for example_branch_labels to 2023-11-03 00:00:00+00:00
[2023-11-04 14:17:27,526] {processor.py:171} INFO - Processing /home/airflow/.local/lib/python3.8/site-packages/airflow/example_dags/example_branch_labels.py took 0.099 seconds
[2023-11-04 14:17:58,815] {processor.py:163} INFO - Started process (PID=674) to work on /home/airflow/.local/lib/python3.8/site-packages/airflow/example_dags/example_branch_labels.py
[2023-11-04 14:17:58,823] {processor.py:642} INFO - Processing file /home/airflow/.local/lib/python3.8/site-packages/airflow/example_dags/example_branch_labels.py for tasks to queue
[2023-11-04 14:17:58,826] {logging_mixin.py:109} INFO - [2023-11-04 14:17:58,826] {dagbag.py:500} INFO - Filling up the DagBag from /home/airflow/.local/lib/python3.8/site-packages/airflow/example_dags/example_branch_labels.py
[2023-11-04 14:17:58,892] {processor.py:654} INFO - DAG(s) dict_keys(['example_branch_labels']) retrieved from /home/airflow/.local/lib/python3.8/site-packages/airflow/example_dags/example_branch_labels.py
[2023-11-04 14:17:58,917] {logging_mixin.py:109} INFO - [2023-11-04 14:17:58,916] {dag.py:2398} INFO - Sync 1 DAGs
[2023-11-04 14:17:58,954] {logging_mixin.py:109} INFO - [2023-11-04 14:17:58,954] {dag.py:2937} INFO - Setting next_dagrun for example_branch_labels to 2023-11-03 00:00:00+00:00
[2023-11-04 14:17:58,971] {processor.py:171} INFO - Processing /home/airflow/.local/lib/python3.8/site-packages/airflow/example_dags/example_branch_labels.py took 0.170 seconds
[2023-11-04 14:18:29,883] {processor.py:163} INFO - Started process (PID=723) to work on /home/airflow/.local/lib/python3.8/site-packages/airflow/example_dags/example_branch_labels.py
[2023-11-04 14:18:29,886] {processor.py:642} INFO - Processing file /home/airflow/.local/lib/python3.8/site-packages/airflow/example_dags/example_branch_labels.py for tasks to queue
[2023-11-04 14:18:29,887] {logging_mixin.py:109} INFO - [2023-11-04 14:18:29,887] {dagbag.py:500} INFO - Filling up the DagBag from /home/airflow/.local/lib/python3.8/site-packages/airflow/example_dags/example_branch_labels.py
[2023-11-04 14:18:29,932] {processor.py:654} INFO - DAG(s) dict_keys(['example_branch_labels']) retrieved from /home/airflow/.local/lib/python3.8/site-packages/airflow/example_dags/example_branch_labels.py
[2023-11-04 14:18:29,947] {logging_mixin.py:109} INFO - [2023-11-04 14:18:29,947] {dag.py:2398} INFO - Sync 1 DAGs
[2023-11-04 14:18:29,969] {logging_mixin.py:109} INFO - [2023-11-04 14:18:29,969] {dag.py:2937} INFO - Setting next_dagrun for example_branch_labels to 2023-11-03 00:00:00+00:00
[2023-11-04 14:18:29,980] {processor.py:171} INFO - Processing /home/airflow/.local/lib/python3.8/site-packages/airflow/example_dags/example_branch_labels.py took 0.101 seconds
[2023-11-04 14:19:01,128] {processor.py:163} INFO - Started process (PID=772) to work on /home/airflow/.local/lib/python3.8/site-packages/airflow/example_dags/example_branch_labels.py
[2023-11-04 14:19:01,131] {processor.py:642} INFO - Processing file /home/airflow/.local/lib/python3.8/site-packages/airflow/example_dags/example_branch_labels.py for tasks to queue
[2023-11-04 14:19:01,133] {logging_mixin.py:109} INFO - [2023-11-04 14:19:01,133] {dagbag.py:500} INFO - Filling up the DagBag from /home/airflow/.local/lib/python3.8/site-packages/airflow/example_dags/example_branch_labels.py
[2023-11-04 14:19:01,180] {processor.py:654} INFO - DAG(s) dict_keys(['example_branch_labels']) retrieved from /home/airflow/.local/lib/python3.8/site-packages/airflow/example_dags/example_branch_labels.py
[2023-11-04 14:19:01,203] {logging_mixin.py:109} INFO - [2023-11-04 14:19:01,202] {dag.py:2398} INFO - Sync 1 DAGs
[2023-11-04 14:19:01,230] {logging_mixin.py:109} INFO - [2023-11-04 14:19:01,230] {dag.py:2937} INFO - Setting next_dagrun for example_branch_labels to 2023-11-03 00:00:00+00:00
[2023-11-04 14:19:01,240] {processor.py:171} INFO - Processing /home/airflow/.local/lib/python3.8/site-packages/airflow/example_dags/example_branch_labels.py took 0.117 seconds
[2023-11-04 14:19:32,298] {processor.py:163} INFO - Started process (PID=829) to work on /home/airflow/.local/lib/python3.8/site-packages/airflow/example_dags/example_branch_labels.py
[2023-11-04 14:19:32,300] {processor.py:642} INFO - Processing file /home/airflow/.local/lib/python3.8/site-packages/airflow/example_dags/example_branch_labels.py for tasks to queue
[2023-11-04 14:19:32,302] {logging_mixin.py:109} INFO - [2023-11-04 14:19:32,302] {dagbag.py:500} INFO - Filling up the DagBag from /home/airflow/.local/lib/python3.8/site-packages/airflow/example_dags/example_branch_labels.py
[2023-11-04 14:19:32,346] {processor.py:654} INFO - DAG(s) dict_keys(['example_branch_labels']) retrieved from /home/airflow/.local/lib/python3.8/site-packages/airflow/example_dags/example_branch_labels.py
[2023-11-04 14:19:32,361] {logging_mixin.py:109} INFO - [2023-11-04 14:19:32,361] {dag.py:2398} INFO - Sync 1 DAGs
[2023-11-04 14:19:32,385] {logging_mixin.py:109} INFO - [2023-11-04 14:19:32,385] {dag.py:2937} INFO - Setting next_dagrun for example_branch_labels to 2023-11-03 00:00:00+00:00
[2023-11-04 14:19:32,398] {processor.py:171} INFO - Processing /home/airflow/.local/lib/python3.8/site-packages/airflow/example_dags/example_branch_labels.py took 0.105 seconds
[2023-11-04 14:20:02,960] {processor.py:163} INFO - Started process (PID=878) to work on /home/airflow/.local/lib/python3.8/site-packages/airflow/example_dags/example_branch_labels.py
[2023-11-04 14:20:02,962] {processor.py:642} INFO - Processing file /home/airflow/.local/lib/python3.8/site-packages/airflow/example_dags/example_branch_labels.py for tasks to queue
[2023-11-04 14:20:02,964] {logging_mixin.py:109} INFO - [2023-11-04 14:20:02,964] {dagbag.py:500} INFO - Filling up the DagBag from /home/airflow/.local/lib/python3.8/site-packages/airflow/example_dags/example_branch_labels.py
[2023-11-04 14:20:03,011] {processor.py:654} INFO - DAG(s) dict_keys(['example_branch_labels']) retrieved from /home/airflow/.local/lib/python3.8/site-packages/airflow/example_dags/example_branch_labels.py
[2023-11-04 14:20:03,026] {logging_mixin.py:109} INFO - [2023-11-04 14:20:03,026] {dag.py:2398} INFO - Sync 1 DAGs
[2023-11-04 14:20:03,048] {logging_mixin.py:109} INFO - [2023-11-04 14:20:03,048] {dag.py:2937} INFO - Setting next_dagrun for example_branch_labels to 2023-11-03 00:00:00+00:00
[2023-11-04 14:20:03,059] {processor.py:171} INFO - Processing /home/airflow/.local/lib/python3.8/site-packages/airflow/example_dags/example_branch_labels.py took 0.105 seconds
[2023-11-04 14:20:33,352] {processor.py:163} INFO - Started process (PID=929) to work on /home/airflow/.local/lib/python3.8/site-packages/airflow/example_dags/example_branch_labels.py
[2023-11-04 14:20:33,354] {processor.py:642} INFO - Processing file /home/airflow/.local/lib/python3.8/site-packages/airflow/example_dags/example_branch_labels.py for tasks to queue
[2023-11-04 14:20:33,356] {logging_mixin.py:109} INFO - [2023-11-04 14:20:33,356] {dagbag.py:500} INFO - Filling up the DagBag from /home/airflow/.local/lib/python3.8/site-packages/airflow/example_dags/example_branch_labels.py
[2023-11-04 14:20:33,402] {processor.py:654} INFO - DAG(s) dict_keys(['example_branch_labels']) retrieved from /home/airflow/.local/lib/python3.8/site-packages/airflow/example_dags/example_branch_labels.py
[2023-11-04 14:20:33,417] {logging_mixin.py:109} INFO - [2023-11-04 14:20:33,417] {dag.py:2398} INFO - Sync 1 DAGs
[2023-11-04 14:20:33,446] {logging_mixin.py:109} INFO - [2023-11-04 14:20:33,446] {dag.py:2937} INFO - Setting next_dagrun for example_branch_labels to 2023-11-03 00:00:00+00:00
[2023-11-04 14:20:33,459] {processor.py:171} INFO - Processing /home/airflow/.local/lib/python3.8/site-packages/airflow/example_dags/example_branch_labels.py took 0.113 seconds
[2023-11-04 14:21:03,982] {processor.py:163} INFO - Started process (PID=986) to work on /home/airflow/.local/lib/python3.8/site-packages/airflow/example_dags/example_branch_labels.py
[2023-11-04 14:21:03,985] {processor.py:642} INFO - Processing file /home/airflow/.local/lib/python3.8/site-packages/airflow/example_dags/example_branch_labels.py for tasks to queue
[2023-11-04 14:21:03,986] {logging_mixin.py:109} INFO - [2023-11-04 14:21:03,986] {dagbag.py:500} INFO - Filling up the DagBag from /home/airflow/.local/lib/python3.8/site-packages/airflow/example_dags/example_branch_labels.py
[2023-11-04 14:21:04,031] {processor.py:654} INFO - DAG(s) dict_keys(['example_branch_labels']) retrieved from /home/airflow/.local/lib/python3.8/site-packages/airflow/example_dags/example_branch_labels.py
[2023-11-04 14:21:04,045] {logging_mixin.py:109} INFO - [2023-11-04 14:21:04,045] {dag.py:2398} INFO - Sync 1 DAGs
[2023-11-04 14:21:04,067] {logging_mixin.py:109} INFO - [2023-11-04 14:21:04,067] {dag.py:2937} INFO - Setting next_dagrun for example_branch_labels to 2023-11-03 00:00:00+00:00
[2023-11-04 14:21:04,079] {processor.py:171} INFO - Processing /home/airflow/.local/lib/python3.8/site-packages/airflow/example_dags/example_branch_labels.py took 0.102 seconds
[2023-11-04 14:21:35,376] {processor.py:163} INFO - Started process (PID=1037) to work on /home/airflow/.local/lib/python3.8/site-packages/airflow/example_dags/example_branch_labels.py
[2023-11-04 14:21:35,379] {processor.py:642} INFO - Processing file /home/airflow/.local/lib/python3.8/site-packages/airflow/example_dags/example_branch_labels.py for tasks to queue
[2023-11-04 14:21:35,380] {logging_mixin.py:109} INFO - [2023-11-04 14:21:35,380] {dagbag.py:500} INFO - Filling up the DagBag from /home/airflow/.local/lib/python3.8/site-packages/airflow/example_dags/example_branch_labels.py
[2023-11-04 14:21:35,424] {processor.py:654} INFO - DAG(s) dict_keys(['example_branch_labels']) retrieved from /home/airflow/.local/lib/python3.8/site-packages/airflow/example_dags/example_branch_labels.py
[2023-11-04 14:21:35,438] {logging_mixin.py:109} INFO - [2023-11-04 14:21:35,438] {dag.py:2398} INFO - Sync 1 DAGs
[2023-11-04 14:21:35,459] {logging_mixin.py:109} INFO - [2023-11-04 14:21:35,459] {dag.py:2937} INFO - Setting next_dagrun for example_branch_labels to 2023-11-03 00:00:00+00:00
[2023-11-04 14:21:35,469] {processor.py:171} INFO - Processing /home/airflow/.local/lib/python3.8/site-packages/airflow/example_dags/example_branch_labels.py took 0.098 seconds
[2023-11-04 14:22:06,604] {processor.py:163} INFO - Started process (PID=1094) to work on /home/airflow/.local/lib/python3.8/site-packages/airflow/example_dags/example_branch_labels.py
[2023-11-04 14:22:06,607] {processor.py:642} INFO - Processing file /home/airflow/.local/lib/python3.8/site-packages/airflow/example_dags/example_branch_labels.py for tasks to queue
[2023-11-04 14:22:06,608] {logging_mixin.py:109} INFO - [2023-11-04 14:22:06,608] {dagbag.py:500} INFO - Filling up the DagBag from /home/airflow/.local/lib/python3.8/site-packages/airflow/example_dags/example_branch_labels.py
[2023-11-04 14:22:06,674] {processor.py:654} INFO - DAG(s) dict_keys(['example_branch_labels']) retrieved from /home/airflow/.local/lib/python3.8/site-packages/airflow/example_dags/example_branch_labels.py
[2023-11-04 14:22:06,694] {logging_mixin.py:109} INFO - [2023-11-04 14:22:06,694] {dag.py:2398} INFO - Sync 1 DAGs
[2023-11-04 14:22:06,721] {logging_mixin.py:109} INFO - [2023-11-04 14:22:06,721] {dag.py:2937} INFO - Setting next_dagrun for example_branch_labels to 2023-11-03 00:00:00+00:00
[2023-11-04 14:22:06,737] {processor.py:171} INFO - Processing /home/airflow/.local/lib/python3.8/site-packages/airflow/example_dags/example_branch_labels.py took 0.139 seconds
[2023-11-04 14:22:37,814] {processor.py:163} INFO - Started process (PID=1144) to work on /home/airflow/.local/lib/python3.8/site-packages/airflow/example_dags/example_branch_labels.py
[2023-11-04 14:22:37,816] {processor.py:642} INFO - Processing file /home/airflow/.local/lib/python3.8/site-packages/airflow/example_dags/example_branch_labels.py for tasks to queue
[2023-11-04 14:22:37,818] {logging_mixin.py:109} INFO - [2023-11-04 14:22:37,817] {dagbag.py:500} INFO - Filling up the DagBag from /home/airflow/.local/lib/python3.8/site-packages/airflow/example_dags/example_branch_labels.py
[2023-11-04 14:22:37,861] {processor.py:654} INFO - DAG(s) dict_keys(['example_branch_labels']) retrieved from /home/airflow/.local/lib/python3.8/site-packages/airflow/example_dags/example_branch_labels.py
[2023-11-04 14:22:37,876] {logging_mixin.py:109} INFO - [2023-11-04 14:22:37,876] {dag.py:2398} INFO - Sync 1 DAGs
[2023-11-04 14:22:37,899] {logging_mixin.py:109} INFO - [2023-11-04 14:22:37,898] {dag.py:2937} INFO - Setting next_dagrun for example_branch_labels to 2023-11-03 00:00:00+00:00
[2023-11-04 14:22:37,909] {processor.py:171} INFO - Processing /home/airflow/.local/lib/python3.8/site-packages/airflow/example_dags/example_branch_labels.py took 0.101 seconds
[2023-11-04 14:23:09,078] {processor.py:163} INFO - Started process (PID=1201) to work on /home/airflow/.local/lib/python3.8/site-packages/airflow/example_dags/example_branch_labels.py
[2023-11-04 14:23:09,081] {processor.py:642} INFO - Processing file /home/airflow/.local/lib/python3.8/site-packages/airflow/example_dags/example_branch_labels.py for tasks to queue
[2023-11-04 14:23:09,083] {logging_mixin.py:109} INFO - [2023-11-04 14:23:09,083] {dagbag.py:500} INFO - Filling up the DagBag from /home/airflow/.local/lib/python3.8/site-packages/airflow/example_dags/example_branch_labels.py
[2023-11-04 14:23:09,192] {processor.py:654} INFO - DAG(s) dict_keys(['example_branch_labels']) retrieved from /home/airflow/.local/lib/python3.8/site-packages/airflow/example_dags/example_branch_labels.py
[2023-11-04 14:23:09,223] {logging_mixin.py:109} INFO - [2023-11-04 14:23:09,223] {dag.py:2398} INFO - Sync 1 DAGs
[2023-11-04 14:23:09,251] {logging_mixin.py:109} INFO - [2023-11-04 14:23:09,251] {dag.py:2937} INFO - Setting next_dagrun for example_branch_labels to 2023-11-03 00:00:00+00:00
[2023-11-04 14:23:09,266] {processor.py:171} INFO - Processing /home/airflow/.local/lib/python3.8/site-packages/airflow/example_dags/example_branch_labels.py took 0.194 seconds
[2023-11-04 14:23:39,629] {processor.py:163} INFO - Started process (PID=1250) to work on /home/airflow/.local/lib/python3.8/site-packages/airflow/example_dags/example_branch_labels.py
[2023-11-04 14:23:39,632] {processor.py:642} INFO - Processing file /home/airflow/.local/lib/python3.8/site-packages/airflow/example_dags/example_branch_labels.py for tasks to queue
[2023-11-04 14:23:39,633] {logging_mixin.py:109} INFO - [2023-11-04 14:23:39,633] {dagbag.py:500} INFO - Filling up the DagBag from /home/airflow/.local/lib/python3.8/site-packages/airflow/example_dags/example_branch_labels.py
[2023-11-04 14:23:39,676] {processor.py:654} INFO - DAG(s) dict_keys(['example_branch_labels']) retrieved from /home/airflow/.local/lib/python3.8/site-packages/airflow/example_dags/example_branch_labels.py
[2023-11-04 14:23:39,690] {logging_mixin.py:109} INFO - [2023-11-04 14:23:39,690] {dag.py:2398} INFO - Sync 1 DAGs
[2023-11-04 14:23:39,712] {logging_mixin.py:109} INFO - [2023-11-04 14:23:39,712] {dag.py:2937} INFO - Setting next_dagrun for example_branch_labels to 2023-11-03 00:00:00+00:00
[2023-11-04 14:23:39,728] {processor.py:171} INFO - Processing /home/airflow/.local/lib/python3.8/site-packages/airflow/example_dags/example_branch_labels.py took 0.104 seconds
[2023-11-04 14:24:10,688] {processor.py:163} INFO - Started process (PID=1299) to work on /home/airflow/.local/lib/python3.8/site-packages/airflow/example_dags/example_branch_labels.py
[2023-11-04 14:24:10,690] {processor.py:642} INFO - Processing file /home/airflow/.local/lib/python3.8/site-packages/airflow/example_dags/example_branch_labels.py for tasks to queue
[2023-11-04 14:24:10,692] {logging_mixin.py:109} INFO - [2023-11-04 14:24:10,691] {dagbag.py:500} INFO - Filling up the DagBag from /home/airflow/.local/lib/python3.8/site-packages/airflow/example_dags/example_branch_labels.py
[2023-11-04 14:24:10,735] {processor.py:654} INFO - DAG(s) dict_keys(['example_branch_labels']) retrieved from /home/airflow/.local/lib/python3.8/site-packages/airflow/example_dags/example_branch_labels.py
[2023-11-04 14:24:10,749] {logging_mixin.py:109} INFO - [2023-11-04 14:24:10,749] {dag.py:2398} INFO - Sync 1 DAGs
[2023-11-04 14:24:10,771] {logging_mixin.py:109} INFO - [2023-11-04 14:24:10,770] {dag.py:2937} INFO - Setting next_dagrun for example_branch_labels to 2023-11-03 00:00:00+00:00
[2023-11-04 14:24:10,781] {processor.py:171} INFO - Processing /home/airflow/.local/lib/python3.8/site-packages/airflow/example_dags/example_branch_labels.py took 0.098 seconds
[2023-11-04 14:24:41,462] {processor.py:163} INFO - Started process (PID=1356) to work on /home/airflow/.local/lib/python3.8/site-packages/airflow/example_dags/example_branch_labels.py
[2023-11-04 14:24:41,465] {processor.py:642} INFO - Processing file /home/airflow/.local/lib/python3.8/site-packages/airflow/example_dags/example_branch_labels.py for tasks to queue
[2023-11-04 14:24:41,466] {logging_mixin.py:109} INFO - [2023-11-04 14:24:41,466] {dagbag.py:500} INFO - Filling up the DagBag from /home/airflow/.local/lib/python3.8/site-packages/airflow/example_dags/example_branch_labels.py
[2023-11-04 14:24:41,525] {processor.py:654} INFO - DAG(s) dict_keys(['example_branch_labels']) retrieved from /home/airflow/.local/lib/python3.8/site-packages/airflow/example_dags/example_branch_labels.py
[2023-11-04 14:24:41,540] {logging_mixin.py:109} INFO - [2023-11-04 14:24:41,539] {dag.py:2398} INFO - Sync 1 DAGs
[2023-11-04 14:24:41,563] {logging_mixin.py:109} INFO - [2023-11-04 14:24:41,563] {dag.py:2937} INFO - Setting next_dagrun for example_branch_labels to 2023-11-03 00:00:00+00:00
[2023-11-04 14:24:41,574] {processor.py:171} INFO - Processing /home/airflow/.local/lib/python3.8/site-packages/airflow/example_dags/example_branch_labels.py took 0.120 seconds
[2023-11-04 14:25:12,690] {processor.py:163} INFO - Started process (PID=1405) to work on /home/airflow/.local/lib/python3.8/site-packages/airflow/example_dags/example_branch_labels.py
[2023-11-04 14:25:12,693] {processor.py:642} INFO - Processing file /home/airflow/.local/lib/python3.8/site-packages/airflow/example_dags/example_branch_labels.py for tasks to queue
[2023-11-04 14:25:12,694] {logging_mixin.py:109} INFO - [2023-11-04 14:25:12,694] {dagbag.py:500} INFO - Filling up the DagBag from /home/airflow/.local/lib/python3.8/site-packages/airflow/example_dags/example_branch_labels.py
[2023-11-04 14:25:12,740] {processor.py:654} INFO - DAG(s) dict_keys(['example_branch_labels']) retrieved from /home/airflow/.local/lib/python3.8/site-packages/airflow/example_dags/example_branch_labels.py
[2023-11-04 14:25:12,755] {logging_mixin.py:109} INFO - [2023-11-04 14:25:12,755] {dag.py:2398} INFO - Sync 1 DAGs
[2023-11-04 14:25:12,785] {logging_mixin.py:109} INFO - [2023-11-04 14:25:12,785] {dag.py:2937} INFO - Setting next_dagrun for example_branch_labels to 2023-11-03 00:00:00+00:00
[2023-11-04 14:25:12,799] {processor.py:171} INFO - Processing /home/airflow/.local/lib/python3.8/site-packages/airflow/example_dags/example_branch_labels.py took 0.115 seconds
[2023-11-04 14:25:43,250] {processor.py:163} INFO - Started process (PID=1462) to work on /home/airflow/.local/lib/python3.8/site-packages/airflow/example_dags/example_branch_labels.py
[2023-11-04 14:25:43,253] {processor.py:642} INFO - Processing file /home/airflow/.local/lib/python3.8/site-packages/airflow/example_dags/example_branch_labels.py for tasks to queue
[2023-11-04 14:25:43,255] {logging_mixin.py:109} INFO - [2023-11-04 14:25:43,255] {dagbag.py:500} INFO - Filling up the DagBag from /home/airflow/.local/lib/python3.8/site-packages/airflow/example_dags/example_branch_labels.py
[2023-11-04 14:25:43,301] {processor.py:654} INFO - DAG(s) dict_keys(['example_branch_labels']) retrieved from /home/airflow/.local/lib/python3.8/site-packages/airflow/example_dags/example_branch_labels.py
[2023-11-04 14:25:43,320] {logging_mixin.py:109} INFO - [2023-11-04 14:25:43,320] {dag.py:2398} INFO - Sync 1 DAGs
[2023-11-04 14:25:43,358] {logging_mixin.py:109} INFO - [2023-11-04 14:25:43,358] {dag.py:2937} INFO - Setting next_dagrun for example_branch_labels to 2023-11-03 00:00:00+00:00
[2023-11-04 14:25:43,371] {processor.py:171} INFO - Processing /home/airflow/.local/lib/python3.8/site-packages/airflow/example_dags/example_branch_labels.py took 0.126 seconds
[2023-11-04 14:26:14,305] {processor.py:163} INFO - Started process (PID=1511) to work on /home/airflow/.local/lib/python3.8/site-packages/airflow/example_dags/example_branch_labels.py
[2023-11-04 14:26:14,308] {processor.py:642} INFO - Processing file /home/airflow/.local/lib/python3.8/site-packages/airflow/example_dags/example_branch_labels.py for tasks to queue
[2023-11-04 14:26:14,310] {logging_mixin.py:109} INFO - [2023-11-04 14:26:14,310] {dagbag.py:500} INFO - Filling up the DagBag from /home/airflow/.local/lib/python3.8/site-packages/airflow/example_dags/example_branch_labels.py
[2023-11-04 14:26:14,354] {processor.py:654} INFO - DAG(s) dict_keys(['example_branch_labels']) retrieved from /home/airflow/.local/lib/python3.8/site-packages/airflow/example_dags/example_branch_labels.py
[2023-11-04 14:26:14,368] {logging_mixin.py:109} INFO - [2023-11-04 14:26:14,368] {dag.py:2398} INFO - Sync 1 DAGs
[2023-11-04 14:26:14,391] {logging_mixin.py:109} INFO - [2023-11-04 14:26:14,391] {dag.py:2937} INFO - Setting next_dagrun for example_branch_labels to 2023-11-03 00:00:00+00:00
[2023-11-04 14:26:14,403] {processor.py:171} INFO - Processing /home/airflow/.local/lib/python3.8/site-packages/airflow/example_dags/example_branch_labels.py took 0.104 seconds
[2023-11-04 14:28:08,994] {processor.py:163} INFO - Started process (PID=46) to work on /home/airflow/.local/lib/python3.8/site-packages/airflow/example_dags/example_branch_labels.py
[2023-11-04 14:28:08,997] {processor.py:642} INFO - Processing file /home/airflow/.local/lib/python3.8/site-packages/airflow/example_dags/example_branch_labels.py for tasks to queue
[2023-11-04 14:28:08,998] {logging_mixin.py:109} INFO - [2023-11-04 14:28:08,998] {dagbag.py:500} INFO - Filling up the DagBag from /home/airflow/.local/lib/python3.8/site-packages/airflow/example_dags/example_branch_labels.py
[2023-11-04 14:28:09,046] {processor.py:654} INFO - DAG(s) dict_keys(['example_branch_labels']) retrieved from /home/airflow/.local/lib/python3.8/site-packages/airflow/example_dags/example_branch_labels.py
[2023-11-04 14:28:09,060] {logging_mixin.py:109} INFO - [2023-11-04 14:28:09,060] {dag.py:2398} INFO - Sync 1 DAGs
[2023-11-04 14:28:09,082] {logging_mixin.py:109} INFO - [2023-11-04 14:28:09,082] {dag.py:2937} INFO - Setting next_dagrun for example_branch_labels to 2023-11-03 00:00:00+00:00
[2023-11-04 14:28:09,094] {processor.py:171} INFO - Processing /home/airflow/.local/lib/python3.8/site-packages/airflow/example_dags/example_branch_labels.py took 0.105 seconds
[2023-11-04 14:28:39,861] {processor.py:163} INFO - Started process (PID=96) to work on /home/airflow/.local/lib/python3.8/site-packages/airflow/example_dags/example_branch_labels.py
[2023-11-04 14:28:39,862] {processor.py:642} INFO - Processing file /home/airflow/.local/lib/python3.8/site-packages/airflow/example_dags/example_branch_labels.py for tasks to queue
[2023-11-04 14:28:39,865] {logging_mixin.py:109} INFO - [2023-11-04 14:28:39,864] {dagbag.py:500} INFO - Filling up the DagBag from /home/airflow/.local/lib/python3.8/site-packages/airflow/example_dags/example_branch_labels.py
[2023-11-04 14:28:39,909] {processor.py:654} INFO - DAG(s) dict_keys(['example_branch_labels']) retrieved from /home/airflow/.local/lib/python3.8/site-packages/airflow/example_dags/example_branch_labels.py
[2023-11-04 14:28:39,923] {logging_mixin.py:109} INFO - [2023-11-04 14:28:39,923] {dag.py:2398} INFO - Sync 1 DAGs
[2023-11-04 14:28:39,945] {logging_mixin.py:109} INFO - [2023-11-04 14:28:39,945] {dag.py:2937} INFO - Setting next_dagrun for example_branch_labels to 2023-11-03 00:00:00+00:00
[2023-11-04 14:28:39,955] {processor.py:171} INFO - Processing /home/airflow/.local/lib/python3.8/site-packages/airflow/example_dags/example_branch_labels.py took 0.100 seconds
[2023-11-04 14:29:10,400] {processor.py:163} INFO - Started process (PID=153) to work on /home/airflow/.local/lib/python3.8/site-packages/airflow/example_dags/example_branch_labels.py
[2023-11-04 14:29:10,403] {processor.py:642} INFO - Processing file /home/airflow/.local/lib/python3.8/site-packages/airflow/example_dags/example_branch_labels.py for tasks to queue
[2023-11-04 14:29:10,405] {logging_mixin.py:109} INFO - [2023-11-04 14:29:10,404] {dagbag.py:500} INFO - Filling up the DagBag from /home/airflow/.local/lib/python3.8/site-packages/airflow/example_dags/example_branch_labels.py
[2023-11-04 14:29:10,450] {processor.py:654} INFO - DAG(s) dict_keys(['example_branch_labels']) retrieved from /home/airflow/.local/lib/python3.8/site-packages/airflow/example_dags/example_branch_labels.py
[2023-11-04 14:29:10,467] {logging_mixin.py:109} INFO - [2023-11-04 14:29:10,467] {dag.py:2398} INFO - Sync 1 DAGs
[2023-11-04 14:29:10,490] {logging_mixin.py:109} INFO - [2023-11-04 14:29:10,490] {dag.py:2937} INFO - Setting next_dagrun for example_branch_labels to 2023-11-03 00:00:00+00:00
[2023-11-04 14:29:10,500] {processor.py:171} INFO - Processing /home/airflow/.local/lib/python3.8/site-packages/airflow/example_dags/example_branch_labels.py took 0.104 seconds
[2023-11-04 14:29:40,864] {processor.py:163} INFO - Started process (PID=202) to work on /home/airflow/.local/lib/python3.8/site-packages/airflow/example_dags/example_branch_labels.py
[2023-11-04 14:29:40,867] {processor.py:642} INFO - Processing file /home/airflow/.local/lib/python3.8/site-packages/airflow/example_dags/example_branch_labels.py for tasks to queue
[2023-11-04 14:29:40,869] {logging_mixin.py:109} INFO - [2023-11-04 14:29:40,868] {dagbag.py:500} INFO - Filling up the DagBag from /home/airflow/.local/lib/python3.8/site-packages/airflow/example_dags/example_branch_labels.py
[2023-11-04 14:29:40,913] {processor.py:654} INFO - DAG(s) dict_keys(['example_branch_labels']) retrieved from /home/airflow/.local/lib/python3.8/site-packages/airflow/example_dags/example_branch_labels.py
[2023-11-04 14:29:40,927] {logging_mixin.py:109} INFO - [2023-11-04 14:29:40,926] {dag.py:2398} INFO - Sync 1 DAGs
[2023-11-04 14:29:40,949] {logging_mixin.py:109} INFO - [2023-11-04 14:29:40,949] {dag.py:2937} INFO - Setting next_dagrun for example_branch_labels to 2023-11-03 00:00:00+00:00
[2023-11-04 14:29:40,960] {processor.py:171} INFO - Processing /home/airflow/.local/lib/python3.8/site-packages/airflow/example_dags/example_branch_labels.py took 0.101 seconds
[2023-11-04 14:30:11,634] {processor.py:163} INFO - Started process (PID=257) to work on /home/airflow/.local/lib/python3.8/site-packages/airflow/example_dags/example_branch_labels.py
[2023-11-04 14:30:11,637] {processor.py:642} INFO - Processing file /home/airflow/.local/lib/python3.8/site-packages/airflow/example_dags/example_branch_labels.py for tasks to queue
[2023-11-04 14:30:11,639] {logging_mixin.py:109} INFO - [2023-11-04 14:30:11,639] {dagbag.py:500} INFO - Filling up the DagBag from /home/airflow/.local/lib/python3.8/site-packages/airflow/example_dags/example_branch_labels.py
[2023-11-04 14:30:11,696] {processor.py:654} INFO - DAG(s) dict_keys(['example_branch_labels']) retrieved from /home/airflow/.local/lib/python3.8/site-packages/airflow/example_dags/example_branch_labels.py
[2023-11-04 14:30:11,712] {logging_mixin.py:109} INFO - [2023-11-04 14:30:11,712] {dag.py:2398} INFO - Sync 1 DAGs
[2023-11-04 14:30:11,736] {logging_mixin.py:109} INFO - [2023-11-04 14:30:11,736] {dag.py:2937} INFO - Setting next_dagrun for example_branch_labels to 2023-11-03 00:00:00+00:00
[2023-11-04 14:30:11,745] {processor.py:171} INFO - Processing /home/airflow/.local/lib/python3.8/site-packages/airflow/example_dags/example_branch_labels.py took 0.118 seconds
[2023-11-04 14:30:43,057] {processor.py:163} INFO - Started process (PID=307) to work on /home/airflow/.local/lib/python3.8/site-packages/airflow/example_dags/example_branch_labels.py
[2023-11-04 14:30:43,060] {processor.py:642} INFO - Processing file /home/airflow/.local/lib/python3.8/site-packages/airflow/example_dags/example_branch_labels.py for tasks to queue
[2023-11-04 14:30:43,061] {logging_mixin.py:109} INFO - [2023-11-04 14:30:43,061] {dagbag.py:500} INFO - Filling up the DagBag from /home/airflow/.local/lib/python3.8/site-packages/airflow/example_dags/example_branch_labels.py
[2023-11-04 14:30:43,106] {processor.py:654} INFO - DAG(s) dict_keys(['example_branch_labels']) retrieved from /home/airflow/.local/lib/python3.8/site-packages/airflow/example_dags/example_branch_labels.py
[2023-11-04 14:30:43,122] {logging_mixin.py:109} INFO - [2023-11-04 14:30:43,121] {dag.py:2398} INFO - Sync 1 DAGs
[2023-11-04 14:30:43,144] {logging_mixin.py:109} INFO - [2023-11-04 14:30:43,144] {dag.py:2937} INFO - Setting next_dagrun for example_branch_labels to 2023-11-03 00:00:00+00:00
[2023-11-04 14:30:43,156] {processor.py:171} INFO - Processing /home/airflow/.local/lib/python3.8/site-packages/airflow/example_dags/example_branch_labels.py took 0.103 seconds
