[2023-11-04 13:41:38,563] {processor.py:163} INFO - Started process (PID=212) to work on /home/airflow/.local/lib/python3.8/site-packages/airflow/example_dags/example_short_circuit_operator.py
[2023-11-04 13:41:38,565] {processor.py:642} INFO - Processing file /home/airflow/.local/lib/python3.8/site-packages/airflow/example_dags/example_short_circuit_operator.py for tasks to queue
[2023-11-04 13:41:38,568] {logging_mixin.py:109} INFO - [2023-11-04 13:41:38,567] {dagbag.py:500} INFO - Filling up the DagBag from /home/airflow/.local/lib/python3.8/site-packages/airflow/example_dags/example_short_circuit_operator.py
[2023-11-04 13:41:38,627] {processor.py:654} INFO - DAG(s) dict_keys(['example_short_circuit_operator']) retrieved from /home/airflow/.local/lib/python3.8/site-packages/airflow/example_dags/example_short_circuit_operator.py
[2023-11-04 13:41:40,969] {logging_mixin.py:109} INFO - [2023-11-04 13:41:40,969] {providers_manager.py:154} WARNING - Exception when importing 'airflow.providers.google.common.hooks.base_google.GoogleBaseHook' from 'apache-airflow-providers-google' package: module 'pyparsing' has no attribute 'downcaseTokens'
[2023-11-04 13:41:40,981] {logging_mixin.py:109} INFO - [2023-11-04 13:41:40,981] {providers_manager.py:154} WARNING - Exception when importing 'airflow.providers.google.cloud.hooks.cloud_sql.CloudSQLHook' from 'apache-airflow-providers-google' package: module 'pyparsing' has no attribute 'downcaseTokens'
[2023-11-04 13:41:40,986] {logging_mixin.py:109} INFO - [2023-11-04 13:41:40,986] {providers_manager.py:154} WARNING - Exception when importing 'airflow.providers.google.cloud.hooks.cloud_sql.CloudSQLDatabaseHook' from 'apache-airflow-providers-google' package: module 'pyparsing' has no attribute 'downcaseTokens'
[2023-11-04 13:41:41,153] {logging_mixin.py:109} INFO - [2023-11-04 13:41:41,153] {providers_manager.py:154} WARNING - Exception when importing 'airflow.providers.google.cloud.hooks.bigquery.BigQueryHook' from 'apache-airflow-providers-google' package: module 'pyparsing' has no attribute 'downcaseTokens'
[2023-11-04 13:41:41,158] {logging_mixin.py:109} INFO - [2023-11-04 13:41:41,158] {providers_manager.py:154} WARNING - Exception when importing 'airflow.providers.google.cloud.hooks.compute_ssh.ComputeEngineSSHHook' from 'apache-airflow-providers-google' package: module 'pyparsing' has no attribute 'downcaseTokens'
[2023-11-04 13:41:42,220] {logging_mixin.py:109} INFO - [2023-11-04 13:41:42,220] {providers_manager.py:154} WARNING - Exception when importing 'airflow.providers.google.common.hooks.base_google.GoogleBaseHook' from 'apache-airflow-providers-google' package: module 'pyparsing' has no attribute 'downcaseTokens'
[2023-11-04 13:41:42,250] {logging_mixin.py:109} INFO - [2023-11-04 13:41:42,249] {providers_manager.py:154} WARNING - Exception when importing 'airflow.providers.google.cloud.hooks.cloud_sql.CloudSQLHook' from 'apache-airflow-providers-google' package: module 'pyparsing' has no attribute 'downcaseTokens'
[2023-11-04 13:41:42,267] {logging_mixin.py:109} INFO - [2023-11-04 13:41:42,267] {providers_manager.py:154} WARNING - Exception when importing 'airflow.providers.google.cloud.hooks.cloud_sql.CloudSQLDatabaseHook' from 'apache-airflow-providers-google' package: module 'pyparsing' has no attribute 'downcaseTokens'
[2023-11-04 13:41:42,285] {logging_mixin.py:109} INFO - [2023-11-04 13:41:42,284] {providers_manager.py:154} WARNING - Exception when importing 'airflow.providers.google.cloud.hooks.bigquery.BigQueryHook' from 'apache-airflow-providers-google' package: module 'pyparsing' has no attribute 'downcaseTokens'
[2023-11-04 13:41:42,301] {logging_mixin.py:109} INFO - [2023-11-04 13:41:42,301] {providers_manager.py:154} WARNING - Exception when importing 'airflow.providers.google.cloud.hooks.compute_ssh.ComputeEngineSSHHook' from 'apache-airflow-providers-google' package: module 'pyparsing' has no attribute 'downcaseTokens'
[2023-11-04 13:41:42,355] {logging_mixin.py:109} INFO - [2023-11-04 13:41:42,355] {manager.py:496} INFO - Created Permission View: can read on DAG:example_short_circuit_operator
[2023-11-04 13:41:42,382] {logging_mixin.py:109} INFO - [2023-11-04 13:41:42,382] {manager.py:496} INFO - Created Permission View: can edit on DAG:example_short_circuit_operator
[2023-11-04 13:41:42,384] {logging_mixin.py:109} INFO - [2023-11-04 13:41:42,383] {dag.py:2398} INFO - Sync 1 DAGs
[2023-11-04 13:41:42,405] {logging_mixin.py:109} INFO - [2023-11-04 13:41:42,404] {dag.py:2417} INFO - Creating ORM DAG for example_short_circuit_operator
[2023-11-04 13:41:42,426] {logging_mixin.py:109} INFO - [2023-11-04 13:41:42,426] {dag.py:2937} INFO - Setting next_dagrun for example_short_circuit_operator to 2023-11-03T13:41:42.425530+00:00
[2023-11-04 13:41:42,453] {processor.py:171} INFO - Processing /home/airflow/.local/lib/python3.8/site-packages/airflow/example_dags/example_short_circuit_operator.py took 3.917 seconds
[2023-11-04 13:42:13,060] {processor.py:163} INFO - Started process (PID=323) to work on /home/airflow/.local/lib/python3.8/site-packages/airflow/example_dags/example_short_circuit_operator.py
[2023-11-04 13:42:13,062] {processor.py:642} INFO - Processing file /home/airflow/.local/lib/python3.8/site-packages/airflow/example_dags/example_short_circuit_operator.py for tasks to queue
[2023-11-04 13:42:13,065] {logging_mixin.py:109} INFO - [2023-11-04 13:42:13,064] {dagbag.py:500} INFO - Filling up the DagBag from /home/airflow/.local/lib/python3.8/site-packages/airflow/example_dags/example_short_circuit_operator.py
[2023-11-04 13:42:13,133] {processor.py:654} INFO - DAG(s) dict_keys(['example_short_circuit_operator']) retrieved from /home/airflow/.local/lib/python3.8/site-packages/airflow/example_dags/example_short_circuit_operator.py
[2023-11-04 13:42:13,148] {logging_mixin.py:109} INFO - [2023-11-04 13:42:13,148] {dag.py:2398} INFO - Sync 1 DAGs
[2023-11-04 13:42:13,175] {logging_mixin.py:109} INFO - [2023-11-04 13:42:13,175] {dag.py:2937} INFO - Setting next_dagrun for example_short_circuit_operator to 2023-11-03T13:42:13.175263+00:00
[2023-11-04 13:42:13,195] {processor.py:171} INFO - Processing /home/airflow/.local/lib/python3.8/site-packages/airflow/example_dags/example_short_circuit_operator.py took 0.142 seconds
[2023-11-04 13:42:43,576] {processor.py:163} INFO - Started process (PID=372) to work on /home/airflow/.local/lib/python3.8/site-packages/airflow/example_dags/example_short_circuit_operator.py
[2023-11-04 13:42:43,581] {processor.py:642} INFO - Processing file /home/airflow/.local/lib/python3.8/site-packages/airflow/example_dags/example_short_circuit_operator.py for tasks to queue
[2023-11-04 13:42:43,586] {logging_mixin.py:109} INFO - [2023-11-04 13:42:43,585] {dagbag.py:500} INFO - Filling up the DagBag from /home/airflow/.local/lib/python3.8/site-packages/airflow/example_dags/example_short_circuit_operator.py
[2023-11-04 13:42:43,665] {processor.py:654} INFO - DAG(s) dict_keys(['example_short_circuit_operator']) retrieved from /home/airflow/.local/lib/python3.8/site-packages/airflow/example_dags/example_short_circuit_operator.py
[2023-11-04 13:42:43,680] {logging_mixin.py:109} INFO - [2023-11-04 13:42:43,680] {dag.py:2398} INFO - Sync 1 DAGs
[2023-11-04 13:42:43,701] {logging_mixin.py:109} INFO - [2023-11-04 13:42:43,701] {dag.py:2937} INFO - Setting next_dagrun for example_short_circuit_operator to 2023-11-03T13:42:43.701045+00:00
[2023-11-04 13:42:43,716] {processor.py:171} INFO - Processing /home/airflow/.local/lib/python3.8/site-packages/airflow/example_dags/example_short_circuit_operator.py took 0.153 seconds
[2023-11-04 13:43:13,785] {processor.py:163} INFO - Started process (PID=421) to work on /home/airflow/.local/lib/python3.8/site-packages/airflow/example_dags/example_short_circuit_operator.py
[2023-11-04 13:43:13,788] {processor.py:642} INFO - Processing file /home/airflow/.local/lib/python3.8/site-packages/airflow/example_dags/example_short_circuit_operator.py for tasks to queue
[2023-11-04 13:43:13,789] {logging_mixin.py:109} INFO - [2023-11-04 13:43:13,789] {dagbag.py:500} INFO - Filling up the DagBag from /home/airflow/.local/lib/python3.8/site-packages/airflow/example_dags/example_short_circuit_operator.py
[2023-11-04 13:43:13,838] {processor.py:654} INFO - DAG(s) dict_keys(['example_short_circuit_operator']) retrieved from /home/airflow/.local/lib/python3.8/site-packages/airflow/example_dags/example_short_circuit_operator.py
[2023-11-04 13:43:13,854] {logging_mixin.py:109} INFO - [2023-11-04 13:43:13,854] {dag.py:2398} INFO - Sync 1 DAGs
[2023-11-04 13:43:13,877] {logging_mixin.py:109} INFO - [2023-11-04 13:43:13,877] {dag.py:2937} INFO - Setting next_dagrun for example_short_circuit_operator to 2023-11-03T13:43:13.876934+00:00
[2023-11-04 13:43:13,890] {processor.py:171} INFO - Processing /home/airflow/.local/lib/python3.8/site-packages/airflow/example_dags/example_short_circuit_operator.py took 0.111 seconds
[2023-11-04 13:43:44,210] {processor.py:163} INFO - Started process (PID=478) to work on /home/airflow/.local/lib/python3.8/site-packages/airflow/example_dags/example_short_circuit_operator.py
[2023-11-04 13:43:44,214] {processor.py:642} INFO - Processing file /home/airflow/.local/lib/python3.8/site-packages/airflow/example_dags/example_short_circuit_operator.py for tasks to queue
[2023-11-04 13:43:44,216] {logging_mixin.py:109} INFO - [2023-11-04 13:43:44,215] {dagbag.py:500} INFO - Filling up the DagBag from /home/airflow/.local/lib/python3.8/site-packages/airflow/example_dags/example_short_circuit_operator.py
[2023-11-04 13:43:44,264] {processor.py:654} INFO - DAG(s) dict_keys(['example_short_circuit_operator']) retrieved from /home/airflow/.local/lib/python3.8/site-packages/airflow/example_dags/example_short_circuit_operator.py
[2023-11-04 13:43:44,279] {logging_mixin.py:109} INFO - [2023-11-04 13:43:44,279] {dag.py:2398} INFO - Sync 1 DAGs
[2023-11-04 13:43:44,300] {logging_mixin.py:109} INFO - [2023-11-04 13:43:44,300] {dag.py:2937} INFO - Setting next_dagrun for example_short_circuit_operator to 2023-11-03T13:43:44.299925+00:00
[2023-11-04 13:43:44,312] {processor.py:171} INFO - Processing /home/airflow/.local/lib/python3.8/site-packages/airflow/example_dags/example_short_circuit_operator.py took 0.107 seconds
[2023-11-04 13:44:14,670] {processor.py:163} INFO - Started process (PID=527) to work on /home/airflow/.local/lib/python3.8/site-packages/airflow/example_dags/example_short_circuit_operator.py
[2023-11-04 13:44:14,675] {processor.py:642} INFO - Processing file /home/airflow/.local/lib/python3.8/site-packages/airflow/example_dags/example_short_circuit_operator.py for tasks to queue
[2023-11-04 13:44:14,679] {logging_mixin.py:109} INFO - [2023-11-04 13:44:14,678] {dagbag.py:500} INFO - Filling up the DagBag from /home/airflow/.local/lib/python3.8/site-packages/airflow/example_dags/example_short_circuit_operator.py
[2023-11-04 13:44:14,747] {processor.py:654} INFO - DAG(s) dict_keys(['example_short_circuit_operator']) retrieved from /home/airflow/.local/lib/python3.8/site-packages/airflow/example_dags/example_short_circuit_operator.py
[2023-11-04 13:44:14,771] {logging_mixin.py:109} INFO - [2023-11-04 13:44:14,771] {dag.py:2398} INFO - Sync 1 DAGs
[2023-11-04 13:44:14,798] {logging_mixin.py:109} INFO - [2023-11-04 13:44:14,798] {dag.py:2937} INFO - Setting next_dagrun for example_short_circuit_operator to 2023-11-03T13:44:14.797658+00:00
[2023-11-04 13:44:14,813] {processor.py:171} INFO - Processing /home/airflow/.local/lib/python3.8/site-packages/airflow/example_dags/example_short_circuit_operator.py took 0.154 seconds
[2023-11-04 13:59:21,981] {processor.py:163} INFO - Started process (PID=60) to work on /home/airflow/.local/lib/python3.8/site-packages/airflow/example_dags/example_short_circuit_operator.py
[2023-11-04 13:59:21,988] {processor.py:642} INFO - Processing file /home/airflow/.local/lib/python3.8/site-packages/airflow/example_dags/example_short_circuit_operator.py for tasks to queue
[2023-11-04 13:59:21,990] {logging_mixin.py:109} INFO - [2023-11-04 13:59:21,989] {dagbag.py:500} INFO - Filling up the DagBag from /home/airflow/.local/lib/python3.8/site-packages/airflow/example_dags/example_short_circuit_operator.py
[2023-11-04 13:59:22,088] {processor.py:654} INFO - DAG(s) dict_keys(['example_short_circuit_operator']) retrieved from /home/airflow/.local/lib/python3.8/site-packages/airflow/example_dags/example_short_circuit_operator.py
[2023-11-04 13:59:22,110] {logging_mixin.py:109} INFO - [2023-11-04 13:59:22,110] {dag.py:2398} INFO - Sync 1 DAGs
[2023-11-04 13:59:22,137] {logging_mixin.py:109} INFO - [2023-11-04 13:59:22,137] {dag.py:2937} INFO - Setting next_dagrun for example_short_circuit_operator to 2023-11-03T13:59:22.136583+00:00
[2023-11-04 13:59:22,152] {processor.py:171} INFO - Processing /home/airflow/.local/lib/python3.8/site-packages/airflow/example_dags/example_short_circuit_operator.py took 0.176 seconds
[2023-11-04 13:59:52,381] {processor.py:163} INFO - Started process (PID=108) to work on /home/airflow/.local/lib/python3.8/site-packages/airflow/example_dags/example_short_circuit_operator.py
[2023-11-04 13:59:52,385] {processor.py:642} INFO - Processing file /home/airflow/.local/lib/python3.8/site-packages/airflow/example_dags/example_short_circuit_operator.py for tasks to queue
[2023-11-04 13:59:52,387] {logging_mixin.py:109} INFO - [2023-11-04 13:59:52,386] {dagbag.py:500} INFO - Filling up the DagBag from /home/airflow/.local/lib/python3.8/site-packages/airflow/example_dags/example_short_circuit_operator.py
[2023-11-04 13:59:52,440] {processor.py:654} INFO - DAG(s) dict_keys(['example_short_circuit_operator']) retrieved from /home/airflow/.local/lib/python3.8/site-packages/airflow/example_dags/example_short_circuit_operator.py
[2023-11-04 13:59:52,456] {logging_mixin.py:109} INFO - [2023-11-04 13:59:52,456] {dag.py:2398} INFO - Sync 1 DAGs
[2023-11-04 13:59:52,477] {logging_mixin.py:109} INFO - [2023-11-04 13:59:52,477] {dag.py:2937} INFO - Setting next_dagrun for example_short_circuit_operator to 2023-11-03T13:59:52.476941+00:00
[2023-11-04 13:59:52,491] {processor.py:171} INFO - Processing /home/airflow/.local/lib/python3.8/site-packages/airflow/example_dags/example_short_circuit_operator.py took 0.114 seconds
[2023-11-04 14:00:22,736] {processor.py:163} INFO - Started process (PID=181) to work on /home/airflow/.local/lib/python3.8/site-packages/airflow/example_dags/example_short_circuit_operator.py
[2023-11-04 14:00:22,739] {processor.py:642} INFO - Processing file /home/airflow/.local/lib/python3.8/site-packages/airflow/example_dags/example_short_circuit_operator.py for tasks to queue
[2023-11-04 14:00:22,740] {logging_mixin.py:109} INFO - [2023-11-04 14:00:22,740] {dagbag.py:500} INFO - Filling up the DagBag from /home/airflow/.local/lib/python3.8/site-packages/airflow/example_dags/example_short_circuit_operator.py
[2023-11-04 14:00:22,794] {processor.py:654} INFO - DAG(s) dict_keys(['example_short_circuit_operator']) retrieved from /home/airflow/.local/lib/python3.8/site-packages/airflow/example_dags/example_short_circuit_operator.py
[2023-11-04 14:00:22,809] {logging_mixin.py:109} INFO - [2023-11-04 14:00:22,809] {dag.py:2398} INFO - Sync 1 DAGs
[2023-11-04 14:00:22,830] {logging_mixin.py:109} INFO - [2023-11-04 14:00:22,830] {dag.py:2937} INFO - Setting next_dagrun for example_short_circuit_operator to 2023-11-03T14:00:22.830422+00:00
[2023-11-04 14:00:22,843] {processor.py:171} INFO - Processing /home/airflow/.local/lib/python3.8/site-packages/airflow/example_dags/example_short_circuit_operator.py took 0.112 seconds
[2023-11-04 14:00:53,592] {processor.py:163} INFO - Started process (PID=230) to work on /home/airflow/.local/lib/python3.8/site-packages/airflow/example_dags/example_short_circuit_operator.py
[2023-11-04 14:00:53,594] {processor.py:642} INFO - Processing file /home/airflow/.local/lib/python3.8/site-packages/airflow/example_dags/example_short_circuit_operator.py for tasks to queue
[2023-11-04 14:00:53,596] {logging_mixin.py:109} INFO - [2023-11-04 14:00:53,596] {dagbag.py:500} INFO - Filling up the DagBag from /home/airflow/.local/lib/python3.8/site-packages/airflow/example_dags/example_short_circuit_operator.py
[2023-11-04 14:00:53,641] {processor.py:654} INFO - DAG(s) dict_keys(['example_short_circuit_operator']) retrieved from /home/airflow/.local/lib/python3.8/site-packages/airflow/example_dags/example_short_circuit_operator.py
[2023-11-04 14:00:53,657] {logging_mixin.py:109} INFO - [2023-11-04 14:00:53,657] {dag.py:2398} INFO - Sync 1 DAGs
[2023-11-04 14:00:53,677] {logging_mixin.py:109} INFO - [2023-11-04 14:00:53,677] {dag.py:2937} INFO - Setting next_dagrun for example_short_circuit_operator to 2023-11-03T14:00:53.677060+00:00
[2023-11-04 14:00:53,689] {processor.py:171} INFO - Processing /home/airflow/.local/lib/python3.8/site-packages/airflow/example_dags/example_short_circuit_operator.py took 0.102 seconds
[2023-11-04 14:01:24,316] {processor.py:163} INFO - Started process (PID=279) to work on /home/airflow/.local/lib/python3.8/site-packages/airflow/example_dags/example_short_circuit_operator.py
[2023-11-04 14:01:24,325] {processor.py:642} INFO - Processing file /home/airflow/.local/lib/python3.8/site-packages/airflow/example_dags/example_short_circuit_operator.py for tasks to queue
[2023-11-04 14:01:24,328] {logging_mixin.py:109} INFO - [2023-11-04 14:01:24,328] {dagbag.py:500} INFO - Filling up the DagBag from /home/airflow/.local/lib/python3.8/site-packages/airflow/example_dags/example_short_circuit_operator.py
[2023-11-04 14:01:24,383] {processor.py:654} INFO - DAG(s) dict_keys(['example_short_circuit_operator']) retrieved from /home/airflow/.local/lib/python3.8/site-packages/airflow/example_dags/example_short_circuit_operator.py
[2023-11-04 14:01:24,398] {logging_mixin.py:109} INFO - [2023-11-04 14:01:24,398] {dag.py:2398} INFO - Sync 1 DAGs
[2023-11-04 14:01:24,418] {logging_mixin.py:109} INFO - [2023-11-04 14:01:24,418] {dag.py:2937} INFO - Setting next_dagrun for example_short_circuit_operator to 2023-11-03T14:01:24.417831+00:00
[2023-11-04 14:01:24,429] {processor.py:171} INFO - Processing /home/airflow/.local/lib/python3.8/site-packages/airflow/example_dags/example_short_circuit_operator.py took 0.120 seconds
[2023-11-04 14:01:54,663] {processor.py:163} INFO - Started process (PID=336) to work on /home/airflow/.local/lib/python3.8/site-packages/airflow/example_dags/example_short_circuit_operator.py
[2023-11-04 14:01:54,665] {processor.py:642} INFO - Processing file /home/airflow/.local/lib/python3.8/site-packages/airflow/example_dags/example_short_circuit_operator.py for tasks to queue
[2023-11-04 14:01:54,667] {logging_mixin.py:109} INFO - [2023-11-04 14:01:54,667] {dagbag.py:500} INFO - Filling up the DagBag from /home/airflow/.local/lib/python3.8/site-packages/airflow/example_dags/example_short_circuit_operator.py
[2023-11-04 14:01:54,712] {processor.py:654} INFO - DAG(s) dict_keys(['example_short_circuit_operator']) retrieved from /home/airflow/.local/lib/python3.8/site-packages/airflow/example_dags/example_short_circuit_operator.py
[2023-11-04 14:01:54,726] {logging_mixin.py:109} INFO - [2023-11-04 14:01:54,726] {dag.py:2398} INFO - Sync 1 DAGs
[2023-11-04 14:01:54,747] {logging_mixin.py:109} INFO - [2023-11-04 14:01:54,746] {dag.py:2937} INFO - Setting next_dagrun for example_short_circuit_operator to 2023-11-03T14:01:54.746575+00:00
[2023-11-04 14:01:54,760] {processor.py:171} INFO - Processing /home/airflow/.local/lib/python3.8/site-packages/airflow/example_dags/example_short_circuit_operator.py took 0.102 seconds
[2023-11-04 14:02:25,378] {processor.py:163} INFO - Started process (PID=385) to work on /home/airflow/.local/lib/python3.8/site-packages/airflow/example_dags/example_short_circuit_operator.py
[2023-11-04 14:02:25,381] {processor.py:642} INFO - Processing file /home/airflow/.local/lib/python3.8/site-packages/airflow/example_dags/example_short_circuit_operator.py for tasks to queue
[2023-11-04 14:02:25,382] {logging_mixin.py:109} INFO - [2023-11-04 14:02:25,382] {dagbag.py:500} INFO - Filling up the DagBag from /home/airflow/.local/lib/python3.8/site-packages/airflow/example_dags/example_short_circuit_operator.py
[2023-11-04 14:02:25,427] {processor.py:654} INFO - DAG(s) dict_keys(['example_short_circuit_operator']) retrieved from /home/airflow/.local/lib/python3.8/site-packages/airflow/example_dags/example_short_circuit_operator.py
[2023-11-04 14:02:25,443] {logging_mixin.py:109} INFO - [2023-11-04 14:02:25,443] {dag.py:2398} INFO - Sync 1 DAGs
[2023-11-04 14:02:25,463] {logging_mixin.py:109} INFO - [2023-11-04 14:02:25,463] {dag.py:2937} INFO - Setting next_dagrun for example_short_circuit_operator to 2023-11-03T14:02:25.462734+00:00
[2023-11-04 14:02:25,474] {processor.py:171} INFO - Processing /home/airflow/.local/lib/python3.8/site-packages/airflow/example_dags/example_short_circuit_operator.py took 0.101 seconds
[2023-11-04 14:04:48,355] {processor.py:163} INFO - Started process (PID=55) to work on /home/airflow/.local/lib/python3.8/site-packages/airflow/example_dags/example_short_circuit_operator.py
[2023-11-04 14:04:48,359] {processor.py:642} INFO - Processing file /home/airflow/.local/lib/python3.8/site-packages/airflow/example_dags/example_short_circuit_operator.py for tasks to queue
[2023-11-04 14:04:48,363] {logging_mixin.py:109} INFO - [2023-11-04 14:04:48,362] {dagbag.py:500} INFO - Filling up the DagBag from /home/airflow/.local/lib/python3.8/site-packages/airflow/example_dags/example_short_circuit_operator.py
[2023-11-04 14:04:48,467] {processor.py:654} INFO - DAG(s) dict_keys(['example_short_circuit_operator']) retrieved from /home/airflow/.local/lib/python3.8/site-packages/airflow/example_dags/example_short_circuit_operator.py
[2023-11-04 14:04:48,492] {logging_mixin.py:109} INFO - [2023-11-04 14:04:48,492] {dag.py:2398} INFO - Sync 1 DAGs
[2023-11-04 14:04:48,534] {logging_mixin.py:109} INFO - [2023-11-04 14:04:48,534] {dag.py:2937} INFO - Setting next_dagrun for example_short_circuit_operator to 2023-11-03T14:04:48.534280+00:00
[2023-11-04 14:04:48,553] {processor.py:171} INFO - Processing /home/airflow/.local/lib/python3.8/site-packages/airflow/example_dags/example_short_circuit_operator.py took 0.206 seconds
[2023-11-04 14:05:19,319] {processor.py:163} INFO - Started process (PID=111) to work on /home/airflow/.local/lib/python3.8/site-packages/airflow/example_dags/example_short_circuit_operator.py
[2023-11-04 14:05:19,322] {processor.py:642} INFO - Processing file /home/airflow/.local/lib/python3.8/site-packages/airflow/example_dags/example_short_circuit_operator.py for tasks to queue
[2023-11-04 14:05:19,324] {logging_mixin.py:109} INFO - [2023-11-04 14:05:19,324] {dagbag.py:500} INFO - Filling up the DagBag from /home/airflow/.local/lib/python3.8/site-packages/airflow/example_dags/example_short_circuit_operator.py
[2023-11-04 14:05:19,420] {processor.py:654} INFO - DAG(s) dict_keys(['example_short_circuit_operator']) retrieved from /home/airflow/.local/lib/python3.8/site-packages/airflow/example_dags/example_short_circuit_operator.py
[2023-11-04 14:05:19,437] {logging_mixin.py:109} INFO - [2023-11-04 14:05:19,437] {dag.py:2398} INFO - Sync 1 DAGs
[2023-11-04 14:05:19,458] {logging_mixin.py:109} INFO - [2023-11-04 14:05:19,458] {dag.py:2937} INFO - Setting next_dagrun for example_short_circuit_operator to 2023-11-03T14:05:19.458231+00:00
[2023-11-04 14:05:19,472] {processor.py:171} INFO - Processing /home/airflow/.local/lib/python3.8/site-packages/airflow/example_dags/example_short_circuit_operator.py took 0.158 seconds
[2023-11-04 14:05:50,211] {processor.py:163} INFO - Started process (PID=160) to work on /home/airflow/.local/lib/python3.8/site-packages/airflow/example_dags/example_short_circuit_operator.py
[2023-11-04 14:05:50,214] {processor.py:642} INFO - Processing file /home/airflow/.local/lib/python3.8/site-packages/airflow/example_dags/example_short_circuit_operator.py for tasks to queue
[2023-11-04 14:05:50,215] {logging_mixin.py:109} INFO - [2023-11-04 14:05:50,215] {dagbag.py:500} INFO - Filling up the DagBag from /home/airflow/.local/lib/python3.8/site-packages/airflow/example_dags/example_short_circuit_operator.py
[2023-11-04 14:05:50,261] {processor.py:654} INFO - DAG(s) dict_keys(['example_short_circuit_operator']) retrieved from /home/airflow/.local/lib/python3.8/site-packages/airflow/example_dags/example_short_circuit_operator.py
[2023-11-04 14:05:50,276] {logging_mixin.py:109} INFO - [2023-11-04 14:05:50,276] {dag.py:2398} INFO - Sync 1 DAGs
[2023-11-04 14:05:50,296] {logging_mixin.py:109} INFO - [2023-11-04 14:05:50,296] {dag.py:2937} INFO - Setting next_dagrun for example_short_circuit_operator to 2023-11-03T14:05:50.296012+00:00
[2023-11-04 14:05:50,308] {processor.py:171} INFO - Processing /home/airflow/.local/lib/python3.8/site-packages/airflow/example_dags/example_short_circuit_operator.py took 0.101 seconds
[2023-11-04 14:06:20,643] {processor.py:163} INFO - Started process (PID=209) to work on /home/airflow/.local/lib/python3.8/site-packages/airflow/example_dags/example_short_circuit_operator.py
[2023-11-04 14:06:20,645] {processor.py:642} INFO - Processing file /home/airflow/.local/lib/python3.8/site-packages/airflow/example_dags/example_short_circuit_operator.py for tasks to queue
[2023-11-04 14:06:20,647] {logging_mixin.py:109} INFO - [2023-11-04 14:06:20,647] {dagbag.py:500} INFO - Filling up the DagBag from /home/airflow/.local/lib/python3.8/site-packages/airflow/example_dags/example_short_circuit_operator.py
[2023-11-04 14:06:20,692] {processor.py:654} INFO - DAG(s) dict_keys(['example_short_circuit_operator']) retrieved from /home/airflow/.local/lib/python3.8/site-packages/airflow/example_dags/example_short_circuit_operator.py
[2023-11-04 14:06:20,707] {logging_mixin.py:109} INFO - [2023-11-04 14:06:20,707] {dag.py:2398} INFO - Sync 1 DAGs
[2023-11-04 14:06:20,728] {logging_mixin.py:109} INFO - [2023-11-04 14:06:20,727] {dag.py:2937} INFO - Setting next_dagrun for example_short_circuit_operator to 2023-11-03T14:06:20.727486+00:00
[2023-11-04 14:06:20,740] {processor.py:171} INFO - Processing /home/airflow/.local/lib/python3.8/site-packages/airflow/example_dags/example_short_circuit_operator.py took 0.102 seconds
[2023-11-04 14:06:51,066] {processor.py:163} INFO - Started process (PID=265) to work on /home/airflow/.local/lib/python3.8/site-packages/airflow/example_dags/example_short_circuit_operator.py
[2023-11-04 14:06:51,069] {processor.py:642} INFO - Processing file /home/airflow/.local/lib/python3.8/site-packages/airflow/example_dags/example_short_circuit_operator.py for tasks to queue
[2023-11-04 14:06:51,071] {logging_mixin.py:109} INFO - [2023-11-04 14:06:51,071] {dagbag.py:500} INFO - Filling up the DagBag from /home/airflow/.local/lib/python3.8/site-packages/airflow/example_dags/example_short_circuit_operator.py
[2023-11-04 14:06:51,131] {processor.py:654} INFO - DAG(s) dict_keys(['example_short_circuit_operator']) retrieved from /home/airflow/.local/lib/python3.8/site-packages/airflow/example_dags/example_short_circuit_operator.py
[2023-11-04 14:06:51,152] {logging_mixin.py:109} INFO - [2023-11-04 14:06:51,152] {dag.py:2398} INFO - Sync 1 DAGs
[2023-11-04 14:06:51,179] {logging_mixin.py:109} INFO - [2023-11-04 14:06:51,178] {dag.py:2937} INFO - Setting next_dagrun for example_short_circuit_operator to 2023-11-03T14:06:51.178250+00:00
[2023-11-04 14:06:51,204] {processor.py:171} INFO - Processing /home/airflow/.local/lib/python3.8/site-packages/airflow/example_dags/example_short_circuit_operator.py took 0.143 seconds
[2023-11-04 14:07:21,444] {processor.py:163} INFO - Started process (PID=314) to work on /home/airflow/.local/lib/python3.8/site-packages/airflow/example_dags/example_short_circuit_operator.py
[2023-11-04 14:07:21,447] {processor.py:642} INFO - Processing file /home/airflow/.local/lib/python3.8/site-packages/airflow/example_dags/example_short_circuit_operator.py for tasks to queue
[2023-11-04 14:07:21,449] {logging_mixin.py:109} INFO - [2023-11-04 14:07:21,448] {dagbag.py:500} INFO - Filling up the DagBag from /home/airflow/.local/lib/python3.8/site-packages/airflow/example_dags/example_short_circuit_operator.py
[2023-11-04 14:07:21,504] {processor.py:654} INFO - DAG(s) dict_keys(['example_short_circuit_operator']) retrieved from /home/airflow/.local/lib/python3.8/site-packages/airflow/example_dags/example_short_circuit_operator.py
[2023-11-04 14:07:21,520] {logging_mixin.py:109} INFO - [2023-11-04 14:07:21,519] {dag.py:2398} INFO - Sync 1 DAGs
[2023-11-04 14:07:21,542] {logging_mixin.py:109} INFO - [2023-11-04 14:07:21,542] {dag.py:2937} INFO - Setting next_dagrun for example_short_circuit_operator to 2023-11-03T14:07:21.541875+00:00
[2023-11-04 14:07:21,554] {processor.py:171} INFO - Processing /home/airflow/.local/lib/python3.8/site-packages/airflow/example_dags/example_short_circuit_operator.py took 0.116 seconds
[2023-11-04 14:07:52,187] {processor.py:163} INFO - Started process (PID=362) to work on /home/airflow/.local/lib/python3.8/site-packages/airflow/example_dags/example_short_circuit_operator.py
[2023-11-04 14:07:52,189] {processor.py:642} INFO - Processing file /home/airflow/.local/lib/python3.8/site-packages/airflow/example_dags/example_short_circuit_operator.py for tasks to queue
[2023-11-04 14:07:52,191] {logging_mixin.py:109} INFO - [2023-11-04 14:07:52,191] {dagbag.py:500} INFO - Filling up the DagBag from /home/airflow/.local/lib/python3.8/site-packages/airflow/example_dags/example_short_circuit_operator.py
[2023-11-04 14:07:52,235] {processor.py:654} INFO - DAG(s) dict_keys(['example_short_circuit_operator']) retrieved from /home/airflow/.local/lib/python3.8/site-packages/airflow/example_dags/example_short_circuit_operator.py
[2023-11-04 14:07:52,260] {logging_mixin.py:109} INFO - [2023-11-04 14:07:52,260] {dag.py:2398} INFO - Sync 1 DAGs
[2023-11-04 14:07:52,281] {logging_mixin.py:109} INFO - [2023-11-04 14:07:52,281] {dag.py:2937} INFO - Setting next_dagrun for example_short_circuit_operator to 2023-11-03T14:07:52.281366+00:00
[2023-11-04 14:07:52,293] {processor.py:171} INFO - Processing /home/airflow/.local/lib/python3.8/site-packages/airflow/example_dags/example_short_circuit_operator.py took 0.111 seconds
[2023-11-04 14:08:23,320] {processor.py:163} INFO - Started process (PID=419) to work on /home/airflow/.local/lib/python3.8/site-packages/airflow/example_dags/example_short_circuit_operator.py
[2023-11-04 14:08:23,322] {processor.py:642} INFO - Processing file /home/airflow/.local/lib/python3.8/site-packages/airflow/example_dags/example_short_circuit_operator.py for tasks to queue
[2023-11-04 14:08:23,324] {logging_mixin.py:109} INFO - [2023-11-04 14:08:23,323] {dagbag.py:500} INFO - Filling up the DagBag from /home/airflow/.local/lib/python3.8/site-packages/airflow/example_dags/example_short_circuit_operator.py
[2023-11-04 14:08:23,369] {processor.py:654} INFO - DAG(s) dict_keys(['example_short_circuit_operator']) retrieved from /home/airflow/.local/lib/python3.8/site-packages/airflow/example_dags/example_short_circuit_operator.py
[2023-11-04 14:08:23,383] {logging_mixin.py:109} INFO - [2023-11-04 14:08:23,383] {dag.py:2398} INFO - Sync 1 DAGs
[2023-11-04 14:08:23,403] {logging_mixin.py:109} INFO - [2023-11-04 14:08:23,403] {dag.py:2937} INFO - Setting next_dagrun for example_short_circuit_operator to 2023-11-03T14:08:23.403273+00:00
[2023-11-04 14:08:23,415] {processor.py:171} INFO - Processing /home/airflow/.local/lib/python3.8/site-packages/airflow/example_dags/example_short_circuit_operator.py took 0.100 seconds
[2023-11-04 14:08:53,790] {processor.py:163} INFO - Started process (PID=468) to work on /home/airflow/.local/lib/python3.8/site-packages/airflow/example_dags/example_short_circuit_operator.py
[2023-11-04 14:08:53,792] {processor.py:642} INFO - Processing file /home/airflow/.local/lib/python3.8/site-packages/airflow/example_dags/example_short_circuit_operator.py for tasks to queue
[2023-11-04 14:08:53,794] {logging_mixin.py:109} INFO - [2023-11-04 14:08:53,794] {dagbag.py:500} INFO - Filling up the DagBag from /home/airflow/.local/lib/python3.8/site-packages/airflow/example_dags/example_short_circuit_operator.py
[2023-11-04 14:08:53,854] {processor.py:654} INFO - DAG(s) dict_keys(['example_short_circuit_operator']) retrieved from /home/airflow/.local/lib/python3.8/site-packages/airflow/example_dags/example_short_circuit_operator.py
[2023-11-04 14:08:53,872] {logging_mixin.py:109} INFO - [2023-11-04 14:08:53,872] {dag.py:2398} INFO - Sync 1 DAGs
[2023-11-04 14:08:53,897] {logging_mixin.py:109} INFO - [2023-11-04 14:08:53,897] {dag.py:2937} INFO - Setting next_dagrun for example_short_circuit_operator to 2023-11-03T14:08:53.896723+00:00
[2023-11-04 14:08:53,913] {processor.py:171} INFO - Processing /home/airflow/.local/lib/python3.8/site-packages/airflow/example_dags/example_short_circuit_operator.py took 0.130 seconds
[2023-11-04 14:09:24,173] {processor.py:163} INFO - Started process (PID=525) to work on /home/airflow/.local/lib/python3.8/site-packages/airflow/example_dags/example_short_circuit_operator.py
[2023-11-04 14:09:24,177] {processor.py:642} INFO - Processing file /home/airflow/.local/lib/python3.8/site-packages/airflow/example_dags/example_short_circuit_operator.py for tasks to queue
[2023-11-04 14:09:24,180] {logging_mixin.py:109} INFO - [2023-11-04 14:09:24,179] {dagbag.py:500} INFO - Filling up the DagBag from /home/airflow/.local/lib/python3.8/site-packages/airflow/example_dags/example_short_circuit_operator.py
[2023-11-04 14:09:24,242] {processor.py:654} INFO - DAG(s) dict_keys(['example_short_circuit_operator']) retrieved from /home/airflow/.local/lib/python3.8/site-packages/airflow/example_dags/example_short_circuit_operator.py
[2023-11-04 14:09:24,260] {logging_mixin.py:109} INFO - [2023-11-04 14:09:24,260] {dag.py:2398} INFO - Sync 1 DAGs
[2023-11-04 14:09:24,287] {logging_mixin.py:109} INFO - [2023-11-04 14:09:24,287] {dag.py:2937} INFO - Setting next_dagrun for example_short_circuit_operator to 2023-11-03T14:09:24.287342+00:00
[2023-11-04 14:09:24,302] {processor.py:171} INFO - Processing /home/airflow/.local/lib/python3.8/site-packages/airflow/example_dags/example_short_circuit_operator.py took 0.135 seconds
[2023-11-04 14:09:55,275] {processor.py:163} INFO - Started process (PID=574) to work on /home/airflow/.local/lib/python3.8/site-packages/airflow/example_dags/example_short_circuit_operator.py
[2023-11-04 14:09:55,278] {processor.py:642} INFO - Processing file /home/airflow/.local/lib/python3.8/site-packages/airflow/example_dags/example_short_circuit_operator.py for tasks to queue
[2023-11-04 14:09:55,279] {logging_mixin.py:109} INFO - [2023-11-04 14:09:55,279] {dagbag.py:500} INFO - Filling up the DagBag from /home/airflow/.local/lib/python3.8/site-packages/airflow/example_dags/example_short_circuit_operator.py
[2023-11-04 14:09:55,327] {processor.py:654} INFO - DAG(s) dict_keys(['example_short_circuit_operator']) retrieved from /home/airflow/.local/lib/python3.8/site-packages/airflow/example_dags/example_short_circuit_operator.py
[2023-11-04 14:09:55,345] {logging_mixin.py:109} INFO - [2023-11-04 14:09:55,345] {dag.py:2398} INFO - Sync 1 DAGs
[2023-11-04 14:09:55,375] {logging_mixin.py:109} INFO - [2023-11-04 14:09:55,374] {dag.py:2937} INFO - Setting next_dagrun for example_short_circuit_operator to 2023-11-03T14:09:55.374091+00:00
[2023-11-04 14:09:55,389] {processor.py:171} INFO - Processing /home/airflow/.local/lib/python3.8/site-packages/airflow/example_dags/example_short_circuit_operator.py took 0.119 seconds
[2023-11-04 14:10:26,518] {processor.py:163} INFO - Started process (PID=623) to work on /home/airflow/.local/lib/python3.8/site-packages/airflow/example_dags/example_short_circuit_operator.py
[2023-11-04 14:10:26,520] {processor.py:642} INFO - Processing file /home/airflow/.local/lib/python3.8/site-packages/airflow/example_dags/example_short_circuit_operator.py for tasks to queue
[2023-11-04 14:10:26,522] {logging_mixin.py:109} INFO - [2023-11-04 14:10:26,522] {dagbag.py:500} INFO - Filling up the DagBag from /home/airflow/.local/lib/python3.8/site-packages/airflow/example_dags/example_short_circuit_operator.py
[2023-11-04 14:10:26,568] {processor.py:654} INFO - DAG(s) dict_keys(['example_short_circuit_operator']) retrieved from /home/airflow/.local/lib/python3.8/site-packages/airflow/example_dags/example_short_circuit_operator.py
[2023-11-04 14:10:26,582] {logging_mixin.py:109} INFO - [2023-11-04 14:10:26,582] {dag.py:2398} INFO - Sync 1 DAGs
[2023-11-04 14:10:26,602] {logging_mixin.py:109} INFO - [2023-11-04 14:10:26,602] {dag.py:2937} INFO - Setting next_dagrun for example_short_circuit_operator to 2023-11-03T14:10:26.601747+00:00
[2023-11-04 14:10:26,614] {processor.py:171} INFO - Processing /home/airflow/.local/lib/python3.8/site-packages/airflow/example_dags/example_short_circuit_operator.py took 0.100 seconds
[2023-11-04 14:11:50,934] {processor.py:163} INFO - Started process (PID=56) to work on /home/airflow/.local/lib/python3.8/site-packages/airflow/example_dags/example_short_circuit_operator.py
[2023-11-04 14:11:50,937] {processor.py:642} INFO - Processing file /home/airflow/.local/lib/python3.8/site-packages/airflow/example_dags/example_short_circuit_operator.py for tasks to queue
[2023-11-04 14:11:50,939] {logging_mixin.py:109} INFO - [2023-11-04 14:11:50,939] {dagbag.py:500} INFO - Filling up the DagBag from /home/airflow/.local/lib/python3.8/site-packages/airflow/example_dags/example_short_circuit_operator.py
[2023-11-04 14:11:50,988] {processor.py:654} INFO - DAG(s) dict_keys(['example_short_circuit_operator']) retrieved from /home/airflow/.local/lib/python3.8/site-packages/airflow/example_dags/example_short_circuit_operator.py
[2023-11-04 14:11:51,002] {logging_mixin.py:109} INFO - [2023-11-04 14:11:51,002] {dag.py:2398} INFO - Sync 1 DAGs
[2023-11-04 14:11:51,024] {logging_mixin.py:109} INFO - [2023-11-04 14:11:51,024] {dag.py:2937} INFO - Setting next_dagrun for example_short_circuit_operator to 2023-11-03T14:11:51.023522+00:00
[2023-11-04 14:11:51,038] {processor.py:171} INFO - Processing /home/airflow/.local/lib/python3.8/site-packages/airflow/example_dags/example_short_circuit_operator.py took 0.109 seconds
[2023-11-04 14:12:21,534] {processor.py:163} INFO - Started process (PID=104) to work on /home/airflow/.local/lib/python3.8/site-packages/airflow/example_dags/example_short_circuit_operator.py
[2023-11-04 14:12:21,536] {processor.py:642} INFO - Processing file /home/airflow/.local/lib/python3.8/site-packages/airflow/example_dags/example_short_circuit_operator.py for tasks to queue
[2023-11-04 14:12:21,538] {logging_mixin.py:109} INFO - [2023-11-04 14:12:21,538] {dagbag.py:500} INFO - Filling up the DagBag from /home/airflow/.local/lib/python3.8/site-packages/airflow/example_dags/example_short_circuit_operator.py
[2023-11-04 14:12:21,587] {processor.py:654} INFO - DAG(s) dict_keys(['example_short_circuit_operator']) retrieved from /home/airflow/.local/lib/python3.8/site-packages/airflow/example_dags/example_short_circuit_operator.py
[2023-11-04 14:12:21,602] {logging_mixin.py:109} INFO - [2023-11-04 14:12:21,602] {dag.py:2398} INFO - Sync 1 DAGs
[2023-11-04 14:12:21,624] {logging_mixin.py:109} INFO - [2023-11-04 14:12:21,623] {dag.py:2937} INFO - Setting next_dagrun for example_short_circuit_operator to 2023-11-03T14:12:21.623503+00:00
[2023-11-04 14:12:21,637] {processor.py:171} INFO - Processing /home/airflow/.local/lib/python3.8/site-packages/airflow/example_dags/example_short_circuit_operator.py took 0.109 seconds
[2023-11-04 14:12:52,885] {processor.py:163} INFO - Started process (PID=161) to work on /home/airflow/.local/lib/python3.8/site-packages/airflow/example_dags/example_short_circuit_operator.py
[2023-11-04 14:12:52,888] {processor.py:642} INFO - Processing file /home/airflow/.local/lib/python3.8/site-packages/airflow/example_dags/example_short_circuit_operator.py for tasks to queue
[2023-11-04 14:12:52,890] {logging_mixin.py:109} INFO - [2023-11-04 14:12:52,890] {dagbag.py:500} INFO - Filling up the DagBag from /home/airflow/.local/lib/python3.8/site-packages/airflow/example_dags/example_short_circuit_operator.py
[2023-11-04 14:12:52,951] {processor.py:654} INFO - DAG(s) dict_keys(['example_short_circuit_operator']) retrieved from /home/airflow/.local/lib/python3.8/site-packages/airflow/example_dags/example_short_circuit_operator.py
[2023-11-04 14:12:52,967] {logging_mixin.py:109} INFO - [2023-11-04 14:12:52,967] {dag.py:2398} INFO - Sync 1 DAGs
[2023-11-04 14:12:52,990] {logging_mixin.py:109} INFO - [2023-11-04 14:12:52,990] {dag.py:2937} INFO - Setting next_dagrun for example_short_circuit_operator to 2023-11-03T14:12:52.989765+00:00
[2023-11-04 14:12:53,002] {processor.py:171} INFO - Processing /home/airflow/.local/lib/python3.8/site-packages/airflow/example_dags/example_short_circuit_operator.py took 0.130 seconds
[2023-11-04 14:13:23,364] {processor.py:163} INFO - Started process (PID=210) to work on /home/airflow/.local/lib/python3.8/site-packages/airflow/example_dags/example_short_circuit_operator.py
[2023-11-04 14:13:23,367] {processor.py:642} INFO - Processing file /home/airflow/.local/lib/python3.8/site-packages/airflow/example_dags/example_short_circuit_operator.py for tasks to queue
[2023-11-04 14:13:23,369] {logging_mixin.py:109} INFO - [2023-11-04 14:13:23,369] {dagbag.py:500} INFO - Filling up the DagBag from /home/airflow/.local/lib/python3.8/site-packages/airflow/example_dags/example_short_circuit_operator.py
[2023-11-04 14:13:23,422] {processor.py:654} INFO - DAG(s) dict_keys(['example_short_circuit_operator']) retrieved from /home/airflow/.local/lib/python3.8/site-packages/airflow/example_dags/example_short_circuit_operator.py
[2023-11-04 14:13:23,440] {logging_mixin.py:109} INFO - [2023-11-04 14:13:23,440] {dag.py:2398} INFO - Sync 1 DAGs
[2023-11-04 14:13:23,463] {logging_mixin.py:109} INFO - [2023-11-04 14:13:23,463] {dag.py:2937} INFO - Setting next_dagrun for example_short_circuit_operator to 2023-11-03T14:13:23.462713+00:00
[2023-11-04 14:13:23,476] {processor.py:171} INFO - Processing /home/airflow/.local/lib/python3.8/site-packages/airflow/example_dags/example_short_circuit_operator.py took 0.118 seconds
[2023-11-04 14:13:54,236] {processor.py:163} INFO - Started process (PID=268) to work on /home/airflow/.local/lib/python3.8/site-packages/airflow/example_dags/example_short_circuit_operator.py
[2023-11-04 14:13:54,243] {processor.py:642} INFO - Processing file /home/airflow/.local/lib/python3.8/site-packages/airflow/example_dags/example_short_circuit_operator.py for tasks to queue
[2023-11-04 14:13:54,249] {logging_mixin.py:109} INFO - [2023-11-04 14:13:54,248] {dagbag.py:500} INFO - Filling up the DagBag from /home/airflow/.local/lib/python3.8/site-packages/airflow/example_dags/example_short_circuit_operator.py
[2023-11-04 14:13:54,331] {processor.py:654} INFO - DAG(s) dict_keys(['example_short_circuit_operator']) retrieved from /home/airflow/.local/lib/python3.8/site-packages/airflow/example_dags/example_short_circuit_operator.py
[2023-11-04 14:13:54,353] {logging_mixin.py:109} INFO - [2023-11-04 14:13:54,353] {dag.py:2398} INFO - Sync 1 DAGs
[2023-11-04 14:13:54,381] {logging_mixin.py:109} INFO - [2023-11-04 14:13:54,381] {dag.py:2937} INFO - Setting next_dagrun for example_short_circuit_operator to 2023-11-03T14:13:54.380753+00:00
[2023-11-04 14:13:54,400] {processor.py:171} INFO - Processing /home/airflow/.local/lib/python3.8/site-packages/airflow/example_dags/example_short_circuit_operator.py took 0.177 seconds
[2023-11-04 14:14:24,645] {processor.py:163} INFO - Started process (PID=316) to work on /home/airflow/.local/lib/python3.8/site-packages/airflow/example_dags/example_short_circuit_operator.py
[2023-11-04 14:14:24,648] {processor.py:642} INFO - Processing file /home/airflow/.local/lib/python3.8/site-packages/airflow/example_dags/example_short_circuit_operator.py for tasks to queue
[2023-11-04 14:14:24,652] {logging_mixin.py:109} INFO - [2023-11-04 14:14:24,652] {dagbag.py:500} INFO - Filling up the DagBag from /home/airflow/.local/lib/python3.8/site-packages/airflow/example_dags/example_short_circuit_operator.py
[2023-11-04 14:14:24,719] {processor.py:654} INFO - DAG(s) dict_keys(['example_short_circuit_operator']) retrieved from /home/airflow/.local/lib/python3.8/site-packages/airflow/example_dags/example_short_circuit_operator.py
[2023-11-04 14:14:24,741] {logging_mixin.py:109} INFO - [2023-11-04 14:14:24,741] {dag.py:2398} INFO - Sync 1 DAGs
[2023-11-04 14:14:24,763] {logging_mixin.py:109} INFO - [2023-11-04 14:14:24,763] {dag.py:2937} INFO - Setting next_dagrun for example_short_circuit_operator to 2023-11-03T14:14:24.762939+00:00
[2023-11-04 14:14:24,776] {processor.py:171} INFO - Processing /home/airflow/.local/lib/python3.8/site-packages/airflow/example_dags/example_short_circuit_operator.py took 0.139 seconds
[2023-11-04 14:14:55,256] {processor.py:163} INFO - Started process (PID=365) to work on /home/airflow/.local/lib/python3.8/site-packages/airflow/example_dags/example_short_circuit_operator.py
[2023-11-04 14:14:55,258] {processor.py:642} INFO - Processing file /home/airflow/.local/lib/python3.8/site-packages/airflow/example_dags/example_short_circuit_operator.py for tasks to queue
[2023-11-04 14:14:55,260] {logging_mixin.py:109} INFO - [2023-11-04 14:14:55,260] {dagbag.py:500} INFO - Filling up the DagBag from /home/airflow/.local/lib/python3.8/site-packages/airflow/example_dags/example_short_circuit_operator.py
[2023-11-04 14:14:55,316] {processor.py:654} INFO - DAG(s) dict_keys(['example_short_circuit_operator']) retrieved from /home/airflow/.local/lib/python3.8/site-packages/airflow/example_dags/example_short_circuit_operator.py
[2023-11-04 14:14:55,351] {logging_mixin.py:109} INFO - [2023-11-04 14:14:55,351] {dag.py:2398} INFO - Sync 1 DAGs
[2023-11-04 14:14:55,377] {logging_mixin.py:109} INFO - [2023-11-04 14:14:55,377] {dag.py:2937} INFO - Setting next_dagrun for example_short_circuit_operator to 2023-11-03T14:14:55.375439+00:00
[2023-11-04 14:14:55,394] {processor.py:171} INFO - Processing /home/airflow/.local/lib/python3.8/site-packages/airflow/example_dags/example_short_circuit_operator.py took 0.144 seconds
[2023-11-04 14:15:25,744] {processor.py:163} INFO - Started process (PID=422) to work on /home/airflow/.local/lib/python3.8/site-packages/airflow/example_dags/example_short_circuit_operator.py
[2023-11-04 14:15:25,747] {processor.py:642} INFO - Processing file /home/airflow/.local/lib/python3.8/site-packages/airflow/example_dags/example_short_circuit_operator.py for tasks to queue
[2023-11-04 14:15:25,749] {logging_mixin.py:109} INFO - [2023-11-04 14:15:25,748] {dagbag.py:500} INFO - Filling up the DagBag from /home/airflow/.local/lib/python3.8/site-packages/airflow/example_dags/example_short_circuit_operator.py
[2023-11-04 14:15:25,798] {processor.py:654} INFO - DAG(s) dict_keys(['example_short_circuit_operator']) retrieved from /home/airflow/.local/lib/python3.8/site-packages/airflow/example_dags/example_short_circuit_operator.py
[2023-11-04 14:15:25,814] {logging_mixin.py:109} INFO - [2023-11-04 14:15:25,813] {dag.py:2398} INFO - Sync 1 DAGs
[2023-11-04 14:15:25,835] {logging_mixin.py:109} INFO - [2023-11-04 14:15:25,835] {dag.py:2937} INFO - Setting next_dagrun for example_short_circuit_operator to 2023-11-03T14:15:25.835370+00:00
[2023-11-04 14:15:25,848] {processor.py:171} INFO - Processing /home/airflow/.local/lib/python3.8/site-packages/airflow/example_dags/example_short_circuit_operator.py took 0.109 seconds
[2023-11-04 14:15:55,988] {processor.py:163} INFO - Started process (PID=471) to work on /home/airflow/.local/lib/python3.8/site-packages/airflow/example_dags/example_short_circuit_operator.py
[2023-11-04 14:15:55,990] {processor.py:642} INFO - Processing file /home/airflow/.local/lib/python3.8/site-packages/airflow/example_dags/example_short_circuit_operator.py for tasks to queue
[2023-11-04 14:15:55,992] {logging_mixin.py:109} INFO - [2023-11-04 14:15:55,992] {dagbag.py:500} INFO - Filling up the DagBag from /home/airflow/.local/lib/python3.8/site-packages/airflow/example_dags/example_short_circuit_operator.py
[2023-11-04 14:15:56,046] {processor.py:654} INFO - DAG(s) dict_keys(['example_short_circuit_operator']) retrieved from /home/airflow/.local/lib/python3.8/site-packages/airflow/example_dags/example_short_circuit_operator.py
[2023-11-04 14:15:56,060] {logging_mixin.py:109} INFO - [2023-11-04 14:15:56,060] {dag.py:2398} INFO - Sync 1 DAGs
[2023-11-04 14:15:56,080] {logging_mixin.py:109} INFO - [2023-11-04 14:15:56,079] {dag.py:2937} INFO - Setting next_dagrun for example_short_circuit_operator to 2023-11-03T14:15:56.079539+00:00
[2023-11-04 14:15:56,091] {processor.py:171} INFO - Processing /home/airflow/.local/lib/python3.8/site-packages/airflow/example_dags/example_short_circuit_operator.py took 0.109 seconds
[2023-11-04 14:16:27,308] {processor.py:163} INFO - Started process (PID=528) to work on /home/airflow/.local/lib/python3.8/site-packages/airflow/example_dags/example_short_circuit_operator.py
[2023-11-04 14:16:27,311] {processor.py:642} INFO - Processing file /home/airflow/.local/lib/python3.8/site-packages/airflow/example_dags/example_short_circuit_operator.py for tasks to queue
[2023-11-04 14:16:27,313] {logging_mixin.py:109} INFO - [2023-11-04 14:16:27,313] {dagbag.py:500} INFO - Filling up the DagBag from /home/airflow/.local/lib/python3.8/site-packages/airflow/example_dags/example_short_circuit_operator.py
[2023-11-04 14:16:27,386] {processor.py:654} INFO - DAG(s) dict_keys(['example_short_circuit_operator']) retrieved from /home/airflow/.local/lib/python3.8/site-packages/airflow/example_dags/example_short_circuit_operator.py
[2023-11-04 14:16:27,410] {logging_mixin.py:109} INFO - [2023-11-04 14:16:27,410] {dag.py:2398} INFO - Sync 1 DAGs
[2023-11-04 14:16:27,437] {logging_mixin.py:109} INFO - [2023-11-04 14:16:27,437] {dag.py:2937} INFO - Setting next_dagrun for example_short_circuit_operator to 2023-11-03T14:16:27.436698+00:00
[2023-11-04 14:16:27,449] {processor.py:171} INFO - Processing /home/airflow/.local/lib/python3.8/site-packages/airflow/example_dags/example_short_circuit_operator.py took 0.147 seconds
[2023-11-04 14:16:58,110] {processor.py:163} INFO - Started process (PID=577) to work on /home/airflow/.local/lib/python3.8/site-packages/airflow/example_dags/example_short_circuit_operator.py
[2023-11-04 14:16:58,112] {processor.py:642} INFO - Processing file /home/airflow/.local/lib/python3.8/site-packages/airflow/example_dags/example_short_circuit_operator.py for tasks to queue
[2023-11-04 14:16:58,114] {logging_mixin.py:109} INFO - [2023-11-04 14:16:58,114] {dagbag.py:500} INFO - Filling up the DagBag from /home/airflow/.local/lib/python3.8/site-packages/airflow/example_dags/example_short_circuit_operator.py
[2023-11-04 14:16:58,164] {processor.py:654} INFO - DAG(s) dict_keys(['example_short_circuit_operator']) retrieved from /home/airflow/.local/lib/python3.8/site-packages/airflow/example_dags/example_short_circuit_operator.py
[2023-11-04 14:16:58,180] {logging_mixin.py:109} INFO - [2023-11-04 14:16:58,180] {dag.py:2398} INFO - Sync 1 DAGs
[2023-11-04 14:16:58,205] {logging_mixin.py:109} INFO - [2023-11-04 14:16:58,205] {dag.py:2937} INFO - Setting next_dagrun for example_short_circuit_operator to 2023-11-03T14:16:58.204561+00:00
[2023-11-04 14:16:58,217] {processor.py:171} INFO - Processing /home/airflow/.local/lib/python3.8/site-packages/airflow/example_dags/example_short_circuit_operator.py took 0.112 seconds
[2023-11-04 14:17:29,365] {processor.py:163} INFO - Started process (PID=626) to work on /home/airflow/.local/lib/python3.8/site-packages/airflow/example_dags/example_short_circuit_operator.py
[2023-11-04 14:17:29,369] {processor.py:642} INFO - Processing file /home/airflow/.local/lib/python3.8/site-packages/airflow/example_dags/example_short_circuit_operator.py for tasks to queue
[2023-11-04 14:17:29,372] {logging_mixin.py:109} INFO - [2023-11-04 14:17:29,372] {dagbag.py:500} INFO - Filling up the DagBag from /home/airflow/.local/lib/python3.8/site-packages/airflow/example_dags/example_short_circuit_operator.py
[2023-11-04 14:17:29,434] {processor.py:654} INFO - DAG(s) dict_keys(['example_short_circuit_operator']) retrieved from /home/airflow/.local/lib/python3.8/site-packages/airflow/example_dags/example_short_circuit_operator.py
[2023-11-04 14:17:29,454] {logging_mixin.py:109} INFO - [2023-11-04 14:17:29,454] {dag.py:2398} INFO - Sync 1 DAGs
[2023-11-04 14:17:29,483] {logging_mixin.py:109} INFO - [2023-11-04 14:17:29,482] {dag.py:2937} INFO - Setting next_dagrun for example_short_circuit_operator to 2023-11-03T14:17:29.482392+00:00
[2023-11-04 14:17:29,496] {processor.py:171} INFO - Processing /home/airflow/.local/lib/python3.8/site-packages/airflow/example_dags/example_short_circuit_operator.py took 0.136 seconds
[2023-11-04 14:17:59,977] {processor.py:163} INFO - Started process (PID=683) to work on /home/airflow/.local/lib/python3.8/site-packages/airflow/example_dags/example_short_circuit_operator.py
[2023-11-04 14:17:59,980] {processor.py:642} INFO - Processing file /home/airflow/.local/lib/python3.8/site-packages/airflow/example_dags/example_short_circuit_operator.py for tasks to queue
[2023-11-04 14:17:59,982] {logging_mixin.py:109} INFO - [2023-11-04 14:17:59,982] {dagbag.py:500} INFO - Filling up the DagBag from /home/airflow/.local/lib/python3.8/site-packages/airflow/example_dags/example_short_circuit_operator.py
[2023-11-04 14:18:00,033] {processor.py:654} INFO - DAG(s) dict_keys(['example_short_circuit_operator']) retrieved from /home/airflow/.local/lib/python3.8/site-packages/airflow/example_dags/example_short_circuit_operator.py
[2023-11-04 14:18:00,049] {logging_mixin.py:109} INFO - [2023-11-04 14:18:00,048] {dag.py:2398} INFO - Sync 1 DAGs
[2023-11-04 14:18:00,070] {logging_mixin.py:109} INFO - [2023-11-04 14:18:00,070] {dag.py:2937} INFO - Setting next_dagrun for example_short_circuit_operator to 2023-11-03T14:18:00.069636+00:00
[2023-11-04 14:18:00,083] {processor.py:171} INFO - Processing /home/airflow/.local/lib/python3.8/site-packages/airflow/example_dags/example_short_circuit_operator.py took 0.112 seconds
[2023-11-04 14:18:30,875] {processor.py:163} INFO - Started process (PID=733) to work on /home/airflow/.local/lib/python3.8/site-packages/airflow/example_dags/example_short_circuit_operator.py
[2023-11-04 14:18:30,878] {processor.py:642} INFO - Processing file /home/airflow/.local/lib/python3.8/site-packages/airflow/example_dags/example_short_circuit_operator.py for tasks to queue
[2023-11-04 14:18:30,880] {logging_mixin.py:109} INFO - [2023-11-04 14:18:30,879] {dagbag.py:500} INFO - Filling up the DagBag from /home/airflow/.local/lib/python3.8/site-packages/airflow/example_dags/example_short_circuit_operator.py
[2023-11-04 14:18:30,926] {processor.py:654} INFO - DAG(s) dict_keys(['example_short_circuit_operator']) retrieved from /home/airflow/.local/lib/python3.8/site-packages/airflow/example_dags/example_short_circuit_operator.py
[2023-11-04 14:18:30,940] {logging_mixin.py:109} INFO - [2023-11-04 14:18:30,940] {dag.py:2398} INFO - Sync 1 DAGs
[2023-11-04 14:18:30,960] {logging_mixin.py:109} INFO - [2023-11-04 14:18:30,960] {dag.py:2937} INFO - Setting next_dagrun for example_short_circuit_operator to 2023-11-03T14:18:30.959972+00:00
[2023-11-04 14:18:30,972] {processor.py:171} INFO - Processing /home/airflow/.local/lib/python3.8/site-packages/airflow/example_dags/example_short_circuit_operator.py took 0.101 seconds
[2023-11-04 14:19:02,251] {processor.py:163} INFO - Started process (PID=789) to work on /home/airflow/.local/lib/python3.8/site-packages/airflow/example_dags/example_short_circuit_operator.py
[2023-11-04 14:19:02,254] {processor.py:642} INFO - Processing file /home/airflow/.local/lib/python3.8/site-packages/airflow/example_dags/example_short_circuit_operator.py for tasks to queue
[2023-11-04 14:19:02,255] {logging_mixin.py:109} INFO - [2023-11-04 14:19:02,255] {dagbag.py:500} INFO - Filling up the DagBag from /home/airflow/.local/lib/python3.8/site-packages/airflow/example_dags/example_short_circuit_operator.py
[2023-11-04 14:19:02,304] {processor.py:654} INFO - DAG(s) dict_keys(['example_short_circuit_operator']) retrieved from /home/airflow/.local/lib/python3.8/site-packages/airflow/example_dags/example_short_circuit_operator.py
[2023-11-04 14:19:02,322] {logging_mixin.py:109} INFO - [2023-11-04 14:19:02,322] {dag.py:2398} INFO - Sync 1 DAGs
[2023-11-04 14:19:02,351] {logging_mixin.py:109} INFO - [2023-11-04 14:19:02,351] {dag.py:2937} INFO - Setting next_dagrun for example_short_circuit_operator to 2023-11-03T14:19:02.350783+00:00
[2023-11-04 14:19:02,365] {processor.py:171} INFO - Processing /home/airflow/.local/lib/python3.8/site-packages/airflow/example_dags/example_short_circuit_operator.py took 0.118 seconds
[2023-11-04 14:19:33,528] {processor.py:163} INFO - Started process (PID=839) to work on /home/airflow/.local/lib/python3.8/site-packages/airflow/example_dags/example_short_circuit_operator.py
[2023-11-04 14:19:33,531] {processor.py:642} INFO - Processing file /home/airflow/.local/lib/python3.8/site-packages/airflow/example_dags/example_short_circuit_operator.py for tasks to queue
[2023-11-04 14:19:33,533] {logging_mixin.py:109} INFO - [2023-11-04 14:19:33,533] {dagbag.py:500} INFO - Filling up the DagBag from /home/airflow/.local/lib/python3.8/site-packages/airflow/example_dags/example_short_circuit_operator.py
[2023-11-04 14:19:33,616] {processor.py:654} INFO - DAG(s) dict_keys(['example_short_circuit_operator']) retrieved from /home/airflow/.local/lib/python3.8/site-packages/airflow/example_dags/example_short_circuit_operator.py
[2023-11-04 14:19:33,644] {logging_mixin.py:109} INFO - [2023-11-04 14:19:33,644] {dag.py:2398} INFO - Sync 1 DAGs
[2023-11-04 14:19:33,673] {logging_mixin.py:109} INFO - [2023-11-04 14:19:33,672] {dag.py:2937} INFO - Setting next_dagrun for example_short_circuit_operator to 2023-11-03T14:19:33.672417+00:00
[2023-11-04 14:19:33,688] {processor.py:171} INFO - Processing /home/airflow/.local/lib/python3.8/site-packages/airflow/example_dags/example_short_circuit_operator.py took 0.166 seconds
[2023-11-04 14:20:04,338] {processor.py:163} INFO - Started process (PID=888) to work on /home/airflow/.local/lib/python3.8/site-packages/airflow/example_dags/example_short_circuit_operator.py
[2023-11-04 14:20:04,340] {processor.py:642} INFO - Processing file /home/airflow/.local/lib/python3.8/site-packages/airflow/example_dags/example_short_circuit_operator.py for tasks to queue
[2023-11-04 14:20:04,342] {logging_mixin.py:109} INFO - [2023-11-04 14:20:04,341] {dagbag.py:500} INFO - Filling up the DagBag from /home/airflow/.local/lib/python3.8/site-packages/airflow/example_dags/example_short_circuit_operator.py
[2023-11-04 14:20:04,391] {processor.py:654} INFO - DAG(s) dict_keys(['example_short_circuit_operator']) retrieved from /home/airflow/.local/lib/python3.8/site-packages/airflow/example_dags/example_short_circuit_operator.py
[2023-11-04 14:20:04,408] {logging_mixin.py:109} INFO - [2023-11-04 14:20:04,408] {dag.py:2398} INFO - Sync 1 DAGs
[2023-11-04 14:20:04,427] {logging_mixin.py:109} INFO - [2023-11-04 14:20:04,427] {dag.py:2937} INFO - Setting next_dagrun for example_short_circuit_operator to 2023-11-03T14:20:04.427346+00:00
[2023-11-04 14:20:04,440] {processor.py:171} INFO - Processing /home/airflow/.local/lib/python3.8/site-packages/airflow/example_dags/example_short_circuit_operator.py took 0.107 seconds
[2023-11-04 14:20:34,861] {processor.py:163} INFO - Started process (PID=939) to work on /home/airflow/.local/lib/python3.8/site-packages/airflow/example_dags/example_short_circuit_operator.py
[2023-11-04 14:20:34,863] {processor.py:642} INFO - Processing file /home/airflow/.local/lib/python3.8/site-packages/airflow/example_dags/example_short_circuit_operator.py for tasks to queue
[2023-11-04 14:20:34,865] {logging_mixin.py:109} INFO - [2023-11-04 14:20:34,865] {dagbag.py:500} INFO - Filling up the DagBag from /home/airflow/.local/lib/python3.8/site-packages/airflow/example_dags/example_short_circuit_operator.py
[2023-11-04 14:20:34,969] {processor.py:654} INFO - DAG(s) dict_keys(['example_short_circuit_operator']) retrieved from /home/airflow/.local/lib/python3.8/site-packages/airflow/example_dags/example_short_circuit_operator.py
[2023-11-04 14:20:35,002] {logging_mixin.py:109} INFO - [2023-11-04 14:20:35,001] {dag.py:2398} INFO - Sync 1 DAGs
[2023-11-04 14:20:35,037] {logging_mixin.py:109} INFO - [2023-11-04 14:20:35,037] {dag.py:2937} INFO - Setting next_dagrun for example_short_circuit_operator to 2023-11-03T14:20:35.036884+00:00
[2023-11-04 14:20:35,057] {processor.py:171} INFO - Processing /home/airflow/.local/lib/python3.8/site-packages/airflow/example_dags/example_short_circuit_operator.py took 0.202 seconds
[2023-11-04 14:21:06,027] {processor.py:163} INFO - Started process (PID=997) to work on /home/airflow/.local/lib/python3.8/site-packages/airflow/example_dags/example_short_circuit_operator.py
[2023-11-04 14:21:06,030] {processor.py:642} INFO - Processing file /home/airflow/.local/lib/python3.8/site-packages/airflow/example_dags/example_short_circuit_operator.py for tasks to queue
[2023-11-04 14:21:06,032] {logging_mixin.py:109} INFO - [2023-11-04 14:21:06,032] {dagbag.py:500} INFO - Filling up the DagBag from /home/airflow/.local/lib/python3.8/site-packages/airflow/example_dags/example_short_circuit_operator.py
[2023-11-04 14:21:06,077] {processor.py:654} INFO - DAG(s) dict_keys(['example_short_circuit_operator']) retrieved from /home/airflow/.local/lib/python3.8/site-packages/airflow/example_dags/example_short_circuit_operator.py
[2023-11-04 14:21:06,092] {logging_mixin.py:109} INFO - [2023-11-04 14:21:06,091] {dag.py:2398} INFO - Sync 1 DAGs
[2023-11-04 14:21:06,112] {logging_mixin.py:109} INFO - [2023-11-04 14:21:06,112] {dag.py:2937} INFO - Setting next_dagrun for example_short_circuit_operator to 2023-11-03T14:21:06.111895+00:00
[2023-11-04 14:21:06,123] {processor.py:171} INFO - Processing /home/airflow/.local/lib/python3.8/site-packages/airflow/example_dags/example_short_circuit_operator.py took 0.101 seconds
[2023-11-04 14:21:36,526] {processor.py:163} INFO - Started process (PID=1048) to work on /home/airflow/.local/lib/python3.8/site-packages/airflow/example_dags/example_short_circuit_operator.py
[2023-11-04 14:21:36,529] {processor.py:642} INFO - Processing file /home/airflow/.local/lib/python3.8/site-packages/airflow/example_dags/example_short_circuit_operator.py for tasks to queue
[2023-11-04 14:21:36,531] {logging_mixin.py:109} INFO - [2023-11-04 14:21:36,531] {dagbag.py:500} INFO - Filling up the DagBag from /home/airflow/.local/lib/python3.8/site-packages/airflow/example_dags/example_short_circuit_operator.py
[2023-11-04 14:21:36,588] {processor.py:654} INFO - DAG(s) dict_keys(['example_short_circuit_operator']) retrieved from /home/airflow/.local/lib/python3.8/site-packages/airflow/example_dags/example_short_circuit_operator.py
[2023-11-04 14:21:36,612] {logging_mixin.py:109} INFO - [2023-11-04 14:21:36,612] {dag.py:2398} INFO - Sync 1 DAGs
[2023-11-04 14:21:36,644] {logging_mixin.py:109} INFO - [2023-11-04 14:21:36,643] {dag.py:2937} INFO - Setting next_dagrun for example_short_circuit_operator to 2023-11-03T14:21:36.643574+00:00
[2023-11-04 14:21:36,656] {processor.py:171} INFO - Processing /home/airflow/.local/lib/python3.8/site-packages/airflow/example_dags/example_short_circuit_operator.py took 0.134 seconds
[2023-11-04 14:22:07,843] {processor.py:163} INFO - Started process (PID=1105) to work on /home/airflow/.local/lib/python3.8/site-packages/airflow/example_dags/example_short_circuit_operator.py
[2023-11-04 14:22:07,845] {processor.py:642} INFO - Processing file /home/airflow/.local/lib/python3.8/site-packages/airflow/example_dags/example_short_circuit_operator.py for tasks to queue
[2023-11-04 14:22:07,847] {logging_mixin.py:109} INFO - [2023-11-04 14:22:07,847] {dagbag.py:500} INFO - Filling up the DagBag from /home/airflow/.local/lib/python3.8/site-packages/airflow/example_dags/example_short_circuit_operator.py
[2023-11-04 14:22:07,894] {processor.py:654} INFO - DAG(s) dict_keys(['example_short_circuit_operator']) retrieved from /home/airflow/.local/lib/python3.8/site-packages/airflow/example_dags/example_short_circuit_operator.py
[2023-11-04 14:22:07,911] {logging_mixin.py:109} INFO - [2023-11-04 14:22:07,911] {dag.py:2398} INFO - Sync 1 DAGs
[2023-11-04 14:22:07,933] {logging_mixin.py:109} INFO - [2023-11-04 14:22:07,933] {dag.py:2937} INFO - Setting next_dagrun for example_short_circuit_operator to 2023-11-03T14:22:07.932985+00:00
[2023-11-04 14:22:07,946] {processor.py:171} INFO - Processing /home/airflow/.local/lib/python3.8/site-packages/airflow/example_dags/example_short_circuit_operator.py took 0.110 seconds
[2023-11-04 14:22:38,843] {processor.py:163} INFO - Started process (PID=1154) to work on /home/airflow/.local/lib/python3.8/site-packages/airflow/example_dags/example_short_circuit_operator.py
[2023-11-04 14:22:38,845] {processor.py:642} INFO - Processing file /home/airflow/.local/lib/python3.8/site-packages/airflow/example_dags/example_short_circuit_operator.py for tasks to queue
[2023-11-04 14:22:38,848] {logging_mixin.py:109} INFO - [2023-11-04 14:22:38,847] {dagbag.py:500} INFO - Filling up the DagBag from /home/airflow/.local/lib/python3.8/site-packages/airflow/example_dags/example_short_circuit_operator.py
[2023-11-04 14:22:38,897] {processor.py:654} INFO - DAG(s) dict_keys(['example_short_circuit_operator']) retrieved from /home/airflow/.local/lib/python3.8/site-packages/airflow/example_dags/example_short_circuit_operator.py
[2023-11-04 14:22:38,914] {logging_mixin.py:109} INFO - [2023-11-04 14:22:38,913] {dag.py:2398} INFO - Sync 1 DAGs
[2023-11-04 14:22:38,934] {logging_mixin.py:109} INFO - [2023-11-04 14:22:38,934] {dag.py:2937} INFO - Setting next_dagrun for example_short_circuit_operator to 2023-11-03T14:22:38.933992+00:00
[2023-11-04 14:22:38,945] {processor.py:171} INFO - Processing /home/airflow/.local/lib/python3.8/site-packages/airflow/example_dags/example_short_circuit_operator.py took 0.107 seconds
[2023-11-04 14:23:10,668] {processor.py:163} INFO - Started process (PID=1211) to work on /home/airflow/.local/lib/python3.8/site-packages/airflow/example_dags/example_short_circuit_operator.py
[2023-11-04 14:23:10,672] {processor.py:642} INFO - Processing file /home/airflow/.local/lib/python3.8/site-packages/airflow/example_dags/example_short_circuit_operator.py for tasks to queue
[2023-11-04 14:23:10,675] {logging_mixin.py:109} INFO - [2023-11-04 14:23:10,674] {dagbag.py:500} INFO - Filling up the DagBag from /home/airflow/.local/lib/python3.8/site-packages/airflow/example_dags/example_short_circuit_operator.py
[2023-11-04 14:23:10,735] {processor.py:654} INFO - DAG(s) dict_keys(['example_short_circuit_operator']) retrieved from /home/airflow/.local/lib/python3.8/site-packages/airflow/example_dags/example_short_circuit_operator.py
[2023-11-04 14:23:10,751] {logging_mixin.py:109} INFO - [2023-11-04 14:23:10,751] {dag.py:2398} INFO - Sync 1 DAGs
[2023-11-04 14:23:10,776] {logging_mixin.py:109} INFO - [2023-11-04 14:23:10,776] {dag.py:2937} INFO - Setting next_dagrun for example_short_circuit_operator to 2023-11-03T14:23:10.776003+00:00
[2023-11-04 14:23:10,790] {processor.py:171} INFO - Processing /home/airflow/.local/lib/python3.8/site-packages/airflow/example_dags/example_short_circuit_operator.py took 0.129 seconds
[2023-11-04 14:23:41,559] {processor.py:163} INFO - Started process (PID=1260) to work on /home/airflow/.local/lib/python3.8/site-packages/airflow/example_dags/example_short_circuit_operator.py
[2023-11-04 14:23:41,561] {processor.py:642} INFO - Processing file /home/airflow/.local/lib/python3.8/site-packages/airflow/example_dags/example_short_circuit_operator.py for tasks to queue
[2023-11-04 14:23:41,563] {logging_mixin.py:109} INFO - [2023-11-04 14:23:41,563] {dagbag.py:500} INFO - Filling up the DagBag from /home/airflow/.local/lib/python3.8/site-packages/airflow/example_dags/example_short_circuit_operator.py
[2023-11-04 14:23:41,615] {processor.py:654} INFO - DAG(s) dict_keys(['example_short_circuit_operator']) retrieved from /home/airflow/.local/lib/python3.8/site-packages/airflow/example_dags/example_short_circuit_operator.py
[2023-11-04 14:23:41,631] {logging_mixin.py:109} INFO - [2023-11-04 14:23:41,630] {dag.py:2398} INFO - Sync 1 DAGs
[2023-11-04 14:23:41,656] {logging_mixin.py:109} INFO - [2023-11-04 14:23:41,655] {dag.py:2937} INFO - Setting next_dagrun for example_short_circuit_operator to 2023-11-03T14:23:41.655471+00:00
[2023-11-04 14:23:41,668] {processor.py:171} INFO - Processing /home/airflow/.local/lib/python3.8/site-packages/airflow/example_dags/example_short_circuit_operator.py took 0.114 seconds
[2023-11-04 14:24:12,368] {processor.py:163} INFO - Started process (PID=1309) to work on /home/airflow/.local/lib/python3.8/site-packages/airflow/example_dags/example_short_circuit_operator.py
[2023-11-04 14:24:12,371] {processor.py:642} INFO - Processing file /home/airflow/.local/lib/python3.8/site-packages/airflow/example_dags/example_short_circuit_operator.py for tasks to queue
[2023-11-04 14:24:12,372] {logging_mixin.py:109} INFO - [2023-11-04 14:24:12,372] {dagbag.py:500} INFO - Filling up the DagBag from /home/airflow/.local/lib/python3.8/site-packages/airflow/example_dags/example_short_circuit_operator.py
[2023-11-04 14:24:12,422] {processor.py:654} INFO - DAG(s) dict_keys(['example_short_circuit_operator']) retrieved from /home/airflow/.local/lib/python3.8/site-packages/airflow/example_dags/example_short_circuit_operator.py
[2023-11-04 14:24:12,439] {logging_mixin.py:109} INFO - [2023-11-04 14:24:12,439] {dag.py:2398} INFO - Sync 1 DAGs
[2023-11-04 14:24:12,459] {logging_mixin.py:109} INFO - [2023-11-04 14:24:12,459] {dag.py:2937} INFO - Setting next_dagrun for example_short_circuit_operator to 2023-11-03T14:24:12.459268+00:00
[2023-11-04 14:24:12,470] {processor.py:171} INFO - Processing /home/airflow/.local/lib/python3.8/site-packages/airflow/example_dags/example_short_circuit_operator.py took 0.107 seconds
[2023-11-04 14:24:42,768] {processor.py:163} INFO - Started process (PID=1366) to work on /home/airflow/.local/lib/python3.8/site-packages/airflow/example_dags/example_short_circuit_operator.py
[2023-11-04 14:24:42,772] {processor.py:642} INFO - Processing file /home/airflow/.local/lib/python3.8/site-packages/airflow/example_dags/example_short_circuit_operator.py for tasks to queue
[2023-11-04 14:24:42,774] {logging_mixin.py:109} INFO - [2023-11-04 14:24:42,773] {dagbag.py:500} INFO - Filling up the DagBag from /home/airflow/.local/lib/python3.8/site-packages/airflow/example_dags/example_short_circuit_operator.py
[2023-11-04 14:24:42,820] {processor.py:654} INFO - DAG(s) dict_keys(['example_short_circuit_operator']) retrieved from /home/airflow/.local/lib/python3.8/site-packages/airflow/example_dags/example_short_circuit_operator.py
[2023-11-04 14:24:42,835] {logging_mixin.py:109} INFO - [2023-11-04 14:24:42,835] {dag.py:2398} INFO - Sync 1 DAGs
[2023-11-04 14:24:42,856] {logging_mixin.py:109} INFO - [2023-11-04 14:24:42,855] {dag.py:2937} INFO - Setting next_dagrun for example_short_circuit_operator to 2023-11-03T14:24:42.855383+00:00
[2023-11-04 14:24:42,867] {processor.py:171} INFO - Processing /home/airflow/.local/lib/python3.8/site-packages/airflow/example_dags/example_short_circuit_operator.py took 0.104 seconds
[2023-11-04 14:25:13,830] {processor.py:163} INFO - Started process (PID=1415) to work on /home/airflow/.local/lib/python3.8/site-packages/airflow/example_dags/example_short_circuit_operator.py
[2023-11-04 14:25:13,833] {processor.py:642} INFO - Processing file /home/airflow/.local/lib/python3.8/site-packages/airflow/example_dags/example_short_circuit_operator.py for tasks to queue
[2023-11-04 14:25:13,834] {logging_mixin.py:109} INFO - [2023-11-04 14:25:13,834] {dagbag.py:500} INFO - Filling up the DagBag from /home/airflow/.local/lib/python3.8/site-packages/airflow/example_dags/example_short_circuit_operator.py
[2023-11-04 14:25:13,887] {processor.py:654} INFO - DAG(s) dict_keys(['example_short_circuit_operator']) retrieved from /home/airflow/.local/lib/python3.8/site-packages/airflow/example_dags/example_short_circuit_operator.py
[2023-11-04 14:25:13,905] {logging_mixin.py:109} INFO - [2023-11-04 14:25:13,905] {dag.py:2398} INFO - Sync 1 DAGs
[2023-11-04 14:25:13,928] {logging_mixin.py:109} INFO - [2023-11-04 14:25:13,928] {dag.py:2937} INFO - Setting next_dagrun for example_short_circuit_operator to 2023-11-03T14:25:13.927997+00:00
[2023-11-04 14:25:13,941] {processor.py:171} INFO - Processing /home/airflow/.local/lib/python3.8/site-packages/airflow/example_dags/example_short_circuit_operator.py took 0.116 seconds
[2023-11-04 14:25:44,474] {processor.py:163} INFO - Started process (PID=1472) to work on /home/airflow/.local/lib/python3.8/site-packages/airflow/example_dags/example_short_circuit_operator.py
[2023-11-04 14:25:44,477] {processor.py:642} INFO - Processing file /home/airflow/.local/lib/python3.8/site-packages/airflow/example_dags/example_short_circuit_operator.py for tasks to queue
[2023-11-04 14:25:44,479] {logging_mixin.py:109} INFO - [2023-11-04 14:25:44,479] {dagbag.py:500} INFO - Filling up the DagBag from /home/airflow/.local/lib/python3.8/site-packages/airflow/example_dags/example_short_circuit_operator.py
[2023-11-04 14:25:44,531] {processor.py:654} INFO - DAG(s) dict_keys(['example_short_circuit_operator']) retrieved from /home/airflow/.local/lib/python3.8/site-packages/airflow/example_dags/example_short_circuit_operator.py
[2023-11-04 14:25:44,547] {logging_mixin.py:109} INFO - [2023-11-04 14:25:44,547] {dag.py:2398} INFO - Sync 1 DAGs
[2023-11-04 14:25:44,567] {logging_mixin.py:109} INFO - [2023-11-04 14:25:44,567] {dag.py:2937} INFO - Setting next_dagrun for example_short_circuit_operator to 2023-11-03T14:25:44.567305+00:00
[2023-11-04 14:25:44,581] {processor.py:171} INFO - Processing /home/airflow/.local/lib/python3.8/site-packages/airflow/example_dags/example_short_circuit_operator.py took 0.112 seconds
[2023-11-04 14:26:15,317] {processor.py:163} INFO - Started process (PID=1521) to work on /home/airflow/.local/lib/python3.8/site-packages/airflow/example_dags/example_short_circuit_operator.py
[2023-11-04 14:26:15,320] {processor.py:642} INFO - Processing file /home/airflow/.local/lib/python3.8/site-packages/airflow/example_dags/example_short_circuit_operator.py for tasks to queue
[2023-11-04 14:26:15,321] {logging_mixin.py:109} INFO - [2023-11-04 14:26:15,321] {dagbag.py:500} INFO - Filling up the DagBag from /home/airflow/.local/lib/python3.8/site-packages/airflow/example_dags/example_short_circuit_operator.py
[2023-11-04 14:26:15,367] {processor.py:654} INFO - DAG(s) dict_keys(['example_short_circuit_operator']) retrieved from /home/airflow/.local/lib/python3.8/site-packages/airflow/example_dags/example_short_circuit_operator.py
[2023-11-04 14:26:15,382] {logging_mixin.py:109} INFO - [2023-11-04 14:26:15,382] {dag.py:2398} INFO - Sync 1 DAGs
[2023-11-04 14:26:15,402] {logging_mixin.py:109} INFO - [2023-11-04 14:26:15,402] {dag.py:2937} INFO - Setting next_dagrun for example_short_circuit_operator to 2023-11-03T14:26:15.402313+00:00
[2023-11-04 14:26:15,414] {processor.py:171} INFO - Processing /home/airflow/.local/lib/python3.8/site-packages/airflow/example_dags/example_short_circuit_operator.py took 0.101 seconds
[2023-11-04 14:28:10,592] {processor.py:163} INFO - Started process (PID=56) to work on /home/airflow/.local/lib/python3.8/site-packages/airflow/example_dags/example_short_circuit_operator.py
[2023-11-04 14:28:10,597] {processor.py:642} INFO - Processing file /home/airflow/.local/lib/python3.8/site-packages/airflow/example_dags/example_short_circuit_operator.py for tasks to queue
[2023-11-04 14:28:10,600] {logging_mixin.py:109} INFO - [2023-11-04 14:28:10,599] {dagbag.py:500} INFO - Filling up the DagBag from /home/airflow/.local/lib/python3.8/site-packages/airflow/example_dags/example_short_circuit_operator.py
[2023-11-04 14:28:10,663] {processor.py:654} INFO - DAG(s) dict_keys(['example_short_circuit_operator']) retrieved from /home/airflow/.local/lib/python3.8/site-packages/airflow/example_dags/example_short_circuit_operator.py
[2023-11-04 14:28:10,687] {logging_mixin.py:109} INFO - [2023-11-04 14:28:10,687] {dag.py:2398} INFO - Sync 1 DAGs
[2023-11-04 14:28:10,716] {logging_mixin.py:109} INFO - [2023-11-04 14:28:10,716] {dag.py:2937} INFO - Setting next_dagrun for example_short_circuit_operator to 2023-11-03T14:28:10.715834+00:00
[2023-11-04 14:28:10,733] {processor.py:171} INFO - Processing /home/airflow/.local/lib/python3.8/site-packages/airflow/example_dags/example_short_circuit_operator.py took 0.148 seconds
[2023-11-04 14:28:40,874] {processor.py:163} INFO - Started process (PID=106) to work on /home/airflow/.local/lib/python3.8/site-packages/airflow/example_dags/example_short_circuit_operator.py
[2023-11-04 14:28:40,876] {processor.py:642} INFO - Processing file /home/airflow/.local/lib/python3.8/site-packages/airflow/example_dags/example_short_circuit_operator.py for tasks to queue
[2023-11-04 14:28:40,877] {logging_mixin.py:109} INFO - [2023-11-04 14:28:40,877] {dagbag.py:500} INFO - Filling up the DagBag from /home/airflow/.local/lib/python3.8/site-packages/airflow/example_dags/example_short_circuit_operator.py
[2023-11-04 14:28:40,923] {processor.py:654} INFO - DAG(s) dict_keys(['example_short_circuit_operator']) retrieved from /home/airflow/.local/lib/python3.8/site-packages/airflow/example_dags/example_short_circuit_operator.py
[2023-11-04 14:28:40,937] {logging_mixin.py:109} INFO - [2023-11-04 14:28:40,937] {dag.py:2398} INFO - Sync 1 DAGs
[2023-11-04 14:28:40,956] {logging_mixin.py:109} INFO - [2023-11-04 14:28:40,956] {dag.py:2937} INFO - Setting next_dagrun for example_short_circuit_operator to 2023-11-03T14:28:40.956351+00:00
[2023-11-04 14:28:40,968] {processor.py:171} INFO - Processing /home/airflow/.local/lib/python3.8/site-packages/airflow/example_dags/example_short_circuit_operator.py took 0.099 seconds
[2023-11-04 14:29:11,475] {processor.py:163} INFO - Started process (PID=163) to work on /home/airflow/.local/lib/python3.8/site-packages/airflow/example_dags/example_short_circuit_operator.py
[2023-11-04 14:29:11,477] {processor.py:642} INFO - Processing file /home/airflow/.local/lib/python3.8/site-packages/airflow/example_dags/example_short_circuit_operator.py for tasks to queue
[2023-11-04 14:29:11,479] {logging_mixin.py:109} INFO - [2023-11-04 14:29:11,479] {dagbag.py:500} INFO - Filling up the DagBag from /home/airflow/.local/lib/python3.8/site-packages/airflow/example_dags/example_short_circuit_operator.py
[2023-11-04 14:29:11,525] {processor.py:654} INFO - DAG(s) dict_keys(['example_short_circuit_operator']) retrieved from /home/airflow/.local/lib/python3.8/site-packages/airflow/example_dags/example_short_circuit_operator.py
[2023-11-04 14:29:11,540] {logging_mixin.py:109} INFO - [2023-11-04 14:29:11,540] {dag.py:2398} INFO - Sync 1 DAGs
[2023-11-04 14:29:11,565] {logging_mixin.py:109} INFO - [2023-11-04 14:29:11,564] {dag.py:2937} INFO - Setting next_dagrun for example_short_circuit_operator to 2023-11-03T14:29:11.564505+00:00
[2023-11-04 14:29:11,578] {processor.py:171} INFO - Processing /home/airflow/.local/lib/python3.8/site-packages/airflow/example_dags/example_short_circuit_operator.py took 0.108 seconds
[2023-11-04 14:29:42,169] {processor.py:163} INFO - Started process (PID=212) to work on /home/airflow/.local/lib/python3.8/site-packages/airflow/example_dags/example_short_circuit_operator.py
[2023-11-04 14:29:42,172] {processor.py:642} INFO - Processing file /home/airflow/.local/lib/python3.8/site-packages/airflow/example_dags/example_short_circuit_operator.py for tasks to queue
[2023-11-04 14:29:42,173] {logging_mixin.py:109} INFO - [2023-11-04 14:29:42,173] {dagbag.py:500} INFO - Filling up the DagBag from /home/airflow/.local/lib/python3.8/site-packages/airflow/example_dags/example_short_circuit_operator.py
[2023-11-04 14:29:42,241] {processor.py:654} INFO - DAG(s) dict_keys(['example_short_circuit_operator']) retrieved from /home/airflow/.local/lib/python3.8/site-packages/airflow/example_dags/example_short_circuit_operator.py
[2023-11-04 14:29:42,257] {logging_mixin.py:109} INFO - [2023-11-04 14:29:42,257] {dag.py:2398} INFO - Sync 1 DAGs
[2023-11-04 14:29:42,279] {logging_mixin.py:109} INFO - [2023-11-04 14:29:42,278] {dag.py:2937} INFO - Setting next_dagrun for example_short_circuit_operator to 2023-11-03T14:29:42.278413+00:00
[2023-11-04 14:29:42,291] {processor.py:171} INFO - Processing /home/airflow/.local/lib/python3.8/site-packages/airflow/example_dags/example_short_circuit_operator.py took 0.127 seconds
[2023-11-04 14:30:13,186] {processor.py:163} INFO - Started process (PID=268) to work on /home/airflow/.local/lib/python3.8/site-packages/airflow/example_dags/example_short_circuit_operator.py
[2023-11-04 14:30:13,191] {processor.py:642} INFO - Processing file /home/airflow/.local/lib/python3.8/site-packages/airflow/example_dags/example_short_circuit_operator.py for tasks to queue
[2023-11-04 14:30:13,194] {logging_mixin.py:109} INFO - [2023-11-04 14:30:13,194] {dagbag.py:500} INFO - Filling up the DagBag from /home/airflow/.local/lib/python3.8/site-packages/airflow/example_dags/example_short_circuit_operator.py
[2023-11-04 14:30:13,275] {processor.py:654} INFO - DAG(s) dict_keys(['example_short_circuit_operator']) retrieved from /home/airflow/.local/lib/python3.8/site-packages/airflow/example_dags/example_short_circuit_operator.py
[2023-11-04 14:30:13,306] {logging_mixin.py:109} INFO - [2023-11-04 14:30:13,306] {dag.py:2398} INFO - Sync 1 DAGs
[2023-11-04 14:30:13,332] {logging_mixin.py:109} INFO - [2023-11-04 14:30:13,332] {dag.py:2937} INFO - Setting next_dagrun for example_short_circuit_operator to 2023-11-03T14:30:13.331619+00:00
[2023-11-04 14:30:13,350] {processor.py:171} INFO - Processing /home/airflow/.local/lib/python3.8/site-packages/airflow/example_dags/example_short_circuit_operator.py took 0.173 seconds
[2023-11-04 14:30:44,534] {processor.py:163} INFO - Started process (PID=317) to work on /home/airflow/.local/lib/python3.8/site-packages/airflow/example_dags/example_short_circuit_operator.py
[2023-11-04 14:30:44,536] {processor.py:642} INFO - Processing file /home/airflow/.local/lib/python3.8/site-packages/airflow/example_dags/example_short_circuit_operator.py for tasks to queue
[2023-11-04 14:30:44,537] {logging_mixin.py:109} INFO - [2023-11-04 14:30:44,537] {dagbag.py:500} INFO - Filling up the DagBag from /home/airflow/.local/lib/python3.8/site-packages/airflow/example_dags/example_short_circuit_operator.py
[2023-11-04 14:30:44,587] {processor.py:654} INFO - DAG(s) dict_keys(['example_short_circuit_operator']) retrieved from /home/airflow/.local/lib/python3.8/site-packages/airflow/example_dags/example_short_circuit_operator.py
[2023-11-04 14:30:44,605] {logging_mixin.py:109} INFO - [2023-11-04 14:30:44,605] {dag.py:2398} INFO - Sync 1 DAGs
[2023-11-04 14:30:44,629] {logging_mixin.py:109} INFO - [2023-11-04 14:30:44,629] {dag.py:2937} INFO - Setting next_dagrun for example_short_circuit_operator to 2023-11-03T14:30:44.628991+00:00
[2023-11-04 14:30:44,641] {processor.py:171} INFO - Processing /home/airflow/.local/lib/python3.8/site-packages/airflow/example_dags/example_short_circuit_operator.py took 0.112 seconds
