[2023-11-04 13:41:45,417] {processor.py:163} INFO - Started process (PID=248) to work on /home/airflow/.local/lib/python3.8/site-packages/airflow/example_dags/example_branch_day_of_week_operator.py
[2023-11-04 13:41:45,420] {processor.py:642} INFO - Processing file /home/airflow/.local/lib/python3.8/site-packages/airflow/example_dags/example_branch_day_of_week_operator.py for tasks to queue
[2023-11-04 13:41:45,421] {logging_mixin.py:109} INFO - [2023-11-04 13:41:45,421] {dagbag.py:500} INFO - Filling up the DagBag from /home/airflow/.local/lib/python3.8/site-packages/airflow/example_dags/example_branch_day_of_week_operator.py
[2023-11-04 13:41:45,470] {processor.py:654} INFO - DAG(s) dict_keys(['example_weekday_branch_operator']) retrieved from /home/airflow/.local/lib/python3.8/site-packages/airflow/example_dags/example_branch_day_of_week_operator.py
[2023-11-04 13:41:47,079] {logging_mixin.py:109} INFO - [2023-11-04 13:41:47,079] {providers_manager.py:154} WARNING - Exception when importing 'airflow.providers.google.common.hooks.base_google.GoogleBaseHook' from 'apache-airflow-providers-google' package: module 'pyparsing' has no attribute 'downcaseTokens'
[2023-11-04 13:41:47,086] {logging_mixin.py:109} INFO - [2023-11-04 13:41:47,086] {providers_manager.py:154} WARNING - Exception when importing 'airflow.providers.google.cloud.hooks.cloud_sql.CloudSQLHook' from 'apache-airflow-providers-google' package: module 'pyparsing' has no attribute 'downcaseTokens'
[2023-11-04 13:41:47,091] {logging_mixin.py:109} INFO - [2023-11-04 13:41:47,091] {providers_manager.py:154} WARNING - Exception when importing 'airflow.providers.google.cloud.hooks.cloud_sql.CloudSQLDatabaseHook' from 'apache-airflow-providers-google' package: module 'pyparsing' has no attribute 'downcaseTokens'
[2023-11-04 13:41:47,250] {logging_mixin.py:109} INFO - [2023-11-04 13:41:47,250] {providers_manager.py:154} WARNING - Exception when importing 'airflow.providers.google.cloud.hooks.bigquery.BigQueryHook' from 'apache-airflow-providers-google' package: module 'pyparsing' has no attribute 'downcaseTokens'
[2023-11-04 13:41:47,255] {logging_mixin.py:109} INFO - [2023-11-04 13:41:47,255] {providers_manager.py:154} WARNING - Exception when importing 'airflow.providers.google.cloud.hooks.compute_ssh.ComputeEngineSSHHook' from 'apache-airflow-providers-google' package: module 'pyparsing' has no attribute 'downcaseTokens'
[2023-11-04 13:41:47,985] {logging_mixin.py:109} INFO - [2023-11-04 13:41:47,985] {providers_manager.py:154} WARNING - Exception when importing 'airflow.providers.google.common.hooks.base_google.GoogleBaseHook' from 'apache-airflow-providers-google' package: module 'pyparsing' has no attribute 'downcaseTokens'
[2023-11-04 13:41:47,991] {logging_mixin.py:109} INFO - [2023-11-04 13:41:47,991] {providers_manager.py:154} WARNING - Exception when importing 'airflow.providers.google.cloud.hooks.cloud_sql.CloudSQLHook' from 'apache-airflow-providers-google' package: module 'pyparsing' has no attribute 'downcaseTokens'
[2023-11-04 13:41:47,997] {logging_mixin.py:109} INFO - [2023-11-04 13:41:47,997] {providers_manager.py:154} WARNING - Exception when importing 'airflow.providers.google.cloud.hooks.cloud_sql.CloudSQLDatabaseHook' from 'apache-airflow-providers-google' package: module 'pyparsing' has no attribute 'downcaseTokens'
[2023-11-04 13:41:48,004] {logging_mixin.py:109} INFO - [2023-11-04 13:41:48,004] {providers_manager.py:154} WARNING - Exception when importing 'airflow.providers.google.cloud.hooks.bigquery.BigQueryHook' from 'apache-airflow-providers-google' package: module 'pyparsing' has no attribute 'downcaseTokens'
[2023-11-04 13:41:48,010] {logging_mixin.py:109} INFO - [2023-11-04 13:41:48,009] {providers_manager.py:154} WARNING - Exception when importing 'airflow.providers.google.cloud.hooks.compute_ssh.ComputeEngineSSHHook' from 'apache-airflow-providers-google' package: module 'pyparsing' has no attribute 'downcaseTokens'
[2023-11-04 13:41:48,040] {logging_mixin.py:109} INFO - [2023-11-04 13:41:48,039] {manager.py:496} INFO - Created Permission View: can read on DAG:example_weekday_branch_operator
[2023-11-04 13:41:48,056] {logging_mixin.py:109} INFO - [2023-11-04 13:41:48,056] {manager.py:496} INFO - Created Permission View: can edit on DAG:example_weekday_branch_operator
[2023-11-04 13:41:48,058] {logging_mixin.py:109} INFO - [2023-11-04 13:41:48,057] {dag.py:2398} INFO - Sync 1 DAGs
[2023-11-04 13:41:48,069] {logging_mixin.py:109} INFO - [2023-11-04 13:41:48,069] {dag.py:2417} INFO - Creating ORM DAG for example_weekday_branch_operator
[2023-11-04 13:41:48,086] {logging_mixin.py:109} INFO - [2023-11-04 13:41:48,085] {dag.py:2937} INFO - Setting next_dagrun for example_weekday_branch_operator to 2023-11-03 00:00:00+00:00
[2023-11-04 13:41:48,110] {processor.py:171} INFO - Processing /home/airflow/.local/lib/python3.8/site-packages/airflow/example_dags/example_branch_day_of_week_operator.py took 2.698 seconds
[2023-11-04 13:42:18,423] {processor.py:163} INFO - Started process (PID=327) to work on /home/airflow/.local/lib/python3.8/site-packages/airflow/example_dags/example_branch_day_of_week_operator.py
[2023-11-04 13:42:18,427] {processor.py:642} INFO - Processing file /home/airflow/.local/lib/python3.8/site-packages/airflow/example_dags/example_branch_day_of_week_operator.py for tasks to queue
[2023-11-04 13:42:18,429] {logging_mixin.py:109} INFO - [2023-11-04 13:42:18,429] {dagbag.py:500} INFO - Filling up the DagBag from /home/airflow/.local/lib/python3.8/site-packages/airflow/example_dags/example_branch_day_of_week_operator.py
[2023-11-04 13:42:18,480] {processor.py:654} INFO - DAG(s) dict_keys(['example_weekday_branch_operator']) retrieved from /home/airflow/.local/lib/python3.8/site-packages/airflow/example_dags/example_branch_day_of_week_operator.py
[2023-11-04 13:42:18,511] {logging_mixin.py:109} INFO - [2023-11-04 13:42:18,511] {dag.py:2398} INFO - Sync 1 DAGs
[2023-11-04 13:42:18,555] {logging_mixin.py:109} INFO - [2023-11-04 13:42:18,555] {dag.py:2937} INFO - Setting next_dagrun for example_weekday_branch_operator to 2023-11-03 00:00:00+00:00
[2023-11-04 13:42:18,571] {processor.py:171} INFO - Processing /home/airflow/.local/lib/python3.8/site-packages/airflow/example_dags/example_branch_day_of_week_operator.py took 0.153 seconds
[2023-11-04 13:42:48,755] {processor.py:163} INFO - Started process (PID=376) to work on /home/airflow/.local/lib/python3.8/site-packages/airflow/example_dags/example_branch_day_of_week_operator.py
[2023-11-04 13:42:48,758] {processor.py:642} INFO - Processing file /home/airflow/.local/lib/python3.8/site-packages/airflow/example_dags/example_branch_day_of_week_operator.py for tasks to queue
[2023-11-04 13:42:48,759] {logging_mixin.py:109} INFO - [2023-11-04 13:42:48,759] {dagbag.py:500} INFO - Filling up the DagBag from /home/airflow/.local/lib/python3.8/site-packages/airflow/example_dags/example_branch_day_of_week_operator.py
[2023-11-04 13:42:48,804] {processor.py:654} INFO - DAG(s) dict_keys(['example_weekday_branch_operator']) retrieved from /home/airflow/.local/lib/python3.8/site-packages/airflow/example_dags/example_branch_day_of_week_operator.py
[2023-11-04 13:42:48,818] {logging_mixin.py:109} INFO - [2023-11-04 13:42:48,817] {dag.py:2398} INFO - Sync 1 DAGs
[2023-11-04 13:42:48,839] {logging_mixin.py:109} INFO - [2023-11-04 13:42:48,839] {dag.py:2937} INFO - Setting next_dagrun for example_weekday_branch_operator to 2023-11-03 00:00:00+00:00
[2023-11-04 13:42:48,851] {processor.py:171} INFO - Processing /home/airflow/.local/lib/python3.8/site-packages/airflow/example_dags/example_branch_day_of_week_operator.py took 0.101 seconds
[2023-11-04 13:43:18,983] {processor.py:163} INFO - Started process (PID=433) to work on /home/airflow/.local/lib/python3.8/site-packages/airflow/example_dags/example_branch_day_of_week_operator.py
[2023-11-04 13:43:18,985] {processor.py:642} INFO - Processing file /home/airflow/.local/lib/python3.8/site-packages/airflow/example_dags/example_branch_day_of_week_operator.py for tasks to queue
[2023-11-04 13:43:18,986] {logging_mixin.py:109} INFO - [2023-11-04 13:43:18,986] {dagbag.py:500} INFO - Filling up the DagBag from /home/airflow/.local/lib/python3.8/site-packages/airflow/example_dags/example_branch_day_of_week_operator.py
[2023-11-04 13:43:19,034] {processor.py:654} INFO - DAG(s) dict_keys(['example_weekday_branch_operator']) retrieved from /home/airflow/.local/lib/python3.8/site-packages/airflow/example_dags/example_branch_day_of_week_operator.py
[2023-11-04 13:43:19,054] {logging_mixin.py:109} INFO - [2023-11-04 13:43:19,053] {dag.py:2398} INFO - Sync 1 DAGs
[2023-11-04 13:43:19,088] {logging_mixin.py:109} INFO - [2023-11-04 13:43:19,087] {dag.py:2937} INFO - Setting next_dagrun for example_weekday_branch_operator to 2023-11-03 00:00:00+00:00
[2023-11-04 13:43:19,102] {processor.py:171} INFO - Processing /home/airflow/.local/lib/python3.8/site-packages/airflow/example_dags/example_branch_day_of_week_operator.py took 0.124 seconds
[2023-11-04 13:43:49,368] {processor.py:163} INFO - Started process (PID=482) to work on /home/airflow/.local/lib/python3.8/site-packages/airflow/example_dags/example_branch_day_of_week_operator.py
[2023-11-04 13:43:49,371] {processor.py:642} INFO - Processing file /home/airflow/.local/lib/python3.8/site-packages/airflow/example_dags/example_branch_day_of_week_operator.py for tasks to queue
[2023-11-04 13:43:49,373] {logging_mixin.py:109} INFO - [2023-11-04 13:43:49,373] {dagbag.py:500} INFO - Filling up the DagBag from /home/airflow/.local/lib/python3.8/site-packages/airflow/example_dags/example_branch_day_of_week_operator.py
[2023-11-04 13:43:49,418] {processor.py:654} INFO - DAG(s) dict_keys(['example_weekday_branch_operator']) retrieved from /home/airflow/.local/lib/python3.8/site-packages/airflow/example_dags/example_branch_day_of_week_operator.py
[2023-11-04 13:43:49,431] {logging_mixin.py:109} INFO - [2023-11-04 13:43:49,431] {dag.py:2398} INFO - Sync 1 DAGs
[2023-11-04 13:43:49,454] {logging_mixin.py:109} INFO - [2023-11-04 13:43:49,454] {dag.py:2937} INFO - Setting next_dagrun for example_weekday_branch_operator to 2023-11-03 00:00:00+00:00
[2023-11-04 13:43:49,465] {processor.py:171} INFO - Processing /home/airflow/.local/lib/python3.8/site-packages/airflow/example_dags/example_branch_day_of_week_operator.py took 0.102 seconds
[2023-11-04 13:59:22,762] {processor.py:163} INFO - Started process (PID=64) to work on /home/airflow/.local/lib/python3.8/site-packages/airflow/example_dags/example_branch_day_of_week_operator.py
[2023-11-04 13:59:22,768] {processor.py:642} INFO - Processing file /home/airflow/.local/lib/python3.8/site-packages/airflow/example_dags/example_branch_day_of_week_operator.py for tasks to queue
[2023-11-04 13:59:22,770] {logging_mixin.py:109} INFO - [2023-11-04 13:59:22,770] {dagbag.py:500} INFO - Filling up the DagBag from /home/airflow/.local/lib/python3.8/site-packages/airflow/example_dags/example_branch_day_of_week_operator.py
[2023-11-04 13:59:22,866] {processor.py:654} INFO - DAG(s) dict_keys(['example_weekday_branch_operator']) retrieved from /home/airflow/.local/lib/python3.8/site-packages/airflow/example_dags/example_branch_day_of_week_operator.py
[2023-11-04 13:59:22,903] {logging_mixin.py:109} INFO - [2023-11-04 13:59:22,903] {dag.py:2398} INFO - Sync 1 DAGs
[2023-11-04 13:59:22,936] {logging_mixin.py:109} INFO - [2023-11-04 13:59:22,936] {dag.py:2937} INFO - Setting next_dagrun for example_weekday_branch_operator to 2023-11-03 00:00:00+00:00
[2023-11-04 13:59:22,958] {processor.py:171} INFO - Processing /home/airflow/.local/lib/python3.8/site-packages/airflow/example_dags/example_branch_day_of_week_operator.py took 0.206 seconds
[2023-11-04 13:59:53,865] {processor.py:163} INFO - Started process (PID=121) to work on /home/airflow/.local/lib/python3.8/site-packages/airflow/example_dags/example_branch_day_of_week_operator.py
[2023-11-04 13:59:53,868] {processor.py:642} INFO - Processing file /home/airflow/.local/lib/python3.8/site-packages/airflow/example_dags/example_branch_day_of_week_operator.py for tasks to queue
[2023-11-04 13:59:53,870] {logging_mixin.py:109} INFO - [2023-11-04 13:59:53,870] {dagbag.py:500} INFO - Filling up the DagBag from /home/airflow/.local/lib/python3.8/site-packages/airflow/example_dags/example_branch_day_of_week_operator.py
[2023-11-04 13:59:53,925] {processor.py:654} INFO - DAG(s) dict_keys(['example_weekday_branch_operator']) retrieved from /home/airflow/.local/lib/python3.8/site-packages/airflow/example_dags/example_branch_day_of_week_operator.py
[2023-11-04 13:59:53,940] {logging_mixin.py:109} INFO - [2023-11-04 13:59:53,940] {dag.py:2398} INFO - Sync 1 DAGs
[2023-11-04 13:59:53,963] {logging_mixin.py:109} INFO - [2023-11-04 13:59:53,963] {dag.py:2937} INFO - Setting next_dagrun for example_weekday_branch_operator to 2023-11-03 00:00:00+00:00
[2023-11-04 13:59:53,979] {processor.py:171} INFO - Processing /home/airflow/.local/lib/python3.8/site-packages/airflow/example_dags/example_branch_day_of_week_operator.py took 0.121 seconds
[2023-11-04 14:00:24,034] {processor.py:163} INFO - Started process (PID=186) to work on /home/airflow/.local/lib/python3.8/site-packages/airflow/example_dags/example_branch_day_of_week_operator.py
[2023-11-04 14:00:24,037] {processor.py:642} INFO - Processing file /home/airflow/.local/lib/python3.8/site-packages/airflow/example_dags/example_branch_day_of_week_operator.py for tasks to queue
[2023-11-04 14:00:24,039] {logging_mixin.py:109} INFO - [2023-11-04 14:00:24,039] {dagbag.py:500} INFO - Filling up the DagBag from /home/airflow/.local/lib/python3.8/site-packages/airflow/example_dags/example_branch_day_of_week_operator.py
[2023-11-04 14:00:24,088] {processor.py:654} INFO - DAG(s) dict_keys(['example_weekday_branch_operator']) retrieved from /home/airflow/.local/lib/python3.8/site-packages/airflow/example_dags/example_branch_day_of_week_operator.py
[2023-11-04 14:00:24,102] {logging_mixin.py:109} INFO - [2023-11-04 14:00:24,102] {dag.py:2398} INFO - Sync 1 DAGs
[2023-11-04 14:00:24,130] {logging_mixin.py:109} INFO - [2023-11-04 14:00:24,130] {dag.py:2937} INFO - Setting next_dagrun for example_weekday_branch_operator to 2023-11-03 00:00:00+00:00
[2023-11-04 14:00:24,145] {processor.py:171} INFO - Processing /home/airflow/.local/lib/python3.8/site-packages/airflow/example_dags/example_branch_day_of_week_operator.py took 0.117 seconds
[2023-11-04 14:00:54,907] {processor.py:163} INFO - Started process (PID=235) to work on /home/airflow/.local/lib/python3.8/site-packages/airflow/example_dags/example_branch_day_of_week_operator.py
[2023-11-04 14:00:54,909] {processor.py:642} INFO - Processing file /home/airflow/.local/lib/python3.8/site-packages/airflow/example_dags/example_branch_day_of_week_operator.py for tasks to queue
[2023-11-04 14:00:54,911] {logging_mixin.py:109} INFO - [2023-11-04 14:00:54,911] {dagbag.py:500} INFO - Filling up the DagBag from /home/airflow/.local/lib/python3.8/site-packages/airflow/example_dags/example_branch_day_of_week_operator.py
[2023-11-04 14:00:54,954] {processor.py:654} INFO - DAG(s) dict_keys(['example_weekday_branch_operator']) retrieved from /home/airflow/.local/lib/python3.8/site-packages/airflow/example_dags/example_branch_day_of_week_operator.py
[2023-11-04 14:00:54,967] {logging_mixin.py:109} INFO - [2023-11-04 14:00:54,967] {dag.py:2398} INFO - Sync 1 DAGs
[2023-11-04 14:00:54,988] {logging_mixin.py:109} INFO - [2023-11-04 14:00:54,988] {dag.py:2937} INFO - Setting next_dagrun for example_weekday_branch_operator to 2023-11-03 00:00:00+00:00
[2023-11-04 14:00:55,000] {processor.py:171} INFO - Processing /home/airflow/.local/lib/python3.8/site-packages/airflow/example_dags/example_branch_day_of_week_operator.py took 0.098 seconds
[2023-11-04 14:01:25,697] {processor.py:163} INFO - Started process (PID=292) to work on /home/airflow/.local/lib/python3.8/site-packages/airflow/example_dags/example_branch_day_of_week_operator.py
[2023-11-04 14:01:25,700] {processor.py:642} INFO - Processing file /home/airflow/.local/lib/python3.8/site-packages/airflow/example_dags/example_branch_day_of_week_operator.py for tasks to queue
[2023-11-04 14:01:25,702] {logging_mixin.py:109} INFO - [2023-11-04 14:01:25,702] {dagbag.py:500} INFO - Filling up the DagBag from /home/airflow/.local/lib/python3.8/site-packages/airflow/example_dags/example_branch_day_of_week_operator.py
[2023-11-04 14:01:25,752] {processor.py:654} INFO - DAG(s) dict_keys(['example_weekday_branch_operator']) retrieved from /home/airflow/.local/lib/python3.8/site-packages/airflow/example_dags/example_branch_day_of_week_operator.py
[2023-11-04 14:01:25,765] {logging_mixin.py:109} INFO - [2023-11-04 14:01:25,765] {dag.py:2398} INFO - Sync 1 DAGs
[2023-11-04 14:01:25,789] {logging_mixin.py:109} INFO - [2023-11-04 14:01:25,789] {dag.py:2937} INFO - Setting next_dagrun for example_weekday_branch_operator to 2023-11-03 00:00:00+00:00
[2023-11-04 14:01:25,803] {processor.py:171} INFO - Processing /home/airflow/.local/lib/python3.8/site-packages/airflow/example_dags/example_branch_day_of_week_operator.py took 0.112 seconds
[2023-11-04 14:01:56,088] {processor.py:163} INFO - Started process (PID=341) to work on /home/airflow/.local/lib/python3.8/site-packages/airflow/example_dags/example_branch_day_of_week_operator.py
[2023-11-04 14:01:56,090] {processor.py:642} INFO - Processing file /home/airflow/.local/lib/python3.8/site-packages/airflow/example_dags/example_branch_day_of_week_operator.py for tasks to queue
[2023-11-04 14:01:56,091] {logging_mixin.py:109} INFO - [2023-11-04 14:01:56,091] {dagbag.py:500} INFO - Filling up the DagBag from /home/airflow/.local/lib/python3.8/site-packages/airflow/example_dags/example_branch_day_of_week_operator.py
[2023-11-04 14:01:56,139] {processor.py:654} INFO - DAG(s) dict_keys(['example_weekday_branch_operator']) retrieved from /home/airflow/.local/lib/python3.8/site-packages/airflow/example_dags/example_branch_day_of_week_operator.py
[2023-11-04 14:01:56,153] {logging_mixin.py:109} INFO - [2023-11-04 14:01:56,153] {dag.py:2398} INFO - Sync 1 DAGs
[2023-11-04 14:01:56,181] {logging_mixin.py:109} INFO - [2023-11-04 14:01:56,181] {dag.py:2937} INFO - Setting next_dagrun for example_weekday_branch_operator to 2023-11-03 00:00:00+00:00
[2023-11-04 14:01:56,193] {processor.py:171} INFO - Processing /home/airflow/.local/lib/python3.8/site-packages/airflow/example_dags/example_branch_day_of_week_operator.py took 0.111 seconds
[2023-11-04 14:02:26,763] {processor.py:163} INFO - Started process (PID=390) to work on /home/airflow/.local/lib/python3.8/site-packages/airflow/example_dags/example_branch_day_of_week_operator.py
[2023-11-04 14:02:26,766] {processor.py:642} INFO - Processing file /home/airflow/.local/lib/python3.8/site-packages/airflow/example_dags/example_branch_day_of_week_operator.py for tasks to queue
[2023-11-04 14:02:26,769] {logging_mixin.py:109} INFO - [2023-11-04 14:02:26,769] {dagbag.py:500} INFO - Filling up the DagBag from /home/airflow/.local/lib/python3.8/site-packages/airflow/example_dags/example_branch_day_of_week_operator.py
[2023-11-04 14:02:26,821] {processor.py:654} INFO - DAG(s) dict_keys(['example_weekday_branch_operator']) retrieved from /home/airflow/.local/lib/python3.8/site-packages/airflow/example_dags/example_branch_day_of_week_operator.py
[2023-11-04 14:02:26,835] {logging_mixin.py:109} INFO - [2023-11-04 14:02:26,835] {dag.py:2398} INFO - Sync 1 DAGs
[2023-11-04 14:02:26,858] {logging_mixin.py:109} INFO - [2023-11-04 14:02:26,858] {dag.py:2937} INFO - Setting next_dagrun for example_weekday_branch_operator to 2023-11-03 00:00:00+00:00
[2023-11-04 14:02:26,871] {processor.py:171} INFO - Processing /home/airflow/.local/lib/python3.8/site-packages/airflow/example_dags/example_branch_day_of_week_operator.py took 0.115 seconds
[2023-11-04 14:04:48,741] {processor.py:163} INFO - Started process (PID=59) to work on /home/airflow/.local/lib/python3.8/site-packages/airflow/example_dags/example_branch_day_of_week_operator.py
[2023-11-04 14:04:48,744] {processor.py:642} INFO - Processing file /home/airflow/.local/lib/python3.8/site-packages/airflow/example_dags/example_branch_day_of_week_operator.py for tasks to queue
[2023-11-04 14:04:48,746] {logging_mixin.py:109} INFO - [2023-11-04 14:04:48,746] {dagbag.py:500} INFO - Filling up the DagBag from /home/airflow/.local/lib/python3.8/site-packages/airflow/example_dags/example_branch_day_of_week_operator.py
[2023-11-04 14:04:48,805] {processor.py:654} INFO - DAG(s) dict_keys(['example_weekday_branch_operator']) retrieved from /home/airflow/.local/lib/python3.8/site-packages/airflow/example_dags/example_branch_day_of_week_operator.py
[2023-11-04 14:04:48,819] {logging_mixin.py:109} INFO - [2023-11-04 14:04:48,819] {dag.py:2398} INFO - Sync 1 DAGs
[2023-11-04 14:04:48,844] {logging_mixin.py:109} INFO - [2023-11-04 14:04:48,844] {dag.py:2937} INFO - Setting next_dagrun for example_weekday_branch_operator to 2023-11-03 00:00:00+00:00
[2023-11-04 14:04:48,858] {processor.py:171} INFO - Processing /home/airflow/.local/lib/python3.8/site-packages/airflow/example_dags/example_branch_day_of_week_operator.py took 0.121 seconds
[2023-11-04 14:05:20,057] {processor.py:163} INFO - Started process (PID=115) to work on /home/airflow/.local/lib/python3.8/site-packages/airflow/example_dags/example_branch_day_of_week_operator.py
[2023-11-04 14:05:20,060] {processor.py:642} INFO - Processing file /home/airflow/.local/lib/python3.8/site-packages/airflow/example_dags/example_branch_day_of_week_operator.py for tasks to queue
[2023-11-04 14:05:20,061] {logging_mixin.py:109} INFO - [2023-11-04 14:05:20,061] {dagbag.py:500} INFO - Filling up the DagBag from /home/airflow/.local/lib/python3.8/site-packages/airflow/example_dags/example_branch_day_of_week_operator.py
[2023-11-04 14:05:20,121] {processor.py:654} INFO - DAG(s) dict_keys(['example_weekday_branch_operator']) retrieved from /home/airflow/.local/lib/python3.8/site-packages/airflow/example_dags/example_branch_day_of_week_operator.py
[2023-11-04 14:05:20,135] {logging_mixin.py:109} INFO - [2023-11-04 14:05:20,135] {dag.py:2398} INFO - Sync 1 DAGs
[2023-11-04 14:05:20,160] {logging_mixin.py:109} INFO - [2023-11-04 14:05:20,160] {dag.py:2937} INFO - Setting next_dagrun for example_weekday_branch_operator to 2023-11-03 00:00:00+00:00
[2023-11-04 14:05:20,173] {processor.py:171} INFO - Processing /home/airflow/.local/lib/python3.8/site-packages/airflow/example_dags/example_branch_day_of_week_operator.py took 0.121 seconds
[2023-11-04 14:05:50,594] {processor.py:163} INFO - Started process (PID=164) to work on /home/airflow/.local/lib/python3.8/site-packages/airflow/example_dags/example_branch_day_of_week_operator.py
[2023-11-04 14:05:50,597] {processor.py:642} INFO - Processing file /home/airflow/.local/lib/python3.8/site-packages/airflow/example_dags/example_branch_day_of_week_operator.py for tasks to queue
[2023-11-04 14:05:50,598] {logging_mixin.py:109} INFO - [2023-11-04 14:05:50,598] {dagbag.py:500} INFO - Filling up the DagBag from /home/airflow/.local/lib/python3.8/site-packages/airflow/example_dags/example_branch_day_of_week_operator.py
[2023-11-04 14:05:50,651] {processor.py:654} INFO - DAG(s) dict_keys(['example_weekday_branch_operator']) retrieved from /home/airflow/.local/lib/python3.8/site-packages/airflow/example_dags/example_branch_day_of_week_operator.py
[2023-11-04 14:05:50,669] {logging_mixin.py:109} INFO - [2023-11-04 14:05:50,668] {dag.py:2398} INFO - Sync 1 DAGs
[2023-11-04 14:05:50,700] {logging_mixin.py:109} INFO - [2023-11-04 14:05:50,700] {dag.py:2937} INFO - Setting next_dagrun for example_weekday_branch_operator to 2023-11-03 00:00:00+00:00
[2023-11-04 14:05:50,721] {processor.py:171} INFO - Processing /home/airflow/.local/lib/python3.8/site-packages/airflow/example_dags/example_branch_day_of_week_operator.py took 0.132 seconds
[2023-11-04 14:06:21,189] {processor.py:163} INFO - Started process (PID=213) to work on /home/airflow/.local/lib/python3.8/site-packages/airflow/example_dags/example_branch_day_of_week_operator.py
[2023-11-04 14:06:21,192] {processor.py:642} INFO - Processing file /home/airflow/.local/lib/python3.8/site-packages/airflow/example_dags/example_branch_day_of_week_operator.py for tasks to queue
[2023-11-04 14:06:21,194] {logging_mixin.py:109} INFO - [2023-11-04 14:06:21,194] {dagbag.py:500} INFO - Filling up the DagBag from /home/airflow/.local/lib/python3.8/site-packages/airflow/example_dags/example_branch_day_of_week_operator.py
[2023-11-04 14:06:21,240] {processor.py:654} INFO - DAG(s) dict_keys(['example_weekday_branch_operator']) retrieved from /home/airflow/.local/lib/python3.8/site-packages/airflow/example_dags/example_branch_day_of_week_operator.py
[2023-11-04 14:06:21,254] {logging_mixin.py:109} INFO - [2023-11-04 14:06:21,254] {dag.py:2398} INFO - Sync 1 DAGs
[2023-11-04 14:06:21,276] {logging_mixin.py:109} INFO - [2023-11-04 14:06:21,276] {dag.py:2937} INFO - Setting next_dagrun for example_weekday_branch_operator to 2023-11-03 00:00:00+00:00
[2023-11-04 14:06:21,288] {processor.py:171} INFO - Processing /home/airflow/.local/lib/python3.8/site-packages/airflow/example_dags/example_branch_day_of_week_operator.py took 0.105 seconds
[2023-11-04 14:06:51,616] {processor.py:163} INFO - Started process (PID=270) to work on /home/airflow/.local/lib/python3.8/site-packages/airflow/example_dags/example_branch_day_of_week_operator.py
[2023-11-04 14:06:51,619] {processor.py:642} INFO - Processing file /home/airflow/.local/lib/python3.8/site-packages/airflow/example_dags/example_branch_day_of_week_operator.py for tasks to queue
[2023-11-04 14:06:51,621] {logging_mixin.py:109} INFO - [2023-11-04 14:06:51,620] {dagbag.py:500} INFO - Filling up the DagBag from /home/airflow/.local/lib/python3.8/site-packages/airflow/example_dags/example_branch_day_of_week_operator.py
[2023-11-04 14:06:51,669] {processor.py:654} INFO - DAG(s) dict_keys(['example_weekday_branch_operator']) retrieved from /home/airflow/.local/lib/python3.8/site-packages/airflow/example_dags/example_branch_day_of_week_operator.py
[2023-11-04 14:06:51,682] {logging_mixin.py:109} INFO - [2023-11-04 14:06:51,682] {dag.py:2398} INFO - Sync 1 DAGs
[2023-11-04 14:06:51,705] {logging_mixin.py:109} INFO - [2023-11-04 14:06:51,705] {dag.py:2937} INFO - Setting next_dagrun for example_weekday_branch_operator to 2023-11-03 00:00:00+00:00
[2023-11-04 14:06:51,716] {processor.py:171} INFO - Processing /home/airflow/.local/lib/python3.8/site-packages/airflow/example_dags/example_branch_day_of_week_operator.py took 0.104 seconds
[2023-11-04 14:07:21,901] {processor.py:163} INFO - Started process (PID=319) to work on /home/airflow/.local/lib/python3.8/site-packages/airflow/example_dags/example_branch_day_of_week_operator.py
[2023-11-04 14:07:21,904] {processor.py:642} INFO - Processing file /home/airflow/.local/lib/python3.8/site-packages/airflow/example_dags/example_branch_day_of_week_operator.py for tasks to queue
[2023-11-04 14:07:21,905] {logging_mixin.py:109} INFO - [2023-11-04 14:07:21,905] {dagbag.py:500} INFO - Filling up the DagBag from /home/airflow/.local/lib/python3.8/site-packages/airflow/example_dags/example_branch_day_of_week_operator.py
[2023-11-04 14:07:21,976] {processor.py:654} INFO - DAG(s) dict_keys(['example_weekday_branch_operator']) retrieved from /home/airflow/.local/lib/python3.8/site-packages/airflow/example_dags/example_branch_day_of_week_operator.py
[2023-11-04 14:07:22,000] {logging_mixin.py:109} INFO - [2023-11-04 14:07:22,000] {dag.py:2398} INFO - Sync 1 DAGs
[2023-11-04 14:07:22,039] {logging_mixin.py:109} INFO - [2023-11-04 14:07:22,039] {dag.py:2937} INFO - Setting next_dagrun for example_weekday_branch_operator to 2023-11-03 00:00:00+00:00
[2023-11-04 14:07:22,056] {processor.py:171} INFO - Processing /home/airflow/.local/lib/python3.8/site-packages/airflow/example_dags/example_branch_day_of_week_operator.py took 0.160 seconds
[2023-11-04 14:07:52,546] {processor.py:163} INFO - Started process (PID=367) to work on /home/airflow/.local/lib/python3.8/site-packages/airflow/example_dags/example_branch_day_of_week_operator.py
[2023-11-04 14:07:52,548] {processor.py:642} INFO - Processing file /home/airflow/.local/lib/python3.8/site-packages/airflow/example_dags/example_branch_day_of_week_operator.py for tasks to queue
[2023-11-04 14:07:52,550] {logging_mixin.py:109} INFO - [2023-11-04 14:07:52,550] {dagbag.py:500} INFO - Filling up the DagBag from /home/airflow/.local/lib/python3.8/site-packages/airflow/example_dags/example_branch_day_of_week_operator.py
[2023-11-04 14:07:52,594] {processor.py:654} INFO - DAG(s) dict_keys(['example_weekday_branch_operator']) retrieved from /home/airflow/.local/lib/python3.8/site-packages/airflow/example_dags/example_branch_day_of_week_operator.py
[2023-11-04 14:07:52,607] {logging_mixin.py:109} INFO - [2023-11-04 14:07:52,607] {dag.py:2398} INFO - Sync 1 DAGs
[2023-11-04 14:07:52,629] {logging_mixin.py:109} INFO - [2023-11-04 14:07:52,629] {dag.py:2937} INFO - Setting next_dagrun for example_weekday_branch_operator to 2023-11-03 00:00:00+00:00
[2023-11-04 14:07:52,640] {processor.py:171} INFO - Processing /home/airflow/.local/lib/python3.8/site-packages/airflow/example_dags/example_branch_day_of_week_operator.py took 0.098 seconds
[2023-11-04 14:08:23,826] {processor.py:163} INFO - Started process (PID=424) to work on /home/airflow/.local/lib/python3.8/site-packages/airflow/example_dags/example_branch_day_of_week_operator.py
[2023-11-04 14:08:23,828] {processor.py:642} INFO - Processing file /home/airflow/.local/lib/python3.8/site-packages/airflow/example_dags/example_branch_day_of_week_operator.py for tasks to queue
[2023-11-04 14:08:23,829] {logging_mixin.py:109} INFO - [2023-11-04 14:08:23,829] {dagbag.py:500} INFO - Filling up the DagBag from /home/airflow/.local/lib/python3.8/site-packages/airflow/example_dags/example_branch_day_of_week_operator.py
[2023-11-04 14:08:23,875] {processor.py:654} INFO - DAG(s) dict_keys(['example_weekday_branch_operator']) retrieved from /home/airflow/.local/lib/python3.8/site-packages/airflow/example_dags/example_branch_day_of_week_operator.py
[2023-11-04 14:08:23,888] {logging_mixin.py:109} INFO - [2023-11-04 14:08:23,888] {dag.py:2398} INFO - Sync 1 DAGs
[2023-11-04 14:08:23,911] {logging_mixin.py:109} INFO - [2023-11-04 14:08:23,911] {dag.py:2937} INFO - Setting next_dagrun for example_weekday_branch_operator to 2023-11-03 00:00:00+00:00
[2023-11-04 14:08:23,923] {processor.py:171} INFO - Processing /home/airflow/.local/lib/python3.8/site-packages/airflow/example_dags/example_branch_day_of_week_operator.py took 0.102 seconds
[2023-11-04 14:08:54,145] {processor.py:163} INFO - Started process (PID=473) to work on /home/airflow/.local/lib/python3.8/site-packages/airflow/example_dags/example_branch_day_of_week_operator.py
[2023-11-04 14:08:54,148] {processor.py:642} INFO - Processing file /home/airflow/.local/lib/python3.8/site-packages/airflow/example_dags/example_branch_day_of_week_operator.py for tasks to queue
[2023-11-04 14:08:54,150] {logging_mixin.py:109} INFO - [2023-11-04 14:08:54,150] {dagbag.py:500} INFO - Filling up the DagBag from /home/airflow/.local/lib/python3.8/site-packages/airflow/example_dags/example_branch_day_of_week_operator.py
[2023-11-04 14:08:54,217] {processor.py:654} INFO - DAG(s) dict_keys(['example_weekday_branch_operator']) retrieved from /home/airflow/.local/lib/python3.8/site-packages/airflow/example_dags/example_branch_day_of_week_operator.py
[2023-11-04 14:08:54,231] {logging_mixin.py:109} INFO - [2023-11-04 14:08:54,231] {dag.py:2398} INFO - Sync 1 DAGs
[2023-11-04 14:08:54,254] {logging_mixin.py:109} INFO - [2023-11-04 14:08:54,254] {dag.py:2937} INFO - Setting next_dagrun for example_weekday_branch_operator to 2023-11-03 00:00:00+00:00
[2023-11-04 14:08:54,281] {processor.py:171} INFO - Processing /home/airflow/.local/lib/python3.8/site-packages/airflow/example_dags/example_branch_day_of_week_operator.py took 0.141 seconds
[2023-11-04 14:09:24,485] {processor.py:163} INFO - Started process (PID=529) to work on /home/airflow/.local/lib/python3.8/site-packages/airflow/example_dags/example_branch_day_of_week_operator.py
[2023-11-04 14:09:24,488] {processor.py:642} INFO - Processing file /home/airflow/.local/lib/python3.8/site-packages/airflow/example_dags/example_branch_day_of_week_operator.py for tasks to queue
[2023-11-04 14:09:24,490] {logging_mixin.py:109} INFO - [2023-11-04 14:09:24,490] {dagbag.py:500} INFO - Filling up the DagBag from /home/airflow/.local/lib/python3.8/site-packages/airflow/example_dags/example_branch_day_of_week_operator.py
[2023-11-04 14:09:24,545] {processor.py:654} INFO - DAG(s) dict_keys(['example_weekday_branch_operator']) retrieved from /home/airflow/.local/lib/python3.8/site-packages/airflow/example_dags/example_branch_day_of_week_operator.py
[2023-11-04 14:09:24,559] {logging_mixin.py:109} INFO - [2023-11-04 14:09:24,559] {dag.py:2398} INFO - Sync 1 DAGs
[2023-11-04 14:09:24,592] {logging_mixin.py:109} INFO - [2023-11-04 14:09:24,592] {dag.py:2937} INFO - Setting next_dagrun for example_weekday_branch_operator to 2023-11-03 00:00:00+00:00
[2023-11-04 14:09:24,607] {processor.py:171} INFO - Processing /home/airflow/.local/lib/python3.8/site-packages/airflow/example_dags/example_branch_day_of_week_operator.py took 0.127 seconds
[2023-11-04 14:09:55,553] {processor.py:163} INFO - Started process (PID=578) to work on /home/airflow/.local/lib/python3.8/site-packages/airflow/example_dags/example_branch_day_of_week_operator.py
[2023-11-04 14:09:55,555] {processor.py:642} INFO - Processing file /home/airflow/.local/lib/python3.8/site-packages/airflow/example_dags/example_branch_day_of_week_operator.py for tasks to queue
[2023-11-04 14:09:55,557] {logging_mixin.py:109} INFO - [2023-11-04 14:09:55,557] {dagbag.py:500} INFO - Filling up the DagBag from /home/airflow/.local/lib/python3.8/site-packages/airflow/example_dags/example_branch_day_of_week_operator.py
[2023-11-04 14:09:55,602] {processor.py:654} INFO - DAG(s) dict_keys(['example_weekday_branch_operator']) retrieved from /home/airflow/.local/lib/python3.8/site-packages/airflow/example_dags/example_branch_day_of_week_operator.py
[2023-11-04 14:09:55,619] {logging_mixin.py:109} INFO - [2023-11-04 14:09:55,619] {dag.py:2398} INFO - Sync 1 DAGs
[2023-11-04 14:09:55,652] {logging_mixin.py:109} INFO - [2023-11-04 14:09:55,652] {dag.py:2937} INFO - Setting next_dagrun for example_weekday_branch_operator to 2023-11-03 00:00:00+00:00
[2023-11-04 14:09:55,669] {processor.py:171} INFO - Processing /home/airflow/.local/lib/python3.8/site-packages/airflow/example_dags/example_branch_day_of_week_operator.py took 0.120 seconds
[2023-11-04 14:10:26,816] {processor.py:163} INFO - Started process (PID=634) to work on /home/airflow/.local/lib/python3.8/site-packages/airflow/example_dags/example_branch_day_of_week_operator.py
[2023-11-04 14:10:26,819] {processor.py:642} INFO - Processing file /home/airflow/.local/lib/python3.8/site-packages/airflow/example_dags/example_branch_day_of_week_operator.py for tasks to queue
[2023-11-04 14:10:26,834] {logging_mixin.py:109} INFO - [2023-11-04 14:10:26,833] {dagbag.py:500} INFO - Filling up the DagBag from /home/airflow/.local/lib/python3.8/site-packages/airflow/example_dags/example_branch_day_of_week_operator.py
[2023-11-04 14:10:26,924] {processor.py:654} INFO - DAG(s) dict_keys(['example_weekday_branch_operator']) retrieved from /home/airflow/.local/lib/python3.8/site-packages/airflow/example_dags/example_branch_day_of_week_operator.py
[2023-11-04 14:10:26,951] {logging_mixin.py:109} INFO - [2023-11-04 14:10:26,951] {dag.py:2398} INFO - Sync 1 DAGs
[2023-11-04 14:10:26,974] {logging_mixin.py:109} INFO - [2023-11-04 14:10:26,974] {dag.py:2937} INFO - Setting next_dagrun for example_weekday_branch_operator to 2023-11-03 00:00:00+00:00
[2023-11-04 14:10:26,985] {processor.py:171} INFO - Processing /home/airflow/.local/lib/python3.8/site-packages/airflow/example_dags/example_branch_day_of_week_operator.py took 0.176 seconds
[2023-11-04 14:11:51,219] {processor.py:163} INFO - Started process (PID=60) to work on /home/airflow/.local/lib/python3.8/site-packages/airflow/example_dags/example_branch_day_of_week_operator.py
[2023-11-04 14:11:51,222] {processor.py:642} INFO - Processing file /home/airflow/.local/lib/python3.8/site-packages/airflow/example_dags/example_branch_day_of_week_operator.py for tasks to queue
[2023-11-04 14:11:51,224] {logging_mixin.py:109} INFO - [2023-11-04 14:11:51,224] {dagbag.py:500} INFO - Filling up the DagBag from /home/airflow/.local/lib/python3.8/site-packages/airflow/example_dags/example_branch_day_of_week_operator.py
[2023-11-04 14:11:51,287] {processor.py:654} INFO - DAG(s) dict_keys(['example_weekday_branch_operator']) retrieved from /home/airflow/.local/lib/python3.8/site-packages/airflow/example_dags/example_branch_day_of_week_operator.py
[2023-11-04 14:11:51,304] {logging_mixin.py:109} INFO - [2023-11-04 14:11:51,304] {dag.py:2398} INFO - Sync 1 DAGs
[2023-11-04 14:11:51,340] {logging_mixin.py:109} INFO - [2023-11-04 14:11:51,340] {dag.py:2937} INFO - Setting next_dagrun for example_weekday_branch_operator to 2023-11-03 00:00:00+00:00
[2023-11-04 14:11:51,351] {processor.py:171} INFO - Processing /home/airflow/.local/lib/python3.8/site-packages/airflow/example_dags/example_branch_day_of_week_operator.py took 0.137 seconds
[2023-11-04 14:12:21,843] {processor.py:163} INFO - Started process (PID=108) to work on /home/airflow/.local/lib/python3.8/site-packages/airflow/example_dags/example_branch_day_of_week_operator.py
[2023-11-04 14:12:21,846] {processor.py:642} INFO - Processing file /home/airflow/.local/lib/python3.8/site-packages/airflow/example_dags/example_branch_day_of_week_operator.py for tasks to queue
[2023-11-04 14:12:21,847] {logging_mixin.py:109} INFO - [2023-11-04 14:12:21,847] {dagbag.py:500} INFO - Filling up the DagBag from /home/airflow/.local/lib/python3.8/site-packages/airflow/example_dags/example_branch_day_of_week_operator.py
[2023-11-04 14:12:21,896] {processor.py:654} INFO - DAG(s) dict_keys(['example_weekday_branch_operator']) retrieved from /home/airflow/.local/lib/python3.8/site-packages/airflow/example_dags/example_branch_day_of_week_operator.py
[2023-11-04 14:12:21,910] {logging_mixin.py:109} INFO - [2023-11-04 14:12:21,910] {dag.py:2398} INFO - Sync 1 DAGs
[2023-11-04 14:12:21,938] {logging_mixin.py:109} INFO - [2023-11-04 14:12:21,938] {dag.py:2937} INFO - Setting next_dagrun for example_weekday_branch_operator to 2023-11-03 00:00:00+00:00
[2023-11-04 14:12:21,952] {processor.py:171} INFO - Processing /home/airflow/.local/lib/python3.8/site-packages/airflow/example_dags/example_branch_day_of_week_operator.py took 0.114 seconds
[2023-11-04 14:12:53,182] {processor.py:163} INFO - Started process (PID=165) to work on /home/airflow/.local/lib/python3.8/site-packages/airflow/example_dags/example_branch_day_of_week_operator.py
[2023-11-04 14:12:53,184] {processor.py:642} INFO - Processing file /home/airflow/.local/lib/python3.8/site-packages/airflow/example_dags/example_branch_day_of_week_operator.py for tasks to queue
[2023-11-04 14:12:53,186] {logging_mixin.py:109} INFO - [2023-11-04 14:12:53,186] {dagbag.py:500} INFO - Filling up the DagBag from /home/airflow/.local/lib/python3.8/site-packages/airflow/example_dags/example_branch_day_of_week_operator.py
[2023-11-04 14:12:53,237] {processor.py:654} INFO - DAG(s) dict_keys(['example_weekday_branch_operator']) retrieved from /home/airflow/.local/lib/python3.8/site-packages/airflow/example_dags/example_branch_day_of_week_operator.py
[2023-11-04 14:12:53,251] {logging_mixin.py:109} INFO - [2023-11-04 14:12:53,251] {dag.py:2398} INFO - Sync 1 DAGs
[2023-11-04 14:12:53,285] {logging_mixin.py:109} INFO - [2023-11-04 14:12:53,285] {dag.py:2937} INFO - Setting next_dagrun for example_weekday_branch_operator to 2023-11-03 00:00:00+00:00
[2023-11-04 14:12:53,299] {processor.py:171} INFO - Processing /home/airflow/.local/lib/python3.8/site-packages/airflow/example_dags/example_branch_day_of_week_operator.py took 0.123 seconds
[2023-11-04 14:13:23,854] {processor.py:163} INFO - Started process (PID=214) to work on /home/airflow/.local/lib/python3.8/site-packages/airflow/example_dags/example_branch_day_of_week_operator.py
[2023-11-04 14:13:23,856] {processor.py:642} INFO - Processing file /home/airflow/.local/lib/python3.8/site-packages/airflow/example_dags/example_branch_day_of_week_operator.py for tasks to queue
[2023-11-04 14:13:23,858] {logging_mixin.py:109} INFO - [2023-11-04 14:13:23,858] {dagbag.py:500} INFO - Filling up the DagBag from /home/airflow/.local/lib/python3.8/site-packages/airflow/example_dags/example_branch_day_of_week_operator.py
[2023-11-04 14:13:23,904] {processor.py:654} INFO - DAG(s) dict_keys(['example_weekday_branch_operator']) retrieved from /home/airflow/.local/lib/python3.8/site-packages/airflow/example_dags/example_branch_day_of_week_operator.py
[2023-11-04 14:13:23,918] {logging_mixin.py:109} INFO - [2023-11-04 14:13:23,918] {dag.py:2398} INFO - Sync 1 DAGs
[2023-11-04 14:13:23,942] {logging_mixin.py:109} INFO - [2023-11-04 14:13:23,941] {dag.py:2937} INFO - Setting next_dagrun for example_weekday_branch_operator to 2023-11-03 00:00:00+00:00
[2023-11-04 14:13:23,953] {processor.py:171} INFO - Processing /home/airflow/.local/lib/python3.8/site-packages/airflow/example_dags/example_branch_day_of_week_operator.py took 0.104 seconds
[2023-11-04 14:13:54,775] {processor.py:163} INFO - Started process (PID=272) to work on /home/airflow/.local/lib/python3.8/site-packages/airflow/example_dags/example_branch_day_of_week_operator.py
[2023-11-04 14:13:54,778] {processor.py:642} INFO - Processing file /home/airflow/.local/lib/python3.8/site-packages/airflow/example_dags/example_branch_day_of_week_operator.py for tasks to queue
[2023-11-04 14:13:54,780] {logging_mixin.py:109} INFO - [2023-11-04 14:13:54,780] {dagbag.py:500} INFO - Filling up the DagBag from /home/airflow/.local/lib/python3.8/site-packages/airflow/example_dags/example_branch_day_of_week_operator.py
[2023-11-04 14:13:54,837] {processor.py:654} INFO - DAG(s) dict_keys(['example_weekday_branch_operator']) retrieved from /home/airflow/.local/lib/python3.8/site-packages/airflow/example_dags/example_branch_day_of_week_operator.py
[2023-11-04 14:13:54,855] {logging_mixin.py:109} INFO - [2023-11-04 14:13:54,855] {dag.py:2398} INFO - Sync 1 DAGs
[2023-11-04 14:13:54,878] {logging_mixin.py:109} INFO - [2023-11-04 14:13:54,878] {dag.py:2937} INFO - Setting next_dagrun for example_weekday_branch_operator to 2023-11-03 00:00:00+00:00
[2023-11-04 14:13:54,890] {processor.py:171} INFO - Processing /home/airflow/.local/lib/python3.8/site-packages/airflow/example_dags/example_branch_day_of_week_operator.py took 0.121 seconds
[2023-11-04 14:14:25,271] {processor.py:163} INFO - Started process (PID=321) to work on /home/airflow/.local/lib/python3.8/site-packages/airflow/example_dags/example_branch_day_of_week_operator.py
[2023-11-04 14:14:25,273] {processor.py:642} INFO - Processing file /home/airflow/.local/lib/python3.8/site-packages/airflow/example_dags/example_branch_day_of_week_operator.py for tasks to queue
[2023-11-04 14:14:25,275] {logging_mixin.py:109} INFO - [2023-11-04 14:14:25,275] {dagbag.py:500} INFO - Filling up the DagBag from /home/airflow/.local/lib/python3.8/site-packages/airflow/example_dags/example_branch_day_of_week_operator.py
[2023-11-04 14:14:25,323] {processor.py:654} INFO - DAG(s) dict_keys(['example_weekday_branch_operator']) retrieved from /home/airflow/.local/lib/python3.8/site-packages/airflow/example_dags/example_branch_day_of_week_operator.py
[2023-11-04 14:14:25,338] {logging_mixin.py:109} INFO - [2023-11-04 14:14:25,338] {dag.py:2398} INFO - Sync 1 DAGs
[2023-11-04 14:14:25,365] {logging_mixin.py:109} INFO - [2023-11-04 14:14:25,365] {dag.py:2937} INFO - Setting next_dagrun for example_weekday_branch_operator to 2023-11-03 00:00:00+00:00
[2023-11-04 14:14:25,376] {processor.py:171} INFO - Processing /home/airflow/.local/lib/python3.8/site-packages/airflow/example_dags/example_branch_day_of_week_operator.py took 0.110 seconds
[2023-11-04 14:14:55,705] {processor.py:163} INFO - Started process (PID=370) to work on /home/airflow/.local/lib/python3.8/site-packages/airflow/example_dags/example_branch_day_of_week_operator.py
[2023-11-04 14:14:55,707] {processor.py:642} INFO - Processing file /home/airflow/.local/lib/python3.8/site-packages/airflow/example_dags/example_branch_day_of_week_operator.py for tasks to queue
[2023-11-04 14:14:55,709] {logging_mixin.py:109} INFO - [2023-11-04 14:14:55,709] {dagbag.py:500} INFO - Filling up the DagBag from /home/airflow/.local/lib/python3.8/site-packages/airflow/example_dags/example_branch_day_of_week_operator.py
[2023-11-04 14:14:55,755] {processor.py:654} INFO - DAG(s) dict_keys(['example_weekday_branch_operator']) retrieved from /home/airflow/.local/lib/python3.8/site-packages/airflow/example_dags/example_branch_day_of_week_operator.py
[2023-11-04 14:14:55,771] {logging_mixin.py:109} INFO - [2023-11-04 14:14:55,771] {dag.py:2398} INFO - Sync 1 DAGs
[2023-11-04 14:14:55,793] {logging_mixin.py:109} INFO - [2023-11-04 14:14:55,793] {dag.py:2937} INFO - Setting next_dagrun for example_weekday_branch_operator to 2023-11-03 00:00:00+00:00
[2023-11-04 14:14:55,806] {processor.py:171} INFO - Processing /home/airflow/.local/lib/python3.8/site-packages/airflow/example_dags/example_branch_day_of_week_operator.py took 0.106 seconds
[2023-11-04 14:15:26,012] {processor.py:163} INFO - Started process (PID=426) to work on /home/airflow/.local/lib/python3.8/site-packages/airflow/example_dags/example_branch_day_of_week_operator.py
[2023-11-04 14:15:26,015] {processor.py:642} INFO - Processing file /home/airflow/.local/lib/python3.8/site-packages/airflow/example_dags/example_branch_day_of_week_operator.py for tasks to queue
[2023-11-04 14:15:26,017] {logging_mixin.py:109} INFO - [2023-11-04 14:15:26,017] {dagbag.py:500} INFO - Filling up the DagBag from /home/airflow/.local/lib/python3.8/site-packages/airflow/example_dags/example_branch_day_of_week_operator.py
[2023-11-04 14:15:26,064] {processor.py:654} INFO - DAG(s) dict_keys(['example_weekday_branch_operator']) retrieved from /home/airflow/.local/lib/python3.8/site-packages/airflow/example_dags/example_branch_day_of_week_operator.py
[2023-11-04 14:15:26,078] {logging_mixin.py:109} INFO - [2023-11-04 14:15:26,078] {dag.py:2398} INFO - Sync 1 DAGs
[2023-11-04 14:15:26,102] {logging_mixin.py:109} INFO - [2023-11-04 14:15:26,102] {dag.py:2937} INFO - Setting next_dagrun for example_weekday_branch_operator to 2023-11-03 00:00:00+00:00
[2023-11-04 14:15:26,114] {processor.py:171} INFO - Processing /home/airflow/.local/lib/python3.8/site-packages/airflow/example_dags/example_branch_day_of_week_operator.py took 0.107 seconds
[2023-11-04 14:15:56,331] {processor.py:163} INFO - Started process (PID=475) to work on /home/airflow/.local/lib/python3.8/site-packages/airflow/example_dags/example_branch_day_of_week_operator.py
[2023-11-04 14:15:56,334] {processor.py:642} INFO - Processing file /home/airflow/.local/lib/python3.8/site-packages/airflow/example_dags/example_branch_day_of_week_operator.py for tasks to queue
[2023-11-04 14:15:56,336] {logging_mixin.py:109} INFO - [2023-11-04 14:15:56,336] {dagbag.py:500} INFO - Filling up the DagBag from /home/airflow/.local/lib/python3.8/site-packages/airflow/example_dags/example_branch_day_of_week_operator.py
[2023-11-04 14:15:56,385] {processor.py:654} INFO - DAG(s) dict_keys(['example_weekday_branch_operator']) retrieved from /home/airflow/.local/lib/python3.8/site-packages/airflow/example_dags/example_branch_day_of_week_operator.py
[2023-11-04 14:15:56,399] {logging_mixin.py:109} INFO - [2023-11-04 14:15:56,399] {dag.py:2398} INFO - Sync 1 DAGs
[2023-11-04 14:15:56,421] {logging_mixin.py:109} INFO - [2023-11-04 14:15:56,421] {dag.py:2937} INFO - Setting next_dagrun for example_weekday_branch_operator to 2023-11-03 00:00:00+00:00
[2023-11-04 14:15:56,433] {processor.py:171} INFO - Processing /home/airflow/.local/lib/python3.8/site-packages/airflow/example_dags/example_branch_day_of_week_operator.py took 0.107 seconds
[2023-11-04 14:16:27,663] {processor.py:163} INFO - Started process (PID=532) to work on /home/airflow/.local/lib/python3.8/site-packages/airflow/example_dags/example_branch_day_of_week_operator.py
[2023-11-04 14:16:27,667] {processor.py:642} INFO - Processing file /home/airflow/.local/lib/python3.8/site-packages/airflow/example_dags/example_branch_day_of_week_operator.py for tasks to queue
[2023-11-04 14:16:27,669] {logging_mixin.py:109} INFO - [2023-11-04 14:16:27,669] {dagbag.py:500} INFO - Filling up the DagBag from /home/airflow/.local/lib/python3.8/site-packages/airflow/example_dags/example_branch_day_of_week_operator.py
[2023-11-04 14:16:27,718] {processor.py:654} INFO - DAG(s) dict_keys(['example_weekday_branch_operator']) retrieved from /home/airflow/.local/lib/python3.8/site-packages/airflow/example_dags/example_branch_day_of_week_operator.py
[2023-11-04 14:16:27,733] {logging_mixin.py:109} INFO - [2023-11-04 14:16:27,733] {dag.py:2398} INFO - Sync 1 DAGs
[2023-11-04 14:16:27,756] {logging_mixin.py:109} INFO - [2023-11-04 14:16:27,756] {dag.py:2937} INFO - Setting next_dagrun for example_weekday_branch_operator to 2023-11-03 00:00:00+00:00
[2023-11-04 14:16:27,770] {processor.py:171} INFO - Processing /home/airflow/.local/lib/python3.8/site-packages/airflow/example_dags/example_branch_day_of_week_operator.py took 0.115 seconds
[2023-11-04 14:16:58,392] {processor.py:163} INFO - Started process (PID=581) to work on /home/airflow/.local/lib/python3.8/site-packages/airflow/example_dags/example_branch_day_of_week_operator.py
[2023-11-04 14:16:58,394] {processor.py:642} INFO - Processing file /home/airflow/.local/lib/python3.8/site-packages/airflow/example_dags/example_branch_day_of_week_operator.py for tasks to queue
[2023-11-04 14:16:58,396] {logging_mixin.py:109} INFO - [2023-11-04 14:16:58,396] {dagbag.py:500} INFO - Filling up the DagBag from /home/airflow/.local/lib/python3.8/site-packages/airflow/example_dags/example_branch_day_of_week_operator.py
[2023-11-04 14:16:58,448] {processor.py:654} INFO - DAG(s) dict_keys(['example_weekday_branch_operator']) retrieved from /home/airflow/.local/lib/python3.8/site-packages/airflow/example_dags/example_branch_day_of_week_operator.py
[2023-11-04 14:16:58,464] {logging_mixin.py:109} INFO - [2023-11-04 14:16:58,464] {dag.py:2398} INFO - Sync 1 DAGs
[2023-11-04 14:16:58,491] {logging_mixin.py:109} INFO - [2023-11-04 14:16:58,490] {dag.py:2937} INFO - Setting next_dagrun for example_weekday_branch_operator to 2023-11-03 00:00:00+00:00
[2023-11-04 14:16:58,506] {processor.py:171} INFO - Processing /home/airflow/.local/lib/python3.8/site-packages/airflow/example_dags/example_branch_day_of_week_operator.py took 0.119 seconds
[2023-11-04 14:17:29,677] {processor.py:163} INFO - Started process (PID=630) to work on /home/airflow/.local/lib/python3.8/site-packages/airflow/example_dags/example_branch_day_of_week_operator.py
[2023-11-04 14:17:29,679] {processor.py:642} INFO - Processing file /home/airflow/.local/lib/python3.8/site-packages/airflow/example_dags/example_branch_day_of_week_operator.py for tasks to queue
[2023-11-04 14:17:29,681] {logging_mixin.py:109} INFO - [2023-11-04 14:17:29,681] {dagbag.py:500} INFO - Filling up the DagBag from /home/airflow/.local/lib/python3.8/site-packages/airflow/example_dags/example_branch_day_of_week_operator.py
[2023-11-04 14:17:29,726] {processor.py:654} INFO - DAG(s) dict_keys(['example_weekday_branch_operator']) retrieved from /home/airflow/.local/lib/python3.8/site-packages/airflow/example_dags/example_branch_day_of_week_operator.py
[2023-11-04 14:17:29,740] {logging_mixin.py:109} INFO - [2023-11-04 14:17:29,740] {dag.py:2398} INFO - Sync 1 DAGs
[2023-11-04 14:17:29,762] {logging_mixin.py:109} INFO - [2023-11-04 14:17:29,762] {dag.py:2937} INFO - Setting next_dagrun for example_weekday_branch_operator to 2023-11-03 00:00:00+00:00
[2023-11-04 14:17:29,774] {processor.py:171} INFO - Processing /home/airflow/.local/lib/python3.8/site-packages/airflow/example_dags/example_branch_day_of_week_operator.py took 0.103 seconds
[2023-11-04 14:18:00,620] {processor.py:163} INFO - Started process (PID=688) to work on /home/airflow/.local/lib/python3.8/site-packages/airflow/example_dags/example_branch_day_of_week_operator.py
[2023-11-04 14:18:00,624] {processor.py:642} INFO - Processing file /home/airflow/.local/lib/python3.8/site-packages/airflow/example_dags/example_branch_day_of_week_operator.py for tasks to queue
[2023-11-04 14:18:00,626] {logging_mixin.py:109} INFO - [2023-11-04 14:18:00,625] {dagbag.py:500} INFO - Filling up the DagBag from /home/airflow/.local/lib/python3.8/site-packages/airflow/example_dags/example_branch_day_of_week_operator.py
[2023-11-04 14:18:00,691] {processor.py:654} INFO - DAG(s) dict_keys(['example_weekday_branch_operator']) retrieved from /home/airflow/.local/lib/python3.8/site-packages/airflow/example_dags/example_branch_day_of_week_operator.py
[2023-11-04 14:18:00,709] {logging_mixin.py:109} INFO - [2023-11-04 14:18:00,708] {dag.py:2398} INFO - Sync 1 DAGs
[2023-11-04 14:18:00,742] {logging_mixin.py:109} INFO - [2023-11-04 14:18:00,742] {dag.py:2937} INFO - Setting next_dagrun for example_weekday_branch_operator to 2023-11-03 00:00:00+00:00
[2023-11-04 14:18:00,756] {processor.py:171} INFO - Processing /home/airflow/.local/lib/python3.8/site-packages/airflow/example_dags/example_branch_day_of_week_operator.py took 0.142 seconds
[2023-11-04 14:18:31,271] {processor.py:163} INFO - Started process (PID=737) to work on /home/airflow/.local/lib/python3.8/site-packages/airflow/example_dags/example_branch_day_of_week_operator.py
[2023-11-04 14:18:31,273] {processor.py:642} INFO - Processing file /home/airflow/.local/lib/python3.8/site-packages/airflow/example_dags/example_branch_day_of_week_operator.py for tasks to queue
[2023-11-04 14:18:31,275] {logging_mixin.py:109} INFO - [2023-11-04 14:18:31,275] {dagbag.py:500} INFO - Filling up the DagBag from /home/airflow/.local/lib/python3.8/site-packages/airflow/example_dags/example_branch_day_of_week_operator.py
[2023-11-04 14:18:31,325] {processor.py:654} INFO - DAG(s) dict_keys(['example_weekday_branch_operator']) retrieved from /home/airflow/.local/lib/python3.8/site-packages/airflow/example_dags/example_branch_day_of_week_operator.py
[2023-11-04 14:18:31,345] {logging_mixin.py:109} INFO - [2023-11-04 14:18:31,345] {dag.py:2398} INFO - Sync 1 DAGs
[2023-11-04 14:18:31,375] {logging_mixin.py:109} INFO - [2023-11-04 14:18:31,374] {dag.py:2937} INFO - Setting next_dagrun for example_weekday_branch_operator to 2023-11-03 00:00:00+00:00
[2023-11-04 14:18:31,395] {processor.py:171} INFO - Processing /home/airflow/.local/lib/python3.8/site-packages/airflow/example_dags/example_branch_day_of_week_operator.py took 0.130 seconds
[2023-11-04 14:19:02,555] {processor.py:163} INFO - Started process (PID=794) to work on /home/airflow/.local/lib/python3.8/site-packages/airflow/example_dags/example_branch_day_of_week_operator.py
[2023-11-04 14:19:02,559] {processor.py:642} INFO - Processing file /home/airflow/.local/lib/python3.8/site-packages/airflow/example_dags/example_branch_day_of_week_operator.py for tasks to queue
[2023-11-04 14:19:02,560] {logging_mixin.py:109} INFO - [2023-11-04 14:19:02,560] {dagbag.py:500} INFO - Filling up the DagBag from /home/airflow/.local/lib/python3.8/site-packages/airflow/example_dags/example_branch_day_of_week_operator.py
[2023-11-04 14:19:02,608] {processor.py:654} INFO - DAG(s) dict_keys(['example_weekday_branch_operator']) retrieved from /home/airflow/.local/lib/python3.8/site-packages/airflow/example_dags/example_branch_day_of_week_operator.py
[2023-11-04 14:19:02,622] {logging_mixin.py:109} INFO - [2023-11-04 14:19:02,622] {dag.py:2398} INFO - Sync 1 DAGs
[2023-11-04 14:19:02,646] {logging_mixin.py:109} INFO - [2023-11-04 14:19:02,646] {dag.py:2937} INFO - Setting next_dagrun for example_weekday_branch_operator to 2023-11-03 00:00:00+00:00
[2023-11-04 14:19:02,661] {processor.py:171} INFO - Processing /home/airflow/.local/lib/python3.8/site-packages/airflow/example_dags/example_branch_day_of_week_operator.py took 0.110 seconds
[2023-11-04 14:19:34,027] {processor.py:163} INFO - Started process (PID=843) to work on /home/airflow/.local/lib/python3.8/site-packages/airflow/example_dags/example_branch_day_of_week_operator.py
[2023-11-04 14:19:34,030] {processor.py:642} INFO - Processing file /home/airflow/.local/lib/python3.8/site-packages/airflow/example_dags/example_branch_day_of_week_operator.py for tasks to queue
[2023-11-04 14:19:34,031] {logging_mixin.py:109} INFO - [2023-11-04 14:19:34,031] {dagbag.py:500} INFO - Filling up the DagBag from /home/airflow/.local/lib/python3.8/site-packages/airflow/example_dags/example_branch_day_of_week_operator.py
[2023-11-04 14:19:34,079] {processor.py:654} INFO - DAG(s) dict_keys(['example_weekday_branch_operator']) retrieved from /home/airflow/.local/lib/python3.8/site-packages/airflow/example_dags/example_branch_day_of_week_operator.py
[2023-11-04 14:19:34,098] {logging_mixin.py:109} INFO - [2023-11-04 14:19:34,098] {dag.py:2398} INFO - Sync 1 DAGs
[2023-11-04 14:19:34,142] {logging_mixin.py:109} INFO - [2023-11-04 14:19:34,142] {dag.py:2937} INFO - Setting next_dagrun for example_weekday_branch_operator to 2023-11-03 00:00:00+00:00
[2023-11-04 14:19:34,155] {processor.py:171} INFO - Processing /home/airflow/.local/lib/python3.8/site-packages/airflow/example_dags/example_branch_day_of_week_operator.py took 0.133 seconds
[2023-11-04 14:20:04,685] {processor.py:163} INFO - Started process (PID=893) to work on /home/airflow/.local/lib/python3.8/site-packages/airflow/example_dags/example_branch_day_of_week_operator.py
[2023-11-04 14:20:04,700] {processor.py:642} INFO - Processing file /home/airflow/.local/lib/python3.8/site-packages/airflow/example_dags/example_branch_day_of_week_operator.py for tasks to queue
[2023-11-04 14:20:04,702] {logging_mixin.py:109} INFO - [2023-11-04 14:20:04,702] {dagbag.py:500} INFO - Filling up the DagBag from /home/airflow/.local/lib/python3.8/site-packages/airflow/example_dags/example_branch_day_of_week_operator.py
[2023-11-04 14:20:04,750] {processor.py:654} INFO - DAG(s) dict_keys(['example_weekday_branch_operator']) retrieved from /home/airflow/.local/lib/python3.8/site-packages/airflow/example_dags/example_branch_day_of_week_operator.py
[2023-11-04 14:20:04,765] {logging_mixin.py:109} INFO - [2023-11-04 14:20:04,765] {dag.py:2398} INFO - Sync 1 DAGs
[2023-11-04 14:20:04,787] {logging_mixin.py:109} INFO - [2023-11-04 14:20:04,787] {dag.py:2937} INFO - Setting next_dagrun for example_weekday_branch_operator to 2023-11-03 00:00:00+00:00
[2023-11-04 14:20:04,798] {processor.py:171} INFO - Processing /home/airflow/.local/lib/python3.8/site-packages/airflow/example_dags/example_branch_day_of_week_operator.py took 0.118 seconds
[2023-11-04 14:20:35,400] {processor.py:163} INFO - Started process (PID=951) to work on /home/airflow/.local/lib/python3.8/site-packages/airflow/example_dags/example_branch_day_of_week_operator.py
[2023-11-04 14:20:35,403] {processor.py:642} INFO - Processing file /home/airflow/.local/lib/python3.8/site-packages/airflow/example_dags/example_branch_day_of_week_operator.py for tasks to queue
[2023-11-04 14:20:35,405] {logging_mixin.py:109} INFO - [2023-11-04 14:20:35,405] {dagbag.py:500} INFO - Filling up the DagBag from /home/airflow/.local/lib/python3.8/site-packages/airflow/example_dags/example_branch_day_of_week_operator.py
[2023-11-04 14:20:35,462] {processor.py:654} INFO - DAG(s) dict_keys(['example_weekday_branch_operator']) retrieved from /home/airflow/.local/lib/python3.8/site-packages/airflow/example_dags/example_branch_day_of_week_operator.py
[2023-11-04 14:20:35,483] {logging_mixin.py:109} INFO - [2023-11-04 14:20:35,483] {dag.py:2398} INFO - Sync 1 DAGs
[2023-11-04 14:20:35,511] {logging_mixin.py:109} INFO - [2023-11-04 14:20:35,511] {dag.py:2937} INFO - Setting next_dagrun for example_weekday_branch_operator to 2023-11-03 00:00:00+00:00
[2023-11-04 14:20:35,528] {processor.py:171} INFO - Processing /home/airflow/.local/lib/python3.8/site-packages/airflow/example_dags/example_branch_day_of_week_operator.py took 0.133 seconds
[2023-11-04 14:21:06,428] {processor.py:163} INFO - Started process (PID=1001) to work on /home/airflow/.local/lib/python3.8/site-packages/airflow/example_dags/example_branch_day_of_week_operator.py
[2023-11-04 14:21:06,430] {processor.py:642} INFO - Processing file /home/airflow/.local/lib/python3.8/site-packages/airflow/example_dags/example_branch_day_of_week_operator.py for tasks to queue
[2023-11-04 14:21:06,433] {logging_mixin.py:109} INFO - [2023-11-04 14:21:06,432] {dagbag.py:500} INFO - Filling up the DagBag from /home/airflow/.local/lib/python3.8/site-packages/airflow/example_dags/example_branch_day_of_week_operator.py
[2023-11-04 14:21:06,489] {processor.py:654} INFO - DAG(s) dict_keys(['example_weekday_branch_operator']) retrieved from /home/airflow/.local/lib/python3.8/site-packages/airflow/example_dags/example_branch_day_of_week_operator.py
[2023-11-04 14:21:06,504] {logging_mixin.py:109} INFO - [2023-11-04 14:21:06,504] {dag.py:2398} INFO - Sync 1 DAGs
[2023-11-04 14:21:06,529] {logging_mixin.py:109} INFO - [2023-11-04 14:21:06,529] {dag.py:2937} INFO - Setting next_dagrun for example_weekday_branch_operator to 2023-11-03 00:00:00+00:00
[2023-11-04 14:21:06,543] {processor.py:171} INFO - Processing /home/airflow/.local/lib/python3.8/site-packages/airflow/example_dags/example_branch_day_of_week_operator.py took 0.120 seconds
[2023-11-04 14:21:36,972] {processor.py:163} INFO - Started process (PID=1052) to work on /home/airflow/.local/lib/python3.8/site-packages/airflow/example_dags/example_branch_day_of_week_operator.py
[2023-11-04 14:21:36,974] {processor.py:642} INFO - Processing file /home/airflow/.local/lib/python3.8/site-packages/airflow/example_dags/example_branch_day_of_week_operator.py for tasks to queue
[2023-11-04 14:21:36,975] {logging_mixin.py:109} INFO - [2023-11-04 14:21:36,975] {dagbag.py:500} INFO - Filling up the DagBag from /home/airflow/.local/lib/python3.8/site-packages/airflow/example_dags/example_branch_day_of_week_operator.py
[2023-11-04 14:21:37,028] {processor.py:654} INFO - DAG(s) dict_keys(['example_weekday_branch_operator']) retrieved from /home/airflow/.local/lib/python3.8/site-packages/airflow/example_dags/example_branch_day_of_week_operator.py
[2023-11-04 14:21:37,047] {logging_mixin.py:109} INFO - [2023-11-04 14:21:37,047] {dag.py:2398} INFO - Sync 1 DAGs
[2023-11-04 14:21:37,079] {logging_mixin.py:109} INFO - [2023-11-04 14:21:37,079] {dag.py:2937} INFO - Setting next_dagrun for example_weekday_branch_operator to 2023-11-03 00:00:00+00:00
[2023-11-04 14:21:37,091] {processor.py:171} INFO - Processing /home/airflow/.local/lib/python3.8/site-packages/airflow/example_dags/example_branch_day_of_week_operator.py took 0.124 seconds
[2023-11-04 14:22:08,117] {processor.py:163} INFO - Started process (PID=1109) to work on /home/airflow/.local/lib/python3.8/site-packages/airflow/example_dags/example_branch_day_of_week_operator.py
[2023-11-04 14:22:08,120] {processor.py:642} INFO - Processing file /home/airflow/.local/lib/python3.8/site-packages/airflow/example_dags/example_branch_day_of_week_operator.py for tasks to queue
[2023-11-04 14:22:08,121] {logging_mixin.py:109} INFO - [2023-11-04 14:22:08,121] {dagbag.py:500} INFO - Filling up the DagBag from /home/airflow/.local/lib/python3.8/site-packages/airflow/example_dags/example_branch_day_of_week_operator.py
[2023-11-04 14:22:08,172] {processor.py:654} INFO - DAG(s) dict_keys(['example_weekday_branch_operator']) retrieved from /home/airflow/.local/lib/python3.8/site-packages/airflow/example_dags/example_branch_day_of_week_operator.py
[2023-11-04 14:22:08,188] {logging_mixin.py:109} INFO - [2023-11-04 14:22:08,188] {dag.py:2398} INFO - Sync 1 DAGs
[2023-11-04 14:22:08,217] {logging_mixin.py:109} INFO - [2023-11-04 14:22:08,217] {dag.py:2937} INFO - Setting next_dagrun for example_weekday_branch_operator to 2023-11-03 00:00:00+00:00
[2023-11-04 14:22:08,229] {processor.py:171} INFO - Processing /home/airflow/.local/lib/python3.8/site-packages/airflow/example_dags/example_branch_day_of_week_operator.py took 0.117 seconds
[2023-11-04 14:22:39,110] {processor.py:163} INFO - Started process (PID=1158) to work on /home/airflow/.local/lib/python3.8/site-packages/airflow/example_dags/example_branch_day_of_week_operator.py
[2023-11-04 14:22:39,113] {processor.py:642} INFO - Processing file /home/airflow/.local/lib/python3.8/site-packages/airflow/example_dags/example_branch_day_of_week_operator.py for tasks to queue
[2023-11-04 14:22:39,115] {logging_mixin.py:109} INFO - [2023-11-04 14:22:39,115] {dagbag.py:500} INFO - Filling up the DagBag from /home/airflow/.local/lib/python3.8/site-packages/airflow/example_dags/example_branch_day_of_week_operator.py
[2023-11-04 14:22:39,162] {processor.py:654} INFO - DAG(s) dict_keys(['example_weekday_branch_operator']) retrieved from /home/airflow/.local/lib/python3.8/site-packages/airflow/example_dags/example_branch_day_of_week_operator.py
[2023-11-04 14:22:39,179] {logging_mixin.py:109} INFO - [2023-11-04 14:22:39,178] {dag.py:2398} INFO - Sync 1 DAGs
[2023-11-04 14:22:39,220] {logging_mixin.py:109} INFO - [2023-11-04 14:22:39,220] {dag.py:2937} INFO - Setting next_dagrun for example_weekday_branch_operator to 2023-11-03 00:00:00+00:00
[2023-11-04 14:22:39,245] {processor.py:171} INFO - Processing /home/airflow/.local/lib/python3.8/site-packages/airflow/example_dags/example_branch_day_of_week_operator.py took 0.140 seconds
[2023-11-04 14:23:11,009] {processor.py:163} INFO - Started process (PID=1215) to work on /home/airflow/.local/lib/python3.8/site-packages/airflow/example_dags/example_branch_day_of_week_operator.py
[2023-11-04 14:23:11,012] {processor.py:642} INFO - Processing file /home/airflow/.local/lib/python3.8/site-packages/airflow/example_dags/example_branch_day_of_week_operator.py for tasks to queue
[2023-11-04 14:23:11,013] {logging_mixin.py:109} INFO - [2023-11-04 14:23:11,013] {dagbag.py:500} INFO - Filling up the DagBag from /home/airflow/.local/lib/python3.8/site-packages/airflow/example_dags/example_branch_day_of_week_operator.py
[2023-11-04 14:23:11,070] {processor.py:654} INFO - DAG(s) dict_keys(['example_weekday_branch_operator']) retrieved from /home/airflow/.local/lib/python3.8/site-packages/airflow/example_dags/example_branch_day_of_week_operator.py
[2023-11-04 14:23:11,085] {logging_mixin.py:109} INFO - [2023-11-04 14:23:11,084] {dag.py:2398} INFO - Sync 1 DAGs
[2023-11-04 14:23:11,110] {logging_mixin.py:109} INFO - [2023-11-04 14:23:11,110] {dag.py:2937} INFO - Setting next_dagrun for example_weekday_branch_operator to 2023-11-03 00:00:00+00:00
[2023-11-04 14:23:11,122] {processor.py:171} INFO - Processing /home/airflow/.local/lib/python3.8/site-packages/airflow/example_dags/example_branch_day_of_week_operator.py took 0.118 seconds
[2023-11-04 14:23:41,869] {processor.py:163} INFO - Started process (PID=1264) to work on /home/airflow/.local/lib/python3.8/site-packages/airflow/example_dags/example_branch_day_of_week_operator.py
[2023-11-04 14:23:41,872] {processor.py:642} INFO - Processing file /home/airflow/.local/lib/python3.8/site-packages/airflow/example_dags/example_branch_day_of_week_operator.py for tasks to queue
[2023-11-04 14:23:41,874] {logging_mixin.py:109} INFO - [2023-11-04 14:23:41,873] {dagbag.py:500} INFO - Filling up the DagBag from /home/airflow/.local/lib/python3.8/site-packages/airflow/example_dags/example_branch_day_of_week_operator.py
[2023-11-04 14:23:41,940] {processor.py:654} INFO - DAG(s) dict_keys(['example_weekday_branch_operator']) retrieved from /home/airflow/.local/lib/python3.8/site-packages/airflow/example_dags/example_branch_day_of_week_operator.py
[2023-11-04 14:23:41,958] {logging_mixin.py:109} INFO - [2023-11-04 14:23:41,958] {dag.py:2398} INFO - Sync 1 DAGs
[2023-11-04 14:23:41,995] {logging_mixin.py:109} INFO - [2023-11-04 14:23:41,995] {dag.py:2937} INFO - Setting next_dagrun for example_weekday_branch_operator to 2023-11-03 00:00:00+00:00
[2023-11-04 14:23:42,013] {processor.py:171} INFO - Processing /home/airflow/.local/lib/python3.8/site-packages/airflow/example_dags/example_branch_day_of_week_operator.py took 0.151 seconds
[2023-11-04 14:24:12,691] {processor.py:163} INFO - Started process (PID=1320) to work on /home/airflow/.local/lib/python3.8/site-packages/airflow/example_dags/example_branch_day_of_week_operator.py
[2023-11-04 14:24:12,693] {processor.py:642} INFO - Processing file /home/airflow/.local/lib/python3.8/site-packages/airflow/example_dags/example_branch_day_of_week_operator.py for tasks to queue
[2023-11-04 14:24:12,695] {logging_mixin.py:109} INFO - [2023-11-04 14:24:12,694] {dagbag.py:500} INFO - Filling up the DagBag from /home/airflow/.local/lib/python3.8/site-packages/airflow/example_dags/example_branch_day_of_week_operator.py
[2023-11-04 14:24:12,756] {processor.py:654} INFO - DAG(s) dict_keys(['example_weekday_branch_operator']) retrieved from /home/airflow/.local/lib/python3.8/site-packages/airflow/example_dags/example_branch_day_of_week_operator.py
[2023-11-04 14:24:12,770] {logging_mixin.py:109} INFO - [2023-11-04 14:24:12,770] {dag.py:2398} INFO - Sync 1 DAGs
[2023-11-04 14:24:12,793] {logging_mixin.py:109} INFO - [2023-11-04 14:24:12,793] {dag.py:2937} INFO - Setting next_dagrun for example_weekday_branch_operator to 2023-11-03 00:00:00+00:00
[2023-11-04 14:24:12,805] {processor.py:171} INFO - Processing /home/airflow/.local/lib/python3.8/site-packages/airflow/example_dags/example_branch_day_of_week_operator.py took 0.120 seconds
[2023-11-04 14:24:43,070] {processor.py:163} INFO - Started process (PID=1370) to work on /home/airflow/.local/lib/python3.8/site-packages/airflow/example_dags/example_branch_day_of_week_operator.py
[2023-11-04 14:24:43,073] {processor.py:642} INFO - Processing file /home/airflow/.local/lib/python3.8/site-packages/airflow/example_dags/example_branch_day_of_week_operator.py for tasks to queue
[2023-11-04 14:24:43,076] {logging_mixin.py:109} INFO - [2023-11-04 14:24:43,076] {dagbag.py:500} INFO - Filling up the DagBag from /home/airflow/.local/lib/python3.8/site-packages/airflow/example_dags/example_branch_day_of_week_operator.py
[2023-11-04 14:24:43,146] {processor.py:654} INFO - DAG(s) dict_keys(['example_weekday_branch_operator']) retrieved from /home/airflow/.local/lib/python3.8/site-packages/airflow/example_dags/example_branch_day_of_week_operator.py
[2023-11-04 14:24:43,161] {logging_mixin.py:109} INFO - [2023-11-04 14:24:43,161] {dag.py:2398} INFO - Sync 1 DAGs
[2023-11-04 14:24:43,186] {logging_mixin.py:109} INFO - [2023-11-04 14:24:43,186] {dag.py:2937} INFO - Setting next_dagrun for example_weekday_branch_operator to 2023-11-03 00:00:00+00:00
[2023-11-04 14:24:43,205] {processor.py:171} INFO - Processing /home/airflow/.local/lib/python3.8/site-packages/airflow/example_dags/example_branch_day_of_week_operator.py took 0.141 seconds
[2023-11-04 14:25:14,166] {processor.py:163} INFO - Started process (PID=1419) to work on /home/airflow/.local/lib/python3.8/site-packages/airflow/example_dags/example_branch_day_of_week_operator.py
[2023-11-04 14:25:14,169] {processor.py:642} INFO - Processing file /home/airflow/.local/lib/python3.8/site-packages/airflow/example_dags/example_branch_day_of_week_operator.py for tasks to queue
[2023-11-04 14:25:14,170] {logging_mixin.py:109} INFO - [2023-11-04 14:25:14,170] {dagbag.py:500} INFO - Filling up the DagBag from /home/airflow/.local/lib/python3.8/site-packages/airflow/example_dags/example_branch_day_of_week_operator.py
[2023-11-04 14:25:14,243] {processor.py:654} INFO - DAG(s) dict_keys(['example_weekday_branch_operator']) retrieved from /home/airflow/.local/lib/python3.8/site-packages/airflow/example_dags/example_branch_day_of_week_operator.py
[2023-11-04 14:25:14,277] {logging_mixin.py:109} INFO - [2023-11-04 14:25:14,277] {dag.py:2398} INFO - Sync 1 DAGs
[2023-11-04 14:25:14,302] {logging_mixin.py:109} INFO - [2023-11-04 14:25:14,302] {dag.py:2937} INFO - Setting next_dagrun for example_weekday_branch_operator to 2023-11-03 00:00:00+00:00
[2023-11-04 14:25:14,314] {processor.py:171} INFO - Processing /home/airflow/.local/lib/python3.8/site-packages/airflow/example_dags/example_branch_day_of_week_operator.py took 0.154 seconds
[2023-11-04 14:25:44,759] {processor.py:163} INFO - Started process (PID=1476) to work on /home/airflow/.local/lib/python3.8/site-packages/airflow/example_dags/example_branch_day_of_week_operator.py
[2023-11-04 14:25:44,761] {processor.py:642} INFO - Processing file /home/airflow/.local/lib/python3.8/site-packages/airflow/example_dags/example_branch_day_of_week_operator.py for tasks to queue
[2023-11-04 14:25:44,767] {logging_mixin.py:109} INFO - [2023-11-04 14:25:44,766] {dagbag.py:500} INFO - Filling up the DagBag from /home/airflow/.local/lib/python3.8/site-packages/airflow/example_dags/example_branch_day_of_week_operator.py
[2023-11-04 14:25:44,813] {processor.py:654} INFO - DAG(s) dict_keys(['example_weekday_branch_operator']) retrieved from /home/airflow/.local/lib/python3.8/site-packages/airflow/example_dags/example_branch_day_of_week_operator.py
[2023-11-04 14:25:44,826] {logging_mixin.py:109} INFO - [2023-11-04 14:25:44,826] {dag.py:2398} INFO - Sync 1 DAGs
[2023-11-04 14:25:44,850] {logging_mixin.py:109} INFO - [2023-11-04 14:25:44,850] {dag.py:2937} INFO - Setting next_dagrun for example_weekday_branch_operator to 2023-11-03 00:00:00+00:00
[2023-11-04 14:25:44,862] {processor.py:171} INFO - Processing /home/airflow/.local/lib/python3.8/site-packages/airflow/example_dags/example_branch_day_of_week_operator.py took 0.108 seconds
[2023-11-04 14:26:15,701] {processor.py:163} INFO - Started process (PID=1525) to work on /home/airflow/.local/lib/python3.8/site-packages/airflow/example_dags/example_branch_day_of_week_operator.py
[2023-11-04 14:26:15,703] {processor.py:642} INFO - Processing file /home/airflow/.local/lib/python3.8/site-packages/airflow/example_dags/example_branch_day_of_week_operator.py for tasks to queue
[2023-11-04 14:26:15,704] {logging_mixin.py:109} INFO - [2023-11-04 14:26:15,704] {dagbag.py:500} INFO - Filling up the DagBag from /home/airflow/.local/lib/python3.8/site-packages/airflow/example_dags/example_branch_day_of_week_operator.py
[2023-11-04 14:26:15,750] {processor.py:654} INFO - DAG(s) dict_keys(['example_weekday_branch_operator']) retrieved from /home/airflow/.local/lib/python3.8/site-packages/airflow/example_dags/example_branch_day_of_week_operator.py
[2023-11-04 14:26:15,764] {logging_mixin.py:109} INFO - [2023-11-04 14:26:15,764] {dag.py:2398} INFO - Sync 1 DAGs
[2023-11-04 14:26:15,785] {logging_mixin.py:109} INFO - [2023-11-04 14:26:15,785] {dag.py:2937} INFO - Setting next_dagrun for example_weekday_branch_operator to 2023-11-03 00:00:00+00:00
[2023-11-04 14:26:15,797] {processor.py:171} INFO - Processing /home/airflow/.local/lib/python3.8/site-packages/airflow/example_dags/example_branch_day_of_week_operator.py took 0.101 seconds
[2023-11-04 14:28:10,897] {processor.py:163} INFO - Started process (PID=60) to work on /home/airflow/.local/lib/python3.8/site-packages/airflow/example_dags/example_branch_day_of_week_operator.py
[2023-11-04 14:28:10,900] {processor.py:642} INFO - Processing file /home/airflow/.local/lib/python3.8/site-packages/airflow/example_dags/example_branch_day_of_week_operator.py for tasks to queue
[2023-11-04 14:28:10,902] {logging_mixin.py:109} INFO - [2023-11-04 14:28:10,902] {dagbag.py:500} INFO - Filling up the DagBag from /home/airflow/.local/lib/python3.8/site-packages/airflow/example_dags/example_branch_day_of_week_operator.py
[2023-11-04 14:28:10,968] {processor.py:654} INFO - DAG(s) dict_keys(['example_weekday_branch_operator']) retrieved from /home/airflow/.local/lib/python3.8/site-packages/airflow/example_dags/example_branch_day_of_week_operator.py
[2023-11-04 14:28:10,989] {logging_mixin.py:109} INFO - [2023-11-04 14:28:10,989] {dag.py:2398} INFO - Sync 1 DAGs
[2023-11-04 14:28:11,015] {logging_mixin.py:109} INFO - [2023-11-04 14:28:11,015] {dag.py:2937} INFO - Setting next_dagrun for example_weekday_branch_operator to 2023-11-03 00:00:00+00:00
[2023-11-04 14:28:11,026] {processor.py:171} INFO - Processing /home/airflow/.local/lib/python3.8/site-packages/airflow/example_dags/example_branch_day_of_week_operator.py took 0.135 seconds
[2023-11-04 14:28:41,268] {processor.py:163} INFO - Started process (PID=110) to work on /home/airflow/.local/lib/python3.8/site-packages/airflow/example_dags/example_branch_day_of_week_operator.py
[2023-11-04 14:28:41,270] {processor.py:642} INFO - Processing file /home/airflow/.local/lib/python3.8/site-packages/airflow/example_dags/example_branch_day_of_week_operator.py for tasks to queue
[2023-11-04 14:28:41,271] {logging_mixin.py:109} INFO - [2023-11-04 14:28:41,271] {dagbag.py:500} INFO - Filling up the DagBag from /home/airflow/.local/lib/python3.8/site-packages/airflow/example_dags/example_branch_day_of_week_operator.py
[2023-11-04 14:28:41,317] {processor.py:654} INFO - DAG(s) dict_keys(['example_weekday_branch_operator']) retrieved from /home/airflow/.local/lib/python3.8/site-packages/airflow/example_dags/example_branch_day_of_week_operator.py
[2023-11-04 14:28:41,331] {logging_mixin.py:109} INFO - [2023-11-04 14:28:41,331] {dag.py:2398} INFO - Sync 1 DAGs
[2023-11-04 14:28:41,354] {logging_mixin.py:109} INFO - [2023-11-04 14:28:41,353] {dag.py:2937} INFO - Setting next_dagrun for example_weekday_branch_operator to 2023-11-03 00:00:00+00:00
[2023-11-04 14:28:41,364] {processor.py:171} INFO - Processing /home/airflow/.local/lib/python3.8/site-packages/airflow/example_dags/example_branch_day_of_week_operator.py took 0.101 seconds
[2023-11-04 14:29:11,790] {processor.py:163} INFO - Started process (PID=167) to work on /home/airflow/.local/lib/python3.8/site-packages/airflow/example_dags/example_branch_day_of_week_operator.py
[2023-11-04 14:29:11,792] {processor.py:642} INFO - Processing file /home/airflow/.local/lib/python3.8/site-packages/airflow/example_dags/example_branch_day_of_week_operator.py for tasks to queue
[2023-11-04 14:29:11,794] {logging_mixin.py:109} INFO - [2023-11-04 14:29:11,794] {dagbag.py:500} INFO - Filling up the DagBag from /home/airflow/.local/lib/python3.8/site-packages/airflow/example_dags/example_branch_day_of_week_operator.py
[2023-11-04 14:29:11,856] {processor.py:654} INFO - DAG(s) dict_keys(['example_weekday_branch_operator']) retrieved from /home/airflow/.local/lib/python3.8/site-packages/airflow/example_dags/example_branch_day_of_week_operator.py
[2023-11-04 14:29:11,870] {logging_mixin.py:109} INFO - [2023-11-04 14:29:11,870] {dag.py:2398} INFO - Sync 1 DAGs
[2023-11-04 14:29:11,894] {logging_mixin.py:109} INFO - [2023-11-04 14:29:11,893] {dag.py:2937} INFO - Setting next_dagrun for example_weekday_branch_operator to 2023-11-03 00:00:00+00:00
[2023-11-04 14:29:11,906] {processor.py:171} INFO - Processing /home/airflow/.local/lib/python3.8/site-packages/airflow/example_dags/example_branch_day_of_week_operator.py took 0.122 seconds
[2023-11-04 14:29:42,469] {processor.py:163} INFO - Started process (PID=216) to work on /home/airflow/.local/lib/python3.8/site-packages/airflow/example_dags/example_branch_day_of_week_operator.py
[2023-11-04 14:29:42,473] {processor.py:642} INFO - Processing file /home/airflow/.local/lib/python3.8/site-packages/airflow/example_dags/example_branch_day_of_week_operator.py for tasks to queue
[2023-11-04 14:29:42,475] {logging_mixin.py:109} INFO - [2023-11-04 14:29:42,475] {dagbag.py:500} INFO - Filling up the DagBag from /home/airflow/.local/lib/python3.8/site-packages/airflow/example_dags/example_branch_day_of_week_operator.py
[2023-11-04 14:29:42,528] {processor.py:654} INFO - DAG(s) dict_keys(['example_weekday_branch_operator']) retrieved from /home/airflow/.local/lib/python3.8/site-packages/airflow/example_dags/example_branch_day_of_week_operator.py
[2023-11-04 14:29:42,544] {logging_mixin.py:109} INFO - [2023-11-04 14:29:42,544] {dag.py:2398} INFO - Sync 1 DAGs
[2023-11-04 14:29:42,570] {logging_mixin.py:109} INFO - [2023-11-04 14:29:42,570] {dag.py:2937} INFO - Setting next_dagrun for example_weekday_branch_operator to 2023-11-03 00:00:00+00:00
[2023-11-04 14:29:42,583] {processor.py:171} INFO - Processing /home/airflow/.local/lib/python3.8/site-packages/airflow/example_dags/example_branch_day_of_week_operator.py took 0.119 seconds
[2023-11-04 14:30:13,574] {processor.py:163} INFO - Started process (PID=272) to work on /home/airflow/.local/lib/python3.8/site-packages/airflow/example_dags/example_branch_day_of_week_operator.py
[2023-11-04 14:30:13,577] {processor.py:642} INFO - Processing file /home/airflow/.local/lib/python3.8/site-packages/airflow/example_dags/example_branch_day_of_week_operator.py for tasks to queue
[2023-11-04 14:30:13,579] {logging_mixin.py:109} INFO - [2023-11-04 14:30:13,579] {dagbag.py:500} INFO - Filling up the DagBag from /home/airflow/.local/lib/python3.8/site-packages/airflow/example_dags/example_branch_day_of_week_operator.py
[2023-11-04 14:30:13,654] {processor.py:654} INFO - DAG(s) dict_keys(['example_weekday_branch_operator']) retrieved from /home/airflow/.local/lib/python3.8/site-packages/airflow/example_dags/example_branch_day_of_week_operator.py
[2023-11-04 14:30:13,670] {logging_mixin.py:109} INFO - [2023-11-04 14:30:13,670] {dag.py:2398} INFO - Sync 1 DAGs
[2023-11-04 14:30:13,702] {logging_mixin.py:109} INFO - [2023-11-04 14:30:13,702] {dag.py:2937} INFO - Setting next_dagrun for example_weekday_branch_operator to 2023-11-03 00:00:00+00:00
[2023-11-04 14:30:13,724] {processor.py:171} INFO - Processing /home/airflow/.local/lib/python3.8/site-packages/airflow/example_dags/example_branch_day_of_week_operator.py took 0.157 seconds
[2023-11-04 14:30:44,880] {processor.py:163} INFO - Started process (PID=321) to work on /home/airflow/.local/lib/python3.8/site-packages/airflow/example_dags/example_branch_day_of_week_operator.py
[2023-11-04 14:30:44,883] {processor.py:642} INFO - Processing file /home/airflow/.local/lib/python3.8/site-packages/airflow/example_dags/example_branch_day_of_week_operator.py for tasks to queue
[2023-11-04 14:30:44,885] {logging_mixin.py:109} INFO - [2023-11-04 14:30:44,885] {dagbag.py:500} INFO - Filling up the DagBag from /home/airflow/.local/lib/python3.8/site-packages/airflow/example_dags/example_branch_day_of_week_operator.py
[2023-11-04 14:30:44,958] {processor.py:654} INFO - DAG(s) dict_keys(['example_weekday_branch_operator']) retrieved from /home/airflow/.local/lib/python3.8/site-packages/airflow/example_dags/example_branch_day_of_week_operator.py
[2023-11-04 14:30:44,976] {logging_mixin.py:109} INFO - [2023-11-04 14:30:44,976] {dag.py:2398} INFO - Sync 1 DAGs
[2023-11-04 14:30:44,999] {logging_mixin.py:109} INFO - [2023-11-04 14:30:44,999] {dag.py:2937} INFO - Setting next_dagrun for example_weekday_branch_operator to 2023-11-03 00:00:00+00:00
[2023-11-04 14:30:45,012] {processor.py:171} INFO - Processing /home/airflow/.local/lib/python3.8/site-packages/airflow/example_dags/example_branch_day_of_week_operator.py took 0.139 seconds
