[2023-11-04 13:41:20,910] {processor.py:163} INFO - Started process (PID=134) to work on /home/airflow/.local/lib/python3.8/site-packages/airflow/example_dags/example_task_group.py
[2023-11-04 13:41:20,917] {processor.py:642} INFO - Processing file /home/airflow/.local/lib/python3.8/site-packages/airflow/example_dags/example_task_group.py for tasks to queue
[2023-11-04 13:41:20,920] {logging_mixin.py:109} INFO - [2023-11-04 13:41:20,920] {dagbag.py:500} INFO - Filling up the DagBag from /home/airflow/.local/lib/python3.8/site-packages/airflow/example_dags/example_task_group.py
[2023-11-04 13:41:21,206] {processor.py:654} INFO - DAG(s) dict_keys(['example_task_group']) retrieved from /home/airflow/.local/lib/python3.8/site-packages/airflow/example_dags/example_task_group.py
[2023-11-04 13:41:23,281] {logging_mixin.py:109} INFO - [2023-11-04 13:41:23,281] {providers_manager.py:154} WARNING - Exception when importing 'airflow.providers.google.common.hooks.base_google.GoogleBaseHook' from 'apache-airflow-providers-google' package: module 'pyparsing' has no attribute 'downcaseTokens'
[2023-11-04 13:41:23,292] {logging_mixin.py:109} INFO - [2023-11-04 13:41:23,291] {providers_manager.py:154} WARNING - Exception when importing 'airflow.providers.google.cloud.hooks.cloud_sql.CloudSQLHook' from 'apache-airflow-providers-google' package: module 'pyparsing' has no attribute 'downcaseTokens'
[2023-11-04 13:41:23,299] {logging_mixin.py:109} INFO - [2023-11-04 13:41:23,299] {providers_manager.py:154} WARNING - Exception when importing 'airflow.providers.google.cloud.hooks.cloud_sql.CloudSQLDatabaseHook' from 'apache-airflow-providers-google' package: module 'pyparsing' has no attribute 'downcaseTokens'
[2023-11-04 13:41:23,505] {logging_mixin.py:109} INFO - [2023-11-04 13:41:23,505] {providers_manager.py:154} WARNING - Exception when importing 'airflow.providers.google.cloud.hooks.bigquery.BigQueryHook' from 'apache-airflow-providers-google' package: module 'pyparsing' has no attribute 'downcaseTokens'
[2023-11-04 13:41:23,518] {logging_mixin.py:109} INFO - [2023-11-04 13:41:23,518] {providers_manager.py:154} WARNING - Exception when importing 'airflow.providers.google.cloud.hooks.compute_ssh.ComputeEngineSSHHook' from 'apache-airflow-providers-google' package: module 'pyparsing' has no attribute 'downcaseTokens'
[2023-11-04 13:41:24,096] {logging_mixin.py:109} INFO - [2023-11-04 13:41:24,096] {providers_manager.py:154} WARNING - Exception when importing 'airflow.providers.google.common.hooks.base_google.GoogleBaseHook' from 'apache-airflow-providers-google' package: module 'pyparsing' has no attribute 'downcaseTokens'
[2023-11-04 13:41:24,100] {logging_mixin.py:109} INFO - [2023-11-04 13:41:24,100] {providers_manager.py:154} WARNING - Exception when importing 'airflow.providers.google.cloud.hooks.cloud_sql.CloudSQLHook' from 'apache-airflow-providers-google' package: module 'pyparsing' has no attribute 'downcaseTokens'
[2023-11-04 13:41:24,104] {logging_mixin.py:109} INFO - [2023-11-04 13:41:24,104] {providers_manager.py:154} WARNING - Exception when importing 'airflow.providers.google.cloud.hooks.cloud_sql.CloudSQLDatabaseHook' from 'apache-airflow-providers-google' package: module 'pyparsing' has no attribute 'downcaseTokens'
[2023-11-04 13:41:24,109] {logging_mixin.py:109} INFO - [2023-11-04 13:41:24,109] {providers_manager.py:154} WARNING - Exception when importing 'airflow.providers.google.cloud.hooks.bigquery.BigQueryHook' from 'apache-airflow-providers-google' package: module 'pyparsing' has no attribute 'downcaseTokens'
[2023-11-04 13:41:24,113] {logging_mixin.py:109} INFO - [2023-11-04 13:41:24,112] {providers_manager.py:154} WARNING - Exception when importing 'airflow.providers.google.cloud.hooks.compute_ssh.ComputeEngineSSHHook' from 'apache-airflow-providers-google' package: module 'pyparsing' has no attribute 'downcaseTokens'
[2023-11-04 13:41:24,140] {logging_mixin.py:109} INFO - [2023-11-04 13:41:24,140] {manager.py:496} INFO - Created Permission View: can read on DAG:example_task_group
[2023-11-04 13:41:24,149] {logging_mixin.py:109} INFO - [2023-11-04 13:41:24,149] {manager.py:496} INFO - Created Permission View: can edit on DAG:example_task_group
[2023-11-04 13:41:24,151] {logging_mixin.py:109} INFO - [2023-11-04 13:41:24,151] {dag.py:2398} INFO - Sync 1 DAGs
[2023-11-04 13:41:24,160] {logging_mixin.py:109} INFO - [2023-11-04 13:41:24,160] {dag.py:2417} INFO - Creating ORM DAG for example_task_group
[2023-11-04 13:41:24,169] {logging_mixin.py:109} INFO - [2023-11-04 13:41:24,169] {dag.py:2937} INFO - Setting next_dagrun for example_task_group to 2023-11-03T13:41:24.169430+00:00
[2023-11-04 13:41:24,183] {processor.py:171} INFO - Processing /home/airflow/.local/lib/python3.8/site-packages/airflow/example_dags/example_task_group.py took 3.285 seconds
[2023-11-04 13:41:54,389] {processor.py:163} INFO - Started process (PID=298) to work on /home/airflow/.local/lib/python3.8/site-packages/airflow/example_dags/example_task_group.py
[2023-11-04 13:41:54,391] {processor.py:642} INFO - Processing file /home/airflow/.local/lib/python3.8/site-packages/airflow/example_dags/example_task_group.py for tasks to queue
[2023-11-04 13:41:54,393] {logging_mixin.py:109} INFO - [2023-11-04 13:41:54,393] {dagbag.py:500} INFO - Filling up the DagBag from /home/airflow/.local/lib/python3.8/site-packages/airflow/example_dags/example_task_group.py
[2023-11-04 13:41:54,439] {processor.py:654} INFO - DAG(s) dict_keys(['example_task_group']) retrieved from /home/airflow/.local/lib/python3.8/site-packages/airflow/example_dags/example_task_group.py
[2023-11-04 13:41:54,458] {logging_mixin.py:109} INFO - [2023-11-04 13:41:54,458] {dag.py:2398} INFO - Sync 1 DAGs
[2023-11-04 13:41:54,483] {logging_mixin.py:109} INFO - [2023-11-04 13:41:54,482] {dag.py:2937} INFO - Setting next_dagrun for example_task_group to 2023-11-03T13:41:54.482621+00:00
[2023-11-04 13:41:54,493] {processor.py:171} INFO - Processing /home/airflow/.local/lib/python3.8/site-packages/airflow/example_dags/example_task_group.py took 0.109 seconds
[2023-11-04 13:42:24,796] {processor.py:163} INFO - Started process (PID=355) to work on /home/airflow/.local/lib/python3.8/site-packages/airflow/example_dags/example_task_group.py
[2023-11-04 13:42:24,800] {processor.py:642} INFO - Processing file /home/airflow/.local/lib/python3.8/site-packages/airflow/example_dags/example_task_group.py for tasks to queue
[2023-11-04 13:42:24,802] {logging_mixin.py:109} INFO - [2023-11-04 13:42:24,802] {dagbag.py:500} INFO - Filling up the DagBag from /home/airflow/.local/lib/python3.8/site-packages/airflow/example_dags/example_task_group.py
[2023-11-04 13:42:24,861] {processor.py:654} INFO - DAG(s) dict_keys(['example_task_group']) retrieved from /home/airflow/.local/lib/python3.8/site-packages/airflow/example_dags/example_task_group.py
[2023-11-04 13:42:24,880] {logging_mixin.py:109} INFO - [2023-11-04 13:42:24,880] {dag.py:2398} INFO - Sync 1 DAGs
[2023-11-04 13:42:24,904] {logging_mixin.py:109} INFO - [2023-11-04 13:42:24,904] {dag.py:2937} INFO - Setting next_dagrun for example_task_group to 2023-11-03T13:42:24.903722+00:00
[2023-11-04 13:42:24,917] {processor.py:171} INFO - Processing /home/airflow/.local/lib/python3.8/site-packages/airflow/example_dags/example_task_group.py took 0.127 seconds
[2023-11-04 13:42:55,610] {processor.py:163} INFO - Started process (PID=403) to work on /home/airflow/.local/lib/python3.8/site-packages/airflow/example_dags/example_task_group.py
[2023-11-04 13:42:55,613] {processor.py:642} INFO - Processing file /home/airflow/.local/lib/python3.8/site-packages/airflow/example_dags/example_task_group.py for tasks to queue
[2023-11-04 13:42:55,615] {logging_mixin.py:109} INFO - [2023-11-04 13:42:55,614] {dagbag.py:500} INFO - Filling up the DagBag from /home/airflow/.local/lib/python3.8/site-packages/airflow/example_dags/example_task_group.py
[2023-11-04 13:42:55,666] {processor.py:654} INFO - DAG(s) dict_keys(['example_task_group']) retrieved from /home/airflow/.local/lib/python3.8/site-packages/airflow/example_dags/example_task_group.py
[2023-11-04 13:42:55,684] {logging_mixin.py:109} INFO - [2023-11-04 13:42:55,683] {dag.py:2398} INFO - Sync 1 DAGs
[2023-11-04 13:42:55,707] {logging_mixin.py:109} INFO - [2023-11-04 13:42:55,707] {dag.py:2937} INFO - Setting next_dagrun for example_task_group to 2023-11-03T13:42:55.706884+00:00
[2023-11-04 13:42:55,722] {processor.py:171} INFO - Processing /home/airflow/.local/lib/python3.8/site-packages/airflow/example_dags/example_task_group.py took 0.117 seconds
[2023-11-04 13:43:26,602] {processor.py:163} INFO - Started process (PID=452) to work on /home/airflow/.local/lib/python3.8/site-packages/airflow/example_dags/example_task_group.py
[2023-11-04 13:43:26,605] {processor.py:642} INFO - Processing file /home/airflow/.local/lib/python3.8/site-packages/airflow/example_dags/example_task_group.py for tasks to queue
[2023-11-04 13:43:26,607] {logging_mixin.py:109} INFO - [2023-11-04 13:43:26,607] {dagbag.py:500} INFO - Filling up the DagBag from /home/airflow/.local/lib/python3.8/site-packages/airflow/example_dags/example_task_group.py
[2023-11-04 13:43:26,657] {processor.py:654} INFO - DAG(s) dict_keys(['example_task_group']) retrieved from /home/airflow/.local/lib/python3.8/site-packages/airflow/example_dags/example_task_group.py
[2023-11-04 13:43:26,675] {logging_mixin.py:109} INFO - [2023-11-04 13:43:26,675] {dag.py:2398} INFO - Sync 1 DAGs
[2023-11-04 13:43:26,696] {logging_mixin.py:109} INFO - [2023-11-04 13:43:26,696] {dag.py:2937} INFO - Setting next_dagrun for example_task_group to 2023-11-03T13:43:26.695828+00:00
[2023-11-04 13:43:26,709] {processor.py:171} INFO - Processing /home/airflow/.local/lib/python3.8/site-packages/airflow/example_dags/example_task_group.py took 0.112 seconds
[2023-11-04 13:43:57,777] {processor.py:163} INFO - Started process (PID=509) to work on /home/airflow/.local/lib/python3.8/site-packages/airflow/example_dags/example_task_group.py
[2023-11-04 13:43:57,780] {processor.py:642} INFO - Processing file /home/airflow/.local/lib/python3.8/site-packages/airflow/example_dags/example_task_group.py for tasks to queue
[2023-11-04 13:43:57,782] {logging_mixin.py:109} INFO - [2023-11-04 13:43:57,782] {dagbag.py:500} INFO - Filling up the DagBag from /home/airflow/.local/lib/python3.8/site-packages/airflow/example_dags/example_task_group.py
[2023-11-04 13:43:57,865] {processor.py:654} INFO - DAG(s) dict_keys(['example_task_group']) retrieved from /home/airflow/.local/lib/python3.8/site-packages/airflow/example_dags/example_task_group.py
[2023-11-04 13:43:57,881] {logging_mixin.py:109} INFO - [2023-11-04 13:43:57,881] {dag.py:2398} INFO - Sync 1 DAGs
[2023-11-04 13:43:57,902] {logging_mixin.py:109} INFO - [2023-11-04 13:43:57,902] {dag.py:2937} INFO - Setting next_dagrun for example_task_group to 2023-11-03T13:43:57.901988+00:00
[2023-11-04 13:43:57,916] {processor.py:171} INFO - Processing /home/airflow/.local/lib/python3.8/site-packages/airflow/example_dags/example_task_group.py took 0.144 seconds
[2023-11-04 13:59:19,809] {processor.py:163} INFO - Started process (PID=51) to work on /home/airflow/.local/lib/python3.8/site-packages/airflow/example_dags/example_task_group.py
[2023-11-04 13:59:19,812] {processor.py:642} INFO - Processing file /home/airflow/.local/lib/python3.8/site-packages/airflow/example_dags/example_task_group.py for tasks to queue
[2023-11-04 13:59:19,814] {logging_mixin.py:109} INFO - [2023-11-04 13:59:19,814] {dagbag.py:500} INFO - Filling up the DagBag from /home/airflow/.local/lib/python3.8/site-packages/airflow/example_dags/example_task_group.py
[2023-11-04 13:59:19,871] {processor.py:654} INFO - DAG(s) dict_keys(['example_task_group']) retrieved from /home/airflow/.local/lib/python3.8/site-packages/airflow/example_dags/example_task_group.py
[2023-11-04 13:59:19,890] {logging_mixin.py:109} INFO - [2023-11-04 13:59:19,890] {dag.py:2398} INFO - Sync 1 DAGs
[2023-11-04 13:59:19,920] {logging_mixin.py:109} INFO - [2023-11-04 13:59:19,920] {dag.py:2937} INFO - Setting next_dagrun for example_task_group to 2023-11-03T13:59:19.919877+00:00
[2023-11-04 13:59:19,938] {processor.py:171} INFO - Processing /home/airflow/.local/lib/python3.8/site-packages/airflow/example_dags/example_task_group.py took 0.135 seconds
[2023-11-04 13:59:50,935] {processor.py:163} INFO - Started process (PID=99) to work on /home/airflow/.local/lib/python3.8/site-packages/airflow/example_dags/example_task_group.py
[2023-11-04 13:59:50,938] {processor.py:642} INFO - Processing file /home/airflow/.local/lib/python3.8/site-packages/airflow/example_dags/example_task_group.py for tasks to queue
[2023-11-04 13:59:50,939] {logging_mixin.py:109} INFO - [2023-11-04 13:59:50,939] {dagbag.py:500} INFO - Filling up the DagBag from /home/airflow/.local/lib/python3.8/site-packages/airflow/example_dags/example_task_group.py
[2023-11-04 13:59:50,986] {processor.py:654} INFO - DAG(s) dict_keys(['example_task_group']) retrieved from /home/airflow/.local/lib/python3.8/site-packages/airflow/example_dags/example_task_group.py
[2023-11-04 13:59:51,002] {logging_mixin.py:109} INFO - [2023-11-04 13:59:51,002] {dag.py:2398} INFO - Sync 1 DAGs
[2023-11-04 13:59:51,022] {logging_mixin.py:109} INFO - [2023-11-04 13:59:51,022] {dag.py:2937} INFO - Setting next_dagrun for example_task_group to 2023-11-03T13:59:51.021901+00:00
[2023-11-04 13:59:51,033] {processor.py:171} INFO - Processing /home/airflow/.local/lib/python3.8/site-packages/airflow/example_dags/example_task_group.py took 0.105 seconds
[2023-11-04 14:00:21,653] {processor.py:163} INFO - Started process (PID=172) to work on /home/airflow/.local/lib/python3.8/site-packages/airflow/example_dags/example_task_group.py
[2023-11-04 14:00:21,656] {processor.py:642} INFO - Processing file /home/airflow/.local/lib/python3.8/site-packages/airflow/example_dags/example_task_group.py for tasks to queue
[2023-11-04 14:00:21,657] {logging_mixin.py:109} INFO - [2023-11-04 14:00:21,657] {dagbag.py:500} INFO - Filling up the DagBag from /home/airflow/.local/lib/python3.8/site-packages/airflow/example_dags/example_task_group.py
[2023-11-04 14:00:21,705] {processor.py:654} INFO - DAG(s) dict_keys(['example_task_group']) retrieved from /home/airflow/.local/lib/python3.8/site-packages/airflow/example_dags/example_task_group.py
[2023-11-04 14:00:21,721] {logging_mixin.py:109} INFO - [2023-11-04 14:00:21,721] {dag.py:2398} INFO - Sync 1 DAGs
[2023-11-04 14:00:21,744] {logging_mixin.py:109} INFO - [2023-11-04 14:00:21,744] {dag.py:2937} INFO - Setting next_dagrun for example_task_group to 2023-11-03T14:00:21.744053+00:00
[2023-11-04 14:00:21,758] {processor.py:171} INFO - Processing /home/airflow/.local/lib/python3.8/site-packages/airflow/example_dags/example_task_group.py took 0.110 seconds
[2023-11-04 14:00:52,672] {processor.py:163} INFO - Started process (PID=221) to work on /home/airflow/.local/lib/python3.8/site-packages/airflow/example_dags/example_task_group.py
[2023-11-04 14:00:52,674] {processor.py:642} INFO - Processing file /home/airflow/.local/lib/python3.8/site-packages/airflow/example_dags/example_task_group.py for tasks to queue
[2023-11-04 14:00:52,676] {logging_mixin.py:109} INFO - [2023-11-04 14:00:52,676] {dagbag.py:500} INFO - Filling up the DagBag from /home/airflow/.local/lib/python3.8/site-packages/airflow/example_dags/example_task_group.py
[2023-11-04 14:00:52,721] {processor.py:654} INFO - DAG(s) dict_keys(['example_task_group']) retrieved from /home/airflow/.local/lib/python3.8/site-packages/airflow/example_dags/example_task_group.py
[2023-11-04 14:00:52,736] {logging_mixin.py:109} INFO - [2023-11-04 14:00:52,736] {dag.py:2398} INFO - Sync 1 DAGs
[2023-11-04 14:00:52,756] {logging_mixin.py:109} INFO - [2023-11-04 14:00:52,756] {dag.py:2937} INFO - Setting next_dagrun for example_task_group to 2023-11-03T14:00:52.755912+00:00
[2023-11-04 14:00:52,767] {processor.py:171} INFO - Processing /home/airflow/.local/lib/python3.8/site-packages/airflow/example_dags/example_task_group.py took 0.102 seconds
[2023-11-04 14:01:22,868] {processor.py:163} INFO - Started process (PID=270) to work on /home/airflow/.local/lib/python3.8/site-packages/airflow/example_dags/example_task_group.py
[2023-11-04 14:01:22,870] {processor.py:642} INFO - Processing file /home/airflow/.local/lib/python3.8/site-packages/airflow/example_dags/example_task_group.py for tasks to queue
[2023-11-04 14:01:22,872] {logging_mixin.py:109} INFO - [2023-11-04 14:01:22,872] {dagbag.py:500} INFO - Filling up the DagBag from /home/airflow/.local/lib/python3.8/site-packages/airflow/example_dags/example_task_group.py
[2023-11-04 14:01:22,918] {processor.py:654} INFO - DAG(s) dict_keys(['example_task_group']) retrieved from /home/airflow/.local/lib/python3.8/site-packages/airflow/example_dags/example_task_group.py
[2023-11-04 14:01:22,933] {logging_mixin.py:109} INFO - [2023-11-04 14:01:22,932] {dag.py:2398} INFO - Sync 1 DAGs
[2023-11-04 14:01:22,951] {logging_mixin.py:109} INFO - [2023-11-04 14:01:22,951] {dag.py:2937} INFO - Setting next_dagrun for example_task_group to 2023-11-03T14:01:22.951403+00:00
[2023-11-04 14:01:22,964] {processor.py:171} INFO - Processing /home/airflow/.local/lib/python3.8/site-packages/airflow/example_dags/example_task_group.py took 0.101 seconds
[2023-11-04 14:01:53,374] {processor.py:163} INFO - Started process (PID=327) to work on /home/airflow/.local/lib/python3.8/site-packages/airflow/example_dags/example_task_group.py
[2023-11-04 14:01:53,376] {processor.py:642} INFO - Processing file /home/airflow/.local/lib/python3.8/site-packages/airflow/example_dags/example_task_group.py for tasks to queue
[2023-11-04 14:01:53,378] {logging_mixin.py:109} INFO - [2023-11-04 14:01:53,378] {dagbag.py:500} INFO - Filling up the DagBag from /home/airflow/.local/lib/python3.8/site-packages/airflow/example_dags/example_task_group.py
[2023-11-04 14:01:53,429] {processor.py:654} INFO - DAG(s) dict_keys(['example_task_group']) retrieved from /home/airflow/.local/lib/python3.8/site-packages/airflow/example_dags/example_task_group.py
[2023-11-04 14:01:53,444] {logging_mixin.py:109} INFO - [2023-11-04 14:01:53,444] {dag.py:2398} INFO - Sync 1 DAGs
[2023-11-04 14:01:53,464] {logging_mixin.py:109} INFO - [2023-11-04 14:01:53,464] {dag.py:2937} INFO - Setting next_dagrun for example_task_group to 2023-11-03T14:01:53.464170+00:00
[2023-11-04 14:01:53,475] {processor.py:171} INFO - Processing /home/airflow/.local/lib/python3.8/site-packages/airflow/example_dags/example_task_group.py took 0.107 seconds
[2023-11-04 14:02:24,086] {processor.py:163} INFO - Started process (PID=376) to work on /home/airflow/.local/lib/python3.8/site-packages/airflow/example_dags/example_task_group.py
[2023-11-04 14:02:24,088] {processor.py:642} INFO - Processing file /home/airflow/.local/lib/python3.8/site-packages/airflow/example_dags/example_task_group.py for tasks to queue
[2023-11-04 14:02:24,090] {logging_mixin.py:109} INFO - [2023-11-04 14:02:24,090] {dagbag.py:500} INFO - Filling up the DagBag from /home/airflow/.local/lib/python3.8/site-packages/airflow/example_dags/example_task_group.py
[2023-11-04 14:02:24,180] {processor.py:654} INFO - DAG(s) dict_keys(['example_task_group']) retrieved from /home/airflow/.local/lib/python3.8/site-packages/airflow/example_dags/example_task_group.py
[2023-11-04 14:02:24,203] {logging_mixin.py:109} INFO - [2023-11-04 14:02:24,203] {dag.py:2398} INFO - Sync 1 DAGs
[2023-11-04 14:02:24,235] {logging_mixin.py:109} INFO - [2023-11-04 14:02:24,235] {dag.py:2937} INFO - Setting next_dagrun for example_task_group to 2023-11-03T14:02:24.234853+00:00
[2023-11-04 14:02:24,260] {processor.py:171} INFO - Processing /home/airflow/.local/lib/python3.8/site-packages/airflow/example_dags/example_task_group.py took 0.179 seconds
[2023-11-04 14:04:46,751] {processor.py:163} INFO - Started process (PID=46) to work on /home/airflow/.local/lib/python3.8/site-packages/airflow/example_dags/example_task_group.py
[2023-11-04 14:04:46,754] {processor.py:642} INFO - Processing file /home/airflow/.local/lib/python3.8/site-packages/airflow/example_dags/example_task_group.py for tasks to queue
[2023-11-04 14:04:46,756] {logging_mixin.py:109} INFO - [2023-11-04 14:04:46,756] {dagbag.py:500} INFO - Filling up the DagBag from /home/airflow/.local/lib/python3.8/site-packages/airflow/example_dags/example_task_group.py
[2023-11-04 14:04:46,830] {processor.py:654} INFO - DAG(s) dict_keys(['example_task_group']) retrieved from /home/airflow/.local/lib/python3.8/site-packages/airflow/example_dags/example_task_group.py
[2023-11-04 14:04:46,862] {logging_mixin.py:109} INFO - [2023-11-04 14:04:46,862] {dag.py:2398} INFO - Sync 1 DAGs
[2023-11-04 14:04:46,890] {logging_mixin.py:109} INFO - [2023-11-04 14:04:46,890] {dag.py:2937} INFO - Setting next_dagrun for example_task_group to 2023-11-03T14:04:46.889552+00:00
[2023-11-04 14:04:46,906] {processor.py:171} INFO - Processing /home/airflow/.local/lib/python3.8/site-packages/airflow/example_dags/example_task_group.py took 0.166 seconds
[2023-11-04 14:05:17,204] {processor.py:163} INFO - Started process (PID=94) to work on /home/airflow/.local/lib/python3.8/site-packages/airflow/example_dags/example_task_group.py
[2023-11-04 14:05:17,206] {processor.py:642} INFO - Processing file /home/airflow/.local/lib/python3.8/site-packages/airflow/example_dags/example_task_group.py for tasks to queue
[2023-11-04 14:05:17,208] {logging_mixin.py:109} INFO - [2023-11-04 14:05:17,208] {dagbag.py:500} INFO - Filling up the DagBag from /home/airflow/.local/lib/python3.8/site-packages/airflow/example_dags/example_task_group.py
[2023-11-04 14:05:17,260] {processor.py:654} INFO - DAG(s) dict_keys(['example_task_group']) retrieved from /home/airflow/.local/lib/python3.8/site-packages/airflow/example_dags/example_task_group.py
[2023-11-04 14:05:17,279] {logging_mixin.py:109} INFO - [2023-11-04 14:05:17,279] {dag.py:2398} INFO - Sync 1 DAGs
[2023-11-04 14:05:17,301] {logging_mixin.py:109} INFO - [2023-11-04 14:05:17,300] {dag.py:2937} INFO - Setting next_dagrun for example_task_group to 2023-11-03T14:05:17.300524+00:00
[2023-11-04 14:05:17,313] {processor.py:171} INFO - Processing /home/airflow/.local/lib/python3.8/site-packages/airflow/example_dags/example_task_group.py took 0.114 seconds
[2023-11-04 14:05:48,282] {processor.py:163} INFO - Started process (PID=151) to work on /home/airflow/.local/lib/python3.8/site-packages/airflow/example_dags/example_task_group.py
[2023-11-04 14:05:48,285] {processor.py:642} INFO - Processing file /home/airflow/.local/lib/python3.8/site-packages/airflow/example_dags/example_task_group.py for tasks to queue
[2023-11-04 14:05:48,286] {logging_mixin.py:109} INFO - [2023-11-04 14:05:48,286] {dagbag.py:500} INFO - Filling up the DagBag from /home/airflow/.local/lib/python3.8/site-packages/airflow/example_dags/example_task_group.py
[2023-11-04 14:05:48,333] {processor.py:654} INFO - DAG(s) dict_keys(['example_task_group']) retrieved from /home/airflow/.local/lib/python3.8/site-packages/airflow/example_dags/example_task_group.py
[2023-11-04 14:05:48,348] {logging_mixin.py:109} INFO - [2023-11-04 14:05:48,348] {dag.py:2398} INFO - Sync 1 DAGs
[2023-11-04 14:05:48,371] {logging_mixin.py:109} INFO - [2023-11-04 14:05:48,371] {dag.py:2937} INFO - Setting next_dagrun for example_task_group to 2023-11-03T14:05:48.370699+00:00
[2023-11-04 14:05:48,384] {processor.py:171} INFO - Processing /home/airflow/.local/lib/python3.8/site-packages/airflow/example_dags/example_task_group.py took 0.108 seconds
[2023-11-04 14:06:19,721] {processor.py:163} INFO - Started process (PID=200) to work on /home/airflow/.local/lib/python3.8/site-packages/airflow/example_dags/example_task_group.py
[2023-11-04 14:06:19,725] {processor.py:642} INFO - Processing file /home/airflow/.local/lib/python3.8/site-packages/airflow/example_dags/example_task_group.py for tasks to queue
[2023-11-04 14:06:19,728] {logging_mixin.py:109} INFO - [2023-11-04 14:06:19,728] {dagbag.py:500} INFO - Filling up the DagBag from /home/airflow/.local/lib/python3.8/site-packages/airflow/example_dags/example_task_group.py
[2023-11-04 14:06:19,786] {processor.py:654} INFO - DAG(s) dict_keys(['example_task_group']) retrieved from /home/airflow/.local/lib/python3.8/site-packages/airflow/example_dags/example_task_group.py
[2023-11-04 14:06:19,802] {logging_mixin.py:109} INFO - [2023-11-04 14:06:19,802] {dag.py:2398} INFO - Sync 1 DAGs
[2023-11-04 14:06:19,825] {logging_mixin.py:109} INFO - [2023-11-04 14:06:19,824] {dag.py:2937} INFO - Setting next_dagrun for example_task_group to 2023-11-03T14:06:19.824510+00:00
[2023-11-04 14:06:19,852] {processor.py:171} INFO - Processing /home/airflow/.local/lib/python3.8/site-packages/airflow/example_dags/example_task_group.py took 0.136 seconds
[2023-11-04 14:06:50,212] {processor.py:163} INFO - Started process (PID=257) to work on /home/airflow/.local/lib/python3.8/site-packages/airflow/example_dags/example_task_group.py
[2023-11-04 14:06:50,217] {processor.py:642} INFO - Processing file /home/airflow/.local/lib/python3.8/site-packages/airflow/example_dags/example_task_group.py for tasks to queue
[2023-11-04 14:06:50,218] {logging_mixin.py:109} INFO - [2023-11-04 14:06:50,218] {dagbag.py:500} INFO - Filling up the DagBag from /home/airflow/.local/lib/python3.8/site-packages/airflow/example_dags/example_task_group.py
[2023-11-04 14:06:50,290] {processor.py:654} INFO - DAG(s) dict_keys(['example_task_group']) retrieved from /home/airflow/.local/lib/python3.8/site-packages/airflow/example_dags/example_task_group.py
[2023-11-04 14:06:50,312] {logging_mixin.py:109} INFO - [2023-11-04 14:06:50,312] {dag.py:2398} INFO - Sync 1 DAGs
[2023-11-04 14:06:50,336] {logging_mixin.py:109} INFO - [2023-11-04 14:06:50,336] {dag.py:2937} INFO - Setting next_dagrun for example_task_group to 2023-11-03T14:06:50.335826+00:00
[2023-11-04 14:06:50,348] {processor.py:171} INFO - Processing /home/airflow/.local/lib/python3.8/site-packages/airflow/example_dags/example_task_group.py took 0.142 seconds
[2023-11-04 14:07:20,648] {processor.py:163} INFO - Started process (PID=306) to work on /home/airflow/.local/lib/python3.8/site-packages/airflow/example_dags/example_task_group.py
[2023-11-04 14:07:20,651] {processor.py:642} INFO - Processing file /home/airflow/.local/lib/python3.8/site-packages/airflow/example_dags/example_task_group.py for tasks to queue
[2023-11-04 14:07:20,652] {logging_mixin.py:109} INFO - [2023-11-04 14:07:20,652] {dagbag.py:500} INFO - Filling up the DagBag from /home/airflow/.local/lib/python3.8/site-packages/airflow/example_dags/example_task_group.py
[2023-11-04 14:07:20,701] {processor.py:654} INFO - DAG(s) dict_keys(['example_task_group']) retrieved from /home/airflow/.local/lib/python3.8/site-packages/airflow/example_dags/example_task_group.py
[2023-11-04 14:07:20,717] {logging_mixin.py:109} INFO - [2023-11-04 14:07:20,717] {dag.py:2398} INFO - Sync 1 DAGs
[2023-11-04 14:07:20,742] {logging_mixin.py:109} INFO - [2023-11-04 14:07:20,742] {dag.py:2937} INFO - Setting next_dagrun for example_task_group to 2023-11-03T14:07:20.742328+00:00
[2023-11-04 14:07:20,754] {processor.py:171} INFO - Processing /home/airflow/.local/lib/python3.8/site-packages/airflow/example_dags/example_task_group.py took 0.111 seconds
[2023-11-04 14:07:51,409] {processor.py:163} INFO - Started process (PID=354) to work on /home/airflow/.local/lib/python3.8/site-packages/airflow/example_dags/example_task_group.py
[2023-11-04 14:07:51,411] {processor.py:642} INFO - Processing file /home/airflow/.local/lib/python3.8/site-packages/airflow/example_dags/example_task_group.py for tasks to queue
[2023-11-04 14:07:51,413] {logging_mixin.py:109} INFO - [2023-11-04 14:07:51,412] {dagbag.py:500} INFO - Filling up the DagBag from /home/airflow/.local/lib/python3.8/site-packages/airflow/example_dags/example_task_group.py
[2023-11-04 14:07:51,458] {processor.py:654} INFO - DAG(s) dict_keys(['example_task_group']) retrieved from /home/airflow/.local/lib/python3.8/site-packages/airflow/example_dags/example_task_group.py
[2023-11-04 14:07:51,473] {logging_mixin.py:109} INFO - [2023-11-04 14:07:51,473] {dag.py:2398} INFO - Sync 1 DAGs
[2023-11-04 14:07:51,492] {logging_mixin.py:109} INFO - [2023-11-04 14:07:51,492] {dag.py:2937} INFO - Setting next_dagrun for example_task_group to 2023-11-03T14:07:51.492023+00:00
[2023-11-04 14:07:51,504] {processor.py:171} INFO - Processing /home/airflow/.local/lib/python3.8/site-packages/airflow/example_dags/example_task_group.py took 0.100 seconds
[2023-11-04 14:08:22,282] {processor.py:163} INFO - Started process (PID=411) to work on /home/airflow/.local/lib/python3.8/site-packages/airflow/example_dags/example_task_group.py
[2023-11-04 14:08:22,284] {processor.py:642} INFO - Processing file /home/airflow/.local/lib/python3.8/site-packages/airflow/example_dags/example_task_group.py for tasks to queue
[2023-11-04 14:08:22,286] {logging_mixin.py:109} INFO - [2023-11-04 14:08:22,286] {dagbag.py:500} INFO - Filling up the DagBag from /home/airflow/.local/lib/python3.8/site-packages/airflow/example_dags/example_task_group.py
[2023-11-04 14:08:22,336] {processor.py:654} INFO - DAG(s) dict_keys(['example_task_group']) retrieved from /home/airflow/.local/lib/python3.8/site-packages/airflow/example_dags/example_task_group.py
[2023-11-04 14:08:22,355] {logging_mixin.py:109} INFO - [2023-11-04 14:08:22,355] {dag.py:2398} INFO - Sync 1 DAGs
[2023-11-04 14:08:22,381] {logging_mixin.py:109} INFO - [2023-11-04 14:08:22,381] {dag.py:2937} INFO - Setting next_dagrun for example_task_group to 2023-11-03T14:08:22.380596+00:00
[2023-11-04 14:08:22,396] {processor.py:171} INFO - Processing /home/airflow/.local/lib/python3.8/site-packages/airflow/example_dags/example_task_group.py took 0.119 seconds
[2023-11-04 14:08:52,699] {processor.py:163} INFO - Started process (PID=460) to work on /home/airflow/.local/lib/python3.8/site-packages/airflow/example_dags/example_task_group.py
[2023-11-04 14:08:52,702] {processor.py:642} INFO - Processing file /home/airflow/.local/lib/python3.8/site-packages/airflow/example_dags/example_task_group.py for tasks to queue
[2023-11-04 14:08:52,704] {logging_mixin.py:109} INFO - [2023-11-04 14:08:52,704] {dagbag.py:500} INFO - Filling up the DagBag from /home/airflow/.local/lib/python3.8/site-packages/airflow/example_dags/example_task_group.py
[2023-11-04 14:08:52,773] {processor.py:654} INFO - DAG(s) dict_keys(['example_task_group']) retrieved from /home/airflow/.local/lib/python3.8/site-packages/airflow/example_dags/example_task_group.py
[2023-11-04 14:08:52,792] {logging_mixin.py:109} INFO - [2023-11-04 14:08:52,792] {dag.py:2398} INFO - Sync 1 DAGs
[2023-11-04 14:08:52,811] {logging_mixin.py:109} INFO - [2023-11-04 14:08:52,811] {dag.py:2937} INFO - Setting next_dagrun for example_task_group to 2023-11-03T14:08:52.811162+00:00
[2023-11-04 14:08:52,823] {processor.py:171} INFO - Processing /home/airflow/.local/lib/python3.8/site-packages/airflow/example_dags/example_task_group.py took 0.130 seconds
[2023-11-04 14:09:23,272] {processor.py:163} INFO - Started process (PID=517) to work on /home/airflow/.local/lib/python3.8/site-packages/airflow/example_dags/example_task_group.py
[2023-11-04 14:09:23,275] {processor.py:642} INFO - Processing file /home/airflow/.local/lib/python3.8/site-packages/airflow/example_dags/example_task_group.py for tasks to queue
[2023-11-04 14:09:23,277] {logging_mixin.py:109} INFO - [2023-11-04 14:09:23,276] {dagbag.py:500} INFO - Filling up the DagBag from /home/airflow/.local/lib/python3.8/site-packages/airflow/example_dags/example_task_group.py
[2023-11-04 14:09:23,336] {processor.py:654} INFO - DAG(s) dict_keys(['example_task_group']) retrieved from /home/airflow/.local/lib/python3.8/site-packages/airflow/example_dags/example_task_group.py
[2023-11-04 14:09:23,352] {logging_mixin.py:109} INFO - [2023-11-04 14:09:23,351] {dag.py:2398} INFO - Sync 1 DAGs
[2023-11-04 14:09:23,373] {logging_mixin.py:109} INFO - [2023-11-04 14:09:23,372] {dag.py:2937} INFO - Setting next_dagrun for example_task_group to 2023-11-03T14:09:23.372634+00:00
[2023-11-04 14:09:23,385] {processor.py:171} INFO - Processing /home/airflow/.local/lib/python3.8/site-packages/airflow/example_dags/example_task_group.py took 0.118 seconds
[2023-11-04 14:09:54,518] {processor.py:163} INFO - Started process (PID=566) to work on /home/airflow/.local/lib/python3.8/site-packages/airflow/example_dags/example_task_group.py
[2023-11-04 14:09:54,521] {processor.py:642} INFO - Processing file /home/airflow/.local/lib/python3.8/site-packages/airflow/example_dags/example_task_group.py for tasks to queue
[2023-11-04 14:09:54,524] {logging_mixin.py:109} INFO - [2023-11-04 14:09:54,524] {dagbag.py:500} INFO - Filling up the DagBag from /home/airflow/.local/lib/python3.8/site-packages/airflow/example_dags/example_task_group.py
[2023-11-04 14:09:54,575] {processor.py:654} INFO - DAG(s) dict_keys(['example_task_group']) retrieved from /home/airflow/.local/lib/python3.8/site-packages/airflow/example_dags/example_task_group.py
[2023-11-04 14:09:54,598] {logging_mixin.py:109} INFO - [2023-11-04 14:09:54,598] {dag.py:2398} INFO - Sync 1 DAGs
[2023-11-04 14:09:54,618] {logging_mixin.py:109} INFO - [2023-11-04 14:09:54,618] {dag.py:2937} INFO - Setting next_dagrun for example_task_group to 2023-11-03T14:09:54.618176+00:00
[2023-11-04 14:09:54,629] {processor.py:171} INFO - Processing /home/airflow/.local/lib/python3.8/site-packages/airflow/example_dags/example_task_group.py took 0.116 seconds
[2023-11-04 14:10:25,730] {processor.py:163} INFO - Started process (PID=615) to work on /home/airflow/.local/lib/python3.8/site-packages/airflow/example_dags/example_task_group.py
[2023-11-04 14:10:25,733] {processor.py:642} INFO - Processing file /home/airflow/.local/lib/python3.8/site-packages/airflow/example_dags/example_task_group.py for tasks to queue
[2023-11-04 14:10:25,734] {logging_mixin.py:109} INFO - [2023-11-04 14:10:25,734] {dagbag.py:500} INFO - Filling up the DagBag from /home/airflow/.local/lib/python3.8/site-packages/airflow/example_dags/example_task_group.py
[2023-11-04 14:10:25,779] {processor.py:654} INFO - DAG(s) dict_keys(['example_task_group']) retrieved from /home/airflow/.local/lib/python3.8/site-packages/airflow/example_dags/example_task_group.py
[2023-11-04 14:10:25,794] {logging_mixin.py:109} INFO - [2023-11-04 14:10:25,794] {dag.py:2398} INFO - Sync 1 DAGs
[2023-11-04 14:10:25,814] {logging_mixin.py:109} INFO - [2023-11-04 14:10:25,814] {dag.py:2937} INFO - Setting next_dagrun for example_task_group to 2023-11-03T14:10:25.813644+00:00
[2023-11-04 14:10:25,825] {processor.py:171} INFO - Processing /home/airflow/.local/lib/python3.8/site-packages/airflow/example_dags/example_task_group.py took 0.099 seconds
[2023-11-04 14:11:49,796] {processor.py:163} INFO - Started process (PID=47) to work on /home/airflow/.local/lib/python3.8/site-packages/airflow/example_dags/example_task_group.py
[2023-11-04 14:11:49,799] {processor.py:642} INFO - Processing file /home/airflow/.local/lib/python3.8/site-packages/airflow/example_dags/example_task_group.py for tasks to queue
[2023-11-04 14:11:49,802] {logging_mixin.py:109} INFO - [2023-11-04 14:11:49,801] {dagbag.py:500} INFO - Filling up the DagBag from /home/airflow/.local/lib/python3.8/site-packages/airflow/example_dags/example_task_group.py
[2023-11-04 14:11:49,870] {processor.py:654} INFO - DAG(s) dict_keys(['example_task_group']) retrieved from /home/airflow/.local/lib/python3.8/site-packages/airflow/example_dags/example_task_group.py
[2023-11-04 14:11:49,895] {logging_mixin.py:109} INFO - [2023-11-04 14:11:49,895] {dag.py:2398} INFO - Sync 1 DAGs
[2023-11-04 14:11:49,917] {logging_mixin.py:109} INFO - [2023-11-04 14:11:49,916] {dag.py:2937} INFO - Setting next_dagrun for example_task_group to 2023-11-03T14:11:49.916456+00:00
[2023-11-04 14:11:49,931] {processor.py:171} INFO - Processing /home/airflow/.local/lib/python3.8/site-packages/airflow/example_dags/example_task_group.py took 0.142 seconds
[2023-11-04 14:12:20,502] {processor.py:163} INFO - Started process (PID=95) to work on /home/airflow/.local/lib/python3.8/site-packages/airflow/example_dags/example_task_group.py
[2023-11-04 14:12:20,504] {processor.py:642} INFO - Processing file /home/airflow/.local/lib/python3.8/site-packages/airflow/example_dags/example_task_group.py for tasks to queue
[2023-11-04 14:12:20,506] {logging_mixin.py:109} INFO - [2023-11-04 14:12:20,506] {dagbag.py:500} INFO - Filling up the DagBag from /home/airflow/.local/lib/python3.8/site-packages/airflow/example_dags/example_task_group.py
[2023-11-04 14:12:20,563] {processor.py:654} INFO - DAG(s) dict_keys(['example_task_group']) retrieved from /home/airflow/.local/lib/python3.8/site-packages/airflow/example_dags/example_task_group.py
[2023-11-04 14:12:20,582] {logging_mixin.py:109} INFO - [2023-11-04 14:12:20,581] {dag.py:2398} INFO - Sync 1 DAGs
[2023-11-04 14:12:20,603] {logging_mixin.py:109} INFO - [2023-11-04 14:12:20,603] {dag.py:2937} INFO - Setting next_dagrun for example_task_group to 2023-11-03T14:12:20.602981+00:00
[2023-11-04 14:12:20,615] {processor.py:171} INFO - Processing /home/airflow/.local/lib/python3.8/site-packages/airflow/example_dags/example_task_group.py took 0.119 seconds
[2023-11-04 14:12:51,779] {processor.py:163} INFO - Started process (PID=152) to work on /home/airflow/.local/lib/python3.8/site-packages/airflow/example_dags/example_task_group.py
[2023-11-04 14:12:51,783] {processor.py:642} INFO - Processing file /home/airflow/.local/lib/python3.8/site-packages/airflow/example_dags/example_task_group.py for tasks to queue
[2023-11-04 14:12:51,786] {logging_mixin.py:109} INFO - [2023-11-04 14:12:51,786] {dagbag.py:500} INFO - Filling up the DagBag from /home/airflow/.local/lib/python3.8/site-packages/airflow/example_dags/example_task_group.py
[2023-11-04 14:12:51,844] {processor.py:654} INFO - DAG(s) dict_keys(['example_task_group']) retrieved from /home/airflow/.local/lib/python3.8/site-packages/airflow/example_dags/example_task_group.py
[2023-11-04 14:12:51,860] {logging_mixin.py:109} INFO - [2023-11-04 14:12:51,859] {dag.py:2398} INFO - Sync 1 DAGs
[2023-11-04 14:12:51,880] {logging_mixin.py:109} INFO - [2023-11-04 14:12:51,880] {dag.py:2937} INFO - Setting next_dagrun for example_task_group to 2023-11-03T14:12:51.879992+00:00
[2023-11-04 14:12:51,892] {processor.py:171} INFO - Processing /home/airflow/.local/lib/python3.8/site-packages/airflow/example_dags/example_task_group.py took 0.120 seconds
[2023-11-04 14:13:22,169] {processor.py:163} INFO - Started process (PID=201) to work on /home/airflow/.local/lib/python3.8/site-packages/airflow/example_dags/example_task_group.py
[2023-11-04 14:13:22,172] {processor.py:642} INFO - Processing file /home/airflow/.local/lib/python3.8/site-packages/airflow/example_dags/example_task_group.py for tasks to queue
[2023-11-04 14:13:22,173] {logging_mixin.py:109} INFO - [2023-11-04 14:13:22,173] {dagbag.py:500} INFO - Filling up the DagBag from /home/airflow/.local/lib/python3.8/site-packages/airflow/example_dags/example_task_group.py
[2023-11-04 14:13:22,226] {processor.py:654} INFO - DAG(s) dict_keys(['example_task_group']) retrieved from /home/airflow/.local/lib/python3.8/site-packages/airflow/example_dags/example_task_group.py
[2023-11-04 14:13:22,243] {logging_mixin.py:109} INFO - [2023-11-04 14:13:22,243] {dag.py:2398} INFO - Sync 1 DAGs
[2023-11-04 14:13:22,265] {logging_mixin.py:109} INFO - [2023-11-04 14:13:22,265] {dag.py:2937} INFO - Setting next_dagrun for example_task_group to 2023-11-03T14:13:22.265420+00:00
[2023-11-04 14:13:22,278] {processor.py:171} INFO - Processing /home/airflow/.local/lib/python3.8/site-packages/airflow/example_dags/example_task_group.py took 0.115 seconds
[2023-11-04 14:13:52,777] {processor.py:163} INFO - Started process (PID=259) to work on /home/airflow/.local/lib/python3.8/site-packages/airflow/example_dags/example_task_group.py
[2023-11-04 14:13:52,780] {processor.py:642} INFO - Processing file /home/airflow/.local/lib/python3.8/site-packages/airflow/example_dags/example_task_group.py for tasks to queue
[2023-11-04 14:13:52,782] {logging_mixin.py:109} INFO - [2023-11-04 14:13:52,782] {dagbag.py:500} INFO - Filling up the DagBag from /home/airflow/.local/lib/python3.8/site-packages/airflow/example_dags/example_task_group.py
[2023-11-04 14:13:52,839] {processor.py:654} INFO - DAG(s) dict_keys(['example_task_group']) retrieved from /home/airflow/.local/lib/python3.8/site-packages/airflow/example_dags/example_task_group.py
[2023-11-04 14:13:52,861] {logging_mixin.py:109} INFO - [2023-11-04 14:13:52,860] {dag.py:2398} INFO - Sync 1 DAGs
[2023-11-04 14:13:52,884] {logging_mixin.py:109} INFO - [2023-11-04 14:13:52,884] {dag.py:2937} INFO - Setting next_dagrun for example_task_group to 2023-11-03T14:13:52.884174+00:00
[2023-11-04 14:13:52,903] {processor.py:171} INFO - Processing /home/airflow/.local/lib/python3.8/site-packages/airflow/example_dags/example_task_group.py took 0.132 seconds
[2023-11-04 14:14:23,289] {processor.py:163} INFO - Started process (PID=308) to work on /home/airflow/.local/lib/python3.8/site-packages/airflow/example_dags/example_task_group.py
[2023-11-04 14:14:23,292] {processor.py:642} INFO - Processing file /home/airflow/.local/lib/python3.8/site-packages/airflow/example_dags/example_task_group.py for tasks to queue
[2023-11-04 14:14:23,294] {logging_mixin.py:109} INFO - [2023-11-04 14:14:23,294] {dagbag.py:500} INFO - Filling up the DagBag from /home/airflow/.local/lib/python3.8/site-packages/airflow/example_dags/example_task_group.py
[2023-11-04 14:14:23,342] {processor.py:654} INFO - DAG(s) dict_keys(['example_task_group']) retrieved from /home/airflow/.local/lib/python3.8/site-packages/airflow/example_dags/example_task_group.py
[2023-11-04 14:14:23,358] {logging_mixin.py:109} INFO - [2023-11-04 14:14:23,358] {dag.py:2398} INFO - Sync 1 DAGs
[2023-11-04 14:14:23,381] {logging_mixin.py:109} INFO - [2023-11-04 14:14:23,380] {dag.py:2937} INFO - Setting next_dagrun for example_task_group to 2023-11-03T14:14:23.380550+00:00
[2023-11-04 14:14:23,394] {processor.py:171} INFO - Processing /home/airflow/.local/lib/python3.8/site-packages/airflow/example_dags/example_task_group.py took 0.109 seconds
[2023-11-04 14:14:54,081] {processor.py:163} INFO - Started process (PID=357) to work on /home/airflow/.local/lib/python3.8/site-packages/airflow/example_dags/example_task_group.py
[2023-11-04 14:14:54,084] {processor.py:642} INFO - Processing file /home/airflow/.local/lib/python3.8/site-packages/airflow/example_dags/example_task_group.py for tasks to queue
[2023-11-04 14:14:54,085] {logging_mixin.py:109} INFO - [2023-11-04 14:14:54,085] {dagbag.py:500} INFO - Filling up the DagBag from /home/airflow/.local/lib/python3.8/site-packages/airflow/example_dags/example_task_group.py
[2023-11-04 14:14:54,142] {processor.py:654} INFO - DAG(s) dict_keys(['example_task_group']) retrieved from /home/airflow/.local/lib/python3.8/site-packages/airflow/example_dags/example_task_group.py
[2023-11-04 14:14:54,184] {logging_mixin.py:109} INFO - [2023-11-04 14:14:54,184] {dag.py:2398} INFO - Sync 1 DAGs
[2023-11-04 14:14:54,241] {logging_mixin.py:109} INFO - [2023-11-04 14:14:54,240] {dag.py:2937} INFO - Setting next_dagrun for example_task_group to 2023-11-03T14:14:54.239484+00:00
[2023-11-04 14:14:54,275] {processor.py:171} INFO - Processing /home/airflow/.local/lib/python3.8/site-packages/airflow/example_dags/example_task_group.py took 0.200 seconds
[2023-11-04 14:15:24,778] {processor.py:163} INFO - Started process (PID=414) to work on /home/airflow/.local/lib/python3.8/site-packages/airflow/example_dags/example_task_group.py
[2023-11-04 14:15:24,782] {processor.py:642} INFO - Processing file /home/airflow/.local/lib/python3.8/site-packages/airflow/example_dags/example_task_group.py for tasks to queue
[2023-11-04 14:15:24,784] {logging_mixin.py:109} INFO - [2023-11-04 14:15:24,784] {dagbag.py:500} INFO - Filling up the DagBag from /home/airflow/.local/lib/python3.8/site-packages/airflow/example_dags/example_task_group.py
[2023-11-04 14:15:24,844] {processor.py:654} INFO - DAG(s) dict_keys(['example_task_group']) retrieved from /home/airflow/.local/lib/python3.8/site-packages/airflow/example_dags/example_task_group.py
[2023-11-04 14:15:24,863] {logging_mixin.py:109} INFO - [2023-11-04 14:15:24,862] {dag.py:2398} INFO - Sync 1 DAGs
[2023-11-04 14:15:24,885] {logging_mixin.py:109} INFO - [2023-11-04 14:15:24,885] {dag.py:2937} INFO - Setting next_dagrun for example_task_group to 2023-11-03T14:15:24.885372+00:00
[2023-11-04 14:15:24,901] {processor.py:171} INFO - Processing /home/airflow/.local/lib/python3.8/site-packages/airflow/example_dags/example_task_group.py took 0.129 seconds
[2023-11-04 14:15:55,232] {processor.py:163} INFO - Started process (PID=463) to work on /home/airflow/.local/lib/python3.8/site-packages/airflow/example_dags/example_task_group.py
[2023-11-04 14:15:55,235] {processor.py:642} INFO - Processing file /home/airflow/.local/lib/python3.8/site-packages/airflow/example_dags/example_task_group.py for tasks to queue
[2023-11-04 14:15:55,237] {logging_mixin.py:109} INFO - [2023-11-04 14:15:55,237] {dagbag.py:500} INFO - Filling up the DagBag from /home/airflow/.local/lib/python3.8/site-packages/airflow/example_dags/example_task_group.py
[2023-11-04 14:15:55,308] {processor.py:654} INFO - DAG(s) dict_keys(['example_task_group']) retrieved from /home/airflow/.local/lib/python3.8/site-packages/airflow/example_dags/example_task_group.py
[2023-11-04 14:15:55,326] {logging_mixin.py:109} INFO - [2023-11-04 14:15:55,326] {dag.py:2398} INFO - Sync 1 DAGs
[2023-11-04 14:15:55,347] {logging_mixin.py:109} INFO - [2023-11-04 14:15:55,347] {dag.py:2937} INFO - Setting next_dagrun for example_task_group to 2023-11-03T14:15:55.346853+00:00
[2023-11-04 14:15:55,359] {processor.py:171} INFO - Processing /home/airflow/.local/lib/python3.8/site-packages/airflow/example_dags/example_task_group.py took 0.133 seconds
[2023-11-04 14:16:26,304] {processor.py:163} INFO - Started process (PID=512) to work on /home/airflow/.local/lib/python3.8/site-packages/airflow/example_dags/example_task_group.py
[2023-11-04 14:16:26,306] {processor.py:642} INFO - Processing file /home/airflow/.local/lib/python3.8/site-packages/airflow/example_dags/example_task_group.py for tasks to queue
[2023-11-04 14:16:26,308] {logging_mixin.py:109} INFO - [2023-11-04 14:16:26,307] {dagbag.py:500} INFO - Filling up the DagBag from /home/airflow/.local/lib/python3.8/site-packages/airflow/example_dags/example_task_group.py
[2023-11-04 14:16:26,361] {processor.py:654} INFO - DAG(s) dict_keys(['example_task_group']) retrieved from /home/airflow/.local/lib/python3.8/site-packages/airflow/example_dags/example_task_group.py
[2023-11-04 14:16:26,379] {logging_mixin.py:109} INFO - [2023-11-04 14:16:26,378] {dag.py:2398} INFO - Sync 1 DAGs
[2023-11-04 14:16:26,401] {logging_mixin.py:109} INFO - [2023-11-04 14:16:26,401] {dag.py:2937} INFO - Setting next_dagrun for example_task_group to 2023-11-03T14:16:26.401014+00:00
[2023-11-04 14:16:26,414] {processor.py:171} INFO - Processing /home/airflow/.local/lib/python3.8/site-packages/airflow/example_dags/example_task_group.py took 0.116 seconds
[2023-11-04 14:16:57,154] {processor.py:163} INFO - Started process (PID=569) to work on /home/airflow/.local/lib/python3.8/site-packages/airflow/example_dags/example_task_group.py
[2023-11-04 14:16:57,156] {processor.py:642} INFO - Processing file /home/airflow/.local/lib/python3.8/site-packages/airflow/example_dags/example_task_group.py for tasks to queue
[2023-11-04 14:16:57,159] {logging_mixin.py:109} INFO - [2023-11-04 14:16:57,158] {dagbag.py:500} INFO - Filling up the DagBag from /home/airflow/.local/lib/python3.8/site-packages/airflow/example_dags/example_task_group.py
[2023-11-04 14:16:57,224] {processor.py:654} INFO - DAG(s) dict_keys(['example_task_group']) retrieved from /home/airflow/.local/lib/python3.8/site-packages/airflow/example_dags/example_task_group.py
[2023-11-04 14:16:57,240] {logging_mixin.py:109} INFO - [2023-11-04 14:16:57,240] {dag.py:2398} INFO - Sync 1 DAGs
[2023-11-04 14:16:57,260] {logging_mixin.py:109} INFO - [2023-11-04 14:16:57,260] {dag.py:2937} INFO - Setting next_dagrun for example_task_group to 2023-11-03T14:16:57.259621+00:00
[2023-11-04 14:16:57,271] {processor.py:171} INFO - Processing /home/airflow/.local/lib/python3.8/site-packages/airflow/example_dags/example_task_group.py took 0.124 seconds
[2023-11-04 14:17:27,560] {processor.py:163} INFO - Started process (PID=618) to work on /home/airflow/.local/lib/python3.8/site-packages/airflow/example_dags/example_task_group.py
[2023-11-04 14:17:27,563] {processor.py:642} INFO - Processing file /home/airflow/.local/lib/python3.8/site-packages/airflow/example_dags/example_task_group.py for tasks to queue
[2023-11-04 14:17:27,564] {logging_mixin.py:109} INFO - [2023-11-04 14:17:27,564] {dagbag.py:500} INFO - Filling up the DagBag from /home/airflow/.local/lib/python3.8/site-packages/airflow/example_dags/example_task_group.py
[2023-11-04 14:17:27,616] {processor.py:654} INFO - DAG(s) dict_keys(['example_task_group']) retrieved from /home/airflow/.local/lib/python3.8/site-packages/airflow/example_dags/example_task_group.py
[2023-11-04 14:17:27,638] {logging_mixin.py:109} INFO - [2023-11-04 14:17:27,638] {dag.py:2398} INFO - Sync 1 DAGs
[2023-11-04 14:17:27,666] {logging_mixin.py:109} INFO - [2023-11-04 14:17:27,666] {dag.py:2937} INFO - Setting next_dagrun for example_task_group to 2023-11-03T14:17:27.666249+00:00
[2023-11-04 14:17:27,678] {processor.py:171} INFO - Processing /home/airflow/.local/lib/python3.8/site-packages/airflow/example_dags/example_task_group.py took 0.123 seconds
[2023-11-04 14:17:59,019] {processor.py:163} INFO - Started process (PID=675) to work on /home/airflow/.local/lib/python3.8/site-packages/airflow/example_dags/example_task_group.py
[2023-11-04 14:17:59,021] {processor.py:642} INFO - Processing file /home/airflow/.local/lib/python3.8/site-packages/airflow/example_dags/example_task_group.py for tasks to queue
[2023-11-04 14:17:59,024] {logging_mixin.py:109} INFO - [2023-11-04 14:17:59,024] {dagbag.py:500} INFO - Filling up the DagBag from /home/airflow/.local/lib/python3.8/site-packages/airflow/example_dags/example_task_group.py
[2023-11-04 14:17:59,082] {processor.py:654} INFO - DAG(s) dict_keys(['example_task_group']) retrieved from /home/airflow/.local/lib/python3.8/site-packages/airflow/example_dags/example_task_group.py
[2023-11-04 14:17:59,102] {logging_mixin.py:109} INFO - [2023-11-04 14:17:59,102] {dag.py:2398} INFO - Sync 1 DAGs
[2023-11-04 14:17:59,128] {logging_mixin.py:109} INFO - [2023-11-04 14:17:59,127] {dag.py:2937} INFO - Setting next_dagrun for example_task_group to 2023-11-03T14:17:59.127377+00:00
[2023-11-04 14:17:59,145] {processor.py:171} INFO - Processing /home/airflow/.local/lib/python3.8/site-packages/airflow/example_dags/example_task_group.py took 0.134 seconds
[2023-11-04 14:18:30,010] {processor.py:163} INFO - Started process (PID=724) to work on /home/airflow/.local/lib/python3.8/site-packages/airflow/example_dags/example_task_group.py
[2023-11-04 14:18:30,012] {processor.py:642} INFO - Processing file /home/airflow/.local/lib/python3.8/site-packages/airflow/example_dags/example_task_group.py for tasks to queue
[2023-11-04 14:18:30,014] {logging_mixin.py:109} INFO - [2023-11-04 14:18:30,014] {dagbag.py:500} INFO - Filling up the DagBag from /home/airflow/.local/lib/python3.8/site-packages/airflow/example_dags/example_task_group.py
[2023-11-04 14:18:30,063] {processor.py:654} INFO - DAG(s) dict_keys(['example_task_group']) retrieved from /home/airflow/.local/lib/python3.8/site-packages/airflow/example_dags/example_task_group.py
[2023-11-04 14:18:30,078] {logging_mixin.py:109} INFO - [2023-11-04 14:18:30,078] {dag.py:2398} INFO - Sync 1 DAGs
[2023-11-04 14:18:30,099] {logging_mixin.py:109} INFO - [2023-11-04 14:18:30,099] {dag.py:2937} INFO - Setting next_dagrun for example_task_group to 2023-11-03T14:18:30.099008+00:00
[2023-11-04 14:18:30,111] {processor.py:171} INFO - Processing /home/airflow/.local/lib/python3.8/site-packages/airflow/example_dags/example_task_group.py took 0.106 seconds
[2023-11-04 14:19:01,140] {processor.py:163} INFO - Started process (PID=773) to work on /home/airflow/.local/lib/python3.8/site-packages/airflow/example_dags/example_task_group.py
[2023-11-04 14:19:01,142] {processor.py:642} INFO - Processing file /home/airflow/.local/lib/python3.8/site-packages/airflow/example_dags/example_task_group.py for tasks to queue
[2023-11-04 14:19:01,143] {logging_mixin.py:109} INFO - [2023-11-04 14:19:01,143] {dagbag.py:500} INFO - Filling up the DagBag from /home/airflow/.local/lib/python3.8/site-packages/airflow/example_dags/example_task_group.py
[2023-11-04 14:19:01,190] {processor.py:654} INFO - DAG(s) dict_keys(['example_task_group']) retrieved from /home/airflow/.local/lib/python3.8/site-packages/airflow/example_dags/example_task_group.py
[2023-11-04 14:19:01,207] {logging_mixin.py:109} INFO - [2023-11-04 14:19:01,207] {dag.py:2398} INFO - Sync 1 DAGs
[2023-11-04 14:19:01,226] {logging_mixin.py:109} INFO - [2023-11-04 14:19:01,226] {dag.py:2937} INFO - Setting next_dagrun for example_task_group to 2023-11-03T14:19:01.226285+00:00
[2023-11-04 14:19:01,238] {processor.py:171} INFO - Processing /home/airflow/.local/lib/python3.8/site-packages/airflow/example_dags/example_task_group.py took 0.104 seconds
[2023-11-04 14:19:32,397] {processor.py:163} INFO - Started process (PID=830) to work on /home/airflow/.local/lib/python3.8/site-packages/airflow/example_dags/example_task_group.py
[2023-11-04 14:19:32,399] {processor.py:642} INFO - Processing file /home/airflow/.local/lib/python3.8/site-packages/airflow/example_dags/example_task_group.py for tasks to queue
[2023-11-04 14:19:32,401] {logging_mixin.py:109} INFO - [2023-11-04 14:19:32,401] {dagbag.py:500} INFO - Filling up the DagBag from /home/airflow/.local/lib/python3.8/site-packages/airflow/example_dags/example_task_group.py
[2023-11-04 14:19:32,452] {processor.py:654} INFO - DAG(s) dict_keys(['example_task_group']) retrieved from /home/airflow/.local/lib/python3.8/site-packages/airflow/example_dags/example_task_group.py
[2023-11-04 14:19:32,470] {logging_mixin.py:109} INFO - [2023-11-04 14:19:32,469] {dag.py:2398} INFO - Sync 1 DAGs
[2023-11-04 14:19:32,493] {logging_mixin.py:109} INFO - [2023-11-04 14:19:32,492] {dag.py:2937} INFO - Setting next_dagrun for example_task_group to 2023-11-03T14:19:32.492461+00:00
[2023-11-04 14:19:32,504] {processor.py:171} INFO - Processing /home/airflow/.local/lib/python3.8/site-packages/airflow/example_dags/example_task_group.py took 0.113 seconds
[2023-11-04 14:20:03,089] {processor.py:163} INFO - Started process (PID=879) to work on /home/airflow/.local/lib/python3.8/site-packages/airflow/example_dags/example_task_group.py
[2023-11-04 14:20:03,093] {processor.py:642} INFO - Processing file /home/airflow/.local/lib/python3.8/site-packages/airflow/example_dags/example_task_group.py for tasks to queue
[2023-11-04 14:20:03,096] {logging_mixin.py:109} INFO - [2023-11-04 14:20:03,096] {dagbag.py:500} INFO - Filling up the DagBag from /home/airflow/.local/lib/python3.8/site-packages/airflow/example_dags/example_task_group.py
[2023-11-04 14:20:03,148] {processor.py:654} INFO - DAG(s) dict_keys(['example_task_group']) retrieved from /home/airflow/.local/lib/python3.8/site-packages/airflow/example_dags/example_task_group.py
[2023-11-04 14:20:03,164] {logging_mixin.py:109} INFO - [2023-11-04 14:20:03,164] {dag.py:2398} INFO - Sync 1 DAGs
[2023-11-04 14:20:03,184] {logging_mixin.py:109} INFO - [2023-11-04 14:20:03,184] {dag.py:2937} INFO - Setting next_dagrun for example_task_group to 2023-11-03T14:20:03.183921+00:00
[2023-11-04 14:20:03,196] {processor.py:171} INFO - Processing /home/airflow/.local/lib/python3.8/site-packages/airflow/example_dags/example_task_group.py took 0.113 seconds
[2023-11-04 14:20:33,452] {processor.py:163} INFO - Started process (PID=930) to work on /home/airflow/.local/lib/python3.8/site-packages/airflow/example_dags/example_task_group.py
[2023-11-04 14:20:33,455] {processor.py:642} INFO - Processing file /home/airflow/.local/lib/python3.8/site-packages/airflow/example_dags/example_task_group.py for tasks to queue
[2023-11-04 14:20:33,456] {logging_mixin.py:109} INFO - [2023-11-04 14:20:33,456] {dagbag.py:500} INFO - Filling up the DagBag from /home/airflow/.local/lib/python3.8/site-packages/airflow/example_dags/example_task_group.py
[2023-11-04 14:20:33,505] {processor.py:654} INFO - DAG(s) dict_keys(['example_task_group']) retrieved from /home/airflow/.local/lib/python3.8/site-packages/airflow/example_dags/example_task_group.py
[2023-11-04 14:20:33,521] {logging_mixin.py:109} INFO - [2023-11-04 14:20:33,521] {dag.py:2398} INFO - Sync 1 DAGs
[2023-11-04 14:20:33,543] {logging_mixin.py:109} INFO - [2023-11-04 14:20:33,543] {dag.py:2937} INFO - Setting next_dagrun for example_task_group to 2023-11-03T14:20:33.542724+00:00
[2023-11-04 14:20:33,556] {processor.py:171} INFO - Processing /home/airflow/.local/lib/python3.8/site-packages/airflow/example_dags/example_task_group.py took 0.109 seconds
[2023-11-04 14:21:04,103] {processor.py:163} INFO - Started process (PID=987) to work on /home/airflow/.local/lib/python3.8/site-packages/airflow/example_dags/example_task_group.py
[2023-11-04 14:21:04,106] {processor.py:642} INFO - Processing file /home/airflow/.local/lib/python3.8/site-packages/airflow/example_dags/example_task_group.py for tasks to queue
[2023-11-04 14:21:04,108] {logging_mixin.py:109} INFO - [2023-11-04 14:21:04,108] {dagbag.py:500} INFO - Filling up the DagBag from /home/airflow/.local/lib/python3.8/site-packages/airflow/example_dags/example_task_group.py
[2023-11-04 14:21:04,157] {processor.py:654} INFO - DAG(s) dict_keys(['example_task_group']) retrieved from /home/airflow/.local/lib/python3.8/site-packages/airflow/example_dags/example_task_group.py
[2023-11-04 14:21:04,174] {logging_mixin.py:109} INFO - [2023-11-04 14:21:04,173] {dag.py:2398} INFO - Sync 1 DAGs
[2023-11-04 14:21:04,196] {logging_mixin.py:109} INFO - [2023-11-04 14:21:04,195] {dag.py:2937} INFO - Setting next_dagrun for example_task_group to 2023-11-03T14:21:04.195431+00:00
[2023-11-04 14:21:04,208] {processor.py:171} INFO - Processing /home/airflow/.local/lib/python3.8/site-packages/airflow/example_dags/example_task_group.py took 0.110 seconds
[2023-11-04 14:21:35,499] {processor.py:163} INFO - Started process (PID=1038) to work on /home/airflow/.local/lib/python3.8/site-packages/airflow/example_dags/example_task_group.py
[2023-11-04 14:21:35,501] {processor.py:642} INFO - Processing file /home/airflow/.local/lib/python3.8/site-packages/airflow/example_dags/example_task_group.py for tasks to queue
[2023-11-04 14:21:35,503] {logging_mixin.py:109} INFO - [2023-11-04 14:21:35,503] {dagbag.py:500} INFO - Filling up the DagBag from /home/airflow/.local/lib/python3.8/site-packages/airflow/example_dags/example_task_group.py
[2023-11-04 14:21:35,552] {processor.py:654} INFO - DAG(s) dict_keys(['example_task_group']) retrieved from /home/airflow/.local/lib/python3.8/site-packages/airflow/example_dags/example_task_group.py
[2023-11-04 14:21:35,567] {logging_mixin.py:109} INFO - [2023-11-04 14:21:35,567] {dag.py:2398} INFO - Sync 1 DAGs
[2023-11-04 14:21:35,586] {logging_mixin.py:109} INFO - [2023-11-04 14:21:35,586] {dag.py:2937} INFO - Setting next_dagrun for example_task_group to 2023-11-03T14:21:35.586235+00:00
[2023-11-04 14:21:35,597] {processor.py:171} INFO - Processing /home/airflow/.local/lib/python3.8/site-packages/airflow/example_dags/example_task_group.py took 0.104 seconds
[2023-11-04 14:22:06,684] {processor.py:163} INFO - Started process (PID=1095) to work on /home/airflow/.local/lib/python3.8/site-packages/airflow/example_dags/example_task_group.py
[2023-11-04 14:22:06,687] {processor.py:642} INFO - Processing file /home/airflow/.local/lib/python3.8/site-packages/airflow/example_dags/example_task_group.py for tasks to queue
[2023-11-04 14:22:06,689] {logging_mixin.py:109} INFO - [2023-11-04 14:22:06,689] {dagbag.py:500} INFO - Filling up the DagBag from /home/airflow/.local/lib/python3.8/site-packages/airflow/example_dags/example_task_group.py
[2023-11-04 14:22:06,739] {processor.py:654} INFO - DAG(s) dict_keys(['example_task_group']) retrieved from /home/airflow/.local/lib/python3.8/site-packages/airflow/example_dags/example_task_group.py
[2023-11-04 14:22:06,756] {logging_mixin.py:109} INFO - [2023-11-04 14:22:06,756] {dag.py:2398} INFO - Sync 1 DAGs
[2023-11-04 14:22:06,780] {logging_mixin.py:109} INFO - [2023-11-04 14:22:06,780] {dag.py:2937} INFO - Setting next_dagrun for example_task_group to 2023-11-03T14:22:06.779929+00:00
[2023-11-04 14:22:06,794] {processor.py:171} INFO - Processing /home/airflow/.local/lib/python3.8/site-packages/airflow/example_dags/example_task_group.py took 0.116 seconds
[2023-11-04 14:22:37,840] {processor.py:163} INFO - Started process (PID=1145) to work on /home/airflow/.local/lib/python3.8/site-packages/airflow/example_dags/example_task_group.py
[2023-11-04 14:22:37,843] {processor.py:642} INFO - Processing file /home/airflow/.local/lib/python3.8/site-packages/airflow/example_dags/example_task_group.py for tasks to queue
[2023-11-04 14:22:37,845] {logging_mixin.py:109} INFO - [2023-11-04 14:22:37,844] {dagbag.py:500} INFO - Filling up the DagBag from /home/airflow/.local/lib/python3.8/site-packages/airflow/example_dags/example_task_group.py
[2023-11-04 14:22:37,891] {processor.py:654} INFO - DAG(s) dict_keys(['example_task_group']) retrieved from /home/airflow/.local/lib/python3.8/site-packages/airflow/example_dags/example_task_group.py
[2023-11-04 14:22:37,907] {logging_mixin.py:109} INFO - [2023-11-04 14:22:37,907] {dag.py:2398} INFO - Sync 1 DAGs
[2023-11-04 14:22:37,929] {logging_mixin.py:109} INFO - [2023-11-04 14:22:37,929] {dag.py:2937} INFO - Setting next_dagrun for example_task_group to 2023-11-03T14:22:37.928906+00:00
[2023-11-04 14:22:37,946] {processor.py:171} INFO - Processing /home/airflow/.local/lib/python3.8/site-packages/airflow/example_dags/example_task_group.py took 0.111 seconds
[2023-11-04 14:23:09,228] {processor.py:163} INFO - Started process (PID=1202) to work on /home/airflow/.local/lib/python3.8/site-packages/airflow/example_dags/example_task_group.py
[2023-11-04 14:23:09,231] {processor.py:642} INFO - Processing file /home/airflow/.local/lib/python3.8/site-packages/airflow/example_dags/example_task_group.py for tasks to queue
[2023-11-04 14:23:09,233] {logging_mixin.py:109} INFO - [2023-11-04 14:23:09,233] {dagbag.py:500} INFO - Filling up the DagBag from /home/airflow/.local/lib/python3.8/site-packages/airflow/example_dags/example_task_group.py
[2023-11-04 14:23:09,300] {processor.py:654} INFO - DAG(s) dict_keys(['example_task_group']) retrieved from /home/airflow/.local/lib/python3.8/site-packages/airflow/example_dags/example_task_group.py
[2023-11-04 14:23:09,324] {logging_mixin.py:109} INFO - [2023-11-04 14:23:09,324] {dag.py:2398} INFO - Sync 1 DAGs
[2023-11-04 14:23:09,348] {logging_mixin.py:109} INFO - [2023-11-04 14:23:09,348] {dag.py:2937} INFO - Setting next_dagrun for example_task_group to 2023-11-03T14:23:09.348424+00:00
[2023-11-04 14:23:09,367] {processor.py:171} INFO - Processing /home/airflow/.local/lib/python3.8/site-packages/airflow/example_dags/example_task_group.py took 0.146 seconds
[2023-11-04 14:23:39,734] {processor.py:163} INFO - Started process (PID=1251) to work on /home/airflow/.local/lib/python3.8/site-packages/airflow/example_dags/example_task_group.py
[2023-11-04 14:23:39,736] {processor.py:642} INFO - Processing file /home/airflow/.local/lib/python3.8/site-packages/airflow/example_dags/example_task_group.py for tasks to queue
[2023-11-04 14:23:39,738] {logging_mixin.py:109} INFO - [2023-11-04 14:23:39,737] {dagbag.py:500} INFO - Filling up the DagBag from /home/airflow/.local/lib/python3.8/site-packages/airflow/example_dags/example_task_group.py
[2023-11-04 14:23:39,785] {processor.py:654} INFO - DAG(s) dict_keys(['example_task_group']) retrieved from /home/airflow/.local/lib/python3.8/site-packages/airflow/example_dags/example_task_group.py
[2023-11-04 14:23:39,800] {logging_mixin.py:109} INFO - [2023-11-04 14:23:39,799] {dag.py:2398} INFO - Sync 1 DAGs
[2023-11-04 14:23:39,819] {logging_mixin.py:109} INFO - [2023-11-04 14:23:39,819] {dag.py:2937} INFO - Setting next_dagrun for example_task_group to 2023-11-03T14:23:39.819243+00:00
[2023-11-04 14:23:39,831] {processor.py:171} INFO - Processing /home/airflow/.local/lib/python3.8/site-packages/airflow/example_dags/example_task_group.py took 0.102 seconds
[2023-11-04 14:24:10,807] {processor.py:163} INFO - Started process (PID=1300) to work on /home/airflow/.local/lib/python3.8/site-packages/airflow/example_dags/example_task_group.py
[2023-11-04 14:24:10,810] {processor.py:642} INFO - Processing file /home/airflow/.local/lib/python3.8/site-packages/airflow/example_dags/example_task_group.py for tasks to queue
[2023-11-04 14:24:10,811] {logging_mixin.py:109} INFO - [2023-11-04 14:24:10,811] {dagbag.py:500} INFO - Filling up the DagBag from /home/airflow/.local/lib/python3.8/site-packages/airflow/example_dags/example_task_group.py
[2023-11-04 14:24:10,858] {processor.py:654} INFO - DAG(s) dict_keys(['example_task_group']) retrieved from /home/airflow/.local/lib/python3.8/site-packages/airflow/example_dags/example_task_group.py
[2023-11-04 14:24:10,873] {logging_mixin.py:109} INFO - [2023-11-04 14:24:10,873] {dag.py:2398} INFO - Sync 1 DAGs
[2023-11-04 14:24:10,892] {logging_mixin.py:109} INFO - [2023-11-04 14:24:10,892] {dag.py:2937} INFO - Setting next_dagrun for example_task_group to 2023-11-03T14:24:10.892146+00:00
[2023-11-04 14:24:10,904] {processor.py:171} INFO - Processing /home/airflow/.local/lib/python3.8/site-packages/airflow/example_dags/example_task_group.py took 0.101 seconds
[2023-11-04 14:24:41,604] {processor.py:163} INFO - Started process (PID=1357) to work on /home/airflow/.local/lib/python3.8/site-packages/airflow/example_dags/example_task_group.py
[2023-11-04 14:24:41,606] {processor.py:642} INFO - Processing file /home/airflow/.local/lib/python3.8/site-packages/airflow/example_dags/example_task_group.py for tasks to queue
[2023-11-04 14:24:41,608] {logging_mixin.py:109} INFO - [2023-11-04 14:24:41,608] {dagbag.py:500} INFO - Filling up the DagBag from /home/airflow/.local/lib/python3.8/site-packages/airflow/example_dags/example_task_group.py
[2023-11-04 14:24:41,654] {processor.py:654} INFO - DAG(s) dict_keys(['example_task_group']) retrieved from /home/airflow/.local/lib/python3.8/site-packages/airflow/example_dags/example_task_group.py
[2023-11-04 14:24:41,670] {logging_mixin.py:109} INFO - [2023-11-04 14:24:41,670] {dag.py:2398} INFO - Sync 1 DAGs
[2023-11-04 14:24:41,699] {logging_mixin.py:109} INFO - [2023-11-04 14:24:41,699] {dag.py:2937} INFO - Setting next_dagrun for example_task_group to 2023-11-03T14:24:41.698471+00:00
[2023-11-04 14:24:41,723] {processor.py:171} INFO - Processing /home/airflow/.local/lib/python3.8/site-packages/airflow/example_dags/example_task_group.py took 0.124 seconds
[2023-11-04 14:25:12,799] {processor.py:163} INFO - Started process (PID=1406) to work on /home/airflow/.local/lib/python3.8/site-packages/airflow/example_dags/example_task_group.py
[2023-11-04 14:25:12,802] {processor.py:642} INFO - Processing file /home/airflow/.local/lib/python3.8/site-packages/airflow/example_dags/example_task_group.py for tasks to queue
[2023-11-04 14:25:12,804] {logging_mixin.py:109} INFO - [2023-11-04 14:25:12,803] {dagbag.py:500} INFO - Filling up the DagBag from /home/airflow/.local/lib/python3.8/site-packages/airflow/example_dags/example_task_group.py
[2023-11-04 14:25:12,871] {processor.py:654} INFO - DAG(s) dict_keys(['example_task_group']) retrieved from /home/airflow/.local/lib/python3.8/site-packages/airflow/example_dags/example_task_group.py
[2023-11-04 14:25:12,894] {logging_mixin.py:109} INFO - [2023-11-04 14:25:12,894] {dag.py:2398} INFO - Sync 1 DAGs
[2023-11-04 14:25:12,930] {logging_mixin.py:109} INFO - [2023-11-04 14:25:12,930] {dag.py:2937} INFO - Setting next_dagrun for example_task_group to 2023-11-03T14:25:12.929605+00:00
[2023-11-04 14:25:12,944] {processor.py:171} INFO - Processing /home/airflow/.local/lib/python3.8/site-packages/airflow/example_dags/example_task_group.py took 0.151 seconds
[2023-11-04 14:25:43,318] {processor.py:163} INFO - Started process (PID=1463) to work on /home/airflow/.local/lib/python3.8/site-packages/airflow/example_dags/example_task_group.py
[2023-11-04 14:25:43,337] {processor.py:642} INFO - Processing file /home/airflow/.local/lib/python3.8/site-packages/airflow/example_dags/example_task_group.py for tasks to queue
[2023-11-04 14:25:43,339] {logging_mixin.py:109} INFO - [2023-11-04 14:25:43,339] {dagbag.py:500} INFO - Filling up the DagBag from /home/airflow/.local/lib/python3.8/site-packages/airflow/example_dags/example_task_group.py
[2023-11-04 14:25:43,388] {processor.py:654} INFO - DAG(s) dict_keys(['example_task_group']) retrieved from /home/airflow/.local/lib/python3.8/site-packages/airflow/example_dags/example_task_group.py
[2023-11-04 14:25:43,407] {logging_mixin.py:109} INFO - [2023-11-04 14:25:43,407] {dag.py:2398} INFO - Sync 1 DAGs
[2023-11-04 14:25:43,428] {logging_mixin.py:109} INFO - [2023-11-04 14:25:43,428] {dag.py:2937} INFO - Setting next_dagrun for example_task_group to 2023-11-03T14:25:43.428262+00:00
[2023-11-04 14:25:43,441] {processor.py:171} INFO - Processing /home/airflow/.local/lib/python3.8/site-packages/airflow/example_dags/example_task_group.py took 0.128 seconds
[2023-11-04 14:26:14,395] {processor.py:163} INFO - Started process (PID=1512) to work on /home/airflow/.local/lib/python3.8/site-packages/airflow/example_dags/example_task_group.py
[2023-11-04 14:26:14,398] {processor.py:642} INFO - Processing file /home/airflow/.local/lib/python3.8/site-packages/airflow/example_dags/example_task_group.py for tasks to queue
[2023-11-04 14:26:14,399] {logging_mixin.py:109} INFO - [2023-11-04 14:26:14,399] {dagbag.py:500} INFO - Filling up the DagBag from /home/airflow/.local/lib/python3.8/site-packages/airflow/example_dags/example_task_group.py
[2023-11-04 14:26:14,450] {processor.py:654} INFO - DAG(s) dict_keys(['example_task_group']) retrieved from /home/airflow/.local/lib/python3.8/site-packages/airflow/example_dags/example_task_group.py
[2023-11-04 14:26:14,465] {logging_mixin.py:109} INFO - [2023-11-04 14:26:14,465] {dag.py:2398} INFO - Sync 1 DAGs
[2023-11-04 14:26:14,485] {logging_mixin.py:109} INFO - [2023-11-04 14:26:14,485] {dag.py:2937} INFO - Setting next_dagrun for example_task_group to 2023-11-03T14:26:14.484815+00:00
[2023-11-04 14:26:14,497] {processor.py:171} INFO - Processing /home/airflow/.local/lib/python3.8/site-packages/airflow/example_dags/example_task_group.py took 0.107 seconds
[2023-11-04 14:28:09,141] {processor.py:163} INFO - Started process (PID=47) to work on /home/airflow/.local/lib/python3.8/site-packages/airflow/example_dags/example_task_group.py
[2023-11-04 14:28:09,146] {processor.py:642} INFO - Processing file /home/airflow/.local/lib/python3.8/site-packages/airflow/example_dags/example_task_group.py for tasks to queue
[2023-11-04 14:28:09,171] {logging_mixin.py:109} INFO - [2023-11-04 14:28:09,171] {dagbag.py:500} INFO - Filling up the DagBag from /home/airflow/.local/lib/python3.8/site-packages/airflow/example_dags/example_task_group.py
[2023-11-04 14:28:09,265] {processor.py:654} INFO - DAG(s) dict_keys(['example_task_group']) retrieved from /home/airflow/.local/lib/python3.8/site-packages/airflow/example_dags/example_task_group.py
[2023-11-04 14:28:09,288] {logging_mixin.py:109} INFO - [2023-11-04 14:28:09,288] {dag.py:2398} INFO - Sync 1 DAGs
[2023-11-04 14:28:09,316] {logging_mixin.py:109} INFO - [2023-11-04 14:28:09,316] {dag.py:2937} INFO - Setting next_dagrun for example_task_group to 2023-11-03T14:28:09.315818+00:00
[2023-11-04 14:28:09,332] {processor.py:171} INFO - Processing /home/airflow/.local/lib/python3.8/site-packages/airflow/example_dags/example_task_group.py took 0.206 seconds
[2023-11-04 14:28:39,879] {processor.py:163} INFO - Started process (PID=97) to work on /home/airflow/.local/lib/python3.8/site-packages/airflow/example_dags/example_task_group.py
[2023-11-04 14:28:39,881] {processor.py:642} INFO - Processing file /home/airflow/.local/lib/python3.8/site-packages/airflow/example_dags/example_task_group.py for tasks to queue
[2023-11-04 14:28:39,882] {logging_mixin.py:109} INFO - [2023-11-04 14:28:39,882] {dagbag.py:500} INFO - Filling up the DagBag from /home/airflow/.local/lib/python3.8/site-packages/airflow/example_dags/example_task_group.py
[2023-11-04 14:28:39,930] {processor.py:654} INFO - DAG(s) dict_keys(['example_task_group']) retrieved from /home/airflow/.local/lib/python3.8/site-packages/airflow/example_dags/example_task_group.py
[2023-11-04 14:28:39,945] {logging_mixin.py:109} INFO - [2023-11-04 14:28:39,945] {dag.py:2398} INFO - Sync 1 DAGs
[2023-11-04 14:28:39,965] {logging_mixin.py:109} INFO - [2023-11-04 14:28:39,965] {dag.py:2937} INFO - Setting next_dagrun for example_task_group to 2023-11-03T14:28:39.964869+00:00
[2023-11-04 14:28:39,977] {processor.py:171} INFO - Processing /home/airflow/.local/lib/python3.8/site-packages/airflow/example_dags/example_task_group.py took 0.103 seconds
[2023-11-04 14:29:10,472] {processor.py:163} INFO - Started process (PID=154) to work on /home/airflow/.local/lib/python3.8/site-packages/airflow/example_dags/example_task_group.py
[2023-11-04 14:29:10,474] {processor.py:642} INFO - Processing file /home/airflow/.local/lib/python3.8/site-packages/airflow/example_dags/example_task_group.py for tasks to queue
[2023-11-04 14:29:10,475] {logging_mixin.py:109} INFO - [2023-11-04 14:29:10,475] {dagbag.py:500} INFO - Filling up the DagBag from /home/airflow/.local/lib/python3.8/site-packages/airflow/example_dags/example_task_group.py
[2023-11-04 14:29:10,523] {processor.py:654} INFO - DAG(s) dict_keys(['example_task_group']) retrieved from /home/airflow/.local/lib/python3.8/site-packages/airflow/example_dags/example_task_group.py
[2023-11-04 14:29:10,538] {logging_mixin.py:109} INFO - [2023-11-04 14:29:10,538] {dag.py:2398} INFO - Sync 1 DAGs
[2023-11-04 14:29:10,560] {logging_mixin.py:109} INFO - [2023-11-04 14:29:10,559] {dag.py:2937} INFO - Setting next_dagrun for example_task_group to 2023-11-03T14:29:10.559560+00:00
[2023-11-04 14:29:10,573] {processor.py:171} INFO - Processing /home/airflow/.local/lib/python3.8/site-packages/airflow/example_dags/example_task_group.py took 0.107 seconds
[2023-11-04 14:29:40,972] {processor.py:163} INFO - Started process (PID=203) to work on /home/airflow/.local/lib/python3.8/site-packages/airflow/example_dags/example_task_group.py
[2023-11-04 14:29:40,974] {processor.py:642} INFO - Processing file /home/airflow/.local/lib/python3.8/site-packages/airflow/example_dags/example_task_group.py for tasks to queue
[2023-11-04 14:29:40,976] {logging_mixin.py:109} INFO - [2023-11-04 14:29:40,976] {dagbag.py:500} INFO - Filling up the DagBag from /home/airflow/.local/lib/python3.8/site-packages/airflow/example_dags/example_task_group.py
[2023-11-04 14:29:41,022] {processor.py:654} INFO - DAG(s) dict_keys(['example_task_group']) retrieved from /home/airflow/.local/lib/python3.8/site-packages/airflow/example_dags/example_task_group.py
[2023-11-04 14:29:41,046] {logging_mixin.py:109} INFO - [2023-11-04 14:29:41,045] {dag.py:2398} INFO - Sync 1 DAGs
[2023-11-04 14:29:41,071] {logging_mixin.py:109} INFO - [2023-11-04 14:29:41,071] {dag.py:2937} INFO - Setting next_dagrun for example_task_group to 2023-11-03T14:29:41.070918+00:00
[2023-11-04 14:29:41,082] {processor.py:171} INFO - Processing /home/airflow/.local/lib/python3.8/site-packages/airflow/example_dags/example_task_group.py took 0.116 seconds
[2023-11-04 14:30:11,789] {processor.py:163} INFO - Started process (PID=258) to work on /home/airflow/.local/lib/python3.8/site-packages/airflow/example_dags/example_task_group.py
[2023-11-04 14:30:11,792] {processor.py:642} INFO - Processing file /home/airflow/.local/lib/python3.8/site-packages/airflow/example_dags/example_task_group.py for tasks to queue
[2023-11-04 14:30:11,794] {logging_mixin.py:109} INFO - [2023-11-04 14:30:11,794] {dagbag.py:500} INFO - Filling up the DagBag from /home/airflow/.local/lib/python3.8/site-packages/airflow/example_dags/example_task_group.py
[2023-11-04 14:30:11,877] {processor.py:654} INFO - DAG(s) dict_keys(['example_task_group']) retrieved from /home/airflow/.local/lib/python3.8/site-packages/airflow/example_dags/example_task_group.py
[2023-11-04 14:30:11,896] {logging_mixin.py:109} INFO - [2023-11-04 14:30:11,896] {dag.py:2398} INFO - Sync 1 DAGs
[2023-11-04 14:30:11,918] {logging_mixin.py:109} INFO - [2023-11-04 14:30:11,918] {dag.py:2937} INFO - Setting next_dagrun for example_task_group to 2023-11-03T14:30:11.918367+00:00
[2023-11-04 14:30:11,931] {processor.py:171} INFO - Processing /home/airflow/.local/lib/python3.8/site-packages/airflow/example_dags/example_task_group.py took 0.148 seconds
[2023-11-04 14:30:43,189] {processor.py:163} INFO - Started process (PID=308) to work on /home/airflow/.local/lib/python3.8/site-packages/airflow/example_dags/example_task_group.py
[2023-11-04 14:30:43,193] {processor.py:642} INFO - Processing file /home/airflow/.local/lib/python3.8/site-packages/airflow/example_dags/example_task_group.py for tasks to queue
[2023-11-04 14:30:43,196] {logging_mixin.py:109} INFO - [2023-11-04 14:30:43,196] {dagbag.py:500} INFO - Filling up the DagBag from /home/airflow/.local/lib/python3.8/site-packages/airflow/example_dags/example_task_group.py
[2023-11-04 14:30:43,254] {processor.py:654} INFO - DAG(s) dict_keys(['example_task_group']) retrieved from /home/airflow/.local/lib/python3.8/site-packages/airflow/example_dags/example_task_group.py
[2023-11-04 14:30:43,275] {logging_mixin.py:109} INFO - [2023-11-04 14:30:43,275] {dag.py:2398} INFO - Sync 1 DAGs
[2023-11-04 14:30:43,306] {logging_mixin.py:109} INFO - [2023-11-04 14:30:43,306] {dag.py:2937} INFO - Setting next_dagrun for example_task_group to 2023-11-03T14:30:43.305663+00:00
[2023-11-04 14:30:43,318] {processor.py:171} INFO - Processing /home/airflow/.local/lib/python3.8/site-packages/airflow/example_dags/example_task_group.py took 0.139 seconds
