[2023-11-04 13:41:45,623] {processor.py:163} INFO - Started process (PID=249) to work on /home/airflow/.local/lib/python3.8/site-packages/airflow/example_dags/example_trigger_target_dag.py
[2023-11-04 13:41:45,628] {processor.py:642} INFO - Processing file /home/airflow/.local/lib/python3.8/site-packages/airflow/example_dags/example_trigger_target_dag.py for tasks to queue
[2023-11-04 13:41:45,629] {logging_mixin.py:109} INFO - [2023-11-04 13:41:45,629] {dagbag.py:500} INFO - Filling up the DagBag from /home/airflow/.local/lib/python3.8/site-packages/airflow/example_dags/example_trigger_target_dag.py
[2023-11-04 13:41:45,679] {processor.py:654} INFO - DAG(s) dict_keys(['example_trigger_target_dag']) retrieved from /home/airflow/.local/lib/python3.8/site-packages/airflow/example_dags/example_trigger_target_dag.py
[2023-11-04 13:41:47,263] {logging_mixin.py:109} INFO - [2023-11-04 13:41:47,263] {providers_manager.py:154} WARNING - Exception when importing 'airflow.providers.google.common.hooks.base_google.GoogleBaseHook' from 'apache-airflow-providers-google' package: module 'pyparsing' has no attribute 'downcaseTokens'
[2023-11-04 13:41:47,269] {logging_mixin.py:109} INFO - [2023-11-04 13:41:47,269] {providers_manager.py:154} WARNING - Exception when importing 'airflow.providers.google.cloud.hooks.cloud_sql.CloudSQLHook' from 'apache-airflow-providers-google' package: module 'pyparsing' has no attribute 'downcaseTokens'
[2023-11-04 13:41:47,273] {logging_mixin.py:109} INFO - [2023-11-04 13:41:47,273] {providers_manager.py:154} WARNING - Exception when importing 'airflow.providers.google.cloud.hooks.cloud_sql.CloudSQLDatabaseHook' from 'apache-airflow-providers-google' package: module 'pyparsing' has no attribute 'downcaseTokens'
[2023-11-04 13:41:47,430] {logging_mixin.py:109} INFO - [2023-11-04 13:41:47,430] {providers_manager.py:154} WARNING - Exception when importing 'airflow.providers.google.cloud.hooks.bigquery.BigQueryHook' from 'apache-airflow-providers-google' package: module 'pyparsing' has no attribute 'downcaseTokens'
[2023-11-04 13:41:47,434] {logging_mixin.py:109} INFO - [2023-11-04 13:41:47,434] {providers_manager.py:154} WARNING - Exception when importing 'airflow.providers.google.cloud.hooks.compute_ssh.ComputeEngineSSHHook' from 'apache-airflow-providers-google' package: module 'pyparsing' has no attribute 'downcaseTokens'
[2023-11-04 13:41:48,241] {logging_mixin.py:109} INFO - [2023-11-04 13:41:48,241] {providers_manager.py:154} WARNING - Exception when importing 'airflow.providers.google.common.hooks.base_google.GoogleBaseHook' from 'apache-airflow-providers-google' package: module 'pyparsing' has no attribute 'downcaseTokens'
[2023-11-04 13:41:48,248] {logging_mixin.py:109} INFO - [2023-11-04 13:41:48,248] {providers_manager.py:154} WARNING - Exception when importing 'airflow.providers.google.cloud.hooks.cloud_sql.CloudSQLHook' from 'apache-airflow-providers-google' package: module 'pyparsing' has no attribute 'downcaseTokens'
[2023-11-04 13:41:48,252] {logging_mixin.py:109} INFO - [2023-11-04 13:41:48,252] {providers_manager.py:154} WARNING - Exception when importing 'airflow.providers.google.cloud.hooks.cloud_sql.CloudSQLDatabaseHook' from 'apache-airflow-providers-google' package: module 'pyparsing' has no attribute 'downcaseTokens'
[2023-11-04 13:41:48,258] {logging_mixin.py:109} INFO - [2023-11-04 13:41:48,258] {providers_manager.py:154} WARNING - Exception when importing 'airflow.providers.google.cloud.hooks.bigquery.BigQueryHook' from 'apache-airflow-providers-google' package: module 'pyparsing' has no attribute 'downcaseTokens'
[2023-11-04 13:41:48,263] {logging_mixin.py:109} INFO - [2023-11-04 13:41:48,263] {providers_manager.py:154} WARNING - Exception when importing 'airflow.providers.google.cloud.hooks.compute_ssh.ComputeEngineSSHHook' from 'apache-airflow-providers-google' package: module 'pyparsing' has no attribute 'downcaseTokens'
[2023-11-04 13:41:48,296] {logging_mixin.py:109} INFO - [2023-11-04 13:41:48,296] {manager.py:496} INFO - Created Permission View: can read on DAG:example_trigger_target_dag
[2023-11-04 13:41:48,307] {logging_mixin.py:109} INFO - [2023-11-04 13:41:48,307] {manager.py:496} INFO - Created Permission View: can edit on DAG:example_trigger_target_dag
[2023-11-04 13:41:48,309] {logging_mixin.py:109} INFO - [2023-11-04 13:41:48,309] {dag.py:2398} INFO - Sync 1 DAGs
[2023-11-04 13:41:48,318] {logging_mixin.py:109} INFO - [2023-11-04 13:41:48,318] {dag.py:2417} INFO - Creating ORM DAG for example_trigger_target_dag
[2023-11-04 13:41:48,338] {logging_mixin.py:109} INFO - [2023-11-04 13:41:48,338] {dag.py:2937} INFO - Setting next_dagrun for example_trigger_target_dag to None
[2023-11-04 13:41:48,358] {processor.py:171} INFO - Processing /home/airflow/.local/lib/python3.8/site-packages/airflow/example_dags/example_trigger_target_dag.py took 2.739 seconds
[2023-11-04 13:42:18,601] {processor.py:163} INFO - Started process (PID=328) to work on /home/airflow/.local/lib/python3.8/site-packages/airflow/example_dags/example_trigger_target_dag.py
[2023-11-04 13:42:18,604] {processor.py:642} INFO - Processing file /home/airflow/.local/lib/python3.8/site-packages/airflow/example_dags/example_trigger_target_dag.py for tasks to queue
[2023-11-04 13:42:18,606] {logging_mixin.py:109} INFO - [2023-11-04 13:42:18,606] {dagbag.py:500} INFO - Filling up the DagBag from /home/airflow/.local/lib/python3.8/site-packages/airflow/example_dags/example_trigger_target_dag.py
[2023-11-04 13:42:18,668] {processor.py:654} INFO - DAG(s) dict_keys(['example_trigger_target_dag']) retrieved from /home/airflow/.local/lib/python3.8/site-packages/airflow/example_dags/example_trigger_target_dag.py
[2023-11-04 13:42:18,683] {logging_mixin.py:109} INFO - [2023-11-04 13:42:18,683] {dag.py:2398} INFO - Sync 1 DAGs
[2023-11-04 13:42:18,704] {logging_mixin.py:109} INFO - [2023-11-04 13:42:18,704] {dag.py:2937} INFO - Setting next_dagrun for example_trigger_target_dag to None
[2023-11-04 13:42:18,718] {processor.py:171} INFO - Processing /home/airflow/.local/lib/python3.8/site-packages/airflow/example_dags/example_trigger_target_dag.py took 0.122 seconds
[2023-11-04 13:42:48,758] {processor.py:163} INFO - Started process (PID=377) to work on /home/airflow/.local/lib/python3.8/site-packages/airflow/example_dags/example_trigger_target_dag.py
[2023-11-04 13:42:48,760] {processor.py:642} INFO - Processing file /home/airflow/.local/lib/python3.8/site-packages/airflow/example_dags/example_trigger_target_dag.py for tasks to queue
[2023-11-04 13:42:48,762] {logging_mixin.py:109} INFO - [2023-11-04 13:42:48,762] {dagbag.py:500} INFO - Filling up the DagBag from /home/airflow/.local/lib/python3.8/site-packages/airflow/example_dags/example_trigger_target_dag.py
[2023-11-04 13:42:48,809] {processor.py:654} INFO - DAG(s) dict_keys(['example_trigger_target_dag']) retrieved from /home/airflow/.local/lib/python3.8/site-packages/airflow/example_dags/example_trigger_target_dag.py
[2023-11-04 13:42:48,823] {logging_mixin.py:109} INFO - [2023-11-04 13:42:48,822] {dag.py:2398} INFO - Sync 1 DAGs
[2023-11-04 13:42:48,842] {logging_mixin.py:109} INFO - [2023-11-04 13:42:48,842] {dag.py:2937} INFO - Setting next_dagrun for example_trigger_target_dag to None
[2023-11-04 13:42:48,853] {processor.py:171} INFO - Processing /home/airflow/.local/lib/python3.8/site-packages/airflow/example_dags/example_trigger_target_dag.py took 0.099 seconds
[2023-11-04 13:43:18,986] {processor.py:163} INFO - Started process (PID=434) to work on /home/airflow/.local/lib/python3.8/site-packages/airflow/example_dags/example_trigger_target_dag.py
[2023-11-04 13:43:18,988] {processor.py:642} INFO - Processing file /home/airflow/.local/lib/python3.8/site-packages/airflow/example_dags/example_trigger_target_dag.py for tasks to queue
[2023-11-04 13:43:18,990] {logging_mixin.py:109} INFO - [2023-11-04 13:43:18,989] {dagbag.py:500} INFO - Filling up the DagBag from /home/airflow/.local/lib/python3.8/site-packages/airflow/example_dags/example_trigger_target_dag.py
[2023-11-04 13:43:19,038] {processor.py:654} INFO - DAG(s) dict_keys(['example_trigger_target_dag']) retrieved from /home/airflow/.local/lib/python3.8/site-packages/airflow/example_dags/example_trigger_target_dag.py
[2023-11-04 13:43:19,052] {logging_mixin.py:109} INFO - [2023-11-04 13:43:19,052] {dag.py:2398} INFO - Sync 1 DAGs
[2023-11-04 13:43:19,072] {logging_mixin.py:109} INFO - [2023-11-04 13:43:19,072] {dag.py:2937} INFO - Setting next_dagrun for example_trigger_target_dag to None
[2023-11-04 13:43:19,084] {processor.py:171} INFO - Processing /home/airflow/.local/lib/python3.8/site-packages/airflow/example_dags/example_trigger_target_dag.py took 0.103 seconds
[2023-11-04 13:43:49,369] {processor.py:163} INFO - Started process (PID=483) to work on /home/airflow/.local/lib/python3.8/site-packages/airflow/example_dags/example_trigger_target_dag.py
[2023-11-04 13:43:49,372] {processor.py:642} INFO - Processing file /home/airflow/.local/lib/python3.8/site-packages/airflow/example_dags/example_trigger_target_dag.py for tasks to queue
[2023-11-04 13:43:49,373] {logging_mixin.py:109} INFO - [2023-11-04 13:43:49,373] {dagbag.py:500} INFO - Filling up the DagBag from /home/airflow/.local/lib/python3.8/site-packages/airflow/example_dags/example_trigger_target_dag.py
[2023-11-04 13:43:49,420] {processor.py:654} INFO - DAG(s) dict_keys(['example_trigger_target_dag']) retrieved from /home/airflow/.local/lib/python3.8/site-packages/airflow/example_dags/example_trigger_target_dag.py
[2023-11-04 13:43:49,434] {logging_mixin.py:109} INFO - [2023-11-04 13:43:49,433] {dag.py:2398} INFO - Sync 1 DAGs
[2023-11-04 13:43:49,452] {logging_mixin.py:109} INFO - [2023-11-04 13:43:49,452] {dag.py:2937} INFO - Setting next_dagrun for example_trigger_target_dag to None
[2023-11-04 13:43:49,464] {processor.py:171} INFO - Processing /home/airflow/.local/lib/python3.8/site-packages/airflow/example_dags/example_trigger_target_dag.py took 0.099 seconds
[2023-11-04 13:59:22,982] {processor.py:163} INFO - Started process (PID=65) to work on /home/airflow/.local/lib/python3.8/site-packages/airflow/example_dags/example_trigger_target_dag.py
[2023-11-04 13:59:22,986] {processor.py:642} INFO - Processing file /home/airflow/.local/lib/python3.8/site-packages/airflow/example_dags/example_trigger_target_dag.py for tasks to queue
[2023-11-04 13:59:22,988] {logging_mixin.py:109} INFO - [2023-11-04 13:59:22,987] {dagbag.py:500} INFO - Filling up the DagBag from /home/airflow/.local/lib/python3.8/site-packages/airflow/example_dags/example_trigger_target_dag.py
[2023-11-04 13:59:23,059] {processor.py:654} INFO - DAG(s) dict_keys(['example_trigger_target_dag']) retrieved from /home/airflow/.local/lib/python3.8/site-packages/airflow/example_dags/example_trigger_target_dag.py
[2023-11-04 13:59:23,074] {logging_mixin.py:109} INFO - [2023-11-04 13:59:23,074] {dag.py:2398} INFO - Sync 1 DAGs
[2023-11-04 13:59:23,099] {logging_mixin.py:109} INFO - [2023-11-04 13:59:23,099] {dag.py:2937} INFO - Setting next_dagrun for example_trigger_target_dag to None
[2023-11-04 13:59:23,123] {processor.py:171} INFO - Processing /home/airflow/.local/lib/python3.8/site-packages/airflow/example_dags/example_trigger_target_dag.py took 0.146 seconds
[2023-11-04 13:59:53,872] {processor.py:163} INFO - Started process (PID=122) to work on /home/airflow/.local/lib/python3.8/site-packages/airflow/example_dags/example_trigger_target_dag.py
[2023-11-04 13:59:53,876] {processor.py:642} INFO - Processing file /home/airflow/.local/lib/python3.8/site-packages/airflow/example_dags/example_trigger_target_dag.py for tasks to queue
[2023-11-04 13:59:53,878] {logging_mixin.py:109} INFO - [2023-11-04 13:59:53,878] {dagbag.py:500} INFO - Filling up the DagBag from /home/airflow/.local/lib/python3.8/site-packages/airflow/example_dags/example_trigger_target_dag.py
[2023-11-04 13:59:53,937] {processor.py:654} INFO - DAG(s) dict_keys(['example_trigger_target_dag']) retrieved from /home/airflow/.local/lib/python3.8/site-packages/airflow/example_dags/example_trigger_target_dag.py
[2023-11-04 13:59:53,952] {logging_mixin.py:109} INFO - [2023-11-04 13:59:53,952] {dag.py:2398} INFO - Sync 1 DAGs
[2023-11-04 13:59:53,975] {logging_mixin.py:109} INFO - [2023-11-04 13:59:53,975] {dag.py:2937} INFO - Setting next_dagrun for example_trigger_target_dag to None
[2023-11-04 13:59:53,992] {processor.py:171} INFO - Processing /home/airflow/.local/lib/python3.8/site-packages/airflow/example_dags/example_trigger_target_dag.py took 0.127 seconds
[2023-11-04 14:00:24,169] {processor.py:163} INFO - Started process (PID=187) to work on /home/airflow/.local/lib/python3.8/site-packages/airflow/example_dags/example_trigger_target_dag.py
[2023-11-04 14:00:24,172] {processor.py:642} INFO - Processing file /home/airflow/.local/lib/python3.8/site-packages/airflow/example_dags/example_trigger_target_dag.py for tasks to queue
[2023-11-04 14:00:24,174] {logging_mixin.py:109} INFO - [2023-11-04 14:00:24,174] {dagbag.py:500} INFO - Filling up the DagBag from /home/airflow/.local/lib/python3.8/site-packages/airflow/example_dags/example_trigger_target_dag.py
[2023-11-04 14:00:24,231] {processor.py:654} INFO - DAG(s) dict_keys(['example_trigger_target_dag']) retrieved from /home/airflow/.local/lib/python3.8/site-packages/airflow/example_dags/example_trigger_target_dag.py
[2023-11-04 14:00:24,246] {logging_mixin.py:109} INFO - [2023-11-04 14:00:24,246] {dag.py:2398} INFO - Sync 1 DAGs
[2023-11-04 14:00:24,271] {logging_mixin.py:109} INFO - [2023-11-04 14:00:24,271] {dag.py:2937} INFO - Setting next_dagrun for example_trigger_target_dag to None
[2023-11-04 14:00:24,285] {processor.py:171} INFO - Processing /home/airflow/.local/lib/python3.8/site-packages/airflow/example_dags/example_trigger_target_dag.py took 0.121 seconds
[2023-11-04 14:00:55,028] {processor.py:163} INFO - Started process (PID=236) to work on /home/airflow/.local/lib/python3.8/site-packages/airflow/example_dags/example_trigger_target_dag.py
[2023-11-04 14:00:55,031] {processor.py:642} INFO - Processing file /home/airflow/.local/lib/python3.8/site-packages/airflow/example_dags/example_trigger_target_dag.py for tasks to queue
[2023-11-04 14:00:55,032] {logging_mixin.py:109} INFO - [2023-11-04 14:00:55,032] {dagbag.py:500} INFO - Filling up the DagBag from /home/airflow/.local/lib/python3.8/site-packages/airflow/example_dags/example_trigger_target_dag.py
[2023-11-04 14:00:55,080] {processor.py:654} INFO - DAG(s) dict_keys(['example_trigger_target_dag']) retrieved from /home/airflow/.local/lib/python3.8/site-packages/airflow/example_dags/example_trigger_target_dag.py
[2023-11-04 14:00:55,093] {logging_mixin.py:109} INFO - [2023-11-04 14:00:55,093] {dag.py:2398} INFO - Sync 1 DAGs
[2023-11-04 14:00:55,112] {logging_mixin.py:109} INFO - [2023-11-04 14:00:55,112] {dag.py:2937} INFO - Setting next_dagrun for example_trigger_target_dag to None
[2023-11-04 14:00:55,122] {processor.py:171} INFO - Processing /home/airflow/.local/lib/python3.8/site-packages/airflow/example_dags/example_trigger_target_dag.py took 0.099 seconds
[2023-11-04 14:01:25,819] {processor.py:163} INFO - Started process (PID=293) to work on /home/airflow/.local/lib/python3.8/site-packages/airflow/example_dags/example_trigger_target_dag.py
[2023-11-04 14:01:25,821] {processor.py:642} INFO - Processing file /home/airflow/.local/lib/python3.8/site-packages/airflow/example_dags/example_trigger_target_dag.py for tasks to queue
[2023-11-04 14:01:25,823] {logging_mixin.py:109} INFO - [2023-11-04 14:01:25,822] {dagbag.py:500} INFO - Filling up the DagBag from /home/airflow/.local/lib/python3.8/site-packages/airflow/example_dags/example_trigger_target_dag.py
[2023-11-04 14:01:25,872] {processor.py:654} INFO - DAG(s) dict_keys(['example_trigger_target_dag']) retrieved from /home/airflow/.local/lib/python3.8/site-packages/airflow/example_dags/example_trigger_target_dag.py
[2023-11-04 14:01:25,887] {logging_mixin.py:109} INFO - [2023-11-04 14:01:25,887] {dag.py:2398} INFO - Sync 1 DAGs
[2023-11-04 14:01:25,909] {logging_mixin.py:109} INFO - [2023-11-04 14:01:25,909] {dag.py:2937} INFO - Setting next_dagrun for example_trigger_target_dag to None
[2023-11-04 14:01:25,922] {processor.py:171} INFO - Processing /home/airflow/.local/lib/python3.8/site-packages/airflow/example_dags/example_trigger_target_dag.py took 0.108 seconds
[2023-11-04 14:01:56,174] {processor.py:163} INFO - Started process (PID=342) to work on /home/airflow/.local/lib/python3.8/site-packages/airflow/example_dags/example_trigger_target_dag.py
[2023-11-04 14:01:56,177] {processor.py:642} INFO - Processing file /home/airflow/.local/lib/python3.8/site-packages/airflow/example_dags/example_trigger_target_dag.py for tasks to queue
[2023-11-04 14:01:56,179] {logging_mixin.py:109} INFO - [2023-11-04 14:01:56,179] {dagbag.py:500} INFO - Filling up the DagBag from /home/airflow/.local/lib/python3.8/site-packages/airflow/example_dags/example_trigger_target_dag.py
[2023-11-04 14:01:56,228] {processor.py:654} INFO - DAG(s) dict_keys(['example_trigger_target_dag']) retrieved from /home/airflow/.local/lib/python3.8/site-packages/airflow/example_dags/example_trigger_target_dag.py
[2023-11-04 14:01:56,243] {logging_mixin.py:109} INFO - [2023-11-04 14:01:56,243] {dag.py:2398} INFO - Sync 1 DAGs
[2023-11-04 14:01:56,264] {logging_mixin.py:109} INFO - [2023-11-04 14:01:56,263] {dag.py:2937} INFO - Setting next_dagrun for example_trigger_target_dag to None
[2023-11-04 14:01:56,279] {processor.py:171} INFO - Processing /home/airflow/.local/lib/python3.8/site-packages/airflow/example_dags/example_trigger_target_dag.py took 0.109 seconds
[2023-11-04 14:02:26,893] {processor.py:163} INFO - Started process (PID=391) to work on /home/airflow/.local/lib/python3.8/site-packages/airflow/example_dags/example_trigger_target_dag.py
[2023-11-04 14:02:26,895] {processor.py:642} INFO - Processing file /home/airflow/.local/lib/python3.8/site-packages/airflow/example_dags/example_trigger_target_dag.py for tasks to queue
[2023-11-04 14:02:26,897] {logging_mixin.py:109} INFO - [2023-11-04 14:02:26,897] {dagbag.py:500} INFO - Filling up the DagBag from /home/airflow/.local/lib/python3.8/site-packages/airflow/example_dags/example_trigger_target_dag.py
[2023-11-04 14:02:26,949] {processor.py:654} INFO - DAG(s) dict_keys(['example_trigger_target_dag']) retrieved from /home/airflow/.local/lib/python3.8/site-packages/airflow/example_dags/example_trigger_target_dag.py
[2023-11-04 14:02:26,963] {logging_mixin.py:109} INFO - [2023-11-04 14:02:26,962] {dag.py:2398} INFO - Sync 1 DAGs
[2023-11-04 14:02:26,984] {logging_mixin.py:109} INFO - [2023-11-04 14:02:26,983] {dag.py:2937} INFO - Setting next_dagrun for example_trigger_target_dag to None
[2023-11-04 14:02:26,995] {processor.py:171} INFO - Processing /home/airflow/.local/lib/python3.8/site-packages/airflow/example_dags/example_trigger_target_dag.py took 0.107 seconds
[2023-11-04 14:04:48,776] {processor.py:163} INFO - Started process (PID=60) to work on /home/airflow/.local/lib/python3.8/site-packages/airflow/example_dags/example_trigger_target_dag.py
[2023-11-04 14:04:48,779] {processor.py:642} INFO - Processing file /home/airflow/.local/lib/python3.8/site-packages/airflow/example_dags/example_trigger_target_dag.py for tasks to queue
[2023-11-04 14:04:48,780] {logging_mixin.py:109} INFO - [2023-11-04 14:04:48,780] {dagbag.py:500} INFO - Filling up the DagBag from /home/airflow/.local/lib/python3.8/site-packages/airflow/example_dags/example_trigger_target_dag.py
[2023-11-04 14:04:48,837] {processor.py:654} INFO - DAG(s) dict_keys(['example_trigger_target_dag']) retrieved from /home/airflow/.local/lib/python3.8/site-packages/airflow/example_dags/example_trigger_target_dag.py
[2023-11-04 14:04:48,852] {logging_mixin.py:109} INFO - [2023-11-04 14:04:48,852] {dag.py:2398} INFO - Sync 1 DAGs
[2023-11-04 14:04:48,883] {logging_mixin.py:109} INFO - [2023-11-04 14:04:48,882] {dag.py:2937} INFO - Setting next_dagrun for example_trigger_target_dag to None
[2023-11-04 14:04:48,898] {processor.py:171} INFO - Processing /home/airflow/.local/lib/python3.8/site-packages/airflow/example_dags/example_trigger_target_dag.py took 0.127 seconds
[2023-11-04 14:05:20,096] {processor.py:163} INFO - Started process (PID=116) to work on /home/airflow/.local/lib/python3.8/site-packages/airflow/example_dags/example_trigger_target_dag.py
[2023-11-04 14:05:20,099] {processor.py:642} INFO - Processing file /home/airflow/.local/lib/python3.8/site-packages/airflow/example_dags/example_trigger_target_dag.py for tasks to queue
[2023-11-04 14:05:20,102] {logging_mixin.py:109} INFO - [2023-11-04 14:05:20,101] {dagbag.py:500} INFO - Filling up the DagBag from /home/airflow/.local/lib/python3.8/site-packages/airflow/example_dags/example_trigger_target_dag.py
[2023-11-04 14:05:20,170] {processor.py:654} INFO - DAG(s) dict_keys(['example_trigger_target_dag']) retrieved from /home/airflow/.local/lib/python3.8/site-packages/airflow/example_dags/example_trigger_target_dag.py
[2023-11-04 14:05:20,190] {logging_mixin.py:109} INFO - [2023-11-04 14:05:20,189] {dag.py:2398} INFO - Sync 1 DAGs
[2023-11-04 14:05:20,212] {logging_mixin.py:109} INFO - [2023-11-04 14:05:20,212] {dag.py:2937} INFO - Setting next_dagrun for example_trigger_target_dag to None
[2023-11-04 14:05:20,225] {processor.py:171} INFO - Processing /home/airflow/.local/lib/python3.8/site-packages/airflow/example_dags/example_trigger_target_dag.py took 0.135 seconds
[2023-11-04 14:05:50,667] {processor.py:163} INFO - Started process (PID=165) to work on /home/airflow/.local/lib/python3.8/site-packages/airflow/example_dags/example_trigger_target_dag.py
[2023-11-04 14:05:50,670] {processor.py:642} INFO - Processing file /home/airflow/.local/lib/python3.8/site-packages/airflow/example_dags/example_trigger_target_dag.py for tasks to queue
[2023-11-04 14:05:50,673] {logging_mixin.py:109} INFO - [2023-11-04 14:05:50,672] {dagbag.py:500} INFO - Filling up the DagBag from /home/airflow/.local/lib/python3.8/site-packages/airflow/example_dags/example_trigger_target_dag.py
[2023-11-04 14:05:50,753] {processor.py:654} INFO - DAG(s) dict_keys(['example_trigger_target_dag']) retrieved from /home/airflow/.local/lib/python3.8/site-packages/airflow/example_dags/example_trigger_target_dag.py
[2023-11-04 14:05:50,802] {logging_mixin.py:109} INFO - [2023-11-04 14:05:50,801] {dag.py:2398} INFO - Sync 1 DAGs
[2023-11-04 14:05:50,857] {logging_mixin.py:109} INFO - [2023-11-04 14:05:50,856] {dag.py:2937} INFO - Setting next_dagrun for example_trigger_target_dag to None
[2023-11-04 14:05:50,874] {processor.py:171} INFO - Processing /home/airflow/.local/lib/python3.8/site-packages/airflow/example_dags/example_trigger_target_dag.py took 0.213 seconds
[2023-11-04 14:06:21,194] {processor.py:163} INFO - Started process (PID=214) to work on /home/airflow/.local/lib/python3.8/site-packages/airflow/example_dags/example_trigger_target_dag.py
[2023-11-04 14:06:21,197] {processor.py:642} INFO - Processing file /home/airflow/.local/lib/python3.8/site-packages/airflow/example_dags/example_trigger_target_dag.py for tasks to queue
[2023-11-04 14:06:21,198] {logging_mixin.py:109} INFO - [2023-11-04 14:06:21,198] {dagbag.py:500} INFO - Filling up the DagBag from /home/airflow/.local/lib/python3.8/site-packages/airflow/example_dags/example_trigger_target_dag.py
[2023-11-04 14:06:21,247] {processor.py:654} INFO - DAG(s) dict_keys(['example_trigger_target_dag']) retrieved from /home/airflow/.local/lib/python3.8/site-packages/airflow/example_dags/example_trigger_target_dag.py
[2023-11-04 14:06:21,261] {logging_mixin.py:109} INFO - [2023-11-04 14:06:21,260] {dag.py:2398} INFO - Sync 1 DAGs
[2023-11-04 14:06:21,280] {logging_mixin.py:109} INFO - [2023-11-04 14:06:21,280] {dag.py:2937} INFO - Setting next_dagrun for example_trigger_target_dag to None
[2023-11-04 14:06:21,291] {processor.py:171} INFO - Processing /home/airflow/.local/lib/python3.8/site-packages/airflow/example_dags/example_trigger_target_dag.py took 0.102 seconds
[2023-11-04 14:06:51,666] {processor.py:163} INFO - Started process (PID=271) to work on /home/airflow/.local/lib/python3.8/site-packages/airflow/example_dags/example_trigger_target_dag.py
[2023-11-04 14:06:51,669] {processor.py:642} INFO - Processing file /home/airflow/.local/lib/python3.8/site-packages/airflow/example_dags/example_trigger_target_dag.py for tasks to queue
[2023-11-04 14:06:51,670] {logging_mixin.py:109} INFO - [2023-11-04 14:06:51,670] {dagbag.py:500} INFO - Filling up the DagBag from /home/airflow/.local/lib/python3.8/site-packages/airflow/example_dags/example_trigger_target_dag.py
[2023-11-04 14:06:51,719] {processor.py:654} INFO - DAG(s) dict_keys(['example_trigger_target_dag']) retrieved from /home/airflow/.local/lib/python3.8/site-packages/airflow/example_dags/example_trigger_target_dag.py
[2023-11-04 14:06:51,734] {logging_mixin.py:109} INFO - [2023-11-04 14:06:51,734] {dag.py:2398} INFO - Sync 1 DAGs
[2023-11-04 14:06:51,754] {logging_mixin.py:109} INFO - [2023-11-04 14:06:51,753] {dag.py:2937} INFO - Setting next_dagrun for example_trigger_target_dag to None
[2023-11-04 14:06:51,764] {processor.py:171} INFO - Processing /home/airflow/.local/lib/python3.8/site-packages/airflow/example_dags/example_trigger_target_dag.py took 0.102 seconds
[2023-11-04 14:07:22,099] {processor.py:163} INFO - Started process (PID=320) to work on /home/airflow/.local/lib/python3.8/site-packages/airflow/example_dags/example_trigger_target_dag.py
[2023-11-04 14:07:22,103] {processor.py:642} INFO - Processing file /home/airflow/.local/lib/python3.8/site-packages/airflow/example_dags/example_trigger_target_dag.py for tasks to queue
[2023-11-04 14:07:22,105] {logging_mixin.py:109} INFO - [2023-11-04 14:07:22,105] {dagbag.py:500} INFO - Filling up the DagBag from /home/airflow/.local/lib/python3.8/site-packages/airflow/example_dags/example_trigger_target_dag.py
[2023-11-04 14:07:22,197] {processor.py:654} INFO - DAG(s) dict_keys(['example_trigger_target_dag']) retrieved from /home/airflow/.local/lib/python3.8/site-packages/airflow/example_dags/example_trigger_target_dag.py
[2023-11-04 14:07:22,235] {logging_mixin.py:109} INFO - [2023-11-04 14:07:22,235] {dag.py:2398} INFO - Sync 1 DAGs
[2023-11-04 14:07:22,298] {logging_mixin.py:109} INFO - [2023-11-04 14:07:22,297] {dag.py:2937} INFO - Setting next_dagrun for example_trigger_target_dag to None
[2023-11-04 14:07:22,332] {processor.py:171} INFO - Processing /home/airflow/.local/lib/python3.8/site-packages/airflow/example_dags/example_trigger_target_dag.py took 0.240 seconds
[2023-11-04 14:07:52,666] {processor.py:163} INFO - Started process (PID=368) to work on /home/airflow/.local/lib/python3.8/site-packages/airflow/example_dags/example_trigger_target_dag.py
[2023-11-04 14:07:52,669] {processor.py:642} INFO - Processing file /home/airflow/.local/lib/python3.8/site-packages/airflow/example_dags/example_trigger_target_dag.py for tasks to queue
[2023-11-04 14:07:52,670] {logging_mixin.py:109} INFO - [2023-11-04 14:07:52,670] {dagbag.py:500} INFO - Filling up the DagBag from /home/airflow/.local/lib/python3.8/site-packages/airflow/example_dags/example_trigger_target_dag.py
[2023-11-04 14:07:52,719] {processor.py:654} INFO - DAG(s) dict_keys(['example_trigger_target_dag']) retrieved from /home/airflow/.local/lib/python3.8/site-packages/airflow/example_dags/example_trigger_target_dag.py
[2023-11-04 14:07:52,733] {logging_mixin.py:109} INFO - [2023-11-04 14:07:52,732] {dag.py:2398} INFO - Sync 1 DAGs
[2023-11-04 14:07:52,752] {logging_mixin.py:109} INFO - [2023-11-04 14:07:52,752] {dag.py:2937} INFO - Setting next_dagrun for example_trigger_target_dag to None
[2023-11-04 14:07:52,762] {processor.py:171} INFO - Processing /home/airflow/.local/lib/python3.8/site-packages/airflow/example_dags/example_trigger_target_dag.py took 0.101 seconds
[2023-11-04 14:08:23,952] {processor.py:163} INFO - Started process (PID=425) to work on /home/airflow/.local/lib/python3.8/site-packages/airflow/example_dags/example_trigger_target_dag.py
[2023-11-04 14:08:23,954] {processor.py:642} INFO - Processing file /home/airflow/.local/lib/python3.8/site-packages/airflow/example_dags/example_trigger_target_dag.py for tasks to queue
[2023-11-04 14:08:23,955] {logging_mixin.py:109} INFO - [2023-11-04 14:08:23,955] {dagbag.py:500} INFO - Filling up the DagBag from /home/airflow/.local/lib/python3.8/site-packages/airflow/example_dags/example_trigger_target_dag.py
[2023-11-04 14:08:24,019] {processor.py:654} INFO - DAG(s) dict_keys(['example_trigger_target_dag']) retrieved from /home/airflow/.local/lib/python3.8/site-packages/airflow/example_dags/example_trigger_target_dag.py
[2023-11-04 14:08:24,037] {logging_mixin.py:109} INFO - [2023-11-04 14:08:24,037] {dag.py:2398} INFO - Sync 1 DAGs
[2023-11-04 14:08:24,066] {logging_mixin.py:109} INFO - [2023-11-04 14:08:24,066] {dag.py:2937} INFO - Setting next_dagrun for example_trigger_target_dag to None
[2023-11-04 14:08:24,080] {processor.py:171} INFO - Processing /home/airflow/.local/lib/python3.8/site-packages/airflow/example_dags/example_trigger_target_dag.py took 0.134 seconds
[2023-11-04 14:08:54,313] {processor.py:163} INFO - Started process (PID=474) to work on /home/airflow/.local/lib/python3.8/site-packages/airflow/example_dags/example_trigger_target_dag.py
[2023-11-04 14:08:54,316] {processor.py:642} INFO - Processing file /home/airflow/.local/lib/python3.8/site-packages/airflow/example_dags/example_trigger_target_dag.py for tasks to queue
[2023-11-04 14:08:54,318] {logging_mixin.py:109} INFO - [2023-11-04 14:08:54,318] {dagbag.py:500} INFO - Filling up the DagBag from /home/airflow/.local/lib/python3.8/site-packages/airflow/example_dags/example_trigger_target_dag.py
[2023-11-04 14:08:54,367] {processor.py:654} INFO - DAG(s) dict_keys(['example_trigger_target_dag']) retrieved from /home/airflow/.local/lib/python3.8/site-packages/airflow/example_dags/example_trigger_target_dag.py
[2023-11-04 14:08:54,384] {logging_mixin.py:109} INFO - [2023-11-04 14:08:54,383] {dag.py:2398} INFO - Sync 1 DAGs
[2023-11-04 14:08:54,405] {logging_mixin.py:109} INFO - [2023-11-04 14:08:54,404] {dag.py:2937} INFO - Setting next_dagrun for example_trigger_target_dag to None
[2023-11-04 14:08:54,417] {processor.py:171} INFO - Processing /home/airflow/.local/lib/python3.8/site-packages/airflow/example_dags/example_trigger_target_dag.py took 0.108 seconds
[2023-11-04 14:09:24,529] {processor.py:163} INFO - Started process (PID=530) to work on /home/airflow/.local/lib/python3.8/site-packages/airflow/example_dags/example_trigger_target_dag.py
[2023-11-04 14:09:24,532] {processor.py:642} INFO - Processing file /home/airflow/.local/lib/python3.8/site-packages/airflow/example_dags/example_trigger_target_dag.py for tasks to queue
[2023-11-04 14:09:24,534] {logging_mixin.py:109} INFO - [2023-11-04 14:09:24,534] {dagbag.py:500} INFO - Filling up the DagBag from /home/airflow/.local/lib/python3.8/site-packages/airflow/example_dags/example_trigger_target_dag.py
[2023-11-04 14:09:24,585] {processor.py:654} INFO - DAG(s) dict_keys(['example_trigger_target_dag']) retrieved from /home/airflow/.local/lib/python3.8/site-packages/airflow/example_dags/example_trigger_target_dag.py
[2023-11-04 14:09:24,600] {logging_mixin.py:109} INFO - [2023-11-04 14:09:24,600] {dag.py:2398} INFO - Sync 1 DAGs
[2023-11-04 14:09:24,622] {logging_mixin.py:109} INFO - [2023-11-04 14:09:24,622] {dag.py:2937} INFO - Setting next_dagrun for example_trigger_target_dag to None
[2023-11-04 14:09:24,636] {processor.py:171} INFO - Processing /home/airflow/.local/lib/python3.8/site-packages/airflow/example_dags/example_trigger_target_dag.py took 0.114 seconds
[2023-11-04 14:09:55,570] {processor.py:163} INFO - Started process (PID=579) to work on /home/airflow/.local/lib/python3.8/site-packages/airflow/example_dags/example_trigger_target_dag.py
[2023-11-04 14:09:55,573] {processor.py:642} INFO - Processing file /home/airflow/.local/lib/python3.8/site-packages/airflow/example_dags/example_trigger_target_dag.py for tasks to queue
[2023-11-04 14:09:55,574] {logging_mixin.py:109} INFO - [2023-11-04 14:09:55,574] {dagbag.py:500} INFO - Filling up the DagBag from /home/airflow/.local/lib/python3.8/site-packages/airflow/example_dags/example_trigger_target_dag.py
[2023-11-04 14:09:55,624] {processor.py:654} INFO - DAG(s) dict_keys(['example_trigger_target_dag']) retrieved from /home/airflow/.local/lib/python3.8/site-packages/airflow/example_dags/example_trigger_target_dag.py
[2023-11-04 14:09:55,636] {logging_mixin.py:109} INFO - [2023-11-04 14:09:55,636] {dag.py:2398} INFO - Sync 1 DAGs
[2023-11-04 14:09:55,655] {logging_mixin.py:109} INFO - [2023-11-04 14:09:55,655] {dag.py:2937} INFO - Setting next_dagrun for example_trigger_target_dag to None
[2023-11-04 14:09:55,667] {processor.py:171} INFO - Processing /home/airflow/.local/lib/python3.8/site-packages/airflow/example_dags/example_trigger_target_dag.py took 0.101 seconds
[2023-11-04 14:10:26,850] {processor.py:163} INFO - Started process (PID=635) to work on /home/airflow/.local/lib/python3.8/site-packages/airflow/example_dags/example_trigger_target_dag.py
[2023-11-04 14:10:26,862] {processor.py:642} INFO - Processing file /home/airflow/.local/lib/python3.8/site-packages/airflow/example_dags/example_trigger_target_dag.py for tasks to queue
[2023-11-04 14:10:26,866] {logging_mixin.py:109} INFO - [2023-11-04 14:10:26,866] {dagbag.py:500} INFO - Filling up the DagBag from /home/airflow/.local/lib/python3.8/site-packages/airflow/example_dags/example_trigger_target_dag.py
[2023-11-04 14:10:26,949] {processor.py:654} INFO - DAG(s) dict_keys(['example_trigger_target_dag']) retrieved from /home/airflow/.local/lib/python3.8/site-packages/airflow/example_dags/example_trigger_target_dag.py
[2023-11-04 14:10:26,963] {logging_mixin.py:109} INFO - [2023-11-04 14:10:26,963] {dag.py:2398} INFO - Sync 1 DAGs
[2023-11-04 14:10:26,986] {logging_mixin.py:109} INFO - [2023-11-04 14:10:26,986] {dag.py:2937} INFO - Setting next_dagrun for example_trigger_target_dag to None
[2023-11-04 14:10:27,002] {processor.py:171} INFO - Processing /home/airflow/.local/lib/python3.8/site-packages/airflow/example_dags/example_trigger_target_dag.py took 0.158 seconds
[2023-11-04 14:11:51,327] {processor.py:163} INFO - Started process (PID=61) to work on /home/airflow/.local/lib/python3.8/site-packages/airflow/example_dags/example_trigger_target_dag.py
[2023-11-04 14:11:51,329] {processor.py:642} INFO - Processing file /home/airflow/.local/lib/python3.8/site-packages/airflow/example_dags/example_trigger_target_dag.py for tasks to queue
[2023-11-04 14:11:51,331] {logging_mixin.py:109} INFO - [2023-11-04 14:11:51,331] {dagbag.py:500} INFO - Filling up the DagBag from /home/airflow/.local/lib/python3.8/site-packages/airflow/example_dags/example_trigger_target_dag.py
[2023-11-04 14:11:51,390] {processor.py:654} INFO - DAG(s) dict_keys(['example_trigger_target_dag']) retrieved from /home/airflow/.local/lib/python3.8/site-packages/airflow/example_dags/example_trigger_target_dag.py
[2023-11-04 14:11:51,403] {logging_mixin.py:109} INFO - [2023-11-04 14:11:51,403] {dag.py:2398} INFO - Sync 1 DAGs
[2023-11-04 14:11:51,423] {logging_mixin.py:109} INFO - [2023-11-04 14:11:51,423] {dag.py:2937} INFO - Setting next_dagrun for example_trigger_target_dag to None
[2023-11-04 14:11:51,436] {processor.py:171} INFO - Processing /home/airflow/.local/lib/python3.8/site-packages/airflow/example_dags/example_trigger_target_dag.py took 0.120 seconds
[2023-11-04 14:12:21,959] {processor.py:163} INFO - Started process (PID=109) to work on /home/airflow/.local/lib/python3.8/site-packages/airflow/example_dags/example_trigger_target_dag.py
[2023-11-04 14:12:21,962] {processor.py:642} INFO - Processing file /home/airflow/.local/lib/python3.8/site-packages/airflow/example_dags/example_trigger_target_dag.py for tasks to queue
[2023-11-04 14:12:21,964] {logging_mixin.py:109} INFO - [2023-11-04 14:12:21,964] {dagbag.py:500} INFO - Filling up the DagBag from /home/airflow/.local/lib/python3.8/site-packages/airflow/example_dags/example_trigger_target_dag.py
[2023-11-04 14:12:22,024] {processor.py:654} INFO - DAG(s) dict_keys(['example_trigger_target_dag']) retrieved from /home/airflow/.local/lib/python3.8/site-packages/airflow/example_dags/example_trigger_target_dag.py
[2023-11-04 14:12:22,041] {logging_mixin.py:109} INFO - [2023-11-04 14:12:22,041] {dag.py:2398} INFO - Sync 1 DAGs
[2023-11-04 14:12:22,062] {logging_mixin.py:109} INFO - [2023-11-04 14:12:22,062] {dag.py:2937} INFO - Setting next_dagrun for example_trigger_target_dag to None
[2023-11-04 14:12:22,075] {processor.py:171} INFO - Processing /home/airflow/.local/lib/python3.8/site-packages/airflow/example_dags/example_trigger_target_dag.py took 0.121 seconds
[2023-11-04 14:12:53,208] {processor.py:163} INFO - Started process (PID=166) to work on /home/airflow/.local/lib/python3.8/site-packages/airflow/example_dags/example_trigger_target_dag.py
[2023-11-04 14:12:53,211] {processor.py:642} INFO - Processing file /home/airflow/.local/lib/python3.8/site-packages/airflow/example_dags/example_trigger_target_dag.py for tasks to queue
[2023-11-04 14:12:53,212] {logging_mixin.py:109} INFO - [2023-11-04 14:12:53,212] {dagbag.py:500} INFO - Filling up the DagBag from /home/airflow/.local/lib/python3.8/site-packages/airflow/example_dags/example_trigger_target_dag.py
[2023-11-04 14:12:53,272] {processor.py:654} INFO - DAG(s) dict_keys(['example_trigger_target_dag']) retrieved from /home/airflow/.local/lib/python3.8/site-packages/airflow/example_dags/example_trigger_target_dag.py
[2023-11-04 14:12:53,289] {logging_mixin.py:109} INFO - [2023-11-04 14:12:53,289] {dag.py:2398} INFO - Sync 1 DAGs
[2023-11-04 14:12:53,310] {logging_mixin.py:109} INFO - [2023-11-04 14:12:53,310] {dag.py:2937} INFO - Setting next_dagrun for example_trigger_target_dag to None
[2023-11-04 14:12:53,321] {processor.py:171} INFO - Processing /home/airflow/.local/lib/python3.8/site-packages/airflow/example_dags/example_trigger_target_dag.py took 0.118 seconds
[2023-11-04 14:13:23,881] {processor.py:163} INFO - Started process (PID=215) to work on /home/airflow/.local/lib/python3.8/site-packages/airflow/example_dags/example_trigger_target_dag.py
[2023-11-04 14:13:23,884] {processor.py:642} INFO - Processing file /home/airflow/.local/lib/python3.8/site-packages/airflow/example_dags/example_trigger_target_dag.py for tasks to queue
[2023-11-04 14:13:23,885] {logging_mixin.py:109} INFO - [2023-11-04 14:13:23,885] {dagbag.py:500} INFO - Filling up the DagBag from /home/airflow/.local/lib/python3.8/site-packages/airflow/example_dags/example_trigger_target_dag.py
[2023-11-04 14:13:23,938] {processor.py:654} INFO - DAG(s) dict_keys(['example_trigger_target_dag']) retrieved from /home/airflow/.local/lib/python3.8/site-packages/airflow/example_dags/example_trigger_target_dag.py
[2023-11-04 14:13:23,952] {logging_mixin.py:109} INFO - [2023-11-04 14:13:23,952] {dag.py:2398} INFO - Sync 1 DAGs
[2023-11-04 14:13:23,974] {logging_mixin.py:109} INFO - [2023-11-04 14:13:23,973] {dag.py:2937} INFO - Setting next_dagrun for example_trigger_target_dag to None
[2023-11-04 14:13:23,987] {processor.py:171} INFO - Processing /home/airflow/.local/lib/python3.8/site-packages/airflow/example_dags/example_trigger_target_dag.py took 0.111 seconds
[2023-11-04 14:13:54,850] {processor.py:163} INFO - Started process (PID=273) to work on /home/airflow/.local/lib/python3.8/site-packages/airflow/example_dags/example_trigger_target_dag.py
[2023-11-04 14:13:54,855] {processor.py:642} INFO - Processing file /home/airflow/.local/lib/python3.8/site-packages/airflow/example_dags/example_trigger_target_dag.py for tasks to queue
[2023-11-04 14:13:54,858] {logging_mixin.py:109} INFO - [2023-11-04 14:13:54,858] {dagbag.py:500} INFO - Filling up the DagBag from /home/airflow/.local/lib/python3.8/site-packages/airflow/example_dags/example_trigger_target_dag.py
[2023-11-04 14:13:54,917] {processor.py:654} INFO - DAG(s) dict_keys(['example_trigger_target_dag']) retrieved from /home/airflow/.local/lib/python3.8/site-packages/airflow/example_dags/example_trigger_target_dag.py
[2023-11-04 14:13:54,932] {logging_mixin.py:109} INFO - [2023-11-04 14:13:54,932] {dag.py:2398} INFO - Sync 1 DAGs
[2023-11-04 14:13:54,956] {logging_mixin.py:109} INFO - [2023-11-04 14:13:54,956] {dag.py:2937} INFO - Setting next_dagrun for example_trigger_target_dag to None
[2023-11-04 14:13:54,971] {processor.py:171} INFO - Processing /home/airflow/.local/lib/python3.8/site-packages/airflow/example_dags/example_trigger_target_dag.py took 0.129 seconds
[2023-11-04 14:14:25,410] {processor.py:163} INFO - Started process (PID=322) to work on /home/airflow/.local/lib/python3.8/site-packages/airflow/example_dags/example_trigger_target_dag.py
[2023-11-04 14:14:25,413] {processor.py:642} INFO - Processing file /home/airflow/.local/lib/python3.8/site-packages/airflow/example_dags/example_trigger_target_dag.py for tasks to queue
[2023-11-04 14:14:25,415] {logging_mixin.py:109} INFO - [2023-11-04 14:14:25,414] {dagbag.py:500} INFO - Filling up the DagBag from /home/airflow/.local/lib/python3.8/site-packages/airflow/example_dags/example_trigger_target_dag.py
[2023-11-04 14:14:25,467] {processor.py:654} INFO - DAG(s) dict_keys(['example_trigger_target_dag']) retrieved from /home/airflow/.local/lib/python3.8/site-packages/airflow/example_dags/example_trigger_target_dag.py
[2023-11-04 14:14:25,482] {logging_mixin.py:109} INFO - [2023-11-04 14:14:25,482] {dag.py:2398} INFO - Sync 1 DAGs
[2023-11-04 14:14:25,502] {logging_mixin.py:109} INFO - [2023-11-04 14:14:25,502] {dag.py:2937} INFO - Setting next_dagrun for example_trigger_target_dag to None
[2023-11-04 14:14:25,514] {processor.py:171} INFO - Processing /home/airflow/.local/lib/python3.8/site-packages/airflow/example_dags/example_trigger_target_dag.py took 0.110 seconds
[2023-11-04 14:14:55,839] {processor.py:163} INFO - Started process (PID=371) to work on /home/airflow/.local/lib/python3.8/site-packages/airflow/example_dags/example_trigger_target_dag.py
[2023-11-04 14:14:55,842] {processor.py:642} INFO - Processing file /home/airflow/.local/lib/python3.8/site-packages/airflow/example_dags/example_trigger_target_dag.py for tasks to queue
[2023-11-04 14:14:55,843] {logging_mixin.py:109} INFO - [2023-11-04 14:14:55,843] {dagbag.py:500} INFO - Filling up the DagBag from /home/airflow/.local/lib/python3.8/site-packages/airflow/example_dags/example_trigger_target_dag.py
[2023-11-04 14:14:55,896] {processor.py:654} INFO - DAG(s) dict_keys(['example_trigger_target_dag']) retrieved from /home/airflow/.local/lib/python3.8/site-packages/airflow/example_dags/example_trigger_target_dag.py
[2023-11-04 14:14:55,913] {logging_mixin.py:109} INFO - [2023-11-04 14:14:55,912] {dag.py:2398} INFO - Sync 1 DAGs
[2023-11-04 14:14:55,932] {logging_mixin.py:109} INFO - [2023-11-04 14:14:55,932] {dag.py:2937} INFO - Setting next_dagrun for example_trigger_target_dag to None
[2023-11-04 14:14:55,945] {processor.py:171} INFO - Processing /home/airflow/.local/lib/python3.8/site-packages/airflow/example_dags/example_trigger_target_dag.py took 0.111 seconds
[2023-11-04 14:15:26,145] {processor.py:163} INFO - Started process (PID=428) to work on /home/airflow/.local/lib/python3.8/site-packages/airflow/example_dags/example_trigger_target_dag.py
[2023-11-04 14:15:26,147] {processor.py:642} INFO - Processing file /home/airflow/.local/lib/python3.8/site-packages/airflow/example_dags/example_trigger_target_dag.py for tasks to queue
[2023-11-04 14:15:26,148] {logging_mixin.py:109} INFO - [2023-11-04 14:15:26,148] {dagbag.py:500} INFO - Filling up the DagBag from /home/airflow/.local/lib/python3.8/site-packages/airflow/example_dags/example_trigger_target_dag.py
[2023-11-04 14:15:26,198] {processor.py:654} INFO - DAG(s) dict_keys(['example_trigger_target_dag']) retrieved from /home/airflow/.local/lib/python3.8/site-packages/airflow/example_dags/example_trigger_target_dag.py
[2023-11-04 14:15:26,213] {logging_mixin.py:109} INFO - [2023-11-04 14:15:26,213] {dag.py:2398} INFO - Sync 1 DAGs
[2023-11-04 14:15:26,236] {logging_mixin.py:109} INFO - [2023-11-04 14:15:26,236] {dag.py:2937} INFO - Setting next_dagrun for example_trigger_target_dag to None
[2023-11-04 14:15:26,251] {processor.py:171} INFO - Processing /home/airflow/.local/lib/python3.8/site-packages/airflow/example_dags/example_trigger_target_dag.py took 0.111 seconds
[2023-11-04 14:15:56,388] {processor.py:163} INFO - Started process (PID=476) to work on /home/airflow/.local/lib/python3.8/site-packages/airflow/example_dags/example_trigger_target_dag.py
[2023-11-04 14:15:56,391] {processor.py:642} INFO - Processing file /home/airflow/.local/lib/python3.8/site-packages/airflow/example_dags/example_trigger_target_dag.py for tasks to queue
[2023-11-04 14:15:56,393] {logging_mixin.py:109} INFO - [2023-11-04 14:15:56,393] {dagbag.py:500} INFO - Filling up the DagBag from /home/airflow/.local/lib/python3.8/site-packages/airflow/example_dags/example_trigger_target_dag.py
[2023-11-04 14:15:56,442] {processor.py:654} INFO - DAG(s) dict_keys(['example_trigger_target_dag']) retrieved from /home/airflow/.local/lib/python3.8/site-packages/airflow/example_dags/example_trigger_target_dag.py
[2023-11-04 14:15:56,460] {logging_mixin.py:109} INFO - [2023-11-04 14:15:56,459] {dag.py:2398} INFO - Sync 1 DAGs
[2023-11-04 14:15:56,479] {logging_mixin.py:109} INFO - [2023-11-04 14:15:56,479] {dag.py:2937} INFO - Setting next_dagrun for example_trigger_target_dag to None
[2023-11-04 14:15:56,491] {processor.py:171} INFO - Processing /home/airflow/.local/lib/python3.8/site-packages/airflow/example_dags/example_trigger_target_dag.py took 0.108 seconds
[2023-11-04 14:16:28,208] {processor.py:163} INFO - Started process (PID=534) to work on /home/airflow/.local/lib/python3.8/site-packages/airflow/example_dags/example_trigger_target_dag.py
[2023-11-04 14:16:28,211] {processor.py:642} INFO - Processing file /home/airflow/.local/lib/python3.8/site-packages/airflow/example_dags/example_trigger_target_dag.py for tasks to queue
[2023-11-04 14:16:28,212] {logging_mixin.py:109} INFO - [2023-11-04 14:16:28,212] {dagbag.py:500} INFO - Filling up the DagBag from /home/airflow/.local/lib/python3.8/site-packages/airflow/example_dags/example_trigger_target_dag.py
[2023-11-04 14:16:28,264] {processor.py:654} INFO - DAG(s) dict_keys(['example_trigger_target_dag']) retrieved from /home/airflow/.local/lib/python3.8/site-packages/airflow/example_dags/example_trigger_target_dag.py
[2023-11-04 14:16:28,282] {logging_mixin.py:109} INFO - [2023-11-04 14:16:28,282] {dag.py:2398} INFO - Sync 1 DAGs
[2023-11-04 14:16:28,311] {logging_mixin.py:109} INFO - [2023-11-04 14:16:28,311] {dag.py:2937} INFO - Setting next_dagrun for example_trigger_target_dag to None
[2023-11-04 14:16:28,325] {processor.py:171} INFO - Processing /home/airflow/.local/lib/python3.8/site-packages/airflow/example_dags/example_trigger_target_dag.py took 0.122 seconds
[2023-11-04 14:16:58,536] {processor.py:163} INFO - Started process (PID=583) to work on /home/airflow/.local/lib/python3.8/site-packages/airflow/example_dags/example_trigger_target_dag.py
[2023-11-04 14:16:58,538] {processor.py:642} INFO - Processing file /home/airflow/.local/lib/python3.8/site-packages/airflow/example_dags/example_trigger_target_dag.py for tasks to queue
[2023-11-04 14:16:58,540] {logging_mixin.py:109} INFO - [2023-11-04 14:16:58,540] {dagbag.py:500} INFO - Filling up the DagBag from /home/airflow/.local/lib/python3.8/site-packages/airflow/example_dags/example_trigger_target_dag.py
[2023-11-04 14:16:58,596] {processor.py:654} INFO - DAG(s) dict_keys(['example_trigger_target_dag']) retrieved from /home/airflow/.local/lib/python3.8/site-packages/airflow/example_dags/example_trigger_target_dag.py
[2023-11-04 14:16:58,611] {logging_mixin.py:109} INFO - [2023-11-04 14:16:58,611] {dag.py:2398} INFO - Sync 1 DAGs
[2023-11-04 14:16:58,641] {logging_mixin.py:109} INFO - [2023-11-04 14:16:58,641] {dag.py:2937} INFO - Setting next_dagrun for example_trigger_target_dag to None
[2023-11-04 14:16:58,654] {processor.py:171} INFO - Processing /home/airflow/.local/lib/python3.8/site-packages/airflow/example_dags/example_trigger_target_dag.py took 0.123 seconds
[2023-11-04 14:17:29,780] {processor.py:163} INFO - Started process (PID=631) to work on /home/airflow/.local/lib/python3.8/site-packages/airflow/example_dags/example_trigger_target_dag.py
[2023-11-04 14:17:29,782] {processor.py:642} INFO - Processing file /home/airflow/.local/lib/python3.8/site-packages/airflow/example_dags/example_trigger_target_dag.py for tasks to queue
[2023-11-04 14:17:29,785] {logging_mixin.py:109} INFO - [2023-11-04 14:17:29,784] {dagbag.py:500} INFO - Filling up the DagBag from /home/airflow/.local/lib/python3.8/site-packages/airflow/example_dags/example_trigger_target_dag.py
[2023-11-04 14:17:29,833] {processor.py:654} INFO - DAG(s) dict_keys(['example_trigger_target_dag']) retrieved from /home/airflow/.local/lib/python3.8/site-packages/airflow/example_dags/example_trigger_target_dag.py
[2023-11-04 14:17:29,849] {logging_mixin.py:109} INFO - [2023-11-04 14:17:29,848] {dag.py:2398} INFO - Sync 1 DAGs
[2023-11-04 14:17:29,868] {logging_mixin.py:109} INFO - [2023-11-04 14:17:29,868] {dag.py:2937} INFO - Setting next_dagrun for example_trigger_target_dag to None
[2023-11-04 14:17:29,879] {processor.py:171} INFO - Processing /home/airflow/.local/lib/python3.8/site-packages/airflow/example_dags/example_trigger_target_dag.py took 0.105 seconds
[2023-11-04 14:18:00,747] {processor.py:163} INFO - Started process (PID=689) to work on /home/airflow/.local/lib/python3.8/site-packages/airflow/example_dags/example_trigger_target_dag.py
[2023-11-04 14:18:00,749] {processor.py:642} INFO - Processing file /home/airflow/.local/lib/python3.8/site-packages/airflow/example_dags/example_trigger_target_dag.py for tasks to queue
[2023-11-04 14:18:00,751] {logging_mixin.py:109} INFO - [2023-11-04 14:18:00,751] {dagbag.py:500} INFO - Filling up the DagBag from /home/airflow/.local/lib/python3.8/site-packages/airflow/example_dags/example_trigger_target_dag.py
[2023-11-04 14:18:00,815] {processor.py:654} INFO - DAG(s) dict_keys(['example_trigger_target_dag']) retrieved from /home/airflow/.local/lib/python3.8/site-packages/airflow/example_dags/example_trigger_target_dag.py
[2023-11-04 14:18:00,830] {logging_mixin.py:109} INFO - [2023-11-04 14:18:00,830] {dag.py:2398} INFO - Sync 1 DAGs
[2023-11-04 14:18:00,854] {logging_mixin.py:109} INFO - [2023-11-04 14:18:00,853] {dag.py:2937} INFO - Setting next_dagrun for example_trigger_target_dag to None
[2023-11-04 14:18:00,868] {processor.py:171} INFO - Processing /home/airflow/.local/lib/python3.8/site-packages/airflow/example_dags/example_trigger_target_dag.py took 0.127 seconds
[2023-11-04 14:18:31,414] {processor.py:163} INFO - Started process (PID=738) to work on /home/airflow/.local/lib/python3.8/site-packages/airflow/example_dags/example_trigger_target_dag.py
[2023-11-04 14:18:31,417] {processor.py:642} INFO - Processing file /home/airflow/.local/lib/python3.8/site-packages/airflow/example_dags/example_trigger_target_dag.py for tasks to queue
[2023-11-04 14:18:31,419] {logging_mixin.py:109} INFO - [2023-11-04 14:18:31,419] {dagbag.py:500} INFO - Filling up the DagBag from /home/airflow/.local/lib/python3.8/site-packages/airflow/example_dags/example_trigger_target_dag.py
[2023-11-04 14:18:31,470] {processor.py:654} INFO - DAG(s) dict_keys(['example_trigger_target_dag']) retrieved from /home/airflow/.local/lib/python3.8/site-packages/airflow/example_dags/example_trigger_target_dag.py
[2023-11-04 14:18:31,486] {logging_mixin.py:109} INFO - [2023-11-04 14:18:31,485] {dag.py:2398} INFO - Sync 1 DAGs
[2023-11-04 14:18:31,505] {logging_mixin.py:109} INFO - [2023-11-04 14:18:31,505] {dag.py:2937} INFO - Setting next_dagrun for example_trigger_target_dag to None
[2023-11-04 14:18:31,520] {processor.py:171} INFO - Processing /home/airflow/.local/lib/python3.8/site-packages/airflow/example_dags/example_trigger_target_dag.py took 0.110 seconds
[2023-11-04 14:19:02,665] {processor.py:163} INFO - Started process (PID=795) to work on /home/airflow/.local/lib/python3.8/site-packages/airflow/example_dags/example_trigger_target_dag.py
[2023-11-04 14:19:02,668] {processor.py:642} INFO - Processing file /home/airflow/.local/lib/python3.8/site-packages/airflow/example_dags/example_trigger_target_dag.py for tasks to queue
[2023-11-04 14:19:02,669] {logging_mixin.py:109} INFO - [2023-11-04 14:19:02,669] {dagbag.py:500} INFO - Filling up the DagBag from /home/airflow/.local/lib/python3.8/site-packages/airflow/example_dags/example_trigger_target_dag.py
[2023-11-04 14:19:02,721] {processor.py:654} INFO - DAG(s) dict_keys(['example_trigger_target_dag']) retrieved from /home/airflow/.local/lib/python3.8/site-packages/airflow/example_dags/example_trigger_target_dag.py
[2023-11-04 14:19:02,737] {logging_mixin.py:109} INFO - [2023-11-04 14:19:02,736] {dag.py:2398} INFO - Sync 1 DAGs
[2023-11-04 14:19:02,757] {logging_mixin.py:109} INFO - [2023-11-04 14:19:02,757] {dag.py:2937} INFO - Setting next_dagrun for example_trigger_target_dag to None
[2023-11-04 14:19:02,769] {processor.py:171} INFO - Processing /home/airflow/.local/lib/python3.8/site-packages/airflow/example_dags/example_trigger_target_dag.py took 0.109 seconds
[2023-11-04 14:19:34,187] {processor.py:163} INFO - Started process (PID=844) to work on /home/airflow/.local/lib/python3.8/site-packages/airflow/example_dags/example_trigger_target_dag.py
[2023-11-04 14:19:34,190] {processor.py:642} INFO - Processing file /home/airflow/.local/lib/python3.8/site-packages/airflow/example_dags/example_trigger_target_dag.py for tasks to queue
[2023-11-04 14:19:34,192] {logging_mixin.py:109} INFO - [2023-11-04 14:19:34,192] {dagbag.py:500} INFO - Filling up the DagBag from /home/airflow/.local/lib/python3.8/site-packages/airflow/example_dags/example_trigger_target_dag.py
[2023-11-04 14:19:34,245] {processor.py:654} INFO - DAG(s) dict_keys(['example_trigger_target_dag']) retrieved from /home/airflow/.local/lib/python3.8/site-packages/airflow/example_dags/example_trigger_target_dag.py
[2023-11-04 14:19:34,261] {logging_mixin.py:109} INFO - [2023-11-04 14:19:34,261] {dag.py:2398} INFO - Sync 1 DAGs
[2023-11-04 14:19:34,282] {logging_mixin.py:109} INFO - [2023-11-04 14:19:34,282] {dag.py:2937} INFO - Setting next_dagrun for example_trigger_target_dag to None
[2023-11-04 14:19:34,294] {processor.py:171} INFO - Processing /home/airflow/.local/lib/python3.8/site-packages/airflow/example_dags/example_trigger_target_dag.py took 0.114 seconds
[2023-11-04 14:20:04,766] {processor.py:163} INFO - Started process (PID=894) to work on /home/airflow/.local/lib/python3.8/site-packages/airflow/example_dags/example_trigger_target_dag.py
[2023-11-04 14:20:04,768] {processor.py:642} INFO - Processing file /home/airflow/.local/lib/python3.8/site-packages/airflow/example_dags/example_trigger_target_dag.py for tasks to queue
[2023-11-04 14:20:04,769] {logging_mixin.py:109} INFO - [2023-11-04 14:20:04,769] {dagbag.py:500} INFO - Filling up the DagBag from /home/airflow/.local/lib/python3.8/site-packages/airflow/example_dags/example_trigger_target_dag.py
[2023-11-04 14:20:04,827] {processor.py:654} INFO - DAG(s) dict_keys(['example_trigger_target_dag']) retrieved from /home/airflow/.local/lib/python3.8/site-packages/airflow/example_dags/example_trigger_target_dag.py
[2023-11-04 14:20:04,839] {logging_mixin.py:109} INFO - [2023-11-04 14:20:04,839] {dag.py:2398} INFO - Sync 1 DAGs
[2023-11-04 14:20:04,859] {logging_mixin.py:109} INFO - [2023-11-04 14:20:04,859] {dag.py:2937} INFO - Setting next_dagrun for example_trigger_target_dag to None
[2023-11-04 14:20:04,871] {processor.py:171} INFO - Processing /home/airflow/.local/lib/python3.8/site-packages/airflow/example_dags/example_trigger_target_dag.py took 0.113 seconds
[2023-11-04 14:20:35,502] {processor.py:163} INFO - Started process (PID=952) to work on /home/airflow/.local/lib/python3.8/site-packages/airflow/example_dags/example_trigger_target_dag.py
[2023-11-04 14:20:35,505] {processor.py:642} INFO - Processing file /home/airflow/.local/lib/python3.8/site-packages/airflow/example_dags/example_trigger_target_dag.py for tasks to queue
[2023-11-04 14:20:35,507] {logging_mixin.py:109} INFO - [2023-11-04 14:20:35,507] {dagbag.py:500} INFO - Filling up the DagBag from /home/airflow/.local/lib/python3.8/site-packages/airflow/example_dags/example_trigger_target_dag.py
[2023-11-04 14:20:35,579] {processor.py:654} INFO - DAG(s) dict_keys(['example_trigger_target_dag']) retrieved from /home/airflow/.local/lib/python3.8/site-packages/airflow/example_dags/example_trigger_target_dag.py
[2023-11-04 14:20:35,596] {logging_mixin.py:109} INFO - [2023-11-04 14:20:35,596] {dag.py:2398} INFO - Sync 1 DAGs
[2023-11-04 14:20:35,620] {logging_mixin.py:109} INFO - [2023-11-04 14:20:35,619] {dag.py:2937} INFO - Setting next_dagrun for example_trigger_target_dag to None
[2023-11-04 14:20:35,634] {processor.py:171} INFO - Processing /home/airflow/.local/lib/python3.8/site-packages/airflow/example_dags/example_trigger_target_dag.py took 0.137 seconds
[2023-11-04 14:21:06,467] {processor.py:163} INFO - Started process (PID=1002) to work on /home/airflow/.local/lib/python3.8/site-packages/airflow/example_dags/example_trigger_target_dag.py
[2023-11-04 14:21:06,469] {processor.py:642} INFO - Processing file /home/airflow/.local/lib/python3.8/site-packages/airflow/example_dags/example_trigger_target_dag.py for tasks to queue
[2023-11-04 14:21:06,471] {logging_mixin.py:109} INFO - [2023-11-04 14:21:06,471] {dagbag.py:500} INFO - Filling up the DagBag from /home/airflow/.local/lib/python3.8/site-packages/airflow/example_dags/example_trigger_target_dag.py
[2023-11-04 14:21:06,523] {processor.py:654} INFO - DAG(s) dict_keys(['example_trigger_target_dag']) retrieved from /home/airflow/.local/lib/python3.8/site-packages/airflow/example_dags/example_trigger_target_dag.py
[2023-11-04 14:21:06,537] {logging_mixin.py:109} INFO - [2023-11-04 14:21:06,537] {dag.py:2398} INFO - Sync 1 DAGs
[2023-11-04 14:21:06,563] {logging_mixin.py:109} INFO - [2023-11-04 14:21:06,563] {dag.py:2937} INFO - Setting next_dagrun for example_trigger_target_dag to None
[2023-11-04 14:21:06,575] {processor.py:171} INFO - Processing /home/airflow/.local/lib/python3.8/site-packages/airflow/example_dags/example_trigger_target_dag.py took 0.114 seconds
[2023-11-04 14:21:36,986] {processor.py:163} INFO - Started process (PID=1053) to work on /home/airflow/.local/lib/python3.8/site-packages/airflow/example_dags/example_trigger_target_dag.py
[2023-11-04 14:21:36,988] {processor.py:642} INFO - Processing file /home/airflow/.local/lib/python3.8/site-packages/airflow/example_dags/example_trigger_target_dag.py for tasks to queue
[2023-11-04 14:21:36,990] {logging_mixin.py:109} INFO - [2023-11-04 14:21:36,990] {dagbag.py:500} INFO - Filling up the DagBag from /home/airflow/.local/lib/python3.8/site-packages/airflow/example_dags/example_trigger_target_dag.py
[2023-11-04 14:21:37,044] {processor.py:654} INFO - DAG(s) dict_keys(['example_trigger_target_dag']) retrieved from /home/airflow/.local/lib/python3.8/site-packages/airflow/example_dags/example_trigger_target_dag.py
[2023-11-04 14:21:37,057] {logging_mixin.py:109} INFO - [2023-11-04 14:21:37,057] {dag.py:2398} INFO - Sync 1 DAGs
[2023-11-04 14:21:37,077] {logging_mixin.py:109} INFO - [2023-11-04 14:21:37,077] {dag.py:2937} INFO - Setting next_dagrun for example_trigger_target_dag to None
[2023-11-04 14:21:37,089] {processor.py:171} INFO - Processing /home/airflow/.local/lib/python3.8/site-packages/airflow/example_dags/example_trigger_target_dag.py took 0.108 seconds
[2023-11-04 14:22:08,203] {processor.py:163} INFO - Started process (PID=1110) to work on /home/airflow/.local/lib/python3.8/site-packages/airflow/example_dags/example_trigger_target_dag.py
[2023-11-04 14:22:08,206] {processor.py:642} INFO - Processing file /home/airflow/.local/lib/python3.8/site-packages/airflow/example_dags/example_trigger_target_dag.py for tasks to queue
[2023-11-04 14:22:08,207] {logging_mixin.py:109} INFO - [2023-11-04 14:22:08,207] {dagbag.py:500} INFO - Filling up the DagBag from /home/airflow/.local/lib/python3.8/site-packages/airflow/example_dags/example_trigger_target_dag.py
[2023-11-04 14:22:08,262] {processor.py:654} INFO - DAG(s) dict_keys(['example_trigger_target_dag']) retrieved from /home/airflow/.local/lib/python3.8/site-packages/airflow/example_dags/example_trigger_target_dag.py
[2023-11-04 14:22:08,277] {logging_mixin.py:109} INFO - [2023-11-04 14:22:08,276] {dag.py:2398} INFO - Sync 1 DAGs
[2023-11-04 14:22:08,299] {logging_mixin.py:109} INFO - [2023-11-04 14:22:08,299] {dag.py:2937} INFO - Setting next_dagrun for example_trigger_target_dag to None
[2023-11-04 14:22:08,314] {processor.py:171} INFO - Processing /home/airflow/.local/lib/python3.8/site-packages/airflow/example_dags/example_trigger_target_dag.py took 0.117 seconds
[2023-11-04 14:22:39,193] {processor.py:163} INFO - Started process (PID=1159) to work on /home/airflow/.local/lib/python3.8/site-packages/airflow/example_dags/example_trigger_target_dag.py
[2023-11-04 14:22:39,218] {processor.py:642} INFO - Processing file /home/airflow/.local/lib/python3.8/site-packages/airflow/example_dags/example_trigger_target_dag.py for tasks to queue
[2023-11-04 14:22:39,220] {logging_mixin.py:109} INFO - [2023-11-04 14:22:39,220] {dagbag.py:500} INFO - Filling up the DagBag from /home/airflow/.local/lib/python3.8/site-packages/airflow/example_dags/example_trigger_target_dag.py
[2023-11-04 14:22:39,286] {processor.py:654} INFO - DAG(s) dict_keys(['example_trigger_target_dag']) retrieved from /home/airflow/.local/lib/python3.8/site-packages/airflow/example_dags/example_trigger_target_dag.py
[2023-11-04 14:22:39,308] {logging_mixin.py:109} INFO - [2023-11-04 14:22:39,307] {dag.py:2398} INFO - Sync 1 DAGs
[2023-11-04 14:22:39,327] {logging_mixin.py:109} INFO - [2023-11-04 14:22:39,327] {dag.py:2937} INFO - Setting next_dagrun for example_trigger_target_dag to None
[2023-11-04 14:22:39,340] {processor.py:171} INFO - Processing /home/airflow/.local/lib/python3.8/site-packages/airflow/example_dags/example_trigger_target_dag.py took 0.156 seconds
[2023-11-04 14:23:11,108] {processor.py:163} INFO - Started process (PID=1216) to work on /home/airflow/.local/lib/python3.8/site-packages/airflow/example_dags/example_trigger_target_dag.py
[2023-11-04 14:23:11,110] {processor.py:642} INFO - Processing file /home/airflow/.local/lib/python3.8/site-packages/airflow/example_dags/example_trigger_target_dag.py for tasks to queue
[2023-11-04 14:23:11,112] {logging_mixin.py:109} INFO - [2023-11-04 14:23:11,112] {dagbag.py:500} INFO - Filling up the DagBag from /home/airflow/.local/lib/python3.8/site-packages/airflow/example_dags/example_trigger_target_dag.py
[2023-11-04 14:23:11,166] {processor.py:654} INFO - DAG(s) dict_keys(['example_trigger_target_dag']) retrieved from /home/airflow/.local/lib/python3.8/site-packages/airflow/example_dags/example_trigger_target_dag.py
[2023-11-04 14:23:11,179] {logging_mixin.py:109} INFO - [2023-11-04 14:23:11,179] {dag.py:2398} INFO - Sync 1 DAGs
[2023-11-04 14:23:11,198] {logging_mixin.py:109} INFO - [2023-11-04 14:23:11,198] {dag.py:2937} INFO - Setting next_dagrun for example_trigger_target_dag to None
[2023-11-04 14:23:11,211] {processor.py:171} INFO - Processing /home/airflow/.local/lib/python3.8/site-packages/airflow/example_dags/example_trigger_target_dag.py took 0.109 seconds
[2023-11-04 14:23:42,018] {processor.py:163} INFO - Started process (PID=1265) to work on /home/airflow/.local/lib/python3.8/site-packages/airflow/example_dags/example_trigger_target_dag.py
[2023-11-04 14:23:42,021] {processor.py:642} INFO - Processing file /home/airflow/.local/lib/python3.8/site-packages/airflow/example_dags/example_trigger_target_dag.py for tasks to queue
[2023-11-04 14:23:42,023] {logging_mixin.py:109} INFO - [2023-11-04 14:23:42,022] {dagbag.py:500} INFO - Filling up the DagBag from /home/airflow/.local/lib/python3.8/site-packages/airflow/example_dags/example_trigger_target_dag.py
[2023-11-04 14:23:42,078] {processor.py:654} INFO - DAG(s) dict_keys(['example_trigger_target_dag']) retrieved from /home/airflow/.local/lib/python3.8/site-packages/airflow/example_dags/example_trigger_target_dag.py
[2023-11-04 14:23:42,093] {logging_mixin.py:109} INFO - [2023-11-04 14:23:42,093] {dag.py:2398} INFO - Sync 1 DAGs
[2023-11-04 14:23:42,115] {logging_mixin.py:109} INFO - [2023-11-04 14:23:42,115] {dag.py:2937} INFO - Setting next_dagrun for example_trigger_target_dag to None
[2023-11-04 14:23:42,127] {processor.py:171} INFO - Processing /home/airflow/.local/lib/python3.8/site-packages/airflow/example_dags/example_trigger_target_dag.py took 0.116 seconds
[2023-11-04 14:24:12,841] {processor.py:163} INFO - Started process (PID=1321) to work on /home/airflow/.local/lib/python3.8/site-packages/airflow/example_dags/example_trigger_target_dag.py
[2023-11-04 14:24:12,843] {processor.py:642} INFO - Processing file /home/airflow/.local/lib/python3.8/site-packages/airflow/example_dags/example_trigger_target_dag.py for tasks to queue
[2023-11-04 14:24:12,845] {logging_mixin.py:109} INFO - [2023-11-04 14:24:12,845] {dagbag.py:500} INFO - Filling up the DagBag from /home/airflow/.local/lib/python3.8/site-packages/airflow/example_dags/example_trigger_target_dag.py
[2023-11-04 14:24:12,898] {processor.py:654} INFO - DAG(s) dict_keys(['example_trigger_target_dag']) retrieved from /home/airflow/.local/lib/python3.8/site-packages/airflow/example_dags/example_trigger_target_dag.py
[2023-11-04 14:24:12,911] {logging_mixin.py:109} INFO - [2023-11-04 14:24:12,911] {dag.py:2398} INFO - Sync 1 DAGs
[2023-11-04 14:24:12,931] {logging_mixin.py:109} INFO - [2023-11-04 14:24:12,931] {dag.py:2937} INFO - Setting next_dagrun for example_trigger_target_dag to None
[2023-11-04 14:24:12,943] {processor.py:171} INFO - Processing /home/airflow/.local/lib/python3.8/site-packages/airflow/example_dags/example_trigger_target_dag.py took 0.109 seconds
[2023-11-04 14:24:43,211] {processor.py:163} INFO - Started process (PID=1371) to work on /home/airflow/.local/lib/python3.8/site-packages/airflow/example_dags/example_trigger_target_dag.py
[2023-11-04 14:24:43,214] {processor.py:642} INFO - Processing file /home/airflow/.local/lib/python3.8/site-packages/airflow/example_dags/example_trigger_target_dag.py for tasks to queue
[2023-11-04 14:24:43,215] {logging_mixin.py:109} INFO - [2023-11-04 14:24:43,215] {dagbag.py:500} INFO - Filling up the DagBag from /home/airflow/.local/lib/python3.8/site-packages/airflow/example_dags/example_trigger_target_dag.py
[2023-11-04 14:24:43,270] {processor.py:654} INFO - DAG(s) dict_keys(['example_trigger_target_dag']) retrieved from /home/airflow/.local/lib/python3.8/site-packages/airflow/example_dags/example_trigger_target_dag.py
[2023-11-04 14:24:43,285] {logging_mixin.py:109} INFO - [2023-11-04 14:24:43,285] {dag.py:2398} INFO - Sync 1 DAGs
[2023-11-04 14:24:43,310] {logging_mixin.py:109} INFO - [2023-11-04 14:24:43,310] {dag.py:2937} INFO - Setting next_dagrun for example_trigger_target_dag to None
[2023-11-04 14:24:43,323] {processor.py:171} INFO - Processing /home/airflow/.local/lib/python3.8/site-packages/airflow/example_dags/example_trigger_target_dag.py took 0.119 seconds
[2023-11-04 14:25:14,256] {processor.py:163} INFO - Started process (PID=1420) to work on /home/airflow/.local/lib/python3.8/site-packages/airflow/example_dags/example_trigger_target_dag.py
[2023-11-04 14:25:14,264] {processor.py:642} INFO - Processing file /home/airflow/.local/lib/python3.8/site-packages/airflow/example_dags/example_trigger_target_dag.py for tasks to queue
[2023-11-04 14:25:14,266] {logging_mixin.py:109} INFO - [2023-11-04 14:25:14,266] {dagbag.py:500} INFO - Filling up the DagBag from /home/airflow/.local/lib/python3.8/site-packages/airflow/example_dags/example_trigger_target_dag.py
[2023-11-04 14:25:14,321] {processor.py:654} INFO - DAG(s) dict_keys(['example_trigger_target_dag']) retrieved from /home/airflow/.local/lib/python3.8/site-packages/airflow/example_dags/example_trigger_target_dag.py
[2023-11-04 14:25:14,339] {logging_mixin.py:109} INFO - [2023-11-04 14:25:14,338] {dag.py:2398} INFO - Sync 1 DAGs
[2023-11-04 14:25:14,365] {logging_mixin.py:109} INFO - [2023-11-04 14:25:14,365] {dag.py:2937} INFO - Setting next_dagrun for example_trigger_target_dag to None
[2023-11-04 14:25:14,408] {processor.py:171} INFO - Processing /home/airflow/.local/lib/python3.8/site-packages/airflow/example_dags/example_trigger_target_dag.py took 0.158 seconds
[2023-11-04 14:25:44,802] {processor.py:163} INFO - Started process (PID=1477) to work on /home/airflow/.local/lib/python3.8/site-packages/airflow/example_dags/example_trigger_target_dag.py
[2023-11-04 14:25:44,805] {processor.py:642} INFO - Processing file /home/airflow/.local/lib/python3.8/site-packages/airflow/example_dags/example_trigger_target_dag.py for tasks to queue
[2023-11-04 14:25:44,806] {logging_mixin.py:109} INFO - [2023-11-04 14:25:44,806] {dagbag.py:500} INFO - Filling up the DagBag from /home/airflow/.local/lib/python3.8/site-packages/airflow/example_dags/example_trigger_target_dag.py
[2023-11-04 14:25:44,857] {processor.py:654} INFO - DAG(s) dict_keys(['example_trigger_target_dag']) retrieved from /home/airflow/.local/lib/python3.8/site-packages/airflow/example_dags/example_trigger_target_dag.py
[2023-11-04 14:25:44,872] {logging_mixin.py:109} INFO - [2023-11-04 14:25:44,872] {dag.py:2398} INFO - Sync 1 DAGs
[2023-11-04 14:25:44,893] {logging_mixin.py:109} INFO - [2023-11-04 14:25:44,893] {dag.py:2937} INFO - Setting next_dagrun for example_trigger_target_dag to None
[2023-11-04 14:25:44,904] {processor.py:171} INFO - Processing /home/airflow/.local/lib/python3.8/site-packages/airflow/example_dags/example_trigger_target_dag.py took 0.108 seconds
[2023-11-04 14:26:15,709] {processor.py:163} INFO - Started process (PID=1526) to work on /home/airflow/.local/lib/python3.8/site-packages/airflow/example_dags/example_trigger_target_dag.py
[2023-11-04 14:26:15,712] {processor.py:642} INFO - Processing file /home/airflow/.local/lib/python3.8/site-packages/airflow/example_dags/example_trigger_target_dag.py for tasks to queue
[2023-11-04 14:26:15,713] {logging_mixin.py:109} INFO - [2023-11-04 14:26:15,713] {dagbag.py:500} INFO - Filling up the DagBag from /home/airflow/.local/lib/python3.8/site-packages/airflow/example_dags/example_trigger_target_dag.py
[2023-11-04 14:26:15,760] {processor.py:654} INFO - DAG(s) dict_keys(['example_trigger_target_dag']) retrieved from /home/airflow/.local/lib/python3.8/site-packages/airflow/example_dags/example_trigger_target_dag.py
[2023-11-04 14:26:15,772] {logging_mixin.py:109} INFO - [2023-11-04 14:26:15,772] {dag.py:2398} INFO - Sync 1 DAGs
[2023-11-04 14:26:15,791] {logging_mixin.py:109} INFO - [2023-11-04 14:26:15,791] {dag.py:2937} INFO - Setting next_dagrun for example_trigger_target_dag to None
[2023-11-04 14:26:15,803] {processor.py:171} INFO - Processing /home/airflow/.local/lib/python3.8/site-packages/airflow/example_dags/example_trigger_target_dag.py took 0.099 seconds
[2023-11-04 14:28:10,919] {processor.py:163} INFO - Started process (PID=61) to work on /home/airflow/.local/lib/python3.8/site-packages/airflow/example_dags/example_trigger_target_dag.py
[2023-11-04 14:28:10,923] {processor.py:642} INFO - Processing file /home/airflow/.local/lib/python3.8/site-packages/airflow/example_dags/example_trigger_target_dag.py for tasks to queue
[2023-11-04 14:28:10,925] {logging_mixin.py:109} INFO - [2023-11-04 14:28:10,925] {dagbag.py:500} INFO - Filling up the DagBag from /home/airflow/.local/lib/python3.8/site-packages/airflow/example_dags/example_trigger_target_dag.py
[2023-11-04 14:28:10,993] {processor.py:654} INFO - DAG(s) dict_keys(['example_trigger_target_dag']) retrieved from /home/airflow/.local/lib/python3.8/site-packages/airflow/example_dags/example_trigger_target_dag.py
[2023-11-04 14:28:11,008] {logging_mixin.py:109} INFO - [2023-11-04 14:28:11,008] {dag.py:2398} INFO - Sync 1 DAGs
[2023-11-04 14:28:11,029] {logging_mixin.py:109} INFO - [2023-11-04 14:28:11,029] {dag.py:2937} INFO - Setting next_dagrun for example_trigger_target_dag to None
[2023-11-04 14:28:11,041] {processor.py:171} INFO - Processing /home/airflow/.local/lib/python3.8/site-packages/airflow/example_dags/example_trigger_target_dag.py took 0.127 seconds
[2023-11-04 14:28:41,392] {processor.py:163} INFO - Started process (PID=111) to work on /home/airflow/.local/lib/python3.8/site-packages/airflow/example_dags/example_trigger_target_dag.py
[2023-11-04 14:28:41,394] {processor.py:642} INFO - Processing file /home/airflow/.local/lib/python3.8/site-packages/airflow/example_dags/example_trigger_target_dag.py for tasks to queue
[2023-11-04 14:28:41,396] {logging_mixin.py:109} INFO - [2023-11-04 14:28:41,395] {dagbag.py:500} INFO - Filling up the DagBag from /home/airflow/.local/lib/python3.8/site-packages/airflow/example_dags/example_trigger_target_dag.py
[2023-11-04 14:28:41,445] {processor.py:654} INFO - DAG(s) dict_keys(['example_trigger_target_dag']) retrieved from /home/airflow/.local/lib/python3.8/site-packages/airflow/example_dags/example_trigger_target_dag.py
[2023-11-04 14:28:41,458] {logging_mixin.py:109} INFO - [2023-11-04 14:28:41,458] {dag.py:2398} INFO - Sync 1 DAGs
[2023-11-04 14:28:41,478] {logging_mixin.py:109} INFO - [2023-11-04 14:28:41,478] {dag.py:2937} INFO - Setting next_dagrun for example_trigger_target_dag to None
[2023-11-04 14:28:41,489] {processor.py:171} INFO - Processing /home/airflow/.local/lib/python3.8/site-packages/airflow/example_dags/example_trigger_target_dag.py took 0.102 seconds
[2023-11-04 14:29:11,857] {processor.py:163} INFO - Started process (PID=168) to work on /home/airflow/.local/lib/python3.8/site-packages/airflow/example_dags/example_trigger_target_dag.py
[2023-11-04 14:29:11,860] {processor.py:642} INFO - Processing file /home/airflow/.local/lib/python3.8/site-packages/airflow/example_dags/example_trigger_target_dag.py for tasks to queue
[2023-11-04 14:29:11,861] {logging_mixin.py:109} INFO - [2023-11-04 14:29:11,861] {dagbag.py:500} INFO - Filling up the DagBag from /home/airflow/.local/lib/python3.8/site-packages/airflow/example_dags/example_trigger_target_dag.py
[2023-11-04 14:29:11,911] {processor.py:654} INFO - DAG(s) dict_keys(['example_trigger_target_dag']) retrieved from /home/airflow/.local/lib/python3.8/site-packages/airflow/example_dags/example_trigger_target_dag.py
[2023-11-04 14:29:11,926] {logging_mixin.py:109} INFO - [2023-11-04 14:29:11,926] {dag.py:2398} INFO - Sync 1 DAGs
[2023-11-04 14:29:11,946] {logging_mixin.py:109} INFO - [2023-11-04 14:29:11,946] {dag.py:2937} INFO - Setting next_dagrun for example_trigger_target_dag to None
[2023-11-04 14:29:11,958] {processor.py:171} INFO - Processing /home/airflow/.local/lib/python3.8/site-packages/airflow/example_dags/example_trigger_target_dag.py took 0.106 seconds
[2023-11-04 14:29:42,497] {processor.py:163} INFO - Started process (PID=217) to work on /home/airflow/.local/lib/python3.8/site-packages/airflow/example_dags/example_trigger_target_dag.py
[2023-11-04 14:29:42,500] {processor.py:642} INFO - Processing file /home/airflow/.local/lib/python3.8/site-packages/airflow/example_dags/example_trigger_target_dag.py for tasks to queue
[2023-11-04 14:29:42,502] {logging_mixin.py:109} INFO - [2023-11-04 14:29:42,502] {dagbag.py:500} INFO - Filling up the DagBag from /home/airflow/.local/lib/python3.8/site-packages/airflow/example_dags/example_trigger_target_dag.py
[2023-11-04 14:29:42,556] {processor.py:654} INFO - DAG(s) dict_keys(['example_trigger_target_dag']) retrieved from /home/airflow/.local/lib/python3.8/site-packages/airflow/example_dags/example_trigger_target_dag.py
[2023-11-04 14:29:42,572] {logging_mixin.py:109} INFO - [2023-11-04 14:29:42,572] {dag.py:2398} INFO - Sync 1 DAGs
[2023-11-04 14:29:42,593] {logging_mixin.py:109} INFO - [2023-11-04 14:29:42,593] {dag.py:2937} INFO - Setting next_dagrun for example_trigger_target_dag to None
[2023-11-04 14:29:42,610] {processor.py:171} INFO - Processing /home/airflow/.local/lib/python3.8/site-packages/airflow/example_dags/example_trigger_target_dag.py took 0.118 seconds
[2023-11-04 14:30:13,688] {processor.py:163} INFO - Started process (PID=273) to work on /home/airflow/.local/lib/python3.8/site-packages/airflow/example_dags/example_trigger_target_dag.py
[2023-11-04 14:30:13,691] {processor.py:642} INFO - Processing file /home/airflow/.local/lib/python3.8/site-packages/airflow/example_dags/example_trigger_target_dag.py for tasks to queue
[2023-11-04 14:30:13,693] {logging_mixin.py:109} INFO - [2023-11-04 14:30:13,692] {dagbag.py:500} INFO - Filling up the DagBag from /home/airflow/.local/lib/python3.8/site-packages/airflow/example_dags/example_trigger_target_dag.py
[2023-11-04 14:30:13,774] {processor.py:654} INFO - DAG(s) dict_keys(['example_trigger_target_dag']) retrieved from /home/airflow/.local/lib/python3.8/site-packages/airflow/example_dags/example_trigger_target_dag.py
[2023-11-04 14:30:13,803] {logging_mixin.py:109} INFO - [2023-11-04 14:30:13,802] {dag.py:2398} INFO - Sync 1 DAGs
[2023-11-04 14:30:13,836] {logging_mixin.py:109} INFO - [2023-11-04 14:30:13,836] {dag.py:2937} INFO - Setting next_dagrun for example_trigger_target_dag to None
[2023-11-04 14:30:13,856] {processor.py:171} INFO - Processing /home/airflow/.local/lib/python3.8/site-packages/airflow/example_dags/example_trigger_target_dag.py took 0.174 seconds
[2023-11-04 14:30:44,920] {processor.py:163} INFO - Started process (PID=322) to work on /home/airflow/.local/lib/python3.8/site-packages/airflow/example_dags/example_trigger_target_dag.py
[2023-11-04 14:30:44,924] {processor.py:642} INFO - Processing file /home/airflow/.local/lib/python3.8/site-packages/airflow/example_dags/example_trigger_target_dag.py for tasks to queue
[2023-11-04 14:30:44,927] {logging_mixin.py:109} INFO - [2023-11-04 14:30:44,927] {dagbag.py:500} INFO - Filling up the DagBag from /home/airflow/.local/lib/python3.8/site-packages/airflow/example_dags/example_trigger_target_dag.py
[2023-11-04 14:30:44,992] {processor.py:654} INFO - DAG(s) dict_keys(['example_trigger_target_dag']) retrieved from /home/airflow/.local/lib/python3.8/site-packages/airflow/example_dags/example_trigger_target_dag.py
[2023-11-04 14:30:45,007] {logging_mixin.py:109} INFO - [2023-11-04 14:30:45,007] {dag.py:2398} INFO - Sync 1 DAGs
[2023-11-04 14:30:45,030] {logging_mixin.py:109} INFO - [2023-11-04 14:30:45,030] {dag.py:2937} INFO - Setting next_dagrun for example_trigger_target_dag to None
[2023-11-04 14:30:45,045] {processor.py:171} INFO - Processing /home/airflow/.local/lib/python3.8/site-packages/airflow/example_dags/example_trigger_target_dag.py took 0.132 seconds
