[2023-11-04 13:41:24,237] {processor.py:163} INFO - Started process (PID=148) to work on /home/airflow/.local/lib/python3.8/site-packages/airflow/example_dags/example_trigger_controller_dag.py
[2023-11-04 13:41:24,239] {processor.py:642} INFO - Processing file /home/airflow/.local/lib/python3.8/site-packages/airflow/example_dags/example_trigger_controller_dag.py for tasks to queue
[2023-11-04 13:41:24,241] {logging_mixin.py:109} INFO - [2023-11-04 13:41:24,241] {dagbag.py:500} INFO - Filling up the DagBag from /home/airflow/.local/lib/python3.8/site-packages/airflow/example_dags/example_trigger_controller_dag.py
[2023-11-04 13:41:24,292] {processor.py:654} INFO - DAG(s) dict_keys(['example_trigger_controller_dag']) retrieved from /home/airflow/.local/lib/python3.8/site-packages/airflow/example_dags/example_trigger_controller_dag.py
[2023-11-04 13:41:25,874] {logging_mixin.py:109} INFO - [2023-11-04 13:41:25,874] {providers_manager.py:154} WARNING - Exception when importing 'airflow.providers.google.common.hooks.base_google.GoogleBaseHook' from 'apache-airflow-providers-google' package: module 'pyparsing' has no attribute 'downcaseTokens'
[2023-11-04 13:41:25,881] {logging_mixin.py:109} INFO - [2023-11-04 13:41:25,881] {providers_manager.py:154} WARNING - Exception when importing 'airflow.providers.google.cloud.hooks.cloud_sql.CloudSQLHook' from 'apache-airflow-providers-google' package: module 'pyparsing' has no attribute 'downcaseTokens'
[2023-11-04 13:41:25,886] {logging_mixin.py:109} INFO - [2023-11-04 13:41:25,885] {providers_manager.py:154} WARNING - Exception when importing 'airflow.providers.google.cloud.hooks.cloud_sql.CloudSQLDatabaseHook' from 'apache-airflow-providers-google' package: module 'pyparsing' has no attribute 'downcaseTokens'
[2023-11-04 13:41:26,078] {logging_mixin.py:109} INFO - [2023-11-04 13:41:26,078] {providers_manager.py:154} WARNING - Exception when importing 'airflow.providers.google.cloud.hooks.bigquery.BigQueryHook' from 'apache-airflow-providers-google' package: module 'pyparsing' has no attribute 'downcaseTokens'
[2023-11-04 13:41:26,085] {logging_mixin.py:109} INFO - [2023-11-04 13:41:26,085] {providers_manager.py:154} WARNING - Exception when importing 'airflow.providers.google.cloud.hooks.compute_ssh.ComputeEngineSSHHook' from 'apache-airflow-providers-google' package: module 'pyparsing' has no attribute 'downcaseTokens'
[2023-11-04 13:41:26,801] {logging_mixin.py:109} INFO - [2023-11-04 13:41:26,800] {providers_manager.py:154} WARNING - Exception when importing 'airflow.providers.google.common.hooks.base_google.GoogleBaseHook' from 'apache-airflow-providers-google' package: module 'pyparsing' has no attribute 'downcaseTokens'
[2023-11-04 13:41:26,806] {logging_mixin.py:109} INFO - [2023-11-04 13:41:26,806] {providers_manager.py:154} WARNING - Exception when importing 'airflow.providers.google.cloud.hooks.cloud_sql.CloudSQLHook' from 'apache-airflow-providers-google' package: module 'pyparsing' has no attribute 'downcaseTokens'
[2023-11-04 13:41:26,812] {logging_mixin.py:109} INFO - [2023-11-04 13:41:26,811] {providers_manager.py:154} WARNING - Exception when importing 'airflow.providers.google.cloud.hooks.cloud_sql.CloudSQLDatabaseHook' from 'apache-airflow-providers-google' package: module 'pyparsing' has no attribute 'downcaseTokens'
[2023-11-04 13:41:26,818] {logging_mixin.py:109} INFO - [2023-11-04 13:41:26,818] {providers_manager.py:154} WARNING - Exception when importing 'airflow.providers.google.cloud.hooks.bigquery.BigQueryHook' from 'apache-airflow-providers-google' package: module 'pyparsing' has no attribute 'downcaseTokens'
[2023-11-04 13:41:26,823] {logging_mixin.py:109} INFO - [2023-11-04 13:41:26,823] {providers_manager.py:154} WARNING - Exception when importing 'airflow.providers.google.cloud.hooks.compute_ssh.ComputeEngineSSHHook' from 'apache-airflow-providers-google' package: module 'pyparsing' has no attribute 'downcaseTokens'
[2023-11-04 13:41:26,873] {logging_mixin.py:109} INFO - [2023-11-04 13:41:26,873] {manager.py:496} INFO - Created Permission View: can read on DAG:example_trigger_controller_dag
[2023-11-04 13:41:26,888] {logging_mixin.py:109} INFO - [2023-11-04 13:41:26,888] {manager.py:496} INFO - Created Permission View: can edit on DAG:example_trigger_controller_dag
[2023-11-04 13:41:26,891] {logging_mixin.py:109} INFO - [2023-11-04 13:41:26,890] {dag.py:2398} INFO - Sync 1 DAGs
[2023-11-04 13:41:26,904] {logging_mixin.py:109} INFO - [2023-11-04 13:41:26,904] {dag.py:2417} INFO - Creating ORM DAG for example_trigger_controller_dag
[2023-11-04 13:41:26,919] {logging_mixin.py:109} INFO - [2023-11-04 13:41:26,919] {dag.py:2937} INFO - Setting next_dagrun for example_trigger_controller_dag to 2021-01-01T00:00:00+00:00
[2023-11-04 13:41:26,933] {processor.py:171} INFO - Processing /home/airflow/.local/lib/python3.8/site-packages/airflow/example_dags/example_trigger_controller_dag.py took 2.701 seconds
[2023-11-04 13:41:57,430] {processor.py:163} INFO - Started process (PID=307) to work on /home/airflow/.local/lib/python3.8/site-packages/airflow/example_dags/example_trigger_controller_dag.py
[2023-11-04 13:41:57,434] {processor.py:642} INFO - Processing file /home/airflow/.local/lib/python3.8/site-packages/airflow/example_dags/example_trigger_controller_dag.py for tasks to queue
[2023-11-04 13:41:57,437] {logging_mixin.py:109} INFO - [2023-11-04 13:41:57,436] {dagbag.py:500} INFO - Filling up the DagBag from /home/airflow/.local/lib/python3.8/site-packages/airflow/example_dags/example_trigger_controller_dag.py
[2023-11-04 13:41:57,504] {processor.py:654} INFO - DAG(s) dict_keys(['example_trigger_controller_dag']) retrieved from /home/airflow/.local/lib/python3.8/site-packages/airflow/example_dags/example_trigger_controller_dag.py
[2023-11-04 13:41:57,628] {logging_mixin.py:109} INFO - [2023-11-04 13:41:57,628] {dag.py:2398} INFO - Sync 1 DAGs
[2023-11-04 13:41:57,673] {logging_mixin.py:109} INFO - [2023-11-04 13:41:57,673] {dag.py:2937} INFO - Setting next_dagrun for example_trigger_controller_dag to 2021-01-01T00:00:00+00:00
[2023-11-04 13:41:57,702] {processor.py:171} INFO - Processing /home/airflow/.local/lib/python3.8/site-packages/airflow/example_dags/example_trigger_controller_dag.py took 0.280 seconds
[2023-11-04 13:42:27,913] {processor.py:163} INFO - Started process (PID=356) to work on /home/airflow/.local/lib/python3.8/site-packages/airflow/example_dags/example_trigger_controller_dag.py
[2023-11-04 13:42:27,917] {processor.py:642} INFO - Processing file /home/airflow/.local/lib/python3.8/site-packages/airflow/example_dags/example_trigger_controller_dag.py for tasks to queue
[2023-11-04 13:42:27,918] {logging_mixin.py:109} INFO - [2023-11-04 13:42:27,918] {dagbag.py:500} INFO - Filling up the DagBag from /home/airflow/.local/lib/python3.8/site-packages/airflow/example_dags/example_trigger_controller_dag.py
[2023-11-04 13:42:27,973] {processor.py:654} INFO - DAG(s) dict_keys(['example_trigger_controller_dag']) retrieved from /home/airflow/.local/lib/python3.8/site-packages/airflow/example_dags/example_trigger_controller_dag.py
[2023-11-04 13:42:27,988] {logging_mixin.py:109} INFO - [2023-11-04 13:42:27,988] {dag.py:2398} INFO - Sync 1 DAGs
[2023-11-04 13:42:28,017] {logging_mixin.py:109} INFO - [2023-11-04 13:42:28,017] {dag.py:2937} INFO - Setting next_dagrun for example_trigger_controller_dag to 2021-01-01T00:00:00+00:00
[2023-11-04 13:42:28,030] {processor.py:171} INFO - Processing /home/airflow/.local/lib/python3.8/site-packages/airflow/example_dags/example_trigger_controller_dag.py took 0.123 seconds
[2023-11-04 13:42:58,173] {processor.py:163} INFO - Started process (PID=405) to work on /home/airflow/.local/lib/python3.8/site-packages/airflow/example_dags/example_trigger_controller_dag.py
[2023-11-04 13:42:58,176] {processor.py:642} INFO - Processing file /home/airflow/.local/lib/python3.8/site-packages/airflow/example_dags/example_trigger_controller_dag.py for tasks to queue
[2023-11-04 13:42:58,177] {logging_mixin.py:109} INFO - [2023-11-04 13:42:58,177] {dagbag.py:500} INFO - Filling up the DagBag from /home/airflow/.local/lib/python3.8/site-packages/airflow/example_dags/example_trigger_controller_dag.py
[2023-11-04 13:42:58,242] {processor.py:654} INFO - DAG(s) dict_keys(['example_trigger_controller_dag']) retrieved from /home/airflow/.local/lib/python3.8/site-packages/airflow/example_dags/example_trigger_controller_dag.py
[2023-11-04 13:42:58,259] {logging_mixin.py:109} INFO - [2023-11-04 13:42:58,258] {dag.py:2398} INFO - Sync 1 DAGs
[2023-11-04 13:42:58,281] {logging_mixin.py:109} INFO - [2023-11-04 13:42:58,281] {dag.py:2937} INFO - Setting next_dagrun for example_trigger_controller_dag to 2021-01-01T00:00:00+00:00
[2023-11-04 13:42:58,298] {processor.py:171} INFO - Processing /home/airflow/.local/lib/python3.8/site-packages/airflow/example_dags/example_trigger_controller_dag.py took 0.132 seconds
[2023-11-04 13:43:28,747] {processor.py:163} INFO - Started process (PID=462) to work on /home/airflow/.local/lib/python3.8/site-packages/airflow/example_dags/example_trigger_controller_dag.py
[2023-11-04 13:43:28,749] {processor.py:642} INFO - Processing file /home/airflow/.local/lib/python3.8/site-packages/airflow/example_dags/example_trigger_controller_dag.py for tasks to queue
[2023-11-04 13:43:28,751] {logging_mixin.py:109} INFO - [2023-11-04 13:43:28,751] {dagbag.py:500} INFO - Filling up the DagBag from /home/airflow/.local/lib/python3.8/site-packages/airflow/example_dags/example_trigger_controller_dag.py
[2023-11-04 13:43:28,795] {processor.py:654} INFO - DAG(s) dict_keys(['example_trigger_controller_dag']) retrieved from /home/airflow/.local/lib/python3.8/site-packages/airflow/example_dags/example_trigger_controller_dag.py
[2023-11-04 13:43:28,811] {logging_mixin.py:109} INFO - [2023-11-04 13:43:28,811] {dag.py:2398} INFO - Sync 1 DAGs
[2023-11-04 13:43:28,831] {logging_mixin.py:109} INFO - [2023-11-04 13:43:28,831] {dag.py:2937} INFO - Setting next_dagrun for example_trigger_controller_dag to 2021-01-01T00:00:00+00:00
[2023-11-04 13:43:28,844] {processor.py:171} INFO - Processing /home/airflow/.local/lib/python3.8/site-packages/airflow/example_dags/example_trigger_controller_dag.py took 0.102 seconds
[2023-11-04 13:43:58,955] {processor.py:163} INFO - Started process (PID=511) to work on /home/airflow/.local/lib/python3.8/site-packages/airflow/example_dags/example_trigger_controller_dag.py
[2023-11-04 13:43:58,958] {processor.py:642} INFO - Processing file /home/airflow/.local/lib/python3.8/site-packages/airflow/example_dags/example_trigger_controller_dag.py for tasks to queue
[2023-11-04 13:43:58,959] {logging_mixin.py:109} INFO - [2023-11-04 13:43:58,959] {dagbag.py:500} INFO - Filling up the DagBag from /home/airflow/.local/lib/python3.8/site-packages/airflow/example_dags/example_trigger_controller_dag.py
[2023-11-04 13:43:59,001] {processor.py:654} INFO - DAG(s) dict_keys(['example_trigger_controller_dag']) retrieved from /home/airflow/.local/lib/python3.8/site-packages/airflow/example_dags/example_trigger_controller_dag.py
[2023-11-04 13:43:59,015] {logging_mixin.py:109} INFO - [2023-11-04 13:43:59,014] {dag.py:2398} INFO - Sync 1 DAGs
[2023-11-04 13:43:59,034] {logging_mixin.py:109} INFO - [2023-11-04 13:43:59,034] {dag.py:2937} INFO - Setting next_dagrun for example_trigger_controller_dag to 2021-01-01T00:00:00+00:00
[2023-11-04 13:43:59,045] {processor.py:171} INFO - Processing /home/airflow/.local/lib/python3.8/site-packages/airflow/example_dags/example_trigger_controller_dag.py took 0.095 seconds
[2023-11-04 13:59:20,389] {processor.py:163} INFO - Started process (PID=53) to work on /home/airflow/.local/lib/python3.8/site-packages/airflow/example_dags/example_trigger_controller_dag.py
[2023-11-04 13:59:20,392] {processor.py:642} INFO - Processing file /home/airflow/.local/lib/python3.8/site-packages/airflow/example_dags/example_trigger_controller_dag.py for tasks to queue
[2023-11-04 13:59:20,394] {logging_mixin.py:109} INFO - [2023-11-04 13:59:20,393] {dagbag.py:500} INFO - Filling up the DagBag from /home/airflow/.local/lib/python3.8/site-packages/airflow/example_dags/example_trigger_controller_dag.py
[2023-11-04 13:59:20,441] {processor.py:654} INFO - DAG(s) dict_keys(['example_trigger_controller_dag']) retrieved from /home/airflow/.local/lib/python3.8/site-packages/airflow/example_dags/example_trigger_controller_dag.py
[2023-11-04 13:59:20,456] {logging_mixin.py:109} INFO - [2023-11-04 13:59:20,456] {dag.py:2398} INFO - Sync 1 DAGs
[2023-11-04 13:59:20,475] {logging_mixin.py:109} INFO - [2023-11-04 13:59:20,475] {dag.py:2937} INFO - Setting next_dagrun for example_trigger_controller_dag to 2021-01-01T00:00:00+00:00
[2023-11-04 13:59:20,486] {processor.py:171} INFO - Processing /home/airflow/.local/lib/python3.8/site-packages/airflow/example_dags/example_trigger_controller_dag.py took 0.102 seconds
[2023-11-04 13:59:51,064] {processor.py:163} INFO - Started process (PID=101) to work on /home/airflow/.local/lib/python3.8/site-packages/airflow/example_dags/example_trigger_controller_dag.py
[2023-11-04 13:59:51,067] {processor.py:642} INFO - Processing file /home/airflow/.local/lib/python3.8/site-packages/airflow/example_dags/example_trigger_controller_dag.py for tasks to queue
[2023-11-04 13:59:51,068] {logging_mixin.py:109} INFO - [2023-11-04 13:59:51,068] {dagbag.py:500} INFO - Filling up the DagBag from /home/airflow/.local/lib/python3.8/site-packages/airflow/example_dags/example_trigger_controller_dag.py
[2023-11-04 13:59:51,112] {processor.py:654} INFO - DAG(s) dict_keys(['example_trigger_controller_dag']) retrieved from /home/airflow/.local/lib/python3.8/site-packages/airflow/example_dags/example_trigger_controller_dag.py
[2023-11-04 13:59:51,128] {logging_mixin.py:109} INFO - [2023-11-04 13:59:51,128] {dag.py:2398} INFO - Sync 1 DAGs
[2023-11-04 13:59:51,147] {logging_mixin.py:109} INFO - [2023-11-04 13:59:51,147] {dag.py:2937} INFO - Setting next_dagrun for example_trigger_controller_dag to 2021-01-01T00:00:00+00:00
[2023-11-04 13:59:51,159] {processor.py:171} INFO - Processing /home/airflow/.local/lib/python3.8/site-packages/airflow/example_dags/example_trigger_controller_dag.py took 0.100 seconds
[2023-11-04 14:00:21,790] {processor.py:163} INFO - Started process (PID=174) to work on /home/airflow/.local/lib/python3.8/site-packages/airflow/example_dags/example_trigger_controller_dag.py
[2023-11-04 14:00:21,794] {processor.py:642} INFO - Processing file /home/airflow/.local/lib/python3.8/site-packages/airflow/example_dags/example_trigger_controller_dag.py for tasks to queue
[2023-11-04 14:00:21,797] {logging_mixin.py:109} INFO - [2023-11-04 14:00:21,796] {dagbag.py:500} INFO - Filling up the DagBag from /home/airflow/.local/lib/python3.8/site-packages/airflow/example_dags/example_trigger_controller_dag.py
[2023-11-04 14:00:21,852] {processor.py:654} INFO - DAG(s) dict_keys(['example_trigger_controller_dag']) retrieved from /home/airflow/.local/lib/python3.8/site-packages/airflow/example_dags/example_trigger_controller_dag.py
[2023-11-04 14:00:21,869] {logging_mixin.py:109} INFO - [2023-11-04 14:00:21,869] {dag.py:2398} INFO - Sync 1 DAGs
[2023-11-04 14:00:21,893] {logging_mixin.py:109} INFO - [2023-11-04 14:00:21,893] {dag.py:2937} INFO - Setting next_dagrun for example_trigger_controller_dag to 2021-01-01T00:00:00+00:00
[2023-11-04 14:00:21,908] {processor.py:171} INFO - Processing /home/airflow/.local/lib/python3.8/site-packages/airflow/example_dags/example_trigger_controller_dag.py took 0.124 seconds
[2023-11-04 14:00:52,794] {processor.py:163} INFO - Started process (PID=223) to work on /home/airflow/.local/lib/python3.8/site-packages/airflow/example_dags/example_trigger_controller_dag.py
[2023-11-04 14:00:52,796] {processor.py:642} INFO - Processing file /home/airflow/.local/lib/python3.8/site-packages/airflow/example_dags/example_trigger_controller_dag.py for tasks to queue
[2023-11-04 14:00:52,797] {logging_mixin.py:109} INFO - [2023-11-04 14:00:52,797] {dagbag.py:500} INFO - Filling up the DagBag from /home/airflow/.local/lib/python3.8/site-packages/airflow/example_dags/example_trigger_controller_dag.py
[2023-11-04 14:00:52,840] {processor.py:654} INFO - DAG(s) dict_keys(['example_trigger_controller_dag']) retrieved from /home/airflow/.local/lib/python3.8/site-packages/airflow/example_dags/example_trigger_controller_dag.py
[2023-11-04 14:00:52,854] {logging_mixin.py:109} INFO - [2023-11-04 14:00:52,854] {dag.py:2398} INFO - Sync 1 DAGs
[2023-11-04 14:00:52,873] {logging_mixin.py:109} INFO - [2023-11-04 14:00:52,873] {dag.py:2937} INFO - Setting next_dagrun for example_trigger_controller_dag to 2021-01-01T00:00:00+00:00
[2023-11-04 14:00:52,884] {processor.py:171} INFO - Processing /home/airflow/.local/lib/python3.8/site-packages/airflow/example_dags/example_trigger_controller_dag.py took 0.095 seconds
[2023-11-04 14:01:22,991] {processor.py:163} INFO - Started process (PID=271) to work on /home/airflow/.local/lib/python3.8/site-packages/airflow/example_dags/example_trigger_controller_dag.py
[2023-11-04 14:01:22,994] {processor.py:642} INFO - Processing file /home/airflow/.local/lib/python3.8/site-packages/airflow/example_dags/example_trigger_controller_dag.py for tasks to queue
[2023-11-04 14:01:22,995] {logging_mixin.py:109} INFO - [2023-11-04 14:01:22,995] {dagbag.py:500} INFO - Filling up the DagBag from /home/airflow/.local/lib/python3.8/site-packages/airflow/example_dags/example_trigger_controller_dag.py
[2023-11-04 14:01:23,039] {processor.py:654} INFO - DAG(s) dict_keys(['example_trigger_controller_dag']) retrieved from /home/airflow/.local/lib/python3.8/site-packages/airflow/example_dags/example_trigger_controller_dag.py
[2023-11-04 14:01:23,053] {logging_mixin.py:109} INFO - [2023-11-04 14:01:23,053] {dag.py:2398} INFO - Sync 1 DAGs
[2023-11-04 14:01:23,072] {logging_mixin.py:109} INFO - [2023-11-04 14:01:23,072] {dag.py:2937} INFO - Setting next_dagrun for example_trigger_controller_dag to 2021-01-01T00:00:00+00:00
[2023-11-04 14:01:23,082] {processor.py:171} INFO - Processing /home/airflow/.local/lib/python3.8/site-packages/airflow/example_dags/example_trigger_controller_dag.py took 0.096 seconds
[2023-11-04 14:01:53,397] {processor.py:163} INFO - Started process (PID=328) to work on /home/airflow/.local/lib/python3.8/site-packages/airflow/example_dags/example_trigger_controller_dag.py
[2023-11-04 14:01:53,399] {processor.py:642} INFO - Processing file /home/airflow/.local/lib/python3.8/site-packages/airflow/example_dags/example_trigger_controller_dag.py for tasks to queue
[2023-11-04 14:01:53,401] {logging_mixin.py:109} INFO - [2023-11-04 14:01:53,401] {dagbag.py:500} INFO - Filling up the DagBag from /home/airflow/.local/lib/python3.8/site-packages/airflow/example_dags/example_trigger_controller_dag.py
[2023-11-04 14:01:53,442] {processor.py:654} INFO - DAG(s) dict_keys(['example_trigger_controller_dag']) retrieved from /home/airflow/.local/lib/python3.8/site-packages/airflow/example_dags/example_trigger_controller_dag.py
[2023-11-04 14:01:53,456] {logging_mixin.py:109} INFO - [2023-11-04 14:01:53,455] {dag.py:2398} INFO - Sync 1 DAGs
[2023-11-04 14:01:53,474] {logging_mixin.py:109} INFO - [2023-11-04 14:01:53,474] {dag.py:2937} INFO - Setting next_dagrun for example_trigger_controller_dag to 2021-01-01T00:00:00+00:00
[2023-11-04 14:01:53,492] {processor.py:171} INFO - Processing /home/airflow/.local/lib/python3.8/site-packages/airflow/example_dags/example_trigger_controller_dag.py took 0.100 seconds
[2023-11-04 14:02:24,328] {processor.py:163} INFO - Started process (PID=378) to work on /home/airflow/.local/lib/python3.8/site-packages/airflow/example_dags/example_trigger_controller_dag.py
[2023-11-04 14:02:24,332] {processor.py:642} INFO - Processing file /home/airflow/.local/lib/python3.8/site-packages/airflow/example_dags/example_trigger_controller_dag.py for tasks to queue
[2023-11-04 14:02:24,333] {logging_mixin.py:109} INFO - [2023-11-04 14:02:24,333] {dagbag.py:500} INFO - Filling up the DagBag from /home/airflow/.local/lib/python3.8/site-packages/airflow/example_dags/example_trigger_controller_dag.py
[2023-11-04 14:02:24,393] {processor.py:654} INFO - DAG(s) dict_keys(['example_trigger_controller_dag']) retrieved from /home/airflow/.local/lib/python3.8/site-packages/airflow/example_dags/example_trigger_controller_dag.py
[2023-11-04 14:02:24,504] {logging_mixin.py:109} INFO - [2023-11-04 14:02:24,504] {dag.py:2398} INFO - Sync 1 DAGs
[2023-11-04 14:02:24,544] {logging_mixin.py:109} INFO - [2023-11-04 14:02:24,544] {dag.py:2937} INFO - Setting next_dagrun for example_trigger_controller_dag to 2021-01-01T00:00:00+00:00
[2023-11-04 14:02:24,560] {processor.py:171} INFO - Processing /home/airflow/.local/lib/python3.8/site-packages/airflow/example_dags/example_trigger_controller_dag.py took 0.239 seconds
[2023-11-04 14:04:46,939] {processor.py:163} INFO - Started process (PID=48) to work on /home/airflow/.local/lib/python3.8/site-packages/airflow/example_dags/example_trigger_controller_dag.py
[2023-11-04 14:04:46,942] {processor.py:642} INFO - Processing file /home/airflow/.local/lib/python3.8/site-packages/airflow/example_dags/example_trigger_controller_dag.py for tasks to queue
[2023-11-04 14:04:46,944] {logging_mixin.py:109} INFO - [2023-11-04 14:04:46,944] {dagbag.py:500} INFO - Filling up the DagBag from /home/airflow/.local/lib/python3.8/site-packages/airflow/example_dags/example_trigger_controller_dag.py
[2023-11-04 14:04:47,000] {processor.py:654} INFO - DAG(s) dict_keys(['example_trigger_controller_dag']) retrieved from /home/airflow/.local/lib/python3.8/site-packages/airflow/example_dags/example_trigger_controller_dag.py
[2023-11-04 14:04:47,016] {logging_mixin.py:109} INFO - [2023-11-04 14:04:47,016] {dag.py:2398} INFO - Sync 1 DAGs
[2023-11-04 14:04:47,039] {logging_mixin.py:109} INFO - [2023-11-04 14:04:47,039] {dag.py:2937} INFO - Setting next_dagrun for example_trigger_controller_dag to 2021-01-01T00:00:00+00:00
[2023-11-04 14:04:47,053] {processor.py:171} INFO - Processing /home/airflow/.local/lib/python3.8/site-packages/airflow/example_dags/example_trigger_controller_dag.py took 0.120 seconds
[2023-11-04 14:05:17,298] {processor.py:163} INFO - Started process (PID=95) to work on /home/airflow/.local/lib/python3.8/site-packages/airflow/example_dags/example_trigger_controller_dag.py
[2023-11-04 14:05:17,301] {processor.py:642} INFO - Processing file /home/airflow/.local/lib/python3.8/site-packages/airflow/example_dags/example_trigger_controller_dag.py for tasks to queue
[2023-11-04 14:05:17,302] {logging_mixin.py:109} INFO - [2023-11-04 14:05:17,302] {dagbag.py:500} INFO - Filling up the DagBag from /home/airflow/.local/lib/python3.8/site-packages/airflow/example_dags/example_trigger_controller_dag.py
[2023-11-04 14:05:17,345] {processor.py:654} INFO - DAG(s) dict_keys(['example_trigger_controller_dag']) retrieved from /home/airflow/.local/lib/python3.8/site-packages/airflow/example_dags/example_trigger_controller_dag.py
[2023-11-04 14:05:17,358] {logging_mixin.py:109} INFO - [2023-11-04 14:05:17,358] {dag.py:2398} INFO - Sync 1 DAGs
[2023-11-04 14:05:17,378] {logging_mixin.py:109} INFO - [2023-11-04 14:05:17,378] {dag.py:2937} INFO - Setting next_dagrun for example_trigger_controller_dag to 2021-01-01T00:00:00+00:00
[2023-11-04 14:05:17,389] {processor.py:171} INFO - Processing /home/airflow/.local/lib/python3.8/site-packages/airflow/example_dags/example_trigger_controller_dag.py took 0.096 seconds
[2023-11-04 14:05:48,385] {processor.py:163} INFO - Started process (PID=152) to work on /home/airflow/.local/lib/python3.8/site-packages/airflow/example_dags/example_trigger_controller_dag.py
[2023-11-04 14:05:48,388] {processor.py:642} INFO - Processing file /home/airflow/.local/lib/python3.8/site-packages/airflow/example_dags/example_trigger_controller_dag.py for tasks to queue
[2023-11-04 14:05:48,389] {logging_mixin.py:109} INFO - [2023-11-04 14:05:48,389] {dagbag.py:500} INFO - Filling up the DagBag from /home/airflow/.local/lib/python3.8/site-packages/airflow/example_dags/example_trigger_controller_dag.py
[2023-11-04 14:05:48,433] {processor.py:654} INFO - DAG(s) dict_keys(['example_trigger_controller_dag']) retrieved from /home/airflow/.local/lib/python3.8/site-packages/airflow/example_dags/example_trigger_controller_dag.py
[2023-11-04 14:05:48,464] {logging_mixin.py:109} INFO - [2023-11-04 14:05:48,463] {dag.py:2398} INFO - Sync 1 DAGs
[2023-11-04 14:05:48,484] {logging_mixin.py:109} INFO - [2023-11-04 14:05:48,484] {dag.py:2937} INFO - Setting next_dagrun for example_trigger_controller_dag to 2021-01-01T00:00:00+00:00
[2023-11-04 14:05:48,497] {processor.py:171} INFO - Processing /home/airflow/.local/lib/python3.8/site-packages/airflow/example_dags/example_trigger_controller_dag.py took 0.117 seconds
[2023-11-04 14:06:19,758] {processor.py:163} INFO - Started process (PID=201) to work on /home/airflow/.local/lib/python3.8/site-packages/airflow/example_dags/example_trigger_controller_dag.py
[2023-11-04 14:06:19,761] {processor.py:642} INFO - Processing file /home/airflow/.local/lib/python3.8/site-packages/airflow/example_dags/example_trigger_controller_dag.py for tasks to queue
[2023-11-04 14:06:19,763] {logging_mixin.py:109} INFO - [2023-11-04 14:06:19,763] {dagbag.py:500} INFO - Filling up the DagBag from /home/airflow/.local/lib/python3.8/site-packages/airflow/example_dags/example_trigger_controller_dag.py
[2023-11-04 14:06:19,807] {processor.py:654} INFO - DAG(s) dict_keys(['example_trigger_controller_dag']) retrieved from /home/airflow/.local/lib/python3.8/site-packages/airflow/example_dags/example_trigger_controller_dag.py
[2023-11-04 14:06:19,824] {logging_mixin.py:109} INFO - [2023-11-04 14:06:19,824] {dag.py:2398} INFO - Sync 1 DAGs
[2023-11-04 14:06:19,868] {logging_mixin.py:109} INFO - [2023-11-04 14:06:19,868] {dag.py:2937} INFO - Setting next_dagrun for example_trigger_controller_dag to 2021-01-01T00:00:00+00:00
[2023-11-04 14:06:19,882] {processor.py:171} INFO - Processing /home/airflow/.local/lib/python3.8/site-packages/airflow/example_dags/example_trigger_controller_dag.py took 0.129 seconds
[2023-11-04 14:06:50,341] {processor.py:163} INFO - Started process (PID=258) to work on /home/airflow/.local/lib/python3.8/site-packages/airflow/example_dags/example_trigger_controller_dag.py
[2023-11-04 14:06:50,343] {processor.py:642} INFO - Processing file /home/airflow/.local/lib/python3.8/site-packages/airflow/example_dags/example_trigger_controller_dag.py for tasks to queue
[2023-11-04 14:06:50,345] {logging_mixin.py:109} INFO - [2023-11-04 14:06:50,345] {dagbag.py:500} INFO - Filling up the DagBag from /home/airflow/.local/lib/python3.8/site-packages/airflow/example_dags/example_trigger_controller_dag.py
[2023-11-04 14:06:50,395] {processor.py:654} INFO - DAG(s) dict_keys(['example_trigger_controller_dag']) retrieved from /home/airflow/.local/lib/python3.8/site-packages/airflow/example_dags/example_trigger_controller_dag.py
[2023-11-04 14:06:50,410] {logging_mixin.py:109} INFO - [2023-11-04 14:06:50,410] {dag.py:2398} INFO - Sync 1 DAGs
[2023-11-04 14:06:50,430] {logging_mixin.py:109} INFO - [2023-11-04 14:06:50,430] {dag.py:2937} INFO - Setting next_dagrun for example_trigger_controller_dag to 2021-01-01T00:00:00+00:00
[2023-11-04 14:06:50,442] {processor.py:171} INFO - Processing /home/airflow/.local/lib/python3.8/site-packages/airflow/example_dags/example_trigger_controller_dag.py took 0.107 seconds
[2023-11-04 14:07:20,731] {processor.py:163} INFO - Started process (PID=307) to work on /home/airflow/.local/lib/python3.8/site-packages/airflow/example_dags/example_trigger_controller_dag.py
[2023-11-04 14:07:20,734] {processor.py:642} INFO - Processing file /home/airflow/.local/lib/python3.8/site-packages/airflow/example_dags/example_trigger_controller_dag.py for tasks to queue
[2023-11-04 14:07:20,735] {logging_mixin.py:109} INFO - [2023-11-04 14:07:20,735] {dagbag.py:500} INFO - Filling up the DagBag from /home/airflow/.local/lib/python3.8/site-packages/airflow/example_dags/example_trigger_controller_dag.py
[2023-11-04 14:07:20,783] {processor.py:654} INFO - DAG(s) dict_keys(['example_trigger_controller_dag']) retrieved from /home/airflow/.local/lib/python3.8/site-packages/airflow/example_dags/example_trigger_controller_dag.py
[2023-11-04 14:07:20,799] {logging_mixin.py:109} INFO - [2023-11-04 14:07:20,799] {dag.py:2398} INFO - Sync 1 DAGs
[2023-11-04 14:07:20,819] {logging_mixin.py:109} INFO - [2023-11-04 14:07:20,819] {dag.py:2937} INFO - Setting next_dagrun for example_trigger_controller_dag to 2021-01-01T00:00:00+00:00
[2023-11-04 14:07:20,832] {processor.py:171} INFO - Processing /home/airflow/.local/lib/python3.8/site-packages/airflow/example_dags/example_trigger_controller_dag.py took 0.106 seconds
[2023-11-04 14:07:51,532] {processor.py:163} INFO - Started process (PID=356) to work on /home/airflow/.local/lib/python3.8/site-packages/airflow/example_dags/example_trigger_controller_dag.py
[2023-11-04 14:07:51,534] {processor.py:642} INFO - Processing file /home/airflow/.local/lib/python3.8/site-packages/airflow/example_dags/example_trigger_controller_dag.py for tasks to queue
[2023-11-04 14:07:51,535] {logging_mixin.py:109} INFO - [2023-11-04 14:07:51,535] {dagbag.py:500} INFO - Filling up the DagBag from /home/airflow/.local/lib/python3.8/site-packages/airflow/example_dags/example_trigger_controller_dag.py
[2023-11-04 14:07:51,577] {processor.py:654} INFO - DAG(s) dict_keys(['example_trigger_controller_dag']) retrieved from /home/airflow/.local/lib/python3.8/site-packages/airflow/example_dags/example_trigger_controller_dag.py
[2023-11-04 14:07:51,590] {logging_mixin.py:109} INFO - [2023-11-04 14:07:51,590] {dag.py:2398} INFO - Sync 1 DAGs
[2023-11-04 14:07:51,609] {logging_mixin.py:109} INFO - [2023-11-04 14:07:51,609] {dag.py:2937} INFO - Setting next_dagrun for example_trigger_controller_dag to 2021-01-01T00:00:00+00:00
[2023-11-04 14:07:51,620] {processor.py:171} INFO - Processing /home/airflow/.local/lib/python3.8/site-packages/airflow/example_dags/example_trigger_controller_dag.py took 0.093 seconds
[2023-11-04 14:08:22,801] {processor.py:163} INFO - Started process (PID=413) to work on /home/airflow/.local/lib/python3.8/site-packages/airflow/example_dags/example_trigger_controller_dag.py
[2023-11-04 14:08:22,804] {processor.py:642} INFO - Processing file /home/airflow/.local/lib/python3.8/site-packages/airflow/example_dags/example_trigger_controller_dag.py for tasks to queue
[2023-11-04 14:08:22,805] {logging_mixin.py:109} INFO - [2023-11-04 14:08:22,805] {dagbag.py:500} INFO - Filling up the DagBag from /home/airflow/.local/lib/python3.8/site-packages/airflow/example_dags/example_trigger_controller_dag.py
[2023-11-04 14:08:22,847] {processor.py:654} INFO - DAG(s) dict_keys(['example_trigger_controller_dag']) retrieved from /home/airflow/.local/lib/python3.8/site-packages/airflow/example_dags/example_trigger_controller_dag.py
[2023-11-04 14:08:22,861] {logging_mixin.py:109} INFO - [2023-11-04 14:08:22,861] {dag.py:2398} INFO - Sync 1 DAGs
[2023-11-04 14:08:22,880] {logging_mixin.py:109} INFO - [2023-11-04 14:08:22,880] {dag.py:2937} INFO - Setting next_dagrun for example_trigger_controller_dag to 2021-01-01T00:00:00+00:00
[2023-11-04 14:08:22,891] {processor.py:171} INFO - Processing /home/airflow/.local/lib/python3.8/site-packages/airflow/example_dags/example_trigger_controller_dag.py took 0.096 seconds
[2023-11-04 14:08:53,236] {processor.py:163} INFO - Started process (PID=462) to work on /home/airflow/.local/lib/python3.8/site-packages/airflow/example_dags/example_trigger_controller_dag.py
[2023-11-04 14:08:53,239] {processor.py:642} INFO - Processing file /home/airflow/.local/lib/python3.8/site-packages/airflow/example_dags/example_trigger_controller_dag.py for tasks to queue
[2023-11-04 14:08:53,241] {logging_mixin.py:109} INFO - [2023-11-04 14:08:53,240] {dagbag.py:500} INFO - Filling up the DagBag from /home/airflow/.local/lib/python3.8/site-packages/airflow/example_dags/example_trigger_controller_dag.py
[2023-11-04 14:08:53,290] {processor.py:654} INFO - DAG(s) dict_keys(['example_trigger_controller_dag']) retrieved from /home/airflow/.local/lib/python3.8/site-packages/airflow/example_dags/example_trigger_controller_dag.py
[2023-11-04 14:08:53,307] {logging_mixin.py:109} INFO - [2023-11-04 14:08:53,307] {dag.py:2398} INFO - Sync 1 DAGs
[2023-11-04 14:08:53,331] {logging_mixin.py:109} INFO - [2023-11-04 14:08:53,331] {dag.py:2937} INFO - Setting next_dagrun for example_trigger_controller_dag to 2021-01-01T00:00:00+00:00
[2023-11-04 14:08:53,345] {processor.py:171} INFO - Processing /home/airflow/.local/lib/python3.8/site-packages/airflow/example_dags/example_trigger_controller_dag.py took 0.115 seconds
[2023-11-04 14:09:23,421] {processor.py:163} INFO - Started process (PID=519) to work on /home/airflow/.local/lib/python3.8/site-packages/airflow/example_dags/example_trigger_controller_dag.py
[2023-11-04 14:09:23,424] {processor.py:642} INFO - Processing file /home/airflow/.local/lib/python3.8/site-packages/airflow/example_dags/example_trigger_controller_dag.py for tasks to queue
[2023-11-04 14:09:23,425] {logging_mixin.py:109} INFO - [2023-11-04 14:09:23,425] {dagbag.py:500} INFO - Filling up the DagBag from /home/airflow/.local/lib/python3.8/site-packages/airflow/example_dags/example_trigger_controller_dag.py
[2023-11-04 14:09:23,474] {processor.py:654} INFO - DAG(s) dict_keys(['example_trigger_controller_dag']) retrieved from /home/airflow/.local/lib/python3.8/site-packages/airflow/example_dags/example_trigger_controller_dag.py
[2023-11-04 14:09:23,488] {logging_mixin.py:109} INFO - [2023-11-04 14:09:23,488] {dag.py:2398} INFO - Sync 1 DAGs
[2023-11-04 14:09:23,508] {logging_mixin.py:109} INFO - [2023-11-04 14:09:23,508] {dag.py:2937} INFO - Setting next_dagrun for example_trigger_controller_dag to 2021-01-01T00:00:00+00:00
[2023-11-04 14:09:23,520] {processor.py:171} INFO - Processing /home/airflow/.local/lib/python3.8/site-packages/airflow/example_dags/example_trigger_controller_dag.py took 0.105 seconds
[2023-11-04 14:09:54,656] {processor.py:163} INFO - Started process (PID=568) to work on /home/airflow/.local/lib/python3.8/site-packages/airflow/example_dags/example_trigger_controller_dag.py
[2023-11-04 14:09:54,658] {processor.py:642} INFO - Processing file /home/airflow/.local/lib/python3.8/site-packages/airflow/example_dags/example_trigger_controller_dag.py for tasks to queue
[2023-11-04 14:09:54,660] {logging_mixin.py:109} INFO - [2023-11-04 14:09:54,660] {dagbag.py:500} INFO - Filling up the DagBag from /home/airflow/.local/lib/python3.8/site-packages/airflow/example_dags/example_trigger_controller_dag.py
[2023-11-04 14:09:54,701] {processor.py:654} INFO - DAG(s) dict_keys(['example_trigger_controller_dag']) retrieved from /home/airflow/.local/lib/python3.8/site-packages/airflow/example_dags/example_trigger_controller_dag.py
[2023-11-04 14:09:54,714] {logging_mixin.py:109} INFO - [2023-11-04 14:09:54,714] {dag.py:2398} INFO - Sync 1 DAGs
[2023-11-04 14:09:54,734] {logging_mixin.py:109} INFO - [2023-11-04 14:09:54,733] {dag.py:2937} INFO - Setting next_dagrun for example_trigger_controller_dag to 2021-01-01T00:00:00+00:00
[2023-11-04 14:09:54,744] {processor.py:171} INFO - Processing /home/airflow/.local/lib/python3.8/site-packages/airflow/example_dags/example_trigger_controller_dag.py took 0.093 seconds
[2023-11-04 14:10:25,864] {processor.py:163} INFO - Started process (PID=617) to work on /home/airflow/.local/lib/python3.8/site-packages/airflow/example_dags/example_trigger_controller_dag.py
[2023-11-04 14:10:25,867] {processor.py:642} INFO - Processing file /home/airflow/.local/lib/python3.8/site-packages/airflow/example_dags/example_trigger_controller_dag.py for tasks to queue
[2023-11-04 14:10:25,868] {logging_mixin.py:109} INFO - [2023-11-04 14:10:25,868] {dagbag.py:500} INFO - Filling up the DagBag from /home/airflow/.local/lib/python3.8/site-packages/airflow/example_dags/example_trigger_controller_dag.py
[2023-11-04 14:10:25,910] {processor.py:654} INFO - DAG(s) dict_keys(['example_trigger_controller_dag']) retrieved from /home/airflow/.local/lib/python3.8/site-packages/airflow/example_dags/example_trigger_controller_dag.py
[2023-11-04 14:10:25,924] {logging_mixin.py:109} INFO - [2023-11-04 14:10:25,924] {dag.py:2398} INFO - Sync 1 DAGs
[2023-11-04 14:10:25,943] {logging_mixin.py:109} INFO - [2023-11-04 14:10:25,943] {dag.py:2937} INFO - Setting next_dagrun for example_trigger_controller_dag to 2021-01-01T00:00:00+00:00
[2023-11-04 14:10:25,955] {processor.py:171} INFO - Processing /home/airflow/.local/lib/python3.8/site-packages/airflow/example_dags/example_trigger_controller_dag.py took 0.096 seconds
[2023-11-04 14:11:49,974] {processor.py:163} INFO - Started process (PID=49) to work on /home/airflow/.local/lib/python3.8/site-packages/airflow/example_dags/example_trigger_controller_dag.py
[2023-11-04 14:11:49,979] {processor.py:642} INFO - Processing file /home/airflow/.local/lib/python3.8/site-packages/airflow/example_dags/example_trigger_controller_dag.py for tasks to queue
[2023-11-04 14:11:49,982] {logging_mixin.py:109} INFO - [2023-11-04 14:11:49,982] {dagbag.py:500} INFO - Filling up the DagBag from /home/airflow/.local/lib/python3.8/site-packages/airflow/example_dags/example_trigger_controller_dag.py
[2023-11-04 14:11:50,038] {processor.py:654} INFO - DAG(s) dict_keys(['example_trigger_controller_dag']) retrieved from /home/airflow/.local/lib/python3.8/site-packages/airflow/example_dags/example_trigger_controller_dag.py
[2023-11-04 14:11:50,055] {logging_mixin.py:109} INFO - [2023-11-04 14:11:50,055] {dag.py:2398} INFO - Sync 1 DAGs
[2023-11-04 14:11:50,078] {logging_mixin.py:109} INFO - [2023-11-04 14:11:50,078] {dag.py:2937} INFO - Setting next_dagrun for example_trigger_controller_dag to 2021-01-01T00:00:00+00:00
[2023-11-04 14:11:50,096] {processor.py:171} INFO - Processing /home/airflow/.local/lib/python3.8/site-packages/airflow/example_dags/example_trigger_controller_dag.py took 0.129 seconds
[2023-11-04 14:12:20,560] {processor.py:163} INFO - Started process (PID=96) to work on /home/airflow/.local/lib/python3.8/site-packages/airflow/example_dags/example_trigger_controller_dag.py
[2023-11-04 14:12:20,562] {processor.py:642} INFO - Processing file /home/airflow/.local/lib/python3.8/site-packages/airflow/example_dags/example_trigger_controller_dag.py for tasks to queue
[2023-11-04 14:12:20,564] {logging_mixin.py:109} INFO - [2023-11-04 14:12:20,564] {dagbag.py:500} INFO - Filling up the DagBag from /home/airflow/.local/lib/python3.8/site-packages/airflow/example_dags/example_trigger_controller_dag.py
[2023-11-04 14:12:20,611] {processor.py:654} INFO - DAG(s) dict_keys(['example_trigger_controller_dag']) retrieved from /home/airflow/.local/lib/python3.8/site-packages/airflow/example_dags/example_trigger_controller_dag.py
[2023-11-04 14:12:20,627] {logging_mixin.py:109} INFO - [2023-11-04 14:12:20,626] {dag.py:2398} INFO - Sync 1 DAGs
[2023-11-04 14:12:20,651] {logging_mixin.py:109} INFO - [2023-11-04 14:12:20,651] {dag.py:2937} INFO - Setting next_dagrun for example_trigger_controller_dag to 2021-01-01T00:00:00+00:00
[2023-11-04 14:12:20,665] {processor.py:171} INFO - Processing /home/airflow/.local/lib/python3.8/site-packages/airflow/example_dags/example_trigger_controller_dag.py took 0.112 seconds
[2023-11-04 14:12:51,908] {processor.py:163} INFO - Started process (PID=153) to work on /home/airflow/.local/lib/python3.8/site-packages/airflow/example_dags/example_trigger_controller_dag.py
[2023-11-04 14:12:51,911] {processor.py:642} INFO - Processing file /home/airflow/.local/lib/python3.8/site-packages/airflow/example_dags/example_trigger_controller_dag.py for tasks to queue
[2023-11-04 14:12:51,912] {logging_mixin.py:109} INFO - [2023-11-04 14:12:51,912] {dagbag.py:500} INFO - Filling up the DagBag from /home/airflow/.local/lib/python3.8/site-packages/airflow/example_dags/example_trigger_controller_dag.py
[2023-11-04 14:12:51,954] {processor.py:654} INFO - DAG(s) dict_keys(['example_trigger_controller_dag']) retrieved from /home/airflow/.local/lib/python3.8/site-packages/airflow/example_dags/example_trigger_controller_dag.py
[2023-11-04 14:12:51,968] {logging_mixin.py:109} INFO - [2023-11-04 14:12:51,968] {dag.py:2398} INFO - Sync 1 DAGs
[2023-11-04 14:12:51,991] {logging_mixin.py:109} INFO - [2023-11-04 14:12:51,991] {dag.py:2937} INFO - Setting next_dagrun for example_trigger_controller_dag to 2021-01-01T00:00:00+00:00
[2023-11-04 14:12:52,001] {processor.py:171} INFO - Processing /home/airflow/.local/lib/python3.8/site-packages/airflow/example_dags/example_trigger_controller_dag.py took 0.097 seconds
[2023-11-04 14:13:22,189] {processor.py:163} INFO - Started process (PID=202) to work on /home/airflow/.local/lib/python3.8/site-packages/airflow/example_dags/example_trigger_controller_dag.py
[2023-11-04 14:13:22,193] {processor.py:642} INFO - Processing file /home/airflow/.local/lib/python3.8/site-packages/airflow/example_dags/example_trigger_controller_dag.py for tasks to queue
[2023-11-04 14:13:22,195] {logging_mixin.py:109} INFO - [2023-11-04 14:13:22,195] {dagbag.py:500} INFO - Filling up the DagBag from /home/airflow/.local/lib/python3.8/site-packages/airflow/example_dags/example_trigger_controller_dag.py
[2023-11-04 14:13:22,239] {processor.py:654} INFO - DAG(s) dict_keys(['example_trigger_controller_dag']) retrieved from /home/airflow/.local/lib/python3.8/site-packages/airflow/example_dags/example_trigger_controller_dag.py
[2023-11-04 14:13:22,259] {logging_mixin.py:109} INFO - [2023-11-04 14:13:22,259] {dag.py:2398} INFO - Sync 1 DAGs
[2023-11-04 14:13:22,287] {logging_mixin.py:109} INFO - [2023-11-04 14:13:22,286] {dag.py:2937} INFO - Setting next_dagrun for example_trigger_controller_dag to 2021-01-01T00:00:00+00:00
[2023-11-04 14:13:22,301] {processor.py:171} INFO - Processing /home/airflow/.local/lib/python3.8/site-packages/airflow/example_dags/example_trigger_controller_dag.py took 0.117 seconds
[2023-11-04 14:13:52,796] {processor.py:163} INFO - Started process (PID=260) to work on /home/airflow/.local/lib/python3.8/site-packages/airflow/example_dags/example_trigger_controller_dag.py
[2023-11-04 14:13:52,799] {processor.py:642} INFO - Processing file /home/airflow/.local/lib/python3.8/site-packages/airflow/example_dags/example_trigger_controller_dag.py for tasks to queue
[2023-11-04 14:13:52,800] {logging_mixin.py:109} INFO - [2023-11-04 14:13:52,800] {dagbag.py:500} INFO - Filling up the DagBag from /home/airflow/.local/lib/python3.8/site-packages/airflow/example_dags/example_trigger_controller_dag.py
[2023-11-04 14:13:52,854] {processor.py:654} INFO - DAG(s) dict_keys(['example_trigger_controller_dag']) retrieved from /home/airflow/.local/lib/python3.8/site-packages/airflow/example_dags/example_trigger_controller_dag.py
[2023-11-04 14:13:52,870] {logging_mixin.py:109} INFO - [2023-11-04 14:13:52,870] {dag.py:2398} INFO - Sync 1 DAGs
[2023-11-04 14:13:52,890] {logging_mixin.py:109} INFO - [2023-11-04 14:13:52,890] {dag.py:2937} INFO - Setting next_dagrun for example_trigger_controller_dag to 2021-01-01T00:00:00+00:00
[2023-11-04 14:13:52,901] {processor.py:171} INFO - Processing /home/airflow/.local/lib/python3.8/site-packages/airflow/example_dags/example_trigger_controller_dag.py took 0.112 seconds
[2023-11-04 14:14:23,397] {processor.py:163} INFO - Started process (PID=309) to work on /home/airflow/.local/lib/python3.8/site-packages/airflow/example_dags/example_trigger_controller_dag.py
[2023-11-04 14:14:23,400] {processor.py:642} INFO - Processing file /home/airflow/.local/lib/python3.8/site-packages/airflow/example_dags/example_trigger_controller_dag.py for tasks to queue
[2023-11-04 14:14:23,402] {logging_mixin.py:109} INFO - [2023-11-04 14:14:23,401] {dagbag.py:500} INFO - Filling up the DagBag from /home/airflow/.local/lib/python3.8/site-packages/airflow/example_dags/example_trigger_controller_dag.py
[2023-11-04 14:14:23,452] {processor.py:654} INFO - DAG(s) dict_keys(['example_trigger_controller_dag']) retrieved from /home/airflow/.local/lib/python3.8/site-packages/airflow/example_dags/example_trigger_controller_dag.py
[2023-11-04 14:14:23,469] {logging_mixin.py:109} INFO - [2023-11-04 14:14:23,469] {dag.py:2398} INFO - Sync 1 DAGs
[2023-11-04 14:14:23,495] {logging_mixin.py:109} INFO - [2023-11-04 14:14:23,495] {dag.py:2937} INFO - Setting next_dagrun for example_trigger_controller_dag to 2021-01-01T00:00:00+00:00
[2023-11-04 14:14:23,508] {processor.py:171} INFO - Processing /home/airflow/.local/lib/python3.8/site-packages/airflow/example_dags/example_trigger_controller_dag.py took 0.116 seconds
[2023-11-04 14:14:54,317] {processor.py:163} INFO - Started process (PID=359) to work on /home/airflow/.local/lib/python3.8/site-packages/airflow/example_dags/example_trigger_controller_dag.py
[2023-11-04 14:14:54,337] {processor.py:642} INFO - Processing file /home/airflow/.local/lib/python3.8/site-packages/airflow/example_dags/example_trigger_controller_dag.py for tasks to queue
[2023-11-04 14:14:54,342] {logging_mixin.py:109} INFO - [2023-11-04 14:14:54,342] {dagbag.py:500} INFO - Filling up the DagBag from /home/airflow/.local/lib/python3.8/site-packages/airflow/example_dags/example_trigger_controller_dag.py
[2023-11-04 14:14:54,390] {processor.py:654} INFO - DAG(s) dict_keys(['example_trigger_controller_dag']) retrieved from /home/airflow/.local/lib/python3.8/site-packages/airflow/example_dags/example_trigger_controller_dag.py
[2023-11-04 14:14:54,404] {logging_mixin.py:109} INFO - [2023-11-04 14:14:54,404] {dag.py:2398} INFO - Sync 1 DAGs
[2023-11-04 14:14:54,424] {logging_mixin.py:109} INFO - [2023-11-04 14:14:54,424] {dag.py:2937} INFO - Setting next_dagrun for example_trigger_controller_dag to 2021-01-01T00:00:00+00:00
[2023-11-04 14:14:54,436] {processor.py:171} INFO - Processing /home/airflow/.local/lib/python3.8/site-packages/airflow/example_dags/example_trigger_controller_dag.py took 0.124 seconds
[2023-11-04 14:15:24,937] {processor.py:163} INFO - Started process (PID=416) to work on /home/airflow/.local/lib/python3.8/site-packages/airflow/example_dags/example_trigger_controller_dag.py
[2023-11-04 14:15:24,940] {processor.py:642} INFO - Processing file /home/airflow/.local/lib/python3.8/site-packages/airflow/example_dags/example_trigger_controller_dag.py for tasks to queue
[2023-11-04 14:15:24,942] {logging_mixin.py:109} INFO - [2023-11-04 14:15:24,941] {dagbag.py:500} INFO - Filling up the DagBag from /home/airflow/.local/lib/python3.8/site-packages/airflow/example_dags/example_trigger_controller_dag.py
[2023-11-04 14:15:25,010] {processor.py:654} INFO - DAG(s) dict_keys(['example_trigger_controller_dag']) retrieved from /home/airflow/.local/lib/python3.8/site-packages/airflow/example_dags/example_trigger_controller_dag.py
[2023-11-04 14:15:25,033] {logging_mixin.py:109} INFO - [2023-11-04 14:15:25,033] {dag.py:2398} INFO - Sync 1 DAGs
[2023-11-04 14:15:25,064] {logging_mixin.py:109} INFO - [2023-11-04 14:15:25,064] {dag.py:2937} INFO - Setting next_dagrun for example_trigger_controller_dag to 2021-01-01T00:00:00+00:00
[2023-11-04 14:15:25,081] {processor.py:171} INFO - Processing /home/airflow/.local/lib/python3.8/site-packages/airflow/example_dags/example_trigger_controller_dag.py took 0.150 seconds
[2023-11-04 14:15:55,313] {processor.py:163} INFO - Started process (PID=464) to work on /home/airflow/.local/lib/python3.8/site-packages/airflow/example_dags/example_trigger_controller_dag.py
[2023-11-04 14:15:55,316] {processor.py:642} INFO - Processing file /home/airflow/.local/lib/python3.8/site-packages/airflow/example_dags/example_trigger_controller_dag.py for tasks to queue
[2023-11-04 14:15:55,318] {logging_mixin.py:109} INFO - [2023-11-04 14:15:55,318] {dagbag.py:500} INFO - Filling up the DagBag from /home/airflow/.local/lib/python3.8/site-packages/airflow/example_dags/example_trigger_controller_dag.py
[2023-11-04 14:15:55,361] {processor.py:654} INFO - DAG(s) dict_keys(['example_trigger_controller_dag']) retrieved from /home/airflow/.local/lib/python3.8/site-packages/airflow/example_dags/example_trigger_controller_dag.py
[2023-11-04 14:15:55,375] {logging_mixin.py:109} INFO - [2023-11-04 14:15:55,375] {dag.py:2398} INFO - Sync 1 DAGs
[2023-11-04 14:15:55,396] {logging_mixin.py:109} INFO - [2023-11-04 14:15:55,396] {dag.py:2937} INFO - Setting next_dagrun for example_trigger_controller_dag to 2021-01-01T00:00:00+00:00
[2023-11-04 14:15:55,407] {processor.py:171} INFO - Processing /home/airflow/.local/lib/python3.8/site-packages/airflow/example_dags/example_trigger_controller_dag.py took 0.099 seconds
[2023-11-04 14:16:26,343] {processor.py:163} INFO - Started process (PID=513) to work on /home/airflow/.local/lib/python3.8/site-packages/airflow/example_dags/example_trigger_controller_dag.py
[2023-11-04 14:16:26,345] {processor.py:642} INFO - Processing file /home/airflow/.local/lib/python3.8/site-packages/airflow/example_dags/example_trigger_controller_dag.py for tasks to queue
[2023-11-04 14:16:26,347] {logging_mixin.py:109} INFO - [2023-11-04 14:16:26,347] {dagbag.py:500} INFO - Filling up the DagBag from /home/airflow/.local/lib/python3.8/site-packages/airflow/example_dags/example_trigger_controller_dag.py
[2023-11-04 14:16:26,396] {processor.py:654} INFO - DAG(s) dict_keys(['example_trigger_controller_dag']) retrieved from /home/airflow/.local/lib/python3.8/site-packages/airflow/example_dags/example_trigger_controller_dag.py
[2023-11-04 14:16:26,411] {logging_mixin.py:109} INFO - [2023-11-04 14:16:26,411] {dag.py:2398} INFO - Sync 1 DAGs
[2023-11-04 14:16:26,441] {logging_mixin.py:109} INFO - [2023-11-04 14:16:26,440] {dag.py:2937} INFO - Setting next_dagrun for example_trigger_controller_dag to 2021-01-01T00:00:00+00:00
[2023-11-04 14:16:26,462] {processor.py:171} INFO - Processing /home/airflow/.local/lib/python3.8/site-packages/airflow/example_dags/example_trigger_controller_dag.py took 0.124 seconds
[2023-11-04 14:16:57,165] {processor.py:163} INFO - Started process (PID=570) to work on /home/airflow/.local/lib/python3.8/site-packages/airflow/example_dags/example_trigger_controller_dag.py
[2023-11-04 14:16:57,168] {processor.py:642} INFO - Processing file /home/airflow/.local/lib/python3.8/site-packages/airflow/example_dags/example_trigger_controller_dag.py for tasks to queue
[2023-11-04 14:16:57,170] {logging_mixin.py:109} INFO - [2023-11-04 14:16:57,169] {dagbag.py:500} INFO - Filling up the DagBag from /home/airflow/.local/lib/python3.8/site-packages/airflow/example_dags/example_trigger_controller_dag.py
[2023-11-04 14:16:57,229] {processor.py:654} INFO - DAG(s) dict_keys(['example_trigger_controller_dag']) retrieved from /home/airflow/.local/lib/python3.8/site-packages/airflow/example_dags/example_trigger_controller_dag.py
[2023-11-04 14:16:57,242] {logging_mixin.py:109} INFO - [2023-11-04 14:16:57,242] {dag.py:2398} INFO - Sync 1 DAGs
[2023-11-04 14:16:57,262] {logging_mixin.py:109} INFO - [2023-11-04 14:16:57,262] {dag.py:2937} INFO - Setting next_dagrun for example_trigger_controller_dag to 2021-01-01T00:00:00+00:00
[2023-11-04 14:16:57,274] {processor.py:171} INFO - Processing /home/airflow/.local/lib/python3.8/site-packages/airflow/example_dags/example_trigger_controller_dag.py took 0.116 seconds
[2023-11-04 14:17:27,577] {processor.py:163} INFO - Started process (PID=619) to work on /home/airflow/.local/lib/python3.8/site-packages/airflow/example_dags/example_trigger_controller_dag.py
[2023-11-04 14:17:27,580] {processor.py:642} INFO - Processing file /home/airflow/.local/lib/python3.8/site-packages/airflow/example_dags/example_trigger_controller_dag.py for tasks to queue
[2023-11-04 14:17:27,581] {logging_mixin.py:109} INFO - [2023-11-04 14:17:27,581] {dagbag.py:500} INFO - Filling up the DagBag from /home/airflow/.local/lib/python3.8/site-packages/airflow/example_dags/example_trigger_controller_dag.py
[2023-11-04 14:17:27,629] {processor.py:654} INFO - DAG(s) dict_keys(['example_trigger_controller_dag']) retrieved from /home/airflow/.local/lib/python3.8/site-packages/airflow/example_dags/example_trigger_controller_dag.py
[2023-11-04 14:17:27,655] {logging_mixin.py:109} INFO - [2023-11-04 14:17:27,655] {dag.py:2398} INFO - Sync 1 DAGs
[2023-11-04 14:17:27,675] {logging_mixin.py:109} INFO - [2023-11-04 14:17:27,675] {dag.py:2937} INFO - Setting next_dagrun for example_trigger_controller_dag to 2021-01-01T00:00:00+00:00
[2023-11-04 14:17:27,691] {processor.py:171} INFO - Processing /home/airflow/.local/lib/python3.8/site-packages/airflow/example_dags/example_trigger_controller_dag.py took 0.119 seconds
[2023-11-04 14:17:59,039] {processor.py:163} INFO - Started process (PID=676) to work on /home/airflow/.local/lib/python3.8/site-packages/airflow/example_dags/example_trigger_controller_dag.py
[2023-11-04 14:17:59,060] {processor.py:642} INFO - Processing file /home/airflow/.local/lib/python3.8/site-packages/airflow/example_dags/example_trigger_controller_dag.py for tasks to queue
[2023-11-04 14:17:59,063] {logging_mixin.py:109} INFO - [2023-11-04 14:17:59,063] {dagbag.py:500} INFO - Filling up the DagBag from /home/airflow/.local/lib/python3.8/site-packages/airflow/example_dags/example_trigger_controller_dag.py
[2023-11-04 14:17:59,120] {processor.py:654} INFO - DAG(s) dict_keys(['example_trigger_controller_dag']) retrieved from /home/airflow/.local/lib/python3.8/site-packages/airflow/example_dags/example_trigger_controller_dag.py
[2023-11-04 14:17:59,139] {logging_mixin.py:109} INFO - [2023-11-04 14:17:59,139] {dag.py:2398} INFO - Sync 1 DAGs
[2023-11-04 14:17:59,170] {logging_mixin.py:109} INFO - [2023-11-04 14:17:59,170] {dag.py:2937} INFO - Setting next_dagrun for example_trigger_controller_dag to 2021-01-01T00:00:00+00:00
[2023-11-04 14:17:59,196] {processor.py:171} INFO - Processing /home/airflow/.local/lib/python3.8/site-packages/airflow/example_dags/example_trigger_controller_dag.py took 0.162 seconds
[2023-11-04 14:18:30,140] {processor.py:163} INFO - Started process (PID=726) to work on /home/airflow/.local/lib/python3.8/site-packages/airflow/example_dags/example_trigger_controller_dag.py
[2023-11-04 14:18:30,143] {processor.py:642} INFO - Processing file /home/airflow/.local/lib/python3.8/site-packages/airflow/example_dags/example_trigger_controller_dag.py for tasks to queue
[2023-11-04 14:18:30,145] {logging_mixin.py:109} INFO - [2023-11-04 14:18:30,145] {dagbag.py:500} INFO - Filling up the DagBag from /home/airflow/.local/lib/python3.8/site-packages/airflow/example_dags/example_trigger_controller_dag.py
[2023-11-04 14:18:30,194] {processor.py:654} INFO - DAG(s) dict_keys(['example_trigger_controller_dag']) retrieved from /home/airflow/.local/lib/python3.8/site-packages/airflow/example_dags/example_trigger_controller_dag.py
[2023-11-04 14:18:30,220] {logging_mixin.py:109} INFO - [2023-11-04 14:18:30,220] {dag.py:2398} INFO - Sync 1 DAGs
[2023-11-04 14:18:30,256] {logging_mixin.py:109} INFO - [2023-11-04 14:18:30,255] {dag.py:2937} INFO - Setting next_dagrun for example_trigger_controller_dag to 2021-01-01T00:00:00+00:00
[2023-11-04 14:18:30,273] {processor.py:171} INFO - Processing /home/airflow/.local/lib/python3.8/site-packages/airflow/example_dags/example_trigger_controller_dag.py took 0.138 seconds
[2023-11-04 14:19:01,266] {processor.py:163} INFO - Started process (PID=774) to work on /home/airflow/.local/lib/python3.8/site-packages/airflow/example_dags/example_trigger_controller_dag.py
[2023-11-04 14:19:01,269] {processor.py:642} INFO - Processing file /home/airflow/.local/lib/python3.8/site-packages/airflow/example_dags/example_trigger_controller_dag.py for tasks to queue
[2023-11-04 14:19:01,270] {logging_mixin.py:109} INFO - [2023-11-04 14:19:01,270] {dagbag.py:500} INFO - Filling up the DagBag from /home/airflow/.local/lib/python3.8/site-packages/airflow/example_dags/example_trigger_controller_dag.py
[2023-11-04 14:19:01,311] {processor.py:654} INFO - DAG(s) dict_keys(['example_trigger_controller_dag']) retrieved from /home/airflow/.local/lib/python3.8/site-packages/airflow/example_dags/example_trigger_controller_dag.py
[2023-11-04 14:19:01,326] {logging_mixin.py:109} INFO - [2023-11-04 14:19:01,326] {dag.py:2398} INFO - Sync 1 DAGs
[2023-11-04 14:19:01,345] {logging_mixin.py:109} INFO - [2023-11-04 14:19:01,345] {dag.py:2937} INFO - Setting next_dagrun for example_trigger_controller_dag to 2021-01-01T00:00:00+00:00
[2023-11-04 14:19:01,356] {processor.py:171} INFO - Processing /home/airflow/.local/lib/python3.8/site-packages/airflow/example_dags/example_trigger_controller_dag.py took 0.095 seconds
[2023-11-04 14:19:32,426] {processor.py:163} INFO - Started process (PID=831) to work on /home/airflow/.local/lib/python3.8/site-packages/airflow/example_dags/example_trigger_controller_dag.py
[2023-11-04 14:19:32,428] {processor.py:642} INFO - Processing file /home/airflow/.local/lib/python3.8/site-packages/airflow/example_dags/example_trigger_controller_dag.py for tasks to queue
[2023-11-04 14:19:32,430] {logging_mixin.py:109} INFO - [2023-11-04 14:19:32,430] {dagbag.py:500} INFO - Filling up the DagBag from /home/airflow/.local/lib/python3.8/site-packages/airflow/example_dags/example_trigger_controller_dag.py
[2023-11-04 14:19:32,482] {processor.py:654} INFO - DAG(s) dict_keys(['example_trigger_controller_dag']) retrieved from /home/airflow/.local/lib/python3.8/site-packages/airflow/example_dags/example_trigger_controller_dag.py
[2023-11-04 14:19:32,504] {logging_mixin.py:109} INFO - [2023-11-04 14:19:32,504] {dag.py:2398} INFO - Sync 1 DAGs
[2023-11-04 14:19:32,528] {logging_mixin.py:109} INFO - [2023-11-04 14:19:32,528] {dag.py:2937} INFO - Setting next_dagrun for example_trigger_controller_dag to 2021-01-01T00:00:00+00:00
[2023-11-04 14:19:32,541] {processor.py:171} INFO - Processing /home/airflow/.local/lib/python3.8/site-packages/airflow/example_dags/example_trigger_controller_dag.py took 0.120 seconds
[2023-11-04 14:20:03,096] {processor.py:163} INFO - Started process (PID=880) to work on /home/airflow/.local/lib/python3.8/site-packages/airflow/example_dags/example_trigger_controller_dag.py
[2023-11-04 14:20:03,098] {processor.py:642} INFO - Processing file /home/airflow/.local/lib/python3.8/site-packages/airflow/example_dags/example_trigger_controller_dag.py for tasks to queue
[2023-11-04 14:20:03,100] {logging_mixin.py:109} INFO - [2023-11-04 14:20:03,100] {dagbag.py:500} INFO - Filling up the DagBag from /home/airflow/.local/lib/python3.8/site-packages/airflow/example_dags/example_trigger_controller_dag.py
[2023-11-04 14:20:03,145] {processor.py:654} INFO - DAG(s) dict_keys(['example_trigger_controller_dag']) retrieved from /home/airflow/.local/lib/python3.8/site-packages/airflow/example_dags/example_trigger_controller_dag.py
[2023-11-04 14:20:03,160] {logging_mixin.py:109} INFO - [2023-11-04 14:20:03,160] {dag.py:2398} INFO - Sync 1 DAGs
[2023-11-04 14:20:03,180] {logging_mixin.py:109} INFO - [2023-11-04 14:20:03,180] {dag.py:2937} INFO - Setting next_dagrun for example_trigger_controller_dag to 2021-01-01T00:00:00+00:00
[2023-11-04 14:20:03,193] {processor.py:171} INFO - Processing /home/airflow/.local/lib/python3.8/site-packages/airflow/example_dags/example_trigger_controller_dag.py took 0.103 seconds
[2023-11-04 14:20:33,489] {processor.py:163} INFO - Started process (PID=931) to work on /home/airflow/.local/lib/python3.8/site-packages/airflow/example_dags/example_trigger_controller_dag.py
[2023-11-04 14:20:33,492] {processor.py:642} INFO - Processing file /home/airflow/.local/lib/python3.8/site-packages/airflow/example_dags/example_trigger_controller_dag.py for tasks to queue
[2023-11-04 14:20:33,493] {logging_mixin.py:109} INFO - [2023-11-04 14:20:33,493] {dagbag.py:500} INFO - Filling up the DagBag from /home/airflow/.local/lib/python3.8/site-packages/airflow/example_dags/example_trigger_controller_dag.py
[2023-11-04 14:20:33,536] {processor.py:654} INFO - DAG(s) dict_keys(['example_trigger_controller_dag']) retrieved from /home/airflow/.local/lib/python3.8/site-packages/airflow/example_dags/example_trigger_controller_dag.py
[2023-11-04 14:20:33,551] {logging_mixin.py:109} INFO - [2023-11-04 14:20:33,551] {dag.py:2398} INFO - Sync 1 DAGs
[2023-11-04 14:20:33,572] {logging_mixin.py:109} INFO - [2023-11-04 14:20:33,571] {dag.py:2937} INFO - Setting next_dagrun for example_trigger_controller_dag to 2021-01-01T00:00:00+00:00
[2023-11-04 14:20:33,582] {processor.py:171} INFO - Processing /home/airflow/.local/lib/python3.8/site-packages/airflow/example_dags/example_trigger_controller_dag.py took 0.099 seconds
[2023-11-04 14:21:04,238] {processor.py:163} INFO - Started process (PID=988) to work on /home/airflow/.local/lib/python3.8/site-packages/airflow/example_dags/example_trigger_controller_dag.py
[2023-11-04 14:21:04,241] {processor.py:642} INFO - Processing file /home/airflow/.local/lib/python3.8/site-packages/airflow/example_dags/example_trigger_controller_dag.py for tasks to queue
[2023-11-04 14:21:04,243] {logging_mixin.py:109} INFO - [2023-11-04 14:21:04,243] {dagbag.py:500} INFO - Filling up the DagBag from /home/airflow/.local/lib/python3.8/site-packages/airflow/example_dags/example_trigger_controller_dag.py
[2023-11-04 14:21:04,301] {processor.py:654} INFO - DAG(s) dict_keys(['example_trigger_controller_dag']) retrieved from /home/airflow/.local/lib/python3.8/site-packages/airflow/example_dags/example_trigger_controller_dag.py
[2023-11-04 14:21:04,315] {logging_mixin.py:109} INFO - [2023-11-04 14:21:04,315] {dag.py:2398} INFO - Sync 1 DAGs
[2023-11-04 14:21:04,334] {logging_mixin.py:109} INFO - [2023-11-04 14:21:04,333] {dag.py:2937} INFO - Setting next_dagrun for example_trigger_controller_dag to 2021-01-01T00:00:00+00:00
[2023-11-04 14:21:04,345] {processor.py:171} INFO - Processing /home/airflow/.local/lib/python3.8/site-packages/airflow/example_dags/example_trigger_controller_dag.py took 0.112 seconds
[2023-11-04 14:21:35,505] {processor.py:163} INFO - Started process (PID=1039) to work on /home/airflow/.local/lib/python3.8/site-packages/airflow/example_dags/example_trigger_controller_dag.py
[2023-11-04 14:21:35,508] {processor.py:642} INFO - Processing file /home/airflow/.local/lib/python3.8/site-packages/airflow/example_dags/example_trigger_controller_dag.py for tasks to queue
[2023-11-04 14:21:35,510] {logging_mixin.py:109} INFO - [2023-11-04 14:21:35,510] {dagbag.py:500} INFO - Filling up the DagBag from /home/airflow/.local/lib/python3.8/site-packages/airflow/example_dags/example_trigger_controller_dag.py
[2023-11-04 14:21:35,552] {processor.py:654} INFO - DAG(s) dict_keys(['example_trigger_controller_dag']) retrieved from /home/airflow/.local/lib/python3.8/site-packages/airflow/example_dags/example_trigger_controller_dag.py
[2023-11-04 14:21:35,566] {logging_mixin.py:109} INFO - [2023-11-04 14:21:35,566] {dag.py:2398} INFO - Sync 1 DAGs
[2023-11-04 14:21:35,586] {logging_mixin.py:109} INFO - [2023-11-04 14:21:35,585] {dag.py:2937} INFO - Setting next_dagrun for example_trigger_controller_dag to 2021-01-01T00:00:00+00:00
[2023-11-04 14:21:35,597] {processor.py:171} INFO - Processing /home/airflow/.local/lib/python3.8/site-packages/airflow/example_dags/example_trigger_controller_dag.py took 0.098 seconds
[2023-11-04 14:22:06,782] {processor.py:163} INFO - Started process (PID=1096) to work on /home/airflow/.local/lib/python3.8/site-packages/airflow/example_dags/example_trigger_controller_dag.py
[2023-11-04 14:22:06,788] {processor.py:642} INFO - Processing file /home/airflow/.local/lib/python3.8/site-packages/airflow/example_dags/example_trigger_controller_dag.py for tasks to queue
[2023-11-04 14:22:06,791] {logging_mixin.py:109} INFO - [2023-11-04 14:22:06,791] {dagbag.py:500} INFO - Filling up the DagBag from /home/airflow/.local/lib/python3.8/site-packages/airflow/example_dags/example_trigger_controller_dag.py
[2023-11-04 14:22:06,849] {processor.py:654} INFO - DAG(s) dict_keys(['example_trigger_controller_dag']) retrieved from /home/airflow/.local/lib/python3.8/site-packages/airflow/example_dags/example_trigger_controller_dag.py
[2023-11-04 14:22:06,867] {logging_mixin.py:109} INFO - [2023-11-04 14:22:06,866] {dag.py:2398} INFO - Sync 1 DAGs
[2023-11-04 14:22:06,899] {logging_mixin.py:109} INFO - [2023-11-04 14:22:06,899] {dag.py:2937} INFO - Setting next_dagrun for example_trigger_controller_dag to 2021-01-01T00:00:00+00:00
[2023-11-04 14:22:06,913] {processor.py:171} INFO - Processing /home/airflow/.local/lib/python3.8/site-packages/airflow/example_dags/example_trigger_controller_dag.py took 0.141 seconds
[2023-11-04 14:22:37,938] {processor.py:163} INFO - Started process (PID=1146) to work on /home/airflow/.local/lib/python3.8/site-packages/airflow/example_dags/example_trigger_controller_dag.py
[2023-11-04 14:22:37,943] {processor.py:642} INFO - Processing file /home/airflow/.local/lib/python3.8/site-packages/airflow/example_dags/example_trigger_controller_dag.py for tasks to queue
[2023-11-04 14:22:37,945] {logging_mixin.py:109} INFO - [2023-11-04 14:22:37,944] {dagbag.py:500} INFO - Filling up the DagBag from /home/airflow/.local/lib/python3.8/site-packages/airflow/example_dags/example_trigger_controller_dag.py
[2023-11-04 14:22:37,988] {processor.py:654} INFO - DAG(s) dict_keys(['example_trigger_controller_dag']) retrieved from /home/airflow/.local/lib/python3.8/site-packages/airflow/example_dags/example_trigger_controller_dag.py
[2023-11-04 14:22:38,003] {logging_mixin.py:109} INFO - [2023-11-04 14:22:38,002] {dag.py:2398} INFO - Sync 1 DAGs
[2023-11-04 14:22:38,023] {logging_mixin.py:109} INFO - [2023-11-04 14:22:38,023] {dag.py:2937} INFO - Setting next_dagrun for example_trigger_controller_dag to 2021-01-01T00:00:00+00:00
[2023-11-04 14:22:38,034] {processor.py:171} INFO - Processing /home/airflow/.local/lib/python3.8/site-packages/airflow/example_dags/example_trigger_controller_dag.py took 0.101 seconds
[2023-11-04 14:23:09,303] {processor.py:163} INFO - Started process (PID=1203) to work on /home/airflow/.local/lib/python3.8/site-packages/airflow/example_dags/example_trigger_controller_dag.py
[2023-11-04 14:23:09,305] {processor.py:642} INFO - Processing file /home/airflow/.local/lib/python3.8/site-packages/airflow/example_dags/example_trigger_controller_dag.py for tasks to queue
[2023-11-04 14:23:09,307] {logging_mixin.py:109} INFO - [2023-11-04 14:23:09,307] {dagbag.py:500} INFO - Filling up the DagBag from /home/airflow/.local/lib/python3.8/site-packages/airflow/example_dags/example_trigger_controller_dag.py
[2023-11-04 14:23:09,354] {processor.py:654} INFO - DAG(s) dict_keys(['example_trigger_controller_dag']) retrieved from /home/airflow/.local/lib/python3.8/site-packages/airflow/example_dags/example_trigger_controller_dag.py
[2023-11-04 14:23:09,372] {logging_mixin.py:109} INFO - [2023-11-04 14:23:09,372] {dag.py:2398} INFO - Sync 1 DAGs
[2023-11-04 14:23:09,394] {logging_mixin.py:109} INFO - [2023-11-04 14:23:09,394] {dag.py:2937} INFO - Setting next_dagrun for example_trigger_controller_dag to 2021-01-01T00:00:00+00:00
[2023-11-04 14:23:09,407] {processor.py:171} INFO - Processing /home/airflow/.local/lib/python3.8/site-packages/airflow/example_dags/example_trigger_controller_dag.py took 0.109 seconds
[2023-11-04 14:23:39,760] {processor.py:163} INFO - Started process (PID=1252) to work on /home/airflow/.local/lib/python3.8/site-packages/airflow/example_dags/example_trigger_controller_dag.py
[2023-11-04 14:23:39,762] {processor.py:642} INFO - Processing file /home/airflow/.local/lib/python3.8/site-packages/airflow/example_dags/example_trigger_controller_dag.py for tasks to queue
[2023-11-04 14:23:39,764] {logging_mixin.py:109} INFO - [2023-11-04 14:23:39,764] {dagbag.py:500} INFO - Filling up the DagBag from /home/airflow/.local/lib/python3.8/site-packages/airflow/example_dags/example_trigger_controller_dag.py
[2023-11-04 14:23:39,806] {processor.py:654} INFO - DAG(s) dict_keys(['example_trigger_controller_dag']) retrieved from /home/airflow/.local/lib/python3.8/site-packages/airflow/example_dags/example_trigger_controller_dag.py
[2023-11-04 14:23:39,820] {logging_mixin.py:109} INFO - [2023-11-04 14:23:39,820] {dag.py:2398} INFO - Sync 1 DAGs
[2023-11-04 14:23:39,841] {logging_mixin.py:109} INFO - [2023-11-04 14:23:39,841] {dag.py:2937} INFO - Setting next_dagrun for example_trigger_controller_dag to 2021-01-01T00:00:00+00:00
[2023-11-04 14:23:39,852] {processor.py:171} INFO - Processing /home/airflow/.local/lib/python3.8/site-packages/airflow/example_dags/example_trigger_controller_dag.py took 0.097 seconds
[2023-11-04 14:24:10,812] {processor.py:163} INFO - Started process (PID=1301) to work on /home/airflow/.local/lib/python3.8/site-packages/airflow/example_dags/example_trigger_controller_dag.py
[2023-11-04 14:24:10,815] {processor.py:642} INFO - Processing file /home/airflow/.local/lib/python3.8/site-packages/airflow/example_dags/example_trigger_controller_dag.py for tasks to queue
[2023-11-04 14:24:10,816] {logging_mixin.py:109} INFO - [2023-11-04 14:24:10,816] {dagbag.py:500} INFO - Filling up the DagBag from /home/airflow/.local/lib/python3.8/site-packages/airflow/example_dags/example_trigger_controller_dag.py
[2023-11-04 14:24:10,858] {processor.py:654} INFO - DAG(s) dict_keys(['example_trigger_controller_dag']) retrieved from /home/airflow/.local/lib/python3.8/site-packages/airflow/example_dags/example_trigger_controller_dag.py
[2023-11-04 14:24:10,872] {logging_mixin.py:109} INFO - [2023-11-04 14:24:10,872] {dag.py:2398} INFO - Sync 1 DAGs
[2023-11-04 14:24:10,895] {logging_mixin.py:109} INFO - [2023-11-04 14:24:10,895] {dag.py:2937} INFO - Setting next_dagrun for example_trigger_controller_dag to 2021-01-01T00:00:00+00:00
[2023-11-04 14:24:10,906] {processor.py:171} INFO - Processing /home/airflow/.local/lib/python3.8/site-packages/airflow/example_dags/example_trigger_controller_dag.py took 0.099 seconds
[2023-11-04 14:24:41,765] {processor.py:163} INFO - Started process (PID=1359) to work on /home/airflow/.local/lib/python3.8/site-packages/airflow/example_dags/example_trigger_controller_dag.py
[2023-11-04 14:24:41,768] {processor.py:642} INFO - Processing file /home/airflow/.local/lib/python3.8/site-packages/airflow/example_dags/example_trigger_controller_dag.py for tasks to queue
[2023-11-04 14:24:41,770] {logging_mixin.py:109} INFO - [2023-11-04 14:24:41,770] {dagbag.py:500} INFO - Filling up the DagBag from /home/airflow/.local/lib/python3.8/site-packages/airflow/example_dags/example_trigger_controller_dag.py
[2023-11-04 14:24:41,820] {processor.py:654} INFO - DAG(s) dict_keys(['example_trigger_controller_dag']) retrieved from /home/airflow/.local/lib/python3.8/site-packages/airflow/example_dags/example_trigger_controller_dag.py
[2023-11-04 14:24:41,836] {logging_mixin.py:109} INFO - [2023-11-04 14:24:41,835] {dag.py:2398} INFO - Sync 1 DAGs
[2023-11-04 14:24:41,856] {logging_mixin.py:109} INFO - [2023-11-04 14:24:41,856] {dag.py:2937} INFO - Setting next_dagrun for example_trigger_controller_dag to 2021-01-01T00:00:00+00:00
[2023-11-04 14:24:41,867] {processor.py:171} INFO - Processing /home/airflow/.local/lib/python3.8/site-packages/airflow/example_dags/example_trigger_controller_dag.py took 0.107 seconds
[2023-11-04 14:25:12,973] {processor.py:163} INFO - Started process (PID=1408) to work on /home/airflow/.local/lib/python3.8/site-packages/airflow/example_dags/example_trigger_controller_dag.py
[2023-11-04 14:25:12,977] {processor.py:642} INFO - Processing file /home/airflow/.local/lib/python3.8/site-packages/airflow/example_dags/example_trigger_controller_dag.py for tasks to queue
[2023-11-04 14:25:12,978] {logging_mixin.py:109} INFO - [2023-11-04 14:25:12,978] {dagbag.py:500} INFO - Filling up the DagBag from /home/airflow/.local/lib/python3.8/site-packages/airflow/example_dags/example_trigger_controller_dag.py
[2023-11-04 14:25:13,022] {processor.py:654} INFO - DAG(s) dict_keys(['example_trigger_controller_dag']) retrieved from /home/airflow/.local/lib/python3.8/site-packages/airflow/example_dags/example_trigger_controller_dag.py
[2023-11-04 14:25:13,038] {logging_mixin.py:109} INFO - [2023-11-04 14:25:13,038] {dag.py:2398} INFO - Sync 1 DAGs
[2023-11-04 14:25:13,060] {logging_mixin.py:109} INFO - [2023-11-04 14:25:13,060] {dag.py:2937} INFO - Setting next_dagrun for example_trigger_controller_dag to 2021-01-01T00:00:00+00:00
[2023-11-04 14:25:13,072] {processor.py:171} INFO - Processing /home/airflow/.local/lib/python3.8/site-packages/airflow/example_dags/example_trigger_controller_dag.py took 0.104 seconds
[2023-11-04 14:25:43,474] {processor.py:163} INFO - Started process (PID=1465) to work on /home/airflow/.local/lib/python3.8/site-packages/airflow/example_dags/example_trigger_controller_dag.py
[2023-11-04 14:25:43,498] {processor.py:642} INFO - Processing file /home/airflow/.local/lib/python3.8/site-packages/airflow/example_dags/example_trigger_controller_dag.py for tasks to queue
[2023-11-04 14:25:43,501] {logging_mixin.py:109} INFO - [2023-11-04 14:25:43,501] {dagbag.py:500} INFO - Filling up the DagBag from /home/airflow/.local/lib/python3.8/site-packages/airflow/example_dags/example_trigger_controller_dag.py
[2023-11-04 14:25:43,548] {processor.py:654} INFO - DAG(s) dict_keys(['example_trigger_controller_dag']) retrieved from /home/airflow/.local/lib/python3.8/site-packages/airflow/example_dags/example_trigger_controller_dag.py
[2023-11-04 14:25:43,563] {logging_mixin.py:109} INFO - [2023-11-04 14:25:43,563] {dag.py:2398} INFO - Sync 1 DAGs
[2023-11-04 14:25:43,583] {logging_mixin.py:109} INFO - [2023-11-04 14:25:43,583] {dag.py:2937} INFO - Setting next_dagrun for example_trigger_controller_dag to 2021-01-01T00:00:00+00:00
[2023-11-04 14:25:43,595] {processor.py:171} INFO - Processing /home/airflow/.local/lib/python3.8/site-packages/airflow/example_dags/example_trigger_controller_dag.py took 0.126 seconds
[2023-11-04 14:26:14,432] {processor.py:163} INFO - Started process (PID=1513) to work on /home/airflow/.local/lib/python3.8/site-packages/airflow/example_dags/example_trigger_controller_dag.py
[2023-11-04 14:26:14,434] {processor.py:642} INFO - Processing file /home/airflow/.local/lib/python3.8/site-packages/airflow/example_dags/example_trigger_controller_dag.py for tasks to queue
[2023-11-04 14:26:14,436] {logging_mixin.py:109} INFO - [2023-11-04 14:26:14,436] {dagbag.py:500} INFO - Filling up the DagBag from /home/airflow/.local/lib/python3.8/site-packages/airflow/example_dags/example_trigger_controller_dag.py
[2023-11-04 14:26:14,477] {processor.py:654} INFO - DAG(s) dict_keys(['example_trigger_controller_dag']) retrieved from /home/airflow/.local/lib/python3.8/site-packages/airflow/example_dags/example_trigger_controller_dag.py
[2023-11-04 14:26:14,491] {logging_mixin.py:109} INFO - [2023-11-04 14:26:14,491] {dag.py:2398} INFO - Sync 1 DAGs
[2023-11-04 14:26:14,512] {logging_mixin.py:109} INFO - [2023-11-04 14:26:14,511] {dag.py:2937} INFO - Setting next_dagrun for example_trigger_controller_dag to 2021-01-01T00:00:00+00:00
[2023-11-04 14:26:14,524] {processor.py:171} INFO - Processing /home/airflow/.local/lib/python3.8/site-packages/airflow/example_dags/example_trigger_controller_dag.py took 0.098 seconds
[2023-11-04 14:28:09,363] {processor.py:163} INFO - Started process (PID=49) to work on /home/airflow/.local/lib/python3.8/site-packages/airflow/example_dags/example_trigger_controller_dag.py
[2023-11-04 14:28:09,366] {processor.py:642} INFO - Processing file /home/airflow/.local/lib/python3.8/site-packages/airflow/example_dags/example_trigger_controller_dag.py for tasks to queue
[2023-11-04 14:28:09,367] {logging_mixin.py:109} INFO - [2023-11-04 14:28:09,367] {dagbag.py:500} INFO - Filling up the DagBag from /home/airflow/.local/lib/python3.8/site-packages/airflow/example_dags/example_trigger_controller_dag.py
[2023-11-04 14:28:09,422] {processor.py:654} INFO - DAG(s) dict_keys(['example_trigger_controller_dag']) retrieved from /home/airflow/.local/lib/python3.8/site-packages/airflow/example_dags/example_trigger_controller_dag.py
[2023-11-04 14:28:09,440] {logging_mixin.py:109} INFO - [2023-11-04 14:28:09,440] {dag.py:2398} INFO - Sync 1 DAGs
[2023-11-04 14:28:09,465] {logging_mixin.py:109} INFO - [2023-11-04 14:28:09,465] {dag.py:2937} INFO - Setting next_dagrun for example_trigger_controller_dag to 2021-01-01T00:00:00+00:00
[2023-11-04 14:28:09,481] {processor.py:171} INFO - Processing /home/airflow/.local/lib/python3.8/site-packages/airflow/example_dags/example_trigger_controller_dag.py took 0.123 seconds
[2023-11-04 14:28:40,006] {processor.py:163} INFO - Started process (PID=99) to work on /home/airflow/.local/lib/python3.8/site-packages/airflow/example_dags/example_trigger_controller_dag.py
[2023-11-04 14:28:40,008] {processor.py:642} INFO - Processing file /home/airflow/.local/lib/python3.8/site-packages/airflow/example_dags/example_trigger_controller_dag.py for tasks to queue
[2023-11-04 14:28:40,009] {logging_mixin.py:109} INFO - [2023-11-04 14:28:40,009] {dagbag.py:500} INFO - Filling up the DagBag from /home/airflow/.local/lib/python3.8/site-packages/airflow/example_dags/example_trigger_controller_dag.py
[2023-11-04 14:28:40,052] {processor.py:654} INFO - DAG(s) dict_keys(['example_trigger_controller_dag']) retrieved from /home/airflow/.local/lib/python3.8/site-packages/airflow/example_dags/example_trigger_controller_dag.py
[2023-11-04 14:28:40,066] {logging_mixin.py:109} INFO - [2023-11-04 14:28:40,066] {dag.py:2398} INFO - Sync 1 DAGs
[2023-11-04 14:28:40,086] {logging_mixin.py:109} INFO - [2023-11-04 14:28:40,086] {dag.py:2937} INFO - Setting next_dagrun for example_trigger_controller_dag to 2021-01-01T00:00:00+00:00
[2023-11-04 14:28:40,098] {processor.py:171} INFO - Processing /home/airflow/.local/lib/python3.8/site-packages/airflow/example_dags/example_trigger_controller_dag.py took 0.097 seconds
[2023-11-04 14:29:10,528] {processor.py:163} INFO - Started process (PID=155) to work on /home/airflow/.local/lib/python3.8/site-packages/airflow/example_dags/example_trigger_controller_dag.py
[2023-11-04 14:29:10,530] {processor.py:642} INFO - Processing file /home/airflow/.local/lib/python3.8/site-packages/airflow/example_dags/example_trigger_controller_dag.py for tasks to queue
[2023-11-04 14:29:10,531] {logging_mixin.py:109} INFO - [2023-11-04 14:29:10,531] {dagbag.py:500} INFO - Filling up the DagBag from /home/airflow/.local/lib/python3.8/site-packages/airflow/example_dags/example_trigger_controller_dag.py
[2023-11-04 14:29:10,572] {processor.py:654} INFO - DAG(s) dict_keys(['example_trigger_controller_dag']) retrieved from /home/airflow/.local/lib/python3.8/site-packages/airflow/example_dags/example_trigger_controller_dag.py
[2023-11-04 14:29:10,587] {logging_mixin.py:109} INFO - [2023-11-04 14:29:10,587] {dag.py:2398} INFO - Sync 1 DAGs
[2023-11-04 14:29:10,610] {logging_mixin.py:109} INFO - [2023-11-04 14:29:10,610] {dag.py:2937} INFO - Setting next_dagrun for example_trigger_controller_dag to 2021-01-01T00:00:00+00:00
[2023-11-04 14:29:10,626] {processor.py:171} INFO - Processing /home/airflow/.local/lib/python3.8/site-packages/airflow/example_dags/example_trigger_controller_dag.py took 0.104 seconds
[2023-11-04 14:29:40,989] {processor.py:163} INFO - Started process (PID=204) to work on /home/airflow/.local/lib/python3.8/site-packages/airflow/example_dags/example_trigger_controller_dag.py
[2023-11-04 14:29:40,991] {processor.py:642} INFO - Processing file /home/airflow/.local/lib/python3.8/site-packages/airflow/example_dags/example_trigger_controller_dag.py for tasks to queue
[2023-11-04 14:29:40,992] {logging_mixin.py:109} INFO - [2023-11-04 14:29:40,992] {dagbag.py:500} INFO - Filling up the DagBag from /home/airflow/.local/lib/python3.8/site-packages/airflow/example_dags/example_trigger_controller_dag.py
[2023-11-04 14:29:41,034] {processor.py:654} INFO - DAG(s) dict_keys(['example_trigger_controller_dag']) retrieved from /home/airflow/.local/lib/python3.8/site-packages/airflow/example_dags/example_trigger_controller_dag.py
[2023-11-04 14:29:41,048] {logging_mixin.py:109} INFO - [2023-11-04 14:29:41,048] {dag.py:2398} INFO - Sync 1 DAGs
[2023-11-04 14:29:41,068] {logging_mixin.py:109} INFO - [2023-11-04 14:29:41,068] {dag.py:2937} INFO - Setting next_dagrun for example_trigger_controller_dag to 2021-01-01T00:00:00+00:00
[2023-11-04 14:29:41,080] {processor.py:171} INFO - Processing /home/airflow/.local/lib/python3.8/site-packages/airflow/example_dags/example_trigger_controller_dag.py took 0.096 seconds
[2023-11-04 14:30:11,969] {processor.py:163} INFO - Started process (PID=260) to work on /home/airflow/.local/lib/python3.8/site-packages/airflow/example_dags/example_trigger_controller_dag.py
[2023-11-04 14:30:11,971] {processor.py:642} INFO - Processing file /home/airflow/.local/lib/python3.8/site-packages/airflow/example_dags/example_trigger_controller_dag.py for tasks to queue
[2023-11-04 14:30:11,973] {logging_mixin.py:109} INFO - [2023-11-04 14:30:11,973] {dagbag.py:500} INFO - Filling up the DagBag from /home/airflow/.local/lib/python3.8/site-packages/airflow/example_dags/example_trigger_controller_dag.py
[2023-11-04 14:30:12,032] {processor.py:654} INFO - DAG(s) dict_keys(['example_trigger_controller_dag']) retrieved from /home/airflow/.local/lib/python3.8/site-packages/airflow/example_dags/example_trigger_controller_dag.py
[2023-11-04 14:30:12,059] {logging_mixin.py:109} INFO - [2023-11-04 14:30:12,059] {dag.py:2398} INFO - Sync 1 DAGs
[2023-11-04 14:30:12,088] {logging_mixin.py:109} INFO - [2023-11-04 14:30:12,087] {dag.py:2937} INFO - Setting next_dagrun for example_trigger_controller_dag to 2021-01-01T00:00:00+00:00
[2023-11-04 14:30:12,108] {processor.py:171} INFO - Processing /home/airflow/.local/lib/python3.8/site-packages/airflow/example_dags/example_trigger_controller_dag.py took 0.144 seconds
[2023-11-04 14:30:43,196] {processor.py:163} INFO - Started process (PID=309) to work on /home/airflow/.local/lib/python3.8/site-packages/airflow/example_dags/example_trigger_controller_dag.py
[2023-11-04 14:30:43,198] {processor.py:642} INFO - Processing file /home/airflow/.local/lib/python3.8/site-packages/airflow/example_dags/example_trigger_controller_dag.py for tasks to queue
[2023-11-04 14:30:43,200] {logging_mixin.py:109} INFO - [2023-11-04 14:30:43,200] {dagbag.py:500} INFO - Filling up the DagBag from /home/airflow/.local/lib/python3.8/site-packages/airflow/example_dags/example_trigger_controller_dag.py
[2023-11-04 14:30:43,244] {processor.py:654} INFO - DAG(s) dict_keys(['example_trigger_controller_dag']) retrieved from /home/airflow/.local/lib/python3.8/site-packages/airflow/example_dags/example_trigger_controller_dag.py
[2023-11-04 14:30:43,269] {logging_mixin.py:109} INFO - [2023-11-04 14:30:43,269] {dag.py:2398} INFO - Sync 1 DAGs
[2023-11-04 14:30:43,297] {logging_mixin.py:109} INFO - [2023-11-04 14:30:43,297] {dag.py:2937} INFO - Setting next_dagrun for example_trigger_controller_dag to 2021-01-01T00:00:00+00:00
[2023-11-04 14:30:43,309] {processor.py:171} INFO - Processing /home/airflow/.local/lib/python3.8/site-packages/airflow/example_dags/example_trigger_controller_dag.py took 0.118 seconds
