[2023-11-04 13:40:45,644] {processor.py:163} INFO - Started process (PID=34) to work on /home/airflow/.local/lib/python3.8/site-packages/airflow/example_dags/example_latest_only_with_trigger.py
[2023-11-04 13:40:45,648] {processor.py:642} INFO - Processing file /home/airflow/.local/lib/python3.8/site-packages/airflow/example_dags/example_latest_only_with_trigger.py for tasks to queue
[2023-11-04 13:40:45,650] {logging_mixin.py:109} INFO - [2023-11-04 13:40:45,650] {dagbag.py:500} INFO - Filling up the DagBag from /home/airflow/.local/lib/python3.8/site-packages/airflow/example_dags/example_latest_only_with_trigger.py
[2023-11-04 13:40:45,847] {processor.py:654} INFO - DAG(s) dict_keys(['latest_only_with_trigger']) retrieved from /home/airflow/.local/lib/python3.8/site-packages/airflow/example_dags/example_latest_only_with_trigger.py
[2023-11-04 13:40:50,629] {logging_mixin.py:109} INFO - [2023-11-04 13:40:50,629] {providers_manager.py:154} WARNING - Exception when importing 'airflow.providers.google.common.hooks.base_google.GoogleBaseHook' from 'apache-airflow-providers-google' package: module 'pyparsing' has no attribute 'downcaseTokens'
[2023-11-04 13:40:50,659] {logging_mixin.py:109} INFO - [2023-11-04 13:40:50,659] {providers_manager.py:154} WARNING - Exception when importing 'airflow.providers.google.cloud.hooks.cloud_sql.CloudSQLHook' from 'apache-airflow-providers-google' package: module 'pyparsing' has no attribute 'downcaseTokens'
[2023-11-04 13:40:50,664] {logging_mixin.py:109} INFO - [2023-11-04 13:40:50,664] {providers_manager.py:154} WARNING - Exception when importing 'airflow.providers.google.cloud.hooks.cloud_sql.CloudSQLDatabaseHook' from 'apache-airflow-providers-google' package: module 'pyparsing' has no attribute 'downcaseTokens'
[2023-11-04 13:40:51,273] {logging_mixin.py:109} INFO - [2023-11-04 13:40:51,272] {providers_manager.py:154} WARNING - Exception when importing 'airflow.providers.google.cloud.hooks.bigquery.BigQueryHook' from 'apache-airflow-providers-google' package: module 'pyparsing' has no attribute 'downcaseTokens'
[2023-11-04 13:40:51,286] {logging_mixin.py:109} INFO - [2023-11-04 13:40:51,286] {providers_manager.py:154} WARNING - Exception when importing 'airflow.providers.google.cloud.hooks.compute_ssh.ComputeEngineSSHHook' from 'apache-airflow-providers-google' package: module 'pyparsing' has no attribute 'downcaseTokens'
[2023-11-04 13:40:52,963] {logging_mixin.py:109} WARNING - /home/airflow/.local/lib/python3.8/site-packages/azure/storage/common/_connection.py:82 SyntaxWarning: "is" with a literal. Did you mean "=="?
[2023-11-04 13:40:56,580] {logging_mixin.py:109} INFO - [2023-11-04 13:40:56,580] {providers_manager.py:154} WARNING - Exception when importing 'airflow.providers.google.common.hooks.base_google.GoogleBaseHook' from 'apache-airflow-providers-google' package: module 'pyparsing' has no attribute 'downcaseTokens'
[2023-11-04 13:40:56,585] {logging_mixin.py:109} INFO - [2023-11-04 13:40:56,585] {providers_manager.py:154} WARNING - Exception when importing 'airflow.providers.google.cloud.hooks.cloud_sql.CloudSQLHook' from 'apache-airflow-providers-google' package: module 'pyparsing' has no attribute 'downcaseTokens'
[2023-11-04 13:40:56,591] {logging_mixin.py:109} INFO - [2023-11-04 13:40:56,591] {providers_manager.py:154} WARNING - Exception when importing 'airflow.providers.google.cloud.hooks.cloud_sql.CloudSQLDatabaseHook' from 'apache-airflow-providers-google' package: module 'pyparsing' has no attribute 'downcaseTokens'
[2023-11-04 13:40:56,596] {logging_mixin.py:109} INFO - [2023-11-04 13:40:56,596] {providers_manager.py:154} WARNING - Exception when importing 'airflow.providers.google.cloud.hooks.bigquery.BigQueryHook' from 'apache-airflow-providers-google' package: module 'pyparsing' has no attribute 'downcaseTokens'
[2023-11-04 13:40:56,602] {logging_mixin.py:109} INFO - [2023-11-04 13:40:56,601] {providers_manager.py:154} WARNING - Exception when importing 'airflow.providers.google.cloud.hooks.compute_ssh.ComputeEngineSSHHook' from 'apache-airflow-providers-google' package: module 'pyparsing' has no attribute 'downcaseTokens'
[2023-11-04 13:40:56,640] {logging_mixin.py:109} INFO - [2023-11-04 13:40:56,640] {manager.py:496} INFO - Created Permission View: can read on DAG:latest_only_with_trigger
[2023-11-04 13:40:56,650] {logging_mixin.py:109} INFO - [2023-11-04 13:40:56,650] {manager.py:496} INFO - Created Permission View: can edit on DAG:latest_only_with_trigger
[2023-11-04 13:40:56,652] {logging_mixin.py:109} INFO - [2023-11-04 13:40:56,651] {dag.py:2398} INFO - Sync 1 DAGs
[2023-11-04 13:40:56,664] {logging_mixin.py:109} INFO - [2023-11-04 13:40:56,663] {dag.py:2417} INFO - Creating ORM DAG for latest_only_with_trigger
[2023-11-04 13:40:56,679] {logging_mixin.py:109} INFO - [2023-11-04 13:40:56,679] {dag.py:2937} INFO - Setting next_dagrun for latest_only_with_trigger to 2023-11-04T09:40:56.678551+00:00
[2023-11-04 13:40:56,704] {processor.py:171} INFO - Processing /home/airflow/.local/lib/python3.8/site-packages/airflow/example_dags/example_latest_only_with_trigger.py took 11.067 seconds
[2023-11-04 13:41:51,906] {processor.py:163} INFO - Started process (PID=285) to work on /home/airflow/.local/lib/python3.8/site-packages/airflow/example_dags/example_latest_only_with_trigger.py
[2023-11-04 13:41:51,910] {processor.py:642} INFO - Processing file /home/airflow/.local/lib/python3.8/site-packages/airflow/example_dags/example_latest_only_with_trigger.py for tasks to queue
[2023-11-04 13:41:51,912] {logging_mixin.py:109} INFO - [2023-11-04 13:41:51,912] {dagbag.py:500} INFO - Filling up the DagBag from /home/airflow/.local/lib/python3.8/site-packages/airflow/example_dags/example_latest_only_with_trigger.py
[2023-11-04 13:41:51,975] {processor.py:654} INFO - DAG(s) dict_keys(['latest_only_with_trigger']) retrieved from /home/airflow/.local/lib/python3.8/site-packages/airflow/example_dags/example_latest_only_with_trigger.py
[2023-11-04 13:41:51,992] {logging_mixin.py:109} INFO - [2023-11-04 13:41:51,992] {dag.py:2398} INFO - Sync 1 DAGs
[2023-11-04 13:41:52,015] {logging_mixin.py:109} INFO - [2023-11-04 13:41:52,015] {dag.py:2937} INFO - Setting next_dagrun for latest_only_with_trigger to 2023-11-04T09:41:52.015195+00:00
[2023-11-04 13:41:52,029] {processor.py:171} INFO - Processing /home/airflow/.local/lib/python3.8/site-packages/airflow/example_dags/example_latest_only_with_trigger.py took 0.128 seconds
[2023-11-04 13:42:22,851] {processor.py:163} INFO - Started process (PID=334) to work on /home/airflow/.local/lib/python3.8/site-packages/airflow/example_dags/example_latest_only_with_trigger.py
[2023-11-04 13:42:22,854] {processor.py:642} INFO - Processing file /home/airflow/.local/lib/python3.8/site-packages/airflow/example_dags/example_latest_only_with_trigger.py for tasks to queue
[2023-11-04 13:42:22,855] {logging_mixin.py:109} INFO - [2023-11-04 13:42:22,855] {dagbag.py:500} INFO - Filling up the DagBag from /home/airflow/.local/lib/python3.8/site-packages/airflow/example_dags/example_latest_only_with_trigger.py
[2023-11-04 13:42:22,910] {processor.py:654} INFO - DAG(s) dict_keys(['latest_only_with_trigger']) retrieved from /home/airflow/.local/lib/python3.8/site-packages/airflow/example_dags/example_latest_only_with_trigger.py
[2023-11-04 13:42:22,941] {logging_mixin.py:109} INFO - [2023-11-04 13:42:22,941] {dag.py:2398} INFO - Sync 1 DAGs
[2023-11-04 13:42:22,966] {logging_mixin.py:109} INFO - [2023-11-04 13:42:22,966] {dag.py:2937} INFO - Setting next_dagrun for latest_only_with_trigger to 2023-11-04T09:42:22.965900+00:00
[2023-11-04 13:42:22,983] {processor.py:171} INFO - Processing /home/airflow/.local/lib/python3.8/site-packages/airflow/example_dags/example_latest_only_with_trigger.py took 0.137 seconds
[2023-11-04 13:42:53,040] {processor.py:163} INFO - Started process (PID=390) to work on /home/airflow/.local/lib/python3.8/site-packages/airflow/example_dags/example_latest_only_with_trigger.py
[2023-11-04 13:42:53,045] {processor.py:642} INFO - Processing file /home/airflow/.local/lib/python3.8/site-packages/airflow/example_dags/example_latest_only_with_trigger.py for tasks to queue
[2023-11-04 13:42:53,049] {logging_mixin.py:109} INFO - [2023-11-04 13:42:53,048] {dagbag.py:500} INFO - Filling up the DagBag from /home/airflow/.local/lib/python3.8/site-packages/airflow/example_dags/example_latest_only_with_trigger.py
[2023-11-04 13:42:53,193] {processor.py:654} INFO - DAG(s) dict_keys(['latest_only_with_trigger']) retrieved from /home/airflow/.local/lib/python3.8/site-packages/airflow/example_dags/example_latest_only_with_trigger.py
[2023-11-04 13:42:53,232] {logging_mixin.py:109} INFO - [2023-11-04 13:42:53,231] {dag.py:2398} INFO - Sync 1 DAGs
[2023-11-04 13:42:53,288] {logging_mixin.py:109} INFO - [2023-11-04 13:42:53,288] {dag.py:2937} INFO - Setting next_dagrun for latest_only_with_trigger to 2023-11-04T09:42:53.287450+00:00
[2023-11-04 13:42:53,318] {processor.py:171} INFO - Processing /home/airflow/.local/lib/python3.8/site-packages/airflow/example_dags/example_latest_only_with_trigger.py took 0.288 seconds
[2023-11-04 13:43:23,359] {processor.py:163} INFO - Started process (PID=439) to work on /home/airflow/.local/lib/python3.8/site-packages/airflow/example_dags/example_latest_only_with_trigger.py
[2023-11-04 13:43:23,362] {processor.py:642} INFO - Processing file /home/airflow/.local/lib/python3.8/site-packages/airflow/example_dags/example_latest_only_with_trigger.py for tasks to queue
[2023-11-04 13:43:23,363] {logging_mixin.py:109} INFO - [2023-11-04 13:43:23,363] {dagbag.py:500} INFO - Filling up the DagBag from /home/airflow/.local/lib/python3.8/site-packages/airflow/example_dags/example_latest_only_with_trigger.py
[2023-11-04 13:43:23,406] {processor.py:654} INFO - DAG(s) dict_keys(['latest_only_with_trigger']) retrieved from /home/airflow/.local/lib/python3.8/site-packages/airflow/example_dags/example_latest_only_with_trigger.py
[2023-11-04 13:43:23,420] {logging_mixin.py:109} INFO - [2023-11-04 13:43:23,420] {dag.py:2398} INFO - Sync 1 DAGs
[2023-11-04 13:43:23,441] {logging_mixin.py:109} INFO - [2023-11-04 13:43:23,441] {dag.py:2937} INFO - Setting next_dagrun for latest_only_with_trigger to 2023-11-04T09:43:23.441294+00:00
[2023-11-04 13:43:23,454] {processor.py:171} INFO - Processing /home/airflow/.local/lib/python3.8/site-packages/airflow/example_dags/example_latest_only_with_trigger.py took 0.100 seconds
[2023-11-04 13:43:53,606] {processor.py:163} INFO - Started process (PID=495) to work on /home/airflow/.local/lib/python3.8/site-packages/airflow/example_dags/example_latest_only_with_trigger.py
[2023-11-04 13:43:53,609] {processor.py:642} INFO - Processing file /home/airflow/.local/lib/python3.8/site-packages/airflow/example_dags/example_latest_only_with_trigger.py for tasks to queue
[2023-11-04 13:43:53,611] {logging_mixin.py:109} INFO - [2023-11-04 13:43:53,610] {dagbag.py:500} INFO - Filling up the DagBag from /home/airflow/.local/lib/python3.8/site-packages/airflow/example_dags/example_latest_only_with_trigger.py
[2023-11-04 13:43:53,653] {processor.py:654} INFO - DAG(s) dict_keys(['latest_only_with_trigger']) retrieved from /home/airflow/.local/lib/python3.8/site-packages/airflow/example_dags/example_latest_only_with_trigger.py
[2023-11-04 13:43:53,669] {logging_mixin.py:109} INFO - [2023-11-04 13:43:53,668] {dag.py:2398} INFO - Sync 1 DAGs
[2023-11-04 13:43:53,689] {logging_mixin.py:109} INFO - [2023-11-04 13:43:53,689] {dag.py:2937} INFO - Setting next_dagrun for latest_only_with_trigger to 2023-11-04T09:43:53.688848+00:00
[2023-11-04 13:43:53,701] {processor.py:171} INFO - Processing /home/airflow/.local/lib/python3.8/site-packages/airflow/example_dags/example_latest_only_with_trigger.py took 0.100 seconds
[2023-11-04 13:59:16,779] {processor.py:163} INFO - Started process (PID=33) to work on /home/airflow/.local/lib/python3.8/site-packages/airflow/example_dags/example_latest_only_with_trigger.py
[2023-11-04 13:59:16,781] {processor.py:642} INFO - Processing file /home/airflow/.local/lib/python3.8/site-packages/airflow/example_dags/example_latest_only_with_trigger.py for tasks to queue
[2023-11-04 13:59:16,783] {logging_mixin.py:109} INFO - [2023-11-04 13:59:16,783] {dagbag.py:500} INFO - Filling up the DagBag from /home/airflow/.local/lib/python3.8/site-packages/airflow/example_dags/example_latest_only_with_trigger.py
[2023-11-04 13:59:16,868] {processor.py:654} INFO - DAG(s) dict_keys(['latest_only_with_trigger']) retrieved from /home/airflow/.local/lib/python3.8/site-packages/airflow/example_dags/example_latest_only_with_trigger.py
[2023-11-04 13:59:16,899] {logging_mixin.py:109} INFO - [2023-11-04 13:59:16,899] {dag.py:2398} INFO - Sync 1 DAGs
[2023-11-04 13:59:16,936] {logging_mixin.py:109} INFO - [2023-11-04 13:59:16,936] {dag.py:2937} INFO - Setting next_dagrun for latest_only_with_trigger to 2023-11-04T09:59:16.935839+00:00
[2023-11-04 13:59:16,952] {processor.py:171} INFO - Processing /home/airflow/.local/lib/python3.8/site-packages/airflow/example_dags/example_latest_only_with_trigger.py took 0.185 seconds
[2023-11-04 13:59:47,789] {processor.py:163} INFO - Started process (PID=87) to work on /home/airflow/.local/lib/python3.8/site-packages/airflow/example_dags/example_latest_only_with_trigger.py
[2023-11-04 13:59:47,792] {processor.py:642} INFO - Processing file /home/airflow/.local/lib/python3.8/site-packages/airflow/example_dags/example_latest_only_with_trigger.py for tasks to queue
[2023-11-04 13:59:47,794] {logging_mixin.py:109} INFO - [2023-11-04 13:59:47,794] {dagbag.py:500} INFO - Filling up the DagBag from /home/airflow/.local/lib/python3.8/site-packages/airflow/example_dags/example_latest_only_with_trigger.py
[2023-11-04 13:59:47,854] {processor.py:654} INFO - DAG(s) dict_keys(['latest_only_with_trigger']) retrieved from /home/airflow/.local/lib/python3.8/site-packages/airflow/example_dags/example_latest_only_with_trigger.py
[2023-11-04 13:59:47,872] {logging_mixin.py:109} INFO - [2023-11-04 13:59:47,871] {dag.py:2398} INFO - Sync 1 DAGs
[2023-11-04 13:59:47,910] {logging_mixin.py:109} INFO - [2023-11-04 13:59:47,910] {dag.py:2937} INFO - Setting next_dagrun for latest_only_with_trigger to 2023-11-04T09:59:47.909513+00:00
[2023-11-04 13:59:47,932] {processor.py:171} INFO - Processing /home/airflow/.local/lib/python3.8/site-packages/airflow/example_dags/example_latest_only_with_trigger.py took 0.150 seconds
[2023-11-04 14:00:18,343] {processor.py:163} INFO - Started process (PID=152) to work on /home/airflow/.local/lib/python3.8/site-packages/airflow/example_dags/example_latest_only_with_trigger.py
[2023-11-04 14:00:18,346] {processor.py:642} INFO - Processing file /home/airflow/.local/lib/python3.8/site-packages/airflow/example_dags/example_latest_only_with_trigger.py for tasks to queue
[2023-11-04 14:00:18,348] {logging_mixin.py:109} INFO - [2023-11-04 14:00:18,347] {dagbag.py:500} INFO - Filling up the DagBag from /home/airflow/.local/lib/python3.8/site-packages/airflow/example_dags/example_latest_only_with_trigger.py
[2023-11-04 14:00:18,395] {processor.py:654} INFO - DAG(s) dict_keys(['latest_only_with_trigger']) retrieved from /home/airflow/.local/lib/python3.8/site-packages/airflow/example_dags/example_latest_only_with_trigger.py
[2023-11-04 14:00:18,409] {logging_mixin.py:109} INFO - [2023-11-04 14:00:18,409] {dag.py:2398} INFO - Sync 1 DAGs
[2023-11-04 14:00:18,434] {logging_mixin.py:109} INFO - [2023-11-04 14:00:18,434] {dag.py:2937} INFO - Setting next_dagrun for latest_only_with_trigger to 2023-11-04T10:00:18.433990+00:00
[2023-11-04 14:00:18,447] {processor.py:171} INFO - Processing /home/airflow/.local/lib/python3.8/site-packages/airflow/example_dags/example_latest_only_with_trigger.py took 0.108 seconds
[2023-11-04 14:00:48,602] {processor.py:163} INFO - Started process (PID=209) to work on /home/airflow/.local/lib/python3.8/site-packages/airflow/example_dags/example_latest_only_with_trigger.py
[2023-11-04 14:00:48,605] {processor.py:642} INFO - Processing file /home/airflow/.local/lib/python3.8/site-packages/airflow/example_dags/example_latest_only_with_trigger.py for tasks to queue
[2023-11-04 14:00:48,606] {logging_mixin.py:109} INFO - [2023-11-04 14:00:48,606] {dagbag.py:500} INFO - Filling up the DagBag from /home/airflow/.local/lib/python3.8/site-packages/airflow/example_dags/example_latest_only_with_trigger.py
[2023-11-04 14:00:48,652] {processor.py:654} INFO - DAG(s) dict_keys(['latest_only_with_trigger']) retrieved from /home/airflow/.local/lib/python3.8/site-packages/airflow/example_dags/example_latest_only_with_trigger.py
[2023-11-04 14:00:48,667] {logging_mixin.py:109} INFO - [2023-11-04 14:00:48,666] {dag.py:2398} INFO - Sync 1 DAGs
[2023-11-04 14:00:48,688] {logging_mixin.py:109} INFO - [2023-11-04 14:00:48,688] {dag.py:2937} INFO - Setting next_dagrun for latest_only_with_trigger to 2023-11-04T10:00:48.688013+00:00
[2023-11-04 14:00:48,701] {processor.py:171} INFO - Processing /home/airflow/.local/lib/python3.8/site-packages/airflow/example_dags/example_latest_only_with_trigger.py took 0.104 seconds
[2023-11-04 14:01:18,826] {processor.py:163} INFO - Started process (PID=258) to work on /home/airflow/.local/lib/python3.8/site-packages/airflow/example_dags/example_latest_only_with_trigger.py
[2023-11-04 14:01:18,829] {processor.py:642} INFO - Processing file /home/airflow/.local/lib/python3.8/site-packages/airflow/example_dags/example_latest_only_with_trigger.py for tasks to queue
[2023-11-04 14:01:18,830] {logging_mixin.py:109} INFO - [2023-11-04 14:01:18,830] {dagbag.py:500} INFO - Filling up the DagBag from /home/airflow/.local/lib/python3.8/site-packages/airflow/example_dags/example_latest_only_with_trigger.py
[2023-11-04 14:01:18,873] {processor.py:654} INFO - DAG(s) dict_keys(['latest_only_with_trigger']) retrieved from /home/airflow/.local/lib/python3.8/site-packages/airflow/example_dags/example_latest_only_with_trigger.py
[2023-11-04 14:01:18,887] {logging_mixin.py:109} INFO - [2023-11-04 14:01:18,887] {dag.py:2398} INFO - Sync 1 DAGs
[2023-11-04 14:01:18,906] {logging_mixin.py:109} INFO - [2023-11-04 14:01:18,906] {dag.py:2937} INFO - Setting next_dagrun for latest_only_with_trigger to 2023-11-04T10:01:18.906014+00:00
[2023-11-04 14:01:18,918] {processor.py:171} INFO - Processing /home/airflow/.local/lib/python3.8/site-packages/airflow/example_dags/example_latest_only_with_trigger.py took 0.096 seconds
[2023-11-04 14:01:49,263] {processor.py:163} INFO - Started process (PID=307) to work on /home/airflow/.local/lib/python3.8/site-packages/airflow/example_dags/example_latest_only_with_trigger.py
[2023-11-04 14:01:49,266] {processor.py:642} INFO - Processing file /home/airflow/.local/lib/python3.8/site-packages/airflow/example_dags/example_latest_only_with_trigger.py for tasks to queue
[2023-11-04 14:01:49,267] {logging_mixin.py:109} INFO - [2023-11-04 14:01:49,267] {dagbag.py:500} INFO - Filling up the DagBag from /home/airflow/.local/lib/python3.8/site-packages/airflow/example_dags/example_latest_only_with_trigger.py
[2023-11-04 14:01:49,323] {processor.py:654} INFO - DAG(s) dict_keys(['latest_only_with_trigger']) retrieved from /home/airflow/.local/lib/python3.8/site-packages/airflow/example_dags/example_latest_only_with_trigger.py
[2023-11-04 14:01:49,345] {logging_mixin.py:109} INFO - [2023-11-04 14:01:49,345] {dag.py:2398} INFO - Sync 1 DAGs
[2023-11-04 14:01:49,367] {logging_mixin.py:109} INFO - [2023-11-04 14:01:49,367] {dag.py:2937} INFO - Setting next_dagrun for latest_only_with_trigger to 2023-11-04T10:01:49.367231+00:00
[2023-11-04 14:01:49,380] {processor.py:171} INFO - Processing /home/airflow/.local/lib/python3.8/site-packages/airflow/example_dags/example_latest_only_with_trigger.py took 0.122 seconds
[2023-11-04 14:02:19,673] {processor.py:163} INFO - Started process (PID=364) to work on /home/airflow/.local/lib/python3.8/site-packages/airflow/example_dags/example_latest_only_with_trigger.py
[2023-11-04 14:02:19,679] {processor.py:642} INFO - Processing file /home/airflow/.local/lib/python3.8/site-packages/airflow/example_dags/example_latest_only_with_trigger.py for tasks to queue
[2023-11-04 14:02:19,682] {logging_mixin.py:109} INFO - [2023-11-04 14:02:19,682] {dagbag.py:500} INFO - Filling up the DagBag from /home/airflow/.local/lib/python3.8/site-packages/airflow/example_dags/example_latest_only_with_trigger.py
[2023-11-04 14:02:19,765] {processor.py:654} INFO - DAG(s) dict_keys(['latest_only_with_trigger']) retrieved from /home/airflow/.local/lib/python3.8/site-packages/airflow/example_dags/example_latest_only_with_trigger.py
[2023-11-04 14:02:19,792] {logging_mixin.py:109} INFO - [2023-11-04 14:02:19,792] {dag.py:2398} INFO - Sync 1 DAGs
[2023-11-04 14:02:19,828] {logging_mixin.py:109} INFO - [2023-11-04 14:02:19,827] {dag.py:2937} INFO - Setting next_dagrun for latest_only_with_trigger to 2023-11-04T10:02:19.827132+00:00
[2023-11-04 14:02:19,848] {processor.py:171} INFO - Processing /home/airflow/.local/lib/python3.8/site-packages/airflow/example_dags/example_latest_only_with_trigger.py took 0.183 seconds
[2023-11-04 14:02:50,316] {processor.py:163} INFO - Started process (PID=412) to work on /home/airflow/.local/lib/python3.8/site-packages/airflow/example_dags/example_latest_only_with_trigger.py
[2023-11-04 14:02:50,319] {processor.py:642} INFO - Processing file /home/airflow/.local/lib/python3.8/site-packages/airflow/example_dags/example_latest_only_with_trigger.py for tasks to queue
[2023-11-04 14:02:50,321] {logging_mixin.py:109} INFO - [2023-11-04 14:02:50,321] {dagbag.py:500} INFO - Filling up the DagBag from /home/airflow/.local/lib/python3.8/site-packages/airflow/example_dags/example_latest_only_with_trigger.py
[2023-11-04 14:02:50,376] {processor.py:654} INFO - DAG(s) dict_keys(['latest_only_with_trigger']) retrieved from /home/airflow/.local/lib/python3.8/site-packages/airflow/example_dags/example_latest_only_with_trigger.py
[2023-11-04 14:02:50,395] {logging_mixin.py:109} INFO - [2023-11-04 14:02:50,395] {dag.py:2398} INFO - Sync 1 DAGs
[2023-11-04 14:02:50,433] {logging_mixin.py:109} INFO - [2023-11-04 14:02:50,433] {dag.py:2937} INFO - Setting next_dagrun for latest_only_with_trigger to 2023-11-04T10:02:50.431319+00:00
[2023-11-04 14:02:50,448] {processor.py:171} INFO - Processing /home/airflow/.local/lib/python3.8/site-packages/airflow/example_dags/example_latest_only_with_trigger.py took 0.139 seconds
[2023-11-04 14:04:44,789] {processor.py:163} INFO - Started process (PID=34) to work on /home/airflow/.local/lib/python3.8/site-packages/airflow/example_dags/example_latest_only_with_trigger.py
[2023-11-04 14:04:44,792] {processor.py:642} INFO - Processing file /home/airflow/.local/lib/python3.8/site-packages/airflow/example_dags/example_latest_only_with_trigger.py for tasks to queue
[2023-11-04 14:04:44,794] {logging_mixin.py:109} INFO - [2023-11-04 14:04:44,794] {dagbag.py:500} INFO - Filling up the DagBag from /home/airflow/.local/lib/python3.8/site-packages/airflow/example_dags/example_latest_only_with_trigger.py
[2023-11-04 14:04:44,862] {processor.py:654} INFO - DAG(s) dict_keys(['latest_only_with_trigger']) retrieved from /home/airflow/.local/lib/python3.8/site-packages/airflow/example_dags/example_latest_only_with_trigger.py
[2023-11-04 14:04:44,885] {logging_mixin.py:109} INFO - [2023-11-04 14:04:44,885] {dag.py:2398} INFO - Sync 1 DAGs
[2023-11-04 14:04:44,917] {logging_mixin.py:109} INFO - [2023-11-04 14:04:44,917] {dag.py:2937} INFO - Setting next_dagrun for latest_only_with_trigger to 2023-11-04T10:04:44.916755+00:00
[2023-11-04 14:04:44,929] {processor.py:171} INFO - Processing /home/airflow/.local/lib/python3.8/site-packages/airflow/example_dags/example_latest_only_with_trigger.py took 0.147 seconds
[2023-11-04 14:05:15,860] {processor.py:163} INFO - Started process (PID=82) to work on /home/airflow/.local/lib/python3.8/site-packages/airflow/example_dags/example_latest_only_with_trigger.py
[2023-11-04 14:05:15,863] {processor.py:642} INFO - Processing file /home/airflow/.local/lib/python3.8/site-packages/airflow/example_dags/example_latest_only_with_trigger.py for tasks to queue
[2023-11-04 14:05:15,866] {logging_mixin.py:109} INFO - [2023-11-04 14:05:15,866] {dagbag.py:500} INFO - Filling up the DagBag from /home/airflow/.local/lib/python3.8/site-packages/airflow/example_dags/example_latest_only_with_trigger.py
[2023-11-04 14:05:15,909] {processor.py:654} INFO - DAG(s) dict_keys(['latest_only_with_trigger']) retrieved from /home/airflow/.local/lib/python3.8/site-packages/airflow/example_dags/example_latest_only_with_trigger.py
[2023-11-04 14:05:15,925] {logging_mixin.py:109} INFO - [2023-11-04 14:05:15,925] {dag.py:2398} INFO - Sync 1 DAGs
[2023-11-04 14:05:15,959] {logging_mixin.py:109} INFO - [2023-11-04 14:05:15,959] {dag.py:2937} INFO - Setting next_dagrun for latest_only_with_trigger to 2023-11-04T10:05:15.958649+00:00
[2023-11-04 14:05:15,970] {processor.py:171} INFO - Processing /home/airflow/.local/lib/python3.8/site-packages/airflow/example_dags/example_latest_only_with_trigger.py took 0.117 seconds
[2023-11-04 14:05:46,720] {processor.py:163} INFO - Started process (PID=139) to work on /home/airflow/.local/lib/python3.8/site-packages/airflow/example_dags/example_latest_only_with_trigger.py
[2023-11-04 14:05:46,723] {processor.py:642} INFO - Processing file /home/airflow/.local/lib/python3.8/site-packages/airflow/example_dags/example_latest_only_with_trigger.py for tasks to queue
[2023-11-04 14:05:46,725] {logging_mixin.py:109} INFO - [2023-11-04 14:05:46,725] {dagbag.py:500} INFO - Filling up the DagBag from /home/airflow/.local/lib/python3.8/site-packages/airflow/example_dags/example_latest_only_with_trigger.py
[2023-11-04 14:05:46,777] {processor.py:654} INFO - DAG(s) dict_keys(['latest_only_with_trigger']) retrieved from /home/airflow/.local/lib/python3.8/site-packages/airflow/example_dags/example_latest_only_with_trigger.py
[2023-11-04 14:05:46,793] {logging_mixin.py:109} INFO - [2023-11-04 14:05:46,793] {dag.py:2398} INFO - Sync 1 DAGs
[2023-11-04 14:05:46,827] {logging_mixin.py:109} INFO - [2023-11-04 14:05:46,826] {dag.py:2937} INFO - Setting next_dagrun for latest_only_with_trigger to 2023-11-04T10:05:46.826435+00:00
[2023-11-04 14:05:46,844] {processor.py:171} INFO - Processing /home/airflow/.local/lib/python3.8/site-packages/airflow/example_dags/example_latest_only_with_trigger.py took 0.129 seconds
[2023-11-04 14:06:17,280] {processor.py:163} INFO - Started process (PID=188) to work on /home/airflow/.local/lib/python3.8/site-packages/airflow/example_dags/example_latest_only_with_trigger.py
[2023-11-04 14:06:17,283] {processor.py:642} INFO - Processing file /home/airflow/.local/lib/python3.8/site-packages/airflow/example_dags/example_latest_only_with_trigger.py for tasks to queue
[2023-11-04 14:06:17,285] {logging_mixin.py:109} INFO - [2023-11-04 14:06:17,285] {dagbag.py:500} INFO - Filling up the DagBag from /home/airflow/.local/lib/python3.8/site-packages/airflow/example_dags/example_latest_only_with_trigger.py
[2023-11-04 14:06:17,331] {processor.py:654} INFO - DAG(s) dict_keys(['latest_only_with_trigger']) retrieved from /home/airflow/.local/lib/python3.8/site-packages/airflow/example_dags/example_latest_only_with_trigger.py
[2023-11-04 14:06:17,346] {logging_mixin.py:109} INFO - [2023-11-04 14:06:17,346] {dag.py:2398} INFO - Sync 1 DAGs
[2023-11-04 14:06:17,366] {logging_mixin.py:109} INFO - [2023-11-04 14:06:17,366] {dag.py:2937} INFO - Setting next_dagrun for latest_only_with_trigger to 2023-11-04T10:06:17.366089+00:00
[2023-11-04 14:06:17,379] {processor.py:171} INFO - Processing /home/airflow/.local/lib/python3.8/site-packages/airflow/example_dags/example_latest_only_with_trigger.py took 0.105 seconds
[2023-11-04 14:06:47,729] {processor.py:163} INFO - Started process (PID=237) to work on /home/airflow/.local/lib/python3.8/site-packages/airflow/example_dags/example_latest_only_with_trigger.py
[2023-11-04 14:06:47,733] {processor.py:642} INFO - Processing file /home/airflow/.local/lib/python3.8/site-packages/airflow/example_dags/example_latest_only_with_trigger.py for tasks to queue
[2023-11-04 14:06:47,735] {logging_mixin.py:109} INFO - [2023-11-04 14:06:47,734] {dagbag.py:500} INFO - Filling up the DagBag from /home/airflow/.local/lib/python3.8/site-packages/airflow/example_dags/example_latest_only_with_trigger.py
[2023-11-04 14:06:47,782] {processor.py:654} INFO - DAG(s) dict_keys(['latest_only_with_trigger']) retrieved from /home/airflow/.local/lib/python3.8/site-packages/airflow/example_dags/example_latest_only_with_trigger.py
[2023-11-04 14:06:47,796] {logging_mixin.py:109} INFO - [2023-11-04 14:06:47,796] {dag.py:2398} INFO - Sync 1 DAGs
[2023-11-04 14:06:47,815] {logging_mixin.py:109} INFO - [2023-11-04 14:06:47,815] {dag.py:2937} INFO - Setting next_dagrun for latest_only_with_trigger to 2023-11-04T10:06:47.814943+00:00
[2023-11-04 14:06:47,826] {processor.py:171} INFO - Processing /home/airflow/.local/lib/python3.8/site-packages/airflow/example_dags/example_latest_only_with_trigger.py took 0.102 seconds
[2023-11-04 14:07:18,134] {processor.py:163} INFO - Started process (PID=294) to work on /home/airflow/.local/lib/python3.8/site-packages/airflow/example_dags/example_latest_only_with_trigger.py
[2023-11-04 14:07:18,137] {processor.py:642} INFO - Processing file /home/airflow/.local/lib/python3.8/site-packages/airflow/example_dags/example_latest_only_with_trigger.py for tasks to queue
[2023-11-04 14:07:18,139] {logging_mixin.py:109} INFO - [2023-11-04 14:07:18,138] {dagbag.py:500} INFO - Filling up the DagBag from /home/airflow/.local/lib/python3.8/site-packages/airflow/example_dags/example_latest_only_with_trigger.py
[2023-11-04 14:07:18,186] {processor.py:654} INFO - DAG(s) dict_keys(['latest_only_with_trigger']) retrieved from /home/airflow/.local/lib/python3.8/site-packages/airflow/example_dags/example_latest_only_with_trigger.py
[2023-11-04 14:07:18,210] {logging_mixin.py:109} INFO - [2023-11-04 14:07:18,209] {dag.py:2398} INFO - Sync 1 DAGs
[2023-11-04 14:07:18,230] {logging_mixin.py:109} INFO - [2023-11-04 14:07:18,230] {dag.py:2937} INFO - Setting next_dagrun for latest_only_with_trigger to 2023-11-04T10:07:18.229989+00:00
[2023-11-04 14:07:18,241] {processor.py:171} INFO - Processing /home/airflow/.local/lib/python3.8/site-packages/airflow/example_dags/example_latest_only_with_trigger.py took 0.115 seconds
[2023-11-04 14:07:48,820] {processor.py:163} INFO - Started process (PID=342) to work on /home/airflow/.local/lib/python3.8/site-packages/airflow/example_dags/example_latest_only_with_trigger.py
[2023-11-04 14:07:48,822] {processor.py:642} INFO - Processing file /home/airflow/.local/lib/python3.8/site-packages/airflow/example_dags/example_latest_only_with_trigger.py for tasks to queue
[2023-11-04 14:07:48,823] {logging_mixin.py:109} INFO - [2023-11-04 14:07:48,823] {dagbag.py:500} INFO - Filling up the DagBag from /home/airflow/.local/lib/python3.8/site-packages/airflow/example_dags/example_latest_only_with_trigger.py
[2023-11-04 14:07:48,876] {processor.py:654} INFO - DAG(s) dict_keys(['latest_only_with_trigger']) retrieved from /home/airflow/.local/lib/python3.8/site-packages/airflow/example_dags/example_latest_only_with_trigger.py
[2023-11-04 14:07:48,893] {logging_mixin.py:109} INFO - [2023-11-04 14:07:48,893] {dag.py:2398} INFO - Sync 1 DAGs
[2023-11-04 14:07:48,915] {logging_mixin.py:109} INFO - [2023-11-04 14:07:48,915] {dag.py:2937} INFO - Setting next_dagrun for latest_only_with_trigger to 2023-11-04T10:07:48.914770+00:00
[2023-11-04 14:07:48,928] {processor.py:171} INFO - Processing /home/airflow/.local/lib/python3.8/site-packages/airflow/example_dags/example_latest_only_with_trigger.py took 0.113 seconds
[2023-11-04 14:08:19,154] {processor.py:163} INFO - Started process (PID=399) to work on /home/airflow/.local/lib/python3.8/site-packages/airflow/example_dags/example_latest_only_with_trigger.py
[2023-11-04 14:08:19,161] {processor.py:642} INFO - Processing file /home/airflow/.local/lib/python3.8/site-packages/airflow/example_dags/example_latest_only_with_trigger.py for tasks to queue
[2023-11-04 14:08:19,164] {logging_mixin.py:109} INFO - [2023-11-04 14:08:19,163] {dagbag.py:500} INFO - Filling up the DagBag from /home/airflow/.local/lib/python3.8/site-packages/airflow/example_dags/example_latest_only_with_trigger.py
[2023-11-04 14:08:19,209] {processor.py:654} INFO - DAG(s) dict_keys(['latest_only_with_trigger']) retrieved from /home/airflow/.local/lib/python3.8/site-packages/airflow/example_dags/example_latest_only_with_trigger.py
[2023-11-04 14:08:19,224] {logging_mixin.py:109} INFO - [2023-11-04 14:08:19,224] {dag.py:2398} INFO - Sync 1 DAGs
[2023-11-04 14:08:19,247] {logging_mixin.py:109} INFO - [2023-11-04 14:08:19,247] {dag.py:2937} INFO - Setting next_dagrun for latest_only_with_trigger to 2023-11-04T10:08:19.246764+00:00
[2023-11-04 14:08:19,260] {processor.py:171} INFO - Processing /home/airflow/.local/lib/python3.8/site-packages/airflow/example_dags/example_latest_only_with_trigger.py took 0.111 seconds
[2023-11-04 14:08:49,383] {processor.py:163} INFO - Started process (PID=448) to work on /home/airflow/.local/lib/python3.8/site-packages/airflow/example_dags/example_latest_only_with_trigger.py
[2023-11-04 14:08:49,386] {processor.py:642} INFO - Processing file /home/airflow/.local/lib/python3.8/site-packages/airflow/example_dags/example_latest_only_with_trigger.py for tasks to queue
[2023-11-04 14:08:49,388] {logging_mixin.py:109} INFO - [2023-11-04 14:08:49,388] {dagbag.py:500} INFO - Filling up the DagBag from /home/airflow/.local/lib/python3.8/site-packages/airflow/example_dags/example_latest_only_with_trigger.py
[2023-11-04 14:08:49,447] {processor.py:654} INFO - DAG(s) dict_keys(['latest_only_with_trigger']) retrieved from /home/airflow/.local/lib/python3.8/site-packages/airflow/example_dags/example_latest_only_with_trigger.py
[2023-11-04 14:08:49,467] {logging_mixin.py:109} INFO - [2023-11-04 14:08:49,467] {dag.py:2398} INFO - Sync 1 DAGs
[2023-11-04 14:08:49,504] {logging_mixin.py:109} INFO - [2023-11-04 14:08:49,503] {dag.py:2937} INFO - Setting next_dagrun for latest_only_with_trigger to 2023-11-04T10:08:49.502853+00:00
[2023-11-04 14:08:49,524] {processor.py:171} INFO - Processing /home/airflow/.local/lib/python3.8/site-packages/airflow/example_dags/example_latest_only_with_trigger.py took 0.146 seconds
[2023-11-04 14:09:19,862] {processor.py:163} INFO - Started process (PID=497) to work on /home/airflow/.local/lib/python3.8/site-packages/airflow/example_dags/example_latest_only_with_trigger.py
[2023-11-04 14:09:19,864] {processor.py:642} INFO - Processing file /home/airflow/.local/lib/python3.8/site-packages/airflow/example_dags/example_latest_only_with_trigger.py for tasks to queue
[2023-11-04 14:09:19,866] {logging_mixin.py:109} INFO - [2023-11-04 14:09:19,865] {dagbag.py:500} INFO - Filling up the DagBag from /home/airflow/.local/lib/python3.8/site-packages/airflow/example_dags/example_latest_only_with_trigger.py
[2023-11-04 14:09:19,914] {processor.py:654} INFO - DAG(s) dict_keys(['latest_only_with_trigger']) retrieved from /home/airflow/.local/lib/python3.8/site-packages/airflow/example_dags/example_latest_only_with_trigger.py
[2023-11-04 14:09:19,931] {logging_mixin.py:109} INFO - [2023-11-04 14:09:19,930] {dag.py:2398} INFO - Sync 1 DAGs
[2023-11-04 14:09:19,951] {logging_mixin.py:109} INFO - [2023-11-04 14:09:19,951] {dag.py:2937} INFO - Setting next_dagrun for latest_only_with_trigger to 2023-11-04T10:09:19.951104+00:00
[2023-11-04 14:09:19,963] {processor.py:171} INFO - Processing /home/airflow/.local/lib/python3.8/site-packages/airflow/example_dags/example_latest_only_with_trigger.py took 0.107 seconds
[2023-11-04 14:09:50,257] {processor.py:163} INFO - Started process (PID=554) to work on /home/airflow/.local/lib/python3.8/site-packages/airflow/example_dags/example_latest_only_with_trigger.py
[2023-11-04 14:09:50,261] {processor.py:642} INFO - Processing file /home/airflow/.local/lib/python3.8/site-packages/airflow/example_dags/example_latest_only_with_trigger.py for tasks to queue
[2023-11-04 14:09:50,263] {logging_mixin.py:109} INFO - [2023-11-04 14:09:50,263] {dagbag.py:500} INFO - Filling up the DagBag from /home/airflow/.local/lib/python3.8/site-packages/airflow/example_dags/example_latest_only_with_trigger.py
[2023-11-04 14:09:50,319] {processor.py:654} INFO - DAG(s) dict_keys(['latest_only_with_trigger']) retrieved from /home/airflow/.local/lib/python3.8/site-packages/airflow/example_dags/example_latest_only_with_trigger.py
[2023-11-04 14:09:50,336] {logging_mixin.py:109} INFO - [2023-11-04 14:09:50,336] {dag.py:2398} INFO - Sync 1 DAGs
[2023-11-04 14:09:50,359] {logging_mixin.py:109} INFO - [2023-11-04 14:09:50,359] {dag.py:2937} INFO - Setting next_dagrun for latest_only_with_trigger to 2023-11-04T10:09:50.359017+00:00
[2023-11-04 14:09:50,373] {processor.py:171} INFO - Processing /home/airflow/.local/lib/python3.8/site-packages/airflow/example_dags/example_latest_only_with_trigger.py took 0.121 seconds
[2023-11-04 14:10:20,560] {processor.py:163} INFO - Started process (PID=603) to work on /home/airflow/.local/lib/python3.8/site-packages/airflow/example_dags/example_latest_only_with_trigger.py
[2023-11-04 14:10:20,563] {processor.py:642} INFO - Processing file /home/airflow/.local/lib/python3.8/site-packages/airflow/example_dags/example_latest_only_with_trigger.py for tasks to queue
[2023-11-04 14:10:20,564] {logging_mixin.py:109} INFO - [2023-11-04 14:10:20,564] {dagbag.py:500} INFO - Filling up the DagBag from /home/airflow/.local/lib/python3.8/site-packages/airflow/example_dags/example_latest_only_with_trigger.py
[2023-11-04 14:10:20,608] {processor.py:654} INFO - DAG(s) dict_keys(['latest_only_with_trigger']) retrieved from /home/airflow/.local/lib/python3.8/site-packages/airflow/example_dags/example_latest_only_with_trigger.py
[2023-11-04 14:10:20,621] {logging_mixin.py:109} INFO - [2023-11-04 14:10:20,621] {dag.py:2398} INFO - Sync 1 DAGs
[2023-11-04 14:10:20,641] {logging_mixin.py:109} INFO - [2023-11-04 14:10:20,640] {dag.py:2937} INFO - Setting next_dagrun for latest_only_with_trigger to 2023-11-04T10:10:20.640466+00:00
[2023-11-04 14:10:20,652] {processor.py:171} INFO - Processing /home/airflow/.local/lib/python3.8/site-packages/airflow/example_dags/example_latest_only_with_trigger.py took 0.096 seconds
[2023-11-04 14:11:48,035] {processor.py:163} INFO - Started process (PID=35) to work on /home/airflow/.local/lib/python3.8/site-packages/airflow/example_dags/example_latest_only_with_trigger.py
[2023-11-04 14:11:48,039] {processor.py:642} INFO - Processing file /home/airflow/.local/lib/python3.8/site-packages/airflow/example_dags/example_latest_only_with_trigger.py for tasks to queue
[2023-11-04 14:11:48,042] {logging_mixin.py:109} INFO - [2023-11-04 14:11:48,042] {dagbag.py:500} INFO - Filling up the DagBag from /home/airflow/.local/lib/python3.8/site-packages/airflow/example_dags/example_latest_only_with_trigger.py
[2023-11-04 14:11:48,142] {processor.py:654} INFO - DAG(s) dict_keys(['latest_only_with_trigger']) retrieved from /home/airflow/.local/lib/python3.8/site-packages/airflow/example_dags/example_latest_only_with_trigger.py
[2023-11-04 14:11:48,163] {logging_mixin.py:109} INFO - [2023-11-04 14:11:48,163] {dag.py:2398} INFO - Sync 1 DAGs
[2023-11-04 14:11:48,189] {logging_mixin.py:109} INFO - [2023-11-04 14:11:48,189] {dag.py:2937} INFO - Setting next_dagrun for latest_only_with_trigger to 2023-11-04T10:11:48.188888+00:00
[2023-11-04 14:11:48,209] {processor.py:171} INFO - Processing /home/airflow/.local/lib/python3.8/site-packages/airflow/example_dags/example_latest_only_with_trigger.py took 0.183 seconds
[2023-11-04 14:12:19,056] {processor.py:163} INFO - Started process (PID=83) to work on /home/airflow/.local/lib/python3.8/site-packages/airflow/example_dags/example_latest_only_with_trigger.py
[2023-11-04 14:12:19,059] {processor.py:642} INFO - Processing file /home/airflow/.local/lib/python3.8/site-packages/airflow/example_dags/example_latest_only_with_trigger.py for tasks to queue
[2023-11-04 14:12:19,061] {logging_mixin.py:109} INFO - [2023-11-04 14:12:19,061] {dagbag.py:500} INFO - Filling up the DagBag from /home/airflow/.local/lib/python3.8/site-packages/airflow/example_dags/example_latest_only_with_trigger.py
[2023-11-04 14:12:19,111] {processor.py:654} INFO - DAG(s) dict_keys(['latest_only_with_trigger']) retrieved from /home/airflow/.local/lib/python3.8/site-packages/airflow/example_dags/example_latest_only_with_trigger.py
[2023-11-04 14:12:19,131] {logging_mixin.py:109} INFO - [2023-11-04 14:12:19,131] {dag.py:2398} INFO - Sync 1 DAGs
[2023-11-04 14:12:19,158] {logging_mixin.py:109} INFO - [2023-11-04 14:12:19,158] {dag.py:2937} INFO - Setting next_dagrun for latest_only_with_trigger to 2023-11-04T10:12:19.158001+00:00
[2023-11-04 14:12:19,177] {processor.py:171} INFO - Processing /home/airflow/.local/lib/python3.8/site-packages/airflow/example_dags/example_latest_only_with_trigger.py took 0.127 seconds
[2023-11-04 14:12:49,468] {processor.py:163} INFO - Started process (PID=140) to work on /home/airflow/.local/lib/python3.8/site-packages/airflow/example_dags/example_latest_only_with_trigger.py
[2023-11-04 14:12:49,470] {processor.py:642} INFO - Processing file /home/airflow/.local/lib/python3.8/site-packages/airflow/example_dags/example_latest_only_with_trigger.py for tasks to queue
[2023-11-04 14:12:49,472] {logging_mixin.py:109} INFO - [2023-11-04 14:12:49,472] {dagbag.py:500} INFO - Filling up the DagBag from /home/airflow/.local/lib/python3.8/site-packages/airflow/example_dags/example_latest_only_with_trigger.py
[2023-11-04 14:12:49,522] {processor.py:654} INFO - DAG(s) dict_keys(['latest_only_with_trigger']) retrieved from /home/airflow/.local/lib/python3.8/site-packages/airflow/example_dags/example_latest_only_with_trigger.py
[2023-11-04 14:12:49,550] {logging_mixin.py:109} INFO - [2023-11-04 14:12:49,550] {dag.py:2398} INFO - Sync 1 DAGs
[2023-11-04 14:12:49,577] {logging_mixin.py:109} INFO - [2023-11-04 14:12:49,577] {dag.py:2937} INFO - Setting next_dagrun for latest_only_with_trigger to 2023-11-04T10:12:49.577420+00:00
[2023-11-04 14:12:49,594] {processor.py:171} INFO - Processing /home/airflow/.local/lib/python3.8/site-packages/airflow/example_dags/example_latest_only_with_trigger.py took 0.132 seconds
[2023-11-04 14:13:19,835] {processor.py:163} INFO - Started process (PID=189) to work on /home/airflow/.local/lib/python3.8/site-packages/airflow/example_dags/example_latest_only_with_trigger.py
[2023-11-04 14:13:19,837] {processor.py:642} INFO - Processing file /home/airflow/.local/lib/python3.8/site-packages/airflow/example_dags/example_latest_only_with_trigger.py for tasks to queue
[2023-11-04 14:13:19,840] {logging_mixin.py:109} INFO - [2023-11-04 14:13:19,839] {dagbag.py:500} INFO - Filling up the DagBag from /home/airflow/.local/lib/python3.8/site-packages/airflow/example_dags/example_latest_only_with_trigger.py
[2023-11-04 14:13:19,884] {processor.py:654} INFO - DAG(s) dict_keys(['latest_only_with_trigger']) retrieved from /home/airflow/.local/lib/python3.8/site-packages/airflow/example_dags/example_latest_only_with_trigger.py
[2023-11-04 14:13:19,899] {logging_mixin.py:109} INFO - [2023-11-04 14:13:19,899] {dag.py:2398} INFO - Sync 1 DAGs
[2023-11-04 14:13:19,919] {logging_mixin.py:109} INFO - [2023-11-04 14:13:19,919] {dag.py:2937} INFO - Setting next_dagrun for latest_only_with_trigger to 2023-11-04T10:13:19.919117+00:00
[2023-11-04 14:13:19,931] {processor.py:171} INFO - Processing /home/airflow/.local/lib/python3.8/site-packages/airflow/example_dags/example_latest_only_with_trigger.py took 0.101 seconds
[2023-11-04 14:13:50,426] {processor.py:163} INFO - Started process (PID=239) to work on /home/airflow/.local/lib/python3.8/site-packages/airflow/example_dags/example_latest_only_with_trigger.py
[2023-11-04 14:13:50,429] {processor.py:642} INFO - Processing file /home/airflow/.local/lib/python3.8/site-packages/airflow/example_dags/example_latest_only_with_trigger.py for tasks to queue
[2023-11-04 14:13:50,430] {logging_mixin.py:109} INFO - [2023-11-04 14:13:50,430] {dagbag.py:500} INFO - Filling up the DagBag from /home/airflow/.local/lib/python3.8/site-packages/airflow/example_dags/example_latest_only_with_trigger.py
[2023-11-04 14:13:50,478] {processor.py:654} INFO - DAG(s) dict_keys(['latest_only_with_trigger']) retrieved from /home/airflow/.local/lib/python3.8/site-packages/airflow/example_dags/example_latest_only_with_trigger.py
[2023-11-04 14:13:50,495] {logging_mixin.py:109} INFO - [2023-11-04 14:13:50,495] {dag.py:2398} INFO - Sync 1 DAGs
[2023-11-04 14:13:50,517] {logging_mixin.py:109} INFO - [2023-11-04 14:13:50,517] {dag.py:2937} INFO - Setting next_dagrun for latest_only_with_trigger to 2023-11-04T10:13:50.517185+00:00
[2023-11-04 14:13:50,533] {processor.py:171} INFO - Processing /home/airflow/.local/lib/python3.8/site-packages/airflow/example_dags/example_latest_only_with_trigger.py took 0.112 seconds
[2023-11-04 14:14:20,687] {processor.py:163} INFO - Started process (PID=296) to work on /home/airflow/.local/lib/python3.8/site-packages/airflow/example_dags/example_latest_only_with_trigger.py
[2023-11-04 14:14:20,690] {processor.py:642} INFO - Processing file /home/airflow/.local/lib/python3.8/site-packages/airflow/example_dags/example_latest_only_with_trigger.py for tasks to queue
[2023-11-04 14:14:20,692] {logging_mixin.py:109} INFO - [2023-11-04 14:14:20,691] {dagbag.py:500} INFO - Filling up the DagBag from /home/airflow/.local/lib/python3.8/site-packages/airflow/example_dags/example_latest_only_with_trigger.py
[2023-11-04 14:14:20,740] {processor.py:654} INFO - DAG(s) dict_keys(['latest_only_with_trigger']) retrieved from /home/airflow/.local/lib/python3.8/site-packages/airflow/example_dags/example_latest_only_with_trigger.py
[2023-11-04 14:14:20,756] {logging_mixin.py:109} INFO - [2023-11-04 14:14:20,755] {dag.py:2398} INFO - Sync 1 DAGs
[2023-11-04 14:14:20,777] {logging_mixin.py:109} INFO - [2023-11-04 14:14:20,777] {dag.py:2937} INFO - Setting next_dagrun for latest_only_with_trigger to 2023-11-04T10:14:20.776773+00:00
[2023-11-04 14:14:20,791] {processor.py:171} INFO - Processing /home/airflow/.local/lib/python3.8/site-packages/airflow/example_dags/example_latest_only_with_trigger.py took 0.110 seconds
[2023-11-04 14:14:50,877] {processor.py:163} INFO - Started process (PID=345) to work on /home/airflow/.local/lib/python3.8/site-packages/airflow/example_dags/example_latest_only_with_trigger.py
[2023-11-04 14:14:50,880] {processor.py:642} INFO - Processing file /home/airflow/.local/lib/python3.8/site-packages/airflow/example_dags/example_latest_only_with_trigger.py for tasks to queue
[2023-11-04 14:14:50,881] {logging_mixin.py:109} INFO - [2023-11-04 14:14:50,881] {dagbag.py:500} INFO - Filling up the DagBag from /home/airflow/.local/lib/python3.8/site-packages/airflow/example_dags/example_latest_only_with_trigger.py
[2023-11-04 14:14:50,929] {processor.py:654} INFO - DAG(s) dict_keys(['latest_only_with_trigger']) retrieved from /home/airflow/.local/lib/python3.8/site-packages/airflow/example_dags/example_latest_only_with_trigger.py
[2023-11-04 14:14:50,946] {logging_mixin.py:109} INFO - [2023-11-04 14:14:50,946] {dag.py:2398} INFO - Sync 1 DAGs
[2023-11-04 14:14:50,966] {logging_mixin.py:109} INFO - [2023-11-04 14:14:50,966] {dag.py:2937} INFO - Setting next_dagrun for latest_only_with_trigger to 2023-11-04T10:14:50.966234+00:00
[2023-11-04 14:14:50,979] {processor.py:171} INFO - Processing /home/airflow/.local/lib/python3.8/site-packages/airflow/example_dags/example_latest_only_with_trigger.py took 0.107 seconds
[2023-11-04 14:15:21,423] {processor.py:163} INFO - Started process (PID=394) to work on /home/airflow/.local/lib/python3.8/site-packages/airflow/example_dags/example_latest_only_with_trigger.py
[2023-11-04 14:15:21,425] {processor.py:642} INFO - Processing file /home/airflow/.local/lib/python3.8/site-packages/airflow/example_dags/example_latest_only_with_trigger.py for tasks to queue
[2023-11-04 14:15:21,427] {logging_mixin.py:109} INFO - [2023-11-04 14:15:21,426] {dagbag.py:500} INFO - Filling up the DagBag from /home/airflow/.local/lib/python3.8/site-packages/airflow/example_dags/example_latest_only_with_trigger.py
[2023-11-04 14:15:21,470] {processor.py:654} INFO - DAG(s) dict_keys(['latest_only_with_trigger']) retrieved from /home/airflow/.local/lib/python3.8/site-packages/airflow/example_dags/example_latest_only_with_trigger.py
[2023-11-04 14:15:21,490] {logging_mixin.py:109} INFO - [2023-11-04 14:15:21,490] {dag.py:2398} INFO - Sync 1 DAGs
[2023-11-04 14:15:21,516] {logging_mixin.py:109} INFO - [2023-11-04 14:15:21,516] {dag.py:2937} INFO - Setting next_dagrun for latest_only_with_trigger to 2023-11-04T10:15:21.516151+00:00
[2023-11-04 14:15:21,533] {processor.py:171} INFO - Processing /home/airflow/.local/lib/python3.8/site-packages/airflow/example_dags/example_latest_only_with_trigger.py took 0.115 seconds
[2023-11-04 14:15:51,743] {processor.py:163} INFO - Started process (PID=451) to work on /home/airflow/.local/lib/python3.8/site-packages/airflow/example_dags/example_latest_only_with_trigger.py
[2023-11-04 14:15:51,746] {processor.py:642} INFO - Processing file /home/airflow/.local/lib/python3.8/site-packages/airflow/example_dags/example_latest_only_with_trigger.py for tasks to queue
[2023-11-04 14:15:51,749] {logging_mixin.py:109} INFO - [2023-11-04 14:15:51,749] {dagbag.py:500} INFO - Filling up the DagBag from /home/airflow/.local/lib/python3.8/site-packages/airflow/example_dags/example_latest_only_with_trigger.py
[2023-11-04 14:15:51,795] {processor.py:654} INFO - DAG(s) dict_keys(['latest_only_with_trigger']) retrieved from /home/airflow/.local/lib/python3.8/site-packages/airflow/example_dags/example_latest_only_with_trigger.py
[2023-11-04 14:15:51,809] {logging_mixin.py:109} INFO - [2023-11-04 14:15:51,809] {dag.py:2398} INFO - Sync 1 DAGs
[2023-11-04 14:15:51,830] {logging_mixin.py:109} INFO - [2023-11-04 14:15:51,830] {dag.py:2937} INFO - Setting next_dagrun for latest_only_with_trigger to 2023-11-04T10:15:51.830158+00:00
[2023-11-04 14:15:51,841] {processor.py:171} INFO - Processing /home/airflow/.local/lib/python3.8/site-packages/airflow/example_dags/example_latest_only_with_trigger.py took 0.104 seconds
[2023-11-04 14:16:22,089] {processor.py:163} INFO - Started process (PID=500) to work on /home/airflow/.local/lib/python3.8/site-packages/airflow/example_dags/example_latest_only_with_trigger.py
[2023-11-04 14:16:22,092] {processor.py:642} INFO - Processing file /home/airflow/.local/lib/python3.8/site-packages/airflow/example_dags/example_latest_only_with_trigger.py for tasks to queue
[2023-11-04 14:16:22,094] {logging_mixin.py:109} INFO - [2023-11-04 14:16:22,094] {dagbag.py:500} INFO - Filling up the DagBag from /home/airflow/.local/lib/python3.8/site-packages/airflow/example_dags/example_latest_only_with_trigger.py
[2023-11-04 14:16:22,138] {processor.py:654} INFO - DAG(s) dict_keys(['latest_only_with_trigger']) retrieved from /home/airflow/.local/lib/python3.8/site-packages/airflow/example_dags/example_latest_only_with_trigger.py
[2023-11-04 14:16:22,152] {logging_mixin.py:109} INFO - [2023-11-04 14:16:22,152] {dag.py:2398} INFO - Sync 1 DAGs
[2023-11-04 14:16:22,172] {logging_mixin.py:109} INFO - [2023-11-04 14:16:22,172] {dag.py:2937} INFO - Setting next_dagrun for latest_only_with_trigger to 2023-11-04T10:16:22.171824+00:00
[2023-11-04 14:16:22,184] {processor.py:171} INFO - Processing /home/airflow/.local/lib/python3.8/site-packages/airflow/example_dags/example_latest_only_with_trigger.py took 0.099 seconds
[2023-11-04 14:16:52,692] {processor.py:163} INFO - Started process (PID=556) to work on /home/airflow/.local/lib/python3.8/site-packages/airflow/example_dags/example_latest_only_with_trigger.py
[2023-11-04 14:16:52,695] {processor.py:642} INFO - Processing file /home/airflow/.local/lib/python3.8/site-packages/airflow/example_dags/example_latest_only_with_trigger.py for tasks to queue
[2023-11-04 14:16:52,697] {logging_mixin.py:109} INFO - [2023-11-04 14:16:52,697] {dagbag.py:500} INFO - Filling up the DagBag from /home/airflow/.local/lib/python3.8/site-packages/airflow/example_dags/example_latest_only_with_trigger.py
[2023-11-04 14:16:52,746] {processor.py:654} INFO - DAG(s) dict_keys(['latest_only_with_trigger']) retrieved from /home/airflow/.local/lib/python3.8/site-packages/airflow/example_dags/example_latest_only_with_trigger.py
[2023-11-04 14:16:52,763] {logging_mixin.py:109} INFO - [2023-11-04 14:16:52,763] {dag.py:2398} INFO - Sync 1 DAGs
[2023-11-04 14:16:52,784] {logging_mixin.py:109} INFO - [2023-11-04 14:16:52,784] {dag.py:2937} INFO - Setting next_dagrun for latest_only_with_trigger to 2023-11-04T10:16:52.784239+00:00
[2023-11-04 14:16:52,798] {processor.py:171} INFO - Processing /home/airflow/.local/lib/python3.8/site-packages/airflow/example_dags/example_latest_only_with_trigger.py took 0.111 seconds
[2023-11-04 14:17:23,174] {processor.py:163} INFO - Started process (PID=606) to work on /home/airflow/.local/lib/python3.8/site-packages/airflow/example_dags/example_latest_only_with_trigger.py
[2023-11-04 14:17:23,176] {processor.py:642} INFO - Processing file /home/airflow/.local/lib/python3.8/site-packages/airflow/example_dags/example_latest_only_with_trigger.py for tasks to queue
[2023-11-04 14:17:23,178] {logging_mixin.py:109} INFO - [2023-11-04 14:17:23,178] {dagbag.py:500} INFO - Filling up the DagBag from /home/airflow/.local/lib/python3.8/site-packages/airflow/example_dags/example_latest_only_with_trigger.py
[2023-11-04 14:17:23,218] {processor.py:654} INFO - DAG(s) dict_keys(['latest_only_with_trigger']) retrieved from /home/airflow/.local/lib/python3.8/site-packages/airflow/example_dags/example_latest_only_with_trigger.py
[2023-11-04 14:17:23,232] {logging_mixin.py:109} INFO - [2023-11-04 14:17:23,231] {dag.py:2398} INFO - Sync 1 DAGs
[2023-11-04 14:17:23,251] {logging_mixin.py:109} INFO - [2023-11-04 14:17:23,251] {dag.py:2937} INFO - Setting next_dagrun for latest_only_with_trigger to 2023-11-04T10:17:23.250985+00:00
[2023-11-04 14:17:23,263] {processor.py:171} INFO - Processing /home/airflow/.local/lib/python3.8/site-packages/airflow/example_dags/example_latest_only_with_trigger.py took 0.094 seconds
[2023-11-04 14:17:53,410] {processor.py:163} INFO - Started process (PID=655) to work on /home/airflow/.local/lib/python3.8/site-packages/airflow/example_dags/example_latest_only_with_trigger.py
[2023-11-04 14:17:53,413] {processor.py:642} INFO - Processing file /home/airflow/.local/lib/python3.8/site-packages/airflow/example_dags/example_latest_only_with_trigger.py for tasks to queue
[2023-11-04 14:17:53,416] {logging_mixin.py:109} INFO - [2023-11-04 14:17:53,416] {dagbag.py:500} INFO - Filling up the DagBag from /home/airflow/.local/lib/python3.8/site-packages/airflow/example_dags/example_latest_only_with_trigger.py
[2023-11-04 14:17:53,461] {processor.py:654} INFO - DAG(s) dict_keys(['latest_only_with_trigger']) retrieved from /home/airflow/.local/lib/python3.8/site-packages/airflow/example_dags/example_latest_only_with_trigger.py
[2023-11-04 14:17:53,475] {logging_mixin.py:109} INFO - [2023-11-04 14:17:53,474] {dag.py:2398} INFO - Sync 1 DAGs
[2023-11-04 14:17:53,494] {logging_mixin.py:109} INFO - [2023-11-04 14:17:53,494] {dag.py:2937} INFO - Setting next_dagrun for latest_only_with_trigger to 2023-11-04T10:17:53.494048+00:00
[2023-11-04 14:17:53,506] {processor.py:171} INFO - Processing /home/airflow/.local/lib/python3.8/site-packages/airflow/example_dags/example_latest_only_with_trigger.py took 0.102 seconds
[2023-11-04 14:18:23,680] {processor.py:163} INFO - Started process (PID=704) to work on /home/airflow/.local/lib/python3.8/site-packages/airflow/example_dags/example_latest_only_with_trigger.py
[2023-11-04 14:18:23,682] {processor.py:642} INFO - Processing file /home/airflow/.local/lib/python3.8/site-packages/airflow/example_dags/example_latest_only_with_trigger.py for tasks to queue
[2023-11-04 14:18:23,684] {logging_mixin.py:109} INFO - [2023-11-04 14:18:23,683] {dagbag.py:500} INFO - Filling up the DagBag from /home/airflow/.local/lib/python3.8/site-packages/airflow/example_dags/example_latest_only_with_trigger.py
[2023-11-04 14:18:23,747] {processor.py:654} INFO - DAG(s) dict_keys(['latest_only_with_trigger']) retrieved from /home/airflow/.local/lib/python3.8/site-packages/airflow/example_dags/example_latest_only_with_trigger.py
[2023-11-04 14:18:23,770] {logging_mixin.py:109} INFO - [2023-11-04 14:18:23,770] {dag.py:2398} INFO - Sync 1 DAGs
[2023-11-04 14:18:23,791] {logging_mixin.py:109} INFO - [2023-11-04 14:18:23,791] {dag.py:2937} INFO - Setting next_dagrun for latest_only_with_trigger to 2023-11-04T10:18:23.791398+00:00
[2023-11-04 14:18:23,805] {processor.py:171} INFO - Processing /home/airflow/.local/lib/python3.8/site-packages/airflow/example_dags/example_latest_only_with_trigger.py took 0.130 seconds
[2023-11-04 14:18:53,941] {processor.py:163} INFO - Started process (PID=761) to work on /home/airflow/.local/lib/python3.8/site-packages/airflow/example_dags/example_latest_only_with_trigger.py
[2023-11-04 14:18:53,945] {processor.py:642} INFO - Processing file /home/airflow/.local/lib/python3.8/site-packages/airflow/example_dags/example_latest_only_with_trigger.py for tasks to queue
[2023-11-04 14:18:53,946] {logging_mixin.py:109} INFO - [2023-11-04 14:18:53,946] {dagbag.py:500} INFO - Filling up the DagBag from /home/airflow/.local/lib/python3.8/site-packages/airflow/example_dags/example_latest_only_with_trigger.py
[2023-11-04 14:18:53,986] {processor.py:654} INFO - DAG(s) dict_keys(['latest_only_with_trigger']) retrieved from /home/airflow/.local/lib/python3.8/site-packages/airflow/example_dags/example_latest_only_with_trigger.py
[2023-11-04 14:18:53,999] {logging_mixin.py:109} INFO - [2023-11-04 14:18:53,999] {dag.py:2398} INFO - Sync 1 DAGs
[2023-11-04 14:18:54,019] {logging_mixin.py:109} INFO - [2023-11-04 14:18:54,019] {dag.py:2937} INFO - Setting next_dagrun for latest_only_with_trigger to 2023-11-04T10:18:54.018894+00:00
[2023-11-04 14:18:54,039] {processor.py:171} INFO - Processing /home/airflow/.local/lib/python3.8/site-packages/airflow/example_dags/example_latest_only_with_trigger.py took 0.103 seconds
[2023-11-04 14:19:24,117] {processor.py:163} INFO - Started process (PID=810) to work on /home/airflow/.local/lib/python3.8/site-packages/airflow/example_dags/example_latest_only_with_trigger.py
[2023-11-04 14:19:24,121] {processor.py:642} INFO - Processing file /home/airflow/.local/lib/python3.8/site-packages/airflow/example_dags/example_latest_only_with_trigger.py for tasks to queue
[2023-11-04 14:19:24,123] {logging_mixin.py:109} INFO - [2023-11-04 14:19:24,123] {dagbag.py:500} INFO - Filling up the DagBag from /home/airflow/.local/lib/python3.8/site-packages/airflow/example_dags/example_latest_only_with_trigger.py
[2023-11-04 14:19:24,173] {processor.py:654} INFO - DAG(s) dict_keys(['latest_only_with_trigger']) retrieved from /home/airflow/.local/lib/python3.8/site-packages/airflow/example_dags/example_latest_only_with_trigger.py
[2023-11-04 14:19:24,190] {logging_mixin.py:109} INFO - [2023-11-04 14:19:24,190] {dag.py:2398} INFO - Sync 1 DAGs
[2023-11-04 14:19:24,220] {logging_mixin.py:109} INFO - [2023-11-04 14:19:24,220] {dag.py:2937} INFO - Setting next_dagrun for latest_only_with_trigger to 2023-11-04T10:19:24.219116+00:00
[2023-11-04 14:19:24,267] {processor.py:171} INFO - Processing /home/airflow/.local/lib/python3.8/site-packages/airflow/example_dags/example_latest_only_with_trigger.py took 0.159 seconds
[2023-11-04 14:19:54,594] {processor.py:163} INFO - Started process (PID=866) to work on /home/airflow/.local/lib/python3.8/site-packages/airflow/example_dags/example_latest_only_with_trigger.py
[2023-11-04 14:19:54,599] {processor.py:642} INFO - Processing file /home/airflow/.local/lib/python3.8/site-packages/airflow/example_dags/example_latest_only_with_trigger.py for tasks to queue
[2023-11-04 14:19:54,601] {logging_mixin.py:109} INFO - [2023-11-04 14:19:54,601] {dagbag.py:500} INFO - Filling up the DagBag from /home/airflow/.local/lib/python3.8/site-packages/airflow/example_dags/example_latest_only_with_trigger.py
[2023-11-04 14:19:54,660] {processor.py:654} INFO - DAG(s) dict_keys(['latest_only_with_trigger']) retrieved from /home/airflow/.local/lib/python3.8/site-packages/airflow/example_dags/example_latest_only_with_trigger.py
[2023-11-04 14:19:54,678] {logging_mixin.py:109} INFO - [2023-11-04 14:19:54,678] {dag.py:2398} INFO - Sync 1 DAGs
[2023-11-04 14:19:54,703] {logging_mixin.py:109} INFO - [2023-11-04 14:19:54,702] {dag.py:2937} INFO - Setting next_dagrun for latest_only_with_trigger to 2023-11-04T10:19:54.702247+00:00
[2023-11-04 14:19:54,718] {processor.py:171} INFO - Processing /home/airflow/.local/lib/python3.8/site-packages/airflow/example_dags/example_latest_only_with_trigger.py took 0.130 seconds
[2023-11-04 14:20:25,291] {processor.py:163} INFO - Started process (PID=918) to work on /home/airflow/.local/lib/python3.8/site-packages/airflow/example_dags/example_latest_only_with_trigger.py
[2023-11-04 14:20:25,295] {processor.py:642} INFO - Processing file /home/airflow/.local/lib/python3.8/site-packages/airflow/example_dags/example_latest_only_with_trigger.py for tasks to queue
[2023-11-04 14:20:25,297] {logging_mixin.py:109} INFO - [2023-11-04 14:20:25,296] {dagbag.py:500} INFO - Filling up the DagBag from /home/airflow/.local/lib/python3.8/site-packages/airflow/example_dags/example_latest_only_with_trigger.py
[2023-11-04 14:20:25,346] {processor.py:654} INFO - DAG(s) dict_keys(['latest_only_with_trigger']) retrieved from /home/airflow/.local/lib/python3.8/site-packages/airflow/example_dags/example_latest_only_with_trigger.py
[2023-11-04 14:20:25,363] {logging_mixin.py:109} INFO - [2023-11-04 14:20:25,363] {dag.py:2398} INFO - Sync 1 DAGs
[2023-11-04 14:20:25,385] {logging_mixin.py:109} INFO - [2023-11-04 14:20:25,385] {dag.py:2937} INFO - Setting next_dagrun for latest_only_with_trigger to 2023-11-04T10:20:25.384700+00:00
[2023-11-04 14:20:25,400] {processor.py:171} INFO - Processing /home/airflow/.local/lib/python3.8/site-packages/airflow/example_dags/example_latest_only_with_trigger.py took 0.116 seconds
[2023-11-04 14:20:55,988] {processor.py:163} INFO - Started process (PID=967) to work on /home/airflow/.local/lib/python3.8/site-packages/airflow/example_dags/example_latest_only_with_trigger.py
[2023-11-04 14:20:55,990] {processor.py:642} INFO - Processing file /home/airflow/.local/lib/python3.8/site-packages/airflow/example_dags/example_latest_only_with_trigger.py for tasks to queue
[2023-11-04 14:20:55,992] {logging_mixin.py:109} INFO - [2023-11-04 14:20:55,992] {dagbag.py:500} INFO - Filling up the DagBag from /home/airflow/.local/lib/python3.8/site-packages/airflow/example_dags/example_latest_only_with_trigger.py
[2023-11-04 14:20:56,038] {processor.py:654} INFO - DAG(s) dict_keys(['latest_only_with_trigger']) retrieved from /home/airflow/.local/lib/python3.8/site-packages/airflow/example_dags/example_latest_only_with_trigger.py
[2023-11-04 14:20:56,054] {logging_mixin.py:109} INFO - [2023-11-04 14:20:56,054] {dag.py:2398} INFO - Sync 1 DAGs
[2023-11-04 14:20:56,075] {logging_mixin.py:109} INFO - [2023-11-04 14:20:56,075] {dag.py:2937} INFO - Setting next_dagrun for latest_only_with_trigger to 2023-11-04T10:20:56.075120+00:00
[2023-11-04 14:20:56,088] {processor.py:171} INFO - Processing /home/airflow/.local/lib/python3.8/site-packages/airflow/example_dags/example_latest_only_with_trigger.py took 0.107 seconds
[2023-11-04 14:21:26,265] {processor.py:163} INFO - Started process (PID=1017) to work on /home/airflow/.local/lib/python3.8/site-packages/airflow/example_dags/example_latest_only_with_trigger.py
[2023-11-04 14:21:26,268] {processor.py:642} INFO - Processing file /home/airflow/.local/lib/python3.8/site-packages/airflow/example_dags/example_latest_only_with_trigger.py for tasks to queue
[2023-11-04 14:21:26,269] {logging_mixin.py:109} INFO - [2023-11-04 14:21:26,269] {dagbag.py:500} INFO - Filling up the DagBag from /home/airflow/.local/lib/python3.8/site-packages/airflow/example_dags/example_latest_only_with_trigger.py
[2023-11-04 14:21:26,320] {processor.py:654} INFO - DAG(s) dict_keys(['latest_only_with_trigger']) retrieved from /home/airflow/.local/lib/python3.8/site-packages/airflow/example_dags/example_latest_only_with_trigger.py
[2023-11-04 14:21:26,341] {logging_mixin.py:109} INFO - [2023-11-04 14:21:26,341] {dag.py:2398} INFO - Sync 1 DAGs
[2023-11-04 14:21:26,368] {logging_mixin.py:109} INFO - [2023-11-04 14:21:26,368] {dag.py:2937} INFO - Setting next_dagrun for latest_only_with_trigger to 2023-11-04T10:21:26.367717+00:00
[2023-11-04 14:21:26,381] {processor.py:171} INFO - Processing /home/airflow/.local/lib/python3.8/site-packages/airflow/example_dags/example_latest_only_with_trigger.py took 0.123 seconds
[2023-11-04 14:21:56,554] {processor.py:163} INFO - Started process (PID=1075) to work on /home/airflow/.local/lib/python3.8/site-packages/airflow/example_dags/example_latest_only_with_trigger.py
[2023-11-04 14:21:56,557] {processor.py:642} INFO - Processing file /home/airflow/.local/lib/python3.8/site-packages/airflow/example_dags/example_latest_only_with_trigger.py for tasks to queue
[2023-11-04 14:21:56,559] {logging_mixin.py:109} INFO - [2023-11-04 14:21:56,559] {dagbag.py:500} INFO - Filling up the DagBag from /home/airflow/.local/lib/python3.8/site-packages/airflow/example_dags/example_latest_only_with_trigger.py
[2023-11-04 14:21:56,613] {processor.py:654} INFO - DAG(s) dict_keys(['latest_only_with_trigger']) retrieved from /home/airflow/.local/lib/python3.8/site-packages/airflow/example_dags/example_latest_only_with_trigger.py
[2023-11-04 14:21:56,641] {logging_mixin.py:109} INFO - [2023-11-04 14:21:56,641] {dag.py:2398} INFO - Sync 1 DAGs
[2023-11-04 14:21:56,661] {logging_mixin.py:109} INFO - [2023-11-04 14:21:56,661] {dag.py:2937} INFO - Setting next_dagrun for latest_only_with_trigger to 2023-11-04T10:21:56.661046+00:00
[2023-11-04 14:21:56,673] {processor.py:171} INFO - Processing /home/airflow/.local/lib/python3.8/site-packages/airflow/example_dags/example_latest_only_with_trigger.py took 0.125 seconds
[2023-11-04 14:22:26,713] {processor.py:163} INFO - Started process (PID=1124) to work on /home/airflow/.local/lib/python3.8/site-packages/airflow/example_dags/example_latest_only_with_trigger.py
[2023-11-04 14:22:26,717] {processor.py:642} INFO - Processing file /home/airflow/.local/lib/python3.8/site-packages/airflow/example_dags/example_latest_only_with_trigger.py for tasks to queue
[2023-11-04 14:22:26,719] {logging_mixin.py:109} INFO - [2023-11-04 14:22:26,718] {dagbag.py:500} INFO - Filling up the DagBag from /home/airflow/.local/lib/python3.8/site-packages/airflow/example_dags/example_latest_only_with_trigger.py
[2023-11-04 14:22:26,763] {processor.py:654} INFO - DAG(s) dict_keys(['latest_only_with_trigger']) retrieved from /home/airflow/.local/lib/python3.8/site-packages/airflow/example_dags/example_latest_only_with_trigger.py
[2023-11-04 14:22:26,778] {logging_mixin.py:109} INFO - [2023-11-04 14:22:26,777] {dag.py:2398} INFO - Sync 1 DAGs
[2023-11-04 14:22:26,798] {logging_mixin.py:109} INFO - [2023-11-04 14:22:26,798] {dag.py:2937} INFO - Setting next_dagrun for latest_only_with_trigger to 2023-11-04T10:22:26.798059+00:00
[2023-11-04 14:22:26,810] {processor.py:171} INFO - Processing /home/airflow/.local/lib/python3.8/site-packages/airflow/example_dags/example_latest_only_with_trigger.py took 0.102 seconds
[2023-11-04 14:22:56,971] {processor.py:163} INFO - Started process (PID=1181) to work on /home/airflow/.local/lib/python3.8/site-packages/airflow/example_dags/example_latest_only_with_trigger.py
[2023-11-04 14:22:56,973] {processor.py:642} INFO - Processing file /home/airflow/.local/lib/python3.8/site-packages/airflow/example_dags/example_latest_only_with_trigger.py for tasks to queue
[2023-11-04 14:22:56,975] {logging_mixin.py:109} INFO - [2023-11-04 14:22:56,975] {dagbag.py:500} INFO - Filling up the DagBag from /home/airflow/.local/lib/python3.8/site-packages/airflow/example_dags/example_latest_only_with_trigger.py
[2023-11-04 14:22:57,019] {processor.py:654} INFO - DAG(s) dict_keys(['latest_only_with_trigger']) retrieved from /home/airflow/.local/lib/python3.8/site-packages/airflow/example_dags/example_latest_only_with_trigger.py
[2023-11-04 14:22:57,034] {logging_mixin.py:109} INFO - [2023-11-04 14:22:57,034] {dag.py:2398} INFO - Sync 1 DAGs
[2023-11-04 14:22:57,055] {logging_mixin.py:109} INFO - [2023-11-04 14:22:57,054] {dag.py:2937} INFO - Setting next_dagrun for latest_only_with_trigger to 2023-11-04T10:22:57.054451+00:00
[2023-11-04 14:22:57,068] {processor.py:171} INFO - Processing /home/airflow/.local/lib/python3.8/site-packages/airflow/example_dags/example_latest_only_with_trigger.py took 0.103 seconds
[2023-11-04 14:23:27,549] {processor.py:163} INFO - Started process (PID=1230) to work on /home/airflow/.local/lib/python3.8/site-packages/airflow/example_dags/example_latest_only_with_trigger.py
[2023-11-04 14:23:27,551] {processor.py:642} INFO - Processing file /home/airflow/.local/lib/python3.8/site-packages/airflow/example_dags/example_latest_only_with_trigger.py for tasks to queue
[2023-11-04 14:23:27,554] {logging_mixin.py:109} INFO - [2023-11-04 14:23:27,554] {dagbag.py:500} INFO - Filling up the DagBag from /home/airflow/.local/lib/python3.8/site-packages/airflow/example_dags/example_latest_only_with_trigger.py
[2023-11-04 14:23:27,610] {processor.py:654} INFO - DAG(s) dict_keys(['latest_only_with_trigger']) retrieved from /home/airflow/.local/lib/python3.8/site-packages/airflow/example_dags/example_latest_only_with_trigger.py
[2023-11-04 14:23:27,627] {logging_mixin.py:109} INFO - [2023-11-04 14:23:27,627] {dag.py:2398} INFO - Sync 1 DAGs
[2023-11-04 14:23:27,649] {logging_mixin.py:109} INFO - [2023-11-04 14:23:27,649] {dag.py:2937} INFO - Setting next_dagrun for latest_only_with_trigger to 2023-11-04T10:23:27.649128+00:00
[2023-11-04 14:23:27,663] {processor.py:171} INFO - Processing /home/airflow/.local/lib/python3.8/site-packages/airflow/example_dags/example_latest_only_with_trigger.py took 0.120 seconds
[2023-11-04 14:23:58,488] {processor.py:163} INFO - Started process (PID=1279) to work on /home/airflow/.local/lib/python3.8/site-packages/airflow/example_dags/example_latest_only_with_trigger.py
[2023-11-04 14:23:58,490] {processor.py:642} INFO - Processing file /home/airflow/.local/lib/python3.8/site-packages/airflow/example_dags/example_latest_only_with_trigger.py for tasks to queue
[2023-11-04 14:23:58,491] {logging_mixin.py:109} INFO - [2023-11-04 14:23:58,491] {dagbag.py:500} INFO - Filling up the DagBag from /home/airflow/.local/lib/python3.8/site-packages/airflow/example_dags/example_latest_only_with_trigger.py
[2023-11-04 14:23:58,534] {processor.py:654} INFO - DAG(s) dict_keys(['latest_only_with_trigger']) retrieved from /home/airflow/.local/lib/python3.8/site-packages/airflow/example_dags/example_latest_only_with_trigger.py
[2023-11-04 14:23:58,549] {logging_mixin.py:109} INFO - [2023-11-04 14:23:58,548] {dag.py:2398} INFO - Sync 1 DAGs
[2023-11-04 14:23:58,567] {logging_mixin.py:109} INFO - [2023-11-04 14:23:58,567] {dag.py:2937} INFO - Setting next_dagrun for latest_only_with_trigger to 2023-11-04T10:23:58.567373+00:00
[2023-11-04 14:23:58,578] {processor.py:171} INFO - Processing /home/airflow/.local/lib/python3.8/site-packages/airflow/example_dags/example_latest_only_with_trigger.py took 0.095 seconds
[2023-11-04 14:24:29,317] {processor.py:163} INFO - Started process (PID=1336) to work on /home/airflow/.local/lib/python3.8/site-packages/airflow/example_dags/example_latest_only_with_trigger.py
[2023-11-04 14:24:29,319] {processor.py:642} INFO - Processing file /home/airflow/.local/lib/python3.8/site-packages/airflow/example_dags/example_latest_only_with_trigger.py for tasks to queue
[2023-11-04 14:24:29,320] {logging_mixin.py:109} INFO - [2023-11-04 14:24:29,320] {dagbag.py:500} INFO - Filling up the DagBag from /home/airflow/.local/lib/python3.8/site-packages/airflow/example_dags/example_latest_only_with_trigger.py
[2023-11-04 14:24:29,366] {processor.py:654} INFO - DAG(s) dict_keys(['latest_only_with_trigger']) retrieved from /home/airflow/.local/lib/python3.8/site-packages/airflow/example_dags/example_latest_only_with_trigger.py
[2023-11-04 14:24:29,381] {logging_mixin.py:109} INFO - [2023-11-04 14:24:29,380] {dag.py:2398} INFO - Sync 1 DAGs
[2023-11-04 14:24:29,401] {logging_mixin.py:109} INFO - [2023-11-04 14:24:29,401] {dag.py:2937} INFO - Setting next_dagrun for latest_only_with_trigger to 2023-11-04T10:24:29.400690+00:00
[2023-11-04 14:24:29,413] {processor.py:171} INFO - Processing /home/airflow/.local/lib/python3.8/site-packages/airflow/example_dags/example_latest_only_with_trigger.py took 0.101 seconds
[2023-11-04 14:24:59,604] {processor.py:163} INFO - Started process (PID=1385) to work on /home/airflow/.local/lib/python3.8/site-packages/airflow/example_dags/example_latest_only_with_trigger.py
[2023-11-04 14:24:59,607] {processor.py:642} INFO - Processing file /home/airflow/.local/lib/python3.8/site-packages/airflow/example_dags/example_latest_only_with_trigger.py for tasks to queue
[2023-11-04 14:24:59,609] {logging_mixin.py:109} INFO - [2023-11-04 14:24:59,609] {dagbag.py:500} INFO - Filling up the DagBag from /home/airflow/.local/lib/python3.8/site-packages/airflow/example_dags/example_latest_only_with_trigger.py
[2023-11-04 14:24:59,671] {processor.py:654} INFO - DAG(s) dict_keys(['latest_only_with_trigger']) retrieved from /home/airflow/.local/lib/python3.8/site-packages/airflow/example_dags/example_latest_only_with_trigger.py
[2023-11-04 14:24:59,689] {logging_mixin.py:109} INFO - [2023-11-04 14:24:59,689] {dag.py:2398} INFO - Sync 1 DAGs
[2023-11-04 14:24:59,710] {logging_mixin.py:109} INFO - [2023-11-04 14:24:59,709] {dag.py:2937} INFO - Setting next_dagrun for latest_only_with_trigger to 2023-11-04T10:24:59.709346+00:00
[2023-11-04 14:24:59,722] {processor.py:171} INFO - Processing /home/airflow/.local/lib/python3.8/site-packages/airflow/example_dags/example_latest_only_with_trigger.py took 0.126 seconds
[2023-11-04 14:25:29,865] {processor.py:163} INFO - Started process (PID=1442) to work on /home/airflow/.local/lib/python3.8/site-packages/airflow/example_dags/example_latest_only_with_trigger.py
[2023-11-04 14:25:29,868] {processor.py:642} INFO - Processing file /home/airflow/.local/lib/python3.8/site-packages/airflow/example_dags/example_latest_only_with_trigger.py for tasks to queue
[2023-11-04 14:25:29,870] {logging_mixin.py:109} INFO - [2023-11-04 14:25:29,870] {dagbag.py:500} INFO - Filling up the DagBag from /home/airflow/.local/lib/python3.8/site-packages/airflow/example_dags/example_latest_only_with_trigger.py
[2023-11-04 14:25:29,923] {processor.py:654} INFO - DAG(s) dict_keys(['latest_only_with_trigger']) retrieved from /home/airflow/.local/lib/python3.8/site-packages/airflow/example_dags/example_latest_only_with_trigger.py
[2023-11-04 14:25:29,938] {logging_mixin.py:109} INFO - [2023-11-04 14:25:29,938] {dag.py:2398} INFO - Sync 1 DAGs
[2023-11-04 14:25:29,959] {logging_mixin.py:109} INFO - [2023-11-04 14:25:29,959] {dag.py:2937} INFO - Setting next_dagrun for latest_only_with_trigger to 2023-11-04T10:25:29.958731+00:00
[2023-11-04 14:25:29,971] {processor.py:171} INFO - Processing /home/airflow/.local/lib/python3.8/site-packages/airflow/example_dags/example_latest_only_with_trigger.py took 0.113 seconds
[2023-11-04 14:26:00,195] {processor.py:163} INFO - Started process (PID=1491) to work on /home/airflow/.local/lib/python3.8/site-packages/airflow/example_dags/example_latest_only_with_trigger.py
[2023-11-04 14:26:00,198] {processor.py:642} INFO - Processing file /home/airflow/.local/lib/python3.8/site-packages/airflow/example_dags/example_latest_only_with_trigger.py for tasks to queue
[2023-11-04 14:26:00,200] {logging_mixin.py:109} INFO - [2023-11-04 14:26:00,200] {dagbag.py:500} INFO - Filling up the DagBag from /home/airflow/.local/lib/python3.8/site-packages/airflow/example_dags/example_latest_only_with_trigger.py
[2023-11-04 14:26:00,246] {processor.py:654} INFO - DAG(s) dict_keys(['latest_only_with_trigger']) retrieved from /home/airflow/.local/lib/python3.8/site-packages/airflow/example_dags/example_latest_only_with_trigger.py
[2023-11-04 14:26:00,261] {logging_mixin.py:109} INFO - [2023-11-04 14:26:00,261] {dag.py:2398} INFO - Sync 1 DAGs
[2023-11-04 14:26:00,281] {logging_mixin.py:109} INFO - [2023-11-04 14:26:00,281] {dag.py:2937} INFO - Setting next_dagrun for latest_only_with_trigger to 2023-11-04T10:26:00.281374+00:00
[2023-11-04 14:26:00,293] {processor.py:171} INFO - Processing /home/airflow/.local/lib/python3.8/site-packages/airflow/example_dags/example_latest_only_with_trigger.py took 0.104 seconds
[2023-11-04 14:26:30,523] {processor.py:163} INFO - Started process (PID=1540) to work on /home/airflow/.local/lib/python3.8/site-packages/airflow/example_dags/example_latest_only_with_trigger.py
[2023-11-04 14:26:30,526] {processor.py:642} INFO - Processing file /home/airflow/.local/lib/python3.8/site-packages/airflow/example_dags/example_latest_only_with_trigger.py for tasks to queue
[2023-11-04 14:26:30,527] {logging_mixin.py:109} INFO - [2023-11-04 14:26:30,527] {dagbag.py:500} INFO - Filling up the DagBag from /home/airflow/.local/lib/python3.8/site-packages/airflow/example_dags/example_latest_only_with_trigger.py
[2023-11-04 14:26:30,575] {processor.py:654} INFO - DAG(s) dict_keys(['latest_only_with_trigger']) retrieved from /home/airflow/.local/lib/python3.8/site-packages/airflow/example_dags/example_latest_only_with_trigger.py
[2023-11-04 14:26:30,591] {logging_mixin.py:109} INFO - [2023-11-04 14:26:30,590] {dag.py:2398} INFO - Sync 1 DAGs
[2023-11-04 14:26:30,612] {logging_mixin.py:109} INFO - [2023-11-04 14:26:30,611] {dag.py:2937} INFO - Setting next_dagrun for latest_only_with_trigger to 2023-11-04T10:26:30.611495+00:00
[2023-11-04 14:26:30,624] {processor.py:171} INFO - Processing /home/airflow/.local/lib/python3.8/site-packages/airflow/example_dags/example_latest_only_with_trigger.py took 0.108 seconds
[2023-11-04 14:28:07,056] {processor.py:163} INFO - Started process (PID=35) to work on /home/airflow/.local/lib/python3.8/site-packages/airflow/example_dags/example_latest_only_with_trigger.py
[2023-11-04 14:28:07,064] {processor.py:642} INFO - Processing file /home/airflow/.local/lib/python3.8/site-packages/airflow/example_dags/example_latest_only_with_trigger.py for tasks to queue
[2023-11-04 14:28:07,071] {logging_mixin.py:109} INFO - [2023-11-04 14:28:07,071] {dagbag.py:500} INFO - Filling up the DagBag from /home/airflow/.local/lib/python3.8/site-packages/airflow/example_dags/example_latest_only_with_trigger.py
[2023-11-04 14:28:07,157] {processor.py:654} INFO - DAG(s) dict_keys(['latest_only_with_trigger']) retrieved from /home/airflow/.local/lib/python3.8/site-packages/airflow/example_dags/example_latest_only_with_trigger.py
[2023-11-04 14:28:07,178] {logging_mixin.py:109} INFO - [2023-11-04 14:28:07,178] {dag.py:2398} INFO - Sync 1 DAGs
[2023-11-04 14:28:07,217] {logging_mixin.py:109} INFO - [2023-11-04 14:28:07,216] {dag.py:2937} INFO - Setting next_dagrun for latest_only_with_trigger to 2023-11-04T10:28:07.216224+00:00
[2023-11-04 14:28:07,231] {processor.py:171} INFO - Processing /home/airflow/.local/lib/python3.8/site-packages/airflow/example_dags/example_latest_only_with_trigger.py took 0.185 seconds
[2023-11-04 14:28:37,812] {processor.py:163} INFO - Started process (PID=85) to work on /home/airflow/.local/lib/python3.8/site-packages/airflow/example_dags/example_latest_only_with_trigger.py
[2023-11-04 14:28:37,814] {processor.py:642} INFO - Processing file /home/airflow/.local/lib/python3.8/site-packages/airflow/example_dags/example_latest_only_with_trigger.py for tasks to queue
[2023-11-04 14:28:37,816] {logging_mixin.py:109} INFO - [2023-11-04 14:28:37,816] {dagbag.py:500} INFO - Filling up the DagBag from /home/airflow/.local/lib/python3.8/site-packages/airflow/example_dags/example_latest_only_with_trigger.py
[2023-11-04 14:28:37,860] {processor.py:654} INFO - DAG(s) dict_keys(['latest_only_with_trigger']) retrieved from /home/airflow/.local/lib/python3.8/site-packages/airflow/example_dags/example_latest_only_with_trigger.py
[2023-11-04 14:28:37,874] {logging_mixin.py:109} INFO - [2023-11-04 14:28:37,874] {dag.py:2398} INFO - Sync 1 DAGs
[2023-11-04 14:28:37,894] {logging_mixin.py:109} INFO - [2023-11-04 14:28:37,894] {dag.py:2937} INFO - Setting next_dagrun for latest_only_with_trigger to 2023-11-04T10:28:37.893909+00:00
[2023-11-04 14:28:37,905] {processor.py:171} INFO - Processing /home/airflow/.local/lib/python3.8/site-packages/airflow/example_dags/example_latest_only_with_trigger.py took 0.097 seconds
[2023-11-04 14:29:08,182] {processor.py:163} INFO - Started process (PID=142) to work on /home/airflow/.local/lib/python3.8/site-packages/airflow/example_dags/example_latest_only_with_trigger.py
[2023-11-04 14:29:08,186] {processor.py:642} INFO - Processing file /home/airflow/.local/lib/python3.8/site-packages/airflow/example_dags/example_latest_only_with_trigger.py for tasks to queue
[2023-11-04 14:29:08,188] {logging_mixin.py:109} INFO - [2023-11-04 14:29:08,188] {dagbag.py:500} INFO - Filling up the DagBag from /home/airflow/.local/lib/python3.8/site-packages/airflow/example_dags/example_latest_only_with_trigger.py
[2023-11-04 14:29:08,236] {processor.py:654} INFO - DAG(s) dict_keys(['latest_only_with_trigger']) retrieved from /home/airflow/.local/lib/python3.8/site-packages/airflow/example_dags/example_latest_only_with_trigger.py
[2023-11-04 14:29:08,252] {logging_mixin.py:109} INFO - [2023-11-04 14:29:08,251] {dag.py:2398} INFO - Sync 1 DAGs
[2023-11-04 14:29:08,274] {logging_mixin.py:109} INFO - [2023-11-04 14:29:08,274] {dag.py:2937} INFO - Setting next_dagrun for latest_only_with_trigger to 2023-11-04T10:29:08.273243+00:00
[2023-11-04 14:29:08,287] {processor.py:171} INFO - Processing /home/airflow/.local/lib/python3.8/site-packages/airflow/example_dags/example_latest_only_with_trigger.py took 0.113 seconds
[2023-11-04 14:29:38,665] {processor.py:163} INFO - Started process (PID=191) to work on /home/airflow/.local/lib/python3.8/site-packages/airflow/example_dags/example_latest_only_with_trigger.py
[2023-11-04 14:29:38,667] {processor.py:642} INFO - Processing file /home/airflow/.local/lib/python3.8/site-packages/airflow/example_dags/example_latest_only_with_trigger.py for tasks to queue
[2023-11-04 14:29:38,669] {logging_mixin.py:109} INFO - [2023-11-04 14:29:38,669] {dagbag.py:500} INFO - Filling up the DagBag from /home/airflow/.local/lib/python3.8/site-packages/airflow/example_dags/example_latest_only_with_trigger.py
[2023-11-04 14:29:38,714] {processor.py:654} INFO - DAG(s) dict_keys(['latest_only_with_trigger']) retrieved from /home/airflow/.local/lib/python3.8/site-packages/airflow/example_dags/example_latest_only_with_trigger.py
[2023-11-04 14:29:38,729] {logging_mixin.py:109} INFO - [2023-11-04 14:29:38,729] {dag.py:2398} INFO - Sync 1 DAGs
[2023-11-04 14:29:38,754] {logging_mixin.py:109} INFO - [2023-11-04 14:29:38,753] {dag.py:2937} INFO - Setting next_dagrun for latest_only_with_trigger to 2023-11-04T10:29:38.753397+00:00
[2023-11-04 14:29:38,767] {processor.py:171} INFO - Processing /home/airflow/.local/lib/python3.8/site-packages/airflow/example_dags/example_latest_only_with_trigger.py took 0.107 seconds
[2023-11-04 14:30:09,438] {processor.py:163} INFO - Started process (PID=240) to work on /home/airflow/.local/lib/python3.8/site-packages/airflow/example_dags/example_latest_only_with_trigger.py
[2023-11-04 14:30:09,441] {processor.py:642} INFO - Processing file /home/airflow/.local/lib/python3.8/site-packages/airflow/example_dags/example_latest_only_with_trigger.py for tasks to queue
[2023-11-04 14:30:09,443] {logging_mixin.py:109} INFO - [2023-11-04 14:30:09,442] {dagbag.py:500} INFO - Filling up the DagBag from /home/airflow/.local/lib/python3.8/site-packages/airflow/example_dags/example_latest_only_with_trigger.py
[2023-11-04 14:30:09,491] {processor.py:654} INFO - DAG(s) dict_keys(['latest_only_with_trigger']) retrieved from /home/airflow/.local/lib/python3.8/site-packages/airflow/example_dags/example_latest_only_with_trigger.py
[2023-11-04 14:30:09,507] {logging_mixin.py:109} INFO - [2023-11-04 14:30:09,507] {dag.py:2398} INFO - Sync 1 DAGs
[2023-11-04 14:30:09,528] {logging_mixin.py:109} INFO - [2023-11-04 14:30:09,528] {dag.py:2937} INFO - Setting next_dagrun for latest_only_with_trigger to 2023-11-04T10:30:09.528093+00:00
[2023-11-04 14:30:09,541] {processor.py:171} INFO - Processing /home/airflow/.local/lib/python3.8/site-packages/airflow/example_dags/example_latest_only_with_trigger.py took 0.107 seconds
[2023-11-04 14:30:39,719] {processor.py:163} INFO - Started process (PID=296) to work on /home/airflow/.local/lib/python3.8/site-packages/airflow/example_dags/example_latest_only_with_trigger.py
[2023-11-04 14:30:39,722] {processor.py:642} INFO - Processing file /home/airflow/.local/lib/python3.8/site-packages/airflow/example_dags/example_latest_only_with_trigger.py for tasks to queue
[2023-11-04 14:30:39,724] {logging_mixin.py:109} INFO - [2023-11-04 14:30:39,723] {dagbag.py:500} INFO - Filling up the DagBag from /home/airflow/.local/lib/python3.8/site-packages/airflow/example_dags/example_latest_only_with_trigger.py
[2023-11-04 14:30:39,771] {processor.py:654} INFO - DAG(s) dict_keys(['latest_only_with_trigger']) retrieved from /home/airflow/.local/lib/python3.8/site-packages/airflow/example_dags/example_latest_only_with_trigger.py
[2023-11-04 14:30:39,787] {logging_mixin.py:109} INFO - [2023-11-04 14:30:39,786] {dag.py:2398} INFO - Sync 1 DAGs
[2023-11-04 14:30:39,809] {logging_mixin.py:109} INFO - [2023-11-04 14:30:39,809] {dag.py:2937} INFO - Setting next_dagrun for latest_only_with_trigger to 2023-11-04T10:30:39.809027+00:00
[2023-11-04 14:30:39,822] {processor.py:171} INFO - Processing /home/airflow/.local/lib/python3.8/site-packages/airflow/example_dags/example_latest_only_with_trigger.py took 0.113 seconds
