[2023-11-04 13:41:14,851] {processor.py:163} INFO - Started process (PID=120) to work on /home/airflow/.local/lib/python3.8/site-packages/airflow/example_dags/example_kubernetes_executor.py
[2023-11-04 13:41:14,858] {processor.py:642} INFO - Processing file /home/airflow/.local/lib/python3.8/site-packages/airflow/example_dags/example_kubernetes_executor.py for tasks to queue
[2023-11-04 13:41:14,862] {logging_mixin.py:109} INFO - [2023-11-04 13:41:14,861] {dagbag.py:500} INFO - Filling up the DagBag from /home/airflow/.local/lib/python3.8/site-packages/airflow/example_dags/example_kubernetes_executor.py
[2023-11-04 13:41:15,688] {processor.py:654} INFO - DAG(s) dict_keys(['example_kubernetes_executor']) retrieved from /home/airflow/.local/lib/python3.8/site-packages/airflow/example_dags/example_kubernetes_executor.py
[2023-11-04 13:41:19,688] {logging_mixin.py:109} INFO - [2023-11-04 13:41:19,688] {providers_manager.py:154} WARNING - Exception when importing 'airflow.providers.google.common.hooks.base_google.GoogleBaseHook' from 'apache-airflow-providers-google' package: module 'pyparsing' has no attribute 'downcaseTokens'
[2023-11-04 13:41:19,696] {logging_mixin.py:109} INFO - [2023-11-04 13:41:19,696] {providers_manager.py:154} WARNING - Exception when importing 'airflow.providers.google.cloud.hooks.cloud_sql.CloudSQLHook' from 'apache-airflow-providers-google' package: module 'pyparsing' has no attribute 'downcaseTokens'
[2023-11-04 13:41:19,701] {logging_mixin.py:109} INFO - [2023-11-04 13:41:19,701] {providers_manager.py:154} WARNING - Exception when importing 'airflow.providers.google.cloud.hooks.cloud_sql.CloudSQLDatabaseHook' from 'apache-airflow-providers-google' package: module 'pyparsing' has no attribute 'downcaseTokens'
[2023-11-04 13:41:19,870] {logging_mixin.py:109} INFO - [2023-11-04 13:41:19,870] {providers_manager.py:154} WARNING - Exception when importing 'airflow.providers.google.cloud.hooks.bigquery.BigQueryHook' from 'apache-airflow-providers-google' package: module 'pyparsing' has no attribute 'downcaseTokens'
[2023-11-04 13:41:19,876] {logging_mixin.py:109} INFO - [2023-11-04 13:41:19,876] {providers_manager.py:154} WARNING - Exception when importing 'airflow.providers.google.cloud.hooks.compute_ssh.ComputeEngineSSHHook' from 'apache-airflow-providers-google' package: module 'pyparsing' has no attribute 'downcaseTokens'
[2023-11-04 13:41:20,618] {logging_mixin.py:109} INFO - [2023-11-04 13:41:20,617] {providers_manager.py:154} WARNING - Exception when importing 'airflow.providers.google.common.hooks.base_google.GoogleBaseHook' from 'apache-airflow-providers-google' package: module 'pyparsing' has no attribute 'downcaseTokens'
[2023-11-04 13:41:20,631] {logging_mixin.py:109} INFO - [2023-11-04 13:41:20,631] {providers_manager.py:154} WARNING - Exception when importing 'airflow.providers.google.cloud.hooks.cloud_sql.CloudSQLHook' from 'apache-airflow-providers-google' package: module 'pyparsing' has no attribute 'downcaseTokens'
[2023-11-04 13:41:20,651] {logging_mixin.py:109} INFO - [2023-11-04 13:41:20,651] {providers_manager.py:154} WARNING - Exception when importing 'airflow.providers.google.cloud.hooks.cloud_sql.CloudSQLDatabaseHook' from 'apache-airflow-providers-google' package: module 'pyparsing' has no attribute 'downcaseTokens'
[2023-11-04 13:41:20,667] {logging_mixin.py:109} INFO - [2023-11-04 13:41:20,667] {providers_manager.py:154} WARNING - Exception when importing 'airflow.providers.google.cloud.hooks.bigquery.BigQueryHook' from 'apache-airflow-providers-google' package: module 'pyparsing' has no attribute 'downcaseTokens'
[2023-11-04 13:41:20,675] {logging_mixin.py:109} INFO - [2023-11-04 13:41:20,675] {providers_manager.py:154} WARNING - Exception when importing 'airflow.providers.google.cloud.hooks.compute_ssh.ComputeEngineSSHHook' from 'apache-airflow-providers-google' package: module 'pyparsing' has no attribute 'downcaseTokens'
[2023-11-04 13:41:20,720] {logging_mixin.py:109} INFO - [2023-11-04 13:41:20,720] {manager.py:496} INFO - Created Permission View: can read on DAG:example_kubernetes_executor
[2023-11-04 13:41:20,735] {logging_mixin.py:109} INFO - [2023-11-04 13:41:20,735] {manager.py:496} INFO - Created Permission View: can edit on DAG:example_kubernetes_executor
[2023-11-04 13:41:20,737] {logging_mixin.py:109} INFO - [2023-11-04 13:41:20,736] {dag.py:2398} INFO - Sync 1 DAGs
[2023-11-04 13:41:20,749] {logging_mixin.py:109} INFO - [2023-11-04 13:41:20,748] {dag.py:2417} INFO - Creating ORM DAG for example_kubernetes_executor
[2023-11-04 13:41:20,764] {logging_mixin.py:109} INFO - [2023-11-04 13:41:20,763] {dag.py:2937} INFO - Setting next_dagrun for example_kubernetes_executor to None
[2023-11-04 13:41:20,787] {processor.py:171} INFO - Processing /home/airflow/.local/lib/python3.8/site-packages/airflow/example_dags/example_kubernetes_executor.py took 5.944 seconds
[2023-11-04 13:41:54,092] {processor.py:163} INFO - Started process (PID=296) to work on /home/airflow/.local/lib/python3.8/site-packages/airflow/example_dags/example_kubernetes_executor.py
[2023-11-04 13:41:54,095] {processor.py:642} INFO - Processing file /home/airflow/.local/lib/python3.8/site-packages/airflow/example_dags/example_kubernetes_executor.py for tasks to queue
[2023-11-04 13:41:54,098] {logging_mixin.py:109} INFO - [2023-11-04 13:41:54,098] {dagbag.py:500} INFO - Filling up the DagBag from /home/airflow/.local/lib/python3.8/site-packages/airflow/example_dags/example_kubernetes_executor.py
[2023-11-04 13:41:54,170] {processor.py:654} INFO - DAG(s) dict_keys(['example_kubernetes_executor']) retrieved from /home/airflow/.local/lib/python3.8/site-packages/airflow/example_dags/example_kubernetes_executor.py
[2023-11-04 13:41:54,189] {logging_mixin.py:109} INFO - [2023-11-04 13:41:54,189] {dag.py:2398} INFO - Sync 1 DAGs
[2023-11-04 13:41:54,211] {logging_mixin.py:109} INFO - [2023-11-04 13:41:54,211] {dag.py:2937} INFO - Setting next_dagrun for example_kubernetes_executor to None
[2023-11-04 13:41:54,225] {processor.py:171} INFO - Processing /home/airflow/.local/lib/python3.8/site-packages/airflow/example_dags/example_kubernetes_executor.py took 0.138 seconds
[2023-11-04 13:42:24,468] {processor.py:163} INFO - Started process (PID=353) to work on /home/airflow/.local/lib/python3.8/site-packages/airflow/example_dags/example_kubernetes_executor.py
[2023-11-04 13:42:24,471] {processor.py:642} INFO - Processing file /home/airflow/.local/lib/python3.8/site-packages/airflow/example_dags/example_kubernetes_executor.py for tasks to queue
[2023-11-04 13:42:24,478] {logging_mixin.py:109} INFO - [2023-11-04 13:42:24,478] {dagbag.py:500} INFO - Filling up the DagBag from /home/airflow/.local/lib/python3.8/site-packages/airflow/example_dags/example_kubernetes_executor.py
[2023-11-04 13:42:24,546] {processor.py:654} INFO - DAG(s) dict_keys(['example_kubernetes_executor']) retrieved from /home/airflow/.local/lib/python3.8/site-packages/airflow/example_dags/example_kubernetes_executor.py
[2023-11-04 13:42:24,573] {logging_mixin.py:109} INFO - [2023-11-04 13:42:24,572] {dag.py:2398} INFO - Sync 1 DAGs
[2023-11-04 13:42:24,595] {logging_mixin.py:109} INFO - [2023-11-04 13:42:24,595] {dag.py:2937} INFO - Setting next_dagrun for example_kubernetes_executor to None
[2023-11-04 13:42:24,610] {processor.py:171} INFO - Processing /home/airflow/.local/lib/python3.8/site-packages/airflow/example_dags/example_kubernetes_executor.py took 0.149 seconds
[2023-11-04 13:42:55,448] {processor.py:163} INFO - Started process (PID=401) to work on /home/airflow/.local/lib/python3.8/site-packages/airflow/example_dags/example_kubernetes_executor.py
[2023-11-04 13:42:55,451] {processor.py:642} INFO - Processing file /home/airflow/.local/lib/python3.8/site-packages/airflow/example_dags/example_kubernetes_executor.py for tasks to queue
[2023-11-04 13:42:55,453] {logging_mixin.py:109} INFO - [2023-11-04 13:42:55,453] {dagbag.py:500} INFO - Filling up the DagBag from /home/airflow/.local/lib/python3.8/site-packages/airflow/example_dags/example_kubernetes_executor.py
[2023-11-04 13:42:55,524] {processor.py:654} INFO - DAG(s) dict_keys(['example_kubernetes_executor']) retrieved from /home/airflow/.local/lib/python3.8/site-packages/airflow/example_dags/example_kubernetes_executor.py
[2023-11-04 13:42:55,544] {logging_mixin.py:109} INFO - [2023-11-04 13:42:55,543] {dag.py:2398} INFO - Sync 1 DAGs
[2023-11-04 13:42:55,566] {logging_mixin.py:109} INFO - [2023-11-04 13:42:55,565] {dag.py:2937} INFO - Setting next_dagrun for example_kubernetes_executor to None
[2023-11-04 13:42:55,579] {processor.py:171} INFO - Processing /home/airflow/.local/lib/python3.8/site-packages/airflow/example_dags/example_kubernetes_executor.py took 0.137 seconds
[2023-11-04 13:43:26,460] {processor.py:163} INFO - Started process (PID=450) to work on /home/airflow/.local/lib/python3.8/site-packages/airflow/example_dags/example_kubernetes_executor.py
[2023-11-04 13:43:26,462] {processor.py:642} INFO - Processing file /home/airflow/.local/lib/python3.8/site-packages/airflow/example_dags/example_kubernetes_executor.py for tasks to queue
[2023-11-04 13:43:26,464] {logging_mixin.py:109} INFO - [2023-11-04 13:43:26,464] {dagbag.py:500} INFO - Filling up the DagBag from /home/airflow/.local/lib/python3.8/site-packages/airflow/example_dags/example_kubernetes_executor.py
[2023-11-04 13:43:26,521] {processor.py:654} INFO - DAG(s) dict_keys(['example_kubernetes_executor']) retrieved from /home/airflow/.local/lib/python3.8/site-packages/airflow/example_dags/example_kubernetes_executor.py
[2023-11-04 13:43:26,539] {logging_mixin.py:109} INFO - [2023-11-04 13:43:26,538] {dag.py:2398} INFO - Sync 1 DAGs
[2023-11-04 13:43:26,560] {logging_mixin.py:109} INFO - [2023-11-04 13:43:26,559] {dag.py:2937} INFO - Setting next_dagrun for example_kubernetes_executor to None
[2023-11-04 13:43:26,572] {processor.py:171} INFO - Processing /home/airflow/.local/lib/python3.8/site-packages/airflow/example_dags/example_kubernetes_executor.py took 0.117 seconds
[2023-11-04 13:43:57,600] {processor.py:163} INFO - Started process (PID=507) to work on /home/airflow/.local/lib/python3.8/site-packages/airflow/example_dags/example_kubernetes_executor.py
[2023-11-04 13:43:57,602] {processor.py:642} INFO - Processing file /home/airflow/.local/lib/python3.8/site-packages/airflow/example_dags/example_kubernetes_executor.py for tasks to queue
[2023-11-04 13:43:57,604] {logging_mixin.py:109} INFO - [2023-11-04 13:43:57,603] {dagbag.py:500} INFO - Filling up the DagBag from /home/airflow/.local/lib/python3.8/site-packages/airflow/example_dags/example_kubernetes_executor.py
[2023-11-04 13:43:57,659] {processor.py:654} INFO - DAG(s) dict_keys(['example_kubernetes_executor']) retrieved from /home/airflow/.local/lib/python3.8/site-packages/airflow/example_dags/example_kubernetes_executor.py
[2023-11-04 13:43:57,679] {logging_mixin.py:109} INFO - [2023-11-04 13:43:57,679] {dag.py:2398} INFO - Sync 1 DAGs
[2023-11-04 13:43:57,698] {logging_mixin.py:109} INFO - [2023-11-04 13:43:57,698] {dag.py:2937} INFO - Setting next_dagrun for example_kubernetes_executor to None
[2023-11-04 13:43:57,713] {processor.py:171} INFO - Processing /home/airflow/.local/lib/python3.8/site-packages/airflow/example_dags/example_kubernetes_executor.py took 0.119 seconds
[2023-11-04 13:59:19,464] {processor.py:163} INFO - Started process (PID=48) to work on /home/airflow/.local/lib/python3.8/site-packages/airflow/example_dags/example_kubernetes_executor.py
[2023-11-04 13:59:19,467] {processor.py:642} INFO - Processing file /home/airflow/.local/lib/python3.8/site-packages/airflow/example_dags/example_kubernetes_executor.py for tasks to queue
[2023-11-04 13:59:19,469] {logging_mixin.py:109} INFO - [2023-11-04 13:59:19,468] {dagbag.py:500} INFO - Filling up the DagBag from /home/airflow/.local/lib/python3.8/site-packages/airflow/example_dags/example_kubernetes_executor.py
[2023-11-04 13:59:19,544] {processor.py:654} INFO - DAG(s) dict_keys(['example_kubernetes_executor']) retrieved from /home/airflow/.local/lib/python3.8/site-packages/airflow/example_dags/example_kubernetes_executor.py
[2023-11-04 13:59:19,562] {logging_mixin.py:109} INFO - [2023-11-04 13:59:19,562] {dag.py:2398} INFO - Sync 1 DAGs
[2023-11-04 13:59:19,584] {logging_mixin.py:109} INFO - [2023-11-04 13:59:19,584] {dag.py:2937} INFO - Setting next_dagrun for example_kubernetes_executor to None
[2023-11-04 13:59:19,599] {processor.py:171} INFO - Processing /home/airflow/.local/lib/python3.8/site-packages/airflow/example_dags/example_kubernetes_executor.py took 0.141 seconds
[2023-11-04 13:59:49,799] {processor.py:163} INFO - Started process (PID=97) to work on /home/airflow/.local/lib/python3.8/site-packages/airflow/example_dags/example_kubernetes_executor.py
[2023-11-04 13:59:49,802] {processor.py:642} INFO - Processing file /home/airflow/.local/lib/python3.8/site-packages/airflow/example_dags/example_kubernetes_executor.py for tasks to queue
[2023-11-04 13:59:49,803] {logging_mixin.py:109} INFO - [2023-11-04 13:59:49,803] {dagbag.py:500} INFO - Filling up the DagBag from /home/airflow/.local/lib/python3.8/site-packages/airflow/example_dags/example_kubernetes_executor.py
[2023-11-04 13:59:49,855] {processor.py:654} INFO - DAG(s) dict_keys(['example_kubernetes_executor']) retrieved from /home/airflow/.local/lib/python3.8/site-packages/airflow/example_dags/example_kubernetes_executor.py
[2023-11-04 13:59:49,872] {logging_mixin.py:109} INFO - [2023-11-04 13:59:49,872] {dag.py:2398} INFO - Sync 1 DAGs
[2023-11-04 13:59:49,892] {logging_mixin.py:109} INFO - [2023-11-04 13:59:49,891] {dag.py:2937} INFO - Setting next_dagrun for example_kubernetes_executor to None
[2023-11-04 13:59:49,903] {processor.py:171} INFO - Processing /home/airflow/.local/lib/python3.8/site-packages/airflow/example_dags/example_kubernetes_executor.py took 0.109 seconds
[2023-11-04 14:00:20,476] {processor.py:163} INFO - Started process (PID=162) to work on /home/airflow/.local/lib/python3.8/site-packages/airflow/example_dags/example_kubernetes_executor.py
[2023-11-04 14:00:20,479] {processor.py:642} INFO - Processing file /home/airflow/.local/lib/python3.8/site-packages/airflow/example_dags/example_kubernetes_executor.py for tasks to queue
[2023-11-04 14:00:20,481] {logging_mixin.py:109} INFO - [2023-11-04 14:00:20,481] {dagbag.py:500} INFO - Filling up the DagBag from /home/airflow/.local/lib/python3.8/site-packages/airflow/example_dags/example_kubernetes_executor.py
[2023-11-04 14:00:20,541] {processor.py:654} INFO - DAG(s) dict_keys(['example_kubernetes_executor']) retrieved from /home/airflow/.local/lib/python3.8/site-packages/airflow/example_dags/example_kubernetes_executor.py
[2023-11-04 14:00:20,567] {logging_mixin.py:109} INFO - [2023-11-04 14:00:20,567] {dag.py:2398} INFO - Sync 1 DAGs
[2023-11-04 14:00:20,595] {logging_mixin.py:109} INFO - [2023-11-04 14:00:20,595] {dag.py:2937} INFO - Setting next_dagrun for example_kubernetes_executor to None
[2023-11-04 14:00:20,619] {processor.py:171} INFO - Processing /home/airflow/.local/lib/python3.8/site-packages/airflow/example_dags/example_kubernetes_executor.py took 0.148 seconds
[2023-11-04 14:00:51,510] {processor.py:163} INFO - Started process (PID=219) to work on /home/airflow/.local/lib/python3.8/site-packages/airflow/example_dags/example_kubernetes_executor.py
[2023-11-04 14:00:51,512] {processor.py:642} INFO - Processing file /home/airflow/.local/lib/python3.8/site-packages/airflow/example_dags/example_kubernetes_executor.py for tasks to queue
[2023-11-04 14:00:51,514] {logging_mixin.py:109} INFO - [2023-11-04 14:00:51,514] {dagbag.py:500} INFO - Filling up the DagBag from /home/airflow/.local/lib/python3.8/site-packages/airflow/example_dags/example_kubernetes_executor.py
[2023-11-04 14:00:51,566] {processor.py:654} INFO - DAG(s) dict_keys(['example_kubernetes_executor']) retrieved from /home/airflow/.local/lib/python3.8/site-packages/airflow/example_dags/example_kubernetes_executor.py
[2023-11-04 14:00:51,583] {logging_mixin.py:109} INFO - [2023-11-04 14:00:51,583] {dag.py:2398} INFO - Sync 1 DAGs
[2023-11-04 14:00:51,602] {logging_mixin.py:109} INFO - [2023-11-04 14:00:51,602] {dag.py:2937} INFO - Setting next_dagrun for example_kubernetes_executor to None
[2023-11-04 14:00:51,614] {processor.py:171} INFO - Processing /home/airflow/.local/lib/python3.8/site-packages/airflow/example_dags/example_kubernetes_executor.py took 0.110 seconds
[2023-11-04 14:01:22,737] {processor.py:163} INFO - Started process (PID=268) to work on /home/airflow/.local/lib/python3.8/site-packages/airflow/example_dags/example_kubernetes_executor.py
[2023-11-04 14:01:22,739] {processor.py:642} INFO - Processing file /home/airflow/.local/lib/python3.8/site-packages/airflow/example_dags/example_kubernetes_executor.py for tasks to queue
[2023-11-04 14:01:22,741] {logging_mixin.py:109} INFO - [2023-11-04 14:01:22,741] {dagbag.py:500} INFO - Filling up the DagBag from /home/airflow/.local/lib/python3.8/site-packages/airflow/example_dags/example_kubernetes_executor.py
[2023-11-04 14:01:22,793] {processor.py:654} INFO - DAG(s) dict_keys(['example_kubernetes_executor']) retrieved from /home/airflow/.local/lib/python3.8/site-packages/airflow/example_dags/example_kubernetes_executor.py
[2023-11-04 14:01:22,809] {logging_mixin.py:109} INFO - [2023-11-04 14:01:22,809] {dag.py:2398} INFO - Sync 1 DAGs
[2023-11-04 14:01:22,828] {logging_mixin.py:109} INFO - [2023-11-04 14:01:22,828] {dag.py:2937} INFO - Setting next_dagrun for example_kubernetes_executor to None
[2023-11-04 14:01:22,839] {processor.py:171} INFO - Processing /home/airflow/.local/lib/python3.8/site-packages/airflow/example_dags/example_kubernetes_executor.py took 0.108 seconds
[2023-11-04 14:01:53,239] {processor.py:163} INFO - Started process (PID=325) to work on /home/airflow/.local/lib/python3.8/site-packages/airflow/example_dags/example_kubernetes_executor.py
[2023-11-04 14:01:53,242] {processor.py:642} INFO - Processing file /home/airflow/.local/lib/python3.8/site-packages/airflow/example_dags/example_kubernetes_executor.py for tasks to queue
[2023-11-04 14:01:53,243] {logging_mixin.py:109} INFO - [2023-11-04 14:01:53,243] {dagbag.py:500} INFO - Filling up the DagBag from /home/airflow/.local/lib/python3.8/site-packages/airflow/example_dags/example_kubernetes_executor.py
[2023-11-04 14:01:53,296] {processor.py:654} INFO - DAG(s) dict_keys(['example_kubernetes_executor']) retrieved from /home/airflow/.local/lib/python3.8/site-packages/airflow/example_dags/example_kubernetes_executor.py
[2023-11-04 14:01:53,313] {logging_mixin.py:109} INFO - [2023-11-04 14:01:53,313] {dag.py:2398} INFO - Sync 1 DAGs
[2023-11-04 14:01:53,334] {logging_mixin.py:109} INFO - [2023-11-04 14:01:53,334] {dag.py:2937} INFO - Setting next_dagrun for example_kubernetes_executor to None
[2023-11-04 14:01:53,345] {processor.py:171} INFO - Processing /home/airflow/.local/lib/python3.8/site-packages/airflow/example_dags/example_kubernetes_executor.py took 0.111 seconds
[2023-11-04 14:02:23,919] {processor.py:163} INFO - Started process (PID=374) to work on /home/airflow/.local/lib/python3.8/site-packages/airflow/example_dags/example_kubernetes_executor.py
[2023-11-04 14:02:23,922] {processor.py:642} INFO - Processing file /home/airflow/.local/lib/python3.8/site-packages/airflow/example_dags/example_kubernetes_executor.py for tasks to queue
[2023-11-04 14:02:23,924] {logging_mixin.py:109} INFO - [2023-11-04 14:02:23,924] {dagbag.py:500} INFO - Filling up the DagBag from /home/airflow/.local/lib/python3.8/site-packages/airflow/example_dags/example_kubernetes_executor.py
[2023-11-04 14:02:23,980] {processor.py:654} INFO - DAG(s) dict_keys(['example_kubernetes_executor']) retrieved from /home/airflow/.local/lib/python3.8/site-packages/airflow/example_dags/example_kubernetes_executor.py
[2023-11-04 14:02:24,000] {logging_mixin.py:109} INFO - [2023-11-04 14:02:23,999] {dag.py:2398} INFO - Sync 1 DAGs
[2023-11-04 14:02:24,023] {logging_mixin.py:109} INFO - [2023-11-04 14:02:24,023] {dag.py:2937} INFO - Setting next_dagrun for example_kubernetes_executor to None
[2023-11-04 14:02:24,037] {processor.py:171} INFO - Processing /home/airflow/.local/lib/python3.8/site-packages/airflow/example_dags/example_kubernetes_executor.py took 0.124 seconds
[2023-11-04 14:04:46,570] {processor.py:163} INFO - Started process (PID=44) to work on /home/airflow/.local/lib/python3.8/site-packages/airflow/example_dags/example_kubernetes_executor.py
[2023-11-04 14:04:46,574] {processor.py:642} INFO - Processing file /home/airflow/.local/lib/python3.8/site-packages/airflow/example_dags/example_kubernetes_executor.py for tasks to queue
[2023-11-04 14:04:46,576] {logging_mixin.py:109} INFO - [2023-11-04 14:04:46,576] {dagbag.py:500} INFO - Filling up the DagBag from /home/airflow/.local/lib/python3.8/site-packages/airflow/example_dags/example_kubernetes_executor.py
[2023-11-04 14:04:46,642] {processor.py:654} INFO - DAG(s) dict_keys(['example_kubernetes_executor']) retrieved from /home/airflow/.local/lib/python3.8/site-packages/airflow/example_dags/example_kubernetes_executor.py
[2023-11-04 14:04:46,664] {logging_mixin.py:109} INFO - [2023-11-04 14:04:46,664] {dag.py:2398} INFO - Sync 1 DAGs
[2023-11-04 14:04:46,686] {logging_mixin.py:109} INFO - [2023-11-04 14:04:46,686] {dag.py:2937} INFO - Setting next_dagrun for example_kubernetes_executor to None
[2023-11-04 14:04:46,701] {processor.py:171} INFO - Processing /home/airflow/.local/lib/python3.8/site-packages/airflow/example_dags/example_kubernetes_executor.py took 0.136 seconds
[2023-11-04 14:05:17,058] {processor.py:163} INFO - Started process (PID=92) to work on /home/airflow/.local/lib/python3.8/site-packages/airflow/example_dags/example_kubernetes_executor.py
[2023-11-04 14:05:17,061] {processor.py:642} INFO - Processing file /home/airflow/.local/lib/python3.8/site-packages/airflow/example_dags/example_kubernetes_executor.py for tasks to queue
[2023-11-04 14:05:17,062] {logging_mixin.py:109} INFO - [2023-11-04 14:05:17,062] {dagbag.py:500} INFO - Filling up the DagBag from /home/airflow/.local/lib/python3.8/site-packages/airflow/example_dags/example_kubernetes_executor.py
[2023-11-04 14:05:17,117] {processor.py:654} INFO - DAG(s) dict_keys(['example_kubernetes_executor']) retrieved from /home/airflow/.local/lib/python3.8/site-packages/airflow/example_dags/example_kubernetes_executor.py
[2023-11-04 14:05:17,137] {logging_mixin.py:109} INFO - [2023-11-04 14:05:17,137] {dag.py:2398} INFO - Sync 1 DAGs
[2023-11-04 14:05:17,164] {logging_mixin.py:109} INFO - [2023-11-04 14:05:17,164] {dag.py:2937} INFO - Setting next_dagrun for example_kubernetes_executor to None
[2023-11-04 14:05:17,177] {processor.py:171} INFO - Processing /home/airflow/.local/lib/python3.8/site-packages/airflow/example_dags/example_kubernetes_executor.py took 0.123 seconds
[2023-11-04 14:05:48,077] {processor.py:163} INFO - Started process (PID=149) to work on /home/airflow/.local/lib/python3.8/site-packages/airflow/example_dags/example_kubernetes_executor.py
[2023-11-04 14:05:48,080] {processor.py:642} INFO - Processing file /home/airflow/.local/lib/python3.8/site-packages/airflow/example_dags/example_kubernetes_executor.py for tasks to queue
[2023-11-04 14:05:48,083] {logging_mixin.py:109} INFO - [2023-11-04 14:05:48,082] {dagbag.py:500} INFO - Filling up the DagBag from /home/airflow/.local/lib/python3.8/site-packages/airflow/example_dags/example_kubernetes_executor.py
[2023-11-04 14:05:48,142] {processor.py:654} INFO - DAG(s) dict_keys(['example_kubernetes_executor']) retrieved from /home/airflow/.local/lib/python3.8/site-packages/airflow/example_dags/example_kubernetes_executor.py
[2023-11-04 14:05:48,160] {logging_mixin.py:109} INFO - [2023-11-04 14:05:48,160] {dag.py:2398} INFO - Sync 1 DAGs
[2023-11-04 14:05:48,180] {logging_mixin.py:109} INFO - [2023-11-04 14:05:48,180] {dag.py:2937} INFO - Setting next_dagrun for example_kubernetes_executor to None
[2023-11-04 14:05:48,191] {processor.py:171} INFO - Processing /home/airflow/.local/lib/python3.8/site-packages/airflow/example_dags/example_kubernetes_executor.py took 0.119 seconds
[2023-11-04 14:06:19,496] {processor.py:163} INFO - Started process (PID=198) to work on /home/airflow/.local/lib/python3.8/site-packages/airflow/example_dags/example_kubernetes_executor.py
[2023-11-04 14:06:19,501] {processor.py:642} INFO - Processing file /home/airflow/.local/lib/python3.8/site-packages/airflow/example_dags/example_kubernetes_executor.py for tasks to queue
[2023-11-04 14:06:19,509] {logging_mixin.py:109} INFO - [2023-11-04 14:06:19,508] {dagbag.py:500} INFO - Filling up the DagBag from /home/airflow/.local/lib/python3.8/site-packages/airflow/example_dags/example_kubernetes_executor.py
[2023-11-04 14:06:19,613] {processor.py:654} INFO - DAG(s) dict_keys(['example_kubernetes_executor']) retrieved from /home/airflow/.local/lib/python3.8/site-packages/airflow/example_dags/example_kubernetes_executor.py
[2023-11-04 14:06:19,636] {logging_mixin.py:109} INFO - [2023-11-04 14:06:19,636] {dag.py:2398} INFO - Sync 1 DAGs
[2023-11-04 14:06:19,663] {logging_mixin.py:109} INFO - [2023-11-04 14:06:19,663] {dag.py:2937} INFO - Setting next_dagrun for example_kubernetes_executor to None
[2023-11-04 14:06:19,681] {processor.py:171} INFO - Processing /home/airflow/.local/lib/python3.8/site-packages/airflow/example_dags/example_kubernetes_executor.py took 0.194 seconds
[2023-11-04 14:06:50,011] {processor.py:163} INFO - Started process (PID=255) to work on /home/airflow/.local/lib/python3.8/site-packages/airflow/example_dags/example_kubernetes_executor.py
[2023-11-04 14:06:50,014] {processor.py:642} INFO - Processing file /home/airflow/.local/lib/python3.8/site-packages/airflow/example_dags/example_kubernetes_executor.py for tasks to queue
[2023-11-04 14:06:50,016] {logging_mixin.py:109} INFO - [2023-11-04 14:06:50,016] {dagbag.py:500} INFO - Filling up the DagBag from /home/airflow/.local/lib/python3.8/site-packages/airflow/example_dags/example_kubernetes_executor.py
[2023-11-04 14:06:50,088] {processor.py:654} INFO - DAG(s) dict_keys(['example_kubernetes_executor']) retrieved from /home/airflow/.local/lib/python3.8/site-packages/airflow/example_dags/example_kubernetes_executor.py
[2023-11-04 14:06:50,108] {logging_mixin.py:109} INFO - [2023-11-04 14:06:50,108] {dag.py:2398} INFO - Sync 1 DAGs
[2023-11-04 14:06:50,130] {logging_mixin.py:109} INFO - [2023-11-04 14:06:50,130] {dag.py:2937} INFO - Setting next_dagrun for example_kubernetes_executor to None
[2023-11-04 14:06:50,154] {processor.py:171} INFO - Processing /home/airflow/.local/lib/python3.8/site-packages/airflow/example_dags/example_kubernetes_executor.py took 0.147 seconds
[2023-11-04 14:07:20,474] {processor.py:163} INFO - Started process (PID=304) to work on /home/airflow/.local/lib/python3.8/site-packages/airflow/example_dags/example_kubernetes_executor.py
[2023-11-04 14:07:20,477] {processor.py:642} INFO - Processing file /home/airflow/.local/lib/python3.8/site-packages/airflow/example_dags/example_kubernetes_executor.py for tasks to queue
[2023-11-04 14:07:20,479] {logging_mixin.py:109} INFO - [2023-11-04 14:07:20,479] {dagbag.py:500} INFO - Filling up the DagBag from /home/airflow/.local/lib/python3.8/site-packages/airflow/example_dags/example_kubernetes_executor.py
[2023-11-04 14:07:20,545] {processor.py:654} INFO - DAG(s) dict_keys(['example_kubernetes_executor']) retrieved from /home/airflow/.local/lib/python3.8/site-packages/airflow/example_dags/example_kubernetes_executor.py
[2023-11-04 14:07:20,567] {logging_mixin.py:109} INFO - [2023-11-04 14:07:20,566] {dag.py:2398} INFO - Sync 1 DAGs
[2023-11-04 14:07:20,590] {logging_mixin.py:109} INFO - [2023-11-04 14:07:20,590] {dag.py:2937} INFO - Setting next_dagrun for example_kubernetes_executor to None
[2023-11-04 14:07:20,608] {processor.py:171} INFO - Processing /home/airflow/.local/lib/python3.8/site-packages/airflow/example_dags/example_kubernetes_executor.py took 0.139 seconds
[2023-11-04 14:07:51,249] {processor.py:163} INFO - Started process (PID=352) to work on /home/airflow/.local/lib/python3.8/site-packages/airflow/example_dags/example_kubernetes_executor.py
[2023-11-04 14:07:51,253] {processor.py:642} INFO - Processing file /home/airflow/.local/lib/python3.8/site-packages/airflow/example_dags/example_kubernetes_executor.py for tasks to queue
[2023-11-04 14:07:51,255] {logging_mixin.py:109} INFO - [2023-11-04 14:07:51,255] {dagbag.py:500} INFO - Filling up the DagBag from /home/airflow/.local/lib/python3.8/site-packages/airflow/example_dags/example_kubernetes_executor.py
[2023-11-04 14:07:51,317] {processor.py:654} INFO - DAG(s) dict_keys(['example_kubernetes_executor']) retrieved from /home/airflow/.local/lib/python3.8/site-packages/airflow/example_dags/example_kubernetes_executor.py
[2023-11-04 14:07:51,333] {logging_mixin.py:109} INFO - [2023-11-04 14:07:51,333] {dag.py:2398} INFO - Sync 1 DAGs
[2023-11-04 14:07:51,352] {logging_mixin.py:109} INFO - [2023-11-04 14:07:51,351] {dag.py:2937} INFO - Setting next_dagrun for example_kubernetes_executor to None
[2023-11-04 14:07:51,363] {processor.py:171} INFO - Processing /home/airflow/.local/lib/python3.8/site-packages/airflow/example_dags/example_kubernetes_executor.py took 0.119 seconds
[2023-11-04 14:08:22,139] {processor.py:163} INFO - Started process (PID=409) to work on /home/airflow/.local/lib/python3.8/site-packages/airflow/example_dags/example_kubernetes_executor.py
[2023-11-04 14:08:22,141] {processor.py:642} INFO - Processing file /home/airflow/.local/lib/python3.8/site-packages/airflow/example_dags/example_kubernetes_executor.py for tasks to queue
[2023-11-04 14:08:22,143] {logging_mixin.py:109} INFO - [2023-11-04 14:08:22,143] {dagbag.py:500} INFO - Filling up the DagBag from /home/airflow/.local/lib/python3.8/site-packages/airflow/example_dags/example_kubernetes_executor.py
[2023-11-04 14:08:22,195] {processor.py:654} INFO - DAG(s) dict_keys(['example_kubernetes_executor']) retrieved from /home/airflow/.local/lib/python3.8/site-packages/airflow/example_dags/example_kubernetes_executor.py
[2023-11-04 14:08:22,212] {logging_mixin.py:109} INFO - [2023-11-04 14:08:22,212] {dag.py:2398} INFO - Sync 1 DAGs
[2023-11-04 14:08:22,231] {logging_mixin.py:109} INFO - [2023-11-04 14:08:22,231] {dag.py:2937} INFO - Setting next_dagrun for example_kubernetes_executor to None
[2023-11-04 14:08:22,244] {processor.py:171} INFO - Processing /home/airflow/.local/lib/python3.8/site-packages/airflow/example_dags/example_kubernetes_executor.py took 0.111 seconds
[2023-11-04 14:08:52,537] {processor.py:163} INFO - Started process (PID=458) to work on /home/airflow/.local/lib/python3.8/site-packages/airflow/example_dags/example_kubernetes_executor.py
[2023-11-04 14:08:52,540] {processor.py:642} INFO - Processing file /home/airflow/.local/lib/python3.8/site-packages/airflow/example_dags/example_kubernetes_executor.py for tasks to queue
[2023-11-04 14:08:52,541] {logging_mixin.py:109} INFO - [2023-11-04 14:08:52,541] {dagbag.py:500} INFO - Filling up the DagBag from /home/airflow/.local/lib/python3.8/site-packages/airflow/example_dags/example_kubernetes_executor.py
[2023-11-04 14:08:52,606] {processor.py:654} INFO - DAG(s) dict_keys(['example_kubernetes_executor']) retrieved from /home/airflow/.local/lib/python3.8/site-packages/airflow/example_dags/example_kubernetes_executor.py
[2023-11-04 14:08:52,626] {logging_mixin.py:109} INFO - [2023-11-04 14:08:52,626] {dag.py:2398} INFO - Sync 1 DAGs
[2023-11-04 14:08:52,650] {logging_mixin.py:109} INFO - [2023-11-04 14:08:52,650] {dag.py:2937} INFO - Setting next_dagrun for example_kubernetes_executor to None
[2023-11-04 14:08:52,665] {processor.py:171} INFO - Processing /home/airflow/.local/lib/python3.8/site-packages/airflow/example_dags/example_kubernetes_executor.py took 0.133 seconds
[2023-11-04 14:09:23,119] {processor.py:163} INFO - Started process (PID=514) to work on /home/airflow/.local/lib/python3.8/site-packages/airflow/example_dags/example_kubernetes_executor.py
[2023-11-04 14:09:23,121] {processor.py:642} INFO - Processing file /home/airflow/.local/lib/python3.8/site-packages/airflow/example_dags/example_kubernetes_executor.py for tasks to queue
[2023-11-04 14:09:23,123] {logging_mixin.py:109} INFO - [2023-11-04 14:09:23,123] {dagbag.py:500} INFO - Filling up the DagBag from /home/airflow/.local/lib/python3.8/site-packages/airflow/example_dags/example_kubernetes_executor.py
[2023-11-04 14:09:23,181] {processor.py:654} INFO - DAG(s) dict_keys(['example_kubernetes_executor']) retrieved from /home/airflow/.local/lib/python3.8/site-packages/airflow/example_dags/example_kubernetes_executor.py
[2023-11-04 14:09:23,201] {logging_mixin.py:109} INFO - [2023-11-04 14:09:23,201] {dag.py:2398} INFO - Sync 1 DAGs
[2023-11-04 14:09:23,222] {logging_mixin.py:109} INFO - [2023-11-04 14:09:23,222] {dag.py:2937} INFO - Setting next_dagrun for example_kubernetes_executor to None
[2023-11-04 14:09:23,233] {processor.py:171} INFO - Processing /home/airflow/.local/lib/python3.8/site-packages/airflow/example_dags/example_kubernetes_executor.py took 0.120 seconds
[2023-11-04 14:09:54,365] {processor.py:163} INFO - Started process (PID=564) to work on /home/airflow/.local/lib/python3.8/site-packages/airflow/example_dags/example_kubernetes_executor.py
[2023-11-04 14:09:54,369] {processor.py:642} INFO - Processing file /home/airflow/.local/lib/python3.8/site-packages/airflow/example_dags/example_kubernetes_executor.py for tasks to queue
[2023-11-04 14:09:54,371] {logging_mixin.py:109} INFO - [2023-11-04 14:09:54,371] {dagbag.py:500} INFO - Filling up the DagBag from /home/airflow/.local/lib/python3.8/site-packages/airflow/example_dags/example_kubernetes_executor.py
[2023-11-04 14:09:54,434] {processor.py:654} INFO - DAG(s) dict_keys(['example_kubernetes_executor']) retrieved from /home/airflow/.local/lib/python3.8/site-packages/airflow/example_dags/example_kubernetes_executor.py
[2023-11-04 14:09:54,454] {logging_mixin.py:109} INFO - [2023-11-04 14:09:54,454] {dag.py:2398} INFO - Sync 1 DAGs
[2023-11-04 14:09:54,473] {logging_mixin.py:109} INFO - [2023-11-04 14:09:54,473] {dag.py:2937} INFO - Setting next_dagrun for example_kubernetes_executor to None
[2023-11-04 14:09:54,485] {processor.py:171} INFO - Processing /home/airflow/.local/lib/python3.8/site-packages/airflow/example_dags/example_kubernetes_executor.py took 0.125 seconds
[2023-11-04 14:10:25,592] {processor.py:163} INFO - Started process (PID=613) to work on /home/airflow/.local/lib/python3.8/site-packages/airflow/example_dags/example_kubernetes_executor.py
[2023-11-04 14:10:25,595] {processor.py:642} INFO - Processing file /home/airflow/.local/lib/python3.8/site-packages/airflow/example_dags/example_kubernetes_executor.py for tasks to queue
[2023-11-04 14:10:25,596] {logging_mixin.py:109} INFO - [2023-11-04 14:10:25,596] {dagbag.py:500} INFO - Filling up the DagBag from /home/airflow/.local/lib/python3.8/site-packages/airflow/example_dags/example_kubernetes_executor.py
[2023-11-04 14:10:25,653] {processor.py:654} INFO - DAG(s) dict_keys(['example_kubernetes_executor']) retrieved from /home/airflow/.local/lib/python3.8/site-packages/airflow/example_dags/example_kubernetes_executor.py
[2023-11-04 14:10:25,671] {logging_mixin.py:109} INFO - [2023-11-04 14:10:25,670] {dag.py:2398} INFO - Sync 1 DAGs
[2023-11-04 14:10:25,691] {logging_mixin.py:109} INFO - [2023-11-04 14:10:25,691] {dag.py:2937} INFO - Setting next_dagrun for example_kubernetes_executor to None
[2023-11-04 14:10:25,703] {processor.py:171} INFO - Processing /home/airflow/.local/lib/python3.8/site-packages/airflow/example_dags/example_kubernetes_executor.py took 0.116 seconds
[2023-11-04 14:11:49,561] {processor.py:163} INFO - Started process (PID=45) to work on /home/airflow/.local/lib/python3.8/site-packages/airflow/example_dags/example_kubernetes_executor.py
[2023-11-04 14:11:49,564] {processor.py:642} INFO - Processing file /home/airflow/.local/lib/python3.8/site-packages/airflow/example_dags/example_kubernetes_executor.py for tasks to queue
[2023-11-04 14:11:49,566] {logging_mixin.py:109} INFO - [2023-11-04 14:11:49,566] {dagbag.py:500} INFO - Filling up the DagBag from /home/airflow/.local/lib/python3.8/site-packages/airflow/example_dags/example_kubernetes_executor.py
[2023-11-04 14:11:49,642] {processor.py:654} INFO - DAG(s) dict_keys(['example_kubernetes_executor']) retrieved from /home/airflow/.local/lib/python3.8/site-packages/airflow/example_dags/example_kubernetes_executor.py
[2023-11-04 14:11:49,661] {logging_mixin.py:109} INFO - [2023-11-04 14:11:49,660] {dag.py:2398} INFO - Sync 1 DAGs
[2023-11-04 14:11:49,681] {logging_mixin.py:109} INFO - [2023-11-04 14:11:49,680] {dag.py:2937} INFO - Setting next_dagrun for example_kubernetes_executor to None
[2023-11-04 14:11:49,693] {processor.py:171} INFO - Processing /home/airflow/.local/lib/python3.8/site-packages/airflow/example_dags/example_kubernetes_executor.py took 0.138 seconds
[2023-11-04 14:12:20,352] {processor.py:163} INFO - Started process (PID=93) to work on /home/airflow/.local/lib/python3.8/site-packages/airflow/example_dags/example_kubernetes_executor.py
[2023-11-04 14:12:20,355] {processor.py:642} INFO - Processing file /home/airflow/.local/lib/python3.8/site-packages/airflow/example_dags/example_kubernetes_executor.py for tasks to queue
[2023-11-04 14:12:20,357] {logging_mixin.py:109} INFO - [2023-11-04 14:12:20,357] {dagbag.py:500} INFO - Filling up the DagBag from /home/airflow/.local/lib/python3.8/site-packages/airflow/example_dags/example_kubernetes_executor.py
[2023-11-04 14:12:20,417] {processor.py:654} INFO - DAG(s) dict_keys(['example_kubernetes_executor']) retrieved from /home/airflow/.local/lib/python3.8/site-packages/airflow/example_dags/example_kubernetes_executor.py
[2023-11-04 14:12:20,437] {logging_mixin.py:109} INFO - [2023-11-04 14:12:20,437] {dag.py:2398} INFO - Sync 1 DAGs
[2023-11-04 14:12:20,456] {logging_mixin.py:109} INFO - [2023-11-04 14:12:20,456] {dag.py:2937} INFO - Setting next_dagrun for example_kubernetes_executor to None
[2023-11-04 14:12:20,467] {processor.py:171} INFO - Processing /home/airflow/.local/lib/python3.8/site-packages/airflow/example_dags/example_kubernetes_executor.py took 0.120 seconds
[2023-11-04 14:12:51,603] {processor.py:163} INFO - Started process (PID=150) to work on /home/airflow/.local/lib/python3.8/site-packages/airflow/example_dags/example_kubernetes_executor.py
[2023-11-04 14:12:51,605] {processor.py:642} INFO - Processing file /home/airflow/.local/lib/python3.8/site-packages/airflow/example_dags/example_kubernetes_executor.py for tasks to queue
[2023-11-04 14:12:51,607] {logging_mixin.py:109} INFO - [2023-11-04 14:12:51,606] {dagbag.py:500} INFO - Filling up the DagBag from /home/airflow/.local/lib/python3.8/site-packages/airflow/example_dags/example_kubernetes_executor.py
[2023-11-04 14:12:51,667] {processor.py:654} INFO - DAG(s) dict_keys(['example_kubernetes_executor']) retrieved from /home/airflow/.local/lib/python3.8/site-packages/airflow/example_dags/example_kubernetes_executor.py
[2023-11-04 14:12:51,688] {logging_mixin.py:109} INFO - [2023-11-04 14:12:51,688] {dag.py:2398} INFO - Sync 1 DAGs
[2023-11-04 14:12:51,713] {logging_mixin.py:109} INFO - [2023-11-04 14:12:51,712] {dag.py:2937} INFO - Setting next_dagrun for example_kubernetes_executor to None
[2023-11-04 14:12:51,726] {processor.py:171} INFO - Processing /home/airflow/.local/lib/python3.8/site-packages/airflow/example_dags/example_kubernetes_executor.py took 0.129 seconds
[2023-11-04 14:13:22,017] {processor.py:163} INFO - Started process (PID=199) to work on /home/airflow/.local/lib/python3.8/site-packages/airflow/example_dags/example_kubernetes_executor.py
[2023-11-04 14:13:22,020] {processor.py:642} INFO - Processing file /home/airflow/.local/lib/python3.8/site-packages/airflow/example_dags/example_kubernetes_executor.py for tasks to queue
[2023-11-04 14:13:22,021] {logging_mixin.py:109} INFO - [2023-11-04 14:13:22,021] {dagbag.py:500} INFO - Filling up the DagBag from /home/airflow/.local/lib/python3.8/site-packages/airflow/example_dags/example_kubernetes_executor.py
[2023-11-04 14:13:22,077] {processor.py:654} INFO - DAG(s) dict_keys(['example_kubernetes_executor']) retrieved from /home/airflow/.local/lib/python3.8/site-packages/airflow/example_dags/example_kubernetes_executor.py
[2023-11-04 14:13:22,100] {logging_mixin.py:109} INFO - [2023-11-04 14:13:22,100] {dag.py:2398} INFO - Sync 1 DAGs
[2023-11-04 14:13:22,121] {logging_mixin.py:109} INFO - [2023-11-04 14:13:22,121] {dag.py:2937} INFO - Setting next_dagrun for example_kubernetes_executor to None
[2023-11-04 14:13:22,135] {processor.py:171} INFO - Processing /home/airflow/.local/lib/python3.8/site-packages/airflow/example_dags/example_kubernetes_executor.py took 0.124 seconds
[2023-11-04 14:13:52,601] {processor.py:163} INFO - Started process (PID=257) to work on /home/airflow/.local/lib/python3.8/site-packages/airflow/example_dags/example_kubernetes_executor.py
[2023-11-04 14:13:52,603] {processor.py:642} INFO - Processing file /home/airflow/.local/lib/python3.8/site-packages/airflow/example_dags/example_kubernetes_executor.py for tasks to queue
[2023-11-04 14:13:52,605] {logging_mixin.py:109} INFO - [2023-11-04 14:13:52,605] {dagbag.py:500} INFO - Filling up the DagBag from /home/airflow/.local/lib/python3.8/site-packages/airflow/example_dags/example_kubernetes_executor.py
[2023-11-04 14:13:52,670] {processor.py:654} INFO - DAG(s) dict_keys(['example_kubernetes_executor']) retrieved from /home/airflow/.local/lib/python3.8/site-packages/airflow/example_dags/example_kubernetes_executor.py
[2023-11-04 14:13:52,692] {logging_mixin.py:109} INFO - [2023-11-04 14:13:52,692] {dag.py:2398} INFO - Sync 1 DAGs
[2023-11-04 14:13:52,725] {logging_mixin.py:109} INFO - [2023-11-04 14:13:52,725] {dag.py:2937} INFO - Setting next_dagrun for example_kubernetes_executor to None
[2023-11-04 14:13:52,757] {processor.py:171} INFO - Processing /home/airflow/.local/lib/python3.8/site-packages/airflow/example_dags/example_kubernetes_executor.py took 0.161 seconds
[2023-11-04 14:14:23,142] {processor.py:163} INFO - Started process (PID=306) to work on /home/airflow/.local/lib/python3.8/site-packages/airflow/example_dags/example_kubernetes_executor.py
[2023-11-04 14:14:23,145] {processor.py:642} INFO - Processing file /home/airflow/.local/lib/python3.8/site-packages/airflow/example_dags/example_kubernetes_executor.py for tasks to queue
[2023-11-04 14:14:23,146] {logging_mixin.py:109} INFO - [2023-11-04 14:14:23,146] {dagbag.py:500} INFO - Filling up the DagBag from /home/airflow/.local/lib/python3.8/site-packages/airflow/example_dags/example_kubernetes_executor.py
[2023-11-04 14:14:23,203] {processor.py:654} INFO - DAG(s) dict_keys(['example_kubernetes_executor']) retrieved from /home/airflow/.local/lib/python3.8/site-packages/airflow/example_dags/example_kubernetes_executor.py
[2023-11-04 14:14:23,222] {logging_mixin.py:109} INFO - [2023-11-04 14:14:23,222] {dag.py:2398} INFO - Sync 1 DAGs
[2023-11-04 14:14:23,244] {logging_mixin.py:109} INFO - [2023-11-04 14:14:23,244] {dag.py:2937} INFO - Setting next_dagrun for example_kubernetes_executor to None
[2023-11-04 14:14:23,258] {processor.py:171} INFO - Processing /home/airflow/.local/lib/python3.8/site-packages/airflow/example_dags/example_kubernetes_executor.py took 0.121 seconds
[2023-11-04 14:14:53,920] {processor.py:163} INFO - Started process (PID=355) to work on /home/airflow/.local/lib/python3.8/site-packages/airflow/example_dags/example_kubernetes_executor.py
[2023-11-04 14:14:53,923] {processor.py:642} INFO - Processing file /home/airflow/.local/lib/python3.8/site-packages/airflow/example_dags/example_kubernetes_executor.py for tasks to queue
[2023-11-04 14:14:53,924] {logging_mixin.py:109} INFO - [2023-11-04 14:14:53,924] {dagbag.py:500} INFO - Filling up the DagBag from /home/airflow/.local/lib/python3.8/site-packages/airflow/example_dags/example_kubernetes_executor.py
[2023-11-04 14:14:53,996] {processor.py:654} INFO - DAG(s) dict_keys(['example_kubernetes_executor']) retrieved from /home/airflow/.local/lib/python3.8/site-packages/airflow/example_dags/example_kubernetes_executor.py
[2023-11-04 14:14:54,016] {logging_mixin.py:109} INFO - [2023-11-04 14:14:54,016] {dag.py:2398} INFO - Sync 1 DAGs
[2023-11-04 14:14:54,035] {logging_mixin.py:109} INFO - [2023-11-04 14:14:54,035] {dag.py:2937} INFO - Setting next_dagrun for example_kubernetes_executor to None
[2023-11-04 14:14:54,048] {processor.py:171} INFO - Processing /home/airflow/.local/lib/python3.8/site-packages/airflow/example_dags/example_kubernetes_executor.py took 0.135 seconds
[2023-11-04 14:15:24,621] {processor.py:163} INFO - Started process (PID=412) to work on /home/airflow/.local/lib/python3.8/site-packages/airflow/example_dags/example_kubernetes_executor.py
[2023-11-04 14:15:24,626] {processor.py:642} INFO - Processing file /home/airflow/.local/lib/python3.8/site-packages/airflow/example_dags/example_kubernetes_executor.py for tasks to queue
[2023-11-04 14:15:24,629] {logging_mixin.py:109} INFO - [2023-11-04 14:15:24,629] {dagbag.py:500} INFO - Filling up the DagBag from /home/airflow/.local/lib/python3.8/site-packages/airflow/example_dags/example_kubernetes_executor.py
[2023-11-04 14:15:24,696] {processor.py:654} INFO - DAG(s) dict_keys(['example_kubernetes_executor']) retrieved from /home/airflow/.local/lib/python3.8/site-packages/airflow/example_dags/example_kubernetes_executor.py
[2023-11-04 14:15:24,714] {logging_mixin.py:109} INFO - [2023-11-04 14:15:24,714] {dag.py:2398} INFO - Sync 1 DAGs
[2023-11-04 14:15:24,735] {logging_mixin.py:109} INFO - [2023-11-04 14:15:24,735] {dag.py:2937} INFO - Setting next_dagrun for example_kubernetes_executor to None
[2023-11-04 14:15:24,748] {processor.py:171} INFO - Processing /home/airflow/.local/lib/python3.8/site-packages/airflow/example_dags/example_kubernetes_executor.py took 0.133 seconds
[2023-11-04 14:15:55,091] {processor.py:163} INFO - Started process (PID=461) to work on /home/airflow/.local/lib/python3.8/site-packages/airflow/example_dags/example_kubernetes_executor.py
[2023-11-04 14:15:55,093] {processor.py:642} INFO - Processing file /home/airflow/.local/lib/python3.8/site-packages/airflow/example_dags/example_kubernetes_executor.py for tasks to queue
[2023-11-04 14:15:55,096] {logging_mixin.py:109} INFO - [2023-11-04 14:15:55,095] {dagbag.py:500} INFO - Filling up the DagBag from /home/airflow/.local/lib/python3.8/site-packages/airflow/example_dags/example_kubernetes_executor.py
[2023-11-04 14:15:55,150] {processor.py:654} INFO - DAG(s) dict_keys(['example_kubernetes_executor']) retrieved from /home/airflow/.local/lib/python3.8/site-packages/airflow/example_dags/example_kubernetes_executor.py
[2023-11-04 14:15:55,169] {logging_mixin.py:109} INFO - [2023-11-04 14:15:55,168] {dag.py:2398} INFO - Sync 1 DAGs
[2023-11-04 14:15:55,191] {logging_mixin.py:109} INFO - [2023-11-04 14:15:55,191] {dag.py:2937} INFO - Setting next_dagrun for example_kubernetes_executor to None
[2023-11-04 14:15:55,202] {processor.py:171} INFO - Processing /home/airflow/.local/lib/python3.8/site-packages/airflow/example_dags/example_kubernetes_executor.py took 0.116 seconds
[2023-11-04 14:16:26,141] {processor.py:163} INFO - Started process (PID=510) to work on /home/airflow/.local/lib/python3.8/site-packages/airflow/example_dags/example_kubernetes_executor.py
[2023-11-04 14:16:26,143] {processor.py:642} INFO - Processing file /home/airflow/.local/lib/python3.8/site-packages/airflow/example_dags/example_kubernetes_executor.py for tasks to queue
[2023-11-04 14:16:26,145] {logging_mixin.py:109} INFO - [2023-11-04 14:16:26,144] {dagbag.py:500} INFO - Filling up the DagBag from /home/airflow/.local/lib/python3.8/site-packages/airflow/example_dags/example_kubernetes_executor.py
[2023-11-04 14:16:26,214] {processor.py:654} INFO - DAG(s) dict_keys(['example_kubernetes_executor']) retrieved from /home/airflow/.local/lib/python3.8/site-packages/airflow/example_dags/example_kubernetes_executor.py
[2023-11-04 14:16:26,233] {logging_mixin.py:109} INFO - [2023-11-04 14:16:26,233] {dag.py:2398} INFO - Sync 1 DAGs
[2023-11-04 14:16:26,259] {logging_mixin.py:109} INFO - [2023-11-04 14:16:26,259] {dag.py:2937} INFO - Setting next_dagrun for example_kubernetes_executor to None
[2023-11-04 14:16:26,273] {processor.py:171} INFO - Processing /home/airflow/.local/lib/python3.8/site-packages/airflow/example_dags/example_kubernetes_executor.py took 0.137 seconds
[2023-11-04 14:16:56,978] {processor.py:163} INFO - Started process (PID=567) to work on /home/airflow/.local/lib/python3.8/site-packages/airflow/example_dags/example_kubernetes_executor.py
[2023-11-04 14:16:56,980] {processor.py:642} INFO - Processing file /home/airflow/.local/lib/python3.8/site-packages/airflow/example_dags/example_kubernetes_executor.py for tasks to queue
[2023-11-04 14:16:56,981] {logging_mixin.py:109} INFO - [2023-11-04 14:16:56,981] {dagbag.py:500} INFO - Filling up the DagBag from /home/airflow/.local/lib/python3.8/site-packages/airflow/example_dags/example_kubernetes_executor.py
[2023-11-04 14:16:57,047] {processor.py:654} INFO - DAG(s) dict_keys(['example_kubernetes_executor']) retrieved from /home/airflow/.local/lib/python3.8/site-packages/airflow/example_dags/example_kubernetes_executor.py
[2023-11-04 14:16:57,074] {logging_mixin.py:109} INFO - [2023-11-04 14:16:57,073] {dag.py:2398} INFO - Sync 1 DAGs
[2023-11-04 14:16:57,103] {logging_mixin.py:109} INFO - [2023-11-04 14:16:57,103] {dag.py:2937} INFO - Setting next_dagrun for example_kubernetes_executor to None
[2023-11-04 14:16:57,118] {processor.py:171} INFO - Processing /home/airflow/.local/lib/python3.8/site-packages/airflow/example_dags/example_kubernetes_executor.py took 0.145 seconds
[2023-11-04 14:17:27,428] {processor.py:163} INFO - Started process (PID=616) to work on /home/airflow/.local/lib/python3.8/site-packages/airflow/example_dags/example_kubernetes_executor.py
[2023-11-04 14:17:27,430] {processor.py:642} INFO - Processing file /home/airflow/.local/lib/python3.8/site-packages/airflow/example_dags/example_kubernetes_executor.py for tasks to queue
[2023-11-04 14:17:27,432] {logging_mixin.py:109} INFO - [2023-11-04 14:17:27,432] {dagbag.py:500} INFO - Filling up the DagBag from /home/airflow/.local/lib/python3.8/site-packages/airflow/example_dags/example_kubernetes_executor.py
[2023-11-04 14:17:27,485] {processor.py:654} INFO - DAG(s) dict_keys(['example_kubernetes_executor']) retrieved from /home/airflow/.local/lib/python3.8/site-packages/airflow/example_dags/example_kubernetes_executor.py
[2023-11-04 14:17:27,503] {logging_mixin.py:109} INFO - [2023-11-04 14:17:27,503] {dag.py:2398} INFO - Sync 1 DAGs
[2023-11-04 14:17:27,523] {logging_mixin.py:109} INFO - [2023-11-04 14:17:27,523] {dag.py:2937} INFO - Setting next_dagrun for example_kubernetes_executor to None
[2023-11-04 14:17:27,535] {processor.py:171} INFO - Processing /home/airflow/.local/lib/python3.8/site-packages/airflow/example_dags/example_kubernetes_executor.py took 0.112 seconds
[2023-11-04 14:17:58,804] {processor.py:163} INFO - Started process (PID=673) to work on /home/airflow/.local/lib/python3.8/site-packages/airflow/example_dags/example_kubernetes_executor.py
[2023-11-04 14:17:58,807] {processor.py:642} INFO - Processing file /home/airflow/.local/lib/python3.8/site-packages/airflow/example_dags/example_kubernetes_executor.py for tasks to queue
[2023-11-04 14:17:58,810] {logging_mixin.py:109} INFO - [2023-11-04 14:17:58,809] {dagbag.py:500} INFO - Filling up the DagBag from /home/airflow/.local/lib/python3.8/site-packages/airflow/example_dags/example_kubernetes_executor.py
[2023-11-04 14:17:58,919] {processor.py:654} INFO - DAG(s) dict_keys(['example_kubernetes_executor']) retrieved from /home/airflow/.local/lib/python3.8/site-packages/airflow/example_dags/example_kubernetes_executor.py
[2023-11-04 14:17:58,941] {logging_mixin.py:109} INFO - [2023-11-04 14:17:58,941] {dag.py:2398} INFO - Sync 1 DAGs
[2023-11-04 14:17:58,981] {logging_mixin.py:109} INFO - [2023-11-04 14:17:58,981] {dag.py:2937} INFO - Setting next_dagrun for example_kubernetes_executor to None
[2023-11-04 14:17:59,001] {processor.py:171} INFO - Processing /home/airflow/.local/lib/python3.8/site-packages/airflow/example_dags/example_kubernetes_executor.py took 0.210 seconds
[2023-11-04 14:18:29,733] {processor.py:163} INFO - Started process (PID=722) to work on /home/airflow/.local/lib/python3.8/site-packages/airflow/example_dags/example_kubernetes_executor.py
[2023-11-04 14:18:29,736] {processor.py:642} INFO - Processing file /home/airflow/.local/lib/python3.8/site-packages/airflow/example_dags/example_kubernetes_executor.py for tasks to queue
[2023-11-04 14:18:29,738] {logging_mixin.py:109} INFO - [2023-11-04 14:18:29,738] {dagbag.py:500} INFO - Filling up the DagBag from /home/airflow/.local/lib/python3.8/site-packages/airflow/example_dags/example_kubernetes_executor.py
[2023-11-04 14:18:29,799] {processor.py:654} INFO - DAG(s) dict_keys(['example_kubernetes_executor']) retrieved from /home/airflow/.local/lib/python3.8/site-packages/airflow/example_dags/example_kubernetes_executor.py
[2023-11-04 14:18:29,817] {logging_mixin.py:109} INFO - [2023-11-04 14:18:29,817] {dag.py:2398} INFO - Sync 1 DAGs
[2023-11-04 14:18:29,841] {logging_mixin.py:109} INFO - [2023-11-04 14:18:29,841] {dag.py:2937} INFO - Setting next_dagrun for example_kubernetes_executor to None
[2023-11-04 14:18:29,854] {processor.py:171} INFO - Processing /home/airflow/.local/lib/python3.8/site-packages/airflow/example_dags/example_kubernetes_executor.py took 0.129 seconds
[2023-11-04 14:19:00,986] {processor.py:163} INFO - Started process (PID=771) to work on /home/airflow/.local/lib/python3.8/site-packages/airflow/example_dags/example_kubernetes_executor.py
[2023-11-04 14:19:00,989] {processor.py:642} INFO - Processing file /home/airflow/.local/lib/python3.8/site-packages/airflow/example_dags/example_kubernetes_executor.py for tasks to queue
[2023-11-04 14:19:00,991] {logging_mixin.py:109} INFO - [2023-11-04 14:19:00,991] {dagbag.py:500} INFO - Filling up the DagBag from /home/airflow/.local/lib/python3.8/site-packages/airflow/example_dags/example_kubernetes_executor.py
[2023-11-04 14:19:01,051] {processor.py:654} INFO - DAG(s) dict_keys(['example_kubernetes_executor']) retrieved from /home/airflow/.local/lib/python3.8/site-packages/airflow/example_dags/example_kubernetes_executor.py
[2023-11-04 14:19:01,068] {logging_mixin.py:109} INFO - [2023-11-04 14:19:01,068] {dag.py:2398} INFO - Sync 1 DAGs
[2023-11-04 14:19:01,087] {logging_mixin.py:109} INFO - [2023-11-04 14:19:01,087] {dag.py:2937} INFO - Setting next_dagrun for example_kubernetes_executor to None
[2023-11-04 14:19:01,101] {processor.py:171} INFO - Processing /home/airflow/.local/lib/python3.8/site-packages/airflow/example_dags/example_kubernetes_executor.py took 0.121 seconds
[2023-11-04 14:19:32,251] {processor.py:163} INFO - Started process (PID=828) to work on /home/airflow/.local/lib/python3.8/site-packages/airflow/example_dags/example_kubernetes_executor.py
[2023-11-04 14:19:32,254] {processor.py:642} INFO - Processing file /home/airflow/.local/lib/python3.8/site-packages/airflow/example_dags/example_kubernetes_executor.py for tasks to queue
[2023-11-04 14:19:32,255] {logging_mixin.py:109} INFO - [2023-11-04 14:19:32,255] {dagbag.py:500} INFO - Filling up the DagBag from /home/airflow/.local/lib/python3.8/site-packages/airflow/example_dags/example_kubernetes_executor.py
[2023-11-04 14:19:32,310] {processor.py:654} INFO - DAG(s) dict_keys(['example_kubernetes_executor']) retrieved from /home/airflow/.local/lib/python3.8/site-packages/airflow/example_dags/example_kubernetes_executor.py
[2023-11-04 14:19:32,328] {logging_mixin.py:109} INFO - [2023-11-04 14:19:32,328] {dag.py:2398} INFO - Sync 1 DAGs
[2023-11-04 14:19:32,353] {logging_mixin.py:109} INFO - [2023-11-04 14:19:32,353] {dag.py:2937} INFO - Setting next_dagrun for example_kubernetes_executor to None
[2023-11-04 14:19:32,366] {processor.py:171} INFO - Processing /home/airflow/.local/lib/python3.8/site-packages/airflow/example_dags/example_kubernetes_executor.py took 0.120 seconds
[2023-11-04 14:20:02,816] {processor.py:163} INFO - Started process (PID=877) to work on /home/airflow/.local/lib/python3.8/site-packages/airflow/example_dags/example_kubernetes_executor.py
[2023-11-04 14:20:02,819] {processor.py:642} INFO - Processing file /home/airflow/.local/lib/python3.8/site-packages/airflow/example_dags/example_kubernetes_executor.py for tasks to queue
[2023-11-04 14:20:02,821] {logging_mixin.py:109} INFO - [2023-11-04 14:20:02,821] {dagbag.py:500} INFO - Filling up the DagBag from /home/airflow/.local/lib/python3.8/site-packages/airflow/example_dags/example_kubernetes_executor.py
[2023-11-04 14:20:02,876] {processor.py:654} INFO - DAG(s) dict_keys(['example_kubernetes_executor']) retrieved from /home/airflow/.local/lib/python3.8/site-packages/airflow/example_dags/example_kubernetes_executor.py
[2023-11-04 14:20:02,894] {logging_mixin.py:109} INFO - [2023-11-04 14:20:02,894] {dag.py:2398} INFO - Sync 1 DAGs
[2023-11-04 14:20:02,916] {logging_mixin.py:109} INFO - [2023-11-04 14:20:02,916] {dag.py:2937} INFO - Setting next_dagrun for example_kubernetes_executor to None
[2023-11-04 14:20:02,929] {processor.py:171} INFO - Processing /home/airflow/.local/lib/python3.8/site-packages/airflow/example_dags/example_kubernetes_executor.py took 0.120 seconds
[2023-11-04 14:20:33,285] {processor.py:163} INFO - Started process (PID=928) to work on /home/airflow/.local/lib/python3.8/site-packages/airflow/example_dags/example_kubernetes_executor.py
[2023-11-04 14:20:33,288] {processor.py:642} INFO - Processing file /home/airflow/.local/lib/python3.8/site-packages/airflow/example_dags/example_kubernetes_executor.py for tasks to queue
[2023-11-04 14:20:33,289] {logging_mixin.py:109} INFO - [2023-11-04 14:20:33,289] {dagbag.py:500} INFO - Filling up the DagBag from /home/airflow/.local/lib/python3.8/site-packages/airflow/example_dags/example_kubernetes_executor.py
[2023-11-04 14:20:33,368] {processor.py:654} INFO - DAG(s) dict_keys(['example_kubernetes_executor']) retrieved from /home/airflow/.local/lib/python3.8/site-packages/airflow/example_dags/example_kubernetes_executor.py
[2023-11-04 14:20:33,390] {logging_mixin.py:109} INFO - [2023-11-04 14:20:33,390] {dag.py:2398} INFO - Sync 1 DAGs
[2023-11-04 14:20:33,410] {logging_mixin.py:109} INFO - [2023-11-04 14:20:33,410] {dag.py:2937} INFO - Setting next_dagrun for example_kubernetes_executor to None
[2023-11-04 14:20:33,422] {processor.py:171} INFO - Processing /home/airflow/.local/lib/python3.8/site-packages/airflow/example_dags/example_kubernetes_executor.py took 0.142 seconds
[2023-11-04 14:21:03,969] {processor.py:163} INFO - Started process (PID=985) to work on /home/airflow/.local/lib/python3.8/site-packages/airflow/example_dags/example_kubernetes_executor.py
[2023-11-04 14:21:03,971] {processor.py:642} INFO - Processing file /home/airflow/.local/lib/python3.8/site-packages/airflow/example_dags/example_kubernetes_executor.py for tasks to queue
[2023-11-04 14:21:03,973] {logging_mixin.py:109} INFO - [2023-11-04 14:21:03,973] {dagbag.py:500} INFO - Filling up the DagBag from /home/airflow/.local/lib/python3.8/site-packages/airflow/example_dags/example_kubernetes_executor.py
[2023-11-04 14:21:04,026] {processor.py:654} INFO - DAG(s) dict_keys(['example_kubernetes_executor']) retrieved from /home/airflow/.local/lib/python3.8/site-packages/airflow/example_dags/example_kubernetes_executor.py
[2023-11-04 14:21:04,045] {logging_mixin.py:109} INFO - [2023-11-04 14:21:04,045] {dag.py:2398} INFO - Sync 1 DAGs
[2023-11-04 14:21:04,064] {logging_mixin.py:109} INFO - [2023-11-04 14:21:04,064] {dag.py:2937} INFO - Setting next_dagrun for example_kubernetes_executor to None
[2023-11-04 14:21:04,075] {processor.py:171} INFO - Processing /home/airflow/.local/lib/python3.8/site-packages/airflow/example_dags/example_kubernetes_executor.py took 0.111 seconds
[2023-11-04 14:21:35,227] {processor.py:163} INFO - Started process (PID=1036) to work on /home/airflow/.local/lib/python3.8/site-packages/airflow/example_dags/example_kubernetes_executor.py
[2023-11-04 14:21:35,230] {processor.py:642} INFO - Processing file /home/airflow/.local/lib/python3.8/site-packages/airflow/example_dags/example_kubernetes_executor.py for tasks to queue
[2023-11-04 14:21:35,231] {logging_mixin.py:109} INFO - [2023-11-04 14:21:35,231] {dagbag.py:500} INFO - Filling up the DagBag from /home/airflow/.local/lib/python3.8/site-packages/airflow/example_dags/example_kubernetes_executor.py
[2023-11-04 14:21:35,286] {processor.py:654} INFO - DAG(s) dict_keys(['example_kubernetes_executor']) retrieved from /home/airflow/.local/lib/python3.8/site-packages/airflow/example_dags/example_kubernetes_executor.py
[2023-11-04 14:21:35,304] {logging_mixin.py:109} INFO - [2023-11-04 14:21:35,303] {dag.py:2398} INFO - Sync 1 DAGs
[2023-11-04 14:21:35,322] {logging_mixin.py:109} INFO - [2023-11-04 14:21:35,322] {dag.py:2937} INFO - Setting next_dagrun for example_kubernetes_executor to None
[2023-11-04 14:21:35,334] {processor.py:171} INFO - Processing /home/airflow/.local/lib/python3.8/site-packages/airflow/example_dags/example_kubernetes_executor.py took 0.112 seconds
[2023-11-04 14:22:06,537] {processor.py:163} INFO - Started process (PID=1093) to work on /home/airflow/.local/lib/python3.8/site-packages/airflow/example_dags/example_kubernetes_executor.py
[2023-11-04 14:22:06,540] {processor.py:642} INFO - Processing file /home/airflow/.local/lib/python3.8/site-packages/airflow/example_dags/example_kubernetes_executor.py for tasks to queue
[2023-11-04 14:22:06,542] {logging_mixin.py:109} INFO - [2023-11-04 14:22:06,542] {dagbag.py:500} INFO - Filling up the DagBag from /home/airflow/.local/lib/python3.8/site-packages/airflow/example_dags/example_kubernetes_executor.py
[2023-11-04 14:22:06,600] {processor.py:654} INFO - DAG(s) dict_keys(['example_kubernetes_executor']) retrieved from /home/airflow/.local/lib/python3.8/site-packages/airflow/example_dags/example_kubernetes_executor.py
[2023-11-04 14:22:06,618] {logging_mixin.py:109} INFO - [2023-11-04 14:22:06,618] {dag.py:2398} INFO - Sync 1 DAGs
[2023-11-04 14:22:06,637] {logging_mixin.py:109} INFO - [2023-11-04 14:22:06,637] {dag.py:2937} INFO - Setting next_dagrun for example_kubernetes_executor to None
[2023-11-04 14:22:06,649] {processor.py:171} INFO - Processing /home/airflow/.local/lib/python3.8/site-packages/airflow/example_dags/example_kubernetes_executor.py took 0.118 seconds
[2023-11-04 14:22:37,680] {processor.py:163} INFO - Started process (PID=1143) to work on /home/airflow/.local/lib/python3.8/site-packages/airflow/example_dags/example_kubernetes_executor.py
[2023-11-04 14:22:37,682] {processor.py:642} INFO - Processing file /home/airflow/.local/lib/python3.8/site-packages/airflow/example_dags/example_kubernetes_executor.py for tasks to queue
[2023-11-04 14:22:37,683] {logging_mixin.py:109} INFO - [2023-11-04 14:22:37,683] {dagbag.py:500} INFO - Filling up the DagBag from /home/airflow/.local/lib/python3.8/site-packages/airflow/example_dags/example_kubernetes_executor.py
[2023-11-04 14:22:37,737] {processor.py:654} INFO - DAG(s) dict_keys(['example_kubernetes_executor']) retrieved from /home/airflow/.local/lib/python3.8/site-packages/airflow/example_dags/example_kubernetes_executor.py
[2023-11-04 14:22:37,754] {logging_mixin.py:109} INFO - [2023-11-04 14:22:37,754] {dag.py:2398} INFO - Sync 1 DAGs
[2023-11-04 14:22:37,773] {logging_mixin.py:109} INFO - [2023-11-04 14:22:37,773] {dag.py:2937} INFO - Setting next_dagrun for example_kubernetes_executor to None
[2023-11-04 14:22:37,785] {processor.py:171} INFO - Processing /home/airflow/.local/lib/python3.8/site-packages/airflow/example_dags/example_kubernetes_executor.py took 0.110 seconds
[2023-11-04 14:23:09,032] {processor.py:163} INFO - Started process (PID=1199) to work on /home/airflow/.local/lib/python3.8/site-packages/airflow/example_dags/example_kubernetes_executor.py
[2023-11-04 14:23:09,035] {processor.py:642} INFO - Processing file /home/airflow/.local/lib/python3.8/site-packages/airflow/example_dags/example_kubernetes_executor.py for tasks to queue
[2023-11-04 14:23:09,037] {logging_mixin.py:109} INFO - [2023-11-04 14:23:09,036] {dagbag.py:500} INFO - Filling up the DagBag from /home/airflow/.local/lib/python3.8/site-packages/airflow/example_dags/example_kubernetes_executor.py
[2023-11-04 14:23:09,095] {processor.py:654} INFO - DAG(s) dict_keys(['example_kubernetes_executor']) retrieved from /home/airflow/.local/lib/python3.8/site-packages/airflow/example_dags/example_kubernetes_executor.py
[2023-11-04 14:23:09,116] {logging_mixin.py:109} INFO - [2023-11-04 14:23:09,115] {dag.py:2398} INFO - Sync 1 DAGs
[2023-11-04 14:23:09,153] {logging_mixin.py:109} INFO - [2023-11-04 14:23:09,153] {dag.py:2937} INFO - Setting next_dagrun for example_kubernetes_executor to None
[2023-11-04 14:23:09,191] {processor.py:171} INFO - Processing /home/airflow/.local/lib/python3.8/site-packages/airflow/example_dags/example_kubernetes_executor.py took 0.164 seconds
[2023-11-04 14:23:39,600] {processor.py:163} INFO - Started process (PID=1249) to work on /home/airflow/.local/lib/python3.8/site-packages/airflow/example_dags/example_kubernetes_executor.py
[2023-11-04 14:23:39,602] {processor.py:642} INFO - Processing file /home/airflow/.local/lib/python3.8/site-packages/airflow/example_dags/example_kubernetes_executor.py for tasks to queue
[2023-11-04 14:23:39,605] {logging_mixin.py:109} INFO - [2023-11-04 14:23:39,605] {dagbag.py:500} INFO - Filling up the DagBag from /home/airflow/.local/lib/python3.8/site-packages/airflow/example_dags/example_kubernetes_executor.py
[2023-11-04 14:23:39,657] {processor.py:654} INFO - DAG(s) dict_keys(['example_kubernetes_executor']) retrieved from /home/airflow/.local/lib/python3.8/site-packages/airflow/example_dags/example_kubernetes_executor.py
[2023-11-04 14:23:39,675] {logging_mixin.py:109} INFO - [2023-11-04 14:23:39,675] {dag.py:2398} INFO - Sync 1 DAGs
[2023-11-04 14:23:39,694] {logging_mixin.py:109} INFO - [2023-11-04 14:23:39,693] {dag.py:2937} INFO - Setting next_dagrun for example_kubernetes_executor to None
[2023-11-04 14:23:39,704] {processor.py:171} INFO - Processing /home/airflow/.local/lib/python3.8/site-packages/airflow/example_dags/example_kubernetes_executor.py took 0.110 seconds
[2023-11-04 14:24:10,492] {processor.py:163} INFO - Started process (PID=1298) to work on /home/airflow/.local/lib/python3.8/site-packages/airflow/example_dags/example_kubernetes_executor.py
[2023-11-04 14:24:10,503] {processor.py:642} INFO - Processing file /home/airflow/.local/lib/python3.8/site-packages/airflow/example_dags/example_kubernetes_executor.py for tasks to queue
[2023-11-04 14:24:10,508] {logging_mixin.py:109} INFO - [2023-11-04 14:24:10,507] {dagbag.py:500} INFO - Filling up the DagBag from /home/airflow/.local/lib/python3.8/site-packages/airflow/example_dags/example_kubernetes_executor.py
[2023-11-04 14:24:10,601] {processor.py:654} INFO - DAG(s) dict_keys(['example_kubernetes_executor']) retrieved from /home/airflow/.local/lib/python3.8/site-packages/airflow/example_dags/example_kubernetes_executor.py
[2023-11-04 14:24:10,630] {logging_mixin.py:109} INFO - [2023-11-04 14:24:10,630] {dag.py:2398} INFO - Sync 1 DAGs
[2023-11-04 14:24:10,651] {logging_mixin.py:109} INFO - [2023-11-04 14:24:10,651] {dag.py:2937} INFO - Setting next_dagrun for example_kubernetes_executor to None
[2023-11-04 14:24:10,662] {processor.py:171} INFO - Processing /home/airflow/.local/lib/python3.8/site-packages/airflow/example_dags/example_kubernetes_executor.py took 0.180 seconds
[2023-11-04 14:24:41,434] {processor.py:163} INFO - Started process (PID=1355) to work on /home/airflow/.local/lib/python3.8/site-packages/airflow/example_dags/example_kubernetes_executor.py
[2023-11-04 14:24:41,437] {processor.py:642} INFO - Processing file /home/airflow/.local/lib/python3.8/site-packages/airflow/example_dags/example_kubernetes_executor.py for tasks to queue
[2023-11-04 14:24:41,439] {logging_mixin.py:109} INFO - [2023-11-04 14:24:41,439] {dagbag.py:500} INFO - Filling up the DagBag from /home/airflow/.local/lib/python3.8/site-packages/airflow/example_dags/example_kubernetes_executor.py
[2023-11-04 14:24:41,520] {processor.py:654} INFO - DAG(s) dict_keys(['example_kubernetes_executor']) retrieved from /home/airflow/.local/lib/python3.8/site-packages/airflow/example_dags/example_kubernetes_executor.py
[2023-11-04 14:24:41,548] {logging_mixin.py:109} INFO - [2023-11-04 14:24:41,548] {dag.py:2398} INFO - Sync 1 DAGs
[2023-11-04 14:24:41,569] {logging_mixin.py:109} INFO - [2023-11-04 14:24:41,569] {dag.py:2937} INFO - Setting next_dagrun for example_kubernetes_executor to None
[2023-11-04 14:24:41,580] {processor.py:171} INFO - Processing /home/airflow/.local/lib/python3.8/site-packages/airflow/example_dags/example_kubernetes_executor.py took 0.151 seconds
[2023-11-04 14:25:12,652] {processor.py:163} INFO - Started process (PID=1404) to work on /home/airflow/.local/lib/python3.8/site-packages/airflow/example_dags/example_kubernetes_executor.py
[2023-11-04 14:25:12,655] {processor.py:642} INFO - Processing file /home/airflow/.local/lib/python3.8/site-packages/airflow/example_dags/example_kubernetes_executor.py for tasks to queue
[2023-11-04 14:25:12,656] {logging_mixin.py:109} INFO - [2023-11-04 14:25:12,656] {dagbag.py:500} INFO - Filling up the DagBag from /home/airflow/.local/lib/python3.8/site-packages/airflow/example_dags/example_kubernetes_executor.py
[2023-11-04 14:25:12,712] {processor.py:654} INFO - DAG(s) dict_keys(['example_kubernetes_executor']) retrieved from /home/airflow/.local/lib/python3.8/site-packages/airflow/example_dags/example_kubernetes_executor.py
[2023-11-04 14:25:12,731] {logging_mixin.py:109} INFO - [2023-11-04 14:25:12,730] {dag.py:2398} INFO - Sync 1 DAGs
[2023-11-04 14:25:12,753] {logging_mixin.py:109} INFO - [2023-11-04 14:25:12,753] {dag.py:2937} INFO - Setting next_dagrun for example_kubernetes_executor to None
[2023-11-04 14:25:12,765] {processor.py:171} INFO - Processing /home/airflow/.local/lib/python3.8/site-packages/airflow/example_dags/example_kubernetes_executor.py took 0.118 seconds
[2023-11-04 14:25:43,167] {processor.py:163} INFO - Started process (PID=1461) to work on /home/airflow/.local/lib/python3.8/site-packages/airflow/example_dags/example_kubernetes_executor.py
[2023-11-04 14:25:43,179] {processor.py:642} INFO - Processing file /home/airflow/.local/lib/python3.8/site-packages/airflow/example_dags/example_kubernetes_executor.py for tasks to queue
[2023-11-04 14:25:43,181] {logging_mixin.py:109} INFO - [2023-11-04 14:25:43,181] {dagbag.py:500} INFO - Filling up the DagBag from /home/airflow/.local/lib/python3.8/site-packages/airflow/example_dags/example_kubernetes_executor.py
[2023-11-04 14:25:43,235] {processor.py:654} INFO - DAG(s) dict_keys(['example_kubernetes_executor']) retrieved from /home/airflow/.local/lib/python3.8/site-packages/airflow/example_dags/example_kubernetes_executor.py
[2023-11-04 14:25:43,256] {logging_mixin.py:109} INFO - [2023-11-04 14:25:43,256] {dag.py:2398} INFO - Sync 1 DAGs
[2023-11-04 14:25:43,275] {logging_mixin.py:109} INFO - [2023-11-04 14:25:43,275] {dag.py:2937} INFO - Setting next_dagrun for example_kubernetes_executor to None
[2023-11-04 14:25:43,287] {processor.py:171} INFO - Processing /home/airflow/.local/lib/python3.8/site-packages/airflow/example_dags/example_kubernetes_executor.py took 0.125 seconds
[2023-11-04 14:26:14,245] {processor.py:163} INFO - Started process (PID=1510) to work on /home/airflow/.local/lib/python3.8/site-packages/airflow/example_dags/example_kubernetes_executor.py
[2023-11-04 14:26:14,248] {processor.py:642} INFO - Processing file /home/airflow/.local/lib/python3.8/site-packages/airflow/example_dags/example_kubernetes_executor.py for tasks to queue
[2023-11-04 14:26:14,249] {logging_mixin.py:109} INFO - [2023-11-04 14:26:14,249] {dagbag.py:500} INFO - Filling up the DagBag from /home/airflow/.local/lib/python3.8/site-packages/airflow/example_dags/example_kubernetes_executor.py
[2023-11-04 14:26:14,320] {processor.py:654} INFO - DAG(s) dict_keys(['example_kubernetes_executor']) retrieved from /home/airflow/.local/lib/python3.8/site-packages/airflow/example_dags/example_kubernetes_executor.py
[2023-11-04 14:26:14,336] {logging_mixin.py:109} INFO - [2023-11-04 14:26:14,336] {dag.py:2398} INFO - Sync 1 DAGs
[2023-11-04 14:26:14,355] {logging_mixin.py:109} INFO - [2023-11-04 14:26:14,354] {dag.py:2937} INFO - Setting next_dagrun for example_kubernetes_executor to None
[2023-11-04 14:26:14,366] {processor.py:171} INFO - Processing /home/airflow/.local/lib/python3.8/site-packages/airflow/example_dags/example_kubernetes_executor.py took 0.127 seconds
[2023-11-04 14:28:08,822] {processor.py:163} INFO - Started process (PID=45) to work on /home/airflow/.local/lib/python3.8/site-packages/airflow/example_dags/example_kubernetes_executor.py
[2023-11-04 14:28:08,826] {processor.py:642} INFO - Processing file /home/airflow/.local/lib/python3.8/site-packages/airflow/example_dags/example_kubernetes_executor.py for tasks to queue
[2023-11-04 14:28:08,827] {logging_mixin.py:109} INFO - [2023-11-04 14:28:08,827] {dagbag.py:500} INFO - Filling up the DagBag from /home/airflow/.local/lib/python3.8/site-packages/airflow/example_dags/example_kubernetes_executor.py
[2023-11-04 14:28:08,903] {processor.py:654} INFO - DAG(s) dict_keys(['example_kubernetes_executor']) retrieved from /home/airflow/.local/lib/python3.8/site-packages/airflow/example_dags/example_kubernetes_executor.py
[2023-11-04 14:28:08,924] {logging_mixin.py:109} INFO - [2023-11-04 14:28:08,924] {dag.py:2398} INFO - Sync 1 DAGs
[2023-11-04 14:28:08,947] {logging_mixin.py:109} INFO - [2023-11-04 14:28:08,947] {dag.py:2937} INFO - Setting next_dagrun for example_kubernetes_executor to None
[2023-11-04 14:28:08,963] {processor.py:171} INFO - Processing /home/airflow/.local/lib/python3.8/site-packages/airflow/example_dags/example_kubernetes_executor.py took 0.148 seconds
[2023-11-04 14:28:39,727] {processor.py:163} INFO - Started process (PID=95) to work on /home/airflow/.local/lib/python3.8/site-packages/airflow/example_dags/example_kubernetes_executor.py
[2023-11-04 14:28:39,729] {processor.py:642} INFO - Processing file /home/airflow/.local/lib/python3.8/site-packages/airflow/example_dags/example_kubernetes_executor.py for tasks to queue
[2023-11-04 14:28:39,731] {logging_mixin.py:109} INFO - [2023-11-04 14:28:39,731] {dagbag.py:500} INFO - Filling up the DagBag from /home/airflow/.local/lib/python3.8/site-packages/airflow/example_dags/example_kubernetes_executor.py
[2023-11-04 14:28:39,783] {processor.py:654} INFO - DAG(s) dict_keys(['example_kubernetes_executor']) retrieved from /home/airflow/.local/lib/python3.8/site-packages/airflow/example_dags/example_kubernetes_executor.py
[2023-11-04 14:28:39,801] {logging_mixin.py:109} INFO - [2023-11-04 14:28:39,801] {dag.py:2398} INFO - Sync 1 DAGs
[2023-11-04 14:28:39,820] {logging_mixin.py:109} INFO - [2023-11-04 14:28:39,820] {dag.py:2937} INFO - Setting next_dagrun for example_kubernetes_executor to None
[2023-11-04 14:28:39,832] {processor.py:171} INFO - Processing /home/airflow/.local/lib/python3.8/site-packages/airflow/example_dags/example_kubernetes_executor.py took 0.109 seconds
[2023-11-04 14:29:10,337] {processor.py:163} INFO - Started process (PID=152) to work on /home/airflow/.local/lib/python3.8/site-packages/airflow/example_dags/example_kubernetes_executor.py
[2023-11-04 14:29:10,339] {processor.py:642} INFO - Processing file /home/airflow/.local/lib/python3.8/site-packages/airflow/example_dags/example_kubernetes_executor.py for tasks to queue
[2023-11-04 14:29:10,341] {logging_mixin.py:109} INFO - [2023-11-04 14:29:10,341] {dagbag.py:500} INFO - Filling up the DagBag from /home/airflow/.local/lib/python3.8/site-packages/airflow/example_dags/example_kubernetes_executor.py
[2023-11-04 14:29:10,394] {processor.py:654} INFO - DAG(s) dict_keys(['example_kubernetes_executor']) retrieved from /home/airflow/.local/lib/python3.8/site-packages/airflow/example_dags/example_kubernetes_executor.py
[2023-11-04 14:29:10,412] {logging_mixin.py:109} INFO - [2023-11-04 14:29:10,412] {dag.py:2398} INFO - Sync 1 DAGs
[2023-11-04 14:29:10,432] {logging_mixin.py:109} INFO - [2023-11-04 14:29:10,431] {dag.py:2937} INFO - Setting next_dagrun for example_kubernetes_executor to None
[2023-11-04 14:29:10,442] {processor.py:171} INFO - Processing /home/airflow/.local/lib/python3.8/site-packages/airflow/example_dags/example_kubernetes_executor.py took 0.110 seconds
[2023-11-04 14:29:40,829] {processor.py:163} INFO - Started process (PID=201) to work on /home/airflow/.local/lib/python3.8/site-packages/airflow/example_dags/example_kubernetes_executor.py
[2023-11-04 14:29:40,831] {processor.py:642} INFO - Processing file /home/airflow/.local/lib/python3.8/site-packages/airflow/example_dags/example_kubernetes_executor.py for tasks to queue
[2023-11-04 14:29:40,833] {logging_mixin.py:109} INFO - [2023-11-04 14:29:40,833] {dagbag.py:500} INFO - Filling up the DagBag from /home/airflow/.local/lib/python3.8/site-packages/airflow/example_dags/example_kubernetes_executor.py
[2023-11-04 14:29:40,892] {processor.py:654} INFO - DAG(s) dict_keys(['example_kubernetes_executor']) retrieved from /home/airflow/.local/lib/python3.8/site-packages/airflow/example_dags/example_kubernetes_executor.py
[2023-11-04 14:29:40,912] {logging_mixin.py:109} INFO - [2023-11-04 14:29:40,912] {dag.py:2398} INFO - Sync 1 DAGs
[2023-11-04 14:29:40,931] {logging_mixin.py:109} INFO - [2023-11-04 14:29:40,931] {dag.py:2937} INFO - Setting next_dagrun for example_kubernetes_executor to None
[2023-11-04 14:29:40,942] {processor.py:171} INFO - Processing /home/airflow/.local/lib/python3.8/site-packages/airflow/example_dags/example_kubernetes_executor.py took 0.118 seconds
[2023-11-04 14:30:11,605] {processor.py:163} INFO - Started process (PID=256) to work on /home/airflow/.local/lib/python3.8/site-packages/airflow/example_dags/example_kubernetes_executor.py
[2023-11-04 14:30:11,609] {processor.py:642} INFO - Processing file /home/airflow/.local/lib/python3.8/site-packages/airflow/example_dags/example_kubernetes_executor.py for tasks to queue
[2023-11-04 14:30:11,612] {logging_mixin.py:109} INFO - [2023-11-04 14:30:11,612] {dagbag.py:500} INFO - Filling up the DagBag from /home/airflow/.local/lib/python3.8/site-packages/airflow/example_dags/example_kubernetes_executor.py
[2023-11-04 14:30:11,689] {processor.py:654} INFO - DAG(s) dict_keys(['example_kubernetes_executor']) retrieved from /home/airflow/.local/lib/python3.8/site-packages/airflow/example_dags/example_kubernetes_executor.py
[2023-11-04 14:30:11,708] {logging_mixin.py:109} INFO - [2023-11-04 14:30:11,708] {dag.py:2398} INFO - Sync 1 DAGs
[2023-11-04 14:30:11,731] {logging_mixin.py:109} INFO - [2023-11-04 14:30:11,730] {dag.py:2937} INFO - Setting next_dagrun for example_kubernetes_executor to None
[2023-11-04 14:30:11,745] {processor.py:171} INFO - Processing /home/airflow/.local/lib/python3.8/site-packages/airflow/example_dags/example_kubernetes_executor.py took 0.145 seconds
[2023-11-04 14:30:42,909] {processor.py:163} INFO - Started process (PID=306) to work on /home/airflow/.local/lib/python3.8/site-packages/airflow/example_dags/example_kubernetes_executor.py
[2023-11-04 14:30:42,911] {processor.py:642} INFO - Processing file /home/airflow/.local/lib/python3.8/site-packages/airflow/example_dags/example_kubernetes_executor.py for tasks to queue
[2023-11-04 14:30:42,912] {logging_mixin.py:109} INFO - [2023-11-04 14:30:42,912] {dagbag.py:500} INFO - Filling up the DagBag from /home/airflow/.local/lib/python3.8/site-packages/airflow/example_dags/example_kubernetes_executor.py
[2023-11-04 14:30:42,975] {processor.py:654} INFO - DAG(s) dict_keys(['example_kubernetes_executor']) retrieved from /home/airflow/.local/lib/python3.8/site-packages/airflow/example_dags/example_kubernetes_executor.py
[2023-11-04 14:30:42,993] {logging_mixin.py:109} INFO - [2023-11-04 14:30:42,993] {dag.py:2398} INFO - Sync 1 DAGs
[2023-11-04 14:30:43,014] {logging_mixin.py:109} INFO - [2023-11-04 14:30:43,014] {dag.py:2937} INFO - Setting next_dagrun for example_kubernetes_executor to None
[2023-11-04 14:30:43,028] {processor.py:171} INFO - Processing /home/airflow/.local/lib/python3.8/site-packages/airflow/example_dags/example_kubernetes_executor.py took 0.125 seconds
