[2023-11-04 13:41:07,026] {processor.py:163} INFO - Started process (PID=83) to work on /home/airflow/.local/lib/python3.8/site-packages/airflow/example_dags/example_complex.py
[2023-11-04 13:41:07,029] {processor.py:642} INFO - Processing file /home/airflow/.local/lib/python3.8/site-packages/airflow/example_dags/example_complex.py for tasks to queue
[2023-11-04 13:41:07,030] {logging_mixin.py:109} INFO - [2023-11-04 13:41:07,030] {dagbag.py:500} INFO - Filling up the DagBag from /home/airflow/.local/lib/python3.8/site-packages/airflow/example_dags/example_complex.py
[2023-11-04 13:41:07,104] {processor.py:654} INFO - DAG(s) dict_keys(['example_complex']) retrieved from /home/airflow/.local/lib/python3.8/site-packages/airflow/example_dags/example_complex.py
[2023-11-04 13:41:08,927] {logging_mixin.py:109} INFO - [2023-11-04 13:41:08,927] {providers_manager.py:154} WARNING - Exception when importing 'airflow.providers.google.common.hooks.base_google.GoogleBaseHook' from 'apache-airflow-providers-google' package: module 'pyparsing' has no attribute 'downcaseTokens'
[2023-11-04 13:41:08,933] {logging_mixin.py:109} INFO - [2023-11-04 13:41:08,933] {providers_manager.py:154} WARNING - Exception when importing 'airflow.providers.google.cloud.hooks.cloud_sql.CloudSQLHook' from 'apache-airflow-providers-google' package: module 'pyparsing' has no attribute 'downcaseTokens'
[2023-11-04 13:41:08,937] {logging_mixin.py:109} INFO - [2023-11-04 13:41:08,937] {providers_manager.py:154} WARNING - Exception when importing 'airflow.providers.google.cloud.hooks.cloud_sql.CloudSQLDatabaseHook' from 'apache-airflow-providers-google' package: module 'pyparsing' has no attribute 'downcaseTokens'
[2023-11-04 13:41:09,088] {logging_mixin.py:109} INFO - [2023-11-04 13:41:09,087] {providers_manager.py:154} WARNING - Exception when importing 'airflow.providers.google.cloud.hooks.bigquery.BigQueryHook' from 'apache-airflow-providers-google' package: module 'pyparsing' has no attribute 'downcaseTokens'
[2023-11-04 13:41:09,093] {logging_mixin.py:109} INFO - [2023-11-04 13:41:09,093] {providers_manager.py:154} WARNING - Exception when importing 'airflow.providers.google.cloud.hooks.compute_ssh.ComputeEngineSSHHook' from 'apache-airflow-providers-google' package: module 'pyparsing' has no attribute 'downcaseTokens'
[2023-11-04 13:41:09,849] {logging_mixin.py:109} INFO - [2023-11-04 13:41:09,849] {providers_manager.py:154} WARNING - Exception when importing 'airflow.providers.google.common.hooks.base_google.GoogleBaseHook' from 'apache-airflow-providers-google' package: module 'pyparsing' has no attribute 'downcaseTokens'
[2023-11-04 13:41:09,856] {logging_mixin.py:109} INFO - [2023-11-04 13:41:09,856] {providers_manager.py:154} WARNING - Exception when importing 'airflow.providers.google.cloud.hooks.cloud_sql.CloudSQLHook' from 'apache-airflow-providers-google' package: module 'pyparsing' has no attribute 'downcaseTokens'
[2023-11-04 13:41:09,861] {logging_mixin.py:109} INFO - [2023-11-04 13:41:09,860] {providers_manager.py:154} WARNING - Exception when importing 'airflow.providers.google.cloud.hooks.cloud_sql.CloudSQLDatabaseHook' from 'apache-airflow-providers-google' package: module 'pyparsing' has no attribute 'downcaseTokens'
[2023-11-04 13:41:09,865] {logging_mixin.py:109} INFO - [2023-11-04 13:41:09,865] {providers_manager.py:154} WARNING - Exception when importing 'airflow.providers.google.cloud.hooks.bigquery.BigQueryHook' from 'apache-airflow-providers-google' package: module 'pyparsing' has no attribute 'downcaseTokens'
[2023-11-04 13:41:09,870] {logging_mixin.py:109} INFO - [2023-11-04 13:41:09,870] {providers_manager.py:154} WARNING - Exception when importing 'airflow.providers.google.cloud.hooks.compute_ssh.ComputeEngineSSHHook' from 'apache-airflow-providers-google' package: module 'pyparsing' has no attribute 'downcaseTokens'
[2023-11-04 13:41:09,896] {logging_mixin.py:109} INFO - [2023-11-04 13:41:09,896] {manager.py:496} INFO - Created Permission View: can read on DAG:example_complex
[2023-11-04 13:41:09,907] {logging_mixin.py:109} INFO - [2023-11-04 13:41:09,906] {manager.py:496} INFO - Created Permission View: can edit on DAG:example_complex
[2023-11-04 13:41:09,909] {logging_mixin.py:109} INFO - [2023-11-04 13:41:09,908] {dag.py:2398} INFO - Sync 1 DAGs
[2023-11-04 13:41:09,917] {logging_mixin.py:109} INFO - [2023-11-04 13:41:09,917] {dag.py:2417} INFO - Creating ORM DAG for example_complex
[2023-11-04 13:41:09,927] {logging_mixin.py:109} INFO - [2023-11-04 13:41:09,927] {dag.py:2937} INFO - Setting next_dagrun for example_complex to None
[2023-11-04 13:41:09,943] {processor.py:171} INFO - Processing /home/airflow/.local/lib/python3.8/site-packages/airflow/example_dags/example_complex.py took 2.921 seconds
[2023-11-04 13:41:52,627] {processor.py:163} INFO - Started process (PID=290) to work on /home/airflow/.local/lib/python3.8/site-packages/airflow/example_dags/example_complex.py
[2023-11-04 13:41:52,630] {processor.py:642} INFO - Processing file /home/airflow/.local/lib/python3.8/site-packages/airflow/example_dags/example_complex.py for tasks to queue
[2023-11-04 13:41:52,632] {logging_mixin.py:109} INFO - [2023-11-04 13:41:52,631] {dagbag.py:500} INFO - Filling up the DagBag from /home/airflow/.local/lib/python3.8/site-packages/airflow/example_dags/example_complex.py
[2023-11-04 13:41:52,687] {processor.py:654} INFO - DAG(s) dict_keys(['example_complex']) retrieved from /home/airflow/.local/lib/python3.8/site-packages/airflow/example_dags/example_complex.py
[2023-11-04 13:41:52,709] {logging_mixin.py:109} INFO - [2023-11-04 13:41:52,709] {dag.py:2398} INFO - Sync 1 DAGs
[2023-11-04 13:41:52,731] {logging_mixin.py:109} INFO - [2023-11-04 13:41:52,731] {dag.py:2937} INFO - Setting next_dagrun for example_complex to None
[2023-11-04 13:41:52,745] {processor.py:171} INFO - Processing /home/airflow/.local/lib/python3.8/site-packages/airflow/example_dags/example_complex.py took 0.123 seconds
[2023-11-04 13:42:23,370] {processor.py:163} INFO - Started process (PID=346) to work on /home/airflow/.local/lib/python3.8/site-packages/airflow/example_dags/example_complex.py
[2023-11-04 13:42:23,373] {processor.py:642} INFO - Processing file /home/airflow/.local/lib/python3.8/site-packages/airflow/example_dags/example_complex.py for tasks to queue
[2023-11-04 13:42:23,374] {logging_mixin.py:109} INFO - [2023-11-04 13:42:23,374] {dagbag.py:500} INFO - Filling up the DagBag from /home/airflow/.local/lib/python3.8/site-packages/airflow/example_dags/example_complex.py
[2023-11-04 13:42:23,435] {processor.py:654} INFO - DAG(s) dict_keys(['example_complex']) retrieved from /home/airflow/.local/lib/python3.8/site-packages/airflow/example_dags/example_complex.py
[2023-11-04 13:42:23,458] {logging_mixin.py:109} INFO - [2023-11-04 13:42:23,458] {dag.py:2398} INFO - Sync 1 DAGs
[2023-11-04 13:42:23,478] {logging_mixin.py:109} INFO - [2023-11-04 13:42:23,478] {dag.py:2937} INFO - Setting next_dagrun for example_complex to None
[2023-11-04 13:42:23,491] {processor.py:171} INFO - Processing /home/airflow/.local/lib/python3.8/site-packages/airflow/example_dags/example_complex.py took 0.127 seconds
[2023-11-04 13:42:53,679] {processor.py:163} INFO - Started process (PID=396) to work on /home/airflow/.local/lib/python3.8/site-packages/airflow/example_dags/example_complex.py
[2023-11-04 13:42:53,681] {processor.py:642} INFO - Processing file /home/airflow/.local/lib/python3.8/site-packages/airflow/example_dags/example_complex.py for tasks to queue
[2023-11-04 13:42:53,683] {logging_mixin.py:109} INFO - [2023-11-04 13:42:53,683] {dagbag.py:500} INFO - Filling up the DagBag from /home/airflow/.local/lib/python3.8/site-packages/airflow/example_dags/example_complex.py
[2023-11-04 13:42:53,736] {processor.py:654} INFO - DAG(s) dict_keys(['example_complex']) retrieved from /home/airflow/.local/lib/python3.8/site-packages/airflow/example_dags/example_complex.py
[2023-11-04 13:42:53,758] {logging_mixin.py:109} INFO - [2023-11-04 13:42:53,758] {dag.py:2398} INFO - Sync 1 DAGs
[2023-11-04 13:42:53,782] {logging_mixin.py:109} INFO - [2023-11-04 13:42:53,782] {dag.py:2937} INFO - Setting next_dagrun for example_complex to None
[2023-11-04 13:42:53,794] {processor.py:171} INFO - Processing /home/airflow/.local/lib/python3.8/site-packages/airflow/example_dags/example_complex.py took 0.120 seconds
[2023-11-04 13:43:24,718] {processor.py:163} INFO - Started process (PID=445) to work on /home/airflow/.local/lib/python3.8/site-packages/airflow/example_dags/example_complex.py
[2023-11-04 13:43:24,721] {processor.py:642} INFO - Processing file /home/airflow/.local/lib/python3.8/site-packages/airflow/example_dags/example_complex.py for tasks to queue
[2023-11-04 13:43:24,723] {logging_mixin.py:109} INFO - [2023-11-04 13:43:24,722] {dagbag.py:500} INFO - Filling up the DagBag from /home/airflow/.local/lib/python3.8/site-packages/airflow/example_dags/example_complex.py
[2023-11-04 13:43:24,782] {processor.py:654} INFO - DAG(s) dict_keys(['example_complex']) retrieved from /home/airflow/.local/lib/python3.8/site-packages/airflow/example_dags/example_complex.py
[2023-11-04 13:43:24,804] {logging_mixin.py:109} INFO - [2023-11-04 13:43:24,803] {dag.py:2398} INFO - Sync 1 DAGs
[2023-11-04 13:43:24,824] {logging_mixin.py:109} INFO - [2023-11-04 13:43:24,824] {dag.py:2937} INFO - Setting next_dagrun for example_complex to None
[2023-11-04 13:43:24,843] {processor.py:171} INFO - Processing /home/airflow/.local/lib/python3.8/site-packages/airflow/example_dags/example_complex.py took 0.131 seconds
[2023-11-04 13:43:54,969] {processor.py:163} INFO - Started process (PID=502) to work on /home/airflow/.local/lib/python3.8/site-packages/airflow/example_dags/example_complex.py
[2023-11-04 13:43:54,972] {processor.py:642} INFO - Processing file /home/airflow/.local/lib/python3.8/site-packages/airflow/example_dags/example_complex.py for tasks to queue
[2023-11-04 13:43:54,975] {logging_mixin.py:109} INFO - [2023-11-04 13:43:54,974] {dagbag.py:500} INFO - Filling up the DagBag from /home/airflow/.local/lib/python3.8/site-packages/airflow/example_dags/example_complex.py
[2023-11-04 13:43:55,032] {processor.py:654} INFO - DAG(s) dict_keys(['example_complex']) retrieved from /home/airflow/.local/lib/python3.8/site-packages/airflow/example_dags/example_complex.py
[2023-11-04 13:43:55,056] {logging_mixin.py:109} INFO - [2023-11-04 13:43:55,055] {dag.py:2398} INFO - Sync 1 DAGs
[2023-11-04 13:43:55,075] {logging_mixin.py:109} INFO - [2023-11-04 13:43:55,075] {dag.py:2937} INFO - Setting next_dagrun for example_complex to None
[2023-11-04 13:43:55,086] {processor.py:171} INFO - Processing /home/airflow/.local/lib/python3.8/site-packages/airflow/example_dags/example_complex.py took 0.122 seconds
[2023-11-04 13:59:17,813] {processor.py:163} INFO - Started process (PID=38) to work on /home/airflow/.local/lib/python3.8/site-packages/airflow/example_dags/example_complex.py
[2023-11-04 13:59:17,820] {processor.py:642} INFO - Processing file /home/airflow/.local/lib/python3.8/site-packages/airflow/example_dags/example_complex.py for tasks to queue
[2023-11-04 13:59:17,823] {logging_mixin.py:109} INFO - [2023-11-04 13:59:17,823] {dagbag.py:500} INFO - Filling up the DagBag from /home/airflow/.local/lib/python3.8/site-packages/airflow/example_dags/example_complex.py
[2023-11-04 13:59:18,001] {processor.py:654} INFO - DAG(s) dict_keys(['example_complex']) retrieved from /home/airflow/.local/lib/python3.8/site-packages/airflow/example_dags/example_complex.py
[2023-11-04 13:59:18,041] {logging_mixin.py:109} INFO - [2023-11-04 13:59:18,041] {dag.py:2398} INFO - Sync 1 DAGs
[2023-11-04 13:59:18,070] {logging_mixin.py:109} INFO - [2023-11-04 13:59:18,070] {dag.py:2937} INFO - Setting next_dagrun for example_complex to None
[2023-11-04 13:59:18,084] {processor.py:171} INFO - Processing /home/airflow/.local/lib/python3.8/site-packages/airflow/example_dags/example_complex.py took 0.278 seconds
[2023-11-04 13:59:48,130] {processor.py:163} INFO - Started process (PID=92) to work on /home/airflow/.local/lib/python3.8/site-packages/airflow/example_dags/example_complex.py
[2023-11-04 13:59:48,133] {processor.py:642} INFO - Processing file /home/airflow/.local/lib/python3.8/site-packages/airflow/example_dags/example_complex.py for tasks to queue
[2023-11-04 13:59:48,135] {logging_mixin.py:109} INFO - [2023-11-04 13:59:48,135] {dagbag.py:500} INFO - Filling up the DagBag from /home/airflow/.local/lib/python3.8/site-packages/airflow/example_dags/example_complex.py
[2023-11-04 13:59:48,194] {processor.py:654} INFO - DAG(s) dict_keys(['example_complex']) retrieved from /home/airflow/.local/lib/python3.8/site-packages/airflow/example_dags/example_complex.py
[2023-11-04 13:59:48,215] {logging_mixin.py:109} INFO - [2023-11-04 13:59:48,215] {dag.py:2398} INFO - Sync 1 DAGs
[2023-11-04 13:59:48,234] {logging_mixin.py:109} INFO - [2023-11-04 13:59:48,234] {dag.py:2937} INFO - Setting next_dagrun for example_complex to None
[2023-11-04 13:59:48,245] {processor.py:171} INFO - Processing /home/airflow/.local/lib/python3.8/site-packages/airflow/example_dags/example_complex.py took 0.120 seconds
[2023-11-04 14:00:18,652] {processor.py:163} INFO - Started process (PID=157) to work on /home/airflow/.local/lib/python3.8/site-packages/airflow/example_dags/example_complex.py
[2023-11-04 14:00:18,655] {processor.py:642} INFO - Processing file /home/airflow/.local/lib/python3.8/site-packages/airflow/example_dags/example_complex.py for tasks to queue
[2023-11-04 14:00:18,657] {logging_mixin.py:109} INFO - [2023-11-04 14:00:18,657] {dagbag.py:500} INFO - Filling up the DagBag from /home/airflow/.local/lib/python3.8/site-packages/airflow/example_dags/example_complex.py
[2023-11-04 14:00:18,713] {processor.py:654} INFO - DAG(s) dict_keys(['example_complex']) retrieved from /home/airflow/.local/lib/python3.8/site-packages/airflow/example_dags/example_complex.py
[2023-11-04 14:00:18,735] {logging_mixin.py:109} INFO - [2023-11-04 14:00:18,735] {dag.py:2398} INFO - Sync 1 DAGs
[2023-11-04 14:00:18,754] {logging_mixin.py:109} INFO - [2023-11-04 14:00:18,754] {dag.py:2937} INFO - Setting next_dagrun for example_complex to None
[2023-11-04 14:00:18,765] {processor.py:171} INFO - Processing /home/airflow/.local/lib/python3.8/site-packages/airflow/example_dags/example_complex.py took 0.118 seconds
[2023-11-04 14:00:48,899] {processor.py:163} INFO - Started process (PID=214) to work on /home/airflow/.local/lib/python3.8/site-packages/airflow/example_dags/example_complex.py
[2023-11-04 14:00:48,901] {processor.py:642} INFO - Processing file /home/airflow/.local/lib/python3.8/site-packages/airflow/example_dags/example_complex.py for tasks to queue
[2023-11-04 14:00:48,903] {logging_mixin.py:109} INFO - [2023-11-04 14:00:48,903] {dagbag.py:500} INFO - Filling up the DagBag from /home/airflow/.local/lib/python3.8/site-packages/airflow/example_dags/example_complex.py
[2023-11-04 14:00:48,958] {processor.py:654} INFO - DAG(s) dict_keys(['example_complex']) retrieved from /home/airflow/.local/lib/python3.8/site-packages/airflow/example_dags/example_complex.py
[2023-11-04 14:00:48,980] {logging_mixin.py:109} INFO - [2023-11-04 14:00:48,980] {dag.py:2398} INFO - Sync 1 DAGs
[2023-11-04 14:00:49,000] {logging_mixin.py:109} INFO - [2023-11-04 14:00:49,000] {dag.py:2937} INFO - Setting next_dagrun for example_complex to None
[2023-11-04 14:00:49,012] {processor.py:171} INFO - Processing /home/airflow/.local/lib/python3.8/site-packages/airflow/example_dags/example_complex.py took 0.119 seconds
[2023-11-04 14:01:19,085] {processor.py:163} INFO - Started process (PID=263) to work on /home/airflow/.local/lib/python3.8/site-packages/airflow/example_dags/example_complex.py
[2023-11-04 14:01:19,088] {processor.py:642} INFO - Processing file /home/airflow/.local/lib/python3.8/site-packages/airflow/example_dags/example_complex.py for tasks to queue
[2023-11-04 14:01:19,089] {logging_mixin.py:109} INFO - [2023-11-04 14:01:19,089] {dagbag.py:500} INFO - Filling up the DagBag from /home/airflow/.local/lib/python3.8/site-packages/airflow/example_dags/example_complex.py
[2023-11-04 14:01:19,156] {processor.py:654} INFO - DAG(s) dict_keys(['example_complex']) retrieved from /home/airflow/.local/lib/python3.8/site-packages/airflow/example_dags/example_complex.py
[2023-11-04 14:01:19,177] {logging_mixin.py:109} INFO - [2023-11-04 14:01:19,177] {dag.py:2398} INFO - Sync 1 DAGs
[2023-11-04 14:01:19,197] {logging_mixin.py:109} INFO - [2023-11-04 14:01:19,197] {dag.py:2937} INFO - Setting next_dagrun for example_complex to None
[2023-11-04 14:01:19,209] {processor.py:171} INFO - Processing /home/airflow/.local/lib/python3.8/site-packages/airflow/example_dags/example_complex.py took 0.128 seconds
[2023-11-04 14:01:49,570] {processor.py:163} INFO - Started process (PID=312) to work on /home/airflow/.local/lib/python3.8/site-packages/airflow/example_dags/example_complex.py
[2023-11-04 14:01:49,573] {processor.py:642} INFO - Processing file /home/airflow/.local/lib/python3.8/site-packages/airflow/example_dags/example_complex.py for tasks to queue
[2023-11-04 14:01:49,575] {logging_mixin.py:109} INFO - [2023-11-04 14:01:49,574] {dagbag.py:500} INFO - Filling up the DagBag from /home/airflow/.local/lib/python3.8/site-packages/airflow/example_dags/example_complex.py
[2023-11-04 14:01:49,632] {processor.py:654} INFO - DAG(s) dict_keys(['example_complex']) retrieved from /home/airflow/.local/lib/python3.8/site-packages/airflow/example_dags/example_complex.py
[2023-11-04 14:01:49,656] {logging_mixin.py:109} INFO - [2023-11-04 14:01:49,656] {dag.py:2398} INFO - Sync 1 DAGs
[2023-11-04 14:01:49,679] {logging_mixin.py:109} INFO - [2023-11-04 14:01:49,678] {dag.py:2937} INFO - Setting next_dagrun for example_complex to None
[2023-11-04 14:01:49,693] {processor.py:171} INFO - Processing /home/airflow/.local/lib/python3.8/site-packages/airflow/example_dags/example_complex.py took 0.127 seconds
[2023-11-04 14:02:20,095] {processor.py:163} INFO - Started process (PID=369) to work on /home/airflow/.local/lib/python3.8/site-packages/airflow/example_dags/example_complex.py
[2023-11-04 14:02:20,098] {processor.py:642} INFO - Processing file /home/airflow/.local/lib/python3.8/site-packages/airflow/example_dags/example_complex.py for tasks to queue
[2023-11-04 14:02:20,100] {logging_mixin.py:109} INFO - [2023-11-04 14:02:20,099] {dagbag.py:500} INFO - Filling up the DagBag from /home/airflow/.local/lib/python3.8/site-packages/airflow/example_dags/example_complex.py
[2023-11-04 14:02:20,156] {processor.py:654} INFO - DAG(s) dict_keys(['example_complex']) retrieved from /home/airflow/.local/lib/python3.8/site-packages/airflow/example_dags/example_complex.py
[2023-11-04 14:02:20,180] {logging_mixin.py:109} INFO - [2023-11-04 14:02:20,180] {dag.py:2398} INFO - Sync 1 DAGs
[2023-11-04 14:02:20,201] {logging_mixin.py:109} INFO - [2023-11-04 14:02:20,201] {dag.py:2937} INFO - Setting next_dagrun for example_complex to None
[2023-11-04 14:02:20,213] {processor.py:171} INFO - Processing /home/airflow/.local/lib/python3.8/site-packages/airflow/example_dags/example_complex.py took 0.123 seconds
[2023-11-04 14:02:50,751] {processor.py:163} INFO - Started process (PID=417) to work on /home/airflow/.local/lib/python3.8/site-packages/airflow/example_dags/example_complex.py
[2023-11-04 14:02:50,758] {processor.py:642} INFO - Processing file /home/airflow/.local/lib/python3.8/site-packages/airflow/example_dags/example_complex.py for tasks to queue
[2023-11-04 14:02:50,765] {logging_mixin.py:109} INFO - [2023-11-04 14:02:50,764] {dagbag.py:500} INFO - Filling up the DagBag from /home/airflow/.local/lib/python3.8/site-packages/airflow/example_dags/example_complex.py
[2023-11-04 14:02:51,019] {processor.py:654} INFO - DAG(s) dict_keys(['example_complex']) retrieved from /home/airflow/.local/lib/python3.8/site-packages/airflow/example_dags/example_complex.py
[2023-11-04 14:02:51,059] {logging_mixin.py:109} INFO - [2023-11-04 14:02:51,058] {dag.py:2398} INFO - Sync 1 DAGs
[2023-11-04 14:02:51,096] {logging_mixin.py:109} INFO - [2023-11-04 14:02:51,095] {dag.py:2937} INFO - Setting next_dagrun for example_complex to None
[2023-11-04 14:02:51,122] {processor.py:171} INFO - Processing /home/airflow/.local/lib/python3.8/site-packages/airflow/example_dags/example_complex.py took 0.380 seconds
[2023-11-04 14:04:45,400] {processor.py:163} INFO - Started process (PID=39) to work on /home/airflow/.local/lib/python3.8/site-packages/airflow/example_dags/example_complex.py
[2023-11-04 14:04:45,403] {processor.py:642} INFO - Processing file /home/airflow/.local/lib/python3.8/site-packages/airflow/example_dags/example_complex.py for tasks to queue
[2023-11-04 14:04:45,406] {logging_mixin.py:109} INFO - [2023-11-04 14:04:45,406] {dagbag.py:500} INFO - Filling up the DagBag from /home/airflow/.local/lib/python3.8/site-packages/airflow/example_dags/example_complex.py
[2023-11-04 14:04:45,473] {processor.py:654} INFO - DAG(s) dict_keys(['example_complex']) retrieved from /home/airflow/.local/lib/python3.8/site-packages/airflow/example_dags/example_complex.py
[2023-11-04 14:04:45,496] {logging_mixin.py:109} INFO - [2023-11-04 14:04:45,496] {dag.py:2398} INFO - Sync 1 DAGs
[2023-11-04 14:04:45,519] {logging_mixin.py:109} INFO - [2023-11-04 14:04:45,519] {dag.py:2937} INFO - Setting next_dagrun for example_complex to None
[2023-11-04 14:04:45,531] {processor.py:171} INFO - Processing /home/airflow/.local/lib/python3.8/site-packages/airflow/example_dags/example_complex.py took 0.137 seconds
[2023-11-04 14:05:16,255] {processor.py:163} INFO - Started process (PID=87) to work on /home/airflow/.local/lib/python3.8/site-packages/airflow/example_dags/example_complex.py
[2023-11-04 14:05:16,258] {processor.py:642} INFO - Processing file /home/airflow/.local/lib/python3.8/site-packages/airflow/example_dags/example_complex.py for tasks to queue
[2023-11-04 14:05:16,259] {logging_mixin.py:109} INFO - [2023-11-04 14:05:16,259] {dagbag.py:500} INFO - Filling up the DagBag from /home/airflow/.local/lib/python3.8/site-packages/airflow/example_dags/example_complex.py
[2023-11-04 14:05:16,317] {processor.py:654} INFO - DAG(s) dict_keys(['example_complex']) retrieved from /home/airflow/.local/lib/python3.8/site-packages/airflow/example_dags/example_complex.py
[2023-11-04 14:05:16,337] {logging_mixin.py:109} INFO - [2023-11-04 14:05:16,337] {dag.py:2398} INFO - Sync 1 DAGs
[2023-11-04 14:05:16,359] {logging_mixin.py:109} INFO - [2023-11-04 14:05:16,359] {dag.py:2937} INFO - Setting next_dagrun for example_complex to None
[2023-11-04 14:05:16,369] {processor.py:171} INFO - Processing /home/airflow/.local/lib/python3.8/site-packages/airflow/example_dags/example_complex.py took 0.120 seconds
[2023-11-04 14:05:47,446] {processor.py:163} INFO - Started process (PID=144) to work on /home/airflow/.local/lib/python3.8/site-packages/airflow/example_dags/example_complex.py
[2023-11-04 14:05:47,449] {processor.py:642} INFO - Processing file /home/airflow/.local/lib/python3.8/site-packages/airflow/example_dags/example_complex.py for tasks to queue
[2023-11-04 14:05:47,451] {logging_mixin.py:109} INFO - [2023-11-04 14:05:47,451] {dagbag.py:500} INFO - Filling up the DagBag from /home/airflow/.local/lib/python3.8/site-packages/airflow/example_dags/example_complex.py
[2023-11-04 14:05:47,528] {processor.py:654} INFO - DAG(s) dict_keys(['example_complex']) retrieved from /home/airflow/.local/lib/python3.8/site-packages/airflow/example_dags/example_complex.py
[2023-11-04 14:05:47,554] {logging_mixin.py:109} INFO - [2023-11-04 14:05:47,554] {dag.py:2398} INFO - Sync 1 DAGs
[2023-11-04 14:05:47,575] {logging_mixin.py:109} INFO - [2023-11-04 14:05:47,575] {dag.py:2937} INFO - Setting next_dagrun for example_complex to None
[2023-11-04 14:05:47,588] {processor.py:171} INFO - Processing /home/airflow/.local/lib/python3.8/site-packages/airflow/example_dags/example_complex.py took 0.147 seconds
[2023-11-04 14:06:17,681] {processor.py:163} INFO - Started process (PID=193) to work on /home/airflow/.local/lib/python3.8/site-packages/airflow/example_dags/example_complex.py
[2023-11-04 14:06:17,684] {processor.py:642} INFO - Processing file /home/airflow/.local/lib/python3.8/site-packages/airflow/example_dags/example_complex.py for tasks to queue
[2023-11-04 14:06:17,685] {logging_mixin.py:109} INFO - [2023-11-04 14:06:17,685] {dagbag.py:500} INFO - Filling up the DagBag from /home/airflow/.local/lib/python3.8/site-packages/airflow/example_dags/example_complex.py
[2023-11-04 14:06:17,738] {processor.py:654} INFO - DAG(s) dict_keys(['example_complex']) retrieved from /home/airflow/.local/lib/python3.8/site-packages/airflow/example_dags/example_complex.py
[2023-11-04 14:06:17,758] {logging_mixin.py:109} INFO - [2023-11-04 14:06:17,758] {dag.py:2398} INFO - Sync 1 DAGs
[2023-11-04 14:06:17,777] {logging_mixin.py:109} INFO - [2023-11-04 14:06:17,777] {dag.py:2937} INFO - Setting next_dagrun for example_complex to None
[2023-11-04 14:06:17,787] {processor.py:171} INFO - Processing /home/airflow/.local/lib/python3.8/site-packages/airflow/example_dags/example_complex.py took 0.112 seconds
[2023-11-04 14:06:48,104] {processor.py:163} INFO - Started process (PID=242) to work on /home/airflow/.local/lib/python3.8/site-packages/airflow/example_dags/example_complex.py
[2023-11-04 14:06:48,107] {processor.py:642} INFO - Processing file /home/airflow/.local/lib/python3.8/site-packages/airflow/example_dags/example_complex.py for tasks to queue
[2023-11-04 14:06:48,108] {logging_mixin.py:109} INFO - [2023-11-04 14:06:48,108] {dagbag.py:500} INFO - Filling up the DagBag from /home/airflow/.local/lib/python3.8/site-packages/airflow/example_dags/example_complex.py
[2023-11-04 14:06:48,164] {processor.py:654} INFO - DAG(s) dict_keys(['example_complex']) retrieved from /home/airflow/.local/lib/python3.8/site-packages/airflow/example_dags/example_complex.py
[2023-11-04 14:06:48,185] {logging_mixin.py:109} INFO - [2023-11-04 14:06:48,185] {dag.py:2398} INFO - Sync 1 DAGs
[2023-11-04 14:06:48,204] {logging_mixin.py:109} INFO - [2023-11-04 14:06:48,204] {dag.py:2937} INFO - Setting next_dagrun for example_complex to None
[2023-11-04 14:06:48,216] {processor.py:171} INFO - Processing /home/airflow/.local/lib/python3.8/site-packages/airflow/example_dags/example_complex.py took 0.116 seconds
[2023-11-04 14:07:18,558] {processor.py:163} INFO - Started process (PID=299) to work on /home/airflow/.local/lib/python3.8/site-packages/airflow/example_dags/example_complex.py
[2023-11-04 14:07:18,561] {processor.py:642} INFO - Processing file /home/airflow/.local/lib/python3.8/site-packages/airflow/example_dags/example_complex.py for tasks to queue
[2023-11-04 14:07:18,563] {logging_mixin.py:109} INFO - [2023-11-04 14:07:18,563] {dagbag.py:500} INFO - Filling up the DagBag from /home/airflow/.local/lib/python3.8/site-packages/airflow/example_dags/example_complex.py
[2023-11-04 14:07:18,625] {processor.py:654} INFO - DAG(s) dict_keys(['example_complex']) retrieved from /home/airflow/.local/lib/python3.8/site-packages/airflow/example_dags/example_complex.py
[2023-11-04 14:07:18,647] {logging_mixin.py:109} INFO - [2023-11-04 14:07:18,647] {dag.py:2398} INFO - Sync 1 DAGs
[2023-11-04 14:07:18,668] {logging_mixin.py:109} INFO - [2023-11-04 14:07:18,668] {dag.py:2937} INFO - Setting next_dagrun for example_complex to None
[2023-11-04 14:07:18,680] {processor.py:171} INFO - Processing /home/airflow/.local/lib/python3.8/site-packages/airflow/example_dags/example_complex.py took 0.128 seconds
[2023-11-04 14:07:49,294] {processor.py:163} INFO - Started process (PID=347) to work on /home/airflow/.local/lib/python3.8/site-packages/airflow/example_dags/example_complex.py
[2023-11-04 14:07:49,297] {processor.py:642} INFO - Processing file /home/airflow/.local/lib/python3.8/site-packages/airflow/example_dags/example_complex.py for tasks to queue
[2023-11-04 14:07:49,299] {logging_mixin.py:109} INFO - [2023-11-04 14:07:49,299] {dagbag.py:500} INFO - Filling up the DagBag from /home/airflow/.local/lib/python3.8/site-packages/airflow/example_dags/example_complex.py
[2023-11-04 14:07:49,389] {processor.py:654} INFO - DAG(s) dict_keys(['example_complex']) retrieved from /home/airflow/.local/lib/python3.8/site-packages/airflow/example_dags/example_complex.py
[2023-11-04 14:07:49,411] {logging_mixin.py:109} INFO - [2023-11-04 14:07:49,411] {dag.py:2398} INFO - Sync 1 DAGs
[2023-11-04 14:07:49,435] {logging_mixin.py:109} INFO - [2023-11-04 14:07:49,435] {dag.py:2937} INFO - Setting next_dagrun for example_complex to None
[2023-11-04 14:07:49,448] {processor.py:171} INFO - Processing /home/airflow/.local/lib/python3.8/site-packages/airflow/example_dags/example_complex.py took 0.160 seconds
[2023-11-04 14:08:19,571] {processor.py:163} INFO - Started process (PID=404) to work on /home/airflow/.local/lib/python3.8/site-packages/airflow/example_dags/example_complex.py
[2023-11-04 14:08:19,574] {processor.py:642} INFO - Processing file /home/airflow/.local/lib/python3.8/site-packages/airflow/example_dags/example_complex.py for tasks to queue
[2023-11-04 14:08:19,575] {logging_mixin.py:109} INFO - [2023-11-04 14:08:19,575] {dagbag.py:500} INFO - Filling up the DagBag from /home/airflow/.local/lib/python3.8/site-packages/airflow/example_dags/example_complex.py
[2023-11-04 14:08:19,628] {processor.py:654} INFO - DAG(s) dict_keys(['example_complex']) retrieved from /home/airflow/.local/lib/python3.8/site-packages/airflow/example_dags/example_complex.py
[2023-11-04 14:08:19,650] {logging_mixin.py:109} INFO - [2023-11-04 14:08:19,649] {dag.py:2398} INFO - Sync 1 DAGs
[2023-11-04 14:08:19,669] {logging_mixin.py:109} INFO - [2023-11-04 14:08:19,669] {dag.py:2937} INFO - Setting next_dagrun for example_complex to None
[2023-11-04 14:08:19,681] {processor.py:171} INFO - Processing /home/airflow/.local/lib/python3.8/site-packages/airflow/example_dags/example_complex.py took 0.114 seconds
[2023-11-04 14:08:49,855] {processor.py:163} INFO - Started process (PID=453) to work on /home/airflow/.local/lib/python3.8/site-packages/airflow/example_dags/example_complex.py
[2023-11-04 14:08:49,857] {processor.py:642} INFO - Processing file /home/airflow/.local/lib/python3.8/site-packages/airflow/example_dags/example_complex.py for tasks to queue
[2023-11-04 14:08:49,859] {logging_mixin.py:109} INFO - [2023-11-04 14:08:49,859] {dagbag.py:500} INFO - Filling up the DagBag from /home/airflow/.local/lib/python3.8/site-packages/airflow/example_dags/example_complex.py
[2023-11-04 14:08:49,917] {processor.py:654} INFO - DAG(s) dict_keys(['example_complex']) retrieved from /home/airflow/.local/lib/python3.8/site-packages/airflow/example_dags/example_complex.py
[2023-11-04 14:08:49,939] {logging_mixin.py:109} INFO - [2023-11-04 14:08:49,939] {dag.py:2398} INFO - Sync 1 DAGs
[2023-11-04 14:08:49,958] {logging_mixin.py:109} INFO - [2023-11-04 14:08:49,958] {dag.py:2937} INFO - Setting next_dagrun for example_complex to None
[2023-11-04 14:08:49,970] {processor.py:171} INFO - Processing /home/airflow/.local/lib/python3.8/site-packages/airflow/example_dags/example_complex.py took 0.120 seconds
[2023-11-04 14:09:20,285] {processor.py:163} INFO - Started process (PID=502) to work on /home/airflow/.local/lib/python3.8/site-packages/airflow/example_dags/example_complex.py
[2023-11-04 14:09:20,287] {processor.py:642} INFO - Processing file /home/airflow/.local/lib/python3.8/site-packages/airflow/example_dags/example_complex.py for tasks to queue
[2023-11-04 14:09:20,289] {logging_mixin.py:109} INFO - [2023-11-04 14:09:20,288] {dagbag.py:500} INFO - Filling up the DagBag from /home/airflow/.local/lib/python3.8/site-packages/airflow/example_dags/example_complex.py
[2023-11-04 14:09:20,341] {processor.py:654} INFO - DAG(s) dict_keys(['example_complex']) retrieved from /home/airflow/.local/lib/python3.8/site-packages/airflow/example_dags/example_complex.py
[2023-11-04 14:09:20,363] {logging_mixin.py:109} INFO - [2023-11-04 14:09:20,363] {dag.py:2398} INFO - Sync 1 DAGs
[2023-11-04 14:09:20,382] {logging_mixin.py:109} INFO - [2023-11-04 14:09:20,382] {dag.py:2937} INFO - Setting next_dagrun for example_complex to None
[2023-11-04 14:09:20,396] {processor.py:171} INFO - Processing /home/airflow/.local/lib/python3.8/site-packages/airflow/example_dags/example_complex.py took 0.116 seconds
[2023-11-04 14:09:50,718] {processor.py:163} INFO - Started process (PID=559) to work on /home/airflow/.local/lib/python3.8/site-packages/airflow/example_dags/example_complex.py
[2023-11-04 14:09:50,721] {processor.py:642} INFO - Processing file /home/airflow/.local/lib/python3.8/site-packages/airflow/example_dags/example_complex.py for tasks to queue
[2023-11-04 14:09:50,723] {logging_mixin.py:109} INFO - [2023-11-04 14:09:50,723] {dagbag.py:500} INFO - Filling up the DagBag from /home/airflow/.local/lib/python3.8/site-packages/airflow/example_dags/example_complex.py
[2023-11-04 14:09:50,777] {processor.py:654} INFO - DAG(s) dict_keys(['example_complex']) retrieved from /home/airflow/.local/lib/python3.8/site-packages/airflow/example_dags/example_complex.py
[2023-11-04 14:09:50,798] {logging_mixin.py:109} INFO - [2023-11-04 14:09:50,798] {dag.py:2398} INFO - Sync 1 DAGs
[2023-11-04 14:09:50,821] {logging_mixin.py:109} INFO - [2023-11-04 14:09:50,821] {dag.py:2937} INFO - Setting next_dagrun for example_complex to None
[2023-11-04 14:09:50,833] {processor.py:171} INFO - Processing /home/airflow/.local/lib/python3.8/site-packages/airflow/example_dags/example_complex.py took 0.121 seconds
[2023-11-04 14:10:21,048] {processor.py:163} INFO - Started process (PID=608) to work on /home/airflow/.local/lib/python3.8/site-packages/airflow/example_dags/example_complex.py
[2023-11-04 14:10:21,050] {processor.py:642} INFO - Processing file /home/airflow/.local/lib/python3.8/site-packages/airflow/example_dags/example_complex.py for tasks to queue
[2023-11-04 14:10:21,051] {logging_mixin.py:109} INFO - [2023-11-04 14:10:21,051] {dagbag.py:500} INFO - Filling up the DagBag from /home/airflow/.local/lib/python3.8/site-packages/airflow/example_dags/example_complex.py
[2023-11-04 14:10:21,104] {processor.py:654} INFO - DAG(s) dict_keys(['example_complex']) retrieved from /home/airflow/.local/lib/python3.8/site-packages/airflow/example_dags/example_complex.py
[2023-11-04 14:10:21,124] {logging_mixin.py:109} INFO - [2023-11-04 14:10:21,124] {dag.py:2398} INFO - Sync 1 DAGs
[2023-11-04 14:10:21,145] {logging_mixin.py:109} INFO - [2023-11-04 14:10:21,145] {dag.py:2937} INFO - Setting next_dagrun for example_complex to None
[2023-11-04 14:10:21,156] {processor.py:171} INFO - Processing /home/airflow/.local/lib/python3.8/site-packages/airflow/example_dags/example_complex.py took 0.113 seconds
[2023-11-04 14:11:48,559] {processor.py:163} INFO - Started process (PID=40) to work on /home/airflow/.local/lib/python3.8/site-packages/airflow/example_dags/example_complex.py
[2023-11-04 14:11:48,561] {processor.py:642} INFO - Processing file /home/airflow/.local/lib/python3.8/site-packages/airflow/example_dags/example_complex.py for tasks to queue
[2023-11-04 14:11:48,563] {logging_mixin.py:109} INFO - [2023-11-04 14:11:48,563] {dagbag.py:500} INFO - Filling up the DagBag from /home/airflow/.local/lib/python3.8/site-packages/airflow/example_dags/example_complex.py
[2023-11-04 14:11:48,634] {processor.py:654} INFO - DAG(s) dict_keys(['example_complex']) retrieved from /home/airflow/.local/lib/python3.8/site-packages/airflow/example_dags/example_complex.py
[2023-11-04 14:11:48,659] {logging_mixin.py:109} INFO - [2023-11-04 14:11:48,659] {dag.py:2398} INFO - Sync 1 DAGs
[2023-11-04 14:11:48,683] {logging_mixin.py:109} INFO - [2023-11-04 14:11:48,683] {dag.py:2937} INFO - Setting next_dagrun for example_complex to None
[2023-11-04 14:11:48,701] {processor.py:171} INFO - Processing /home/airflow/.local/lib/python3.8/site-packages/airflow/example_dags/example_complex.py took 0.148 seconds
[2023-11-04 14:12:19,520] {processor.py:163} INFO - Started process (PID=88) to work on /home/airflow/.local/lib/python3.8/site-packages/airflow/example_dags/example_complex.py
[2023-11-04 14:12:19,522] {processor.py:642} INFO - Processing file /home/airflow/.local/lib/python3.8/site-packages/airflow/example_dags/example_complex.py for tasks to queue
[2023-11-04 14:12:19,524] {logging_mixin.py:109} INFO - [2023-11-04 14:12:19,524] {dagbag.py:500} INFO - Filling up the DagBag from /home/airflow/.local/lib/python3.8/site-packages/airflow/example_dags/example_complex.py
[2023-11-04 14:12:19,579] {processor.py:654} INFO - DAG(s) dict_keys(['example_complex']) retrieved from /home/airflow/.local/lib/python3.8/site-packages/airflow/example_dags/example_complex.py
[2023-11-04 14:12:19,601] {logging_mixin.py:109} INFO - [2023-11-04 14:12:19,601] {dag.py:2398} INFO - Sync 1 DAGs
[2023-11-04 14:12:19,623] {logging_mixin.py:109} INFO - [2023-11-04 14:12:19,623] {dag.py:2937} INFO - Setting next_dagrun for example_complex to None
[2023-11-04 14:12:19,636] {processor.py:171} INFO - Processing /home/airflow/.local/lib/python3.8/site-packages/airflow/example_dags/example_complex.py took 0.122 seconds
[2023-11-04 14:12:49,918] {processor.py:163} INFO - Started process (PID=145) to work on /home/airflow/.local/lib/python3.8/site-packages/airflow/example_dags/example_complex.py
[2023-11-04 14:12:49,920] {processor.py:642} INFO - Processing file /home/airflow/.local/lib/python3.8/site-packages/airflow/example_dags/example_complex.py for tasks to queue
[2023-11-04 14:12:49,922] {logging_mixin.py:109} INFO - [2023-11-04 14:12:49,922] {dagbag.py:500} INFO - Filling up the DagBag from /home/airflow/.local/lib/python3.8/site-packages/airflow/example_dags/example_complex.py
[2023-11-04 14:12:49,984] {processor.py:654} INFO - DAG(s) dict_keys(['example_complex']) retrieved from /home/airflow/.local/lib/python3.8/site-packages/airflow/example_dags/example_complex.py
[2023-11-04 14:12:50,007] {logging_mixin.py:109} INFO - [2023-11-04 14:12:50,007] {dag.py:2398} INFO - Sync 1 DAGs
[2023-11-04 14:12:50,031] {logging_mixin.py:109} INFO - [2023-11-04 14:12:50,030] {dag.py:2937} INFO - Setting next_dagrun for example_complex to None
[2023-11-04 14:12:50,044] {processor.py:171} INFO - Processing /home/airflow/.local/lib/python3.8/site-packages/airflow/example_dags/example_complex.py took 0.133 seconds
[2023-11-04 14:13:20,340] {processor.py:163} INFO - Started process (PID=194) to work on /home/airflow/.local/lib/python3.8/site-packages/airflow/example_dags/example_complex.py
[2023-11-04 14:13:20,342] {processor.py:642} INFO - Processing file /home/airflow/.local/lib/python3.8/site-packages/airflow/example_dags/example_complex.py for tasks to queue
[2023-11-04 14:13:20,344] {logging_mixin.py:109} INFO - [2023-11-04 14:13:20,344] {dagbag.py:500} INFO - Filling up the DagBag from /home/airflow/.local/lib/python3.8/site-packages/airflow/example_dags/example_complex.py
[2023-11-04 14:13:20,396] {processor.py:654} INFO - DAG(s) dict_keys(['example_complex']) retrieved from /home/airflow/.local/lib/python3.8/site-packages/airflow/example_dags/example_complex.py
[2023-11-04 14:13:20,417] {logging_mixin.py:109} INFO - [2023-11-04 14:13:20,416] {dag.py:2398} INFO - Sync 1 DAGs
[2023-11-04 14:13:20,435] {logging_mixin.py:109} INFO - [2023-11-04 14:13:20,435] {dag.py:2937} INFO - Setting next_dagrun for example_complex to None
[2023-11-04 14:13:20,446] {processor.py:171} INFO - Processing /home/airflow/.local/lib/python3.8/site-packages/airflow/example_dags/example_complex.py took 0.111 seconds
[2023-11-04 14:13:50,847] {processor.py:163} INFO - Started process (PID=244) to work on /home/airflow/.local/lib/python3.8/site-packages/airflow/example_dags/example_complex.py
[2023-11-04 14:13:50,849] {processor.py:642} INFO - Processing file /home/airflow/.local/lib/python3.8/site-packages/airflow/example_dags/example_complex.py for tasks to queue
[2023-11-04 14:13:50,850] {logging_mixin.py:109} INFO - [2023-11-04 14:13:50,850] {dagbag.py:500} INFO - Filling up the DagBag from /home/airflow/.local/lib/python3.8/site-packages/airflow/example_dags/example_complex.py
[2023-11-04 14:13:50,905] {processor.py:654} INFO - DAG(s) dict_keys(['example_complex']) retrieved from /home/airflow/.local/lib/python3.8/site-packages/airflow/example_dags/example_complex.py
[2023-11-04 14:13:50,926] {logging_mixin.py:109} INFO - [2023-11-04 14:13:50,926] {dag.py:2398} INFO - Sync 1 DAGs
[2023-11-04 14:13:50,951] {logging_mixin.py:109} INFO - [2023-11-04 14:13:50,951] {dag.py:2937} INFO - Setting next_dagrun for example_complex to None
[2023-11-04 14:13:50,962] {processor.py:171} INFO - Processing /home/airflow/.local/lib/python3.8/site-packages/airflow/example_dags/example_complex.py took 0.121 seconds
[2023-11-04 14:14:21,254] {processor.py:163} INFO - Started process (PID=301) to work on /home/airflow/.local/lib/python3.8/site-packages/airflow/example_dags/example_complex.py
[2023-11-04 14:14:21,257] {processor.py:642} INFO - Processing file /home/airflow/.local/lib/python3.8/site-packages/airflow/example_dags/example_complex.py for tasks to queue
[2023-11-04 14:14:21,258] {logging_mixin.py:109} INFO - [2023-11-04 14:14:21,258] {dagbag.py:500} INFO - Filling up the DagBag from /home/airflow/.local/lib/python3.8/site-packages/airflow/example_dags/example_complex.py
[2023-11-04 14:14:21,314] {processor.py:654} INFO - DAG(s) dict_keys(['example_complex']) retrieved from /home/airflow/.local/lib/python3.8/site-packages/airflow/example_dags/example_complex.py
[2023-11-04 14:14:21,335] {logging_mixin.py:109} INFO - [2023-11-04 14:14:21,335] {dag.py:2398} INFO - Sync 1 DAGs
[2023-11-04 14:14:21,355] {logging_mixin.py:109} INFO - [2023-11-04 14:14:21,355] {dag.py:2937} INFO - Setting next_dagrun for example_complex to None
[2023-11-04 14:14:21,367] {processor.py:171} INFO - Processing /home/airflow/.local/lib/python3.8/site-packages/airflow/example_dags/example_complex.py took 0.118 seconds
[2023-11-04 14:14:52,279] {processor.py:163} INFO - Started process (PID=350) to work on /home/airflow/.local/lib/python3.8/site-packages/airflow/example_dags/example_complex.py
[2023-11-04 14:14:52,282] {processor.py:642} INFO - Processing file /home/airflow/.local/lib/python3.8/site-packages/airflow/example_dags/example_complex.py for tasks to queue
[2023-11-04 14:14:52,283] {logging_mixin.py:109} INFO - [2023-11-04 14:14:52,283] {dagbag.py:500} INFO - Filling up the DagBag from /home/airflow/.local/lib/python3.8/site-packages/airflow/example_dags/example_complex.py
[2023-11-04 14:14:52,336] {processor.py:654} INFO - DAG(s) dict_keys(['example_complex']) retrieved from /home/airflow/.local/lib/python3.8/site-packages/airflow/example_dags/example_complex.py
[2023-11-04 14:14:52,357] {logging_mixin.py:109} INFO - [2023-11-04 14:14:52,357] {dag.py:2398} INFO - Sync 1 DAGs
[2023-11-04 14:14:52,376] {logging_mixin.py:109} INFO - [2023-11-04 14:14:52,376] {dag.py:2937} INFO - Setting next_dagrun for example_complex to None
[2023-11-04 14:14:52,388] {processor.py:171} INFO - Processing /home/airflow/.local/lib/python3.8/site-packages/airflow/example_dags/example_complex.py took 0.114 seconds
[2023-11-04 14:15:22,846] {processor.py:163} INFO - Started process (PID=407) to work on /home/airflow/.local/lib/python3.8/site-packages/airflow/example_dags/example_complex.py
[2023-11-04 14:15:22,853] {processor.py:642} INFO - Processing file /home/airflow/.local/lib/python3.8/site-packages/airflow/example_dags/example_complex.py for tasks to queue
[2023-11-04 14:15:22,857] {logging_mixin.py:109} INFO - [2023-11-04 14:15:22,857] {dagbag.py:500} INFO - Filling up the DagBag from /home/airflow/.local/lib/python3.8/site-packages/airflow/example_dags/example_complex.py
[2023-11-04 14:15:22,957] {processor.py:654} INFO - DAG(s) dict_keys(['example_complex']) retrieved from /home/airflow/.local/lib/python3.8/site-packages/airflow/example_dags/example_complex.py
[2023-11-04 14:15:22,994] {logging_mixin.py:109} INFO - [2023-11-04 14:15:22,994] {dag.py:2398} INFO - Sync 1 DAGs
[2023-11-04 14:15:23,027] {logging_mixin.py:109} INFO - [2023-11-04 14:15:23,027] {dag.py:2937} INFO - Setting next_dagrun for example_complex to None
[2023-11-04 14:15:23,044] {processor.py:171} INFO - Processing /home/airflow/.local/lib/python3.8/site-packages/airflow/example_dags/example_complex.py took 0.207 seconds
[2023-11-04 14:15:53,245] {processor.py:163} INFO - Started process (PID=456) to work on /home/airflow/.local/lib/python3.8/site-packages/airflow/example_dags/example_complex.py
[2023-11-04 14:15:53,250] {processor.py:642} INFO - Processing file /home/airflow/.local/lib/python3.8/site-packages/airflow/example_dags/example_complex.py for tasks to queue
[2023-11-04 14:15:53,251] {logging_mixin.py:109} INFO - [2023-11-04 14:15:53,251] {dagbag.py:500} INFO - Filling up the DagBag from /home/airflow/.local/lib/python3.8/site-packages/airflow/example_dags/example_complex.py
[2023-11-04 14:15:53,305] {processor.py:654} INFO - DAG(s) dict_keys(['example_complex']) retrieved from /home/airflow/.local/lib/python3.8/site-packages/airflow/example_dags/example_complex.py
[2023-11-04 14:15:53,325] {logging_mixin.py:109} INFO - [2023-11-04 14:15:53,325] {dag.py:2398} INFO - Sync 1 DAGs
[2023-11-04 14:15:53,343] {logging_mixin.py:109} INFO - [2023-11-04 14:15:53,343] {dag.py:2937} INFO - Setting next_dagrun for example_complex to None
[2023-11-04 14:15:53,356] {processor.py:171} INFO - Processing /home/airflow/.local/lib/python3.8/site-packages/airflow/example_dags/example_complex.py took 0.115 seconds
[2023-11-04 14:16:23,487] {processor.py:163} INFO - Started process (PID=505) to work on /home/airflow/.local/lib/python3.8/site-packages/airflow/example_dags/example_complex.py
[2023-11-04 14:16:23,489] {processor.py:642} INFO - Processing file /home/airflow/.local/lib/python3.8/site-packages/airflow/example_dags/example_complex.py for tasks to queue
[2023-11-04 14:16:23,491] {logging_mixin.py:109} INFO - [2023-11-04 14:16:23,491] {dagbag.py:500} INFO - Filling up the DagBag from /home/airflow/.local/lib/python3.8/site-packages/airflow/example_dags/example_complex.py
[2023-11-04 14:16:23,544] {processor.py:654} INFO - DAG(s) dict_keys(['example_complex']) retrieved from /home/airflow/.local/lib/python3.8/site-packages/airflow/example_dags/example_complex.py
[2023-11-04 14:16:23,565] {logging_mixin.py:109} INFO - [2023-11-04 14:16:23,565] {dag.py:2398} INFO - Sync 1 DAGs
[2023-11-04 14:16:23,585] {logging_mixin.py:109} INFO - [2023-11-04 14:16:23,585] {dag.py:2937} INFO - Setting next_dagrun for example_complex to None
[2023-11-04 14:16:23,597] {processor.py:171} INFO - Processing /home/airflow/.local/lib/python3.8/site-packages/airflow/example_dags/example_complex.py took 0.115 seconds
[2023-11-04 14:16:54,162] {processor.py:163} INFO - Started process (PID=562) to work on /home/airflow/.local/lib/python3.8/site-packages/airflow/example_dags/example_complex.py
[2023-11-04 14:16:54,166] {processor.py:642} INFO - Processing file /home/airflow/.local/lib/python3.8/site-packages/airflow/example_dags/example_complex.py for tasks to queue
[2023-11-04 14:16:54,168] {logging_mixin.py:109} INFO - [2023-11-04 14:16:54,167] {dagbag.py:500} INFO - Filling up the DagBag from /home/airflow/.local/lib/python3.8/site-packages/airflow/example_dags/example_complex.py
[2023-11-04 14:16:54,244] {processor.py:654} INFO - DAG(s) dict_keys(['example_complex']) retrieved from /home/airflow/.local/lib/python3.8/site-packages/airflow/example_dags/example_complex.py
[2023-11-04 14:16:54,269] {logging_mixin.py:109} INFO - [2023-11-04 14:16:54,269] {dag.py:2398} INFO - Sync 1 DAGs
[2023-11-04 14:16:54,295] {logging_mixin.py:109} INFO - [2023-11-04 14:16:54,295] {dag.py:2937} INFO - Setting next_dagrun for example_complex to None
[2023-11-04 14:16:54,308] {processor.py:171} INFO - Processing /home/airflow/.local/lib/python3.8/site-packages/airflow/example_dags/example_complex.py took 0.152 seconds
[2023-11-04 14:17:24,562] {processor.py:163} INFO - Started process (PID=611) to work on /home/airflow/.local/lib/python3.8/site-packages/airflow/example_dags/example_complex.py
[2023-11-04 14:17:24,565] {processor.py:642} INFO - Processing file /home/airflow/.local/lib/python3.8/site-packages/airflow/example_dags/example_complex.py for tasks to queue
[2023-11-04 14:17:24,567] {logging_mixin.py:109} INFO - [2023-11-04 14:17:24,566] {dagbag.py:500} INFO - Filling up the DagBag from /home/airflow/.local/lib/python3.8/site-packages/airflow/example_dags/example_complex.py
[2023-11-04 14:17:24,622] {processor.py:654} INFO - DAG(s) dict_keys(['example_complex']) retrieved from /home/airflow/.local/lib/python3.8/site-packages/airflow/example_dags/example_complex.py
[2023-11-04 14:17:24,644] {logging_mixin.py:109} INFO - [2023-11-04 14:17:24,644] {dag.py:2398} INFO - Sync 1 DAGs
[2023-11-04 14:17:24,665] {logging_mixin.py:109} INFO - [2023-11-04 14:17:24,665] {dag.py:2937} INFO - Setting next_dagrun for example_complex to None
[2023-11-04 14:17:24,678] {processor.py:171} INFO - Processing /home/airflow/.local/lib/python3.8/site-packages/airflow/example_dags/example_complex.py took 0.122 seconds
[2023-11-04 14:17:54,797] {processor.py:163} INFO - Started process (PID=660) to work on /home/airflow/.local/lib/python3.8/site-packages/airflow/example_dags/example_complex.py
[2023-11-04 14:17:54,800] {processor.py:642} INFO - Processing file /home/airflow/.local/lib/python3.8/site-packages/airflow/example_dags/example_complex.py for tasks to queue
[2023-11-04 14:17:54,801] {logging_mixin.py:109} INFO - [2023-11-04 14:17:54,801] {dagbag.py:500} INFO - Filling up the DagBag from /home/airflow/.local/lib/python3.8/site-packages/airflow/example_dags/example_complex.py
[2023-11-04 14:17:54,854] {processor.py:654} INFO - DAG(s) dict_keys(['example_complex']) retrieved from /home/airflow/.local/lib/python3.8/site-packages/airflow/example_dags/example_complex.py
[2023-11-04 14:17:54,875] {logging_mixin.py:109} INFO - [2023-11-04 14:17:54,875] {dag.py:2398} INFO - Sync 1 DAGs
[2023-11-04 14:17:54,894] {logging_mixin.py:109} INFO - [2023-11-04 14:17:54,894] {dag.py:2937} INFO - Setting next_dagrun for example_complex to None
[2023-11-04 14:17:54,907] {processor.py:171} INFO - Processing /home/airflow/.local/lib/python3.8/site-packages/airflow/example_dags/example_complex.py took 0.115 seconds
[2023-11-04 14:18:24,974] {processor.py:163} INFO - Started process (PID=717) to work on /home/airflow/.local/lib/python3.8/site-packages/airflow/example_dags/example_complex.py
[2023-11-04 14:18:24,976] {processor.py:642} INFO - Processing file /home/airflow/.local/lib/python3.8/site-packages/airflow/example_dags/example_complex.py for tasks to queue
[2023-11-04 14:18:24,978] {logging_mixin.py:109} INFO - [2023-11-04 14:18:24,978] {dagbag.py:500} INFO - Filling up the DagBag from /home/airflow/.local/lib/python3.8/site-packages/airflow/example_dags/example_complex.py
[2023-11-04 14:18:25,031] {processor.py:654} INFO - DAG(s) dict_keys(['example_complex']) retrieved from /home/airflow/.local/lib/python3.8/site-packages/airflow/example_dags/example_complex.py
[2023-11-04 14:18:25,052] {logging_mixin.py:109} INFO - [2023-11-04 14:18:25,051] {dag.py:2398} INFO - Sync 1 DAGs
[2023-11-04 14:18:25,071] {logging_mixin.py:109} INFO - [2023-11-04 14:18:25,071] {dag.py:2937} INFO - Setting next_dagrun for example_complex to None
[2023-11-04 14:18:25,083] {processor.py:171} INFO - Processing /home/airflow/.local/lib/python3.8/site-packages/airflow/example_dags/example_complex.py took 0.114 seconds
[2023-11-04 14:18:55,263] {processor.py:163} INFO - Started process (PID=766) to work on /home/airflow/.local/lib/python3.8/site-packages/airflow/example_dags/example_complex.py
[2023-11-04 14:18:55,266] {processor.py:642} INFO - Processing file /home/airflow/.local/lib/python3.8/site-packages/airflow/example_dags/example_complex.py for tasks to queue
[2023-11-04 14:18:55,267] {logging_mixin.py:109} INFO - [2023-11-04 14:18:55,267] {dagbag.py:500} INFO - Filling up the DagBag from /home/airflow/.local/lib/python3.8/site-packages/airflow/example_dags/example_complex.py
[2023-11-04 14:18:55,320] {processor.py:654} INFO - DAG(s) dict_keys(['example_complex']) retrieved from /home/airflow/.local/lib/python3.8/site-packages/airflow/example_dags/example_complex.py
[2023-11-04 14:18:55,341] {logging_mixin.py:109} INFO - [2023-11-04 14:18:55,341] {dag.py:2398} INFO - Sync 1 DAGs
[2023-11-04 14:18:55,360] {logging_mixin.py:109} INFO - [2023-11-04 14:18:55,360] {dag.py:2937} INFO - Setting next_dagrun for example_complex to None
[2023-11-04 14:18:55,373] {processor.py:171} INFO - Processing /home/airflow/.local/lib/python3.8/site-packages/airflow/example_dags/example_complex.py took 0.114 seconds
[2023-11-04 14:19:25,609] {processor.py:163} INFO - Started process (PID=815) to work on /home/airflow/.local/lib/python3.8/site-packages/airflow/example_dags/example_complex.py
[2023-11-04 14:19:25,612] {processor.py:642} INFO - Processing file /home/airflow/.local/lib/python3.8/site-packages/airflow/example_dags/example_complex.py for tasks to queue
[2023-11-04 14:19:25,615] {logging_mixin.py:109} INFO - [2023-11-04 14:19:25,615] {dagbag.py:500} INFO - Filling up the DagBag from /home/airflow/.local/lib/python3.8/site-packages/airflow/example_dags/example_complex.py
[2023-11-04 14:19:25,675] {processor.py:654} INFO - DAG(s) dict_keys(['example_complex']) retrieved from /home/airflow/.local/lib/python3.8/site-packages/airflow/example_dags/example_complex.py
[2023-11-04 14:19:25,704] {logging_mixin.py:109} INFO - [2023-11-04 14:19:25,704] {dag.py:2398} INFO - Sync 1 DAGs
[2023-11-04 14:19:25,731] {logging_mixin.py:109} INFO - [2023-11-04 14:19:25,730] {dag.py:2937} INFO - Setting next_dagrun for example_complex to None
[2023-11-04 14:19:25,746] {processor.py:171} INFO - Processing /home/airflow/.local/lib/python3.8/site-packages/airflow/example_dags/example_complex.py took 0.144 seconds
[2023-11-04 14:19:56,226] {processor.py:163} INFO - Started process (PID=872) to work on /home/airflow/.local/lib/python3.8/site-packages/airflow/example_dags/example_complex.py
[2023-11-04 14:19:56,228] {processor.py:642} INFO - Processing file /home/airflow/.local/lib/python3.8/site-packages/airflow/example_dags/example_complex.py for tasks to queue
[2023-11-04 14:19:56,230] {logging_mixin.py:109} INFO - [2023-11-04 14:19:56,230] {dagbag.py:500} INFO - Filling up the DagBag from /home/airflow/.local/lib/python3.8/site-packages/airflow/example_dags/example_complex.py
[2023-11-04 14:19:56,287] {processor.py:654} INFO - DAG(s) dict_keys(['example_complex']) retrieved from /home/airflow/.local/lib/python3.8/site-packages/airflow/example_dags/example_complex.py
[2023-11-04 14:19:56,314] {logging_mixin.py:109} INFO - [2023-11-04 14:19:56,314] {dag.py:2398} INFO - Sync 1 DAGs
[2023-11-04 14:19:56,337] {logging_mixin.py:109} INFO - [2023-11-04 14:19:56,337] {dag.py:2937} INFO - Setting next_dagrun for example_complex to None
[2023-11-04 14:19:56,351] {processor.py:171} INFO - Processing /home/airflow/.local/lib/python3.8/site-packages/airflow/example_dags/example_complex.py took 0.130 seconds
[2023-11-04 14:20:26,690] {processor.py:163} INFO - Started process (PID=923) to work on /home/airflow/.local/lib/python3.8/site-packages/airflow/example_dags/example_complex.py
[2023-11-04 14:20:26,693] {processor.py:642} INFO - Processing file /home/airflow/.local/lib/python3.8/site-packages/airflow/example_dags/example_complex.py for tasks to queue
[2023-11-04 14:20:26,694] {logging_mixin.py:109} INFO - [2023-11-04 14:20:26,694] {dagbag.py:500} INFO - Filling up the DagBag from /home/airflow/.local/lib/python3.8/site-packages/airflow/example_dags/example_complex.py
[2023-11-04 14:20:26,752] {processor.py:654} INFO - DAG(s) dict_keys(['example_complex']) retrieved from /home/airflow/.local/lib/python3.8/site-packages/airflow/example_dags/example_complex.py
[2023-11-04 14:20:26,774] {logging_mixin.py:109} INFO - [2023-11-04 14:20:26,774] {dag.py:2398} INFO - Sync 1 DAGs
[2023-11-04 14:20:26,795] {logging_mixin.py:109} INFO - [2023-11-04 14:20:26,794] {dag.py:2937} INFO - Setting next_dagrun for example_complex to None
[2023-11-04 14:20:26,807] {processor.py:171} INFO - Processing /home/airflow/.local/lib/python3.8/site-packages/airflow/example_dags/example_complex.py took 0.121 seconds
[2023-11-04 14:20:57,273] {processor.py:163} INFO - Started process (PID=972) to work on /home/airflow/.local/lib/python3.8/site-packages/airflow/example_dags/example_complex.py
[2023-11-04 14:20:57,276] {processor.py:642} INFO - Processing file /home/airflow/.local/lib/python3.8/site-packages/airflow/example_dags/example_complex.py for tasks to queue
[2023-11-04 14:20:57,278] {logging_mixin.py:109} INFO - [2023-11-04 14:20:57,278] {dagbag.py:500} INFO - Filling up the DagBag from /home/airflow/.local/lib/python3.8/site-packages/airflow/example_dags/example_complex.py
[2023-11-04 14:20:57,335] {processor.py:654} INFO - DAG(s) dict_keys(['example_complex']) retrieved from /home/airflow/.local/lib/python3.8/site-packages/airflow/example_dags/example_complex.py
[2023-11-04 14:20:57,362] {logging_mixin.py:109} INFO - [2023-11-04 14:20:57,361] {dag.py:2398} INFO - Sync 1 DAGs
[2023-11-04 14:20:57,381] {logging_mixin.py:109} INFO - [2023-11-04 14:20:57,381] {dag.py:2937} INFO - Setting next_dagrun for example_complex to None
[2023-11-04 14:20:57,394] {processor.py:171} INFO - Processing /home/airflow/.local/lib/python3.8/site-packages/airflow/example_dags/example_complex.py took 0.126 seconds
[2023-11-04 14:21:27,559] {processor.py:163} INFO - Started process (PID=1031) to work on /home/airflow/.local/lib/python3.8/site-packages/airflow/example_dags/example_complex.py
[2023-11-04 14:21:27,562] {processor.py:642} INFO - Processing file /home/airflow/.local/lib/python3.8/site-packages/airflow/example_dags/example_complex.py for tasks to queue
[2023-11-04 14:21:27,563] {logging_mixin.py:109} INFO - [2023-11-04 14:21:27,563] {dagbag.py:500} INFO - Filling up the DagBag from /home/airflow/.local/lib/python3.8/site-packages/airflow/example_dags/example_complex.py
[2023-11-04 14:21:27,617] {processor.py:654} INFO - DAG(s) dict_keys(['example_complex']) retrieved from /home/airflow/.local/lib/python3.8/site-packages/airflow/example_dags/example_complex.py
[2023-11-04 14:21:27,643] {logging_mixin.py:109} INFO - [2023-11-04 14:21:27,642] {dag.py:2398} INFO - Sync 1 DAGs
[2023-11-04 14:21:27,662] {logging_mixin.py:109} INFO - [2023-11-04 14:21:27,662] {dag.py:2937} INFO - Setting next_dagrun for example_complex to None
[2023-11-04 14:21:27,675] {processor.py:171} INFO - Processing /home/airflow/.local/lib/python3.8/site-packages/airflow/example_dags/example_complex.py took 0.121 seconds
[2023-11-04 14:21:57,848] {processor.py:163} INFO - Started process (PID=1080) to work on /home/airflow/.local/lib/python3.8/site-packages/airflow/example_dags/example_complex.py
[2023-11-04 14:21:57,850] {processor.py:642} INFO - Processing file /home/airflow/.local/lib/python3.8/site-packages/airflow/example_dags/example_complex.py for tasks to queue
[2023-11-04 14:21:57,852] {logging_mixin.py:109} INFO - [2023-11-04 14:21:57,852] {dagbag.py:500} INFO - Filling up the DagBag from /home/airflow/.local/lib/python3.8/site-packages/airflow/example_dags/example_complex.py
[2023-11-04 14:21:57,918] {processor.py:654} INFO - DAG(s) dict_keys(['example_complex']) retrieved from /home/airflow/.local/lib/python3.8/site-packages/airflow/example_dags/example_complex.py
[2023-11-04 14:21:57,943] {logging_mixin.py:109} INFO - [2023-11-04 14:21:57,943] {dag.py:2398} INFO - Sync 1 DAGs
[2023-11-04 14:21:57,967] {logging_mixin.py:109} INFO - [2023-11-04 14:21:57,967] {dag.py:2937} INFO - Setting next_dagrun for example_complex to None
[2023-11-04 14:21:57,978] {processor.py:171} INFO - Processing /home/airflow/.local/lib/python3.8/site-packages/airflow/example_dags/example_complex.py took 0.135 seconds
[2023-11-04 14:22:28,028] {processor.py:163} INFO - Started process (PID=1129) to work on /home/airflow/.local/lib/python3.8/site-packages/airflow/example_dags/example_complex.py
[2023-11-04 14:22:28,033] {processor.py:642} INFO - Processing file /home/airflow/.local/lib/python3.8/site-packages/airflow/example_dags/example_complex.py for tasks to queue
[2023-11-04 14:22:28,036] {logging_mixin.py:109} INFO - [2023-11-04 14:22:28,035] {dagbag.py:500} INFO - Filling up the DagBag from /home/airflow/.local/lib/python3.8/site-packages/airflow/example_dags/example_complex.py
[2023-11-04 14:22:28,099] {processor.py:654} INFO - DAG(s) dict_keys(['example_complex']) retrieved from /home/airflow/.local/lib/python3.8/site-packages/airflow/example_dags/example_complex.py
[2023-11-04 14:22:28,125] {logging_mixin.py:109} INFO - [2023-11-04 14:22:28,125] {dag.py:2398} INFO - Sync 1 DAGs
[2023-11-04 14:22:28,145] {logging_mixin.py:109} INFO - [2023-11-04 14:22:28,145] {dag.py:2937} INFO - Setting next_dagrun for example_complex to None
[2023-11-04 14:22:28,157] {processor.py:171} INFO - Processing /home/airflow/.local/lib/python3.8/site-packages/airflow/example_dags/example_complex.py took 0.133 seconds
[2023-11-04 14:22:58,257] {processor.py:163} INFO - Started process (PID=1186) to work on /home/airflow/.local/lib/python3.8/site-packages/airflow/example_dags/example_complex.py
[2023-11-04 14:22:58,259] {processor.py:642} INFO - Processing file /home/airflow/.local/lib/python3.8/site-packages/airflow/example_dags/example_complex.py for tasks to queue
[2023-11-04 14:22:58,261] {logging_mixin.py:109} INFO - [2023-11-04 14:22:58,261] {dagbag.py:500} INFO - Filling up the DagBag from /home/airflow/.local/lib/python3.8/site-packages/airflow/example_dags/example_complex.py
[2023-11-04 14:22:58,313] {processor.py:654} INFO - DAG(s) dict_keys(['example_complex']) retrieved from /home/airflow/.local/lib/python3.8/site-packages/airflow/example_dags/example_complex.py
[2023-11-04 14:22:58,334] {logging_mixin.py:109} INFO - [2023-11-04 14:22:58,334] {dag.py:2398} INFO - Sync 1 DAGs
[2023-11-04 14:22:58,353] {logging_mixin.py:109} INFO - [2023-11-04 14:22:58,352] {dag.py:2937} INFO - Setting next_dagrun for example_complex to None
[2023-11-04 14:22:58,364] {processor.py:171} INFO - Processing /home/airflow/.local/lib/python3.8/site-packages/airflow/example_dags/example_complex.py took 0.111 seconds
[2023-11-04 14:23:28,859] {processor.py:163} INFO - Started process (PID=1235) to work on /home/airflow/.local/lib/python3.8/site-packages/airflow/example_dags/example_complex.py
[2023-11-04 14:23:28,862] {processor.py:642} INFO - Processing file /home/airflow/.local/lib/python3.8/site-packages/airflow/example_dags/example_complex.py for tasks to queue
[2023-11-04 14:23:28,865] {logging_mixin.py:109} INFO - [2023-11-04 14:23:28,864] {dagbag.py:500} INFO - Filling up the DagBag from /home/airflow/.local/lib/python3.8/site-packages/airflow/example_dags/example_complex.py
[2023-11-04 14:23:28,922] {processor.py:654} INFO - DAG(s) dict_keys(['example_complex']) retrieved from /home/airflow/.local/lib/python3.8/site-packages/airflow/example_dags/example_complex.py
[2023-11-04 14:23:28,943] {logging_mixin.py:109} INFO - [2023-11-04 14:23:28,943] {dag.py:2398} INFO - Sync 1 DAGs
[2023-11-04 14:23:28,965] {logging_mixin.py:109} INFO - [2023-11-04 14:23:28,965] {dag.py:2937} INFO - Setting next_dagrun for example_complex to None
[2023-11-04 14:23:28,983] {processor.py:171} INFO - Processing /home/airflow/.local/lib/python3.8/site-packages/airflow/example_dags/example_complex.py took 0.129 seconds
[2023-11-04 14:23:59,768] {processor.py:163} INFO - Started process (PID=1284) to work on /home/airflow/.local/lib/python3.8/site-packages/airflow/example_dags/example_complex.py
[2023-11-04 14:23:59,772] {processor.py:642} INFO - Processing file /home/airflow/.local/lib/python3.8/site-packages/airflow/example_dags/example_complex.py for tasks to queue
[2023-11-04 14:23:59,774] {logging_mixin.py:109} INFO - [2023-11-04 14:23:59,774] {dagbag.py:500} INFO - Filling up the DagBag from /home/airflow/.local/lib/python3.8/site-packages/airflow/example_dags/example_complex.py
[2023-11-04 14:23:59,827] {processor.py:654} INFO - DAG(s) dict_keys(['example_complex']) retrieved from /home/airflow/.local/lib/python3.8/site-packages/airflow/example_dags/example_complex.py
[2023-11-04 14:23:59,850] {logging_mixin.py:109} INFO - [2023-11-04 14:23:59,849] {dag.py:2398} INFO - Sync 1 DAGs
[2023-11-04 14:23:59,870] {logging_mixin.py:109} INFO - [2023-11-04 14:23:59,870] {dag.py:2937} INFO - Setting next_dagrun for example_complex to None
[2023-11-04 14:23:59,882] {processor.py:171} INFO - Processing /home/airflow/.local/lib/python3.8/site-packages/airflow/example_dags/example_complex.py took 0.120 seconds
[2023-11-04 14:24:30,619] {processor.py:163} INFO - Started process (PID=1341) to work on /home/airflow/.local/lib/python3.8/site-packages/airflow/example_dags/example_complex.py
[2023-11-04 14:24:30,621] {processor.py:642} INFO - Processing file /home/airflow/.local/lib/python3.8/site-packages/airflow/example_dags/example_complex.py for tasks to queue
[2023-11-04 14:24:30,623] {logging_mixin.py:109} INFO - [2023-11-04 14:24:30,623] {dagbag.py:500} INFO - Filling up the DagBag from /home/airflow/.local/lib/python3.8/site-packages/airflow/example_dags/example_complex.py
[2023-11-04 14:24:30,678] {processor.py:654} INFO - DAG(s) dict_keys(['example_complex']) retrieved from /home/airflow/.local/lib/python3.8/site-packages/airflow/example_dags/example_complex.py
[2023-11-04 14:24:30,709] {logging_mixin.py:109} INFO - [2023-11-04 14:24:30,709] {dag.py:2398} INFO - Sync 1 DAGs
[2023-11-04 14:24:30,732] {logging_mixin.py:109} INFO - [2023-11-04 14:24:30,732] {dag.py:2937} INFO - Setting next_dagrun for example_complex to None
[2023-11-04 14:24:30,787] {processor.py:171} INFO - Processing /home/airflow/.local/lib/python3.8/site-packages/airflow/example_dags/example_complex.py took 0.174 seconds
[2023-11-04 14:25:00,960] {processor.py:163} INFO - Started process (PID=1390) to work on /home/airflow/.local/lib/python3.8/site-packages/airflow/example_dags/example_complex.py
[2023-11-04 14:25:00,962] {processor.py:642} INFO - Processing file /home/airflow/.local/lib/python3.8/site-packages/airflow/example_dags/example_complex.py for tasks to queue
[2023-11-04 14:25:00,964] {logging_mixin.py:109} INFO - [2023-11-04 14:25:00,964] {dagbag.py:500} INFO - Filling up the DagBag from /home/airflow/.local/lib/python3.8/site-packages/airflow/example_dags/example_complex.py
[2023-11-04 14:25:01,021] {processor.py:654} INFO - DAG(s) dict_keys(['example_complex']) retrieved from /home/airflow/.local/lib/python3.8/site-packages/airflow/example_dags/example_complex.py
[2023-11-04 14:25:01,042] {logging_mixin.py:109} INFO - [2023-11-04 14:25:01,042] {dag.py:2398} INFO - Sync 1 DAGs
[2023-11-04 14:25:01,069] {logging_mixin.py:109} INFO - [2023-11-04 14:25:01,069] {dag.py:2937} INFO - Setting next_dagrun for example_complex to None
[2023-11-04 14:25:01,083] {processor.py:171} INFO - Processing /home/airflow/.local/lib/python3.8/site-packages/airflow/example_dags/example_complex.py took 0.129 seconds
[2023-11-04 14:25:31,293] {processor.py:163} INFO - Started process (PID=1447) to work on /home/airflow/.local/lib/python3.8/site-packages/airflow/example_dags/example_complex.py
[2023-11-04 14:25:31,296] {processor.py:642} INFO - Processing file /home/airflow/.local/lib/python3.8/site-packages/airflow/example_dags/example_complex.py for tasks to queue
[2023-11-04 14:25:31,298] {logging_mixin.py:109} INFO - [2023-11-04 14:25:31,297] {dagbag.py:500} INFO - Filling up the DagBag from /home/airflow/.local/lib/python3.8/site-packages/airflow/example_dags/example_complex.py
[2023-11-04 14:25:31,351] {processor.py:654} INFO - DAG(s) dict_keys(['example_complex']) retrieved from /home/airflow/.local/lib/python3.8/site-packages/airflow/example_dags/example_complex.py
[2023-11-04 14:25:31,378] {logging_mixin.py:109} INFO - [2023-11-04 14:25:31,377] {dag.py:2398} INFO - Sync 1 DAGs
[2023-11-04 14:25:31,402] {logging_mixin.py:109} INFO - [2023-11-04 14:25:31,402] {dag.py:2937} INFO - Setting next_dagrun for example_complex to None
[2023-11-04 14:25:31,413] {processor.py:171} INFO - Processing /home/airflow/.local/lib/python3.8/site-packages/airflow/example_dags/example_complex.py took 0.126 seconds
[2023-11-04 14:26:01,490] {processor.py:163} INFO - Started process (PID=1496) to work on /home/airflow/.local/lib/python3.8/site-packages/airflow/example_dags/example_complex.py
[2023-11-04 14:26:01,492] {processor.py:642} INFO - Processing file /home/airflow/.local/lib/python3.8/site-packages/airflow/example_dags/example_complex.py for tasks to queue
[2023-11-04 14:26:01,494] {logging_mixin.py:109} INFO - [2023-11-04 14:26:01,494] {dagbag.py:500} INFO - Filling up the DagBag from /home/airflow/.local/lib/python3.8/site-packages/airflow/example_dags/example_complex.py
[2023-11-04 14:26:01,546] {processor.py:654} INFO - DAG(s) dict_keys(['example_complex']) retrieved from /home/airflow/.local/lib/python3.8/site-packages/airflow/example_dags/example_complex.py
[2023-11-04 14:26:01,566] {logging_mixin.py:109} INFO - [2023-11-04 14:26:01,566] {dag.py:2398} INFO - Sync 1 DAGs
[2023-11-04 14:26:01,584] {logging_mixin.py:109} INFO - [2023-11-04 14:26:01,584] {dag.py:2937} INFO - Setting next_dagrun for example_complex to None
[2023-11-04 14:26:01,597] {processor.py:171} INFO - Processing /home/airflow/.local/lib/python3.8/site-packages/airflow/example_dags/example_complex.py took 0.112 seconds
[2023-11-04 14:26:31,813] {processor.py:163} INFO - Started process (PID=1545) to work on /home/airflow/.local/lib/python3.8/site-packages/airflow/example_dags/example_complex.py
[2023-11-04 14:26:31,815] {processor.py:642} INFO - Processing file /home/airflow/.local/lib/python3.8/site-packages/airflow/example_dags/example_complex.py for tasks to queue
[2023-11-04 14:26:31,817] {logging_mixin.py:109} INFO - [2023-11-04 14:26:31,816] {dagbag.py:500} INFO - Filling up the DagBag from /home/airflow/.local/lib/python3.8/site-packages/airflow/example_dags/example_complex.py
[2023-11-04 14:26:31,871] {processor.py:654} INFO - DAG(s) dict_keys(['example_complex']) retrieved from /home/airflow/.local/lib/python3.8/site-packages/airflow/example_dags/example_complex.py
[2023-11-04 14:26:31,893] {logging_mixin.py:109} INFO - [2023-11-04 14:26:31,893] {dag.py:2398} INFO - Sync 1 DAGs
[2023-11-04 14:26:31,914] {logging_mixin.py:109} INFO - [2023-11-04 14:26:31,914] {dag.py:2937} INFO - Setting next_dagrun for example_complex to None
[2023-11-04 14:26:31,942] {processor.py:171} INFO - Processing /home/airflow/.local/lib/python3.8/site-packages/airflow/example_dags/example_complex.py took 0.134 seconds
[2023-11-04 14:28:07,548] {processor.py:163} INFO - Started process (PID=40) to work on /home/airflow/.local/lib/python3.8/site-packages/airflow/example_dags/example_complex.py
[2023-11-04 14:28:07,551] {processor.py:642} INFO - Processing file /home/airflow/.local/lib/python3.8/site-packages/airflow/example_dags/example_complex.py for tasks to queue
[2023-11-04 14:28:07,554] {logging_mixin.py:109} INFO - [2023-11-04 14:28:07,554] {dagbag.py:500} INFO - Filling up the DagBag from /home/airflow/.local/lib/python3.8/site-packages/airflow/example_dags/example_complex.py
[2023-11-04 14:28:07,637] {processor.py:654} INFO - DAG(s) dict_keys(['example_complex']) retrieved from /home/airflow/.local/lib/python3.8/site-packages/airflow/example_dags/example_complex.py
[2023-11-04 14:28:07,660] {logging_mixin.py:109} INFO - [2023-11-04 14:28:07,660] {dag.py:2398} INFO - Sync 1 DAGs
[2023-11-04 14:28:07,687] {logging_mixin.py:109} INFO - [2023-11-04 14:28:07,687] {dag.py:2937} INFO - Setting next_dagrun for example_complex to None
[2023-11-04 14:28:07,700] {processor.py:171} INFO - Processing /home/airflow/.local/lib/python3.8/site-packages/airflow/example_dags/example_complex.py took 0.158 seconds
[2023-11-04 14:28:38,198] {processor.py:163} INFO - Started process (PID=90) to work on /home/airflow/.local/lib/python3.8/site-packages/airflow/example_dags/example_complex.py
[2023-11-04 14:28:38,200] {processor.py:642} INFO - Processing file /home/airflow/.local/lib/python3.8/site-packages/airflow/example_dags/example_complex.py for tasks to queue
[2023-11-04 14:28:38,201] {logging_mixin.py:109} INFO - [2023-11-04 14:28:38,201] {dagbag.py:500} INFO - Filling up the DagBag from /home/airflow/.local/lib/python3.8/site-packages/airflow/example_dags/example_complex.py
[2023-11-04 14:28:38,254] {processor.py:654} INFO - DAG(s) dict_keys(['example_complex']) retrieved from /home/airflow/.local/lib/python3.8/site-packages/airflow/example_dags/example_complex.py
[2023-11-04 14:28:38,274] {logging_mixin.py:109} INFO - [2023-11-04 14:28:38,274] {dag.py:2398} INFO - Sync 1 DAGs
[2023-11-04 14:28:38,293] {logging_mixin.py:109} INFO - [2023-11-04 14:28:38,293] {dag.py:2937} INFO - Setting next_dagrun for example_complex to None
[2023-11-04 14:28:38,304] {processor.py:171} INFO - Processing /home/airflow/.local/lib/python3.8/site-packages/airflow/example_dags/example_complex.py took 0.111 seconds
[2023-11-04 14:29:08,744] {processor.py:163} INFO - Started process (PID=147) to work on /home/airflow/.local/lib/python3.8/site-packages/airflow/example_dags/example_complex.py
[2023-11-04 14:29:08,746] {processor.py:642} INFO - Processing file /home/airflow/.local/lib/python3.8/site-packages/airflow/example_dags/example_complex.py for tasks to queue
[2023-11-04 14:29:08,749] {logging_mixin.py:109} INFO - [2023-11-04 14:29:08,748] {dagbag.py:500} INFO - Filling up the DagBag from /home/airflow/.local/lib/python3.8/site-packages/airflow/example_dags/example_complex.py
[2023-11-04 14:29:08,806] {processor.py:654} INFO - DAG(s) dict_keys(['example_complex']) retrieved from /home/airflow/.local/lib/python3.8/site-packages/airflow/example_dags/example_complex.py
[2023-11-04 14:29:08,827] {logging_mixin.py:109} INFO - [2023-11-04 14:29:08,827] {dag.py:2398} INFO - Sync 1 DAGs
[2023-11-04 14:29:08,846] {logging_mixin.py:109} INFO - [2023-11-04 14:29:08,846] {dag.py:2937} INFO - Setting next_dagrun for example_complex to None
[2023-11-04 14:29:08,857] {processor.py:171} INFO - Processing /home/airflow/.local/lib/python3.8/site-packages/airflow/example_dags/example_complex.py took 0.118 seconds
[2023-11-04 14:29:39,150] {processor.py:163} INFO - Started process (PID=196) to work on /home/airflow/.local/lib/python3.8/site-packages/airflow/example_dags/example_complex.py
[2023-11-04 14:29:39,153] {processor.py:642} INFO - Processing file /home/airflow/.local/lib/python3.8/site-packages/airflow/example_dags/example_complex.py for tasks to queue
[2023-11-04 14:29:39,154] {logging_mixin.py:109} INFO - [2023-11-04 14:29:39,154] {dagbag.py:500} INFO - Filling up the DagBag from /home/airflow/.local/lib/python3.8/site-packages/airflow/example_dags/example_complex.py
[2023-11-04 14:29:39,216] {processor.py:654} INFO - DAG(s) dict_keys(['example_complex']) retrieved from /home/airflow/.local/lib/python3.8/site-packages/airflow/example_dags/example_complex.py
[2023-11-04 14:29:39,237] {logging_mixin.py:109} INFO - [2023-11-04 14:29:39,237] {dag.py:2398} INFO - Sync 1 DAGs
[2023-11-04 14:29:39,257] {logging_mixin.py:109} INFO - [2023-11-04 14:29:39,256] {dag.py:2937} INFO - Setting next_dagrun for example_complex to None
[2023-11-04 14:29:39,268] {processor.py:171} INFO - Processing /home/airflow/.local/lib/python3.8/site-packages/airflow/example_dags/example_complex.py took 0.123 seconds
[2023-11-04 14:30:09,871] {processor.py:163} INFO - Started process (PID=245) to work on /home/airflow/.local/lib/python3.8/site-packages/airflow/example_dags/example_complex.py
[2023-11-04 14:30:09,874] {processor.py:642} INFO - Processing file /home/airflow/.local/lib/python3.8/site-packages/airflow/example_dags/example_complex.py for tasks to queue
[2023-11-04 14:30:09,875] {logging_mixin.py:109} INFO - [2023-11-04 14:30:09,875] {dagbag.py:500} INFO - Filling up the DagBag from /home/airflow/.local/lib/python3.8/site-packages/airflow/example_dags/example_complex.py
[2023-11-04 14:30:09,934] {processor.py:654} INFO - DAG(s) dict_keys(['example_complex']) retrieved from /home/airflow/.local/lib/python3.8/site-packages/airflow/example_dags/example_complex.py
[2023-11-04 14:30:09,958] {logging_mixin.py:109} INFO - [2023-11-04 14:30:09,957] {dag.py:2398} INFO - Sync 1 DAGs
[2023-11-04 14:30:09,977] {logging_mixin.py:109} INFO - [2023-11-04 14:30:09,977] {dag.py:2937} INFO - Setting next_dagrun for example_complex to None
[2023-11-04 14:30:09,990] {processor.py:171} INFO - Processing /home/airflow/.local/lib/python3.8/site-packages/airflow/example_dags/example_complex.py took 0.124 seconds
[2023-11-04 14:30:40,219] {processor.py:163} INFO - Started process (PID=301) to work on /home/airflow/.local/lib/python3.8/site-packages/airflow/example_dags/example_complex.py
[2023-11-04 14:30:40,225] {processor.py:642} INFO - Processing file /home/airflow/.local/lib/python3.8/site-packages/airflow/example_dags/example_complex.py for tasks to queue
[2023-11-04 14:30:40,230] {logging_mixin.py:109} INFO - [2023-11-04 14:30:40,229] {dagbag.py:500} INFO - Filling up the DagBag from /home/airflow/.local/lib/python3.8/site-packages/airflow/example_dags/example_complex.py
[2023-11-04 14:30:40,304] {processor.py:654} INFO - DAG(s) dict_keys(['example_complex']) retrieved from /home/airflow/.local/lib/python3.8/site-packages/airflow/example_dags/example_complex.py
[2023-11-04 14:30:40,329] {logging_mixin.py:109} INFO - [2023-11-04 14:30:40,329] {dag.py:2398} INFO - Sync 1 DAGs
[2023-11-04 14:30:40,351] {logging_mixin.py:109} INFO - [2023-11-04 14:30:40,351] {dag.py:2937} INFO - Setting next_dagrun for example_complex to None
[2023-11-04 14:30:40,365] {processor.py:171} INFO - Processing /home/airflow/.local/lib/python3.8/site-packages/airflow/example_dags/example_complex.py took 0.156 seconds
