[2023-11-04 13:41:35,427] {processor.py:163} INFO - Started process (PID=199) to work on /home/airflow/.local/lib/python3.8/site-packages/airflow/example_dags/example_skip_dag.py
[2023-11-04 13:41:35,430] {processor.py:642} INFO - Processing file /home/airflow/.local/lib/python3.8/site-packages/airflow/example_dags/example_skip_dag.py for tasks to queue
[2023-11-04 13:41:35,431] {logging_mixin.py:109} INFO - [2023-11-04 13:41:35,431] {dagbag.py:500} INFO - Filling up the DagBag from /home/airflow/.local/lib/python3.8/site-packages/airflow/example_dags/example_skip_dag.py
[2023-11-04 13:41:35,500] {processor.py:654} INFO - DAG(s) dict_keys(['example_skip_dag']) retrieved from /home/airflow/.local/lib/python3.8/site-packages/airflow/example_dags/example_skip_dag.py
[2023-11-04 13:41:37,457] {logging_mixin.py:109} INFO - [2023-11-04 13:41:37,457] {providers_manager.py:154} WARNING - Exception when importing 'airflow.providers.google.common.hooks.base_google.GoogleBaseHook' from 'apache-airflow-providers-google' package: module 'pyparsing' has no attribute 'downcaseTokens'
[2023-11-04 13:41:37,469] {logging_mixin.py:109} INFO - [2023-11-04 13:41:37,469] {providers_manager.py:154} WARNING - Exception when importing 'airflow.providers.google.cloud.hooks.cloud_sql.CloudSQLHook' from 'apache-airflow-providers-google' package: module 'pyparsing' has no attribute 'downcaseTokens'
[2023-11-04 13:41:37,477] {logging_mixin.py:109} INFO - [2023-11-04 13:41:37,477] {providers_manager.py:154} WARNING - Exception when importing 'airflow.providers.google.cloud.hooks.cloud_sql.CloudSQLDatabaseHook' from 'apache-airflow-providers-google' package: module 'pyparsing' has no attribute 'downcaseTokens'
[2023-11-04 13:41:37,689] {logging_mixin.py:109} INFO - [2023-11-04 13:41:37,688] {providers_manager.py:154} WARNING - Exception when importing 'airflow.providers.google.cloud.hooks.bigquery.BigQueryHook' from 'apache-airflow-providers-google' package: module 'pyparsing' has no attribute 'downcaseTokens'
[2023-11-04 13:41:37,694] {logging_mixin.py:109} INFO - [2023-11-04 13:41:37,693] {providers_manager.py:154} WARNING - Exception when importing 'airflow.providers.google.cloud.hooks.compute_ssh.ComputeEngineSSHHook' from 'apache-airflow-providers-google' package: module 'pyparsing' has no attribute 'downcaseTokens'
[2023-11-04 13:41:38,468] {logging_mixin.py:109} INFO - [2023-11-04 13:41:38,468] {providers_manager.py:154} WARNING - Exception when importing 'airflow.providers.google.common.hooks.base_google.GoogleBaseHook' from 'apache-airflow-providers-google' package: module 'pyparsing' has no attribute 'downcaseTokens'
[2023-11-04 13:41:38,473] {logging_mixin.py:109} INFO - [2023-11-04 13:41:38,473] {providers_manager.py:154} WARNING - Exception when importing 'airflow.providers.google.cloud.hooks.cloud_sql.CloudSQLHook' from 'apache-airflow-providers-google' package: module 'pyparsing' has no attribute 'downcaseTokens'
[2023-11-04 13:41:38,479] {logging_mixin.py:109} INFO - [2023-11-04 13:41:38,478] {providers_manager.py:154} WARNING - Exception when importing 'airflow.providers.google.cloud.hooks.cloud_sql.CloudSQLDatabaseHook' from 'apache-airflow-providers-google' package: module 'pyparsing' has no attribute 'downcaseTokens'
[2023-11-04 13:41:38,486] {logging_mixin.py:109} INFO - [2023-11-04 13:41:38,486] {providers_manager.py:154} WARNING - Exception when importing 'airflow.providers.google.cloud.hooks.bigquery.BigQueryHook' from 'apache-airflow-providers-google' package: module 'pyparsing' has no attribute 'downcaseTokens'
[2023-11-04 13:41:38,492] {logging_mixin.py:109} INFO - [2023-11-04 13:41:38,492] {providers_manager.py:154} WARNING - Exception when importing 'airflow.providers.google.cloud.hooks.compute_ssh.ComputeEngineSSHHook' from 'apache-airflow-providers-google' package: module 'pyparsing' has no attribute 'downcaseTokens'
[2023-11-04 13:41:38,538] {logging_mixin.py:109} INFO - [2023-11-04 13:41:38,538] {manager.py:496} INFO - Created Permission View: can read on DAG:example_skip_dag
[2023-11-04 13:41:38,557] {logging_mixin.py:109} INFO - [2023-11-04 13:41:38,557] {manager.py:496} INFO - Created Permission View: can edit on DAG:example_skip_dag
[2023-11-04 13:41:38,560] {logging_mixin.py:109} INFO - [2023-11-04 13:41:38,559] {dag.py:2398} INFO - Sync 1 DAGs
[2023-11-04 13:41:38,572] {logging_mixin.py:109} INFO - [2023-11-04 13:41:38,571] {dag.py:2417} INFO - Creating ORM DAG for example_skip_dag
[2023-11-04 13:41:38,583] {logging_mixin.py:109} INFO - [2023-11-04 13:41:38,583] {dag.py:2937} INFO - Setting next_dagrun for example_skip_dag to 2023-11-03T13:41:38.583137+00:00
[2023-11-04 13:41:38,602] {processor.py:171} INFO - Processing /home/airflow/.local/lib/python3.8/site-packages/airflow/example_dags/example_skip_dag.py took 3.180 seconds
[2023-11-04 13:42:09,066] {processor.py:163} INFO - Started process (PID=314) to work on /home/airflow/.local/lib/python3.8/site-packages/airflow/example_dags/example_skip_dag.py
[2023-11-04 13:42:09,068] {processor.py:642} INFO - Processing file /home/airflow/.local/lib/python3.8/site-packages/airflow/example_dags/example_skip_dag.py for tasks to queue
[2023-11-04 13:42:09,071] {logging_mixin.py:109} INFO - [2023-11-04 13:42:09,071] {dagbag.py:500} INFO - Filling up the DagBag from /home/airflow/.local/lib/python3.8/site-packages/airflow/example_dags/example_skip_dag.py
[2023-11-04 13:42:09,119] {processor.py:654} INFO - DAG(s) dict_keys(['example_skip_dag']) retrieved from /home/airflow/.local/lib/python3.8/site-packages/airflow/example_dags/example_skip_dag.py
[2023-11-04 13:42:09,147] {logging_mixin.py:109} INFO - [2023-11-04 13:42:09,147] {dag.py:2398} INFO - Sync 1 DAGs
[2023-11-04 13:42:09,169] {logging_mixin.py:109} INFO - [2023-11-04 13:42:09,169] {dag.py:2937} INFO - Setting next_dagrun for example_skip_dag to 2023-11-03T13:42:09.168921+00:00
[2023-11-04 13:42:09,183] {processor.py:171} INFO - Processing /home/airflow/.local/lib/python3.8/site-packages/airflow/example_dags/example_skip_dag.py took 0.124 seconds
[2023-11-04 13:42:39,406] {processor.py:163} INFO - Started process (PID=371) to work on /home/airflow/.local/lib/python3.8/site-packages/airflow/example_dags/example_skip_dag.py
[2023-11-04 13:42:39,409] {processor.py:642} INFO - Processing file /home/airflow/.local/lib/python3.8/site-packages/airflow/example_dags/example_skip_dag.py for tasks to queue
[2023-11-04 13:42:39,411] {logging_mixin.py:109} INFO - [2023-11-04 13:42:39,410] {dagbag.py:500} INFO - Filling up the DagBag from /home/airflow/.local/lib/python3.8/site-packages/airflow/example_dags/example_skip_dag.py
[2023-11-04 13:42:39,459] {processor.py:654} INFO - DAG(s) dict_keys(['example_skip_dag']) retrieved from /home/airflow/.local/lib/python3.8/site-packages/airflow/example_dags/example_skip_dag.py
[2023-11-04 13:42:39,478] {logging_mixin.py:109} INFO - [2023-11-04 13:42:39,478] {dag.py:2398} INFO - Sync 1 DAGs
[2023-11-04 13:42:39,505] {logging_mixin.py:109} INFO - [2023-11-04 13:42:39,505] {dag.py:2937} INFO - Setting next_dagrun for example_skip_dag to 2023-11-03T13:42:39.504877+00:00
[2023-11-04 13:42:39,523] {processor.py:171} INFO - Processing /home/airflow/.local/lib/python3.8/site-packages/airflow/example_dags/example_skip_dag.py took 0.123 seconds
[2023-11-04 13:43:09,651] {processor.py:163} INFO - Started process (PID=420) to work on /home/airflow/.local/lib/python3.8/site-packages/airflow/example_dags/example_skip_dag.py
[2023-11-04 13:43:09,654] {processor.py:642} INFO - Processing file /home/airflow/.local/lib/python3.8/site-packages/airflow/example_dags/example_skip_dag.py for tasks to queue
[2023-11-04 13:43:09,655] {logging_mixin.py:109} INFO - [2023-11-04 13:43:09,655] {dagbag.py:500} INFO - Filling up the DagBag from /home/airflow/.local/lib/python3.8/site-packages/airflow/example_dags/example_skip_dag.py
[2023-11-04 13:43:09,697] {processor.py:654} INFO - DAG(s) dict_keys(['example_skip_dag']) retrieved from /home/airflow/.local/lib/python3.8/site-packages/airflow/example_dags/example_skip_dag.py
[2023-11-04 13:43:09,712] {logging_mixin.py:109} INFO - [2023-11-04 13:43:09,712] {dag.py:2398} INFO - Sync 1 DAGs
[2023-11-04 13:43:09,733] {logging_mixin.py:109} INFO - [2023-11-04 13:43:09,733] {dag.py:2937} INFO - Setting next_dagrun for example_skip_dag to 2023-11-03T13:43:09.732934+00:00
[2023-11-04 13:43:09,746] {processor.py:171} INFO - Processing /home/airflow/.local/lib/python3.8/site-packages/airflow/example_dags/example_skip_dag.py took 0.100 seconds
[2023-11-04 13:43:40,067] {processor.py:163} INFO - Started process (PID=469) to work on /home/airflow/.local/lib/python3.8/site-packages/airflow/example_dags/example_skip_dag.py
[2023-11-04 13:43:40,070] {processor.py:642} INFO - Processing file /home/airflow/.local/lib/python3.8/site-packages/airflow/example_dags/example_skip_dag.py for tasks to queue
[2023-11-04 13:43:40,072] {logging_mixin.py:109} INFO - [2023-11-04 13:43:40,072] {dagbag.py:500} INFO - Filling up the DagBag from /home/airflow/.local/lib/python3.8/site-packages/airflow/example_dags/example_skip_dag.py
[2023-11-04 13:43:40,120] {processor.py:654} INFO - DAG(s) dict_keys(['example_skip_dag']) retrieved from /home/airflow/.local/lib/python3.8/site-packages/airflow/example_dags/example_skip_dag.py
[2023-11-04 13:43:40,137] {logging_mixin.py:109} INFO - [2023-11-04 13:43:40,137] {dag.py:2398} INFO - Sync 1 DAGs
[2023-11-04 13:43:40,160] {logging_mixin.py:109} INFO - [2023-11-04 13:43:40,160] {dag.py:2937} INFO - Setting next_dagrun for example_skip_dag to 2023-11-03T13:43:40.160120+00:00
[2023-11-04 13:43:40,174] {processor.py:171} INFO - Processing /home/airflow/.local/lib/python3.8/site-packages/airflow/example_dags/example_skip_dag.py took 0.113 seconds
[2023-11-04 13:44:10,494] {processor.py:163} INFO - Started process (PID=526) to work on /home/airflow/.local/lib/python3.8/site-packages/airflow/example_dags/example_skip_dag.py
[2023-11-04 13:44:10,496] {processor.py:642} INFO - Processing file /home/airflow/.local/lib/python3.8/site-packages/airflow/example_dags/example_skip_dag.py for tasks to queue
[2023-11-04 13:44:10,498] {logging_mixin.py:109} INFO - [2023-11-04 13:44:10,498] {dagbag.py:500} INFO - Filling up the DagBag from /home/airflow/.local/lib/python3.8/site-packages/airflow/example_dags/example_skip_dag.py
[2023-11-04 13:44:10,551] {processor.py:654} INFO - DAG(s) dict_keys(['example_skip_dag']) retrieved from /home/airflow/.local/lib/python3.8/site-packages/airflow/example_dags/example_skip_dag.py
[2023-11-04 13:44:10,566] {logging_mixin.py:109} INFO - [2023-11-04 13:44:10,565] {dag.py:2398} INFO - Sync 1 DAGs
[2023-11-04 13:44:10,586] {logging_mixin.py:109} INFO - [2023-11-04 13:44:10,586] {dag.py:2937} INFO - Setting next_dagrun for example_skip_dag to 2023-11-03T13:44:10.585814+00:00
[2023-11-04 13:44:10,600] {processor.py:171} INFO - Processing /home/airflow/.local/lib/python3.8/site-packages/airflow/example_dags/example_skip_dag.py took 0.111 seconds
[2023-11-04 13:59:21,806] {processor.py:163} INFO - Started process (PID=59) to work on /home/airflow/.local/lib/python3.8/site-packages/airflow/example_dags/example_skip_dag.py
[2023-11-04 13:59:21,809] {processor.py:642} INFO - Processing file /home/airflow/.local/lib/python3.8/site-packages/airflow/example_dags/example_skip_dag.py for tasks to queue
[2023-11-04 13:59:21,812] {logging_mixin.py:109} INFO - [2023-11-04 13:59:21,812] {dagbag.py:500} INFO - Filling up the DagBag from /home/airflow/.local/lib/python3.8/site-packages/airflow/example_dags/example_skip_dag.py
[2023-11-04 13:59:21,877] {processor.py:654} INFO - DAG(s) dict_keys(['example_skip_dag']) retrieved from /home/airflow/.local/lib/python3.8/site-packages/airflow/example_dags/example_skip_dag.py
[2023-11-04 13:59:21,897] {logging_mixin.py:109} INFO - [2023-11-04 13:59:21,897] {dag.py:2398} INFO - Sync 1 DAGs
[2023-11-04 13:59:21,928] {logging_mixin.py:109} INFO - [2023-11-04 13:59:21,928] {dag.py:2937} INFO - Setting next_dagrun for example_skip_dag to 2023-11-03T13:59:21.927865+00:00
[2023-11-04 13:59:21,944] {processor.py:171} INFO - Processing /home/airflow/.local/lib/python3.8/site-packages/airflow/example_dags/example_skip_dag.py took 0.152 seconds
[2023-11-04 13:59:52,245] {processor.py:163} INFO - Started process (PID=107) to work on /home/airflow/.local/lib/python3.8/site-packages/airflow/example_dags/example_skip_dag.py
[2023-11-04 13:59:52,249] {processor.py:642} INFO - Processing file /home/airflow/.local/lib/python3.8/site-packages/airflow/example_dags/example_skip_dag.py for tasks to queue
[2023-11-04 13:59:52,250] {logging_mixin.py:109} INFO - [2023-11-04 13:59:52,250] {dagbag.py:500} INFO - Filling up the DagBag from /home/airflow/.local/lib/python3.8/site-packages/airflow/example_dags/example_skip_dag.py
[2023-11-04 13:59:52,298] {processor.py:654} INFO - DAG(s) dict_keys(['example_skip_dag']) retrieved from /home/airflow/.local/lib/python3.8/site-packages/airflow/example_dags/example_skip_dag.py
[2023-11-04 13:59:52,314] {logging_mixin.py:109} INFO - [2023-11-04 13:59:52,314] {dag.py:2398} INFO - Sync 1 DAGs
[2023-11-04 13:59:52,338] {logging_mixin.py:109} INFO - [2023-11-04 13:59:52,338] {dag.py:2937} INFO - Setting next_dagrun for example_skip_dag to 2023-11-03T13:59:52.337754+00:00
[2023-11-04 13:59:52,351] {processor.py:171} INFO - Processing /home/airflow/.local/lib/python3.8/site-packages/airflow/example_dags/example_skip_dag.py took 0.111 seconds
[2023-11-04 14:00:22,600] {processor.py:163} INFO - Started process (PID=180) to work on /home/airflow/.local/lib/python3.8/site-packages/airflow/example_dags/example_skip_dag.py
[2023-11-04 14:00:22,603] {processor.py:642} INFO - Processing file /home/airflow/.local/lib/python3.8/site-packages/airflow/example_dags/example_skip_dag.py for tasks to queue
[2023-11-04 14:00:22,604] {logging_mixin.py:109} INFO - [2023-11-04 14:00:22,604] {dagbag.py:500} INFO - Filling up the DagBag from /home/airflow/.local/lib/python3.8/site-packages/airflow/example_dags/example_skip_dag.py
[2023-11-04 14:00:22,647] {processor.py:654} INFO - DAG(s) dict_keys(['example_skip_dag']) retrieved from /home/airflow/.local/lib/python3.8/site-packages/airflow/example_dags/example_skip_dag.py
[2023-11-04 14:00:22,667] {logging_mixin.py:109} INFO - [2023-11-04 14:00:22,667] {dag.py:2398} INFO - Sync 1 DAGs
[2023-11-04 14:00:22,694] {logging_mixin.py:109} INFO - [2023-11-04 14:00:22,693] {dag.py:2937} INFO - Setting next_dagrun for example_skip_dag to 2023-11-03T14:00:22.693503+00:00
[2023-11-04 14:00:22,706] {processor.py:171} INFO - Processing /home/airflow/.local/lib/python3.8/site-packages/airflow/example_dags/example_skip_dag.py took 0.111 seconds
[2023-11-04 14:00:53,473] {processor.py:163} INFO - Started process (PID=229) to work on /home/airflow/.local/lib/python3.8/site-packages/airflow/example_dags/example_skip_dag.py
[2023-11-04 14:00:53,475] {processor.py:642} INFO - Processing file /home/airflow/.local/lib/python3.8/site-packages/airflow/example_dags/example_skip_dag.py for tasks to queue
[2023-11-04 14:00:53,477] {logging_mixin.py:109} INFO - [2023-11-04 14:00:53,477] {dagbag.py:500} INFO - Filling up the DagBag from /home/airflow/.local/lib/python3.8/site-packages/airflow/example_dags/example_skip_dag.py
[2023-11-04 14:00:53,519] {processor.py:654} INFO - DAG(s) dict_keys(['example_skip_dag']) retrieved from /home/airflow/.local/lib/python3.8/site-packages/airflow/example_dags/example_skip_dag.py
[2023-11-04 14:00:53,534] {logging_mixin.py:109} INFO - [2023-11-04 14:00:53,534] {dag.py:2398} INFO - Sync 1 DAGs
[2023-11-04 14:00:53,553] {logging_mixin.py:109} INFO - [2023-11-04 14:00:53,553] {dag.py:2937} INFO - Setting next_dagrun for example_skip_dag to 2023-11-03T14:00:53.553118+00:00
[2023-11-04 14:00:53,565] {processor.py:171} INFO - Processing /home/airflow/.local/lib/python3.8/site-packages/airflow/example_dags/example_skip_dag.py took 0.098 seconds
[2023-11-04 14:01:24,290] {processor.py:163} INFO - Started process (PID=278) to work on /home/airflow/.local/lib/python3.8/site-packages/airflow/example_dags/example_skip_dag.py
[2023-11-04 14:01:24,297] {processor.py:642} INFO - Processing file /home/airflow/.local/lib/python3.8/site-packages/airflow/example_dags/example_skip_dag.py for tasks to queue
[2023-11-04 14:01:24,308] {logging_mixin.py:109} INFO - [2023-11-04 14:01:24,307] {dagbag.py:500} INFO - Filling up the DagBag from /home/airflow/.local/lib/python3.8/site-packages/airflow/example_dags/example_skip_dag.py
[2023-11-04 14:01:24,373] {processor.py:654} INFO - DAG(s) dict_keys(['example_skip_dag']) retrieved from /home/airflow/.local/lib/python3.8/site-packages/airflow/example_dags/example_skip_dag.py
[2023-11-04 14:01:24,389] {logging_mixin.py:109} INFO - [2023-11-04 14:01:24,389] {dag.py:2398} INFO - Sync 1 DAGs
[2023-11-04 14:01:24,410] {logging_mixin.py:109} INFO - [2023-11-04 14:01:24,410] {dag.py:2937} INFO - Setting next_dagrun for example_skip_dag to 2023-11-03T14:01:24.410124+00:00
[2023-11-04 14:01:24,422] {processor.py:171} INFO - Processing /home/airflow/.local/lib/python3.8/site-packages/airflow/example_dags/example_skip_dag.py took 0.139 seconds
[2023-11-04 14:01:54,540] {processor.py:163} INFO - Started process (PID=335) to work on /home/airflow/.local/lib/python3.8/site-packages/airflow/example_dags/example_skip_dag.py
[2023-11-04 14:01:54,542] {processor.py:642} INFO - Processing file /home/airflow/.local/lib/python3.8/site-packages/airflow/example_dags/example_skip_dag.py for tasks to queue
[2023-11-04 14:01:54,544] {logging_mixin.py:109} INFO - [2023-11-04 14:01:54,544] {dagbag.py:500} INFO - Filling up the DagBag from /home/airflow/.local/lib/python3.8/site-packages/airflow/example_dags/example_skip_dag.py
[2023-11-04 14:01:54,589] {processor.py:654} INFO - DAG(s) dict_keys(['example_skip_dag']) retrieved from /home/airflow/.local/lib/python3.8/site-packages/airflow/example_dags/example_skip_dag.py
[2023-11-04 14:01:54,604] {logging_mixin.py:109} INFO - [2023-11-04 14:01:54,604] {dag.py:2398} INFO - Sync 1 DAGs
[2023-11-04 14:01:54,624] {logging_mixin.py:109} INFO - [2023-11-04 14:01:54,624] {dag.py:2937} INFO - Setting next_dagrun for example_skip_dag to 2023-11-03T14:01:54.623697+00:00
[2023-11-04 14:01:54,636] {processor.py:171} INFO - Processing /home/airflow/.local/lib/python3.8/site-packages/airflow/example_dags/example_skip_dag.py took 0.102 seconds
[2023-11-04 14:02:25,255] {processor.py:163} INFO - Started process (PID=384) to work on /home/airflow/.local/lib/python3.8/site-packages/airflow/example_dags/example_skip_dag.py
[2023-11-04 14:02:25,257] {processor.py:642} INFO - Processing file /home/airflow/.local/lib/python3.8/site-packages/airflow/example_dags/example_skip_dag.py for tasks to queue
[2023-11-04 14:02:25,259] {logging_mixin.py:109} INFO - [2023-11-04 14:02:25,258] {dagbag.py:500} INFO - Filling up the DagBag from /home/airflow/.local/lib/python3.8/site-packages/airflow/example_dags/example_skip_dag.py
[2023-11-04 14:02:25,301] {processor.py:654} INFO - DAG(s) dict_keys(['example_skip_dag']) retrieved from /home/airflow/.local/lib/python3.8/site-packages/airflow/example_dags/example_skip_dag.py
[2023-11-04 14:02:25,318] {logging_mixin.py:109} INFO - [2023-11-04 14:02:25,318] {dag.py:2398} INFO - Sync 1 DAGs
[2023-11-04 14:02:25,338] {logging_mixin.py:109} INFO - [2023-11-04 14:02:25,338] {dag.py:2937} INFO - Setting next_dagrun for example_skip_dag to 2023-11-03T14:02:25.337891+00:00
[2023-11-04 14:02:25,349] {processor.py:171} INFO - Processing /home/airflow/.local/lib/python3.8/site-packages/airflow/example_dags/example_skip_dag.py took 0.100 seconds
[2023-11-04 14:04:48,108] {processor.py:163} INFO - Started process (PID=54) to work on /home/airflow/.local/lib/python3.8/site-packages/airflow/example_dags/example_skip_dag.py
[2023-11-04 14:04:48,112] {processor.py:642} INFO - Processing file /home/airflow/.local/lib/python3.8/site-packages/airflow/example_dags/example_skip_dag.py for tasks to queue
[2023-11-04 14:04:48,114] {logging_mixin.py:109} INFO - [2023-11-04 14:04:48,114] {dagbag.py:500} INFO - Filling up the DagBag from /home/airflow/.local/lib/python3.8/site-packages/airflow/example_dags/example_skip_dag.py
[2023-11-04 14:04:48,213] {processor.py:654} INFO - DAG(s) dict_keys(['example_skip_dag']) retrieved from /home/airflow/.local/lib/python3.8/site-packages/airflow/example_dags/example_skip_dag.py
[2023-11-04 14:04:48,235] {logging_mixin.py:109} INFO - [2023-11-04 14:04:48,235] {dag.py:2398} INFO - Sync 1 DAGs
[2023-11-04 14:04:48,265] {logging_mixin.py:109} INFO - [2023-11-04 14:04:48,265] {dag.py:2937} INFO - Setting next_dagrun for example_skip_dag to 2023-11-03T14:04:48.264815+00:00
[2023-11-04 14:04:48,292] {processor.py:171} INFO - Processing /home/airflow/.local/lib/python3.8/site-packages/airflow/example_dags/example_skip_dag.py took 0.191 seconds
[2023-11-04 14:05:19,089] {processor.py:163} INFO - Started process (PID=109) to work on /home/airflow/.local/lib/python3.8/site-packages/airflow/example_dags/example_skip_dag.py
[2023-11-04 14:05:19,092] {processor.py:642} INFO - Processing file /home/airflow/.local/lib/python3.8/site-packages/airflow/example_dags/example_skip_dag.py for tasks to queue
[2023-11-04 14:05:19,095] {logging_mixin.py:109} INFO - [2023-11-04 14:05:19,095] {dagbag.py:500} INFO - Filling up the DagBag from /home/airflow/.local/lib/python3.8/site-packages/airflow/example_dags/example_skip_dag.py
[2023-11-04 14:05:19,169] {processor.py:654} INFO - DAG(s) dict_keys(['example_skip_dag']) retrieved from /home/airflow/.local/lib/python3.8/site-packages/airflow/example_dags/example_skip_dag.py
[2023-11-04 14:05:19,202] {logging_mixin.py:109} INFO - [2023-11-04 14:05:19,201] {dag.py:2398} INFO - Sync 1 DAGs
[2023-11-04 14:05:19,236] {logging_mixin.py:109} INFO - [2023-11-04 14:05:19,235] {dag.py:2937} INFO - Setting next_dagrun for example_skip_dag to 2023-11-03T14:05:19.235163+00:00
[2023-11-04 14:05:19,271] {processor.py:171} INFO - Processing /home/airflow/.local/lib/python3.8/site-packages/airflow/example_dags/example_skip_dag.py took 0.188 seconds
[2023-11-04 14:05:50,087] {processor.py:163} INFO - Started process (PID=158) to work on /home/airflow/.local/lib/python3.8/site-packages/airflow/example_dags/example_skip_dag.py
[2023-11-04 14:05:50,089] {processor.py:642} INFO - Processing file /home/airflow/.local/lib/python3.8/site-packages/airflow/example_dags/example_skip_dag.py for tasks to queue
[2023-11-04 14:05:50,091] {logging_mixin.py:109} INFO - [2023-11-04 14:05:50,091] {dagbag.py:500} INFO - Filling up the DagBag from /home/airflow/.local/lib/python3.8/site-packages/airflow/example_dags/example_skip_dag.py
[2023-11-04 14:05:50,135] {processor.py:654} INFO - DAG(s) dict_keys(['example_skip_dag']) retrieved from /home/airflow/.local/lib/python3.8/site-packages/airflow/example_dags/example_skip_dag.py
[2023-11-04 14:05:50,150] {logging_mixin.py:109} INFO - [2023-11-04 14:05:50,150] {dag.py:2398} INFO - Sync 1 DAGs
[2023-11-04 14:05:50,171] {logging_mixin.py:109} INFO - [2023-11-04 14:05:50,171] {dag.py:2937} INFO - Setting next_dagrun for example_skip_dag to 2023-11-03T14:05:50.171169+00:00
[2023-11-04 14:05:50,183] {processor.py:171} INFO - Processing /home/airflow/.local/lib/python3.8/site-packages/airflow/example_dags/example_skip_dag.py took 0.101 seconds
[2023-11-04 14:06:20,512] {processor.py:163} INFO - Started process (PID=207) to work on /home/airflow/.local/lib/python3.8/site-packages/airflow/example_dags/example_skip_dag.py
[2023-11-04 14:06:20,515] {processor.py:642} INFO - Processing file /home/airflow/.local/lib/python3.8/site-packages/airflow/example_dags/example_skip_dag.py for tasks to queue
[2023-11-04 14:06:20,516] {logging_mixin.py:109} INFO - [2023-11-04 14:06:20,516] {dagbag.py:500} INFO - Filling up the DagBag from /home/airflow/.local/lib/python3.8/site-packages/airflow/example_dags/example_skip_dag.py
[2023-11-04 14:06:20,557] {processor.py:654} INFO - DAG(s) dict_keys(['example_skip_dag']) retrieved from /home/airflow/.local/lib/python3.8/site-packages/airflow/example_dags/example_skip_dag.py
[2023-11-04 14:06:20,572] {logging_mixin.py:109} INFO - [2023-11-04 14:06:20,572] {dag.py:2398} INFO - Sync 1 DAGs
[2023-11-04 14:06:20,599] {logging_mixin.py:109} INFO - [2023-11-04 14:06:20,599] {dag.py:2937} INFO - Setting next_dagrun for example_skip_dag to 2023-11-03T14:06:20.599115+00:00
[2023-11-04 14:06:20,612] {processor.py:171} INFO - Processing /home/airflow/.local/lib/python3.8/site-packages/airflow/example_dags/example_skip_dag.py took 0.105 seconds
[2023-11-04 14:06:51,001] {processor.py:163} INFO - Started process (PID=264) to work on /home/airflow/.local/lib/python3.8/site-packages/airflow/example_dags/example_skip_dag.py
[2023-11-04 14:06:51,004] {processor.py:642} INFO - Processing file /home/airflow/.local/lib/python3.8/site-packages/airflow/example_dags/example_skip_dag.py for tasks to queue
[2023-11-04 14:06:51,006] {logging_mixin.py:109} INFO - [2023-11-04 14:06:51,006] {dagbag.py:500} INFO - Filling up the DagBag from /home/airflow/.local/lib/python3.8/site-packages/airflow/example_dags/example_skip_dag.py
[2023-11-04 14:06:51,058] {processor.py:654} INFO - DAG(s) dict_keys(['example_skip_dag']) retrieved from /home/airflow/.local/lib/python3.8/site-packages/airflow/example_dags/example_skip_dag.py
[2023-11-04 14:06:51,077] {logging_mixin.py:109} INFO - [2023-11-04 14:06:51,077] {dag.py:2398} INFO - Sync 1 DAGs
[2023-11-04 14:06:51,109] {logging_mixin.py:109} INFO - [2023-11-04 14:06:51,109] {dag.py:2937} INFO - Setting next_dagrun for example_skip_dag to 2023-11-03T14:06:51.109356+00:00
[2023-11-04 14:06:51,124] {processor.py:171} INFO - Processing /home/airflow/.local/lib/python3.8/site-packages/airflow/example_dags/example_skip_dag.py took 0.128 seconds
[2023-11-04 14:07:21,389] {processor.py:163} INFO - Started process (PID=313) to work on /home/airflow/.local/lib/python3.8/site-packages/airflow/example_dags/example_skip_dag.py
[2023-11-04 14:07:21,392] {processor.py:642} INFO - Processing file /home/airflow/.local/lib/python3.8/site-packages/airflow/example_dags/example_skip_dag.py for tasks to queue
[2023-11-04 14:07:21,393] {logging_mixin.py:109} INFO - [2023-11-04 14:07:21,393] {dagbag.py:500} INFO - Filling up the DagBag from /home/airflow/.local/lib/python3.8/site-packages/airflow/example_dags/example_skip_dag.py
[2023-11-04 14:07:21,441] {processor.py:654} INFO - DAG(s) dict_keys(['example_skip_dag']) retrieved from /home/airflow/.local/lib/python3.8/site-packages/airflow/example_dags/example_skip_dag.py
[2023-11-04 14:07:21,459] {logging_mixin.py:109} INFO - [2023-11-04 14:07:21,458] {dag.py:2398} INFO - Sync 1 DAGs
[2023-11-04 14:07:21,480] {logging_mixin.py:109} INFO - [2023-11-04 14:07:21,480] {dag.py:2937} INFO - Setting next_dagrun for example_skip_dag to 2023-11-03T14:07:21.479925+00:00
[2023-11-04 14:07:21,494] {processor.py:171} INFO - Processing /home/airflow/.local/lib/python3.8/site-packages/airflow/example_dags/example_skip_dag.py took 0.110 seconds
[2023-11-04 14:07:52,153] {processor.py:163} INFO - Started process (PID=361) to work on /home/airflow/.local/lib/python3.8/site-packages/airflow/example_dags/example_skip_dag.py
[2023-11-04 14:07:52,156] {processor.py:642} INFO - Processing file /home/airflow/.local/lib/python3.8/site-packages/airflow/example_dags/example_skip_dag.py for tasks to queue
[2023-11-04 14:07:52,158] {logging_mixin.py:109} INFO - [2023-11-04 14:07:52,158] {dagbag.py:500} INFO - Filling up the DagBag from /home/airflow/.local/lib/python3.8/site-packages/airflow/example_dags/example_skip_dag.py
[2023-11-04 14:07:52,203] {processor.py:654} INFO - DAG(s) dict_keys(['example_skip_dag']) retrieved from /home/airflow/.local/lib/python3.8/site-packages/airflow/example_dags/example_skip_dag.py
[2023-11-04 14:07:52,218] {logging_mixin.py:109} INFO - [2023-11-04 14:07:52,217] {dag.py:2398} INFO - Sync 1 DAGs
[2023-11-04 14:07:52,237] {logging_mixin.py:109} INFO - [2023-11-04 14:07:52,237] {dag.py:2937} INFO - Setting next_dagrun for example_skip_dag to 2023-11-03T14:07:52.237351+00:00
[2023-11-04 14:07:52,249] {processor.py:171} INFO - Processing /home/airflow/.local/lib/python3.8/site-packages/airflow/example_dags/example_skip_dag.py took 0.104 seconds
[2023-11-04 14:08:23,198] {processor.py:163} INFO - Started process (PID=418) to work on /home/airflow/.local/lib/python3.8/site-packages/airflow/example_dags/example_skip_dag.py
[2023-11-04 14:08:23,200] {processor.py:642} INFO - Processing file /home/airflow/.local/lib/python3.8/site-packages/airflow/example_dags/example_skip_dag.py for tasks to queue
[2023-11-04 14:08:23,202] {logging_mixin.py:109} INFO - [2023-11-04 14:08:23,202] {dagbag.py:500} INFO - Filling up the DagBag from /home/airflow/.local/lib/python3.8/site-packages/airflow/example_dags/example_skip_dag.py
[2023-11-04 14:08:23,247] {processor.py:654} INFO - DAG(s) dict_keys(['example_skip_dag']) retrieved from /home/airflow/.local/lib/python3.8/site-packages/airflow/example_dags/example_skip_dag.py
[2023-11-04 14:08:23,262] {logging_mixin.py:109} INFO - [2023-11-04 14:08:23,262] {dag.py:2398} INFO - Sync 1 DAGs
[2023-11-04 14:08:23,282] {logging_mixin.py:109} INFO - [2023-11-04 14:08:23,282] {dag.py:2937} INFO - Setting next_dagrun for example_skip_dag to 2023-11-03T14:08:23.281717+00:00
[2023-11-04 14:08:23,293] {processor.py:171} INFO - Processing /home/airflow/.local/lib/python3.8/site-packages/airflow/example_dags/example_skip_dag.py took 0.101 seconds
[2023-11-04 14:08:53,689] {processor.py:163} INFO - Started process (PID=467) to work on /home/airflow/.local/lib/python3.8/site-packages/airflow/example_dags/example_skip_dag.py
[2023-11-04 14:08:53,691] {processor.py:642} INFO - Processing file /home/airflow/.local/lib/python3.8/site-packages/airflow/example_dags/example_skip_dag.py for tasks to queue
[2023-11-04 14:08:53,694] {logging_mixin.py:109} INFO - [2023-11-04 14:08:53,693] {dagbag.py:500} INFO - Filling up the DagBag from /home/airflow/.local/lib/python3.8/site-packages/airflow/example_dags/example_skip_dag.py
[2023-11-04 14:08:53,741] {processor.py:654} INFO - DAG(s) dict_keys(['example_skip_dag']) retrieved from /home/airflow/.local/lib/python3.8/site-packages/airflow/example_dags/example_skip_dag.py
[2023-11-04 14:08:53,759] {logging_mixin.py:109} INFO - [2023-11-04 14:08:53,758] {dag.py:2398} INFO - Sync 1 DAGs
[2023-11-04 14:08:53,789] {logging_mixin.py:109} INFO - [2023-11-04 14:08:53,789] {dag.py:2937} INFO - Setting next_dagrun for example_skip_dag to 2023-11-03T14:08:53.788542+00:00
[2023-11-04 14:08:53,806] {processor.py:171} INFO - Processing /home/airflow/.local/lib/python3.8/site-packages/airflow/example_dags/example_skip_dag.py took 0.124 seconds
[2023-11-04 14:09:24,050] {processor.py:163} INFO - Started process (PID=524) to work on /home/airflow/.local/lib/python3.8/site-packages/airflow/example_dags/example_skip_dag.py
[2023-11-04 14:09:24,052] {processor.py:642} INFO - Processing file /home/airflow/.local/lib/python3.8/site-packages/airflow/example_dags/example_skip_dag.py for tasks to queue
[2023-11-04 14:09:24,054] {logging_mixin.py:109} INFO - [2023-11-04 14:09:24,054] {dagbag.py:500} INFO - Filling up the DagBag from /home/airflow/.local/lib/python3.8/site-packages/airflow/example_dags/example_skip_dag.py
[2023-11-04 14:09:24,101] {processor.py:654} INFO - DAG(s) dict_keys(['example_skip_dag']) retrieved from /home/airflow/.local/lib/python3.8/site-packages/airflow/example_dags/example_skip_dag.py
[2023-11-04 14:09:24,120] {logging_mixin.py:109} INFO - [2023-11-04 14:09:24,119] {dag.py:2398} INFO - Sync 1 DAGs
[2023-11-04 14:09:24,144] {logging_mixin.py:109} INFO - [2023-11-04 14:09:24,144] {dag.py:2937} INFO - Setting next_dagrun for example_skip_dag to 2023-11-03T14:09:24.143752+00:00
[2023-11-04 14:09:24,163] {processor.py:171} INFO - Processing /home/airflow/.local/lib/python3.8/site-packages/airflow/example_dags/example_skip_dag.py took 0.119 seconds
[2023-11-04 14:09:55,188] {processor.py:163} INFO - Started process (PID=573) to work on /home/airflow/.local/lib/python3.8/site-packages/airflow/example_dags/example_skip_dag.py
[2023-11-04 14:09:55,191] {processor.py:642} INFO - Processing file /home/airflow/.local/lib/python3.8/site-packages/airflow/example_dags/example_skip_dag.py for tasks to queue
[2023-11-04 14:09:55,193] {logging_mixin.py:109} INFO - [2023-11-04 14:09:55,192] {dagbag.py:500} INFO - Filling up the DagBag from /home/airflow/.local/lib/python3.8/site-packages/airflow/example_dags/example_skip_dag.py
[2023-11-04 14:09:55,234] {processor.py:654} INFO - DAG(s) dict_keys(['example_skip_dag']) retrieved from /home/airflow/.local/lib/python3.8/site-packages/airflow/example_dags/example_skip_dag.py
[2023-11-04 14:09:55,249] {logging_mixin.py:109} INFO - [2023-11-04 14:09:55,249] {dag.py:2398} INFO - Sync 1 DAGs
[2023-11-04 14:09:55,270] {logging_mixin.py:109} INFO - [2023-11-04 14:09:55,270] {dag.py:2937} INFO - Setting next_dagrun for example_skip_dag to 2023-11-03T14:09:55.269931+00:00
[2023-11-04 14:09:55,282] {processor.py:171} INFO - Processing /home/airflow/.local/lib/python3.8/site-packages/airflow/example_dags/example_skip_dag.py took 0.098 seconds
[2023-11-04 14:10:26,394] {processor.py:163} INFO - Started process (PID=622) to work on /home/airflow/.local/lib/python3.8/site-packages/airflow/example_dags/example_skip_dag.py
[2023-11-04 14:10:26,397] {processor.py:642} INFO - Processing file /home/airflow/.local/lib/python3.8/site-packages/airflow/example_dags/example_skip_dag.py for tasks to queue
[2023-11-04 14:10:26,398] {logging_mixin.py:109} INFO - [2023-11-04 14:10:26,398] {dagbag.py:500} INFO - Filling up the DagBag from /home/airflow/.local/lib/python3.8/site-packages/airflow/example_dags/example_skip_dag.py
[2023-11-04 14:10:26,448] {processor.py:654} INFO - DAG(s) dict_keys(['example_skip_dag']) retrieved from /home/airflow/.local/lib/python3.8/site-packages/airflow/example_dags/example_skip_dag.py
[2023-11-04 14:10:26,465] {logging_mixin.py:109} INFO - [2023-11-04 14:10:26,465] {dag.py:2398} INFO - Sync 1 DAGs
[2023-11-04 14:10:26,487] {logging_mixin.py:109} INFO - [2023-11-04 14:10:26,487] {dag.py:2937} INFO - Setting next_dagrun for example_skip_dag to 2023-11-03T14:10:26.486795+00:00
[2023-11-04 14:10:26,500] {processor.py:171} INFO - Processing /home/airflow/.local/lib/python3.8/site-packages/airflow/example_dags/example_skip_dag.py took 0.112 seconds
[2023-11-04 14:11:50,805] {processor.py:163} INFO - Started process (PID=55) to work on /home/airflow/.local/lib/python3.8/site-packages/airflow/example_dags/example_skip_dag.py
[2023-11-04 14:11:50,807] {processor.py:642} INFO - Processing file /home/airflow/.local/lib/python3.8/site-packages/airflow/example_dags/example_skip_dag.py for tasks to queue
[2023-11-04 14:11:50,809] {logging_mixin.py:109} INFO - [2023-11-04 14:11:50,809] {dagbag.py:500} INFO - Filling up the DagBag from /home/airflow/.local/lib/python3.8/site-packages/airflow/example_dags/example_skip_dag.py
[2023-11-04 14:11:50,859] {processor.py:654} INFO - DAG(s) dict_keys(['example_skip_dag']) retrieved from /home/airflow/.local/lib/python3.8/site-packages/airflow/example_dags/example_skip_dag.py
[2023-11-04 14:11:50,873] {logging_mixin.py:109} INFO - [2023-11-04 14:11:50,873] {dag.py:2398} INFO - Sync 1 DAGs
[2023-11-04 14:11:50,894] {logging_mixin.py:109} INFO - [2023-11-04 14:11:50,893] {dag.py:2937} INFO - Setting next_dagrun for example_skip_dag to 2023-11-03T14:11:50.893429+00:00
[2023-11-04 14:11:50,905] {processor.py:171} INFO - Processing /home/airflow/.local/lib/python3.8/site-packages/airflow/example_dags/example_skip_dag.py took 0.106 seconds
[2023-11-04 14:12:21,394] {processor.py:163} INFO - Started process (PID=103) to work on /home/airflow/.local/lib/python3.8/site-packages/airflow/example_dags/example_skip_dag.py
[2023-11-04 14:12:21,398] {processor.py:642} INFO - Processing file /home/airflow/.local/lib/python3.8/site-packages/airflow/example_dags/example_skip_dag.py for tasks to queue
[2023-11-04 14:12:21,401] {logging_mixin.py:109} INFO - [2023-11-04 14:12:21,400] {dagbag.py:500} INFO - Filling up the DagBag from /home/airflow/.local/lib/python3.8/site-packages/airflow/example_dags/example_skip_dag.py
[2023-11-04 14:12:21,451] {processor.py:654} INFO - DAG(s) dict_keys(['example_skip_dag']) retrieved from /home/airflow/.local/lib/python3.8/site-packages/airflow/example_dags/example_skip_dag.py
[2023-11-04 14:12:21,468] {logging_mixin.py:109} INFO - [2023-11-04 14:12:21,467] {dag.py:2398} INFO - Sync 1 DAGs
[2023-11-04 14:12:21,489] {logging_mixin.py:109} INFO - [2023-11-04 14:12:21,489] {dag.py:2937} INFO - Setting next_dagrun for example_skip_dag to 2023-11-03T14:12:21.488717+00:00
[2023-11-04 14:12:21,502] {processor.py:171} INFO - Processing /home/airflow/.local/lib/python3.8/site-packages/airflow/example_dags/example_skip_dag.py took 0.116 seconds
[2023-11-04 14:12:52,731] {processor.py:163} INFO - Started process (PID=160) to work on /home/airflow/.local/lib/python3.8/site-packages/airflow/example_dags/example_skip_dag.py
[2023-11-04 14:12:52,734] {processor.py:642} INFO - Processing file /home/airflow/.local/lib/python3.8/site-packages/airflow/example_dags/example_skip_dag.py for tasks to queue
[2023-11-04 14:12:52,736] {logging_mixin.py:109} INFO - [2023-11-04 14:12:52,736] {dagbag.py:500} INFO - Filling up the DagBag from /home/airflow/.local/lib/python3.8/site-packages/airflow/example_dags/example_skip_dag.py
[2023-11-04 14:12:52,782] {processor.py:654} INFO - DAG(s) dict_keys(['example_skip_dag']) retrieved from /home/airflow/.local/lib/python3.8/site-packages/airflow/example_dags/example_skip_dag.py
[2023-11-04 14:12:52,809] {logging_mixin.py:109} INFO - [2023-11-04 14:12:52,809] {dag.py:2398} INFO - Sync 1 DAGs
[2023-11-04 14:12:52,833] {logging_mixin.py:109} INFO - [2023-11-04 14:12:52,832] {dag.py:2937} INFO - Setting next_dagrun for example_skip_dag to 2023-11-03T14:12:52.832437+00:00
[2023-11-04 14:12:52,845] {processor.py:171} INFO - Processing /home/airflow/.local/lib/python3.8/site-packages/airflow/example_dags/example_skip_dag.py took 0.120 seconds
[2023-11-04 14:13:23,200] {processor.py:163} INFO - Started process (PID=209) to work on /home/airflow/.local/lib/python3.8/site-packages/airflow/example_dags/example_skip_dag.py
[2023-11-04 14:13:23,204] {processor.py:642} INFO - Processing file /home/airflow/.local/lib/python3.8/site-packages/airflow/example_dags/example_skip_dag.py for tasks to queue
[2023-11-04 14:13:23,208] {logging_mixin.py:109} INFO - [2023-11-04 14:13:23,208] {dagbag.py:500} INFO - Filling up the DagBag from /home/airflow/.local/lib/python3.8/site-packages/airflow/example_dags/example_skip_dag.py
[2023-11-04 14:13:23,278] {processor.py:654} INFO - DAG(s) dict_keys(['example_skip_dag']) retrieved from /home/airflow/.local/lib/python3.8/site-packages/airflow/example_dags/example_skip_dag.py
[2023-11-04 14:13:23,296] {logging_mixin.py:109} INFO - [2023-11-04 14:13:23,296] {dag.py:2398} INFO - Sync 1 DAGs
[2023-11-04 14:13:23,318] {logging_mixin.py:109} INFO - [2023-11-04 14:13:23,318] {dag.py:2937} INFO - Setting next_dagrun for example_skip_dag to 2023-11-03T14:13:23.318231+00:00
[2023-11-04 14:13:23,333] {processor.py:171} INFO - Processing /home/airflow/.local/lib/python3.8/site-packages/airflow/example_dags/example_skip_dag.py took 0.143 seconds
[2023-11-04 14:13:53,932] {processor.py:163} INFO - Started process (PID=266) to work on /home/airflow/.local/lib/python3.8/site-packages/airflow/example_dags/example_skip_dag.py
[2023-11-04 14:13:53,936] {processor.py:642} INFO - Processing file /home/airflow/.local/lib/python3.8/site-packages/airflow/example_dags/example_skip_dag.py for tasks to queue
[2023-11-04 14:13:53,938] {logging_mixin.py:109} INFO - [2023-11-04 14:13:53,938] {dagbag.py:500} INFO - Filling up the DagBag from /home/airflow/.local/lib/python3.8/site-packages/airflow/example_dags/example_skip_dag.py
[2023-11-04 14:13:54,043] {processor.py:654} INFO - DAG(s) dict_keys(['example_skip_dag']) retrieved from /home/airflow/.local/lib/python3.8/site-packages/airflow/example_dags/example_skip_dag.py
[2023-11-04 14:13:54,089] {logging_mixin.py:109} INFO - [2023-11-04 14:13:54,088] {dag.py:2398} INFO - Sync 1 DAGs
[2023-11-04 14:13:54,122] {logging_mixin.py:109} INFO - [2023-11-04 14:13:54,121] {dag.py:2937} INFO - Setting next_dagrun for example_skip_dag to 2023-11-03T14:13:54.120630+00:00
[2023-11-04 14:13:54,146] {processor.py:171} INFO - Processing /home/airflow/.local/lib/python3.8/site-packages/airflow/example_dags/example_skip_dag.py took 0.230 seconds
[2023-11-04 14:14:24,641] {processor.py:163} INFO - Started process (PID=315) to work on /home/airflow/.local/lib/python3.8/site-packages/airflow/example_dags/example_skip_dag.py
[2023-11-04 14:14:24,646] {processor.py:642} INFO - Processing file /home/airflow/.local/lib/python3.8/site-packages/airflow/example_dags/example_skip_dag.py for tasks to queue
[2023-11-04 14:14:24,648] {logging_mixin.py:109} INFO - [2023-11-04 14:14:24,648] {dagbag.py:500} INFO - Filling up the DagBag from /home/airflow/.local/lib/python3.8/site-packages/airflow/example_dags/example_skip_dag.py
[2023-11-04 14:14:24,712] {processor.py:654} INFO - DAG(s) dict_keys(['example_skip_dag']) retrieved from /home/airflow/.local/lib/python3.8/site-packages/airflow/example_dags/example_skip_dag.py
[2023-11-04 14:14:24,737] {logging_mixin.py:109} INFO - [2023-11-04 14:14:24,736] {dag.py:2398} INFO - Sync 1 DAGs
[2023-11-04 14:14:24,759] {logging_mixin.py:109} INFO - [2023-11-04 14:14:24,759] {dag.py:2937} INFO - Setting next_dagrun for example_skip_dag to 2023-11-03T14:14:24.758701+00:00
[2023-11-04 14:14:24,780] {processor.py:171} INFO - Processing /home/airflow/.local/lib/python3.8/site-packages/airflow/example_dags/example_skip_dag.py took 0.150 seconds
[2023-11-04 14:14:55,247] {processor.py:163} INFO - Started process (PID=364) to work on /home/airflow/.local/lib/python3.8/site-packages/airflow/example_dags/example_skip_dag.py
[2023-11-04 14:14:55,251] {processor.py:642} INFO - Processing file /home/airflow/.local/lib/python3.8/site-packages/airflow/example_dags/example_skip_dag.py for tasks to queue
[2023-11-04 14:14:55,252] {logging_mixin.py:109} INFO - [2023-11-04 14:14:55,252] {dagbag.py:500} INFO - Filling up the DagBag from /home/airflow/.local/lib/python3.8/site-packages/airflow/example_dags/example_skip_dag.py
[2023-11-04 14:14:55,307] {processor.py:654} INFO - DAG(s) dict_keys(['example_skip_dag']) retrieved from /home/airflow/.local/lib/python3.8/site-packages/airflow/example_dags/example_skip_dag.py
[2023-11-04 14:14:55,325] {logging_mixin.py:109} INFO - [2023-11-04 14:14:55,325] {dag.py:2398} INFO - Sync 1 DAGs
[2023-11-04 14:14:55,361] {logging_mixin.py:109} INFO - [2023-11-04 14:14:55,361] {dag.py:2937} INFO - Setting next_dagrun for example_skip_dag to 2023-11-03T14:14:55.360568+00:00
[2023-11-04 14:14:55,374] {processor.py:171} INFO - Processing /home/airflow/.local/lib/python3.8/site-packages/airflow/example_dags/example_skip_dag.py took 0.133 seconds
[2023-11-04 14:15:25,641] {processor.py:163} INFO - Started process (PID=421) to work on /home/airflow/.local/lib/python3.8/site-packages/airflow/example_dags/example_skip_dag.py
[2023-11-04 14:15:25,643] {processor.py:642} INFO - Processing file /home/airflow/.local/lib/python3.8/site-packages/airflow/example_dags/example_skip_dag.py for tasks to queue
[2023-11-04 14:15:25,645] {logging_mixin.py:109} INFO - [2023-11-04 14:15:25,645] {dagbag.py:500} INFO - Filling up the DagBag from /home/airflow/.local/lib/python3.8/site-packages/airflow/example_dags/example_skip_dag.py
[2023-11-04 14:15:25,689] {processor.py:654} INFO - DAG(s) dict_keys(['example_skip_dag']) retrieved from /home/airflow/.local/lib/python3.8/site-packages/airflow/example_dags/example_skip_dag.py
[2023-11-04 14:15:25,706] {logging_mixin.py:109} INFO - [2023-11-04 14:15:25,706] {dag.py:2398} INFO - Sync 1 DAGs
[2023-11-04 14:15:25,729] {logging_mixin.py:109} INFO - [2023-11-04 14:15:25,729] {dag.py:2937} INFO - Setting next_dagrun for example_skip_dag to 2023-11-03T14:15:25.729155+00:00
[2023-11-04 14:15:25,742] {processor.py:171} INFO - Processing /home/airflow/.local/lib/python3.8/site-packages/airflow/example_dags/example_skip_dag.py took 0.107 seconds
[2023-11-04 14:15:55,845] {processor.py:163} INFO - Started process (PID=470) to work on /home/airflow/.local/lib/python3.8/site-packages/airflow/example_dags/example_skip_dag.py
[2023-11-04 14:15:55,847] {processor.py:642} INFO - Processing file /home/airflow/.local/lib/python3.8/site-packages/airflow/example_dags/example_skip_dag.py for tasks to queue
[2023-11-04 14:15:55,849] {logging_mixin.py:109} INFO - [2023-11-04 14:15:55,849] {dagbag.py:500} INFO - Filling up the DagBag from /home/airflow/.local/lib/python3.8/site-packages/airflow/example_dags/example_skip_dag.py
[2023-11-04 14:15:55,893] {processor.py:654} INFO - DAG(s) dict_keys(['example_skip_dag']) retrieved from /home/airflow/.local/lib/python3.8/site-packages/airflow/example_dags/example_skip_dag.py
[2023-11-04 14:15:55,908] {logging_mixin.py:109} INFO - [2023-11-04 14:15:55,908] {dag.py:2398} INFO - Sync 1 DAGs
[2023-11-04 14:15:55,935] {logging_mixin.py:109} INFO - [2023-11-04 14:15:55,935] {dag.py:2937} INFO - Setting next_dagrun for example_skip_dag to 2023-11-03T14:15:55.934896+00:00
[2023-11-04 14:15:55,953] {processor.py:171} INFO - Processing /home/airflow/.local/lib/python3.8/site-packages/airflow/example_dags/example_skip_dag.py took 0.113 seconds
[2023-11-04 14:16:27,183] {processor.py:163} INFO - Started process (PID=526) to work on /home/airflow/.local/lib/python3.8/site-packages/airflow/example_dags/example_skip_dag.py
[2023-11-04 14:16:27,187] {processor.py:642} INFO - Processing file /home/airflow/.local/lib/python3.8/site-packages/airflow/example_dags/example_skip_dag.py for tasks to queue
[2023-11-04 14:16:27,189] {logging_mixin.py:109} INFO - [2023-11-04 14:16:27,188] {dagbag.py:500} INFO - Filling up the DagBag from /home/airflow/.local/lib/python3.8/site-packages/airflow/example_dags/example_skip_dag.py
[2023-11-04 14:16:27,236] {processor.py:654} INFO - DAG(s) dict_keys(['example_skip_dag']) retrieved from /home/airflow/.local/lib/python3.8/site-packages/airflow/example_dags/example_skip_dag.py
[2023-11-04 14:16:27,252] {logging_mixin.py:109} INFO - [2023-11-04 14:16:27,252] {dag.py:2398} INFO - Sync 1 DAGs
[2023-11-04 14:16:27,276] {logging_mixin.py:109} INFO - [2023-11-04 14:16:27,276] {dag.py:2937} INFO - Setting next_dagrun for example_skip_dag to 2023-11-03T14:16:27.276024+00:00
[2023-11-04 14:16:27,296] {processor.py:171} INFO - Processing /home/airflow/.local/lib/python3.8/site-packages/airflow/example_dags/example_skip_dag.py took 0.118 seconds
[2023-11-04 14:16:58,082] {processor.py:163} INFO - Started process (PID=576) to work on /home/airflow/.local/lib/python3.8/site-packages/airflow/example_dags/example_skip_dag.py
[2023-11-04 14:16:58,084] {processor.py:642} INFO - Processing file /home/airflow/.local/lib/python3.8/site-packages/airflow/example_dags/example_skip_dag.py for tasks to queue
[2023-11-04 14:16:58,088] {logging_mixin.py:109} INFO - [2023-11-04 14:16:58,088] {dagbag.py:500} INFO - Filling up the DagBag from /home/airflow/.local/lib/python3.8/site-packages/airflow/example_dags/example_skip_dag.py
[2023-11-04 14:16:58,133] {processor.py:654} INFO - DAG(s) dict_keys(['example_skip_dag']) retrieved from /home/airflow/.local/lib/python3.8/site-packages/airflow/example_dags/example_skip_dag.py
[2023-11-04 14:16:58,150] {logging_mixin.py:109} INFO - [2023-11-04 14:16:58,150] {dag.py:2398} INFO - Sync 1 DAGs
[2023-11-04 14:16:58,173] {logging_mixin.py:109} INFO - [2023-11-04 14:16:58,173] {dag.py:2937} INFO - Setting next_dagrun for example_skip_dag to 2023-11-03T14:16:58.173092+00:00
[2023-11-04 14:16:58,187] {processor.py:171} INFO - Processing /home/airflow/.local/lib/python3.8/site-packages/airflow/example_dags/example_skip_dag.py took 0.111 seconds
[2023-11-04 14:17:29,309] {processor.py:163} INFO - Started process (PID=625) to work on /home/airflow/.local/lib/python3.8/site-packages/airflow/example_dags/example_skip_dag.py
[2023-11-04 14:17:29,312] {processor.py:642} INFO - Processing file /home/airflow/.local/lib/python3.8/site-packages/airflow/example_dags/example_skip_dag.py for tasks to queue
[2023-11-04 14:17:29,314] {logging_mixin.py:109} INFO - [2023-11-04 14:17:29,314] {dagbag.py:500} INFO - Filling up the DagBag from /home/airflow/.local/lib/python3.8/site-packages/airflow/example_dags/example_skip_dag.py
[2023-11-04 14:17:29,375] {processor.py:654} INFO - DAG(s) dict_keys(['example_skip_dag']) retrieved from /home/airflow/.local/lib/python3.8/site-packages/airflow/example_dags/example_skip_dag.py
[2023-11-04 14:17:29,399] {logging_mixin.py:109} INFO - [2023-11-04 14:17:29,399] {dag.py:2398} INFO - Sync 1 DAGs
[2023-11-04 14:17:29,428] {logging_mixin.py:109} INFO - [2023-11-04 14:17:29,428] {dag.py:2937} INFO - Setting next_dagrun for example_skip_dag to 2023-11-03T14:17:29.427697+00:00
[2023-11-04 14:17:29,444] {processor.py:171} INFO - Processing /home/airflow/.local/lib/python3.8/site-packages/airflow/example_dags/example_skip_dag.py took 0.142 seconds
[2023-11-04 14:17:59,831] {processor.py:163} INFO - Started process (PID=682) to work on /home/airflow/.local/lib/python3.8/site-packages/airflow/example_dags/example_skip_dag.py
[2023-11-04 14:17:59,834] {processor.py:642} INFO - Processing file /home/airflow/.local/lib/python3.8/site-packages/airflow/example_dags/example_skip_dag.py for tasks to queue
[2023-11-04 14:17:59,835] {logging_mixin.py:109} INFO - [2023-11-04 14:17:59,835] {dagbag.py:500} INFO - Filling up the DagBag from /home/airflow/.local/lib/python3.8/site-packages/airflow/example_dags/example_skip_dag.py
[2023-11-04 14:17:59,884] {processor.py:654} INFO - DAG(s) dict_keys(['example_skip_dag']) retrieved from /home/airflow/.local/lib/python3.8/site-packages/airflow/example_dags/example_skip_dag.py
[2023-11-04 14:17:59,902] {logging_mixin.py:109} INFO - [2023-11-04 14:17:59,902] {dag.py:2398} INFO - Sync 1 DAGs
[2023-11-04 14:17:59,930] {logging_mixin.py:109} INFO - [2023-11-04 14:17:59,929] {dag.py:2937} INFO - Setting next_dagrun for example_skip_dag to 2023-11-03T14:17:59.929523+00:00
[2023-11-04 14:17:59,946] {processor.py:171} INFO - Processing /home/airflow/.local/lib/python3.8/site-packages/airflow/example_dags/example_skip_dag.py took 0.120 seconds
[2023-11-04 14:18:30,743] {processor.py:163} INFO - Started process (PID=731) to work on /home/airflow/.local/lib/python3.8/site-packages/airflow/example_dags/example_skip_dag.py
[2023-11-04 14:18:30,748] {processor.py:642} INFO - Processing file /home/airflow/.local/lib/python3.8/site-packages/airflow/example_dags/example_skip_dag.py for tasks to queue
[2023-11-04 14:18:30,749] {logging_mixin.py:109} INFO - [2023-11-04 14:18:30,749] {dagbag.py:500} INFO - Filling up the DagBag from /home/airflow/.local/lib/python3.8/site-packages/airflow/example_dags/example_skip_dag.py
[2023-11-04 14:18:30,797] {processor.py:654} INFO - DAG(s) dict_keys(['example_skip_dag']) retrieved from /home/airflow/.local/lib/python3.8/site-packages/airflow/example_dags/example_skip_dag.py
[2023-11-04 14:18:30,812] {logging_mixin.py:109} INFO - [2023-11-04 14:18:30,811] {dag.py:2398} INFO - Sync 1 DAGs
[2023-11-04 14:18:30,834] {logging_mixin.py:109} INFO - [2023-11-04 14:18:30,834] {dag.py:2937} INFO - Setting next_dagrun for example_skip_dag to 2023-11-03T14:18:30.833812+00:00
[2023-11-04 14:18:30,847] {processor.py:171} INFO - Processing /home/airflow/.local/lib/python3.8/site-packages/airflow/example_dags/example_skip_dag.py took 0.109 seconds
[2023-11-04 14:19:02,105] {processor.py:163} INFO - Started process (PID=788) to work on /home/airflow/.local/lib/python3.8/site-packages/airflow/example_dags/example_skip_dag.py
[2023-11-04 14:19:02,108] {processor.py:642} INFO - Processing file /home/airflow/.local/lib/python3.8/site-packages/airflow/example_dags/example_skip_dag.py for tasks to queue
[2023-11-04 14:19:02,110] {logging_mixin.py:109} INFO - [2023-11-04 14:19:02,109] {dagbag.py:500} INFO - Filling up the DagBag from /home/airflow/.local/lib/python3.8/site-packages/airflow/example_dags/example_skip_dag.py
[2023-11-04 14:19:02,161] {processor.py:654} INFO - DAG(s) dict_keys(['example_skip_dag']) retrieved from /home/airflow/.local/lib/python3.8/site-packages/airflow/example_dags/example_skip_dag.py
[2023-11-04 14:19:02,180] {logging_mixin.py:109} INFO - [2023-11-04 14:19:02,180] {dag.py:2398} INFO - Sync 1 DAGs
[2023-11-04 14:19:02,204] {logging_mixin.py:109} INFO - [2023-11-04 14:19:02,203] {dag.py:2937} INFO - Setting next_dagrun for example_skip_dag to 2023-11-03T14:19:02.203541+00:00
[2023-11-04 14:19:02,219] {processor.py:171} INFO - Processing /home/airflow/.local/lib/python3.8/site-packages/airflow/example_dags/example_skip_dag.py took 0.121 seconds
[2023-11-04 14:19:33,384] {processor.py:163} INFO - Started process (PID=838) to work on /home/airflow/.local/lib/python3.8/site-packages/airflow/example_dags/example_skip_dag.py
[2023-11-04 14:19:33,388] {processor.py:642} INFO - Processing file /home/airflow/.local/lib/python3.8/site-packages/airflow/example_dags/example_skip_dag.py for tasks to queue
[2023-11-04 14:19:33,391] {logging_mixin.py:109} INFO - [2023-11-04 14:19:33,391] {dagbag.py:500} INFO - Filling up the DagBag from /home/airflow/.local/lib/python3.8/site-packages/airflow/example_dags/example_skip_dag.py
[2023-11-04 14:19:33,447] {processor.py:654} INFO - DAG(s) dict_keys(['example_skip_dag']) retrieved from /home/airflow/.local/lib/python3.8/site-packages/airflow/example_dags/example_skip_dag.py
[2023-11-04 14:19:33,464] {logging_mixin.py:109} INFO - [2023-11-04 14:19:33,464] {dag.py:2398} INFO - Sync 1 DAGs
[2023-11-04 14:19:33,485] {logging_mixin.py:109} INFO - [2023-11-04 14:19:33,485] {dag.py:2937} INFO - Setting next_dagrun for example_skip_dag to 2023-11-03T14:19:33.485130+00:00
[2023-11-04 14:19:33,498] {processor.py:171} INFO - Processing /home/airflow/.local/lib/python3.8/site-packages/airflow/example_dags/example_skip_dag.py took 0.122 seconds
[2023-11-04 14:20:04,169] {processor.py:163} INFO - Started process (PID=887) to work on /home/airflow/.local/lib/python3.8/site-packages/airflow/example_dags/example_skip_dag.py
[2023-11-04 14:20:04,172] {processor.py:642} INFO - Processing file /home/airflow/.local/lib/python3.8/site-packages/airflow/example_dags/example_skip_dag.py for tasks to queue
[2023-11-04 14:20:04,174] {logging_mixin.py:109} INFO - [2023-11-04 14:20:04,174] {dagbag.py:500} INFO - Filling up the DagBag from /home/airflow/.local/lib/python3.8/site-packages/airflow/example_dags/example_skip_dag.py
[2023-11-04 14:20:04,223] {processor.py:654} INFO - DAG(s) dict_keys(['example_skip_dag']) retrieved from /home/airflow/.local/lib/python3.8/site-packages/airflow/example_dags/example_skip_dag.py
[2023-11-04 14:20:04,258] {logging_mixin.py:109} INFO - [2023-11-04 14:20:04,258] {dag.py:2398} INFO - Sync 1 DAGs
[2023-11-04 14:20:04,309] {logging_mixin.py:109} INFO - [2023-11-04 14:20:04,309] {dag.py:2937} INFO - Setting next_dagrun for example_skip_dag to 2023-11-03T14:20:04.308898+00:00
[2023-11-04 14:20:04,323] {processor.py:171} INFO - Processing /home/airflow/.local/lib/python3.8/site-packages/airflow/example_dags/example_skip_dag.py took 0.159 seconds
[2023-11-04 14:20:34,707] {processor.py:163} INFO - Started process (PID=938) to work on /home/airflow/.local/lib/python3.8/site-packages/airflow/example_dags/example_skip_dag.py
[2023-11-04 14:20:34,709] {processor.py:642} INFO - Processing file /home/airflow/.local/lib/python3.8/site-packages/airflow/example_dags/example_skip_dag.py for tasks to queue
[2023-11-04 14:20:34,710] {logging_mixin.py:109} INFO - [2023-11-04 14:20:34,710] {dagbag.py:500} INFO - Filling up the DagBag from /home/airflow/.local/lib/python3.8/site-packages/airflow/example_dags/example_skip_dag.py
[2023-11-04 14:20:34,755] {processor.py:654} INFO - DAG(s) dict_keys(['example_skip_dag']) retrieved from /home/airflow/.local/lib/python3.8/site-packages/airflow/example_dags/example_skip_dag.py
[2023-11-04 14:20:34,771] {logging_mixin.py:109} INFO - [2023-11-04 14:20:34,771] {dag.py:2398} INFO - Sync 1 DAGs
[2023-11-04 14:20:34,803] {logging_mixin.py:109} INFO - [2023-11-04 14:20:34,802] {dag.py:2937} INFO - Setting next_dagrun for example_skip_dag to 2023-11-03T14:20:34.802556+00:00
[2023-11-04 14:20:34,825] {processor.py:171} INFO - Processing /home/airflow/.local/lib/python3.8/site-packages/airflow/example_dags/example_skip_dag.py took 0.124 seconds
[2023-11-04 14:21:04,893] {processor.py:163} INFO - Started process (PID=994) to work on /home/airflow/.local/lib/python3.8/site-packages/airflow/example_dags/example_skip_dag.py
[2023-11-04 14:21:04,896] {processor.py:642} INFO - Processing file /home/airflow/.local/lib/python3.8/site-packages/airflow/example_dags/example_skip_dag.py for tasks to queue
[2023-11-04 14:21:04,897] {logging_mixin.py:109} INFO - [2023-11-04 14:21:04,897] {dagbag.py:500} INFO - Filling up the DagBag from /home/airflow/.local/lib/python3.8/site-packages/airflow/example_dags/example_skip_dag.py
[2023-11-04 14:21:04,940] {processor.py:654} INFO - DAG(s) dict_keys(['example_skip_dag']) retrieved from /home/airflow/.local/lib/python3.8/site-packages/airflow/example_dags/example_skip_dag.py
[2023-11-04 14:21:04,955] {logging_mixin.py:109} INFO - [2023-11-04 14:21:04,955] {dag.py:2398} INFO - Sync 1 DAGs
[2023-11-04 14:21:04,974] {logging_mixin.py:109} INFO - [2023-11-04 14:21:04,974] {dag.py:2937} INFO - Setting next_dagrun for example_skip_dag to 2023-11-03T14:21:04.974271+00:00
[2023-11-04 14:21:04,988] {processor.py:171} INFO - Processing /home/airflow/.local/lib/python3.8/site-packages/airflow/example_dags/example_skip_dag.py took 0.100 seconds
[2023-11-04 14:21:36,270] {processor.py:163} INFO - Started process (PID=1045) to work on /home/airflow/.local/lib/python3.8/site-packages/airflow/example_dags/example_skip_dag.py
[2023-11-04 14:21:36,273] {processor.py:642} INFO - Processing file /home/airflow/.local/lib/python3.8/site-packages/airflow/example_dags/example_skip_dag.py for tasks to queue
[2023-11-04 14:21:36,274] {logging_mixin.py:109} INFO - [2023-11-04 14:21:36,274] {dagbag.py:500} INFO - Filling up the DagBag from /home/airflow/.local/lib/python3.8/site-packages/airflow/example_dags/example_skip_dag.py
[2023-11-04 14:21:36,317] {processor.py:654} INFO - DAG(s) dict_keys(['example_skip_dag']) retrieved from /home/airflow/.local/lib/python3.8/site-packages/airflow/example_dags/example_skip_dag.py
[2023-11-04 14:21:36,332] {logging_mixin.py:109} INFO - [2023-11-04 14:21:36,332] {dag.py:2398} INFO - Sync 1 DAGs
[2023-11-04 14:21:36,351] {logging_mixin.py:109} INFO - [2023-11-04 14:21:36,351] {dag.py:2937} INFO - Setting next_dagrun for example_skip_dag to 2023-11-03T14:21:36.351476+00:00
[2023-11-04 14:21:36,363] {processor.py:171} INFO - Processing /home/airflow/.local/lib/python3.8/site-packages/airflow/example_dags/example_skip_dag.py took 0.099 seconds
[2023-11-04 14:22:07,680] {processor.py:163} INFO - Started process (PID=1104) to work on /home/airflow/.local/lib/python3.8/site-packages/airflow/example_dags/example_skip_dag.py
[2023-11-04 14:22:07,684] {processor.py:642} INFO - Processing file /home/airflow/.local/lib/python3.8/site-packages/airflow/example_dags/example_skip_dag.py for tasks to queue
[2023-11-04 14:22:07,686] {logging_mixin.py:109} INFO - [2023-11-04 14:22:07,685] {dagbag.py:500} INFO - Filling up the DagBag from /home/airflow/.local/lib/python3.8/site-packages/airflow/example_dags/example_skip_dag.py
[2023-11-04 14:22:07,733] {processor.py:654} INFO - DAG(s) dict_keys(['example_skip_dag']) retrieved from /home/airflow/.local/lib/python3.8/site-packages/airflow/example_dags/example_skip_dag.py
[2023-11-04 14:22:07,763] {logging_mixin.py:109} INFO - [2023-11-04 14:22:07,762] {dag.py:2398} INFO - Sync 1 DAGs
[2023-11-04 14:22:07,788] {logging_mixin.py:109} INFO - [2023-11-04 14:22:07,787] {dag.py:2937} INFO - Setting next_dagrun for example_skip_dag to 2023-11-03T14:22:07.787483+00:00
[2023-11-04 14:22:07,804] {processor.py:171} INFO - Processing /home/airflow/.local/lib/python3.8/site-packages/airflow/example_dags/example_skip_dag.py took 0.130 seconds
[2023-11-04 14:22:38,722] {processor.py:163} INFO - Started process (PID=1153) to work on /home/airflow/.local/lib/python3.8/site-packages/airflow/example_dags/example_skip_dag.py
[2023-11-04 14:22:38,724] {processor.py:642} INFO - Processing file /home/airflow/.local/lib/python3.8/site-packages/airflow/example_dags/example_skip_dag.py for tasks to queue
[2023-11-04 14:22:38,726] {logging_mixin.py:109} INFO - [2023-11-04 14:22:38,726] {dagbag.py:500} INFO - Filling up the DagBag from /home/airflow/.local/lib/python3.8/site-packages/airflow/example_dags/example_skip_dag.py
[2023-11-04 14:22:38,768] {processor.py:654} INFO - DAG(s) dict_keys(['example_skip_dag']) retrieved from /home/airflow/.local/lib/python3.8/site-packages/airflow/example_dags/example_skip_dag.py
[2023-11-04 14:22:38,784] {logging_mixin.py:109} INFO - [2023-11-04 14:22:38,784] {dag.py:2398} INFO - Sync 1 DAGs
[2023-11-04 14:22:38,804] {logging_mixin.py:109} INFO - [2023-11-04 14:22:38,804] {dag.py:2937} INFO - Setting next_dagrun for example_skip_dag to 2023-11-03T14:22:38.803930+00:00
[2023-11-04 14:22:38,815] {processor.py:171} INFO - Processing /home/airflow/.local/lib/python3.8/site-packages/airflow/example_dags/example_skip_dag.py took 0.099 seconds
[2023-11-04 14:23:10,660] {processor.py:163} INFO - Started process (PID=1210) to work on /home/airflow/.local/lib/python3.8/site-packages/airflow/example_dags/example_skip_dag.py
[2023-11-04 14:23:10,663] {processor.py:642} INFO - Processing file /home/airflow/.local/lib/python3.8/site-packages/airflow/example_dags/example_skip_dag.py for tasks to queue
[2023-11-04 14:23:10,664] {logging_mixin.py:109} INFO - [2023-11-04 14:23:10,664] {dagbag.py:500} INFO - Filling up the DagBag from /home/airflow/.local/lib/python3.8/site-packages/airflow/example_dags/example_skip_dag.py
[2023-11-04 14:23:10,715] {processor.py:654} INFO - DAG(s) dict_keys(['example_skip_dag']) retrieved from /home/airflow/.local/lib/python3.8/site-packages/airflow/example_dags/example_skip_dag.py
[2023-11-04 14:23:10,731] {logging_mixin.py:109} INFO - [2023-11-04 14:23:10,731] {dag.py:2398} INFO - Sync 1 DAGs
[2023-11-04 14:23:10,755] {logging_mixin.py:109} INFO - [2023-11-04 14:23:10,754] {dag.py:2937} INFO - Setting next_dagrun for example_skip_dag to 2023-11-03T14:23:10.754526+00:00
[2023-11-04 14:23:10,767] {processor.py:171} INFO - Processing /home/airflow/.local/lib/python3.8/site-packages/airflow/example_dags/example_skip_dag.py took 0.113 seconds
[2023-11-04 14:23:41,434] {processor.py:163} INFO - Started process (PID=1259) to work on /home/airflow/.local/lib/python3.8/site-packages/airflow/example_dags/example_skip_dag.py
[2023-11-04 14:23:41,436] {processor.py:642} INFO - Processing file /home/airflow/.local/lib/python3.8/site-packages/airflow/example_dags/example_skip_dag.py for tasks to queue
[2023-11-04 14:23:41,438] {logging_mixin.py:109} INFO - [2023-11-04 14:23:41,438] {dagbag.py:500} INFO - Filling up the DagBag from /home/airflow/.local/lib/python3.8/site-packages/airflow/example_dags/example_skip_dag.py
[2023-11-04 14:23:41,479] {processor.py:654} INFO - DAG(s) dict_keys(['example_skip_dag']) retrieved from /home/airflow/.local/lib/python3.8/site-packages/airflow/example_dags/example_skip_dag.py
[2023-11-04 14:23:41,496] {logging_mixin.py:109} INFO - [2023-11-04 14:23:41,496] {dag.py:2398} INFO - Sync 1 DAGs
[2023-11-04 14:23:41,518] {logging_mixin.py:109} INFO - [2023-11-04 14:23:41,518] {dag.py:2937} INFO - Setting next_dagrun for example_skip_dag to 2023-11-03T14:23:41.518278+00:00
[2023-11-04 14:23:41,532] {processor.py:171} INFO - Processing /home/airflow/.local/lib/python3.8/site-packages/airflow/example_dags/example_skip_dag.py took 0.103 seconds
[2023-11-04 14:24:12,219] {processor.py:163} INFO - Started process (PID=1308) to work on /home/airflow/.local/lib/python3.8/site-packages/airflow/example_dags/example_skip_dag.py
[2023-11-04 14:24:12,222] {processor.py:642} INFO - Processing file /home/airflow/.local/lib/python3.8/site-packages/airflow/example_dags/example_skip_dag.py for tasks to queue
[2023-11-04 14:24:12,223] {logging_mixin.py:109} INFO - [2023-11-04 14:24:12,223] {dagbag.py:500} INFO - Filling up the DagBag from /home/airflow/.local/lib/python3.8/site-packages/airflow/example_dags/example_skip_dag.py
[2023-11-04 14:24:12,276] {processor.py:654} INFO - DAG(s) dict_keys(['example_skip_dag']) retrieved from /home/airflow/.local/lib/python3.8/site-packages/airflow/example_dags/example_skip_dag.py
[2023-11-04 14:24:12,300] {logging_mixin.py:109} INFO - [2023-11-04 14:24:12,299] {dag.py:2398} INFO - Sync 1 DAGs
[2023-11-04 14:24:12,326] {logging_mixin.py:109} INFO - [2023-11-04 14:24:12,326] {dag.py:2937} INFO - Setting next_dagrun for example_skip_dag to 2023-11-03T14:24:12.325817+00:00
[2023-11-04 14:24:12,339] {processor.py:171} INFO - Processing /home/airflow/.local/lib/python3.8/site-packages/airflow/example_dags/example_skip_dag.py took 0.126 seconds
[2023-11-04 14:24:42,642] {processor.py:163} INFO - Started process (PID=1365) to work on /home/airflow/.local/lib/python3.8/site-packages/airflow/example_dags/example_skip_dag.py
[2023-11-04 14:24:42,644] {processor.py:642} INFO - Processing file /home/airflow/.local/lib/python3.8/site-packages/airflow/example_dags/example_skip_dag.py for tasks to queue
[2023-11-04 14:24:42,646] {logging_mixin.py:109} INFO - [2023-11-04 14:24:42,646] {dagbag.py:500} INFO - Filling up the DagBag from /home/airflow/.local/lib/python3.8/site-packages/airflow/example_dags/example_skip_dag.py
[2023-11-04 14:24:42,690] {processor.py:654} INFO - DAG(s) dict_keys(['example_skip_dag']) retrieved from /home/airflow/.local/lib/python3.8/site-packages/airflow/example_dags/example_skip_dag.py
[2023-11-04 14:24:42,705] {logging_mixin.py:109} INFO - [2023-11-04 14:24:42,705] {dag.py:2398} INFO - Sync 1 DAGs
[2023-11-04 14:24:42,725] {logging_mixin.py:109} INFO - [2023-11-04 14:24:42,725] {dag.py:2937} INFO - Setting next_dagrun for example_skip_dag to 2023-11-03T14:24:42.725135+00:00
[2023-11-04 14:24:42,737] {processor.py:171} INFO - Processing /home/airflow/.local/lib/python3.8/site-packages/airflow/example_dags/example_skip_dag.py took 0.100 seconds
[2023-11-04 14:25:13,774] {processor.py:163} INFO - Started process (PID=1414) to work on /home/airflow/.local/lib/python3.8/site-packages/airflow/example_dags/example_skip_dag.py
[2023-11-04 14:25:13,777] {processor.py:642} INFO - Processing file /home/airflow/.local/lib/python3.8/site-packages/airflow/example_dags/example_skip_dag.py for tasks to queue
[2023-11-04 14:25:13,778] {logging_mixin.py:109} INFO - [2023-11-04 14:25:13,778] {dagbag.py:500} INFO - Filling up the DagBag from /home/airflow/.local/lib/python3.8/site-packages/airflow/example_dags/example_skip_dag.py
[2023-11-04 14:25:13,830] {processor.py:654} INFO - DAG(s) dict_keys(['example_skip_dag']) retrieved from /home/airflow/.local/lib/python3.8/site-packages/airflow/example_dags/example_skip_dag.py
[2023-11-04 14:25:13,846] {logging_mixin.py:109} INFO - [2023-11-04 14:25:13,846] {dag.py:2398} INFO - Sync 1 DAGs
[2023-11-04 14:25:13,867] {logging_mixin.py:109} INFO - [2023-11-04 14:25:13,867] {dag.py:2937} INFO - Setting next_dagrun for example_skip_dag to 2023-11-03T14:25:13.866813+00:00
[2023-11-04 14:25:13,879] {processor.py:171} INFO - Processing /home/airflow/.local/lib/python3.8/site-packages/airflow/example_dags/example_skip_dag.py took 0.111 seconds
[2023-11-04 14:25:44,345] {processor.py:163} INFO - Started process (PID=1471) to work on /home/airflow/.local/lib/python3.8/site-packages/airflow/example_dags/example_skip_dag.py
[2023-11-04 14:25:44,348] {processor.py:642} INFO - Processing file /home/airflow/.local/lib/python3.8/site-packages/airflow/example_dags/example_skip_dag.py for tasks to queue
[2023-11-04 14:25:44,350] {logging_mixin.py:109} INFO - [2023-11-04 14:25:44,349] {dagbag.py:500} INFO - Filling up the DagBag from /home/airflow/.local/lib/python3.8/site-packages/airflow/example_dags/example_skip_dag.py
[2023-11-04 14:25:44,397] {processor.py:654} INFO - DAG(s) dict_keys(['example_skip_dag']) retrieved from /home/airflow/.local/lib/python3.8/site-packages/airflow/example_dags/example_skip_dag.py
[2023-11-04 14:25:44,413] {logging_mixin.py:109} INFO - [2023-11-04 14:25:44,413] {dag.py:2398} INFO - Sync 1 DAGs
[2023-11-04 14:25:44,444] {logging_mixin.py:109} INFO - [2023-11-04 14:25:44,444] {dag.py:2937} INFO - Setting next_dagrun for example_skip_dag to 2023-11-03T14:25:44.443566+00:00
[2023-11-04 14:25:44,459] {processor.py:171} INFO - Processing /home/airflow/.local/lib/python3.8/site-packages/airflow/example_dags/example_skip_dag.py took 0.119 seconds
[2023-11-04 14:26:15,195] {processor.py:163} INFO - Started process (PID=1520) to work on /home/airflow/.local/lib/python3.8/site-packages/airflow/example_dags/example_skip_dag.py
[2023-11-04 14:26:15,198] {processor.py:642} INFO - Processing file /home/airflow/.local/lib/python3.8/site-packages/airflow/example_dags/example_skip_dag.py for tasks to queue
[2023-11-04 14:26:15,200] {logging_mixin.py:109} INFO - [2023-11-04 14:26:15,200] {dagbag.py:500} INFO - Filling up the DagBag from /home/airflow/.local/lib/python3.8/site-packages/airflow/example_dags/example_skip_dag.py
[2023-11-04 14:26:15,243] {processor.py:654} INFO - DAG(s) dict_keys(['example_skip_dag']) retrieved from /home/airflow/.local/lib/python3.8/site-packages/airflow/example_dags/example_skip_dag.py
[2023-11-04 14:26:15,258] {logging_mixin.py:109} INFO - [2023-11-04 14:26:15,258] {dag.py:2398} INFO - Sync 1 DAGs
[2023-11-04 14:26:15,278] {logging_mixin.py:109} INFO - [2023-11-04 14:26:15,278] {dag.py:2937} INFO - Setting next_dagrun for example_skip_dag to 2023-11-03T14:26:15.277924+00:00
[2023-11-04 14:26:15,290] {processor.py:171} INFO - Processing /home/airflow/.local/lib/python3.8/site-packages/airflow/example_dags/example_skip_dag.py took 0.099 seconds
[2023-11-04 14:28:10,429] {processor.py:163} INFO - Started process (PID=55) to work on /home/airflow/.local/lib/python3.8/site-packages/airflow/example_dags/example_skip_dag.py
[2023-11-04 14:28:10,432] {processor.py:642} INFO - Processing file /home/airflow/.local/lib/python3.8/site-packages/airflow/example_dags/example_skip_dag.py for tasks to queue
[2023-11-04 14:28:10,434] {logging_mixin.py:109} INFO - [2023-11-04 14:28:10,434] {dagbag.py:500} INFO - Filling up the DagBag from /home/airflow/.local/lib/python3.8/site-packages/airflow/example_dags/example_skip_dag.py
[2023-11-04 14:28:10,496] {processor.py:654} INFO - DAG(s) dict_keys(['example_skip_dag']) retrieved from /home/airflow/.local/lib/python3.8/site-packages/airflow/example_dags/example_skip_dag.py
[2023-11-04 14:28:10,514] {logging_mixin.py:109} INFO - [2023-11-04 14:28:10,514] {dag.py:2398} INFO - Sync 1 DAGs
[2023-11-04 14:28:10,536] {logging_mixin.py:109} INFO - [2023-11-04 14:28:10,536] {dag.py:2937} INFO - Setting next_dagrun for example_skip_dag to 2023-11-03T14:28:10.536283+00:00
[2023-11-04 14:28:10,550] {processor.py:171} INFO - Processing /home/airflow/.local/lib/python3.8/site-packages/airflow/example_dags/example_skip_dag.py took 0.127 seconds
[2023-11-04 14:28:40,755] {processor.py:163} INFO - Started process (PID=105) to work on /home/airflow/.local/lib/python3.8/site-packages/airflow/example_dags/example_skip_dag.py
[2023-11-04 14:28:40,757] {processor.py:642} INFO - Processing file /home/airflow/.local/lib/python3.8/site-packages/airflow/example_dags/example_skip_dag.py for tasks to queue
[2023-11-04 14:28:40,758] {logging_mixin.py:109} INFO - [2023-11-04 14:28:40,758] {dagbag.py:500} INFO - Filling up the DagBag from /home/airflow/.local/lib/python3.8/site-packages/airflow/example_dags/example_skip_dag.py
[2023-11-04 14:28:40,800] {processor.py:654} INFO - DAG(s) dict_keys(['example_skip_dag']) retrieved from /home/airflow/.local/lib/python3.8/site-packages/airflow/example_dags/example_skip_dag.py
[2023-11-04 14:28:40,815] {logging_mixin.py:109} INFO - [2023-11-04 14:28:40,815] {dag.py:2398} INFO - Sync 1 DAGs
[2023-11-04 14:28:40,835] {logging_mixin.py:109} INFO - [2023-11-04 14:28:40,835] {dag.py:2937} INFO - Setting next_dagrun for example_skip_dag to 2023-11-03T14:28:40.835500+00:00
[2023-11-04 14:28:40,850] {processor.py:171} INFO - Processing /home/airflow/.local/lib/python3.8/site-packages/airflow/example_dags/example_skip_dag.py took 0.100 seconds
[2023-11-04 14:29:11,434] {processor.py:163} INFO - Started process (PID=162) to work on /home/airflow/.local/lib/python3.8/site-packages/airflow/example_dags/example_skip_dag.py
[2023-11-04 14:29:11,437] {processor.py:642} INFO - Processing file /home/airflow/.local/lib/python3.8/site-packages/airflow/example_dags/example_skip_dag.py for tasks to queue
[2023-11-04 14:29:11,439] {logging_mixin.py:109} INFO - [2023-11-04 14:29:11,439] {dagbag.py:500} INFO - Filling up the DagBag from /home/airflow/.local/lib/python3.8/site-packages/airflow/example_dags/example_skip_dag.py
[2023-11-04 14:29:11,489] {processor.py:654} INFO - DAG(s) dict_keys(['example_skip_dag']) retrieved from /home/airflow/.local/lib/python3.8/site-packages/airflow/example_dags/example_skip_dag.py
[2023-11-04 14:29:11,505] {logging_mixin.py:109} INFO - [2023-11-04 14:29:11,504] {dag.py:2398} INFO - Sync 1 DAGs
[2023-11-04 14:29:11,525] {logging_mixin.py:109} INFO - [2023-11-04 14:29:11,525] {dag.py:2937} INFO - Setting next_dagrun for example_skip_dag to 2023-11-03T14:29:11.524684+00:00
[2023-11-04 14:29:11,536] {processor.py:171} INFO - Processing /home/airflow/.local/lib/python3.8/site-packages/airflow/example_dags/example_skip_dag.py took 0.107 seconds
[2023-11-04 14:29:42,046] {processor.py:163} INFO - Started process (PID=211) to work on /home/airflow/.local/lib/python3.8/site-packages/airflow/example_dags/example_skip_dag.py
[2023-11-04 14:29:42,048] {processor.py:642} INFO - Processing file /home/airflow/.local/lib/python3.8/site-packages/airflow/example_dags/example_skip_dag.py for tasks to queue
[2023-11-04 14:29:42,050] {logging_mixin.py:109} INFO - [2023-11-04 14:29:42,050] {dagbag.py:500} INFO - Filling up the DagBag from /home/airflow/.local/lib/python3.8/site-packages/airflow/example_dags/example_skip_dag.py
[2023-11-04 14:29:42,097] {processor.py:654} INFO - DAG(s) dict_keys(['example_skip_dag']) retrieved from /home/airflow/.local/lib/python3.8/site-packages/airflow/example_dags/example_skip_dag.py
[2023-11-04 14:29:42,119] {logging_mixin.py:109} INFO - [2023-11-04 14:29:42,118] {dag.py:2398} INFO - Sync 1 DAGs
[2023-11-04 14:29:42,143] {logging_mixin.py:109} INFO - [2023-11-04 14:29:42,143] {dag.py:2937} INFO - Setting next_dagrun for example_skip_dag to 2023-11-03T14:29:42.142956+00:00
[2023-11-04 14:29:42,168] {processor.py:171} INFO - Processing /home/airflow/.local/lib/python3.8/site-packages/airflow/example_dags/example_skip_dag.py took 0.128 seconds
[2023-11-04 14:30:13,032] {processor.py:163} INFO - Started process (PID=267) to work on /home/airflow/.local/lib/python3.8/site-packages/airflow/example_dags/example_skip_dag.py
[2023-11-04 14:30:13,036] {processor.py:642} INFO - Processing file /home/airflow/.local/lib/python3.8/site-packages/airflow/example_dags/example_skip_dag.py for tasks to queue
[2023-11-04 14:30:13,039] {logging_mixin.py:109} INFO - [2023-11-04 14:30:13,039] {dagbag.py:500} INFO - Filling up the DagBag from /home/airflow/.local/lib/python3.8/site-packages/airflow/example_dags/example_skip_dag.py
[2023-11-04 14:30:13,096] {processor.py:654} INFO - DAG(s) dict_keys(['example_skip_dag']) retrieved from /home/airflow/.local/lib/python3.8/site-packages/airflow/example_dags/example_skip_dag.py
[2023-11-04 14:30:13,115] {logging_mixin.py:109} INFO - [2023-11-04 14:30:13,115] {dag.py:2398} INFO - Sync 1 DAGs
[2023-11-04 14:30:13,168] {logging_mixin.py:109} INFO - [2023-11-04 14:30:13,167] {dag.py:2937} INFO - Setting next_dagrun for example_skip_dag to 2023-11-03T14:30:13.167239+00:00
[2023-11-04 14:30:13,197] {processor.py:171} INFO - Processing /home/airflow/.local/lib/python3.8/site-packages/airflow/example_dags/example_skip_dag.py took 0.176 seconds
[2023-11-04 14:30:44,404] {processor.py:163} INFO - Started process (PID=316) to work on /home/airflow/.local/lib/python3.8/site-packages/airflow/example_dags/example_skip_dag.py
[2023-11-04 14:30:44,407] {processor.py:642} INFO - Processing file /home/airflow/.local/lib/python3.8/site-packages/airflow/example_dags/example_skip_dag.py for tasks to queue
[2023-11-04 14:30:44,408] {logging_mixin.py:109} INFO - [2023-11-04 14:30:44,408] {dagbag.py:500} INFO - Filling up the DagBag from /home/airflow/.local/lib/python3.8/site-packages/airflow/example_dags/example_skip_dag.py
[2023-11-04 14:30:44,454] {processor.py:654} INFO - DAG(s) dict_keys(['example_skip_dag']) retrieved from /home/airflow/.local/lib/python3.8/site-packages/airflow/example_dags/example_skip_dag.py
[2023-11-04 14:30:44,470] {logging_mixin.py:109} INFO - [2023-11-04 14:30:44,470] {dag.py:2398} INFO - Sync 1 DAGs
[2023-11-04 14:30:44,490] {logging_mixin.py:109} INFO - [2023-11-04 14:30:44,490] {dag.py:2937} INFO - Setting next_dagrun for example_skip_dag to 2023-11-03T14:30:44.489987+00:00
[2023-11-04 14:30:44,503] {processor.py:171} INFO - Processing /home/airflow/.local/lib/python3.8/site-packages/airflow/example_dags/example_skip_dag.py took 0.104 seconds
