[2023-11-04 13:41:03,698] {processor.py:163} INFO - Started process (PID=70) to work on /home/airflow/.local/lib/python3.8/site-packages/airflow/example_dags/example_latest_only.py
[2023-11-04 13:41:03,702] {processor.py:642} INFO - Processing file /home/airflow/.local/lib/python3.8/site-packages/airflow/example_dags/example_latest_only.py for tasks to queue
[2023-11-04 13:41:03,705] {logging_mixin.py:109} INFO - [2023-11-04 13:41:03,704] {dagbag.py:500} INFO - Filling up the DagBag from /home/airflow/.local/lib/python3.8/site-packages/airflow/example_dags/example_latest_only.py
[2023-11-04 13:41:03,787] {processor.py:654} INFO - DAG(s) dict_keys(['latest_only']) retrieved from /home/airflow/.local/lib/python3.8/site-packages/airflow/example_dags/example_latest_only.py
[2023-11-04 13:41:06,205] {logging_mixin.py:109} INFO - [2023-11-04 13:41:06,205] {providers_manager.py:154} WARNING - Exception when importing 'airflow.providers.google.common.hooks.base_google.GoogleBaseHook' from 'apache-airflow-providers-google' package: module 'pyparsing' has no attribute 'downcaseTokens'
[2023-11-04 13:41:06,212] {logging_mixin.py:109} INFO - [2023-11-04 13:41:06,212] {providers_manager.py:154} WARNING - Exception when importing 'airflow.providers.google.cloud.hooks.cloud_sql.CloudSQLHook' from 'apache-airflow-providers-google' package: module 'pyparsing' has no attribute 'downcaseTokens'
[2023-11-04 13:41:06,217] {logging_mixin.py:109} INFO - [2023-11-04 13:41:06,217] {providers_manager.py:154} WARNING - Exception when importing 'airflow.providers.google.cloud.hooks.cloud_sql.CloudSQLDatabaseHook' from 'apache-airflow-providers-google' package: module 'pyparsing' has no attribute 'downcaseTokens'
[2023-11-04 13:41:06,399] {logging_mixin.py:109} INFO - [2023-11-04 13:41:06,398] {providers_manager.py:154} WARNING - Exception when importing 'airflow.providers.google.cloud.hooks.bigquery.BigQueryHook' from 'apache-airflow-providers-google' package: module 'pyparsing' has no attribute 'downcaseTokens'
[2023-11-04 13:41:06,406] {logging_mixin.py:109} INFO - [2023-11-04 13:41:06,406] {providers_manager.py:154} WARNING - Exception when importing 'airflow.providers.google.cloud.hooks.compute_ssh.ComputeEngineSSHHook' from 'apache-airflow-providers-google' package: module 'pyparsing' has no attribute 'downcaseTokens'
[2023-11-04 13:41:07,216] {logging_mixin.py:109} INFO - [2023-11-04 13:41:07,216] {providers_manager.py:154} WARNING - Exception when importing 'airflow.providers.google.common.hooks.base_google.GoogleBaseHook' from 'apache-airflow-providers-google' package: module 'pyparsing' has no attribute 'downcaseTokens'
[2023-11-04 13:41:07,221] {logging_mixin.py:109} INFO - [2023-11-04 13:41:07,221] {providers_manager.py:154} WARNING - Exception when importing 'airflow.providers.google.cloud.hooks.cloud_sql.CloudSQLHook' from 'apache-airflow-providers-google' package: module 'pyparsing' has no attribute 'downcaseTokens'
[2023-11-04 13:41:07,225] {logging_mixin.py:109} INFO - [2023-11-04 13:41:07,225] {providers_manager.py:154} WARNING - Exception when importing 'airflow.providers.google.cloud.hooks.cloud_sql.CloudSQLDatabaseHook' from 'apache-airflow-providers-google' package: module 'pyparsing' has no attribute 'downcaseTokens'
[2023-11-04 13:41:07,230] {logging_mixin.py:109} INFO - [2023-11-04 13:41:07,230] {providers_manager.py:154} WARNING - Exception when importing 'airflow.providers.google.cloud.hooks.bigquery.BigQueryHook' from 'apache-airflow-providers-google' package: module 'pyparsing' has no attribute 'downcaseTokens'
[2023-11-04 13:41:07,234] {logging_mixin.py:109} INFO - [2023-11-04 13:41:07,234] {providers_manager.py:154} WARNING - Exception when importing 'airflow.providers.google.cloud.hooks.compute_ssh.ComputeEngineSSHHook' from 'apache-airflow-providers-google' package: module 'pyparsing' has no attribute 'downcaseTokens'
[2023-11-04 13:41:07,258] {logging_mixin.py:109} INFO - [2023-11-04 13:41:07,258] {manager.py:496} INFO - Created Permission View: can read on DAG:latest_only
[2023-11-04 13:41:07,269] {logging_mixin.py:109} INFO - [2023-11-04 13:41:07,268] {manager.py:496} INFO - Created Permission View: can edit on DAG:latest_only
[2023-11-04 13:41:07,271] {logging_mixin.py:109} INFO - [2023-11-04 13:41:07,271] {dag.py:2398} INFO - Sync 1 DAGs
[2023-11-04 13:41:07,279] {logging_mixin.py:109} INFO - [2023-11-04 13:41:07,279] {dag.py:2417} INFO - Creating ORM DAG for latest_only
[2023-11-04 13:41:07,289] {logging_mixin.py:109} INFO - [2023-11-04 13:41:07,289] {dag.py:2937} INFO - Setting next_dagrun for latest_only to 2023-11-04T09:41:07.288925+00:00
[2023-11-04 13:41:07,304] {processor.py:171} INFO - Processing /home/airflow/.local/lib/python3.8/site-packages/airflow/example_dags/example_latest_only.py took 3.612 seconds
[2023-11-04 13:41:52,487] {processor.py:163} INFO - Started process (PID=289) to work on /home/airflow/.local/lib/python3.8/site-packages/airflow/example_dags/example_latest_only.py
[2023-11-04 13:41:52,490] {processor.py:642} INFO - Processing file /home/airflow/.local/lib/python3.8/site-packages/airflow/example_dags/example_latest_only.py for tasks to queue
[2023-11-04 13:41:52,492] {logging_mixin.py:109} INFO - [2023-11-04 13:41:52,492] {dagbag.py:500} INFO - Filling up the DagBag from /home/airflow/.local/lib/python3.8/site-packages/airflow/example_dags/example_latest_only.py
[2023-11-04 13:41:52,540] {processor.py:654} INFO - DAG(s) dict_keys(['latest_only']) retrieved from /home/airflow/.local/lib/python3.8/site-packages/airflow/example_dags/example_latest_only.py
[2023-11-04 13:41:52,560] {logging_mixin.py:109} INFO - [2023-11-04 13:41:52,560] {dag.py:2398} INFO - Sync 1 DAGs
[2023-11-04 13:41:52,584] {logging_mixin.py:109} INFO - [2023-11-04 13:41:52,584] {dag.py:2937} INFO - Setting next_dagrun for latest_only to 2023-11-04T09:41:52.583754+00:00
[2023-11-04 13:41:52,597] {processor.py:171} INFO - Processing /home/airflow/.local/lib/python3.8/site-packages/airflow/example_dags/example_latest_only.py took 0.115 seconds
[2023-11-04 13:42:23,237] {processor.py:163} INFO - Started process (PID=338) to work on /home/airflow/.local/lib/python3.8/site-packages/airflow/example_dags/example_latest_only.py
[2023-11-04 13:42:23,241] {processor.py:642} INFO - Processing file /home/airflow/.local/lib/python3.8/site-packages/airflow/example_dags/example_latest_only.py for tasks to queue
[2023-11-04 13:42:23,243] {logging_mixin.py:109} INFO - [2023-11-04 13:42:23,242] {dagbag.py:500} INFO - Filling up the DagBag from /home/airflow/.local/lib/python3.8/site-packages/airflow/example_dags/example_latest_only.py
[2023-11-04 13:42:23,303] {processor.py:654} INFO - DAG(s) dict_keys(['latest_only']) retrieved from /home/airflow/.local/lib/python3.8/site-packages/airflow/example_dags/example_latest_only.py
[2023-11-04 13:42:23,319] {logging_mixin.py:109} INFO - [2023-11-04 13:42:23,319] {dag.py:2398} INFO - Sync 1 DAGs
[2023-11-04 13:42:23,345] {logging_mixin.py:109} INFO - [2023-11-04 13:42:23,344] {dag.py:2937} INFO - Setting next_dagrun for latest_only to 2023-11-04T09:42:23.344311+00:00
[2023-11-04 13:42:23,366] {processor.py:171} INFO - Processing /home/airflow/.local/lib/python3.8/site-packages/airflow/example_dags/example_latest_only.py took 0.135 seconds
[2023-11-04 13:42:53,651] {processor.py:163} INFO - Started process (PID=395) to work on /home/airflow/.local/lib/python3.8/site-packages/airflow/example_dags/example_latest_only.py
[2023-11-04 13:42:53,654] {processor.py:642} INFO - Processing file /home/airflow/.local/lib/python3.8/site-packages/airflow/example_dags/example_latest_only.py for tasks to queue
[2023-11-04 13:42:53,655] {logging_mixin.py:109} INFO - [2023-11-04 13:42:53,655] {dagbag.py:500} INFO - Filling up the DagBag from /home/airflow/.local/lib/python3.8/site-packages/airflow/example_dags/example_latest_only.py
[2023-11-04 13:42:53,700] {processor.py:654} INFO - DAG(s) dict_keys(['latest_only']) retrieved from /home/airflow/.local/lib/python3.8/site-packages/airflow/example_dags/example_latest_only.py
[2023-11-04 13:42:53,714] {logging_mixin.py:109} INFO - [2023-11-04 13:42:53,714] {dag.py:2398} INFO - Sync 1 DAGs
[2023-11-04 13:42:53,736] {logging_mixin.py:109} INFO - [2023-11-04 13:42:53,735] {dag.py:2937} INFO - Setting next_dagrun for latest_only to 2023-11-04T09:42:53.735556+00:00
[2023-11-04 13:42:53,748] {processor.py:171} INFO - Processing /home/airflow/.local/lib/python3.8/site-packages/airflow/example_dags/example_latest_only.py took 0.101 seconds
[2023-11-04 13:43:24,693] {processor.py:163} INFO - Started process (PID=444) to work on /home/airflow/.local/lib/python3.8/site-packages/airflow/example_dags/example_latest_only.py
[2023-11-04 13:43:24,698] {processor.py:642} INFO - Processing file /home/airflow/.local/lib/python3.8/site-packages/airflow/example_dags/example_latest_only.py for tasks to queue
[2023-11-04 13:43:24,701] {logging_mixin.py:109} INFO - [2023-11-04 13:43:24,700] {dagbag.py:500} INFO - Filling up the DagBag from /home/airflow/.local/lib/python3.8/site-packages/airflow/example_dags/example_latest_only.py
[2023-11-04 13:43:24,761] {processor.py:654} INFO - DAG(s) dict_keys(['latest_only']) retrieved from /home/airflow/.local/lib/python3.8/site-packages/airflow/example_dags/example_latest_only.py
[2023-11-04 13:43:24,780] {logging_mixin.py:109} INFO - [2023-11-04 13:43:24,779] {dag.py:2398} INFO - Sync 1 DAGs
[2023-11-04 13:43:24,811] {logging_mixin.py:109} INFO - [2023-11-04 13:43:24,810] {dag.py:2937} INFO - Setting next_dagrun for latest_only to 2023-11-04T09:43:24.810189+00:00
[2023-11-04 13:43:24,829] {processor.py:171} INFO - Processing /home/airflow/.local/lib/python3.8/site-packages/airflow/example_dags/example_latest_only.py took 0.145 seconds
[2023-11-04 13:43:54,935] {processor.py:163} INFO - Started process (PID=501) to work on /home/airflow/.local/lib/python3.8/site-packages/airflow/example_dags/example_latest_only.py
[2023-11-04 13:43:54,938] {processor.py:642} INFO - Processing file /home/airflow/.local/lib/python3.8/site-packages/airflow/example_dags/example_latest_only.py for tasks to queue
[2023-11-04 13:43:54,940] {logging_mixin.py:109} INFO - [2023-11-04 13:43:54,939] {dagbag.py:500} INFO - Filling up the DagBag from /home/airflow/.local/lib/python3.8/site-packages/airflow/example_dags/example_latest_only.py
[2023-11-04 13:43:54,993] {processor.py:654} INFO - DAG(s) dict_keys(['latest_only']) retrieved from /home/airflow/.local/lib/python3.8/site-packages/airflow/example_dags/example_latest_only.py
[2023-11-04 13:43:55,009] {logging_mixin.py:109} INFO - [2023-11-04 13:43:55,009] {dag.py:2398} INFO - Sync 1 DAGs
[2023-11-04 13:43:55,032] {logging_mixin.py:109} INFO - [2023-11-04 13:43:55,032] {dag.py:2937} INFO - Setting next_dagrun for latest_only to 2023-11-04T09:43:55.032272+00:00
[2023-11-04 13:43:55,045] {processor.py:171} INFO - Processing /home/airflow/.local/lib/python3.8/site-packages/airflow/example_dags/example_latest_only.py took 0.115 seconds
[2023-11-04 13:59:17,642] {processor.py:163} INFO - Started process (PID=37) to work on /home/airflow/.local/lib/python3.8/site-packages/airflow/example_dags/example_latest_only.py
[2023-11-04 13:59:17,646] {processor.py:642} INFO - Processing file /home/airflow/.local/lib/python3.8/site-packages/airflow/example_dags/example_latest_only.py for tasks to queue
[2023-11-04 13:59:17,649] {logging_mixin.py:109} INFO - [2023-11-04 13:59:17,649] {dagbag.py:500} INFO - Filling up the DagBag from /home/airflow/.local/lib/python3.8/site-packages/airflow/example_dags/example_latest_only.py
[2023-11-04 13:59:17,705] {processor.py:654} INFO - DAG(s) dict_keys(['latest_only']) retrieved from /home/airflow/.local/lib/python3.8/site-packages/airflow/example_dags/example_latest_only.py
[2023-11-04 13:59:17,726] {logging_mixin.py:109} INFO - [2023-11-04 13:59:17,726] {dag.py:2398} INFO - Sync 1 DAGs
[2023-11-04 13:59:17,753] {logging_mixin.py:109} INFO - [2023-11-04 13:59:17,753] {dag.py:2937} INFO - Setting next_dagrun for latest_only to 2023-11-04T09:59:17.752959+00:00
[2023-11-04 13:59:17,771] {processor.py:171} INFO - Processing /home/airflow/.local/lib/python3.8/site-packages/airflow/example_dags/example_latest_only.py took 0.142 seconds
[2023-11-04 13:59:48,102] {processor.py:163} INFO - Started process (PID=91) to work on /home/airflow/.local/lib/python3.8/site-packages/airflow/example_dags/example_latest_only.py
[2023-11-04 13:59:48,105] {processor.py:642} INFO - Processing file /home/airflow/.local/lib/python3.8/site-packages/airflow/example_dags/example_latest_only.py for tasks to queue
[2023-11-04 13:59:48,108] {logging_mixin.py:109} INFO - [2023-11-04 13:59:48,107] {dagbag.py:500} INFO - Filling up the DagBag from /home/airflow/.local/lib/python3.8/site-packages/airflow/example_dags/example_latest_only.py
[2023-11-04 13:59:48,159] {processor.py:654} INFO - DAG(s) dict_keys(['latest_only']) retrieved from /home/airflow/.local/lib/python3.8/site-packages/airflow/example_dags/example_latest_only.py
[2023-11-04 13:59:48,176] {logging_mixin.py:109} INFO - [2023-11-04 13:59:48,176] {dag.py:2398} INFO - Sync 1 DAGs
[2023-11-04 13:59:48,199] {logging_mixin.py:109} INFO - [2023-11-04 13:59:48,199] {dag.py:2937} INFO - Setting next_dagrun for latest_only to 2023-11-04T09:59:48.198663+00:00
[2023-11-04 13:59:48,211] {processor.py:171} INFO - Processing /home/airflow/.local/lib/python3.8/site-packages/airflow/example_dags/example_latest_only.py took 0.116 seconds
[2023-11-04 14:00:18,623] {processor.py:163} INFO - Started process (PID=156) to work on /home/airflow/.local/lib/python3.8/site-packages/airflow/example_dags/example_latest_only.py
[2023-11-04 14:00:18,626] {processor.py:642} INFO - Processing file /home/airflow/.local/lib/python3.8/site-packages/airflow/example_dags/example_latest_only.py for tasks to queue
[2023-11-04 14:00:18,628] {logging_mixin.py:109} INFO - [2023-11-04 14:00:18,627] {dagbag.py:500} INFO - Filling up the DagBag from /home/airflow/.local/lib/python3.8/site-packages/airflow/example_dags/example_latest_only.py
[2023-11-04 14:00:18,674] {processor.py:654} INFO - DAG(s) dict_keys(['latest_only']) retrieved from /home/airflow/.local/lib/python3.8/site-packages/airflow/example_dags/example_latest_only.py
[2023-11-04 14:00:18,687] {logging_mixin.py:109} INFO - [2023-11-04 14:00:18,687] {dag.py:2398} INFO - Sync 1 DAGs
[2023-11-04 14:00:18,707] {logging_mixin.py:109} INFO - [2023-11-04 14:00:18,707] {dag.py:2937} INFO - Setting next_dagrun for latest_only to 2023-11-04T10:00:18.707344+00:00
[2023-11-04 14:00:18,725] {processor.py:171} INFO - Processing /home/airflow/.local/lib/python3.8/site-packages/airflow/example_dags/example_latest_only.py took 0.107 seconds
[2023-11-04 14:00:48,862] {processor.py:163} INFO - Started process (PID=213) to work on /home/airflow/.local/lib/python3.8/site-packages/airflow/example_dags/example_latest_only.py
[2023-11-04 14:00:48,865] {processor.py:642} INFO - Processing file /home/airflow/.local/lib/python3.8/site-packages/airflow/example_dags/example_latest_only.py for tasks to queue
[2023-11-04 14:00:48,867] {logging_mixin.py:109} INFO - [2023-11-04 14:00:48,867] {dagbag.py:500} INFO - Filling up the DagBag from /home/airflow/.local/lib/python3.8/site-packages/airflow/example_dags/example_latest_only.py
[2023-11-04 14:00:48,915] {processor.py:654} INFO - DAG(s) dict_keys(['latest_only']) retrieved from /home/airflow/.local/lib/python3.8/site-packages/airflow/example_dags/example_latest_only.py
[2023-11-04 14:00:48,929] {logging_mixin.py:109} INFO - [2023-11-04 14:00:48,929] {dag.py:2398} INFO - Sync 1 DAGs
[2023-11-04 14:00:48,951] {logging_mixin.py:109} INFO - [2023-11-04 14:00:48,951] {dag.py:2937} INFO - Setting next_dagrun for latest_only to 2023-11-04T10:00:48.951118+00:00
[2023-11-04 14:00:48,964] {processor.py:171} INFO - Processing /home/airflow/.local/lib/python3.8/site-packages/airflow/example_dags/example_latest_only.py took 0.107 seconds
[2023-11-04 14:01:19,078] {processor.py:163} INFO - Started process (PID=262) to work on /home/airflow/.local/lib/python3.8/site-packages/airflow/example_dags/example_latest_only.py
[2023-11-04 14:01:19,080] {processor.py:642} INFO - Processing file /home/airflow/.local/lib/python3.8/site-packages/airflow/example_dags/example_latest_only.py for tasks to queue
[2023-11-04 14:01:19,082] {logging_mixin.py:109} INFO - [2023-11-04 14:01:19,082] {dagbag.py:500} INFO - Filling up the DagBag from /home/airflow/.local/lib/python3.8/site-packages/airflow/example_dags/example_latest_only.py
[2023-11-04 14:01:19,144] {processor.py:654} INFO - DAG(s) dict_keys(['latest_only']) retrieved from /home/airflow/.local/lib/python3.8/site-packages/airflow/example_dags/example_latest_only.py
[2023-11-04 14:01:19,158] {logging_mixin.py:109} INFO - [2023-11-04 14:01:19,158] {dag.py:2398} INFO - Sync 1 DAGs
[2023-11-04 14:01:19,178] {logging_mixin.py:109} INFO - [2023-11-04 14:01:19,178] {dag.py:2937} INFO - Setting next_dagrun for latest_only to 2023-11-04T10:01:19.177794+00:00
[2023-11-04 14:01:19,190] {processor.py:171} INFO - Processing /home/airflow/.local/lib/python3.8/site-packages/airflow/example_dags/example_latest_only.py took 0.116 seconds
[2023-11-04 14:01:49,534] {processor.py:163} INFO - Started process (PID=311) to work on /home/airflow/.local/lib/python3.8/site-packages/airflow/example_dags/example_latest_only.py
[2023-11-04 14:01:49,537] {processor.py:642} INFO - Processing file /home/airflow/.local/lib/python3.8/site-packages/airflow/example_dags/example_latest_only.py for tasks to queue
[2023-11-04 14:01:49,538] {logging_mixin.py:109} INFO - [2023-11-04 14:01:49,538] {dagbag.py:500} INFO - Filling up the DagBag from /home/airflow/.local/lib/python3.8/site-packages/airflow/example_dags/example_latest_only.py
[2023-11-04 14:01:49,602] {processor.py:654} INFO - DAG(s) dict_keys(['latest_only']) retrieved from /home/airflow/.local/lib/python3.8/site-packages/airflow/example_dags/example_latest_only.py
[2023-11-04 14:01:49,614] {logging_mixin.py:109} INFO - [2023-11-04 14:01:49,614] {dag.py:2398} INFO - Sync 1 DAGs
[2023-11-04 14:01:49,635] {logging_mixin.py:109} INFO - [2023-11-04 14:01:49,634] {dag.py:2937} INFO - Setting next_dagrun for latest_only to 2023-11-04T10:01:49.634487+00:00
[2023-11-04 14:01:49,645] {processor.py:171} INFO - Processing /home/airflow/.local/lib/python3.8/site-packages/airflow/example_dags/example_latest_only.py took 0.116 seconds
[2023-11-04 14:02:20,071] {processor.py:163} INFO - Started process (PID=368) to work on /home/airflow/.local/lib/python3.8/site-packages/airflow/example_dags/example_latest_only.py
[2023-11-04 14:02:20,074] {processor.py:642} INFO - Processing file /home/airflow/.local/lib/python3.8/site-packages/airflow/example_dags/example_latest_only.py for tasks to queue
[2023-11-04 14:02:20,076] {logging_mixin.py:109} INFO - [2023-11-04 14:02:20,076] {dagbag.py:500} INFO - Filling up the DagBag from /home/airflow/.local/lib/python3.8/site-packages/airflow/example_dags/example_latest_only.py
[2023-11-04 14:02:20,126] {processor.py:654} INFO - DAG(s) dict_keys(['latest_only']) retrieved from /home/airflow/.local/lib/python3.8/site-packages/airflow/example_dags/example_latest_only.py
[2023-11-04 14:02:20,141] {logging_mixin.py:109} INFO - [2023-11-04 14:02:20,141] {dag.py:2398} INFO - Sync 1 DAGs
[2023-11-04 14:02:20,163] {logging_mixin.py:109} INFO - [2023-11-04 14:02:20,163] {dag.py:2937} INFO - Setting next_dagrun for latest_only to 2023-11-04T10:02:20.162778+00:00
[2023-11-04 14:02:20,175] {processor.py:171} INFO - Processing /home/airflow/.local/lib/python3.8/site-packages/airflow/example_dags/example_latest_only.py took 0.110 seconds
[2023-11-04 14:02:50,684] {processor.py:163} INFO - Started process (PID=416) to work on /home/airflow/.local/lib/python3.8/site-packages/airflow/example_dags/example_latest_only.py
[2023-11-04 14:02:50,689] {processor.py:642} INFO - Processing file /home/airflow/.local/lib/python3.8/site-packages/airflow/example_dags/example_latest_only.py for tasks to queue
[2023-11-04 14:02:50,693] {logging_mixin.py:109} INFO - [2023-11-04 14:02:50,692] {dagbag.py:500} INFO - Filling up the DagBag from /home/airflow/.local/lib/python3.8/site-packages/airflow/example_dags/example_latest_only.py
[2023-11-04 14:02:50,784] {processor.py:654} INFO - DAG(s) dict_keys(['latest_only']) retrieved from /home/airflow/.local/lib/python3.8/site-packages/airflow/example_dags/example_latest_only.py
[2023-11-04 14:02:50,815] {logging_mixin.py:109} INFO - [2023-11-04 14:02:50,815] {dag.py:2398} INFO - Sync 1 DAGs
[2023-11-04 14:02:50,892] {logging_mixin.py:109} INFO - [2023-11-04 14:02:50,892] {dag.py:2937} INFO - Setting next_dagrun for latest_only to 2023-11-04T10:02:50.891781+00:00
[2023-11-04 14:02:50,960] {processor.py:171} INFO - Processing /home/airflow/.local/lib/python3.8/site-packages/airflow/example_dags/example_latest_only.py took 0.283 seconds
[2023-11-04 14:04:45,217] {processor.py:163} INFO - Started process (PID=38) to work on /home/airflow/.local/lib/python3.8/site-packages/airflow/example_dags/example_latest_only.py
[2023-11-04 14:04:45,219] {processor.py:642} INFO - Processing file /home/airflow/.local/lib/python3.8/site-packages/airflow/example_dags/example_latest_only.py for tasks to queue
[2023-11-04 14:04:45,222] {logging_mixin.py:109} INFO - [2023-11-04 14:04:45,221] {dagbag.py:500} INFO - Filling up the DagBag from /home/airflow/.local/lib/python3.8/site-packages/airflow/example_dags/example_latest_only.py
[2023-11-04 14:04:45,293] {processor.py:654} INFO - DAG(s) dict_keys(['latest_only']) retrieved from /home/airflow/.local/lib/python3.8/site-packages/airflow/example_dags/example_latest_only.py
[2023-11-04 14:04:45,312] {logging_mixin.py:109} INFO - [2023-11-04 14:04:45,312] {dag.py:2398} INFO - Sync 1 DAGs
[2023-11-04 14:04:45,339] {logging_mixin.py:109} INFO - [2023-11-04 14:04:45,339] {dag.py:2937} INFO - Setting next_dagrun for latest_only to 2023-11-04T10:04:45.338111+00:00
[2023-11-04 14:04:45,363] {processor.py:171} INFO - Processing /home/airflow/.local/lib/python3.8/site-packages/airflow/example_dags/example_latest_only.py took 0.154 seconds
[2023-11-04 14:05:16,249] {processor.py:163} INFO - Started process (PID=86) to work on /home/airflow/.local/lib/python3.8/site-packages/airflow/example_dags/example_latest_only.py
[2023-11-04 14:05:16,251] {processor.py:642} INFO - Processing file /home/airflow/.local/lib/python3.8/site-packages/airflow/example_dags/example_latest_only.py for tasks to queue
[2023-11-04 14:05:16,253] {logging_mixin.py:109} INFO - [2023-11-04 14:05:16,253] {dagbag.py:500} INFO - Filling up the DagBag from /home/airflow/.local/lib/python3.8/site-packages/airflow/example_dags/example_latest_only.py
[2023-11-04 14:05:16,294] {processor.py:654} INFO - DAG(s) dict_keys(['latest_only']) retrieved from /home/airflow/.local/lib/python3.8/site-packages/airflow/example_dags/example_latest_only.py
[2023-11-04 14:05:16,308] {logging_mixin.py:109} INFO - [2023-11-04 14:05:16,308] {dag.py:2398} INFO - Sync 1 DAGs
[2023-11-04 14:05:16,327] {logging_mixin.py:109} INFO - [2023-11-04 14:05:16,327] {dag.py:2937} INFO - Setting next_dagrun for latest_only to 2023-11-04T10:05:16.326982+00:00
[2023-11-04 14:05:16,338] {processor.py:171} INFO - Processing /home/airflow/.local/lib/python3.8/site-packages/airflow/example_dags/example_latest_only.py took 0.095 seconds
[2023-11-04 14:05:47,271] {processor.py:163} INFO - Started process (PID=143) to work on /home/airflow/.local/lib/python3.8/site-packages/airflow/example_dags/example_latest_only.py
[2023-11-04 14:05:47,275] {processor.py:642} INFO - Processing file /home/airflow/.local/lib/python3.8/site-packages/airflow/example_dags/example_latest_only.py for tasks to queue
[2023-11-04 14:05:47,279] {logging_mixin.py:109} INFO - [2023-11-04 14:05:47,278] {dagbag.py:500} INFO - Filling up the DagBag from /home/airflow/.local/lib/python3.8/site-packages/airflow/example_dags/example_latest_only.py
[2023-11-04 14:05:47,347] {processor.py:654} INFO - DAG(s) dict_keys(['latest_only']) retrieved from /home/airflow/.local/lib/python3.8/site-packages/airflow/example_dags/example_latest_only.py
[2023-11-04 14:05:47,369] {logging_mixin.py:109} INFO - [2023-11-04 14:05:47,369] {dag.py:2398} INFO - Sync 1 DAGs
[2023-11-04 14:05:47,393] {logging_mixin.py:109} INFO - [2023-11-04 14:05:47,393] {dag.py:2937} INFO - Setting next_dagrun for latest_only to 2023-11-04T10:05:47.392831+00:00
[2023-11-04 14:05:47,412] {processor.py:171} INFO - Processing /home/airflow/.local/lib/python3.8/site-packages/airflow/example_dags/example_latest_only.py took 0.153 seconds
[2023-11-04 14:06:17,557] {processor.py:163} INFO - Started process (PID=192) to work on /home/airflow/.local/lib/python3.8/site-packages/airflow/example_dags/example_latest_only.py
[2023-11-04 14:06:17,560] {processor.py:642} INFO - Processing file /home/airflow/.local/lib/python3.8/site-packages/airflow/example_dags/example_latest_only.py for tasks to queue
[2023-11-04 14:06:17,561] {logging_mixin.py:109} INFO - [2023-11-04 14:06:17,561] {dagbag.py:500} INFO - Filling up the DagBag from /home/airflow/.local/lib/python3.8/site-packages/airflow/example_dags/example_latest_only.py
[2023-11-04 14:06:17,606] {processor.py:654} INFO - DAG(s) dict_keys(['latest_only']) retrieved from /home/airflow/.local/lib/python3.8/site-packages/airflow/example_dags/example_latest_only.py
[2023-11-04 14:06:17,620] {logging_mixin.py:109} INFO - [2023-11-04 14:06:17,620] {dag.py:2398} INFO - Sync 1 DAGs
[2023-11-04 14:06:17,640] {logging_mixin.py:109} INFO - [2023-11-04 14:06:17,640] {dag.py:2937} INFO - Setting next_dagrun for latest_only to 2023-11-04T10:06:17.640206+00:00
[2023-11-04 14:06:17,652] {processor.py:171} INFO - Processing /home/airflow/.local/lib/python3.8/site-packages/airflow/example_dags/example_latest_only.py took 0.100 seconds
[2023-11-04 14:06:47,984] {processor.py:163} INFO - Started process (PID=241) to work on /home/airflow/.local/lib/python3.8/site-packages/airflow/example_dags/example_latest_only.py
[2023-11-04 14:06:47,987] {processor.py:642} INFO - Processing file /home/airflow/.local/lib/python3.8/site-packages/airflow/example_dags/example_latest_only.py for tasks to queue
[2023-11-04 14:06:47,988] {logging_mixin.py:109} INFO - [2023-11-04 14:06:47,988] {dagbag.py:500} INFO - Filling up the DagBag from /home/airflow/.local/lib/python3.8/site-packages/airflow/example_dags/example_latest_only.py
[2023-11-04 14:06:48,030] {processor.py:654} INFO - DAG(s) dict_keys(['latest_only']) retrieved from /home/airflow/.local/lib/python3.8/site-packages/airflow/example_dags/example_latest_only.py
[2023-11-04 14:06:48,043] {logging_mixin.py:109} INFO - [2023-11-04 14:06:48,043] {dag.py:2398} INFO - Sync 1 DAGs
[2023-11-04 14:06:48,063] {logging_mixin.py:109} INFO - [2023-11-04 14:06:48,062] {dag.py:2937} INFO - Setting next_dagrun for latest_only to 2023-11-04T10:06:48.062507+00:00
[2023-11-04 14:06:48,075] {processor.py:171} INFO - Processing /home/airflow/.local/lib/python3.8/site-packages/airflow/example_dags/example_latest_only.py took 0.095 seconds
[2023-11-04 14:07:18,539] {processor.py:163} INFO - Started process (PID=298) to work on /home/airflow/.local/lib/python3.8/site-packages/airflow/example_dags/example_latest_only.py
[2023-11-04 14:07:18,541] {processor.py:642} INFO - Processing file /home/airflow/.local/lib/python3.8/site-packages/airflow/example_dags/example_latest_only.py for tasks to queue
[2023-11-04 14:07:18,543] {logging_mixin.py:109} INFO - [2023-11-04 14:07:18,543] {dagbag.py:500} INFO - Filling up the DagBag from /home/airflow/.local/lib/python3.8/site-packages/airflow/example_dags/example_latest_only.py
[2023-11-04 14:07:18,597] {processor.py:654} INFO - DAG(s) dict_keys(['latest_only']) retrieved from /home/airflow/.local/lib/python3.8/site-packages/airflow/example_dags/example_latest_only.py
[2023-11-04 14:07:18,612] {logging_mixin.py:109} INFO - [2023-11-04 14:07:18,612] {dag.py:2398} INFO - Sync 1 DAGs
[2023-11-04 14:07:18,634] {logging_mixin.py:109} INFO - [2023-11-04 14:07:18,634] {dag.py:2937} INFO - Setting next_dagrun for latest_only to 2023-11-04T10:07:18.633645+00:00
[2023-11-04 14:07:18,645] {processor.py:171} INFO - Processing /home/airflow/.local/lib/python3.8/site-packages/airflow/example_dags/example_latest_only.py took 0.112 seconds
[2023-11-04 14:07:49,278] {processor.py:163} INFO - Started process (PID=346) to work on /home/airflow/.local/lib/python3.8/site-packages/airflow/example_dags/example_latest_only.py
[2023-11-04 14:07:49,281] {processor.py:642} INFO - Processing file /home/airflow/.local/lib/python3.8/site-packages/airflow/example_dags/example_latest_only.py for tasks to queue
[2023-11-04 14:07:49,284] {logging_mixin.py:109} INFO - [2023-11-04 14:07:49,283] {dagbag.py:500} INFO - Filling up the DagBag from /home/airflow/.local/lib/python3.8/site-packages/airflow/example_dags/example_latest_only.py
[2023-11-04 14:07:49,336] {processor.py:654} INFO - DAG(s) dict_keys(['latest_only']) retrieved from /home/airflow/.local/lib/python3.8/site-packages/airflow/example_dags/example_latest_only.py
[2023-11-04 14:07:49,382] {logging_mixin.py:109} INFO - [2023-11-04 14:07:49,382] {dag.py:2398} INFO - Sync 1 DAGs
[2023-11-04 14:07:49,404] {logging_mixin.py:109} INFO - [2023-11-04 14:07:49,404] {dag.py:2937} INFO - Setting next_dagrun for latest_only to 2023-11-04T10:07:49.403884+00:00
[2023-11-04 14:07:49,418] {processor.py:171} INFO - Processing /home/airflow/.local/lib/python3.8/site-packages/airflow/example_dags/example_latest_only.py took 0.145 seconds
[2023-11-04 14:08:19,476] {processor.py:163} INFO - Started process (PID=403) to work on /home/airflow/.local/lib/python3.8/site-packages/airflow/example_dags/example_latest_only.py
[2023-11-04 14:08:19,479] {processor.py:642} INFO - Processing file /home/airflow/.local/lib/python3.8/site-packages/airflow/example_dags/example_latest_only.py for tasks to queue
[2023-11-04 14:08:19,480] {logging_mixin.py:109} INFO - [2023-11-04 14:08:19,480] {dagbag.py:500} INFO - Filling up the DagBag from /home/airflow/.local/lib/python3.8/site-packages/airflow/example_dags/example_latest_only.py
[2023-11-04 14:08:19,526] {processor.py:654} INFO - DAG(s) dict_keys(['latest_only']) retrieved from /home/airflow/.local/lib/python3.8/site-packages/airflow/example_dags/example_latest_only.py
[2023-11-04 14:08:19,541] {logging_mixin.py:109} INFO - [2023-11-04 14:08:19,541] {dag.py:2398} INFO - Sync 1 DAGs
[2023-11-04 14:08:19,565] {logging_mixin.py:109} INFO - [2023-11-04 14:08:19,565] {dag.py:2937} INFO - Setting next_dagrun for latest_only to 2023-11-04T10:08:19.564794+00:00
[2023-11-04 14:08:19,579] {processor.py:171} INFO - Processing /home/airflow/.local/lib/python3.8/site-packages/airflow/example_dags/example_latest_only.py took 0.108 seconds
[2023-11-04 14:08:49,732] {processor.py:163} INFO - Started process (PID=452) to work on /home/airflow/.local/lib/python3.8/site-packages/airflow/example_dags/example_latest_only.py
[2023-11-04 14:08:49,734] {processor.py:642} INFO - Processing file /home/airflow/.local/lib/python3.8/site-packages/airflow/example_dags/example_latest_only.py for tasks to queue
[2023-11-04 14:08:49,736] {logging_mixin.py:109} INFO - [2023-11-04 14:08:49,736] {dagbag.py:500} INFO - Filling up the DagBag from /home/airflow/.local/lib/python3.8/site-packages/airflow/example_dags/example_latest_only.py
[2023-11-04 14:08:49,785] {processor.py:654} INFO - DAG(s) dict_keys(['latest_only']) retrieved from /home/airflow/.local/lib/python3.8/site-packages/airflow/example_dags/example_latest_only.py
[2023-11-04 14:08:49,801] {logging_mixin.py:109} INFO - [2023-11-04 14:08:49,801] {dag.py:2398} INFO - Sync 1 DAGs
[2023-11-04 14:08:49,824] {logging_mixin.py:109} INFO - [2023-11-04 14:08:49,823] {dag.py:2937} INFO - Setting next_dagrun for latest_only to 2023-11-04T10:08:49.823531+00:00
[2023-11-04 14:08:49,837] {processor.py:171} INFO - Processing /home/airflow/.local/lib/python3.8/site-packages/airflow/example_dags/example_latest_only.py took 0.111 seconds
[2023-11-04 14:09:20,167] {processor.py:163} INFO - Started process (PID=501) to work on /home/airflow/.local/lib/python3.8/site-packages/airflow/example_dags/example_latest_only.py
[2023-11-04 14:09:20,170] {processor.py:642} INFO - Processing file /home/airflow/.local/lib/python3.8/site-packages/airflow/example_dags/example_latest_only.py for tasks to queue
[2023-11-04 14:09:20,171] {logging_mixin.py:109} INFO - [2023-11-04 14:09:20,171] {dagbag.py:500} INFO - Filling up the DagBag from /home/airflow/.local/lib/python3.8/site-packages/airflow/example_dags/example_latest_only.py
[2023-11-04 14:09:20,218] {processor.py:654} INFO - DAG(s) dict_keys(['latest_only']) retrieved from /home/airflow/.local/lib/python3.8/site-packages/airflow/example_dags/example_latest_only.py
[2023-11-04 14:09:20,232] {logging_mixin.py:109} INFO - [2023-11-04 14:09:20,232] {dag.py:2398} INFO - Sync 1 DAGs
[2023-11-04 14:09:20,255] {logging_mixin.py:109} INFO - [2023-11-04 14:09:20,255] {dag.py:2937} INFO - Setting next_dagrun for latest_only to 2023-11-04T10:09:20.254945+00:00
[2023-11-04 14:09:20,270] {processor.py:171} INFO - Processing /home/airflow/.local/lib/python3.8/site-packages/airflow/example_dags/example_latest_only.py took 0.112 seconds
[2023-11-04 14:09:50,603] {processor.py:163} INFO - Started process (PID=558) to work on /home/airflow/.local/lib/python3.8/site-packages/airflow/example_dags/example_latest_only.py
[2023-11-04 14:09:50,607] {processor.py:642} INFO - Processing file /home/airflow/.local/lib/python3.8/site-packages/airflow/example_dags/example_latest_only.py for tasks to queue
[2023-11-04 14:09:50,611] {logging_mixin.py:109} INFO - [2023-11-04 14:09:50,611] {dagbag.py:500} INFO - Filling up the DagBag from /home/airflow/.local/lib/python3.8/site-packages/airflow/example_dags/example_latest_only.py
[2023-11-04 14:09:50,669] {processor.py:654} INFO - DAG(s) dict_keys(['latest_only']) retrieved from /home/airflow/.local/lib/python3.8/site-packages/airflow/example_dags/example_latest_only.py
[2023-11-04 14:09:50,707] {logging_mixin.py:109} INFO - [2023-11-04 14:09:50,706] {dag.py:2398} INFO - Sync 1 DAGs
[2023-11-04 14:09:50,729] {logging_mixin.py:109} INFO - [2023-11-04 14:09:50,729] {dag.py:2937} INFO - Setting next_dagrun for latest_only to 2023-11-04T10:09:50.729070+00:00
[2023-11-04 14:09:50,745] {processor.py:171} INFO - Processing /home/airflow/.local/lib/python3.8/site-packages/airflow/example_dags/example_latest_only.py took 0.154 seconds
[2023-11-04 14:10:20,931] {processor.py:163} INFO - Started process (PID=607) to work on /home/airflow/.local/lib/python3.8/site-packages/airflow/example_dags/example_latest_only.py
[2023-11-04 14:10:20,933] {processor.py:642} INFO - Processing file /home/airflow/.local/lib/python3.8/site-packages/airflow/example_dags/example_latest_only.py for tasks to queue
[2023-11-04 14:10:20,934] {logging_mixin.py:109} INFO - [2023-11-04 14:10:20,934] {dagbag.py:500} INFO - Filling up the DagBag from /home/airflow/.local/lib/python3.8/site-packages/airflow/example_dags/example_latest_only.py
[2023-11-04 14:10:20,977] {processor.py:654} INFO - DAG(s) dict_keys(['latest_only']) retrieved from /home/airflow/.local/lib/python3.8/site-packages/airflow/example_dags/example_latest_only.py
[2023-11-04 14:10:20,990] {logging_mixin.py:109} INFO - [2023-11-04 14:10:20,990] {dag.py:2398} INFO - Sync 1 DAGs
[2023-11-04 14:10:21,009] {logging_mixin.py:109} INFO - [2023-11-04 14:10:21,009] {dag.py:2937} INFO - Setting next_dagrun for latest_only to 2023-11-04T10:10:21.009206+00:00
[2023-11-04 14:10:21,021] {processor.py:171} INFO - Processing /home/airflow/.local/lib/python3.8/site-packages/airflow/example_dags/example_latest_only.py took 0.096 seconds
[2023-11-04 14:11:48,416] {processor.py:163} INFO - Started process (PID=39) to work on /home/airflow/.local/lib/python3.8/site-packages/airflow/example_dags/example_latest_only.py
[2023-11-04 14:11:48,419] {processor.py:642} INFO - Processing file /home/airflow/.local/lib/python3.8/site-packages/airflow/example_dags/example_latest_only.py for tasks to queue
[2023-11-04 14:11:48,420] {logging_mixin.py:109} INFO - [2023-11-04 14:11:48,420] {dagbag.py:500} INFO - Filling up the DagBag from /home/airflow/.local/lib/python3.8/site-packages/airflow/example_dags/example_latest_only.py
[2023-11-04 14:11:48,473] {processor.py:654} INFO - DAG(s) dict_keys(['latest_only']) retrieved from /home/airflow/.local/lib/python3.8/site-packages/airflow/example_dags/example_latest_only.py
[2023-11-04 14:11:48,491] {logging_mixin.py:109} INFO - [2023-11-04 14:11:48,491] {dag.py:2398} INFO - Sync 1 DAGs
[2023-11-04 14:11:48,514] {logging_mixin.py:109} INFO - [2023-11-04 14:11:48,513] {dag.py:2937} INFO - Setting next_dagrun for latest_only to 2023-11-04T10:11:48.513174+00:00
[2023-11-04 14:11:48,532] {processor.py:171} INFO - Processing /home/airflow/.local/lib/python3.8/site-packages/airflow/example_dags/example_latest_only.py took 0.123 seconds
[2023-11-04 14:12:19,502] {processor.py:163} INFO - Started process (PID=87) to work on /home/airflow/.local/lib/python3.8/site-packages/airflow/example_dags/example_latest_only.py
[2023-11-04 14:12:19,504] {processor.py:642} INFO - Processing file /home/airflow/.local/lib/python3.8/site-packages/airflow/example_dags/example_latest_only.py for tasks to queue
[2023-11-04 14:12:19,506] {logging_mixin.py:109} INFO - [2023-11-04 14:12:19,505] {dagbag.py:500} INFO - Filling up the DagBag from /home/airflow/.local/lib/python3.8/site-packages/airflow/example_dags/example_latest_only.py
[2023-11-04 14:12:19,553] {processor.py:654} INFO - DAG(s) dict_keys(['latest_only']) retrieved from /home/airflow/.local/lib/python3.8/site-packages/airflow/example_dags/example_latest_only.py
[2023-11-04 14:12:19,568] {logging_mixin.py:109} INFO - [2023-11-04 14:12:19,568] {dag.py:2398} INFO - Sync 1 DAGs
[2023-11-04 14:12:19,590] {logging_mixin.py:109} INFO - [2023-11-04 14:12:19,590] {dag.py:2937} INFO - Setting next_dagrun for latest_only to 2023-11-04T10:12:19.589847+00:00
[2023-11-04 14:12:19,602] {processor.py:171} INFO - Processing /home/airflow/.local/lib/python3.8/site-packages/airflow/example_dags/example_latest_only.py took 0.106 seconds
[2023-11-04 14:12:49,910] {processor.py:163} INFO - Started process (PID=144) to work on /home/airflow/.local/lib/python3.8/site-packages/airflow/example_dags/example_latest_only.py
[2023-11-04 14:12:49,913] {processor.py:642} INFO - Processing file /home/airflow/.local/lib/python3.8/site-packages/airflow/example_dags/example_latest_only.py for tasks to queue
[2023-11-04 14:12:49,915] {logging_mixin.py:109} INFO - [2023-11-04 14:12:49,915] {dagbag.py:500} INFO - Filling up the DagBag from /home/airflow/.local/lib/python3.8/site-packages/airflow/example_dags/example_latest_only.py
[2023-11-04 14:12:49,962] {processor.py:654} INFO - DAG(s) dict_keys(['latest_only']) retrieved from /home/airflow/.local/lib/python3.8/site-packages/airflow/example_dags/example_latest_only.py
[2023-11-04 14:12:49,978] {logging_mixin.py:109} INFO - [2023-11-04 14:12:49,978] {dag.py:2398} INFO - Sync 1 DAGs
[2023-11-04 14:12:50,001] {logging_mixin.py:109} INFO - [2023-11-04 14:12:50,001] {dag.py:2937} INFO - Setting next_dagrun for latest_only to 2023-11-04T10:12:50.000832+00:00
[2023-11-04 14:12:50,016] {processor.py:171} INFO - Processing /home/airflow/.local/lib/python3.8/site-packages/airflow/example_dags/example_latest_only.py took 0.112 seconds
[2023-11-04 14:13:20,216] {processor.py:163} INFO - Started process (PID=193) to work on /home/airflow/.local/lib/python3.8/site-packages/airflow/example_dags/example_latest_only.py
[2023-11-04 14:13:20,219] {processor.py:642} INFO - Processing file /home/airflow/.local/lib/python3.8/site-packages/airflow/example_dags/example_latest_only.py for tasks to queue
[2023-11-04 14:13:20,220] {logging_mixin.py:109} INFO - [2023-11-04 14:13:20,220] {dagbag.py:500} INFO - Filling up the DagBag from /home/airflow/.local/lib/python3.8/site-packages/airflow/example_dags/example_latest_only.py
[2023-11-04 14:13:20,262] {processor.py:654} INFO - DAG(s) dict_keys(['latest_only']) retrieved from /home/airflow/.local/lib/python3.8/site-packages/airflow/example_dags/example_latest_only.py
[2023-11-04 14:13:20,275] {logging_mixin.py:109} INFO - [2023-11-04 14:13:20,275] {dag.py:2398} INFO - Sync 1 DAGs
[2023-11-04 14:13:20,299] {logging_mixin.py:109} INFO - [2023-11-04 14:13:20,299] {dag.py:2937} INFO - Setting next_dagrun for latest_only to 2023-11-04T10:13:20.298493+00:00
[2023-11-04 14:13:20,311] {processor.py:171} INFO - Processing /home/airflow/.local/lib/python3.8/site-packages/airflow/example_dags/example_latest_only.py took 0.100 seconds
[2023-11-04 14:13:50,817] {processor.py:163} INFO - Started process (PID=243) to work on /home/airflow/.local/lib/python3.8/site-packages/airflow/example_dags/example_latest_only.py
[2023-11-04 14:13:50,820] {processor.py:642} INFO - Processing file /home/airflow/.local/lib/python3.8/site-packages/airflow/example_dags/example_latest_only.py for tasks to queue
[2023-11-04 14:13:50,822] {logging_mixin.py:109} INFO - [2023-11-04 14:13:50,822] {dagbag.py:500} INFO - Filling up the DagBag from /home/airflow/.local/lib/python3.8/site-packages/airflow/example_dags/example_latest_only.py
[2023-11-04 14:13:50,865] {processor.py:654} INFO - DAG(s) dict_keys(['latest_only']) retrieved from /home/airflow/.local/lib/python3.8/site-packages/airflow/example_dags/example_latest_only.py
[2023-11-04 14:13:50,900] {logging_mixin.py:109} INFO - [2023-11-04 14:13:50,900] {dag.py:2398} INFO - Sync 1 DAGs
[2023-11-04 14:13:50,920] {logging_mixin.py:109} INFO - [2023-11-04 14:13:50,920] {dag.py:2937} INFO - Setting next_dagrun for latest_only to 2023-11-04T10:13:50.920259+00:00
[2023-11-04 14:13:50,933] {processor.py:171} INFO - Processing /home/airflow/.local/lib/python3.8/site-packages/airflow/example_dags/example_latest_only.py took 0.120 seconds
[2023-11-04 14:14:21,122] {processor.py:163} INFO - Started process (PID=300) to work on /home/airflow/.local/lib/python3.8/site-packages/airflow/example_dags/example_latest_only.py
[2023-11-04 14:14:21,125] {processor.py:642} INFO - Processing file /home/airflow/.local/lib/python3.8/site-packages/airflow/example_dags/example_latest_only.py for tasks to queue
[2023-11-04 14:14:21,126] {logging_mixin.py:109} INFO - [2023-11-04 14:14:21,126] {dagbag.py:500} INFO - Filling up the DagBag from /home/airflow/.local/lib/python3.8/site-packages/airflow/example_dags/example_latest_only.py
[2023-11-04 14:14:21,173] {processor.py:654} INFO - DAG(s) dict_keys(['latest_only']) retrieved from /home/airflow/.local/lib/python3.8/site-packages/airflow/example_dags/example_latest_only.py
[2023-11-04 14:14:21,187] {logging_mixin.py:109} INFO - [2023-11-04 14:14:21,187] {dag.py:2398} INFO - Sync 1 DAGs
[2023-11-04 14:14:21,208] {logging_mixin.py:109} INFO - [2023-11-04 14:14:21,208] {dag.py:2937} INFO - Setting next_dagrun for latest_only to 2023-11-04T10:14:21.208061+00:00
[2023-11-04 14:14:21,221] {processor.py:171} INFO - Processing /home/airflow/.local/lib/python3.8/site-packages/airflow/example_dags/example_latest_only.py took 0.105 seconds
[2023-11-04 14:14:51,270] {processor.py:163} INFO - Started process (PID=349) to work on /home/airflow/.local/lib/python3.8/site-packages/airflow/example_dags/example_latest_only.py
[2023-11-04 14:14:51,273] {processor.py:642} INFO - Processing file /home/airflow/.local/lib/python3.8/site-packages/airflow/example_dags/example_latest_only.py for tasks to queue
[2023-11-04 14:14:51,274] {logging_mixin.py:109} INFO - [2023-11-04 14:14:51,274] {dagbag.py:500} INFO - Filling up the DagBag from /home/airflow/.local/lib/python3.8/site-packages/airflow/example_dags/example_latest_only.py
[2023-11-04 14:14:51,318] {processor.py:654} INFO - DAG(s) dict_keys(['latest_only']) retrieved from /home/airflow/.local/lib/python3.8/site-packages/airflow/example_dags/example_latest_only.py
[2023-11-04 14:14:51,333] {logging_mixin.py:109} INFO - [2023-11-04 14:14:51,332] {dag.py:2398} INFO - Sync 1 DAGs
[2023-11-04 14:14:51,353] {logging_mixin.py:109} INFO - [2023-11-04 14:14:51,352] {dag.py:2937} INFO - Setting next_dagrun for latest_only to 2023-11-04T10:14:51.352563+00:00
[2023-11-04 14:14:51,365] {processor.py:171} INFO - Processing /home/airflow/.local/lib/python3.8/site-packages/airflow/example_dags/example_latest_only.py took 0.099 seconds
[2023-11-04 14:15:21,691] {processor.py:163} INFO - Started process (PID=398) to work on /home/airflow/.local/lib/python3.8/site-packages/airflow/example_dags/example_latest_only.py
[2023-11-04 14:15:21,694] {processor.py:642} INFO - Processing file /home/airflow/.local/lib/python3.8/site-packages/airflow/example_dags/example_latest_only.py for tasks to queue
[2023-11-04 14:15:21,696] {logging_mixin.py:109} INFO - [2023-11-04 14:15:21,696] {dagbag.py:500} INFO - Filling up the DagBag from /home/airflow/.local/lib/python3.8/site-packages/airflow/example_dags/example_latest_only.py
[2023-11-04 14:15:21,742] {processor.py:654} INFO - DAG(s) dict_keys(['latest_only']) retrieved from /home/airflow/.local/lib/python3.8/site-packages/airflow/example_dags/example_latest_only.py
[2023-11-04 14:15:21,756] {logging_mixin.py:109} INFO - [2023-11-04 14:15:21,756] {dag.py:2398} INFO - Sync 1 DAGs
[2023-11-04 14:15:21,776] {logging_mixin.py:109} INFO - [2023-11-04 14:15:21,776] {dag.py:2937} INFO - Setting next_dagrun for latest_only to 2023-11-04T10:15:21.776288+00:00
[2023-11-04 14:15:21,788] {processor.py:171} INFO - Processing /home/airflow/.local/lib/python3.8/site-packages/airflow/example_dags/example_latest_only.py took 0.102 seconds
[2023-11-04 14:15:52,117] {processor.py:163} INFO - Started process (PID=455) to work on /home/airflow/.local/lib/python3.8/site-packages/airflow/example_dags/example_latest_only.py
[2023-11-04 14:15:52,119] {processor.py:642} INFO - Processing file /home/airflow/.local/lib/python3.8/site-packages/airflow/example_dags/example_latest_only.py for tasks to queue
[2023-11-04 14:15:52,121] {logging_mixin.py:109} INFO - [2023-11-04 14:15:52,121] {dagbag.py:500} INFO - Filling up the DagBag from /home/airflow/.local/lib/python3.8/site-packages/airflow/example_dags/example_latest_only.py
[2023-11-04 14:15:52,165] {processor.py:654} INFO - DAG(s) dict_keys(['latest_only']) retrieved from /home/airflow/.local/lib/python3.8/site-packages/airflow/example_dags/example_latest_only.py
[2023-11-04 14:15:52,185] {logging_mixin.py:109} INFO - [2023-11-04 14:15:52,185] {dag.py:2398} INFO - Sync 1 DAGs
[2023-11-04 14:15:52,209] {logging_mixin.py:109} INFO - [2023-11-04 14:15:52,208] {dag.py:2937} INFO - Setting next_dagrun for latest_only to 2023-11-04T10:15:52.208218+00:00
[2023-11-04 14:15:52,221] {processor.py:171} INFO - Processing /home/airflow/.local/lib/python3.8/site-packages/airflow/example_dags/example_latest_only.py took 0.108 seconds
[2023-11-04 14:16:22,465] {processor.py:163} INFO - Started process (PID=504) to work on /home/airflow/.local/lib/python3.8/site-packages/airflow/example_dags/example_latest_only.py
[2023-11-04 14:16:22,467] {processor.py:642} INFO - Processing file /home/airflow/.local/lib/python3.8/site-packages/airflow/example_dags/example_latest_only.py for tasks to queue
[2023-11-04 14:16:22,468] {logging_mixin.py:109} INFO - [2023-11-04 14:16:22,468] {dagbag.py:500} INFO - Filling up the DagBag from /home/airflow/.local/lib/python3.8/site-packages/airflow/example_dags/example_latest_only.py
[2023-11-04 14:16:22,509] {processor.py:654} INFO - DAG(s) dict_keys(['latest_only']) retrieved from /home/airflow/.local/lib/python3.8/site-packages/airflow/example_dags/example_latest_only.py
[2023-11-04 14:16:22,522] {logging_mixin.py:109} INFO - [2023-11-04 14:16:22,522] {dag.py:2398} INFO - Sync 1 DAGs
[2023-11-04 14:16:22,542] {logging_mixin.py:109} INFO - [2023-11-04 14:16:22,542] {dag.py:2937} INFO - Setting next_dagrun for latest_only to 2023-11-04T10:16:22.542126+00:00
[2023-11-04 14:16:22,553] {processor.py:171} INFO - Processing /home/airflow/.local/lib/python3.8/site-packages/airflow/example_dags/example_latest_only.py took 0.093 seconds
[2023-11-04 14:16:53,129] {processor.py:163} INFO - Started process (PID=561) to work on /home/airflow/.local/lib/python3.8/site-packages/airflow/example_dags/example_latest_only.py
[2023-11-04 14:16:53,132] {processor.py:642} INFO - Processing file /home/airflow/.local/lib/python3.8/site-packages/airflow/example_dags/example_latest_only.py for tasks to queue
[2023-11-04 14:16:53,134] {logging_mixin.py:109} INFO - [2023-11-04 14:16:53,134] {dagbag.py:500} INFO - Filling up the DagBag from /home/airflow/.local/lib/python3.8/site-packages/airflow/example_dags/example_latest_only.py
[2023-11-04 14:16:53,187] {processor.py:654} INFO - DAG(s) dict_keys(['latest_only']) retrieved from /home/airflow/.local/lib/python3.8/site-packages/airflow/example_dags/example_latest_only.py
[2023-11-04 14:16:53,206] {logging_mixin.py:109} INFO - [2023-11-04 14:16:53,206] {dag.py:2398} INFO - Sync 1 DAGs
[2023-11-04 14:16:53,230] {logging_mixin.py:109} INFO - [2023-11-04 14:16:53,230] {dag.py:2937} INFO - Setting next_dagrun for latest_only to 2023-11-04T10:16:53.229820+00:00
[2023-11-04 14:16:53,245] {processor.py:171} INFO - Processing /home/airflow/.local/lib/python3.8/site-packages/airflow/example_dags/example_latest_only.py took 0.123 seconds
[2023-11-04 14:17:23,431] {processor.py:163} INFO - Started process (PID=610) to work on /home/airflow/.local/lib/python3.8/site-packages/airflow/example_dags/example_latest_only.py
[2023-11-04 14:17:23,434] {processor.py:642} INFO - Processing file /home/airflow/.local/lib/python3.8/site-packages/airflow/example_dags/example_latest_only.py for tasks to queue
[2023-11-04 14:17:23,436] {logging_mixin.py:109} INFO - [2023-11-04 14:17:23,435] {dagbag.py:500} INFO - Filling up the DagBag from /home/airflow/.local/lib/python3.8/site-packages/airflow/example_dags/example_latest_only.py
[2023-11-04 14:17:23,484] {processor.py:654} INFO - DAG(s) dict_keys(['latest_only']) retrieved from /home/airflow/.local/lib/python3.8/site-packages/airflow/example_dags/example_latest_only.py
[2023-11-04 14:17:23,503] {logging_mixin.py:109} INFO - [2023-11-04 14:17:23,503] {dag.py:2398} INFO - Sync 1 DAGs
[2023-11-04 14:17:23,529] {logging_mixin.py:109} INFO - [2023-11-04 14:17:23,528] {dag.py:2937} INFO - Setting next_dagrun for latest_only to 2023-11-04T10:17:23.528480+00:00
[2023-11-04 14:17:23,543] {processor.py:171} INFO - Processing /home/airflow/.local/lib/python3.8/site-packages/airflow/example_dags/example_latest_only.py took 0.117 seconds
[2023-11-04 14:17:53,787] {processor.py:163} INFO - Started process (PID=659) to work on /home/airflow/.local/lib/python3.8/site-packages/airflow/example_dags/example_latest_only.py
[2023-11-04 14:17:53,790] {processor.py:642} INFO - Processing file /home/airflow/.local/lib/python3.8/site-packages/airflow/example_dags/example_latest_only.py for tasks to queue
[2023-11-04 14:17:53,791] {logging_mixin.py:109} INFO - [2023-11-04 14:17:53,791] {dagbag.py:500} INFO - Filling up the DagBag from /home/airflow/.local/lib/python3.8/site-packages/airflow/example_dags/example_latest_only.py
[2023-11-04 14:17:53,835] {processor.py:654} INFO - DAG(s) dict_keys(['latest_only']) retrieved from /home/airflow/.local/lib/python3.8/site-packages/airflow/example_dags/example_latest_only.py
[2023-11-04 14:17:53,853] {logging_mixin.py:109} INFO - [2023-11-04 14:17:53,853] {dag.py:2398} INFO - Sync 1 DAGs
[2023-11-04 14:17:53,875] {logging_mixin.py:109} INFO - [2023-11-04 14:17:53,875] {dag.py:2937} INFO - Setting next_dagrun for latest_only to 2023-11-04T10:17:53.875218+00:00
[2023-11-04 14:17:53,889] {processor.py:171} INFO - Processing /home/airflow/.local/lib/python3.8/site-packages/airflow/example_dags/example_latest_only.py took 0.107 seconds
[2023-11-04 14:18:23,966] {processor.py:163} INFO - Started process (PID=715) to work on /home/airflow/.local/lib/python3.8/site-packages/airflow/example_dags/example_latest_only.py
[2023-11-04 14:18:23,968] {processor.py:642} INFO - Processing file /home/airflow/.local/lib/python3.8/site-packages/airflow/example_dags/example_latest_only.py for tasks to queue
[2023-11-04 14:18:23,970] {logging_mixin.py:109} INFO - [2023-11-04 14:18:23,969] {dagbag.py:500} INFO - Filling up the DagBag from /home/airflow/.local/lib/python3.8/site-packages/airflow/example_dags/example_latest_only.py
[2023-11-04 14:18:24,014] {processor.py:654} INFO - DAG(s) dict_keys(['latest_only']) retrieved from /home/airflow/.local/lib/python3.8/site-packages/airflow/example_dags/example_latest_only.py
[2023-11-04 14:18:24,029] {logging_mixin.py:109} INFO - [2023-11-04 14:18:24,029] {dag.py:2398} INFO - Sync 1 DAGs
[2023-11-04 14:18:24,052] {logging_mixin.py:109} INFO - [2023-11-04 14:18:24,051] {dag.py:2937} INFO - Setting next_dagrun for latest_only to 2023-11-04T10:18:24.051489+00:00
[2023-11-04 14:18:24,066] {processor.py:171} INFO - Processing /home/airflow/.local/lib/python3.8/site-packages/airflow/example_dags/example_latest_only.py took 0.105 seconds
[2023-11-04 14:18:54,238] {processor.py:163} INFO - Started process (PID=765) to work on /home/airflow/.local/lib/python3.8/site-packages/airflow/example_dags/example_latest_only.py
[2023-11-04 14:18:54,241] {processor.py:642} INFO - Processing file /home/airflow/.local/lib/python3.8/site-packages/airflow/example_dags/example_latest_only.py for tasks to queue
[2023-11-04 14:18:54,242] {logging_mixin.py:109} INFO - [2023-11-04 14:18:54,242] {dagbag.py:500} INFO - Filling up the DagBag from /home/airflow/.local/lib/python3.8/site-packages/airflow/example_dags/example_latest_only.py
[2023-11-04 14:18:54,294] {processor.py:654} INFO - DAG(s) dict_keys(['latest_only']) retrieved from /home/airflow/.local/lib/python3.8/site-packages/airflow/example_dags/example_latest_only.py
[2023-11-04 14:18:54,311] {logging_mixin.py:109} INFO - [2023-11-04 14:18:54,311] {dag.py:2398} INFO - Sync 1 DAGs
[2023-11-04 14:18:54,333] {logging_mixin.py:109} INFO - [2023-11-04 14:18:54,333] {dag.py:2937} INFO - Setting next_dagrun for latest_only to 2023-11-04T10:18:54.333116+00:00
[2023-11-04 14:18:54,347] {processor.py:171} INFO - Processing /home/airflow/.local/lib/python3.8/site-packages/airflow/example_dags/example_latest_only.py took 0.115 seconds
[2023-11-04 14:19:24,570] {processor.py:163} INFO - Started process (PID=814) to work on /home/airflow/.local/lib/python3.8/site-packages/airflow/example_dags/example_latest_only.py
[2023-11-04 14:19:24,573] {processor.py:642} INFO - Processing file /home/airflow/.local/lib/python3.8/site-packages/airflow/example_dags/example_latest_only.py for tasks to queue
[2023-11-04 14:19:24,575] {logging_mixin.py:109} INFO - [2023-11-04 14:19:24,574] {dagbag.py:500} INFO - Filling up the DagBag from /home/airflow/.local/lib/python3.8/site-packages/airflow/example_dags/example_latest_only.py
[2023-11-04 14:19:24,619] {processor.py:654} INFO - DAG(s) dict_keys(['latest_only']) retrieved from /home/airflow/.local/lib/python3.8/site-packages/airflow/example_dags/example_latest_only.py
[2023-11-04 14:19:24,635] {logging_mixin.py:109} INFO - [2023-11-04 14:19:24,635] {dag.py:2398} INFO - Sync 1 DAGs
[2023-11-04 14:19:24,655] {logging_mixin.py:109} INFO - [2023-11-04 14:19:24,655] {dag.py:2937} INFO - Setting next_dagrun for latest_only to 2023-11-04T10:19:24.655361+00:00
[2023-11-04 14:19:24,667] {processor.py:171} INFO - Processing /home/airflow/.local/lib/python3.8/site-packages/airflow/example_dags/example_latest_only.py took 0.102 seconds
[2023-11-04 14:19:55,075] {processor.py:163} INFO - Started process (PID=871) to work on /home/airflow/.local/lib/python3.8/site-packages/airflow/example_dags/example_latest_only.py
[2023-11-04 14:19:55,079] {processor.py:642} INFO - Processing file /home/airflow/.local/lib/python3.8/site-packages/airflow/example_dags/example_latest_only.py for tasks to queue
[2023-11-04 14:19:55,081] {logging_mixin.py:109} INFO - [2023-11-04 14:19:55,081] {dagbag.py:500} INFO - Filling up the DagBag from /home/airflow/.local/lib/python3.8/site-packages/airflow/example_dags/example_latest_only.py
[2023-11-04 14:19:55,139] {processor.py:654} INFO - DAG(s) dict_keys(['latest_only']) retrieved from /home/airflow/.local/lib/python3.8/site-packages/airflow/example_dags/example_latest_only.py
[2023-11-04 14:19:55,157] {logging_mixin.py:109} INFO - [2023-11-04 14:19:55,157] {dag.py:2398} INFO - Sync 1 DAGs
[2023-11-04 14:19:55,191] {logging_mixin.py:109} INFO - [2023-11-04 14:19:55,190] {dag.py:2937} INFO - Setting next_dagrun for latest_only to 2023-11-04T10:19:55.189443+00:00
[2023-11-04 14:19:55,211] {processor.py:171} INFO - Processing /home/airflow/.local/lib/python3.8/site-packages/airflow/example_dags/example_latest_only.py took 0.143 seconds
[2023-11-04 14:20:25,558] {processor.py:163} INFO - Started process (PID=922) to work on /home/airflow/.local/lib/python3.8/site-packages/airflow/example_dags/example_latest_only.py
[2023-11-04 14:20:25,560] {processor.py:642} INFO - Processing file /home/airflow/.local/lib/python3.8/site-packages/airflow/example_dags/example_latest_only.py for tasks to queue
[2023-11-04 14:20:25,562] {logging_mixin.py:109} INFO - [2023-11-04 14:20:25,562] {dagbag.py:500} INFO - Filling up the DagBag from /home/airflow/.local/lib/python3.8/site-packages/airflow/example_dags/example_latest_only.py
[2023-11-04 14:20:25,604] {processor.py:654} INFO - DAG(s) dict_keys(['latest_only']) retrieved from /home/airflow/.local/lib/python3.8/site-packages/airflow/example_dags/example_latest_only.py
[2023-11-04 14:20:25,619] {logging_mixin.py:109} INFO - [2023-11-04 14:20:25,619] {dag.py:2398} INFO - Sync 1 DAGs
[2023-11-04 14:20:25,640] {logging_mixin.py:109} INFO - [2023-11-04 14:20:25,640] {dag.py:2937} INFO - Setting next_dagrun for latest_only to 2023-11-04T10:20:25.639855+00:00
[2023-11-04 14:20:25,653] {processor.py:171} INFO - Processing /home/airflow/.local/lib/python3.8/site-packages/airflow/example_dags/example_latest_only.py took 0.101 seconds
[2023-11-04 14:20:56,257] {processor.py:163} INFO - Started process (PID=971) to work on /home/airflow/.local/lib/python3.8/site-packages/airflow/example_dags/example_latest_only.py
[2023-11-04 14:20:56,259] {processor.py:642} INFO - Processing file /home/airflow/.local/lib/python3.8/site-packages/airflow/example_dags/example_latest_only.py for tasks to queue
[2023-11-04 14:20:56,261] {logging_mixin.py:109} INFO - [2023-11-04 14:20:56,261] {dagbag.py:500} INFO - Filling up the DagBag from /home/airflow/.local/lib/python3.8/site-packages/airflow/example_dags/example_latest_only.py
[2023-11-04 14:20:56,302] {processor.py:654} INFO - DAG(s) dict_keys(['latest_only']) retrieved from /home/airflow/.local/lib/python3.8/site-packages/airflow/example_dags/example_latest_only.py
[2023-11-04 14:20:56,316] {logging_mixin.py:109} INFO - [2023-11-04 14:20:56,316] {dag.py:2398} INFO - Sync 1 DAGs
[2023-11-04 14:20:56,335] {logging_mixin.py:109} INFO - [2023-11-04 14:20:56,335] {dag.py:2937} INFO - Setting next_dagrun for latest_only to 2023-11-04T10:20:56.335434+00:00
[2023-11-04 14:20:56,348] {processor.py:171} INFO - Processing /home/airflow/.local/lib/python3.8/site-packages/airflow/example_dags/example_latest_only.py took 0.095 seconds
[2023-11-04 14:21:26,529] {processor.py:163} INFO - Started process (PID=1021) to work on /home/airflow/.local/lib/python3.8/site-packages/airflow/example_dags/example_latest_only.py
[2023-11-04 14:21:26,532] {processor.py:642} INFO - Processing file /home/airflow/.local/lib/python3.8/site-packages/airflow/example_dags/example_latest_only.py for tasks to queue
[2023-11-04 14:21:26,534] {logging_mixin.py:109} INFO - [2023-11-04 14:21:26,534] {dagbag.py:500} INFO - Filling up the DagBag from /home/airflow/.local/lib/python3.8/site-packages/airflow/example_dags/example_latest_only.py
[2023-11-04 14:21:26,579] {processor.py:654} INFO - DAG(s) dict_keys(['latest_only']) retrieved from /home/airflow/.local/lib/python3.8/site-packages/airflow/example_dags/example_latest_only.py
[2023-11-04 14:21:26,602] {logging_mixin.py:109} INFO - [2023-11-04 14:21:26,601] {dag.py:2398} INFO - Sync 1 DAGs
[2023-11-04 14:21:26,629] {logging_mixin.py:109} INFO - [2023-11-04 14:21:26,628] {dag.py:2937} INFO - Setting next_dagrun for latest_only to 2023-11-04T10:21:26.628580+00:00
[2023-11-04 14:21:26,640] {processor.py:171} INFO - Processing /home/airflow/.local/lib/python3.8/site-packages/airflow/example_dags/example_latest_only.py took 0.116 seconds
[2023-11-04 14:21:56,822] {processor.py:163} INFO - Started process (PID=1079) to work on /home/airflow/.local/lib/python3.8/site-packages/airflow/example_dags/example_latest_only.py
[2023-11-04 14:21:56,824] {processor.py:642} INFO - Processing file /home/airflow/.local/lib/python3.8/site-packages/airflow/example_dags/example_latest_only.py for tasks to queue
[2023-11-04 14:21:56,826] {logging_mixin.py:109} INFO - [2023-11-04 14:21:56,826] {dagbag.py:500} INFO - Filling up the DagBag from /home/airflow/.local/lib/python3.8/site-packages/airflow/example_dags/example_latest_only.py
[2023-11-04 14:21:56,866] {processor.py:654} INFO - DAG(s) dict_keys(['latest_only']) retrieved from /home/airflow/.local/lib/python3.8/site-packages/airflow/example_dags/example_latest_only.py
[2023-11-04 14:21:56,880] {logging_mixin.py:109} INFO - [2023-11-04 14:21:56,880] {dag.py:2398} INFO - Sync 1 DAGs
[2023-11-04 14:21:56,900] {logging_mixin.py:109} INFO - [2023-11-04 14:21:56,900] {dag.py:2937} INFO - Setting next_dagrun for latest_only to 2023-11-04T10:21:56.900033+00:00
[2023-11-04 14:21:56,911] {processor.py:171} INFO - Processing /home/airflow/.local/lib/python3.8/site-packages/airflow/example_dags/example_latest_only.py took 0.095 seconds
[2023-11-04 14:22:26,971] {processor.py:163} INFO - Started process (PID=1128) to work on /home/airflow/.local/lib/python3.8/site-packages/airflow/example_dags/example_latest_only.py
[2023-11-04 14:22:26,974] {processor.py:642} INFO - Processing file /home/airflow/.local/lib/python3.8/site-packages/airflow/example_dags/example_latest_only.py for tasks to queue
[2023-11-04 14:22:26,975] {logging_mixin.py:109} INFO - [2023-11-04 14:22:26,975] {dagbag.py:500} INFO - Filling up the DagBag from /home/airflow/.local/lib/python3.8/site-packages/airflow/example_dags/example_latest_only.py
[2023-11-04 14:22:27,018] {processor.py:654} INFO - DAG(s) dict_keys(['latest_only']) retrieved from /home/airflow/.local/lib/python3.8/site-packages/airflow/example_dags/example_latest_only.py
[2023-11-04 14:22:27,031] {logging_mixin.py:109} INFO - [2023-11-04 14:22:27,031] {dag.py:2398} INFO - Sync 1 DAGs
[2023-11-04 14:22:27,051] {logging_mixin.py:109} INFO - [2023-11-04 14:22:27,051] {dag.py:2937} INFO - Setting next_dagrun for latest_only to 2023-11-04T10:22:27.050869+00:00
[2023-11-04 14:22:27,062] {processor.py:171} INFO - Processing /home/airflow/.local/lib/python3.8/site-packages/airflow/example_dags/example_latest_only.py took 0.096 seconds
[2023-11-04 14:22:57,226] {processor.py:163} INFO - Started process (PID=1185) to work on /home/airflow/.local/lib/python3.8/site-packages/airflow/example_dags/example_latest_only.py
[2023-11-04 14:22:57,228] {processor.py:642} INFO - Processing file /home/airflow/.local/lib/python3.8/site-packages/airflow/example_dags/example_latest_only.py for tasks to queue
[2023-11-04 14:22:57,230] {logging_mixin.py:109} INFO - [2023-11-04 14:22:57,230] {dagbag.py:500} INFO - Filling up the DagBag from /home/airflow/.local/lib/python3.8/site-packages/airflow/example_dags/example_latest_only.py
[2023-11-04 14:22:57,273] {processor.py:654} INFO - DAG(s) dict_keys(['latest_only']) retrieved from /home/airflow/.local/lib/python3.8/site-packages/airflow/example_dags/example_latest_only.py
[2023-11-04 14:22:57,288] {logging_mixin.py:109} INFO - [2023-11-04 14:22:57,288] {dag.py:2398} INFO - Sync 1 DAGs
[2023-11-04 14:22:57,308] {logging_mixin.py:109} INFO - [2023-11-04 14:22:57,307] {dag.py:2937} INFO - Setting next_dagrun for latest_only to 2023-11-04T10:22:57.307477+00:00
[2023-11-04 14:22:57,320] {processor.py:171} INFO - Processing /home/airflow/.local/lib/python3.8/site-packages/airflow/example_dags/example_latest_only.py took 0.100 seconds
[2023-11-04 14:23:27,829] {processor.py:163} INFO - Started process (PID=1234) to work on /home/airflow/.local/lib/python3.8/site-packages/airflow/example_dags/example_latest_only.py
[2023-11-04 14:23:27,831] {processor.py:642} INFO - Processing file /home/airflow/.local/lib/python3.8/site-packages/airflow/example_dags/example_latest_only.py for tasks to queue
[2023-11-04 14:23:27,833] {logging_mixin.py:109} INFO - [2023-11-04 14:23:27,833] {dagbag.py:500} INFO - Filling up the DagBag from /home/airflow/.local/lib/python3.8/site-packages/airflow/example_dags/example_latest_only.py
[2023-11-04 14:23:27,877] {processor.py:654} INFO - DAG(s) dict_keys(['latest_only']) retrieved from /home/airflow/.local/lib/python3.8/site-packages/airflow/example_dags/example_latest_only.py
[2023-11-04 14:23:27,891] {logging_mixin.py:109} INFO - [2023-11-04 14:23:27,891] {dag.py:2398} INFO - Sync 1 DAGs
[2023-11-04 14:23:27,911] {logging_mixin.py:109} INFO - [2023-11-04 14:23:27,911] {dag.py:2937} INFO - Setting next_dagrun for latest_only to 2023-11-04T10:23:27.911108+00:00
[2023-11-04 14:23:27,923] {processor.py:171} INFO - Processing /home/airflow/.local/lib/python3.8/site-packages/airflow/example_dags/example_latest_only.py took 0.100 seconds
[2023-11-04 14:23:58,737] {processor.py:163} INFO - Started process (PID=1283) to work on /home/airflow/.local/lib/python3.8/site-packages/airflow/example_dags/example_latest_only.py
[2023-11-04 14:23:58,739] {processor.py:642} INFO - Processing file /home/airflow/.local/lib/python3.8/site-packages/airflow/example_dags/example_latest_only.py for tasks to queue
[2023-11-04 14:23:58,740] {logging_mixin.py:109} INFO - [2023-11-04 14:23:58,740] {dagbag.py:500} INFO - Filling up the DagBag from /home/airflow/.local/lib/python3.8/site-packages/airflow/example_dags/example_latest_only.py
[2023-11-04 14:23:58,782] {processor.py:654} INFO - DAG(s) dict_keys(['latest_only']) retrieved from /home/airflow/.local/lib/python3.8/site-packages/airflow/example_dags/example_latest_only.py
[2023-11-04 14:23:58,796] {logging_mixin.py:109} INFO - [2023-11-04 14:23:58,796] {dag.py:2398} INFO - Sync 1 DAGs
[2023-11-04 14:23:58,815] {logging_mixin.py:109} INFO - [2023-11-04 14:23:58,815] {dag.py:2937} INFO - Setting next_dagrun for latest_only to 2023-11-04T10:23:58.815076+00:00
[2023-11-04 14:23:58,826] {processor.py:171} INFO - Processing /home/airflow/.local/lib/python3.8/site-packages/airflow/example_dags/example_latest_only.py took 0.095 seconds
[2023-11-04 14:24:29,577] {processor.py:163} INFO - Started process (PID=1340) to work on /home/airflow/.local/lib/python3.8/site-packages/airflow/example_dags/example_latest_only.py
[2023-11-04 14:24:29,580] {processor.py:642} INFO - Processing file /home/airflow/.local/lib/python3.8/site-packages/airflow/example_dags/example_latest_only.py for tasks to queue
[2023-11-04 14:24:29,582] {logging_mixin.py:109} INFO - [2023-11-04 14:24:29,582] {dagbag.py:500} INFO - Filling up the DagBag from /home/airflow/.local/lib/python3.8/site-packages/airflow/example_dags/example_latest_only.py
[2023-11-04 14:24:29,627] {processor.py:654} INFO - DAG(s) dict_keys(['latest_only']) retrieved from /home/airflow/.local/lib/python3.8/site-packages/airflow/example_dags/example_latest_only.py
[2023-11-04 14:24:29,641] {logging_mixin.py:109} INFO - [2023-11-04 14:24:29,641] {dag.py:2398} INFO - Sync 1 DAGs
[2023-11-04 14:24:29,663] {logging_mixin.py:109} INFO - [2023-11-04 14:24:29,662] {dag.py:2937} INFO - Setting next_dagrun for latest_only to 2023-11-04T10:24:29.662587+00:00
[2023-11-04 14:24:29,675] {processor.py:171} INFO - Processing /home/airflow/.local/lib/python3.8/site-packages/airflow/example_dags/example_latest_only.py took 0.104 seconds
[2023-11-04 14:24:59,902] {processor.py:163} INFO - Started process (PID=1389) to work on /home/airflow/.local/lib/python3.8/site-packages/airflow/example_dags/example_latest_only.py
[2023-11-04 14:24:59,905] {processor.py:642} INFO - Processing file /home/airflow/.local/lib/python3.8/site-packages/airflow/example_dags/example_latest_only.py for tasks to queue
[2023-11-04 14:24:59,907] {logging_mixin.py:109} INFO - [2023-11-04 14:24:59,907] {dagbag.py:500} INFO - Filling up the DagBag from /home/airflow/.local/lib/python3.8/site-packages/airflow/example_dags/example_latest_only.py
[2023-11-04 14:24:59,953] {processor.py:654} INFO - DAG(s) dict_keys(['latest_only']) retrieved from /home/airflow/.local/lib/python3.8/site-packages/airflow/example_dags/example_latest_only.py
[2023-11-04 14:24:59,967] {logging_mixin.py:109} INFO - [2023-11-04 14:24:59,967] {dag.py:2398} INFO - Sync 1 DAGs
[2023-11-04 14:24:59,988] {logging_mixin.py:109} INFO - [2023-11-04 14:24:59,988] {dag.py:2937} INFO - Setting next_dagrun for latest_only to 2023-11-04T10:24:59.988275+00:00
[2023-11-04 14:25:00,001] {processor.py:171} INFO - Processing /home/airflow/.local/lib/python3.8/site-packages/airflow/example_dags/example_latest_only.py took 0.105 seconds
[2023-11-04 14:25:30,259] {processor.py:163} INFO - Started process (PID=1446) to work on /home/airflow/.local/lib/python3.8/site-packages/airflow/example_dags/example_latest_only.py
[2023-11-04 14:25:30,263] {processor.py:642} INFO - Processing file /home/airflow/.local/lib/python3.8/site-packages/airflow/example_dags/example_latest_only.py for tasks to queue
[2023-11-04 14:25:30,264] {logging_mixin.py:109} INFO - [2023-11-04 14:25:30,264] {dagbag.py:500} INFO - Filling up the DagBag from /home/airflow/.local/lib/python3.8/site-packages/airflow/example_dags/example_latest_only.py
[2023-11-04 14:25:30,310] {processor.py:654} INFO - DAG(s) dict_keys(['latest_only']) retrieved from /home/airflow/.local/lib/python3.8/site-packages/airflow/example_dags/example_latest_only.py
[2023-11-04 14:25:30,326] {logging_mixin.py:109} INFO - [2023-11-04 14:25:30,326] {dag.py:2398} INFO - Sync 1 DAGs
[2023-11-04 14:25:30,351] {logging_mixin.py:109} INFO - [2023-11-04 14:25:30,351] {dag.py:2937} INFO - Setting next_dagrun for latest_only to 2023-11-04T10:25:30.350632+00:00
[2023-11-04 14:25:30,364] {processor.py:171} INFO - Processing /home/airflow/.local/lib/python3.8/site-packages/airflow/example_dags/example_latest_only.py took 0.110 seconds
[2023-11-04 14:26:00,456] {processor.py:163} INFO - Started process (PID=1495) to work on /home/airflow/.local/lib/python3.8/site-packages/airflow/example_dags/example_latest_only.py
[2023-11-04 14:26:00,459] {processor.py:642} INFO - Processing file /home/airflow/.local/lib/python3.8/site-packages/airflow/example_dags/example_latest_only.py for tasks to queue
[2023-11-04 14:26:00,461] {logging_mixin.py:109} INFO - [2023-11-04 14:26:00,461] {dagbag.py:500} INFO - Filling up the DagBag from /home/airflow/.local/lib/python3.8/site-packages/airflow/example_dags/example_latest_only.py
[2023-11-04 14:26:00,546] {processor.py:654} INFO - DAG(s) dict_keys(['latest_only']) retrieved from /home/airflow/.local/lib/python3.8/site-packages/airflow/example_dags/example_latest_only.py
[2023-11-04 14:26:00,565] {logging_mixin.py:109} INFO - [2023-11-04 14:26:00,565] {dag.py:2398} INFO - Sync 1 DAGs
[2023-11-04 14:26:00,588] {logging_mixin.py:109} INFO - [2023-11-04 14:26:00,588] {dag.py:2937} INFO - Setting next_dagrun for latest_only to 2023-11-04T10:26:00.587828+00:00
[2023-11-04 14:26:00,599] {processor.py:171} INFO - Processing /home/airflow/.local/lib/python3.8/site-packages/airflow/example_dags/example_latest_only.py took 0.151 seconds
[2023-11-04 14:26:30,791] {processor.py:163} INFO - Started process (PID=1544) to work on /home/airflow/.local/lib/python3.8/site-packages/airflow/example_dags/example_latest_only.py
[2023-11-04 14:26:30,793] {processor.py:642} INFO - Processing file /home/airflow/.local/lib/python3.8/site-packages/airflow/example_dags/example_latest_only.py for tasks to queue
[2023-11-04 14:26:30,795] {logging_mixin.py:109} INFO - [2023-11-04 14:26:30,794] {dagbag.py:500} INFO - Filling up the DagBag from /home/airflow/.local/lib/python3.8/site-packages/airflow/example_dags/example_latest_only.py
[2023-11-04 14:26:30,841] {processor.py:654} INFO - DAG(s) dict_keys(['latest_only']) retrieved from /home/airflow/.local/lib/python3.8/site-packages/airflow/example_dags/example_latest_only.py
[2023-11-04 14:26:30,857] {logging_mixin.py:109} INFO - [2023-11-04 14:26:30,857] {dag.py:2398} INFO - Sync 1 DAGs
[2023-11-04 14:26:30,877] {logging_mixin.py:109} INFO - [2023-11-04 14:26:30,877] {dag.py:2937} INFO - Setting next_dagrun for latest_only to 2023-11-04T10:26:30.876665+00:00
[2023-11-04 14:26:30,888] {processor.py:171} INFO - Processing /home/airflow/.local/lib/python3.8/site-packages/airflow/example_dags/example_latest_only.py took 0.103 seconds
[2023-11-04 14:28:07,419] {processor.py:163} INFO - Started process (PID=39) to work on /home/airflow/.local/lib/python3.8/site-packages/airflow/example_dags/example_latest_only.py
[2023-11-04 14:28:07,423] {processor.py:642} INFO - Processing file /home/airflow/.local/lib/python3.8/site-packages/airflow/example_dags/example_latest_only.py for tasks to queue
[2023-11-04 14:28:07,426] {logging_mixin.py:109} INFO - [2023-11-04 14:28:07,426] {dagbag.py:500} INFO - Filling up the DagBag from /home/airflow/.local/lib/python3.8/site-packages/airflow/example_dags/example_latest_only.py
[2023-11-04 14:28:07,494] {processor.py:654} INFO - DAG(s) dict_keys(['latest_only']) retrieved from /home/airflow/.local/lib/python3.8/site-packages/airflow/example_dags/example_latest_only.py
[2023-11-04 14:28:07,511] {logging_mixin.py:109} INFO - [2023-11-04 14:28:07,511] {dag.py:2398} INFO - Sync 1 DAGs
[2023-11-04 14:28:07,542] {logging_mixin.py:109} INFO - [2023-11-04 14:28:07,542] {dag.py:2937} INFO - Setting next_dagrun for latest_only to 2023-11-04T10:28:07.541656+00:00
[2023-11-04 14:28:07,558] {processor.py:171} INFO - Processing /home/airflow/.local/lib/python3.8/site-packages/airflow/example_dags/example_latest_only.py took 0.149 seconds
[2023-11-04 14:28:38,084] {processor.py:163} INFO - Started process (PID=89) to work on /home/airflow/.local/lib/python3.8/site-packages/airflow/example_dags/example_latest_only.py
[2023-11-04 14:28:38,086] {processor.py:642} INFO - Processing file /home/airflow/.local/lib/python3.8/site-packages/airflow/example_dags/example_latest_only.py for tasks to queue
[2023-11-04 14:28:38,087] {logging_mixin.py:109} INFO - [2023-11-04 14:28:38,087] {dagbag.py:500} INFO - Filling up the DagBag from /home/airflow/.local/lib/python3.8/site-packages/airflow/example_dags/example_latest_only.py
[2023-11-04 14:28:38,130] {processor.py:654} INFO - DAG(s) dict_keys(['latest_only']) retrieved from /home/airflow/.local/lib/python3.8/site-packages/airflow/example_dags/example_latest_only.py
[2023-11-04 14:28:38,144] {logging_mixin.py:109} INFO - [2023-11-04 14:28:38,144] {dag.py:2398} INFO - Sync 1 DAGs
[2023-11-04 14:28:38,164] {logging_mixin.py:109} INFO - [2023-11-04 14:28:38,164] {dag.py:2937} INFO - Setting next_dagrun for latest_only to 2023-11-04T10:28:38.163951+00:00
[2023-11-04 14:28:38,175] {processor.py:171} INFO - Processing /home/airflow/.local/lib/python3.8/site-packages/airflow/example_dags/example_latest_only.py took 0.096 seconds
[2023-11-04 14:29:08,583] {processor.py:163} INFO - Started process (PID=146) to work on /home/airflow/.local/lib/python3.8/site-packages/airflow/example_dags/example_latest_only.py
[2023-11-04 14:29:08,585] {processor.py:642} INFO - Processing file /home/airflow/.local/lib/python3.8/site-packages/airflow/example_dags/example_latest_only.py for tasks to queue
[2023-11-04 14:29:08,587] {logging_mixin.py:109} INFO - [2023-11-04 14:29:08,586] {dagbag.py:500} INFO - Filling up the DagBag from /home/airflow/.local/lib/python3.8/site-packages/airflow/example_dags/example_latest_only.py
[2023-11-04 14:29:08,653] {processor.py:654} INFO - DAG(s) dict_keys(['latest_only']) retrieved from /home/airflow/.local/lib/python3.8/site-packages/airflow/example_dags/example_latest_only.py
[2023-11-04 14:29:08,671] {logging_mixin.py:109} INFO - [2023-11-04 14:29:08,671] {dag.py:2398} INFO - Sync 1 DAGs
[2023-11-04 14:29:08,702] {logging_mixin.py:109} INFO - [2023-11-04 14:29:08,702] {dag.py:2937} INFO - Setting next_dagrun for latest_only to 2023-11-04T10:29:08.702352+00:00
[2023-11-04 14:29:08,716] {processor.py:171} INFO - Processing /home/airflow/.local/lib/python3.8/site-packages/airflow/example_dags/example_latest_only.py took 0.139 seconds
[2023-11-04 14:29:39,008] {processor.py:163} INFO - Started process (PID=195) to work on /home/airflow/.local/lib/python3.8/site-packages/airflow/example_dags/example_latest_only.py
[2023-11-04 14:29:39,011] {processor.py:642} INFO - Processing file /home/airflow/.local/lib/python3.8/site-packages/airflow/example_dags/example_latest_only.py for tasks to queue
[2023-11-04 14:29:39,012] {logging_mixin.py:109} INFO - [2023-11-04 14:29:39,012] {dagbag.py:500} INFO - Filling up the DagBag from /home/airflow/.local/lib/python3.8/site-packages/airflow/example_dags/example_latest_only.py
[2023-11-04 14:29:39,057] {processor.py:654} INFO - DAG(s) dict_keys(['latest_only']) retrieved from /home/airflow/.local/lib/python3.8/site-packages/airflow/example_dags/example_latest_only.py
[2023-11-04 14:29:39,072] {logging_mixin.py:109} INFO - [2023-11-04 14:29:39,072] {dag.py:2398} INFO - Sync 1 DAGs
[2023-11-04 14:29:39,093] {logging_mixin.py:109} INFO - [2023-11-04 14:29:39,092] {dag.py:2937} INFO - Setting next_dagrun for latest_only to 2023-11-04T10:29:39.092514+00:00
[2023-11-04 14:29:39,104] {processor.py:171} INFO - Processing /home/airflow/.local/lib/python3.8/site-packages/airflow/example_dags/example_latest_only.py took 0.101 seconds
[2023-11-04 14:30:09,844] {processor.py:163} INFO - Started process (PID=244) to work on /home/airflow/.local/lib/python3.8/site-packages/airflow/example_dags/example_latest_only.py
[2023-11-04 14:30:09,846] {processor.py:642} INFO - Processing file /home/airflow/.local/lib/python3.8/site-packages/airflow/example_dags/example_latest_only.py for tasks to queue
[2023-11-04 14:30:09,848] {logging_mixin.py:109} INFO - [2023-11-04 14:30:09,848] {dagbag.py:500} INFO - Filling up the DagBag from /home/airflow/.local/lib/python3.8/site-packages/airflow/example_dags/example_latest_only.py
[2023-11-04 14:30:09,895] {processor.py:654} INFO - DAG(s) dict_keys(['latest_only']) retrieved from /home/airflow/.local/lib/python3.8/site-packages/airflow/example_dags/example_latest_only.py
[2023-11-04 14:30:09,909] {logging_mixin.py:109} INFO - [2023-11-04 14:30:09,909] {dag.py:2398} INFO - Sync 1 DAGs
[2023-11-04 14:30:09,934] {logging_mixin.py:109} INFO - [2023-11-04 14:30:09,934] {dag.py:2937} INFO - Setting next_dagrun for latest_only to 2023-11-04T10:30:09.933774+00:00
[2023-11-04 14:30:09,947] {processor.py:171} INFO - Processing /home/airflow/.local/lib/python3.8/site-packages/airflow/example_dags/example_latest_only.py took 0.108 seconds
[2023-11-04 14:30:40,086] {processor.py:163} INFO - Started process (PID=300) to work on /home/airflow/.local/lib/python3.8/site-packages/airflow/example_dags/example_latest_only.py
[2023-11-04 14:30:40,090] {processor.py:642} INFO - Processing file /home/airflow/.local/lib/python3.8/site-packages/airflow/example_dags/example_latest_only.py for tasks to queue
[2023-11-04 14:30:40,092] {logging_mixin.py:109} INFO - [2023-11-04 14:30:40,092] {dagbag.py:500} INFO - Filling up the DagBag from /home/airflow/.local/lib/python3.8/site-packages/airflow/example_dags/example_latest_only.py
[2023-11-04 14:30:40,163] {processor.py:654} INFO - DAG(s) dict_keys(['latest_only']) retrieved from /home/airflow/.local/lib/python3.8/site-packages/airflow/example_dags/example_latest_only.py
[2023-11-04 14:30:40,206] {logging_mixin.py:109} INFO - [2023-11-04 14:30:40,206] {dag.py:2398} INFO - Sync 1 DAGs
[2023-11-04 14:30:40,236] {logging_mixin.py:109} INFO - [2023-11-04 14:30:40,236] {dag.py:2937} INFO - Setting next_dagrun for latest_only to 2023-11-04T10:30:40.235353+00:00
[2023-11-04 14:30:40,264] {processor.py:171} INFO - Processing /home/airflow/.local/lib/python3.8/site-packages/airflow/example_dags/example_latest_only.py took 0.187 seconds
