[2023-11-04 13:41:35,252] {processor.py:163} INFO - Started process (PID=198) to work on /home/airflow/.local/lib/python3.8/site-packages/airflow/example_dags/example_branch_python_dop_operator_3.py
[2023-11-04 13:41:35,255] {processor.py:642} INFO - Processing file /home/airflow/.local/lib/python3.8/site-packages/airflow/example_dags/example_branch_python_dop_operator_3.py for tasks to queue
[2023-11-04 13:41:35,257] {logging_mixin.py:109} INFO - [2023-11-04 13:41:35,257] {dagbag.py:500} INFO - Filling up the DagBag from /home/airflow/.local/lib/python3.8/site-packages/airflow/example_dags/example_branch_python_dop_operator_3.py
[2023-11-04 13:41:35,330] {processor.py:654} INFO - DAG(s) dict_keys(['example_branch_dop_operator_v3']) retrieved from /home/airflow/.local/lib/python3.8/site-packages/airflow/example_dags/example_branch_python_dop_operator_3.py
[2023-11-04 13:41:37,331] {logging_mixin.py:109} INFO - [2023-11-04 13:41:37,331] {providers_manager.py:154} WARNING - Exception when importing 'airflow.providers.google.common.hooks.base_google.GoogleBaseHook' from 'apache-airflow-providers-google' package: module 'pyparsing' has no attribute 'downcaseTokens'
[2023-11-04 13:41:37,338] {logging_mixin.py:109} INFO - [2023-11-04 13:41:37,338] {providers_manager.py:154} WARNING - Exception when importing 'airflow.providers.google.cloud.hooks.cloud_sql.CloudSQLHook' from 'apache-airflow-providers-google' package: module 'pyparsing' has no attribute 'downcaseTokens'
[2023-11-04 13:41:37,343] {logging_mixin.py:109} INFO - [2023-11-04 13:41:37,343] {providers_manager.py:154} WARNING - Exception when importing 'airflow.providers.google.cloud.hooks.cloud_sql.CloudSQLDatabaseHook' from 'apache-airflow-providers-google' package: module 'pyparsing' has no attribute 'downcaseTokens'
[2023-11-04 13:41:37,588] {logging_mixin.py:109} INFO - [2023-11-04 13:41:37,587] {providers_manager.py:154} WARNING - Exception when importing 'airflow.providers.google.cloud.hooks.bigquery.BigQueryHook' from 'apache-airflow-providers-google' package: module 'pyparsing' has no attribute 'downcaseTokens'
[2023-11-04 13:41:37,593] {logging_mixin.py:109} INFO - [2023-11-04 13:41:37,593] {providers_manager.py:154} WARNING - Exception when importing 'airflow.providers.google.cloud.hooks.compute_ssh.ComputeEngineSSHHook' from 'apache-airflow-providers-google' package: module 'pyparsing' has no attribute 'downcaseTokens'
[2023-11-04 13:41:38,370] {logging_mixin.py:109} INFO - [2023-11-04 13:41:38,370] {providers_manager.py:154} WARNING - Exception when importing 'airflow.providers.google.common.hooks.base_google.GoogleBaseHook' from 'apache-airflow-providers-google' package: module 'pyparsing' has no attribute 'downcaseTokens'
[2023-11-04 13:41:38,376] {logging_mixin.py:109} INFO - [2023-11-04 13:41:38,376] {providers_manager.py:154} WARNING - Exception when importing 'airflow.providers.google.cloud.hooks.cloud_sql.CloudSQLHook' from 'apache-airflow-providers-google' package: module 'pyparsing' has no attribute 'downcaseTokens'
[2023-11-04 13:41:38,381] {logging_mixin.py:109} INFO - [2023-11-04 13:41:38,380] {providers_manager.py:154} WARNING - Exception when importing 'airflow.providers.google.cloud.hooks.cloud_sql.CloudSQLDatabaseHook' from 'apache-airflow-providers-google' package: module 'pyparsing' has no attribute 'downcaseTokens'
[2023-11-04 13:41:38,385] {logging_mixin.py:109} INFO - [2023-11-04 13:41:38,385] {providers_manager.py:154} WARNING - Exception when importing 'airflow.providers.google.cloud.hooks.bigquery.BigQueryHook' from 'apache-airflow-providers-google' package: module 'pyparsing' has no attribute 'downcaseTokens'
[2023-11-04 13:41:38,390] {logging_mixin.py:109} INFO - [2023-11-04 13:41:38,390] {providers_manager.py:154} WARNING - Exception when importing 'airflow.providers.google.cloud.hooks.compute_ssh.ComputeEngineSSHHook' from 'apache-airflow-providers-google' package: module 'pyparsing' has no attribute 'downcaseTokens'
[2023-11-04 13:41:38,420] {logging_mixin.py:109} INFO - [2023-11-04 13:41:38,420] {manager.py:496} INFO - Created Permission View: can read on DAG:example_branch_dop_operator_v3
[2023-11-04 13:41:38,434] {logging_mixin.py:109} INFO - [2023-11-04 13:41:38,434] {manager.py:496} INFO - Created Permission View: can edit on DAG:example_branch_dop_operator_v3
[2023-11-04 13:41:38,436] {logging_mixin.py:109} INFO - [2023-11-04 13:41:38,436] {dag.py:2398} INFO - Sync 1 DAGs
[2023-11-04 13:41:38,447] {logging_mixin.py:109} INFO - [2023-11-04 13:41:38,446] {dag.py:2417} INFO - Creating ORM DAG for example_branch_dop_operator_v3
[2023-11-04 13:41:38,467] {logging_mixin.py:109} INFO - [2023-11-04 13:41:38,467] {dag.py:2937} INFO - Setting next_dagrun for example_branch_dop_operator_v3 to 2023-11-04T13:40:00+00:00
[2023-11-04 13:41:38,487] {processor.py:171} INFO - Processing /home/airflow/.local/lib/python3.8/site-packages/airflow/example_dags/example_branch_python_dop_operator_3.py took 3.239 seconds
[2023-11-04 13:42:09,063] {processor.py:163} INFO - Started process (PID=313) to work on /home/airflow/.local/lib/python3.8/site-packages/airflow/example_dags/example_branch_python_dop_operator_3.py
[2023-11-04 13:42:09,066] {processor.py:642} INFO - Processing file /home/airflow/.local/lib/python3.8/site-packages/airflow/example_dags/example_branch_python_dop_operator_3.py for tasks to queue
[2023-11-04 13:42:09,068] {logging_mixin.py:109} INFO - [2023-11-04 13:42:09,068] {dagbag.py:500} INFO - Filling up the DagBag from /home/airflow/.local/lib/python3.8/site-packages/airflow/example_dags/example_branch_python_dop_operator_3.py
[2023-11-04 13:42:09,120] {processor.py:654} INFO - DAG(s) dict_keys(['example_branch_dop_operator_v3']) retrieved from /home/airflow/.local/lib/python3.8/site-packages/airflow/example_dags/example_branch_python_dop_operator_3.py
[2023-11-04 13:42:09,140] {logging_mixin.py:109} INFO - [2023-11-04 13:42:09,140] {dag.py:2398} INFO - Sync 1 DAGs
[2023-11-04 13:42:09,171] {logging_mixin.py:109} INFO - [2023-11-04 13:42:09,171] {dag.py:2937} INFO - Setting next_dagrun for example_branch_dop_operator_v3 to 2023-11-04T13:41:00+00:00
[2023-11-04 13:42:09,185] {processor.py:171} INFO - Processing /home/airflow/.local/lib/python3.8/site-packages/airflow/example_dags/example_branch_python_dop_operator_3.py took 0.130 seconds
[2023-11-04 13:42:39,400] {processor.py:163} INFO - Started process (PID=370) to work on /home/airflow/.local/lib/python3.8/site-packages/airflow/example_dags/example_branch_python_dop_operator_3.py
[2023-11-04 13:42:39,402] {processor.py:642} INFO - Processing file /home/airflow/.local/lib/python3.8/site-packages/airflow/example_dags/example_branch_python_dop_operator_3.py for tasks to queue
[2023-11-04 13:42:39,404] {logging_mixin.py:109} INFO - [2023-11-04 13:42:39,404] {dagbag.py:500} INFO - Filling up the DagBag from /home/airflow/.local/lib/python3.8/site-packages/airflow/example_dags/example_branch_python_dop_operator_3.py
[2023-11-04 13:42:39,459] {processor.py:654} INFO - DAG(s) dict_keys(['example_branch_dop_operator_v3']) retrieved from /home/airflow/.local/lib/python3.8/site-packages/airflow/example_dags/example_branch_python_dop_operator_3.py
[2023-11-04 13:42:39,476] {logging_mixin.py:109} INFO - [2023-11-04 13:42:39,476] {dag.py:2398} INFO - Sync 1 DAGs
[2023-11-04 13:42:39,519] {logging_mixin.py:109} INFO - [2023-11-04 13:42:39,519] {dag.py:2937} INFO - Setting next_dagrun for example_branch_dop_operator_v3 to 2023-11-04T13:41:00+00:00
[2023-11-04 13:42:39,538] {processor.py:171} INFO - Processing /home/airflow/.local/lib/python3.8/site-packages/airflow/example_dags/example_branch_python_dop_operator_3.py took 0.143 seconds
[2023-11-04 13:43:09,641] {processor.py:163} INFO - Started process (PID=419) to work on /home/airflow/.local/lib/python3.8/site-packages/airflow/example_dags/example_branch_python_dop_operator_3.py
[2023-11-04 13:43:09,644] {processor.py:642} INFO - Processing file /home/airflow/.local/lib/python3.8/site-packages/airflow/example_dags/example_branch_python_dop_operator_3.py for tasks to queue
[2023-11-04 13:43:09,645] {logging_mixin.py:109} INFO - [2023-11-04 13:43:09,645] {dagbag.py:500} INFO - Filling up the DagBag from /home/airflow/.local/lib/python3.8/site-packages/airflow/example_dags/example_branch_python_dop_operator_3.py
[2023-11-04 13:43:09,693] {processor.py:654} INFO - DAG(s) dict_keys(['example_branch_dop_operator_v3']) retrieved from /home/airflow/.local/lib/python3.8/site-packages/airflow/example_dags/example_branch_python_dop_operator_3.py
[2023-11-04 13:43:09,707] {logging_mixin.py:109} INFO - [2023-11-04 13:43:09,706] {dag.py:2398} INFO - Sync 1 DAGs
[2023-11-04 13:43:09,735] {logging_mixin.py:109} INFO - [2023-11-04 13:43:09,735] {dag.py:2937} INFO - Setting next_dagrun for example_branch_dop_operator_v3 to 2023-11-04T13:42:00+00:00
[2023-11-04 13:43:09,748] {processor.py:171} INFO - Processing /home/airflow/.local/lib/python3.8/site-packages/airflow/example_dags/example_branch_python_dop_operator_3.py took 0.112 seconds
[2023-11-04 13:43:40,057] {processor.py:163} INFO - Started process (PID=468) to work on /home/airflow/.local/lib/python3.8/site-packages/airflow/example_dags/example_branch_python_dop_operator_3.py
[2023-11-04 13:43:40,060] {processor.py:642} INFO - Processing file /home/airflow/.local/lib/python3.8/site-packages/airflow/example_dags/example_branch_python_dop_operator_3.py for tasks to queue
[2023-11-04 13:43:40,063] {logging_mixin.py:109} INFO - [2023-11-04 13:43:40,062] {dagbag.py:500} INFO - Filling up the DagBag from /home/airflow/.local/lib/python3.8/site-packages/airflow/example_dags/example_branch_python_dop_operator_3.py
[2023-11-04 13:43:40,114] {processor.py:654} INFO - DAG(s) dict_keys(['example_branch_dop_operator_v3']) retrieved from /home/airflow/.local/lib/python3.8/site-packages/airflow/example_dags/example_branch_python_dop_operator_3.py
[2023-11-04 13:43:40,130] {logging_mixin.py:109} INFO - [2023-11-04 13:43:40,130] {dag.py:2398} INFO - Sync 1 DAGs
[2023-11-04 13:43:40,164] {logging_mixin.py:109} INFO - [2023-11-04 13:43:40,164] {dag.py:2937} INFO - Setting next_dagrun for example_branch_dop_operator_v3 to 2023-11-04T13:42:00+00:00
[2023-11-04 13:43:40,178] {processor.py:171} INFO - Processing /home/airflow/.local/lib/python3.8/site-packages/airflow/example_dags/example_branch_python_dop_operator_3.py took 0.129 seconds
[2023-11-04 13:44:10,493] {processor.py:163} INFO - Started process (PID=525) to work on /home/airflow/.local/lib/python3.8/site-packages/airflow/example_dags/example_branch_python_dop_operator_3.py
[2023-11-04 13:44:10,496] {processor.py:642} INFO - Processing file /home/airflow/.local/lib/python3.8/site-packages/airflow/example_dags/example_branch_python_dop_operator_3.py for tasks to queue
[2023-11-04 13:44:10,498] {logging_mixin.py:109} INFO - [2023-11-04 13:44:10,498] {dagbag.py:500} INFO - Filling up the DagBag from /home/airflow/.local/lib/python3.8/site-packages/airflow/example_dags/example_branch_python_dop_operator_3.py
[2023-11-04 13:44:10,566] {processor.py:654} INFO - DAG(s) dict_keys(['example_branch_dop_operator_v3']) retrieved from /home/airflow/.local/lib/python3.8/site-packages/airflow/example_dags/example_branch_python_dop_operator_3.py
[2023-11-04 13:44:10,583] {logging_mixin.py:109} INFO - [2023-11-04 13:44:10,583] {dag.py:2398} INFO - Sync 1 DAGs
[2023-11-04 13:44:10,628] {logging_mixin.py:109} INFO - [2023-11-04 13:44:10,628] {dag.py:2937} INFO - Setting next_dagrun for example_branch_dop_operator_v3 to 2023-11-04T13:43:00+00:00
[2023-11-04 13:44:10,641] {processor.py:171} INFO - Processing /home/airflow/.local/lib/python3.8/site-packages/airflow/example_dags/example_branch_python_dop_operator_3.py took 0.156 seconds
[2023-11-04 13:59:21,606] {processor.py:163} INFO - Started process (PID=58) to work on /home/airflow/.local/lib/python3.8/site-packages/airflow/example_dags/example_branch_python_dop_operator_3.py
[2023-11-04 13:59:21,608] {processor.py:642} INFO - Processing file /home/airflow/.local/lib/python3.8/site-packages/airflow/example_dags/example_branch_python_dop_operator_3.py for tasks to queue
[2023-11-04 13:59:21,610] {logging_mixin.py:109} INFO - [2023-11-04 13:59:21,610] {dagbag.py:500} INFO - Filling up the DagBag from /home/airflow/.local/lib/python3.8/site-packages/airflow/example_dags/example_branch_python_dop_operator_3.py
[2023-11-04 13:59:21,667] {processor.py:654} INFO - DAG(s) dict_keys(['example_branch_dop_operator_v3']) retrieved from /home/airflow/.local/lib/python3.8/site-packages/airflow/example_dags/example_branch_python_dop_operator_3.py
[2023-11-04 13:59:21,682] {logging_mixin.py:109} INFO - [2023-11-04 13:59:21,682] {dag.py:2398} INFO - Sync 1 DAGs
[2023-11-04 13:59:21,724] {logging_mixin.py:109} INFO - [2023-11-04 13:59:21,724] {dag.py:2937} INFO - Setting next_dagrun for example_branch_dop_operator_v3 to 2023-11-04T13:58:00+00:00
[2023-11-04 13:59:21,761] {processor.py:171} INFO - Processing /home/airflow/.local/lib/python3.8/site-packages/airflow/example_dags/example_branch_python_dop_operator_3.py took 0.160 seconds
[2023-11-04 13:59:52,241] {processor.py:163} INFO - Started process (PID=106) to work on /home/airflow/.local/lib/python3.8/site-packages/airflow/example_dags/example_branch_python_dop_operator_3.py
[2023-11-04 13:59:52,244] {processor.py:642} INFO - Processing file /home/airflow/.local/lib/python3.8/site-packages/airflow/example_dags/example_branch_python_dop_operator_3.py for tasks to queue
[2023-11-04 13:59:52,246] {logging_mixin.py:109} INFO - [2023-11-04 13:59:52,245] {dagbag.py:500} INFO - Filling up the DagBag from /home/airflow/.local/lib/python3.8/site-packages/airflow/example_dags/example_branch_python_dop_operator_3.py
[2023-11-04 13:59:52,301] {processor.py:654} INFO - DAG(s) dict_keys(['example_branch_dop_operator_v3']) retrieved from /home/airflow/.local/lib/python3.8/site-packages/airflow/example_dags/example_branch_python_dop_operator_3.py
[2023-11-04 13:59:52,316] {logging_mixin.py:109} INFO - [2023-11-04 13:59:52,316] {dag.py:2398} INFO - Sync 1 DAGs
[2023-11-04 13:59:52,348] {logging_mixin.py:109} INFO - [2023-11-04 13:59:52,348] {dag.py:2937} INFO - Setting next_dagrun for example_branch_dop_operator_v3 to 2023-11-04T13:58:00+00:00
[2023-11-04 13:59:52,361] {processor.py:171} INFO - Processing /home/airflow/.local/lib/python3.8/site-packages/airflow/example_dags/example_branch_python_dop_operator_3.py took 0.127 seconds
[2023-11-04 14:00:22,456] {processor.py:163} INFO - Started process (PID=179) to work on /home/airflow/.local/lib/python3.8/site-packages/airflow/example_dags/example_branch_python_dop_operator_3.py
[2023-11-04 14:00:22,459] {processor.py:642} INFO - Processing file /home/airflow/.local/lib/python3.8/site-packages/airflow/example_dags/example_branch_python_dop_operator_3.py for tasks to queue
[2023-11-04 14:00:22,461] {logging_mixin.py:109} INFO - [2023-11-04 14:00:22,461] {dagbag.py:500} INFO - Filling up the DagBag from /home/airflow/.local/lib/python3.8/site-packages/airflow/example_dags/example_branch_python_dop_operator_3.py
[2023-11-04 14:00:22,516] {processor.py:654} INFO - DAG(s) dict_keys(['example_branch_dop_operator_v3']) retrieved from /home/airflow/.local/lib/python3.8/site-packages/airflow/example_dags/example_branch_python_dop_operator_3.py
[2023-11-04 14:00:22,530] {logging_mixin.py:109} INFO - [2023-11-04 14:00:22,529] {dag.py:2398} INFO - Sync 1 DAGs
[2023-11-04 14:00:22,558] {logging_mixin.py:109} INFO - [2023-11-04 14:00:22,558] {dag.py:2937} INFO - Setting next_dagrun for example_branch_dop_operator_v3 to 2023-11-04T13:59:00+00:00
[2023-11-04 14:00:22,571] {processor.py:171} INFO - Processing /home/airflow/.local/lib/python3.8/site-packages/airflow/example_dags/example_branch_python_dop_operator_3.py took 0.120 seconds
[2023-11-04 14:00:53,320] {processor.py:163} INFO - Started process (PID=227) to work on /home/airflow/.local/lib/python3.8/site-packages/airflow/example_dags/example_branch_python_dop_operator_3.py
[2023-11-04 14:00:53,323] {processor.py:642} INFO - Processing file /home/airflow/.local/lib/python3.8/site-packages/airflow/example_dags/example_branch_python_dop_operator_3.py for tasks to queue
[2023-11-04 14:00:53,324] {logging_mixin.py:109} INFO - [2023-11-04 14:00:53,324] {dagbag.py:500} INFO - Filling up the DagBag from /home/airflow/.local/lib/python3.8/site-packages/airflow/example_dags/example_branch_python_dop_operator_3.py
[2023-11-04 14:00:53,374] {processor.py:654} INFO - DAG(s) dict_keys(['example_branch_dop_operator_v3']) retrieved from /home/airflow/.local/lib/python3.8/site-packages/airflow/example_dags/example_branch_python_dop_operator_3.py
[2023-11-04 14:00:53,387] {logging_mixin.py:109} INFO - [2023-11-04 14:00:53,387] {dag.py:2398} INFO - Sync 1 DAGs
[2023-11-04 14:00:53,416] {logging_mixin.py:109} INFO - [2023-11-04 14:00:53,416] {dag.py:2937} INFO - Setting next_dagrun for example_branch_dop_operator_v3 to 2023-11-04T13:59:00+00:00
[2023-11-04 14:00:53,428] {processor.py:171} INFO - Processing /home/airflow/.local/lib/python3.8/site-packages/airflow/example_dags/example_branch_python_dop_operator_3.py took 0.113 seconds
[2023-11-04 14:01:23,739] {processor.py:163} INFO - Started process (PID=276) to work on /home/airflow/.local/lib/python3.8/site-packages/airflow/example_dags/example_branch_python_dop_operator_3.py
[2023-11-04 14:01:23,742] {processor.py:642} INFO - Processing file /home/airflow/.local/lib/python3.8/site-packages/airflow/example_dags/example_branch_python_dop_operator_3.py for tasks to queue
[2023-11-04 14:01:23,744] {logging_mixin.py:109} INFO - [2023-11-04 14:01:23,743] {dagbag.py:500} INFO - Filling up the DagBag from /home/airflow/.local/lib/python3.8/site-packages/airflow/example_dags/example_branch_python_dop_operator_3.py
[2023-11-04 14:01:23,791] {processor.py:654} INFO - DAG(s) dict_keys(['example_branch_dop_operator_v3']) retrieved from /home/airflow/.local/lib/python3.8/site-packages/airflow/example_dags/example_branch_python_dop_operator_3.py
[2023-11-04 14:01:23,818] {logging_mixin.py:109} INFO - [2023-11-04 14:01:23,818] {dag.py:2398} INFO - Sync 1 DAGs
[2023-11-04 14:01:23,847] {logging_mixin.py:109} INFO - [2023-11-04 14:01:23,847] {dag.py:2937} INFO - Setting next_dagrun for example_branch_dop_operator_v3 to 2023-11-04T14:00:00+00:00
[2023-11-04 14:01:23,858] {processor.py:171} INFO - Processing /home/airflow/.local/lib/python3.8/site-packages/airflow/example_dags/example_branch_python_dop_operator_3.py took 0.131 seconds
[2023-11-04 14:01:54,399] {processor.py:163} INFO - Started process (PID=333) to work on /home/airflow/.local/lib/python3.8/site-packages/airflow/example_dags/example_branch_python_dop_operator_3.py
[2023-11-04 14:01:54,402] {processor.py:642} INFO - Processing file /home/airflow/.local/lib/python3.8/site-packages/airflow/example_dags/example_branch_python_dop_operator_3.py for tasks to queue
[2023-11-04 14:01:54,403] {logging_mixin.py:109} INFO - [2023-11-04 14:01:54,403] {dagbag.py:500} INFO - Filling up the DagBag from /home/airflow/.local/lib/python3.8/site-packages/airflow/example_dags/example_branch_python_dop_operator_3.py
[2023-11-04 14:01:54,451] {processor.py:654} INFO - DAG(s) dict_keys(['example_branch_dop_operator_v3']) retrieved from /home/airflow/.local/lib/python3.8/site-packages/airflow/example_dags/example_branch_python_dop_operator_3.py
[2023-11-04 14:01:54,465] {logging_mixin.py:109} INFO - [2023-11-04 14:01:54,465] {dag.py:2398} INFO - Sync 1 DAGs
[2023-11-04 14:01:54,493] {logging_mixin.py:109} INFO - [2023-11-04 14:01:54,493] {dag.py:2937} INFO - Setting next_dagrun for example_branch_dop_operator_v3 to 2023-11-04T14:00:00+00:00
[2023-11-04 14:01:54,505] {processor.py:171} INFO - Processing /home/airflow/.local/lib/python3.8/site-packages/airflow/example_dags/example_branch_python_dop_operator_3.py took 0.111 seconds
[2023-11-04 14:02:25,117] {processor.py:163} INFO - Started process (PID=382) to work on /home/airflow/.local/lib/python3.8/site-packages/airflow/example_dags/example_branch_python_dop_operator_3.py
[2023-11-04 14:02:25,120] {processor.py:642} INFO - Processing file /home/airflow/.local/lib/python3.8/site-packages/airflow/example_dags/example_branch_python_dop_operator_3.py for tasks to queue
[2023-11-04 14:02:25,122] {logging_mixin.py:109} INFO - [2023-11-04 14:02:25,121] {dagbag.py:500} INFO - Filling up the DagBag from /home/airflow/.local/lib/python3.8/site-packages/airflow/example_dags/example_branch_python_dop_operator_3.py
[2023-11-04 14:02:25,169] {processor.py:654} INFO - DAG(s) dict_keys(['example_branch_dop_operator_v3']) retrieved from /home/airflow/.local/lib/python3.8/site-packages/airflow/example_dags/example_branch_python_dop_operator_3.py
[2023-11-04 14:02:25,183] {logging_mixin.py:109} INFO - [2023-11-04 14:02:25,183] {dag.py:2398} INFO - Sync 1 DAGs
[2023-11-04 14:02:25,215] {logging_mixin.py:109} INFO - [2023-11-04 14:02:25,215] {dag.py:2937} INFO - Setting next_dagrun for example_branch_dop_operator_v3 to 2023-11-04T14:01:00+00:00
[2023-11-04 14:02:25,226] {processor.py:171} INFO - Processing /home/airflow/.local/lib/python3.8/site-packages/airflow/example_dags/example_branch_python_dop_operator_3.py took 0.115 seconds
[2023-11-04 14:04:47,886] {processor.py:163} INFO - Started process (PID=53) to work on /home/airflow/.local/lib/python3.8/site-packages/airflow/example_dags/example_branch_python_dop_operator_3.py
[2023-11-04 14:04:47,890] {processor.py:642} INFO - Processing file /home/airflow/.local/lib/python3.8/site-packages/airflow/example_dags/example_branch_python_dop_operator_3.py for tasks to queue
[2023-11-04 14:04:47,896] {logging_mixin.py:109} INFO - [2023-11-04 14:04:47,892] {dagbag.py:500} INFO - Filling up the DagBag from /home/airflow/.local/lib/python3.8/site-packages/airflow/example_dags/example_branch_python_dop_operator_3.py
[2023-11-04 14:04:47,988] {processor.py:654} INFO - DAG(s) dict_keys(['example_branch_dop_operator_v3']) retrieved from /home/airflow/.local/lib/python3.8/site-packages/airflow/example_dags/example_branch_python_dop_operator_3.py
[2023-11-04 14:04:48,010] {logging_mixin.py:109} INFO - [2023-11-04 14:04:48,010] {dag.py:2398} INFO - Sync 1 DAGs
[2023-11-04 14:04:48,048] {logging_mixin.py:109} INFO - [2023-11-04 14:04:48,048] {dag.py:2937} INFO - Setting next_dagrun for example_branch_dop_operator_v3 to 2023-11-04T14:03:00+00:00
[2023-11-04 14:04:48,064] {processor.py:171} INFO - Processing /home/airflow/.local/lib/python3.8/site-packages/airflow/example_dags/example_branch_python_dop_operator_3.py took 0.190 seconds
[2023-11-04 14:05:18,958] {processor.py:163} INFO - Started process (PID=107) to work on /home/airflow/.local/lib/python3.8/site-packages/airflow/example_dags/example_branch_python_dop_operator_3.py
[2023-11-04 14:05:18,962] {processor.py:642} INFO - Processing file /home/airflow/.local/lib/python3.8/site-packages/airflow/example_dags/example_branch_python_dop_operator_3.py for tasks to queue
[2023-11-04 14:05:18,964] {logging_mixin.py:109} INFO - [2023-11-04 14:05:18,964] {dagbag.py:500} INFO - Filling up the DagBag from /home/airflow/.local/lib/python3.8/site-packages/airflow/example_dags/example_branch_python_dop_operator_3.py
[2023-11-04 14:05:19,019] {processor.py:654} INFO - DAG(s) dict_keys(['example_branch_dop_operator_v3']) retrieved from /home/airflow/.local/lib/python3.8/site-packages/airflow/example_dags/example_branch_python_dop_operator_3.py
[2023-11-04 14:05:19,035] {logging_mixin.py:109} INFO - [2023-11-04 14:05:19,034] {dag.py:2398} INFO - Sync 1 DAGs
[2023-11-04 14:05:19,066] {logging_mixin.py:109} INFO - [2023-11-04 14:05:19,066] {dag.py:2937} INFO - Setting next_dagrun for example_branch_dop_operator_v3 to 2023-11-04T14:04:00+00:00
[2023-11-04 14:05:19,084] {processor.py:171} INFO - Processing /home/airflow/.local/lib/python3.8/site-packages/airflow/example_dags/example_branch_python_dop_operator_3.py took 0.131 seconds
[2023-11-04 14:05:49,972] {processor.py:163} INFO - Started process (PID=157) to work on /home/airflow/.local/lib/python3.8/site-packages/airflow/example_dags/example_branch_python_dop_operator_3.py
[2023-11-04 14:05:49,975] {processor.py:642} INFO - Processing file /home/airflow/.local/lib/python3.8/site-packages/airflow/example_dags/example_branch_python_dop_operator_3.py for tasks to queue
[2023-11-04 14:05:49,977] {logging_mixin.py:109} INFO - [2023-11-04 14:05:49,976] {dagbag.py:500} INFO - Filling up the DagBag from /home/airflow/.local/lib/python3.8/site-packages/airflow/example_dags/example_branch_python_dop_operator_3.py
[2023-11-04 14:05:50,026] {processor.py:654} INFO - DAG(s) dict_keys(['example_branch_dop_operator_v3']) retrieved from /home/airflow/.local/lib/python3.8/site-packages/airflow/example_dags/example_branch_python_dop_operator_3.py
[2023-11-04 14:05:50,043] {logging_mixin.py:109} INFO - [2023-11-04 14:05:50,043] {dag.py:2398} INFO - Sync 1 DAGs
[2023-11-04 14:05:50,087] {logging_mixin.py:109} INFO - [2023-11-04 14:05:50,087] {dag.py:2937} INFO - Setting next_dagrun for example_branch_dop_operator_v3 to 2023-11-04T14:04:00+00:00
[2023-11-04 14:05:50,098] {processor.py:171} INFO - Processing /home/airflow/.local/lib/python3.8/site-packages/airflow/example_dags/example_branch_python_dop_operator_3.py took 0.132 seconds
[2023-11-04 14:06:20,470] {processor.py:163} INFO - Started process (PID=206) to work on /home/airflow/.local/lib/python3.8/site-packages/airflow/example_dags/example_branch_python_dop_operator_3.py
[2023-11-04 14:06:20,473] {processor.py:642} INFO - Processing file /home/airflow/.local/lib/python3.8/site-packages/airflow/example_dags/example_branch_python_dop_operator_3.py for tasks to queue
[2023-11-04 14:06:20,475] {logging_mixin.py:109} INFO - [2023-11-04 14:06:20,475] {dagbag.py:500} INFO - Filling up the DagBag from /home/airflow/.local/lib/python3.8/site-packages/airflow/example_dags/example_branch_python_dop_operator_3.py
[2023-11-04 14:06:20,526] {processor.py:654} INFO - DAG(s) dict_keys(['example_branch_dop_operator_v3']) retrieved from /home/airflow/.local/lib/python3.8/site-packages/airflow/example_dags/example_branch_python_dop_operator_3.py
[2023-11-04 14:06:20,540] {logging_mixin.py:109} INFO - [2023-11-04 14:06:20,540] {dag.py:2398} INFO - Sync 1 DAGs
[2023-11-04 14:06:20,569] {logging_mixin.py:109} INFO - [2023-11-04 14:06:20,569] {dag.py:2937} INFO - Setting next_dagrun for example_branch_dop_operator_v3 to 2023-11-04T14:05:00+00:00
[2023-11-04 14:06:20,582] {processor.py:171} INFO - Processing /home/airflow/.local/lib/python3.8/site-packages/airflow/example_dags/example_branch_python_dop_operator_3.py took 0.117 seconds
[2023-11-04 14:06:50,907] {processor.py:163} INFO - Started process (PID=263) to work on /home/airflow/.local/lib/python3.8/site-packages/airflow/example_dags/example_branch_python_dop_operator_3.py
[2023-11-04 14:06:50,910] {processor.py:642} INFO - Processing file /home/airflow/.local/lib/python3.8/site-packages/airflow/example_dags/example_branch_python_dop_operator_3.py for tasks to queue
[2023-11-04 14:06:50,911] {logging_mixin.py:109} INFO - [2023-11-04 14:06:50,911] {dagbag.py:500} INFO - Filling up the DagBag from /home/airflow/.local/lib/python3.8/site-packages/airflow/example_dags/example_branch_python_dop_operator_3.py
[2023-11-04 14:06:50,963] {processor.py:654} INFO - DAG(s) dict_keys(['example_branch_dop_operator_v3']) retrieved from /home/airflow/.local/lib/python3.8/site-packages/airflow/example_dags/example_branch_python_dop_operator_3.py
[2023-11-04 14:06:50,982] {logging_mixin.py:109} INFO - [2023-11-04 14:06:50,981] {dag.py:2398} INFO - Sync 1 DAGs
[2023-11-04 14:06:51,014] {logging_mixin.py:109} INFO - [2023-11-04 14:06:51,014] {dag.py:2937} INFO - Setting next_dagrun for example_branch_dop_operator_v3 to 2023-11-04T14:05:00+00:00
[2023-11-04 14:06:51,027] {processor.py:171} INFO - Processing /home/airflow/.local/lib/python3.8/site-packages/airflow/example_dags/example_branch_python_dop_operator_3.py took 0.125 seconds
[2023-11-04 14:07:21,298] {processor.py:163} INFO - Started process (PID=312) to work on /home/airflow/.local/lib/python3.8/site-packages/airflow/example_dags/example_branch_python_dop_operator_3.py
[2023-11-04 14:07:21,301] {processor.py:642} INFO - Processing file /home/airflow/.local/lib/python3.8/site-packages/airflow/example_dags/example_branch_python_dop_operator_3.py for tasks to queue
[2023-11-04 14:07:21,302] {logging_mixin.py:109} INFO - [2023-11-04 14:07:21,302] {dagbag.py:500} INFO - Filling up the DagBag from /home/airflow/.local/lib/python3.8/site-packages/airflow/example_dags/example_branch_python_dop_operator_3.py
[2023-11-04 14:07:21,352] {processor.py:654} INFO - DAG(s) dict_keys(['example_branch_dop_operator_v3']) retrieved from /home/airflow/.local/lib/python3.8/site-packages/airflow/example_dags/example_branch_python_dop_operator_3.py
[2023-11-04 14:07:21,368] {logging_mixin.py:109} INFO - [2023-11-04 14:07:21,368] {dag.py:2398} INFO - Sync 1 DAGs
[2023-11-04 14:07:21,400] {logging_mixin.py:109} INFO - [2023-11-04 14:07:21,400] {dag.py:2937} INFO - Setting next_dagrun for example_branch_dop_operator_v3 to 2023-11-04T14:06:00+00:00
[2023-11-04 14:07:21,411] {processor.py:171} INFO - Processing /home/airflow/.local/lib/python3.8/site-packages/airflow/example_dags/example_branch_python_dop_operator_3.py took 0.118 seconds
[2023-11-04 14:07:52,026] {processor.py:163} INFO - Started process (PID=360) to work on /home/airflow/.local/lib/python3.8/site-packages/airflow/example_dags/example_branch_python_dop_operator_3.py
[2023-11-04 14:07:52,029] {processor.py:642} INFO - Processing file /home/airflow/.local/lib/python3.8/site-packages/airflow/example_dags/example_branch_python_dop_operator_3.py for tasks to queue
[2023-11-04 14:07:52,030] {logging_mixin.py:109} INFO - [2023-11-04 14:07:52,030] {dagbag.py:500} INFO - Filling up the DagBag from /home/airflow/.local/lib/python3.8/site-packages/airflow/example_dags/example_branch_python_dop_operator_3.py
[2023-11-04 14:07:52,084] {processor.py:654} INFO - DAG(s) dict_keys(['example_branch_dop_operator_v3']) retrieved from /home/airflow/.local/lib/python3.8/site-packages/airflow/example_dags/example_branch_python_dop_operator_3.py
[2023-11-04 14:07:52,100] {logging_mixin.py:109} INFO - [2023-11-04 14:07:52,100] {dag.py:2398} INFO - Sync 1 DAGs
[2023-11-04 14:07:52,141] {logging_mixin.py:109} INFO - [2023-11-04 14:07:52,141] {dag.py:2937} INFO - Setting next_dagrun for example_branch_dop_operator_v3 to 2023-11-04T14:06:00+00:00
[2023-11-04 14:07:52,158] {processor.py:171} INFO - Processing /home/airflow/.local/lib/python3.8/site-packages/airflow/example_dags/example_branch_python_dop_operator_3.py took 0.136 seconds
[2023-11-04 14:08:23,180] {processor.py:163} INFO - Started process (PID=417) to work on /home/airflow/.local/lib/python3.8/site-packages/airflow/example_dags/example_branch_python_dop_operator_3.py
[2023-11-04 14:08:23,182] {processor.py:642} INFO - Processing file /home/airflow/.local/lib/python3.8/site-packages/airflow/example_dags/example_branch_python_dop_operator_3.py for tasks to queue
[2023-11-04 14:08:23,184] {logging_mixin.py:109} INFO - [2023-11-04 14:08:23,184] {dagbag.py:500} INFO - Filling up the DagBag from /home/airflow/.local/lib/python3.8/site-packages/airflow/example_dags/example_branch_python_dop_operator_3.py
[2023-11-04 14:08:23,233] {processor.py:654} INFO - DAG(s) dict_keys(['example_branch_dop_operator_v3']) retrieved from /home/airflow/.local/lib/python3.8/site-packages/airflow/example_dags/example_branch_python_dop_operator_3.py
[2023-11-04 14:08:23,248] {logging_mixin.py:109} INFO - [2023-11-04 14:08:23,248] {dag.py:2398} INFO - Sync 1 DAGs
[2023-11-04 14:08:23,278] {logging_mixin.py:109} INFO - [2023-11-04 14:08:23,278] {dag.py:2937} INFO - Setting next_dagrun for example_branch_dop_operator_v3 to 2023-11-04T14:07:00+00:00
[2023-11-04 14:08:23,292] {processor.py:171} INFO - Processing /home/airflow/.local/lib/python3.8/site-packages/airflow/example_dags/example_branch_python_dop_operator_3.py took 0.116 seconds
[2023-11-04 14:08:53,637] {processor.py:163} INFO - Started process (PID=466) to work on /home/airflow/.local/lib/python3.8/site-packages/airflow/example_dags/example_branch_python_dop_operator_3.py
[2023-11-04 14:08:53,640] {processor.py:642} INFO - Processing file /home/airflow/.local/lib/python3.8/site-packages/airflow/example_dags/example_branch_python_dop_operator_3.py for tasks to queue
[2023-11-04 14:08:53,642] {logging_mixin.py:109} INFO - [2023-11-04 14:08:53,642] {dagbag.py:500} INFO - Filling up the DagBag from /home/airflow/.local/lib/python3.8/site-packages/airflow/example_dags/example_branch_python_dop_operator_3.py
[2023-11-04 14:08:53,697] {processor.py:654} INFO - DAG(s) dict_keys(['example_branch_dop_operator_v3']) retrieved from /home/airflow/.local/lib/python3.8/site-packages/airflow/example_dags/example_branch_python_dop_operator_3.py
[2023-11-04 14:08:53,711] {logging_mixin.py:109} INFO - [2023-11-04 14:08:53,711] {dag.py:2398} INFO - Sync 1 DAGs
[2023-11-04 14:08:53,744] {logging_mixin.py:109} INFO - [2023-11-04 14:08:53,744] {dag.py:2937} INFO - Setting next_dagrun for example_branch_dop_operator_v3 to 2023-11-04T14:07:00+00:00
[2023-11-04 14:08:53,756] {processor.py:171} INFO - Processing /home/airflow/.local/lib/python3.8/site-packages/airflow/example_dags/example_branch_python_dop_operator_3.py took 0.125 seconds
[2023-11-04 14:09:23,891] {processor.py:163} INFO - Started process (PID=523) to work on /home/airflow/.local/lib/python3.8/site-packages/airflow/example_dags/example_branch_python_dop_operator_3.py
[2023-11-04 14:09:23,894] {processor.py:642} INFO - Processing file /home/airflow/.local/lib/python3.8/site-packages/airflow/example_dags/example_branch_python_dop_operator_3.py for tasks to queue
[2023-11-04 14:09:23,896] {logging_mixin.py:109} INFO - [2023-11-04 14:09:23,896] {dagbag.py:500} INFO - Filling up the DagBag from /home/airflow/.local/lib/python3.8/site-packages/airflow/example_dags/example_branch_python_dop_operator_3.py
[2023-11-04 14:09:23,954] {processor.py:654} INFO - DAG(s) dict_keys(['example_branch_dop_operator_v3']) retrieved from /home/airflow/.local/lib/python3.8/site-packages/airflow/example_dags/example_branch_python_dop_operator_3.py
[2023-11-04 14:09:23,971] {logging_mixin.py:109} INFO - [2023-11-04 14:09:23,971] {dag.py:2398} INFO - Sync 1 DAGs
[2023-11-04 14:09:24,006] {logging_mixin.py:109} INFO - [2023-11-04 14:09:24,005] {dag.py:2937} INFO - Setting next_dagrun for example_branch_dop_operator_v3 to 2023-11-04T14:08:00+00:00
[2023-11-04 14:09:24,020] {processor.py:171} INFO - Processing /home/airflow/.local/lib/python3.8/site-packages/airflow/example_dags/example_branch_python_dop_operator_3.py took 0.134 seconds
[2023-11-04 14:09:55,059] {processor.py:163} INFO - Started process (PID=572) to work on /home/airflow/.local/lib/python3.8/site-packages/airflow/example_dags/example_branch_python_dop_operator_3.py
[2023-11-04 14:09:55,062] {processor.py:642} INFO - Processing file /home/airflow/.local/lib/python3.8/site-packages/airflow/example_dags/example_branch_python_dop_operator_3.py for tasks to queue
[2023-11-04 14:09:55,063] {logging_mixin.py:109} INFO - [2023-11-04 14:09:55,063] {dagbag.py:500} INFO - Filling up the DagBag from /home/airflow/.local/lib/python3.8/site-packages/airflow/example_dags/example_branch_python_dop_operator_3.py
[2023-11-04 14:09:55,109] {processor.py:654} INFO - DAG(s) dict_keys(['example_branch_dop_operator_v3']) retrieved from /home/airflow/.local/lib/python3.8/site-packages/airflow/example_dags/example_branch_python_dop_operator_3.py
[2023-11-04 14:09:55,122] {logging_mixin.py:109} INFO - [2023-11-04 14:09:55,122] {dag.py:2398} INFO - Sync 1 DAGs
[2023-11-04 14:09:55,150] {logging_mixin.py:109} INFO - [2023-11-04 14:09:55,150] {dag.py:2937} INFO - Setting next_dagrun for example_branch_dop_operator_v3 to 2023-11-04T14:08:00+00:00
[2023-11-04 14:09:55,161] {processor.py:171} INFO - Processing /home/airflow/.local/lib/python3.8/site-packages/airflow/example_dags/example_branch_python_dop_operator_3.py took 0.107 seconds
[2023-11-04 14:10:26,226] {processor.py:163} INFO - Started process (PID=621) to work on /home/airflow/.local/lib/python3.8/site-packages/airflow/example_dags/example_branch_python_dop_operator_3.py
[2023-11-04 14:10:26,230] {processor.py:642} INFO - Processing file /home/airflow/.local/lib/python3.8/site-packages/airflow/example_dags/example_branch_python_dop_operator_3.py for tasks to queue
[2023-11-04 14:10:26,232] {logging_mixin.py:109} INFO - [2023-11-04 14:10:26,231] {dagbag.py:500} INFO - Filling up the DagBag from /home/airflow/.local/lib/python3.8/site-packages/airflow/example_dags/example_branch_python_dop_operator_3.py
[2023-11-04 14:10:26,290] {processor.py:654} INFO - DAG(s) dict_keys(['example_branch_dop_operator_v3']) retrieved from /home/airflow/.local/lib/python3.8/site-packages/airflow/example_dags/example_branch_python_dop_operator_3.py
[2023-11-04 14:10:26,304] {logging_mixin.py:109} INFO - [2023-11-04 14:10:26,304] {dag.py:2398} INFO - Sync 1 DAGs
[2023-11-04 14:10:26,342] {logging_mixin.py:109} INFO - [2023-11-04 14:10:26,342] {dag.py:2937} INFO - Setting next_dagrun for example_branch_dop_operator_v3 to 2023-11-04T14:09:00+00:00
[2023-11-04 14:10:26,360] {processor.py:171} INFO - Processing /home/airflow/.local/lib/python3.8/site-packages/airflow/example_dags/example_branch_python_dop_operator_3.py took 0.141 seconds
[2023-11-04 14:11:50,650] {processor.py:163} INFO - Started process (PID=54) to work on /home/airflow/.local/lib/python3.8/site-packages/airflow/example_dags/example_branch_python_dop_operator_3.py
[2023-11-04 14:11:50,653] {processor.py:642} INFO - Processing file /home/airflow/.local/lib/python3.8/site-packages/airflow/example_dags/example_branch_python_dop_operator_3.py for tasks to queue
[2023-11-04 14:11:50,655] {logging_mixin.py:109} INFO - [2023-11-04 14:11:50,655] {dagbag.py:500} INFO - Filling up the DagBag from /home/airflow/.local/lib/python3.8/site-packages/airflow/example_dags/example_branch_python_dop_operator_3.py
[2023-11-04 14:11:50,707] {processor.py:654} INFO - DAG(s) dict_keys(['example_branch_dop_operator_v3']) retrieved from /home/airflow/.local/lib/python3.8/site-packages/airflow/example_dags/example_branch_python_dop_operator_3.py
[2023-11-04 14:11:50,721] {logging_mixin.py:109} INFO - [2023-11-04 14:11:50,721] {dag.py:2398} INFO - Sync 1 DAGs
[2023-11-04 14:11:50,755] {logging_mixin.py:109} INFO - [2023-11-04 14:11:50,755] {dag.py:2937} INFO - Setting next_dagrun for example_branch_dop_operator_v3 to 2023-11-04T14:10:00+00:00
[2023-11-04 14:11:50,770] {processor.py:171} INFO - Processing /home/airflow/.local/lib/python3.8/site-packages/airflow/example_dags/example_branch_python_dop_operator_3.py took 0.125 seconds
[2023-11-04 14:12:21,236] {processor.py:163} INFO - Started process (PID=102) to work on /home/airflow/.local/lib/python3.8/site-packages/airflow/example_dags/example_branch_python_dop_operator_3.py
[2023-11-04 14:12:21,239] {processor.py:642} INFO - Processing file /home/airflow/.local/lib/python3.8/site-packages/airflow/example_dags/example_branch_python_dop_operator_3.py for tasks to queue
[2023-11-04 14:12:21,240] {logging_mixin.py:109} INFO - [2023-11-04 14:12:21,240] {dagbag.py:500} INFO - Filling up the DagBag from /home/airflow/.local/lib/python3.8/site-packages/airflow/example_dags/example_branch_python_dop_operator_3.py
[2023-11-04 14:12:21,291] {processor.py:654} INFO - DAG(s) dict_keys(['example_branch_dop_operator_v3']) retrieved from /home/airflow/.local/lib/python3.8/site-packages/airflow/example_dags/example_branch_python_dop_operator_3.py
[2023-11-04 14:12:21,304] {logging_mixin.py:109} INFO - [2023-11-04 14:12:21,304] {dag.py:2398} INFO - Sync 1 DAGs
[2023-11-04 14:12:21,337] {logging_mixin.py:109} INFO - [2023-11-04 14:12:21,337] {dag.py:2937} INFO - Setting next_dagrun for example_branch_dop_operator_v3 to 2023-11-04T14:11:00+00:00
[2023-11-04 14:12:21,351] {processor.py:171} INFO - Processing /home/airflow/.local/lib/python3.8/site-packages/airflow/example_dags/example_branch_python_dop_operator_3.py took 0.121 seconds
[2023-11-04 14:12:52,571] {processor.py:163} INFO - Started process (PID=159) to work on /home/airflow/.local/lib/python3.8/site-packages/airflow/example_dags/example_branch_python_dop_operator_3.py
[2023-11-04 14:12:52,573] {processor.py:642} INFO - Processing file /home/airflow/.local/lib/python3.8/site-packages/airflow/example_dags/example_branch_python_dop_operator_3.py for tasks to queue
[2023-11-04 14:12:52,575] {logging_mixin.py:109} INFO - [2023-11-04 14:12:52,574] {dagbag.py:500} INFO - Filling up the DagBag from /home/airflow/.local/lib/python3.8/site-packages/airflow/example_dags/example_branch_python_dop_operator_3.py
[2023-11-04 14:12:52,627] {processor.py:654} INFO - DAG(s) dict_keys(['example_branch_dop_operator_v3']) retrieved from /home/airflow/.local/lib/python3.8/site-packages/airflow/example_dags/example_branch_python_dop_operator_3.py
[2023-11-04 14:12:52,654] {logging_mixin.py:109} INFO - [2023-11-04 14:12:52,654] {dag.py:2398} INFO - Sync 1 DAGs
[2023-11-04 14:12:52,686] {logging_mixin.py:109} INFO - [2023-11-04 14:12:52,686] {dag.py:2937} INFO - Setting next_dagrun for example_branch_dop_operator_v3 to 2023-11-04T14:11:00+00:00
[2023-11-04 14:12:52,699] {processor.py:171} INFO - Processing /home/airflow/.local/lib/python3.8/site-packages/airflow/example_dags/example_branch_python_dop_operator_3.py took 0.133 seconds
[2023-11-04 14:13:22,992] {processor.py:163} INFO - Started process (PID=207) to work on /home/airflow/.local/lib/python3.8/site-packages/airflow/example_dags/example_branch_python_dop_operator_3.py
[2023-11-04 14:13:22,995] {processor.py:642} INFO - Processing file /home/airflow/.local/lib/python3.8/site-packages/airflow/example_dags/example_branch_python_dop_operator_3.py for tasks to queue
[2023-11-04 14:13:22,996] {logging_mixin.py:109} INFO - [2023-11-04 14:13:22,996] {dagbag.py:500} INFO - Filling up the DagBag from /home/airflow/.local/lib/python3.8/site-packages/airflow/example_dags/example_branch_python_dop_operator_3.py
[2023-11-04 14:13:23,044] {processor.py:654} INFO - DAG(s) dict_keys(['example_branch_dop_operator_v3']) retrieved from /home/airflow/.local/lib/python3.8/site-packages/airflow/example_dags/example_branch_python_dop_operator_3.py
[2023-11-04 14:13:23,060] {logging_mixin.py:109} INFO - [2023-11-04 14:13:23,059] {dag.py:2398} INFO - Sync 1 DAGs
[2023-11-04 14:13:23,093] {logging_mixin.py:109} INFO - [2023-11-04 14:13:23,093] {dag.py:2937} INFO - Setting next_dagrun for example_branch_dop_operator_v3 to 2023-11-04T14:12:00+00:00
[2023-11-04 14:13:23,122] {processor.py:171} INFO - Processing /home/airflow/.local/lib/python3.8/site-packages/airflow/example_dags/example_branch_python_dop_operator_3.py took 0.135 seconds
[2023-11-04 14:13:53,706] {processor.py:163} INFO - Started process (PID=265) to work on /home/airflow/.local/lib/python3.8/site-packages/airflow/example_dags/example_branch_python_dop_operator_3.py
[2023-11-04 14:13:53,709] {processor.py:642} INFO - Processing file /home/airflow/.local/lib/python3.8/site-packages/airflow/example_dags/example_branch_python_dop_operator_3.py for tasks to queue
[2023-11-04 14:13:53,711] {logging_mixin.py:109} INFO - [2023-11-04 14:13:53,711] {dagbag.py:500} INFO - Filling up the DagBag from /home/airflow/.local/lib/python3.8/site-packages/airflow/example_dags/example_branch_python_dop_operator_3.py
[2023-11-04 14:13:53,800] {processor.py:654} INFO - DAG(s) dict_keys(['example_branch_dop_operator_v3']) retrieved from /home/airflow/.local/lib/python3.8/site-packages/airflow/example_dags/example_branch_python_dop_operator_3.py
[2023-11-04 14:13:53,818] {logging_mixin.py:109} INFO - [2023-11-04 14:13:53,818] {dag.py:2398} INFO - Sync 1 DAGs
[2023-11-04 14:13:53,858] {logging_mixin.py:109} INFO - [2023-11-04 14:13:53,858] {dag.py:2937} INFO - Setting next_dagrun for example_branch_dop_operator_v3 to 2023-11-04T14:12:00+00:00
[2023-11-04 14:13:53,878] {processor.py:171} INFO - Processing /home/airflow/.local/lib/python3.8/site-packages/airflow/example_dags/example_branch_python_dop_operator_3.py took 0.176 seconds
[2023-11-04 14:14:23,997] {processor.py:163} INFO - Started process (PID=313) to work on /home/airflow/.local/lib/python3.8/site-packages/airflow/example_dags/example_branch_python_dop_operator_3.py
[2023-11-04 14:14:24,000] {processor.py:642} INFO - Processing file /home/airflow/.local/lib/python3.8/site-packages/airflow/example_dags/example_branch_python_dop_operator_3.py for tasks to queue
[2023-11-04 14:14:24,001] {logging_mixin.py:109} INFO - [2023-11-04 14:14:24,001] {dagbag.py:500} INFO - Filling up the DagBag from /home/airflow/.local/lib/python3.8/site-packages/airflow/example_dags/example_branch_python_dop_operator_3.py
[2023-11-04 14:14:24,051] {processor.py:654} INFO - DAG(s) dict_keys(['example_branch_dop_operator_v3']) retrieved from /home/airflow/.local/lib/python3.8/site-packages/airflow/example_dags/example_branch_python_dop_operator_3.py
[2023-11-04 14:14:24,065] {logging_mixin.py:109} INFO - [2023-11-04 14:14:24,065] {dag.py:2398} INFO - Sync 1 DAGs
[2023-11-04 14:14:24,096] {logging_mixin.py:109} INFO - [2023-11-04 14:14:24,096] {dag.py:2937} INFO - Setting next_dagrun for example_branch_dop_operator_v3 to 2023-11-04T14:13:00+00:00
[2023-11-04 14:14:24,110] {processor.py:171} INFO - Processing /home/airflow/.local/lib/python3.8/site-packages/airflow/example_dags/example_branch_python_dop_operator_3.py took 0.118 seconds
[2023-11-04 14:14:54,617] {processor.py:163} INFO - Started process (PID=362) to work on /home/airflow/.local/lib/python3.8/site-packages/airflow/example_dags/example_branch_python_dop_operator_3.py
[2023-11-04 14:14:54,619] {processor.py:642} INFO - Processing file /home/airflow/.local/lib/python3.8/site-packages/airflow/example_dags/example_branch_python_dop_operator_3.py for tasks to queue
[2023-11-04 14:14:54,621] {logging_mixin.py:109} INFO - [2023-11-04 14:14:54,621] {dagbag.py:500} INFO - Filling up the DagBag from /home/airflow/.local/lib/python3.8/site-packages/airflow/example_dags/example_branch_python_dop_operator_3.py
[2023-11-04 14:14:54,667] {processor.py:654} INFO - DAG(s) dict_keys(['example_branch_dop_operator_v3']) retrieved from /home/airflow/.local/lib/python3.8/site-packages/airflow/example_dags/example_branch_python_dop_operator_3.py
[2023-11-04 14:14:54,681] {logging_mixin.py:109} INFO - [2023-11-04 14:14:54,681] {dag.py:2398} INFO - Sync 1 DAGs
[2023-11-04 14:14:54,710] {logging_mixin.py:109} INFO - [2023-11-04 14:14:54,710] {dag.py:2937} INFO - Setting next_dagrun for example_branch_dop_operator_v3 to 2023-11-04T14:13:00+00:00
[2023-11-04 14:14:54,723] {processor.py:171} INFO - Processing /home/airflow/.local/lib/python3.8/site-packages/airflow/example_dags/example_branch_python_dop_operator_3.py took 0.111 seconds
[2023-11-04 14:15:25,492] {processor.py:163} INFO - Started process (PID=420) to work on /home/airflow/.local/lib/python3.8/site-packages/airflow/example_dags/example_branch_python_dop_operator_3.py
[2023-11-04 14:15:25,496] {processor.py:642} INFO - Processing file /home/airflow/.local/lib/python3.8/site-packages/airflow/example_dags/example_branch_python_dop_operator_3.py for tasks to queue
[2023-11-04 14:15:25,498] {logging_mixin.py:109} INFO - [2023-11-04 14:15:25,498] {dagbag.py:500} INFO - Filling up the DagBag from /home/airflow/.local/lib/python3.8/site-packages/airflow/example_dags/example_branch_python_dop_operator_3.py
[2023-11-04 14:15:25,549] {processor.py:654} INFO - DAG(s) dict_keys(['example_branch_dop_operator_v3']) retrieved from /home/airflow/.local/lib/python3.8/site-packages/airflow/example_dags/example_branch_python_dop_operator_3.py
[2023-11-04 14:15:25,565] {logging_mixin.py:109} INFO - [2023-11-04 14:15:25,564] {dag.py:2398} INFO - Sync 1 DAGs
[2023-11-04 14:15:25,596] {logging_mixin.py:109} INFO - [2023-11-04 14:15:25,596] {dag.py:2937} INFO - Setting next_dagrun for example_branch_dop_operator_v3 to 2023-11-04T14:14:00+00:00
[2023-11-04 14:15:25,609] {processor.py:171} INFO - Processing /home/airflow/.local/lib/python3.8/site-packages/airflow/example_dags/example_branch_python_dop_operator_3.py took 0.123 seconds
[2023-11-04 14:15:55,662] {processor.py:163} INFO - Started process (PID=468) to work on /home/airflow/.local/lib/python3.8/site-packages/airflow/example_dags/example_branch_python_dop_operator_3.py
[2023-11-04 14:15:55,664] {processor.py:642} INFO - Processing file /home/airflow/.local/lib/python3.8/site-packages/airflow/example_dags/example_branch_python_dop_operator_3.py for tasks to queue
[2023-11-04 14:15:55,665] {logging_mixin.py:109} INFO - [2023-11-04 14:15:55,665] {dagbag.py:500} INFO - Filling up the DagBag from /home/airflow/.local/lib/python3.8/site-packages/airflow/example_dags/example_branch_python_dop_operator_3.py
[2023-11-04 14:15:55,713] {processor.py:654} INFO - DAG(s) dict_keys(['example_branch_dop_operator_v3']) retrieved from /home/airflow/.local/lib/python3.8/site-packages/airflow/example_dags/example_branch_python_dop_operator_3.py
[2023-11-04 14:15:55,726] {logging_mixin.py:109} INFO - [2023-11-04 14:15:55,726] {dag.py:2398} INFO - Sync 1 DAGs
[2023-11-04 14:15:55,754] {logging_mixin.py:109} INFO - [2023-11-04 14:15:55,754] {dag.py:2937} INFO - Setting next_dagrun for example_branch_dop_operator_v3 to 2023-11-04T14:14:00+00:00
[2023-11-04 14:15:55,765] {processor.py:171} INFO - Processing /home/airflow/.local/lib/python3.8/site-packages/airflow/example_dags/example_branch_python_dop_operator_3.py took 0.109 seconds
[2023-11-04 14:16:27,152] {processor.py:163} INFO - Started process (PID=525) to work on /home/airflow/.local/lib/python3.8/site-packages/airflow/example_dags/example_branch_python_dop_operator_3.py
[2023-11-04 14:16:27,156] {processor.py:642} INFO - Processing file /home/airflow/.local/lib/python3.8/site-packages/airflow/example_dags/example_branch_python_dop_operator_3.py for tasks to queue
[2023-11-04 14:16:27,157] {logging_mixin.py:109} INFO - [2023-11-04 14:16:27,157] {dagbag.py:500} INFO - Filling up the DagBag from /home/airflow/.local/lib/python3.8/site-packages/airflow/example_dags/example_branch_python_dop_operator_3.py
[2023-11-04 14:16:27,209] {processor.py:654} INFO - DAG(s) dict_keys(['example_branch_dop_operator_v3']) retrieved from /home/airflow/.local/lib/python3.8/site-packages/airflow/example_dags/example_branch_python_dop_operator_3.py
[2023-11-04 14:16:27,224] {logging_mixin.py:109} INFO - [2023-11-04 14:16:27,224] {dag.py:2398} INFO - Sync 1 DAGs
[2023-11-04 14:16:27,256] {logging_mixin.py:109} INFO - [2023-11-04 14:16:27,255] {dag.py:2937} INFO - Setting next_dagrun for example_branch_dop_operator_v3 to 2023-11-04T14:15:00+00:00
[2023-11-04 14:16:27,270] {processor.py:171} INFO - Processing /home/airflow/.local/lib/python3.8/site-packages/airflow/example_dags/example_branch_python_dop_operator_3.py took 0.124 seconds
[2023-11-04 14:16:57,966] {processor.py:163} INFO - Started process (PID=575) to work on /home/airflow/.local/lib/python3.8/site-packages/airflow/example_dags/example_branch_python_dop_operator_3.py
[2023-11-04 14:16:57,969] {processor.py:642} INFO - Processing file /home/airflow/.local/lib/python3.8/site-packages/airflow/example_dags/example_branch_python_dop_operator_3.py for tasks to queue
[2023-11-04 14:16:57,971] {logging_mixin.py:109} INFO - [2023-11-04 14:16:57,971] {dagbag.py:500} INFO - Filling up the DagBag from /home/airflow/.local/lib/python3.8/site-packages/airflow/example_dags/example_branch_python_dop_operator_3.py
[2023-11-04 14:16:58,018] {processor.py:654} INFO - DAG(s) dict_keys(['example_branch_dop_operator_v3']) retrieved from /home/airflow/.local/lib/python3.8/site-packages/airflow/example_dags/example_branch_python_dop_operator_3.py
[2023-11-04 14:16:58,033] {logging_mixin.py:109} INFO - [2023-11-04 14:16:58,033] {dag.py:2398} INFO - Sync 1 DAGs
[2023-11-04 14:16:58,062] {logging_mixin.py:109} INFO - [2023-11-04 14:16:58,062] {dag.py:2937} INFO - Setting next_dagrun for example_branch_dop_operator_v3 to 2023-11-04T14:15:00+00:00
[2023-11-04 14:16:58,076] {processor.py:171} INFO - Processing /home/airflow/.local/lib/python3.8/site-packages/airflow/example_dags/example_branch_python_dop_operator_3.py took 0.115 seconds
[2023-11-04 14:17:29,163] {processor.py:163} INFO - Started process (PID=624) to work on /home/airflow/.local/lib/python3.8/site-packages/airflow/example_dags/example_branch_python_dop_operator_3.py
[2023-11-04 14:17:29,186] {processor.py:642} INFO - Processing file /home/airflow/.local/lib/python3.8/site-packages/airflow/example_dags/example_branch_python_dop_operator_3.py for tasks to queue
[2023-11-04 14:17:29,189] {logging_mixin.py:109} INFO - [2023-11-04 14:17:29,189] {dagbag.py:500} INFO - Filling up the DagBag from /home/airflow/.local/lib/python3.8/site-packages/airflow/example_dags/example_branch_python_dop_operator_3.py
[2023-11-04 14:17:29,246] {processor.py:654} INFO - DAG(s) dict_keys(['example_branch_dop_operator_v3']) retrieved from /home/airflow/.local/lib/python3.8/site-packages/airflow/example_dags/example_branch_python_dop_operator_3.py
[2023-11-04 14:17:29,262] {logging_mixin.py:109} INFO - [2023-11-04 14:17:29,262] {dag.py:2398} INFO - Sync 1 DAGs
[2023-11-04 14:17:29,306] {logging_mixin.py:109} INFO - [2023-11-04 14:17:29,306] {dag.py:2937} INFO - Setting next_dagrun for example_branch_dop_operator_v3 to 2023-11-04T14:16:00+00:00
[2023-11-04 14:17:29,323] {processor.py:171} INFO - Processing /home/airflow/.local/lib/python3.8/site-packages/airflow/example_dags/example_branch_python_dop_operator_3.py took 0.166 seconds
[2023-11-04 14:17:59,811] {processor.py:163} INFO - Started process (PID=681) to work on /home/airflow/.local/lib/python3.8/site-packages/airflow/example_dags/example_branch_python_dop_operator_3.py
[2023-11-04 14:17:59,814] {processor.py:642} INFO - Processing file /home/airflow/.local/lib/python3.8/site-packages/airflow/example_dags/example_branch_python_dop_operator_3.py for tasks to queue
[2023-11-04 14:17:59,815] {logging_mixin.py:109} INFO - [2023-11-04 14:17:59,815] {dagbag.py:500} INFO - Filling up the DagBag from /home/airflow/.local/lib/python3.8/site-packages/airflow/example_dags/example_branch_python_dop_operator_3.py
[2023-11-04 14:17:59,873] {processor.py:654} INFO - DAG(s) dict_keys(['example_branch_dop_operator_v3']) retrieved from /home/airflow/.local/lib/python3.8/site-packages/airflow/example_dags/example_branch_python_dop_operator_3.py
[2023-11-04 14:17:59,888] {logging_mixin.py:109} INFO - [2023-11-04 14:17:59,888] {dag.py:2398} INFO - Sync 1 DAGs
[2023-11-04 14:17:59,924] {logging_mixin.py:109} INFO - [2023-11-04 14:17:59,923] {dag.py:2937} INFO - Setting next_dagrun for example_branch_dop_operator_v3 to 2023-11-04T14:16:00+00:00
[2023-11-04 14:17:59,939] {processor.py:171} INFO - Processing /home/airflow/.local/lib/python3.8/site-packages/airflow/example_dags/example_branch_python_dop_operator_3.py took 0.133 seconds
[2023-11-04 14:18:30,722] {processor.py:163} INFO - Started process (PID=730) to work on /home/airflow/.local/lib/python3.8/site-packages/airflow/example_dags/example_branch_python_dop_operator_3.py
[2023-11-04 14:18:30,725] {processor.py:642} INFO - Processing file /home/airflow/.local/lib/python3.8/site-packages/airflow/example_dags/example_branch_python_dop_operator_3.py for tasks to queue
[2023-11-04 14:18:30,726] {logging_mixin.py:109} INFO - [2023-11-04 14:18:30,726] {dagbag.py:500} INFO - Filling up the DagBag from /home/airflow/.local/lib/python3.8/site-packages/airflow/example_dags/example_branch_python_dop_operator_3.py
[2023-11-04 14:18:30,775] {processor.py:654} INFO - DAG(s) dict_keys(['example_branch_dop_operator_v3']) retrieved from /home/airflow/.local/lib/python3.8/site-packages/airflow/example_dags/example_branch_python_dop_operator_3.py
[2023-11-04 14:18:30,789] {logging_mixin.py:109} INFO - [2023-11-04 14:18:30,789] {dag.py:2398} INFO - Sync 1 DAGs
[2023-11-04 14:18:30,818] {logging_mixin.py:109} INFO - [2023-11-04 14:18:30,818] {dag.py:2937} INFO - Setting next_dagrun for example_branch_dop_operator_v3 to 2023-11-04T14:17:00+00:00
[2023-11-04 14:18:30,829] {processor.py:171} INFO - Processing /home/airflow/.local/lib/python3.8/site-packages/airflow/example_dags/example_branch_python_dop_operator_3.py took 0.112 seconds
[2023-11-04 14:19:01,931] {processor.py:163} INFO - Started process (PID=780) to work on /home/airflow/.local/lib/python3.8/site-packages/airflow/example_dags/example_branch_python_dop_operator_3.py
[2023-11-04 14:19:01,934] {processor.py:642} INFO - Processing file /home/airflow/.local/lib/python3.8/site-packages/airflow/example_dags/example_branch_python_dop_operator_3.py for tasks to queue
[2023-11-04 14:19:01,935] {logging_mixin.py:109} INFO - [2023-11-04 14:19:01,935] {dagbag.py:500} INFO - Filling up the DagBag from /home/airflow/.local/lib/python3.8/site-packages/airflow/example_dags/example_branch_python_dop_operator_3.py
[2023-11-04 14:19:02,003] {processor.py:654} INFO - DAG(s) dict_keys(['example_branch_dop_operator_v3']) retrieved from /home/airflow/.local/lib/python3.8/site-packages/airflow/example_dags/example_branch_python_dop_operator_3.py
[2023-11-04 14:19:02,020] {logging_mixin.py:109} INFO - [2023-11-04 14:19:02,019] {dag.py:2398} INFO - Sync 1 DAGs
[2023-11-04 14:19:02,056] {logging_mixin.py:109} INFO - [2023-11-04 14:19:02,055] {dag.py:2937} INFO - Setting next_dagrun for example_branch_dop_operator_v3 to 2023-11-04T14:18:00+00:00
[2023-11-04 14:19:02,067] {processor.py:171} INFO - Processing /home/airflow/.local/lib/python3.8/site-packages/airflow/example_dags/example_branch_python_dop_operator_3.py took 0.140 seconds
[2023-11-04 14:19:33,236] {processor.py:163} INFO - Started process (PID=837) to work on /home/airflow/.local/lib/python3.8/site-packages/airflow/example_dags/example_branch_python_dop_operator_3.py
[2023-11-04 14:19:33,239] {processor.py:642} INFO - Processing file /home/airflow/.local/lib/python3.8/site-packages/airflow/example_dags/example_branch_python_dop_operator_3.py for tasks to queue
[2023-11-04 14:19:33,243] {logging_mixin.py:109} INFO - [2023-11-04 14:19:33,242] {dagbag.py:500} INFO - Filling up the DagBag from /home/airflow/.local/lib/python3.8/site-packages/airflow/example_dags/example_branch_python_dop_operator_3.py
[2023-11-04 14:19:33,295] {processor.py:654} INFO - DAG(s) dict_keys(['example_branch_dop_operator_v3']) retrieved from /home/airflow/.local/lib/python3.8/site-packages/airflow/example_dags/example_branch_python_dop_operator_3.py
[2023-11-04 14:19:33,309] {logging_mixin.py:109} INFO - [2023-11-04 14:19:33,309] {dag.py:2398} INFO - Sync 1 DAGs
[2023-11-04 14:19:33,339] {logging_mixin.py:109} INFO - [2023-11-04 14:19:33,338] {dag.py:2937} INFO - Setting next_dagrun for example_branch_dop_operator_v3 to 2023-11-04T14:18:00+00:00
[2023-11-04 14:19:33,351] {processor.py:171} INFO - Processing /home/airflow/.local/lib/python3.8/site-packages/airflow/example_dags/example_branch_python_dop_operator_3.py took 0.121 seconds
[2023-11-04 14:20:04,011] {processor.py:163} INFO - Started process (PID=886) to work on /home/airflow/.local/lib/python3.8/site-packages/airflow/example_dags/example_branch_python_dop_operator_3.py
[2023-11-04 14:20:04,014] {processor.py:642} INFO - Processing file /home/airflow/.local/lib/python3.8/site-packages/airflow/example_dags/example_branch_python_dop_operator_3.py for tasks to queue
[2023-11-04 14:20:04,015] {logging_mixin.py:109} INFO - [2023-11-04 14:20:04,015] {dagbag.py:500} INFO - Filling up the DagBag from /home/airflow/.local/lib/python3.8/site-packages/airflow/example_dags/example_branch_python_dop_operator_3.py
[2023-11-04 14:20:04,064] {processor.py:654} INFO - DAG(s) dict_keys(['example_branch_dop_operator_v3']) retrieved from /home/airflow/.local/lib/python3.8/site-packages/airflow/example_dags/example_branch_python_dop_operator_3.py
[2023-11-04 14:20:04,091] {logging_mixin.py:109} INFO - [2023-11-04 14:20:04,091] {dag.py:2398} INFO - Sync 1 DAGs
[2023-11-04 14:20:04,121] {logging_mixin.py:109} INFO - [2023-11-04 14:20:04,121] {dag.py:2937} INFO - Setting next_dagrun for example_branch_dop_operator_v3 to 2023-11-04T14:19:00+00:00
[2023-11-04 14:20:04,135] {processor.py:171} INFO - Processing /home/airflow/.local/lib/python3.8/site-packages/airflow/example_dags/example_branch_python_dop_operator_3.py took 0.129 seconds
[2023-11-04 14:20:34,566] {processor.py:163} INFO - Started process (PID=937) to work on /home/airflow/.local/lib/python3.8/site-packages/airflow/example_dags/example_branch_python_dop_operator_3.py
[2023-11-04 14:20:34,568] {processor.py:642} INFO - Processing file /home/airflow/.local/lib/python3.8/site-packages/airflow/example_dags/example_branch_python_dop_operator_3.py for tasks to queue
[2023-11-04 14:20:34,570] {logging_mixin.py:109} INFO - [2023-11-04 14:20:34,570] {dagbag.py:500} INFO - Filling up the DagBag from /home/airflow/.local/lib/python3.8/site-packages/airflow/example_dags/example_branch_python_dop_operator_3.py
[2023-11-04 14:20:34,619] {processor.py:654} INFO - DAG(s) dict_keys(['example_branch_dop_operator_v3']) retrieved from /home/airflow/.local/lib/python3.8/site-packages/airflow/example_dags/example_branch_python_dop_operator_3.py
[2023-11-04 14:20:34,633] {logging_mixin.py:109} INFO - [2023-11-04 14:20:34,633] {dag.py:2398} INFO - Sync 1 DAGs
[2023-11-04 14:20:34,664] {logging_mixin.py:109} INFO - [2023-11-04 14:20:34,664] {dag.py:2937} INFO - Setting next_dagrun for example_branch_dop_operator_v3 to 2023-11-04T14:19:00+00:00
[2023-11-04 14:20:34,677] {processor.py:171} INFO - Processing /home/airflow/.local/lib/python3.8/site-packages/airflow/example_dags/example_branch_python_dop_operator_3.py took 0.116 seconds
[2023-11-04 14:21:04,756] {processor.py:163} INFO - Started process (PID=993) to work on /home/airflow/.local/lib/python3.8/site-packages/airflow/example_dags/example_branch_python_dop_operator_3.py
[2023-11-04 14:21:04,759] {processor.py:642} INFO - Processing file /home/airflow/.local/lib/python3.8/site-packages/airflow/example_dags/example_branch_python_dop_operator_3.py for tasks to queue
[2023-11-04 14:21:04,761] {logging_mixin.py:109} INFO - [2023-11-04 14:21:04,761] {dagbag.py:500} INFO - Filling up the DagBag from /home/airflow/.local/lib/python3.8/site-packages/airflow/example_dags/example_branch_python_dop_operator_3.py
[2023-11-04 14:21:04,809] {processor.py:654} INFO - DAG(s) dict_keys(['example_branch_dop_operator_v3']) retrieved from /home/airflow/.local/lib/python3.8/site-packages/airflow/example_dags/example_branch_python_dop_operator_3.py
[2023-11-04 14:21:04,825] {logging_mixin.py:109} INFO - [2023-11-04 14:21:04,824] {dag.py:2398} INFO - Sync 1 DAGs
[2023-11-04 14:21:04,853] {logging_mixin.py:109} INFO - [2023-11-04 14:21:04,853] {dag.py:2937} INFO - Setting next_dagrun for example_branch_dop_operator_v3 to 2023-11-04T14:20:00+00:00
[2023-11-04 14:21:04,865] {processor.py:171} INFO - Processing /home/airflow/.local/lib/python3.8/site-packages/airflow/example_dags/example_branch_python_dop_operator_3.py took 0.113 seconds
[2023-11-04 14:21:36,262] {processor.py:163} INFO - Started process (PID=1044) to work on /home/airflow/.local/lib/python3.8/site-packages/airflow/example_dags/example_branch_python_dop_operator_3.py
[2023-11-04 14:21:36,265] {processor.py:642} INFO - Processing file /home/airflow/.local/lib/python3.8/site-packages/airflow/example_dags/example_branch_python_dop_operator_3.py for tasks to queue
[2023-11-04 14:21:36,267] {logging_mixin.py:109} INFO - [2023-11-04 14:21:36,267] {dagbag.py:500} INFO - Filling up the DagBag from /home/airflow/.local/lib/python3.8/site-packages/airflow/example_dags/example_branch_python_dop_operator_3.py
[2023-11-04 14:21:36,315] {processor.py:654} INFO - DAG(s) dict_keys(['example_branch_dop_operator_v3']) retrieved from /home/airflow/.local/lib/python3.8/site-packages/airflow/example_dags/example_branch_python_dop_operator_3.py
[2023-11-04 14:21:36,329] {logging_mixin.py:109} INFO - [2023-11-04 14:21:36,329] {dag.py:2398} INFO - Sync 1 DAGs
[2023-11-04 14:21:36,358] {logging_mixin.py:109} INFO - [2023-11-04 14:21:36,358] {dag.py:2937} INFO - Setting next_dagrun for example_branch_dop_operator_v3 to 2023-11-04T14:20:00+00:00
[2023-11-04 14:21:36,371] {processor.py:171} INFO - Processing /home/airflow/.local/lib/python3.8/site-packages/airflow/example_dags/example_branch_python_dop_operator_3.py took 0.116 seconds
[2023-11-04 14:22:07,525] {processor.py:163} INFO - Started process (PID=1103) to work on /home/airflow/.local/lib/python3.8/site-packages/airflow/example_dags/example_branch_python_dop_operator_3.py
[2023-11-04 14:22:07,528] {processor.py:642} INFO - Processing file /home/airflow/.local/lib/python3.8/site-packages/airflow/example_dags/example_branch_python_dop_operator_3.py for tasks to queue
[2023-11-04 14:22:07,529] {logging_mixin.py:109} INFO - [2023-11-04 14:22:07,529] {dagbag.py:500} INFO - Filling up the DagBag from /home/airflow/.local/lib/python3.8/site-packages/airflow/example_dags/example_branch_python_dop_operator_3.py
[2023-11-04 14:22:07,579] {processor.py:654} INFO - DAG(s) dict_keys(['example_branch_dop_operator_v3']) retrieved from /home/airflow/.local/lib/python3.8/site-packages/airflow/example_dags/example_branch_python_dop_operator_3.py
[2023-11-04 14:22:07,594] {logging_mixin.py:109} INFO - [2023-11-04 14:22:07,594] {dag.py:2398} INFO - Sync 1 DAGs
[2023-11-04 14:22:07,626] {logging_mixin.py:109} INFO - [2023-11-04 14:22:07,625] {dag.py:2937} INFO - Setting next_dagrun for example_branch_dop_operator_v3 to 2023-11-04T14:21:00+00:00
[2023-11-04 14:22:07,639] {processor.py:171} INFO - Processing /home/airflow/.local/lib/python3.8/site-packages/airflow/example_dags/example_branch_python_dop_operator_3.py took 0.119 seconds
[2023-11-04 14:22:38,588] {processor.py:163} INFO - Started process (PID=1152) to work on /home/airflow/.local/lib/python3.8/site-packages/airflow/example_dags/example_branch_python_dop_operator_3.py
[2023-11-04 14:22:38,591] {processor.py:642} INFO - Processing file /home/airflow/.local/lib/python3.8/site-packages/airflow/example_dags/example_branch_python_dop_operator_3.py for tasks to queue
[2023-11-04 14:22:38,592] {logging_mixin.py:109} INFO - [2023-11-04 14:22:38,592] {dagbag.py:500} INFO - Filling up the DagBag from /home/airflow/.local/lib/python3.8/site-packages/airflow/example_dags/example_branch_python_dop_operator_3.py
[2023-11-04 14:22:38,638] {processor.py:654} INFO - DAG(s) dict_keys(['example_branch_dop_operator_v3']) retrieved from /home/airflow/.local/lib/python3.8/site-packages/airflow/example_dags/example_branch_python_dop_operator_3.py
[2023-11-04 14:22:38,653] {logging_mixin.py:109} INFO - [2023-11-04 14:22:38,653] {dag.py:2398} INFO - Sync 1 DAGs
[2023-11-04 14:22:38,681] {logging_mixin.py:109} INFO - [2023-11-04 14:22:38,681] {dag.py:2937} INFO - Setting next_dagrun for example_branch_dop_operator_v3 to 2023-11-04T14:21:00+00:00
[2023-11-04 14:22:38,693] {processor.py:171} INFO - Processing /home/airflow/.local/lib/python3.8/site-packages/airflow/example_dags/example_branch_python_dop_operator_3.py took 0.110 seconds
[2023-11-04 14:23:10,492] {processor.py:163} INFO - Started process (PID=1209) to work on /home/airflow/.local/lib/python3.8/site-packages/airflow/example_dags/example_branch_python_dop_operator_3.py
[2023-11-04 14:23:10,494] {processor.py:642} INFO - Processing file /home/airflow/.local/lib/python3.8/site-packages/airflow/example_dags/example_branch_python_dop_operator_3.py for tasks to queue
[2023-11-04 14:23:10,496] {logging_mixin.py:109} INFO - [2023-11-04 14:23:10,496] {dagbag.py:500} INFO - Filling up the DagBag from /home/airflow/.local/lib/python3.8/site-packages/airflow/example_dags/example_branch_python_dop_operator_3.py
[2023-11-04 14:23:10,546] {processor.py:654} INFO - DAG(s) dict_keys(['example_branch_dop_operator_v3']) retrieved from /home/airflow/.local/lib/python3.8/site-packages/airflow/example_dags/example_branch_python_dop_operator_3.py
[2023-11-04 14:23:10,576] {logging_mixin.py:109} INFO - [2023-11-04 14:23:10,576] {dag.py:2398} INFO - Sync 1 DAGs
[2023-11-04 14:23:10,607] {logging_mixin.py:109} INFO - [2023-11-04 14:23:10,607] {dag.py:2937} INFO - Setting next_dagrun for example_branch_dop_operator_v3 to 2023-11-04T14:22:00+00:00
[2023-11-04 14:23:10,624] {processor.py:171} INFO - Processing /home/airflow/.local/lib/python3.8/site-packages/airflow/example_dags/example_branch_python_dop_operator_3.py took 0.137 seconds
[2023-11-04 14:23:41,416] {processor.py:163} INFO - Started process (PID=1258) to work on /home/airflow/.local/lib/python3.8/site-packages/airflow/example_dags/example_branch_python_dop_operator_3.py
[2023-11-04 14:23:41,418] {processor.py:642} INFO - Processing file /home/airflow/.local/lib/python3.8/site-packages/airflow/example_dags/example_branch_python_dop_operator_3.py for tasks to queue
[2023-11-04 14:23:41,420] {logging_mixin.py:109} INFO - [2023-11-04 14:23:41,419] {dagbag.py:500} INFO - Filling up the DagBag from /home/airflow/.local/lib/python3.8/site-packages/airflow/example_dags/example_branch_python_dop_operator_3.py
[2023-11-04 14:23:41,471] {processor.py:654} INFO - DAG(s) dict_keys(['example_branch_dop_operator_v3']) retrieved from /home/airflow/.local/lib/python3.8/site-packages/airflow/example_dags/example_branch_python_dop_operator_3.py
[2023-11-04 14:23:41,485] {logging_mixin.py:109} INFO - [2023-11-04 14:23:41,485] {dag.py:2398} INFO - Sync 1 DAGs
[2023-11-04 14:23:41,515] {logging_mixin.py:109} INFO - [2023-11-04 14:23:41,515] {dag.py:2937} INFO - Setting next_dagrun for example_branch_dop_operator_v3 to 2023-11-04T14:22:00+00:00
[2023-11-04 14:23:41,528] {processor.py:171} INFO - Processing /home/airflow/.local/lib/python3.8/site-packages/airflow/example_dags/example_branch_python_dop_operator_3.py took 0.118 seconds
[2023-11-04 14:24:12,213] {processor.py:163} INFO - Started process (PID=1307) to work on /home/airflow/.local/lib/python3.8/site-packages/airflow/example_dags/example_branch_python_dop_operator_3.py
[2023-11-04 14:24:12,216] {processor.py:642} INFO - Processing file /home/airflow/.local/lib/python3.8/site-packages/airflow/example_dags/example_branch_python_dop_operator_3.py for tasks to queue
[2023-11-04 14:24:12,218] {logging_mixin.py:109} INFO - [2023-11-04 14:24:12,218] {dagbag.py:500} INFO - Filling up the DagBag from /home/airflow/.local/lib/python3.8/site-packages/airflow/example_dags/example_branch_python_dop_operator_3.py
[2023-11-04 14:24:12,276] {processor.py:654} INFO - DAG(s) dict_keys(['example_branch_dop_operator_v3']) retrieved from /home/airflow/.local/lib/python3.8/site-packages/airflow/example_dags/example_branch_python_dop_operator_3.py
[2023-11-04 14:24:12,297] {logging_mixin.py:109} INFO - [2023-11-04 14:24:12,296] {dag.py:2398} INFO - Sync 1 DAGs
[2023-11-04 14:24:12,333] {logging_mixin.py:109} INFO - [2023-11-04 14:24:12,333] {dag.py:2937} INFO - Setting next_dagrun for example_branch_dop_operator_v3 to 2023-11-04T14:23:00+00:00
[2023-11-04 14:24:12,345] {processor.py:171} INFO - Processing /home/airflow/.local/lib/python3.8/site-packages/airflow/example_dags/example_branch_python_dop_operator_3.py took 0.138 seconds
[2023-11-04 14:24:42,444] {processor.py:163} INFO - Started process (PID=1364) to work on /home/airflow/.local/lib/python3.8/site-packages/airflow/example_dags/example_branch_python_dop_operator_3.py
[2023-11-04 14:24:42,447] {processor.py:642} INFO - Processing file /home/airflow/.local/lib/python3.8/site-packages/airflow/example_dags/example_branch_python_dop_operator_3.py for tasks to queue
[2023-11-04 14:24:42,448] {logging_mixin.py:109} INFO - [2023-11-04 14:24:42,448] {dagbag.py:500} INFO - Filling up the DagBag from /home/airflow/.local/lib/python3.8/site-packages/airflow/example_dags/example_branch_python_dop_operator_3.py
[2023-11-04 14:24:42,510] {processor.py:654} INFO - DAG(s) dict_keys(['example_branch_dop_operator_v3']) retrieved from /home/airflow/.local/lib/python3.8/site-packages/airflow/example_dags/example_branch_python_dop_operator_3.py
[2023-11-04 14:24:42,532] {logging_mixin.py:109} INFO - [2023-11-04 14:24:42,532] {dag.py:2398} INFO - Sync 1 DAGs
[2023-11-04 14:24:42,575] {logging_mixin.py:109} INFO - [2023-11-04 14:24:42,575] {dag.py:2937} INFO - Setting next_dagrun for example_branch_dop_operator_v3 to 2023-11-04T14:23:00+00:00
[2023-11-04 14:24:42,600] {processor.py:171} INFO - Processing /home/airflow/.local/lib/python3.8/site-packages/airflow/example_dags/example_branch_python_dop_operator_3.py took 0.162 seconds
[2023-11-04 14:25:13,637] {processor.py:163} INFO - Started process (PID=1413) to work on /home/airflow/.local/lib/python3.8/site-packages/airflow/example_dags/example_branch_python_dop_operator_3.py
[2023-11-04 14:25:13,640] {processor.py:642} INFO - Processing file /home/airflow/.local/lib/python3.8/site-packages/airflow/example_dags/example_branch_python_dop_operator_3.py for tasks to queue
[2023-11-04 14:25:13,641] {logging_mixin.py:109} INFO - [2023-11-04 14:25:13,641] {dagbag.py:500} INFO - Filling up the DagBag from /home/airflow/.local/lib/python3.8/site-packages/airflow/example_dags/example_branch_python_dop_operator_3.py
[2023-11-04 14:25:13,688] {processor.py:654} INFO - DAG(s) dict_keys(['example_branch_dop_operator_v3']) retrieved from /home/airflow/.local/lib/python3.8/site-packages/airflow/example_dags/example_branch_python_dop_operator_3.py
[2023-11-04 14:25:13,702] {logging_mixin.py:109} INFO - [2023-11-04 14:25:13,702] {dag.py:2398} INFO - Sync 1 DAGs
[2023-11-04 14:25:13,730] {logging_mixin.py:109} INFO - [2023-11-04 14:25:13,730] {dag.py:2937} INFO - Setting next_dagrun for example_branch_dop_operator_v3 to 2023-11-04T14:24:00+00:00
[2023-11-04 14:25:13,745] {processor.py:171} INFO - Processing /home/airflow/.local/lib/python3.8/site-packages/airflow/example_dags/example_branch_python_dop_operator_3.py took 0.113 seconds
[2023-11-04 14:25:44,176] {processor.py:163} INFO - Started process (PID=1470) to work on /home/airflow/.local/lib/python3.8/site-packages/airflow/example_dags/example_branch_python_dop_operator_3.py
[2023-11-04 14:25:44,179] {processor.py:642} INFO - Processing file /home/airflow/.local/lib/python3.8/site-packages/airflow/example_dags/example_branch_python_dop_operator_3.py for tasks to queue
[2023-11-04 14:25:44,181] {logging_mixin.py:109} INFO - [2023-11-04 14:25:44,181] {dagbag.py:500} INFO - Filling up the DagBag from /home/airflow/.local/lib/python3.8/site-packages/airflow/example_dags/example_branch_python_dop_operator_3.py
[2023-11-04 14:25:44,240] {processor.py:654} INFO - DAG(s) dict_keys(['example_branch_dop_operator_v3']) retrieved from /home/airflow/.local/lib/python3.8/site-packages/airflow/example_dags/example_branch_python_dop_operator_3.py
[2023-11-04 14:25:44,268] {logging_mixin.py:109} INFO - [2023-11-04 14:25:44,268] {dag.py:2398} INFO - Sync 1 DAGs
[2023-11-04 14:25:44,301] {logging_mixin.py:109} INFO - [2023-11-04 14:25:44,301] {dag.py:2937} INFO - Setting next_dagrun for example_branch_dop_operator_v3 to 2023-11-04T14:24:00+00:00
[2023-11-04 14:25:44,314] {processor.py:171} INFO - Processing /home/airflow/.local/lib/python3.8/site-packages/airflow/example_dags/example_branch_python_dop_operator_3.py took 0.143 seconds
[2023-11-04 14:26:15,065] {processor.py:163} INFO - Started process (PID=1519) to work on /home/airflow/.local/lib/python3.8/site-packages/airflow/example_dags/example_branch_python_dop_operator_3.py
[2023-11-04 14:26:15,067] {processor.py:642} INFO - Processing file /home/airflow/.local/lib/python3.8/site-packages/airflow/example_dags/example_branch_python_dop_operator_3.py for tasks to queue
[2023-11-04 14:26:15,069] {logging_mixin.py:109} INFO - [2023-11-04 14:26:15,069] {dagbag.py:500} INFO - Filling up the DagBag from /home/airflow/.local/lib/python3.8/site-packages/airflow/example_dags/example_branch_python_dop_operator_3.py
[2023-11-04 14:26:15,116] {processor.py:654} INFO - DAG(s) dict_keys(['example_branch_dop_operator_v3']) retrieved from /home/airflow/.local/lib/python3.8/site-packages/airflow/example_dags/example_branch_python_dop_operator_3.py
[2023-11-04 14:26:15,129] {logging_mixin.py:109} INFO - [2023-11-04 14:26:15,129] {dag.py:2398} INFO - Sync 1 DAGs
[2023-11-04 14:26:15,157] {logging_mixin.py:109} INFO - [2023-11-04 14:26:15,157] {dag.py:2937} INFO - Setting next_dagrun for example_branch_dop_operator_v3 to 2023-11-04T14:25:00+00:00
[2023-11-04 14:26:15,168] {processor.py:171} INFO - Processing /home/airflow/.local/lib/python3.8/site-packages/airflow/example_dags/example_branch_python_dop_operator_3.py took 0.110 seconds
[2023-11-04 14:28:10,419] {processor.py:163} INFO - Started process (PID=54) to work on /home/airflow/.local/lib/python3.8/site-packages/airflow/example_dags/example_branch_python_dop_operator_3.py
[2023-11-04 14:28:10,423] {processor.py:642} INFO - Processing file /home/airflow/.local/lib/python3.8/site-packages/airflow/example_dags/example_branch_python_dop_operator_3.py for tasks to queue
[2023-11-04 14:28:10,425] {logging_mixin.py:109} INFO - [2023-11-04 14:28:10,425] {dagbag.py:500} INFO - Filling up the DagBag from /home/airflow/.local/lib/python3.8/site-packages/airflow/example_dags/example_branch_python_dop_operator_3.py
[2023-11-04 14:28:10,501] {processor.py:654} INFO - DAG(s) dict_keys(['example_branch_dop_operator_v3']) retrieved from /home/airflow/.local/lib/python3.8/site-packages/airflow/example_dags/example_branch_python_dop_operator_3.py
[2023-11-04 14:28:10,524] {logging_mixin.py:109} INFO - [2023-11-04 14:28:10,524] {dag.py:2398} INFO - Sync 1 DAGs
[2023-11-04 14:28:10,558] {logging_mixin.py:109} INFO - [2023-11-04 14:28:10,558] {dag.py:2937} INFO - Setting next_dagrun for example_branch_dop_operator_v3 to 2023-11-04T14:27:00+00:00
[2023-11-04 14:28:10,579] {processor.py:171} INFO - Processing /home/airflow/.local/lib/python3.8/site-packages/airflow/example_dags/example_branch_python_dop_operator_3.py took 0.165 seconds
[2023-11-04 14:28:40,624] {processor.py:163} INFO - Started process (PID=104) to work on /home/airflow/.local/lib/python3.8/site-packages/airflow/example_dags/example_branch_python_dop_operator_3.py
[2023-11-04 14:28:40,626] {processor.py:642} INFO - Processing file /home/airflow/.local/lib/python3.8/site-packages/airflow/example_dags/example_branch_python_dop_operator_3.py for tasks to queue
[2023-11-04 14:28:40,627] {logging_mixin.py:109} INFO - [2023-11-04 14:28:40,627] {dagbag.py:500} INFO - Filling up the DagBag from /home/airflow/.local/lib/python3.8/site-packages/airflow/example_dags/example_branch_python_dop_operator_3.py
[2023-11-04 14:28:40,674] {processor.py:654} INFO - DAG(s) dict_keys(['example_branch_dop_operator_v3']) retrieved from /home/airflow/.local/lib/python3.8/site-packages/airflow/example_dags/example_branch_python_dop_operator_3.py
[2023-11-04 14:28:40,688] {logging_mixin.py:109} INFO - [2023-11-04 14:28:40,688] {dag.py:2398} INFO - Sync 1 DAGs
[2023-11-04 14:28:40,716] {logging_mixin.py:109} INFO - [2023-11-04 14:28:40,716] {dag.py:2937} INFO - Setting next_dagrun for example_branch_dop_operator_v3 to 2023-11-04T14:27:00+00:00
[2023-11-04 14:28:40,727] {processor.py:171} INFO - Processing /home/airflow/.local/lib/python3.8/site-packages/airflow/example_dags/example_branch_python_dop_operator_3.py took 0.108 seconds
[2023-11-04 14:29:11,335] {processor.py:163} INFO - Started process (PID=161) to work on /home/airflow/.local/lib/python3.8/site-packages/airflow/example_dags/example_branch_python_dop_operator_3.py
[2023-11-04 14:29:11,337] {processor.py:642} INFO - Processing file /home/airflow/.local/lib/python3.8/site-packages/airflow/example_dags/example_branch_python_dop_operator_3.py for tasks to queue
[2023-11-04 14:29:11,339] {logging_mixin.py:109} INFO - [2023-11-04 14:29:11,338] {dagbag.py:500} INFO - Filling up the DagBag from /home/airflow/.local/lib/python3.8/site-packages/airflow/example_dags/example_branch_python_dop_operator_3.py
[2023-11-04 14:29:11,387] {processor.py:654} INFO - DAG(s) dict_keys(['example_branch_dop_operator_v3']) retrieved from /home/airflow/.local/lib/python3.8/site-packages/airflow/example_dags/example_branch_python_dop_operator_3.py
[2023-11-04 14:29:11,401] {logging_mixin.py:109} INFO - [2023-11-04 14:29:11,401] {dag.py:2398} INFO - Sync 1 DAGs
[2023-11-04 14:29:11,433] {logging_mixin.py:109} INFO - [2023-11-04 14:29:11,433] {dag.py:2937} INFO - Setting next_dagrun for example_branch_dop_operator_v3 to 2023-11-04T14:28:00+00:00
[2023-11-04 14:29:11,445] {processor.py:171} INFO - Processing /home/airflow/.local/lib/python3.8/site-packages/airflow/example_dags/example_branch_python_dop_operator_3.py took 0.115 seconds
[2023-11-04 14:29:42,012] {processor.py:163} INFO - Started process (PID=210) to work on /home/airflow/.local/lib/python3.8/site-packages/airflow/example_dags/example_branch_python_dop_operator_3.py
[2023-11-04 14:29:42,017] {processor.py:642} INFO - Processing file /home/airflow/.local/lib/python3.8/site-packages/airflow/example_dags/example_branch_python_dop_operator_3.py for tasks to queue
[2023-11-04 14:29:42,020] {logging_mixin.py:109} INFO - [2023-11-04 14:29:42,020] {dagbag.py:500} INFO - Filling up the DagBag from /home/airflow/.local/lib/python3.8/site-packages/airflow/example_dags/example_branch_python_dop_operator_3.py
[2023-11-04 14:29:42,069] {processor.py:654} INFO - DAG(s) dict_keys(['example_branch_dop_operator_v3']) retrieved from /home/airflow/.local/lib/python3.8/site-packages/airflow/example_dags/example_branch_python_dop_operator_3.py
[2023-11-04 14:29:42,084] {logging_mixin.py:109} INFO - [2023-11-04 14:29:42,084] {dag.py:2398} INFO - Sync 1 DAGs
[2023-11-04 14:29:42,120] {logging_mixin.py:109} INFO - [2023-11-04 14:29:42,119] {dag.py:2937} INFO - Setting next_dagrun for example_branch_dop_operator_v3 to 2023-11-04T14:28:00+00:00
[2023-11-04 14:29:42,134] {processor.py:171} INFO - Processing /home/airflow/.local/lib/python3.8/site-packages/airflow/example_dags/example_branch_python_dop_operator_3.py took 0.127 seconds
[2023-11-04 14:30:12,961] {processor.py:163} INFO - Started process (PID=266) to work on /home/airflow/.local/lib/python3.8/site-packages/airflow/example_dags/example_branch_python_dop_operator_3.py
[2023-11-04 14:30:12,964] {processor.py:642} INFO - Processing file /home/airflow/.local/lib/python3.8/site-packages/airflow/example_dags/example_branch_python_dop_operator_3.py for tasks to queue
[2023-11-04 14:30:12,968] {logging_mixin.py:109} INFO - [2023-11-04 14:30:12,967] {dagbag.py:500} INFO - Filling up the DagBag from /home/airflow/.local/lib/python3.8/site-packages/airflow/example_dags/example_branch_python_dop_operator_3.py
[2023-11-04 14:30:13,044] {processor.py:654} INFO - DAG(s) dict_keys(['example_branch_dop_operator_v3']) retrieved from /home/airflow/.local/lib/python3.8/site-packages/airflow/example_dags/example_branch_python_dop_operator_3.py
[2023-11-04 14:30:13,063] {logging_mixin.py:109} INFO - [2023-11-04 14:30:13,063] {dag.py:2398} INFO - Sync 1 DAGs
[2023-11-04 14:30:13,104] {logging_mixin.py:109} INFO - [2023-11-04 14:30:13,104] {dag.py:2937} INFO - Setting next_dagrun for example_branch_dop_operator_v3 to 2023-11-04T14:29:00+00:00
[2023-11-04 14:30:13,121] {processor.py:171} INFO - Processing /home/airflow/.local/lib/python3.8/site-packages/airflow/example_dags/example_branch_python_dop_operator_3.py took 0.167 seconds
[2023-11-04 14:30:44,400] {processor.py:163} INFO - Started process (PID=315) to work on /home/airflow/.local/lib/python3.8/site-packages/airflow/example_dags/example_branch_python_dop_operator_3.py
[2023-11-04 14:30:44,402] {processor.py:642} INFO - Processing file /home/airflow/.local/lib/python3.8/site-packages/airflow/example_dags/example_branch_python_dop_operator_3.py for tasks to queue
[2023-11-04 14:30:44,404] {logging_mixin.py:109} INFO - [2023-11-04 14:30:44,404] {dagbag.py:500} INFO - Filling up the DagBag from /home/airflow/.local/lib/python3.8/site-packages/airflow/example_dags/example_branch_python_dop_operator_3.py
[2023-11-04 14:30:44,455] {processor.py:654} INFO - DAG(s) dict_keys(['example_branch_dop_operator_v3']) retrieved from /home/airflow/.local/lib/python3.8/site-packages/airflow/example_dags/example_branch_python_dop_operator_3.py
[2023-11-04 14:30:44,469] {logging_mixin.py:109} INFO - [2023-11-04 14:30:44,469] {dag.py:2398} INFO - Sync 1 DAGs
[2023-11-04 14:30:44,499] {logging_mixin.py:109} INFO - [2023-11-04 14:30:44,499] {dag.py:2937} INFO - Setting next_dagrun for example_branch_dop_operator_v3 to 2023-11-04T14:29:00+00:00
[2023-11-04 14:30:44,512] {processor.py:171} INFO - Processing /home/airflow/.local/lib/python3.8/site-packages/airflow/example_dags/example_branch_python_dop_operator_3.py took 0.118 seconds
