[2023-11-04 13:41:31,692] {processor.py:163} INFO - Started process (PID=185) to work on /home/airflow/.local/lib/python3.8/site-packages/airflow/example_dags/example_task_group_decorator.py
[2023-11-04 13:41:31,696] {processor.py:642} INFO - Processing file /home/airflow/.local/lib/python3.8/site-packages/airflow/example_dags/example_task_group_decorator.py for tasks to queue
[2023-11-04 13:41:31,699] {logging_mixin.py:109} INFO - [2023-11-04 13:41:31,698] {dagbag.py:500} INFO - Filling up the DagBag from /home/airflow/.local/lib/python3.8/site-packages/airflow/example_dags/example_task_group_decorator.py
[2023-11-04 13:41:31,813] {processor.py:654} INFO - DAG(s) dict_keys(['example_task_group_decorator']) retrieved from /home/airflow/.local/lib/python3.8/site-packages/airflow/example_dags/example_task_group_decorator.py
[2023-11-04 13:41:34,449] {logging_mixin.py:109} INFO - [2023-11-04 13:41:34,449] {providers_manager.py:154} WARNING - Exception when importing 'airflow.providers.google.common.hooks.base_google.GoogleBaseHook' from 'apache-airflow-providers-google' package: module 'pyparsing' has no attribute 'downcaseTokens'
[2023-11-04 13:41:34,457] {logging_mixin.py:109} INFO - [2023-11-04 13:41:34,457] {providers_manager.py:154} WARNING - Exception when importing 'airflow.providers.google.cloud.hooks.cloud_sql.CloudSQLHook' from 'apache-airflow-providers-google' package: module 'pyparsing' has no attribute 'downcaseTokens'
[2023-11-04 13:41:34,461] {logging_mixin.py:109} INFO - [2023-11-04 13:41:34,461] {providers_manager.py:154} WARNING - Exception when importing 'airflow.providers.google.cloud.hooks.cloud_sql.CloudSQLDatabaseHook' from 'apache-airflow-providers-google' package: module 'pyparsing' has no attribute 'downcaseTokens'
[2023-11-04 13:41:34,623] {logging_mixin.py:109} INFO - [2023-11-04 13:41:34,623] {providers_manager.py:154} WARNING - Exception when importing 'airflow.providers.google.cloud.hooks.bigquery.BigQueryHook' from 'apache-airflow-providers-google' package: module 'pyparsing' has no attribute 'downcaseTokens'
[2023-11-04 13:41:34,629] {logging_mixin.py:109} INFO - [2023-11-04 13:41:34,629] {providers_manager.py:154} WARNING - Exception when importing 'airflow.providers.google.cloud.hooks.compute_ssh.ComputeEngineSSHHook' from 'apache-airflow-providers-google' package: module 'pyparsing' has no attribute 'downcaseTokens'
[2023-11-04 13:41:35,239] {logging_mixin.py:109} INFO - [2023-11-04 13:41:35,239] {providers_manager.py:154} WARNING - Exception when importing 'airflow.providers.google.common.hooks.base_google.GoogleBaseHook' from 'apache-airflow-providers-google' package: module 'pyparsing' has no attribute 'downcaseTokens'
[2023-11-04 13:41:35,247] {logging_mixin.py:109} INFO - [2023-11-04 13:41:35,247] {providers_manager.py:154} WARNING - Exception when importing 'airflow.providers.google.cloud.hooks.cloud_sql.CloudSQLHook' from 'apache-airflow-providers-google' package: module 'pyparsing' has no attribute 'downcaseTokens'
[2023-11-04 13:41:35,252] {logging_mixin.py:109} INFO - [2023-11-04 13:41:35,252] {providers_manager.py:154} WARNING - Exception when importing 'airflow.providers.google.cloud.hooks.cloud_sql.CloudSQLDatabaseHook' from 'apache-airflow-providers-google' package: module 'pyparsing' has no attribute 'downcaseTokens'
[2023-11-04 13:41:35,257] {logging_mixin.py:109} INFO - [2023-11-04 13:41:35,257] {providers_manager.py:154} WARNING - Exception when importing 'airflow.providers.google.cloud.hooks.bigquery.BigQueryHook' from 'apache-airflow-providers-google' package: module 'pyparsing' has no attribute 'downcaseTokens'
[2023-11-04 13:41:35,263] {logging_mixin.py:109} INFO - [2023-11-04 13:41:35,263] {providers_manager.py:154} WARNING - Exception when importing 'airflow.providers.google.cloud.hooks.compute_ssh.ComputeEngineSSHHook' from 'apache-airflow-providers-google' package: module 'pyparsing' has no attribute 'downcaseTokens'
[2023-11-04 13:41:35,290] {logging_mixin.py:109} INFO - [2023-11-04 13:41:35,290] {manager.py:496} INFO - Created Permission View: can read on DAG:example_task_group_decorator
[2023-11-04 13:41:35,304] {logging_mixin.py:109} INFO - [2023-11-04 13:41:35,304] {manager.py:496} INFO - Created Permission View: can edit on DAG:example_task_group_decorator
[2023-11-04 13:41:35,306] {logging_mixin.py:109} INFO - [2023-11-04 13:41:35,306] {dag.py:2398} INFO - Sync 1 DAGs
[2023-11-04 13:41:35,318] {logging_mixin.py:109} INFO - [2023-11-04 13:41:35,317] {dag.py:2417} INFO - Creating ORM DAG for example_task_group_decorator
[2023-11-04 13:41:35,329] {logging_mixin.py:109} INFO - [2023-11-04 13:41:35,329] {dag.py:2937} INFO - Setting next_dagrun for example_task_group_decorator to 2023-11-03T13:41:35.329353+00:00
[2023-11-04 13:41:35,353] {processor.py:171} INFO - Processing /home/airflow/.local/lib/python3.8/site-packages/airflow/example_dags/example_task_group_decorator.py took 3.668 seconds
[2023-11-04 13:42:05,909] {processor.py:163} INFO - Started process (PID=312) to work on /home/airflow/.local/lib/python3.8/site-packages/airflow/example_dags/example_task_group_decorator.py
[2023-11-04 13:42:05,912] {processor.py:642} INFO - Processing file /home/airflow/.local/lib/python3.8/site-packages/airflow/example_dags/example_task_group_decorator.py for tasks to queue
[2023-11-04 13:42:05,914] {logging_mixin.py:109} INFO - [2023-11-04 13:42:05,914] {dagbag.py:500} INFO - Filling up the DagBag from /home/airflow/.local/lib/python3.8/site-packages/airflow/example_dags/example_task_group_decorator.py
[2023-11-04 13:42:05,980] {processor.py:654} INFO - DAG(s) dict_keys(['example_task_group_decorator']) retrieved from /home/airflow/.local/lib/python3.8/site-packages/airflow/example_dags/example_task_group_decorator.py
[2023-11-04 13:42:06,251] {logging_mixin.py:109} INFO - [2023-11-04 13:42:06,251] {dag.py:2398} INFO - Sync 1 DAGs
[2023-11-04 13:42:06,280] {logging_mixin.py:109} INFO - [2023-11-04 13:42:06,280] {dag.py:2937} INFO - Setting next_dagrun for example_task_group_decorator to 2023-11-03T13:42:06.280246+00:00
[2023-11-04 13:42:06,296] {processor.py:171} INFO - Processing /home/airflow/.local/lib/python3.8/site-packages/airflow/example_dags/example_task_group_decorator.py took 0.395 seconds
[2023-11-04 13:42:36,370] {processor.py:163} INFO - Started process (PID=367) to work on /home/airflow/.local/lib/python3.8/site-packages/airflow/example_dags/example_task_group_decorator.py
[2023-11-04 13:42:36,372] {processor.py:642} INFO - Processing file /home/airflow/.local/lib/python3.8/site-packages/airflow/example_dags/example_task_group_decorator.py for tasks to queue
[2023-11-04 13:42:36,374] {logging_mixin.py:109} INFO - [2023-11-04 13:42:36,373] {dagbag.py:500} INFO - Filling up the DagBag from /home/airflow/.local/lib/python3.8/site-packages/airflow/example_dags/example_task_group_decorator.py
[2023-11-04 13:42:36,441] {processor.py:654} INFO - DAG(s) dict_keys(['example_task_group_decorator']) retrieved from /home/airflow/.local/lib/python3.8/site-packages/airflow/example_dags/example_task_group_decorator.py
[2023-11-04 13:42:36,704] {logging_mixin.py:109} INFO - [2023-11-04 13:42:36,704] {dag.py:2398} INFO - Sync 1 DAGs
[2023-11-04 13:42:36,727] {logging_mixin.py:109} INFO - [2023-11-04 13:42:36,727] {dag.py:2937} INFO - Setting next_dagrun for example_task_group_decorator to 2023-11-03T13:42:36.727309+00:00
[2023-11-04 13:42:36,743] {processor.py:171} INFO - Processing /home/airflow/.local/lib/python3.8/site-packages/airflow/example_dags/example_task_group_decorator.py took 0.379 seconds
[2023-11-04 13:43:07,497] {processor.py:163} INFO - Started process (PID=418) to work on /home/airflow/.local/lib/python3.8/site-packages/airflow/example_dags/example_task_group_decorator.py
[2023-11-04 13:43:07,500] {processor.py:642} INFO - Processing file /home/airflow/.local/lib/python3.8/site-packages/airflow/example_dags/example_task_group_decorator.py for tasks to queue
[2023-11-04 13:43:07,502] {logging_mixin.py:109} INFO - [2023-11-04 13:43:07,502] {dagbag.py:500} INFO - Filling up the DagBag from /home/airflow/.local/lib/python3.8/site-packages/airflow/example_dags/example_task_group_decorator.py
[2023-11-04 13:43:07,562] {processor.py:654} INFO - DAG(s) dict_keys(['example_task_group_decorator']) retrieved from /home/airflow/.local/lib/python3.8/site-packages/airflow/example_dags/example_task_group_decorator.py
[2023-11-04 13:43:07,828] {logging_mixin.py:109} INFO - [2023-11-04 13:43:07,828] {dag.py:2398} INFO - Sync 1 DAGs
[2023-11-04 13:43:07,858] {logging_mixin.py:109} INFO - [2023-11-04 13:43:07,858] {dag.py:2937} INFO - Setting next_dagrun for example_task_group_decorator to 2023-11-03T13:43:07.857456+00:00
[2023-11-04 13:43:07,873] {processor.py:171} INFO - Processing /home/airflow/.local/lib/python3.8/site-packages/airflow/example_dags/example_task_group_decorator.py took 0.380 seconds
[2023-11-04 13:43:38,623] {processor.py:163} INFO - Started process (PID=467) to work on /home/airflow/.local/lib/python3.8/site-packages/airflow/example_dags/example_task_group_decorator.py
[2023-11-04 13:43:38,626] {processor.py:642} INFO - Processing file /home/airflow/.local/lib/python3.8/site-packages/airflow/example_dags/example_task_group_decorator.py for tasks to queue
[2023-11-04 13:43:38,628] {logging_mixin.py:109} INFO - [2023-11-04 13:43:38,627] {dagbag.py:500} INFO - Filling up the DagBag from /home/airflow/.local/lib/python3.8/site-packages/airflow/example_dags/example_task_group_decorator.py
[2023-11-04 13:43:38,693] {processor.py:654} INFO - DAG(s) dict_keys(['example_task_group_decorator']) retrieved from /home/airflow/.local/lib/python3.8/site-packages/airflow/example_dags/example_task_group_decorator.py
[2023-11-04 13:43:38,979] {logging_mixin.py:109} INFO - [2023-11-04 13:43:38,979] {dag.py:2398} INFO - Sync 1 DAGs
[2023-11-04 13:43:39,001] {logging_mixin.py:109} INFO - [2023-11-04 13:43:39,001] {dag.py:2937} INFO - Setting next_dagrun for example_task_group_decorator to 2023-11-03T13:43:39.001090+00:00
[2023-11-04 13:43:39,018] {processor.py:171} INFO - Processing /home/airflow/.local/lib/python3.8/site-packages/airflow/example_dags/example_task_group_decorator.py took 0.400 seconds
[2023-11-04 13:44:09,269] {processor.py:163} INFO - Started process (PID=524) to work on /home/airflow/.local/lib/python3.8/site-packages/airflow/example_dags/example_task_group_decorator.py
[2023-11-04 13:44:09,273] {processor.py:642} INFO - Processing file /home/airflow/.local/lib/python3.8/site-packages/airflow/example_dags/example_task_group_decorator.py for tasks to queue
[2023-11-04 13:44:09,277] {logging_mixin.py:109} INFO - [2023-11-04 13:44:09,277] {dagbag.py:500} INFO - Filling up the DagBag from /home/airflow/.local/lib/python3.8/site-packages/airflow/example_dags/example_task_group_decorator.py
[2023-11-04 13:44:09,355] {processor.py:654} INFO - DAG(s) dict_keys(['example_task_group_decorator']) retrieved from /home/airflow/.local/lib/python3.8/site-packages/airflow/example_dags/example_task_group_decorator.py
[2023-11-04 13:44:09,632] {logging_mixin.py:109} INFO - [2023-11-04 13:44:09,632] {dag.py:2398} INFO - Sync 1 DAGs
[2023-11-04 13:44:09,652] {logging_mixin.py:109} INFO - [2023-11-04 13:44:09,652] {dag.py:2937} INFO - Setting next_dagrun for example_task_group_decorator to 2023-11-03T13:44:09.652000+00:00
[2023-11-04 13:44:09,670] {processor.py:171} INFO - Processing /home/airflow/.local/lib/python3.8/site-packages/airflow/example_dags/example_task_group_decorator.py took 0.406 seconds
[2023-11-04 13:59:21,175] {processor.py:163} INFO - Started process (PID=57) to work on /home/airflow/.local/lib/python3.8/site-packages/airflow/example_dags/example_task_group_decorator.py
[2023-11-04 13:59:21,178] {processor.py:642} INFO - Processing file /home/airflow/.local/lib/python3.8/site-packages/airflow/example_dags/example_task_group_decorator.py for tasks to queue
[2023-11-04 13:59:21,180] {logging_mixin.py:109} INFO - [2023-11-04 13:59:21,180] {dagbag.py:500} INFO - Filling up the DagBag from /home/airflow/.local/lib/python3.8/site-packages/airflow/example_dags/example_task_group_decorator.py
[2023-11-04 13:59:21,266] {processor.py:654} INFO - DAG(s) dict_keys(['example_task_group_decorator']) retrieved from /home/airflow/.local/lib/python3.8/site-packages/airflow/example_dags/example_task_group_decorator.py
[2023-11-04 13:59:21,544] {logging_mixin.py:109} INFO - [2023-11-04 13:59:21,544] {dag.py:2398} INFO - Sync 1 DAGs
[2023-11-04 13:59:21,563] {logging_mixin.py:109} INFO - [2023-11-04 13:59:21,563] {dag.py:2937} INFO - Setting next_dagrun for example_task_group_decorator to 2023-11-03T13:59:21.562716+00:00
[2023-11-04 13:59:21,576] {processor.py:171} INFO - Processing /home/airflow/.local/lib/python3.8/site-packages/airflow/example_dags/example_task_group_decorator.py took 0.408 seconds
[2023-11-04 13:59:51,656] {processor.py:163} INFO - Started process (PID=105) to work on /home/airflow/.local/lib/python3.8/site-packages/airflow/example_dags/example_task_group_decorator.py
[2023-11-04 13:59:51,659] {processor.py:642} INFO - Processing file /home/airflow/.local/lib/python3.8/site-packages/airflow/example_dags/example_task_group_decorator.py for tasks to queue
[2023-11-04 13:59:51,661] {logging_mixin.py:109} INFO - [2023-11-04 13:59:51,661] {dagbag.py:500} INFO - Filling up the DagBag from /home/airflow/.local/lib/python3.8/site-packages/airflow/example_dags/example_task_group_decorator.py
[2023-11-04 13:59:51,823] {processor.py:654} INFO - DAG(s) dict_keys(['example_task_group_decorator']) retrieved from /home/airflow/.local/lib/python3.8/site-packages/airflow/example_dags/example_task_group_decorator.py
[2023-11-04 13:59:52,156] {logging_mixin.py:109} INFO - [2023-11-04 13:59:52,156] {dag.py:2398} INFO - Sync 1 DAGs
[2023-11-04 13:59:52,183] {logging_mixin.py:109} INFO - [2023-11-04 13:59:52,183] {dag.py:2937} INFO - Setting next_dagrun for example_task_group_decorator to 2023-11-03T13:59:52.183280+00:00
[2023-11-04 13:59:52,206] {processor.py:171} INFO - Processing /home/airflow/.local/lib/python3.8/site-packages/airflow/example_dags/example_task_group_decorator.py took 0.556 seconds
[2023-11-04 14:00:22,409] {processor.py:163} INFO - Started process (PID=178) to work on /home/airflow/.local/lib/python3.8/site-packages/airflow/example_dags/example_task_group_decorator.py
[2023-11-04 14:00:22,413] {processor.py:642} INFO - Processing file /home/airflow/.local/lib/python3.8/site-packages/airflow/example_dags/example_task_group_decorator.py for tasks to queue
[2023-11-04 14:00:22,415] {logging_mixin.py:109} INFO - [2023-11-04 14:00:22,415] {dagbag.py:500} INFO - Filling up the DagBag from /home/airflow/.local/lib/python3.8/site-packages/airflow/example_dags/example_task_group_decorator.py
[2023-11-04 14:00:22,496] {processor.py:654} INFO - DAG(s) dict_keys(['example_task_group_decorator']) retrieved from /home/airflow/.local/lib/python3.8/site-packages/airflow/example_dags/example_task_group_decorator.py
[2023-11-04 14:00:22,795] {logging_mixin.py:109} INFO - [2023-11-04 14:00:22,795] {dag.py:2398} INFO - Sync 1 DAGs
[2023-11-04 14:00:22,815] {logging_mixin.py:109} INFO - [2023-11-04 14:00:22,815] {dag.py:2937} INFO - Setting next_dagrun for example_task_group_decorator to 2023-11-03T14:00:22.815505+00:00
[2023-11-04 14:00:22,830] {processor.py:171} INFO - Processing /home/airflow/.local/lib/python3.8/site-packages/airflow/example_dags/example_task_group_decorator.py took 0.428 seconds
[2023-11-04 14:00:53,354] {processor.py:163} INFO - Started process (PID=228) to work on /home/airflow/.local/lib/python3.8/site-packages/airflow/example_dags/example_task_group_decorator.py
[2023-11-04 14:00:53,356] {processor.py:642} INFO - Processing file /home/airflow/.local/lib/python3.8/site-packages/airflow/example_dags/example_task_group_decorator.py for tasks to queue
[2023-11-04 14:00:53,358] {logging_mixin.py:109} INFO - [2023-11-04 14:00:53,358] {dagbag.py:500} INFO - Filling up the DagBag from /home/airflow/.local/lib/python3.8/site-packages/airflow/example_dags/example_task_group_decorator.py
[2023-11-04 14:00:53,417] {processor.py:654} INFO - DAG(s) dict_keys(['example_task_group_decorator']) retrieved from /home/airflow/.local/lib/python3.8/site-packages/airflow/example_dags/example_task_group_decorator.py
[2023-11-04 14:00:53,685] {logging_mixin.py:109} INFO - [2023-11-04 14:00:53,685] {dag.py:2398} INFO - Sync 1 DAGs
[2023-11-04 14:00:53,707] {logging_mixin.py:109} INFO - [2023-11-04 14:00:53,707] {dag.py:2937} INFO - Setting next_dagrun for example_task_group_decorator to 2023-11-03T14:00:53.706735+00:00
[2023-11-04 14:00:53,725] {processor.py:171} INFO - Processing /home/airflow/.local/lib/python3.8/site-packages/airflow/example_dags/example_task_group_decorator.py took 0.376 seconds
[2023-11-04 14:01:23,887] {processor.py:163} INFO - Started process (PID=277) to work on /home/airflow/.local/lib/python3.8/site-packages/airflow/example_dags/example_task_group_decorator.py
[2023-11-04 14:01:23,889] {processor.py:642} INFO - Processing file /home/airflow/.local/lib/python3.8/site-packages/airflow/example_dags/example_task_group_decorator.py for tasks to queue
[2023-11-04 14:01:23,891] {logging_mixin.py:109} INFO - [2023-11-04 14:01:23,890] {dagbag.py:500} INFO - Filling up the DagBag from /home/airflow/.local/lib/python3.8/site-packages/airflow/example_dags/example_task_group_decorator.py
[2023-11-04 14:01:23,951] {processor.py:654} INFO - DAG(s) dict_keys(['example_task_group_decorator']) retrieved from /home/airflow/.local/lib/python3.8/site-packages/airflow/example_dags/example_task_group_decorator.py
[2023-11-04 14:01:24,218] {logging_mixin.py:109} INFO - [2023-11-04 14:01:24,217] {dag.py:2398} INFO - Sync 1 DAGs
[2023-11-04 14:01:24,238] {logging_mixin.py:109} INFO - [2023-11-04 14:01:24,238] {dag.py:2937} INFO - Setting next_dagrun for example_task_group_decorator to 2023-11-03T14:01:24.238478+00:00
[2023-11-04 14:01:24,254] {processor.py:171} INFO - Processing /home/airflow/.local/lib/python3.8/site-packages/airflow/example_dags/example_task_group_decorator.py took 0.372 seconds
[2023-11-04 14:01:54,534] {processor.py:163} INFO - Started process (PID=334) to work on /home/airflow/.local/lib/python3.8/site-packages/airflow/example_dags/example_task_group_decorator.py
[2023-11-04 14:01:54,536] {processor.py:642} INFO - Processing file /home/airflow/.local/lib/python3.8/site-packages/airflow/example_dags/example_task_group_decorator.py for tasks to queue
[2023-11-04 14:01:54,538] {logging_mixin.py:109} INFO - [2023-11-04 14:01:54,538] {dagbag.py:500} INFO - Filling up the DagBag from /home/airflow/.local/lib/python3.8/site-packages/airflow/example_dags/example_task_group_decorator.py
[2023-11-04 14:01:54,598] {processor.py:654} INFO - DAG(s) dict_keys(['example_task_group_decorator']) retrieved from /home/airflow/.local/lib/python3.8/site-packages/airflow/example_dags/example_task_group_decorator.py
[2023-11-04 14:01:54,859] {logging_mixin.py:109} INFO - [2023-11-04 14:01:54,859] {dag.py:2398} INFO - Sync 1 DAGs
[2023-11-04 14:01:54,877] {logging_mixin.py:109} INFO - [2023-11-04 14:01:54,877] {dag.py:2937} INFO - Setting next_dagrun for example_task_group_decorator to 2023-11-03T14:01:54.876859+00:00
[2023-11-04 14:01:54,890] {processor.py:171} INFO - Processing /home/airflow/.local/lib/python3.8/site-packages/airflow/example_dags/example_task_group_decorator.py took 0.361 seconds
[2023-11-04 14:02:25,211] {processor.py:163} INFO - Started process (PID=383) to work on /home/airflow/.local/lib/python3.8/site-packages/airflow/example_dags/example_task_group_decorator.py
[2023-11-04 14:02:25,213] {processor.py:642} INFO - Processing file /home/airflow/.local/lib/python3.8/site-packages/airflow/example_dags/example_task_group_decorator.py for tasks to queue
[2023-11-04 14:02:25,215] {logging_mixin.py:109} INFO - [2023-11-04 14:02:25,215] {dagbag.py:500} INFO - Filling up the DagBag from /home/airflow/.local/lib/python3.8/site-packages/airflow/example_dags/example_task_group_decorator.py
[2023-11-04 14:02:25,276] {processor.py:654} INFO - DAG(s) dict_keys(['example_task_group_decorator']) retrieved from /home/airflow/.local/lib/python3.8/site-packages/airflow/example_dags/example_task_group_decorator.py
[2023-11-04 14:02:25,544] {logging_mixin.py:109} INFO - [2023-11-04 14:02:25,544] {dag.py:2398} INFO - Sync 1 DAGs
[2023-11-04 14:02:25,563] {logging_mixin.py:109} INFO - [2023-11-04 14:02:25,563] {dag.py:2937} INFO - Setting next_dagrun for example_task_group_decorator to 2023-11-03T14:02:25.563323+00:00
[2023-11-04 14:02:25,578] {processor.py:171} INFO - Processing /home/airflow/.local/lib/python3.8/site-packages/airflow/example_dags/example_task_group_decorator.py took 0.372 seconds
[2023-11-04 14:04:47,700] {processor.py:163} INFO - Started process (PID=52) to work on /home/airflow/.local/lib/python3.8/site-packages/airflow/example_dags/example_task_group_decorator.py
[2023-11-04 14:04:47,707] {processor.py:642} INFO - Processing file /home/airflow/.local/lib/python3.8/site-packages/airflow/example_dags/example_task_group_decorator.py for tasks to queue
[2023-11-04 14:04:47,711] {logging_mixin.py:109} INFO - [2023-11-04 14:04:47,710] {dagbag.py:500} INFO - Filling up the DagBag from /home/airflow/.local/lib/python3.8/site-packages/airflow/example_dags/example_task_group_decorator.py
[2023-11-04 14:04:47,864] {processor.py:654} INFO - DAG(s) dict_keys(['example_task_group_decorator']) retrieved from /home/airflow/.local/lib/python3.8/site-packages/airflow/example_dags/example_task_group_decorator.py
[2023-11-04 14:04:48,275] {logging_mixin.py:109} INFO - [2023-11-04 14:04:48,275] {dag.py:2398} INFO - Sync 1 DAGs
[2023-11-04 14:04:48,318] {logging_mixin.py:109} INFO - [2023-11-04 14:04:48,318] {dag.py:2937} INFO - Setting next_dagrun for example_task_group_decorator to 2023-11-03T14:04:48.317463+00:00
[2023-11-04 14:04:48,360] {processor.py:171} INFO - Processing /home/airflow/.local/lib/python3.8/site-packages/airflow/example_dags/example_task_group_decorator.py took 0.667 seconds
[2023-11-04 14:05:19,136] {processor.py:163} INFO - Started process (PID=110) to work on /home/airflow/.local/lib/python3.8/site-packages/airflow/example_dags/example_task_group_decorator.py
[2023-11-04 14:05:19,140] {processor.py:642} INFO - Processing file /home/airflow/.local/lib/python3.8/site-packages/airflow/example_dags/example_task_group_decorator.py for tasks to queue
[2023-11-04 14:05:19,143] {logging_mixin.py:109} INFO - [2023-11-04 14:05:19,143] {dagbag.py:500} INFO - Filling up the DagBag from /home/airflow/.local/lib/python3.8/site-packages/airflow/example_dags/example_task_group_decorator.py
[2023-11-04 14:05:19,260] {processor.py:654} INFO - DAG(s) dict_keys(['example_task_group_decorator']) retrieved from /home/airflow/.local/lib/python3.8/site-packages/airflow/example_dags/example_task_group_decorator.py
[2023-11-04 14:05:19,799] {logging_mixin.py:109} INFO - [2023-11-04 14:05:19,799] {dag.py:2398} INFO - Sync 1 DAGs
[2023-11-04 14:05:19,831] {logging_mixin.py:109} INFO - [2023-11-04 14:05:19,831] {dag.py:2937} INFO - Setting next_dagrun for example_task_group_decorator to 2023-11-03T14:05:19.830417+00:00
[2023-11-04 14:05:19,856] {processor.py:171} INFO - Processing /home/airflow/.local/lib/python3.8/site-packages/airflow/example_dags/example_task_group_decorator.py took 0.733 seconds
[2023-11-04 14:05:50,127] {processor.py:163} INFO - Started process (PID=159) to work on /home/airflow/.local/lib/python3.8/site-packages/airflow/example_dags/example_task_group_decorator.py
[2023-11-04 14:05:50,130] {processor.py:642} INFO - Processing file /home/airflow/.local/lib/python3.8/site-packages/airflow/example_dags/example_task_group_decorator.py for tasks to queue
[2023-11-04 14:05:50,131] {logging_mixin.py:109} INFO - [2023-11-04 14:05:50,131] {dagbag.py:500} INFO - Filling up the DagBag from /home/airflow/.local/lib/python3.8/site-packages/airflow/example_dags/example_task_group_decorator.py
[2023-11-04 14:05:50,191] {processor.py:654} INFO - DAG(s) dict_keys(['example_task_group_decorator']) retrieved from /home/airflow/.local/lib/python3.8/site-packages/airflow/example_dags/example_task_group_decorator.py
[2023-11-04 14:05:50,456] {logging_mixin.py:109} INFO - [2023-11-04 14:05:50,455] {dag.py:2398} INFO - Sync 1 DAGs
[2023-11-04 14:05:50,474] {logging_mixin.py:109} INFO - [2023-11-04 14:05:50,474] {dag.py:2937} INFO - Setting next_dagrun for example_task_group_decorator to 2023-11-03T14:05:50.474082+00:00
[2023-11-04 14:05:50,488] {processor.py:171} INFO - Processing /home/airflow/.local/lib/python3.8/site-packages/airflow/example_dags/example_task_group_decorator.py took 0.366 seconds
[2023-11-04 14:06:20,613] {processor.py:163} INFO - Started process (PID=208) to work on /home/airflow/.local/lib/python3.8/site-packages/airflow/example_dags/example_task_group_decorator.py
[2023-11-04 14:06:20,615] {processor.py:642} INFO - Processing file /home/airflow/.local/lib/python3.8/site-packages/airflow/example_dags/example_task_group_decorator.py for tasks to queue
[2023-11-04 14:06:20,617] {logging_mixin.py:109} INFO - [2023-11-04 14:06:20,617] {dagbag.py:500} INFO - Filling up the DagBag from /home/airflow/.local/lib/python3.8/site-packages/airflow/example_dags/example_task_group_decorator.py
[2023-11-04 14:06:20,683] {processor.py:654} INFO - DAG(s) dict_keys(['example_task_group_decorator']) retrieved from /home/airflow/.local/lib/python3.8/site-packages/airflow/example_dags/example_task_group_decorator.py
[2023-11-04 14:06:20,998] {logging_mixin.py:109} INFO - [2023-11-04 14:06:20,998] {dag.py:2398} INFO - Sync 1 DAGs
[2023-11-04 14:06:21,015] {logging_mixin.py:109} INFO - [2023-11-04 14:06:21,015] {dag.py:2937} INFO - Setting next_dagrun for example_task_group_decorator to 2023-11-03T14:06:21.014762+00:00
[2023-11-04 14:06:21,030] {processor.py:171} INFO - Processing /home/airflow/.local/lib/python3.8/site-packages/airflow/example_dags/example_task_group_decorator.py took 0.422 seconds
[2023-11-04 14:06:51,160] {processor.py:163} INFO - Started process (PID=266) to work on /home/airflow/.local/lib/python3.8/site-packages/airflow/example_dags/example_task_group_decorator.py
[2023-11-04 14:06:51,163] {processor.py:642} INFO - Processing file /home/airflow/.local/lib/python3.8/site-packages/airflow/example_dags/example_task_group_decorator.py for tasks to queue
[2023-11-04 14:06:51,164] {logging_mixin.py:109} INFO - [2023-11-04 14:06:51,164] {dagbag.py:500} INFO - Filling up the DagBag from /home/airflow/.local/lib/python3.8/site-packages/airflow/example_dags/example_task_group_decorator.py
[2023-11-04 14:06:51,238] {processor.py:654} INFO - DAG(s) dict_keys(['example_task_group_decorator']) retrieved from /home/airflow/.local/lib/python3.8/site-packages/airflow/example_dags/example_task_group_decorator.py
[2023-11-04 14:06:51,552] {logging_mixin.py:109} INFO - [2023-11-04 14:06:51,552] {dag.py:2398} INFO - Sync 1 DAGs
[2023-11-04 14:06:51,570] {logging_mixin.py:109} INFO - [2023-11-04 14:06:51,570] {dag.py:2937} INFO - Setting next_dagrun for example_task_group_decorator to 2023-11-03T14:06:51.569677+00:00
[2023-11-04 14:06:51,584] {processor.py:171} INFO - Processing /home/airflow/.local/lib/python3.8/site-packages/airflow/example_dags/example_task_group_decorator.py took 0.429 seconds
[2023-11-04 14:07:21,665] {processor.py:163} INFO - Started process (PID=317) to work on /home/airflow/.local/lib/python3.8/site-packages/airflow/example_dags/example_task_group_decorator.py
[2023-11-04 14:07:21,668] {processor.py:642} INFO - Processing file /home/airflow/.local/lib/python3.8/site-packages/airflow/example_dags/example_task_group_decorator.py for tasks to queue
[2023-11-04 14:07:21,670] {logging_mixin.py:109} INFO - [2023-11-04 14:07:21,670] {dagbag.py:500} INFO - Filling up the DagBag from /home/airflow/.local/lib/python3.8/site-packages/airflow/example_dags/example_task_group_decorator.py
[2023-11-04 14:07:21,750] {processor.py:654} INFO - DAG(s) dict_keys(['example_task_group_decorator']) retrieved from /home/airflow/.local/lib/python3.8/site-packages/airflow/example_dags/example_task_group_decorator.py
[2023-11-04 14:07:22,127] {logging_mixin.py:109} INFO - [2023-11-04 14:07:22,126] {dag.py:2398} INFO - Sync 1 DAGs
[2023-11-04 14:07:22,162] {logging_mixin.py:109} INFO - [2023-11-04 14:07:22,162] {dag.py:2937} INFO - Setting next_dagrun for example_task_group_decorator to 2023-11-03T14:07:22.162303+00:00
[2023-11-04 14:07:22,191] {processor.py:171} INFO - Processing /home/airflow/.local/lib/python3.8/site-packages/airflow/example_dags/example_task_group_decorator.py took 0.531 seconds
[2023-11-04 14:07:52,455] {processor.py:163} INFO - Started process (PID=366) to work on /home/airflow/.local/lib/python3.8/site-packages/airflow/example_dags/example_task_group_decorator.py
[2023-11-04 14:07:52,458] {processor.py:642} INFO - Processing file /home/airflow/.local/lib/python3.8/site-packages/airflow/example_dags/example_task_group_decorator.py for tasks to queue
[2023-11-04 14:07:52,459] {logging_mixin.py:109} INFO - [2023-11-04 14:07:52,459] {dagbag.py:500} INFO - Filling up the DagBag from /home/airflow/.local/lib/python3.8/site-packages/airflow/example_dags/example_task_group_decorator.py
[2023-11-04 14:07:52,519] {processor.py:654} INFO - DAG(s) dict_keys(['example_task_group_decorator']) retrieved from /home/airflow/.local/lib/python3.8/site-packages/airflow/example_dags/example_task_group_decorator.py
[2023-11-04 14:07:52,780] {logging_mixin.py:109} INFO - [2023-11-04 14:07:52,779] {dag.py:2398} INFO - Sync 1 DAGs
[2023-11-04 14:07:52,798] {logging_mixin.py:109} INFO - [2023-11-04 14:07:52,798] {dag.py:2937} INFO - Setting next_dagrun for example_task_group_decorator to 2023-11-03T14:07:52.797794+00:00
[2023-11-04 14:07:52,811] {processor.py:171} INFO - Processing /home/airflow/.local/lib/python3.8/site-packages/airflow/example_dags/example_task_group_decorator.py took 0.361 seconds
[2023-11-04 14:08:23,566] {processor.py:163} INFO - Started process (PID=421) to work on /home/airflow/.local/lib/python3.8/site-packages/airflow/example_dags/example_task_group_decorator.py
[2023-11-04 14:08:23,568] {processor.py:642} INFO - Processing file /home/airflow/.local/lib/python3.8/site-packages/airflow/example_dags/example_task_group_decorator.py for tasks to queue
[2023-11-04 14:08:23,569] {logging_mixin.py:109} INFO - [2023-11-04 14:08:23,569] {dagbag.py:500} INFO - Filling up the DagBag from /home/airflow/.local/lib/python3.8/site-packages/airflow/example_dags/example_task_group_decorator.py
[2023-11-04 14:08:23,632] {processor.py:654} INFO - DAG(s) dict_keys(['example_task_group_decorator']) retrieved from /home/airflow/.local/lib/python3.8/site-packages/airflow/example_dags/example_task_group_decorator.py
[2023-11-04 14:08:23,901] {logging_mixin.py:109} INFO - [2023-11-04 14:08:23,901] {dag.py:2398} INFO - Sync 1 DAGs
[2023-11-04 14:08:23,920] {logging_mixin.py:109} INFO - [2023-11-04 14:08:23,920] {dag.py:2937} INFO - Setting next_dagrun for example_task_group_decorator to 2023-11-03T14:08:23.919911+00:00
[2023-11-04 14:08:23,936] {processor.py:171} INFO - Processing /home/airflow/.local/lib/python3.8/site-packages/airflow/example_dags/example_task_group_decorator.py took 0.376 seconds
[2023-11-04 14:08:54,109] {processor.py:163} INFO - Started process (PID=472) to work on /home/airflow/.local/lib/python3.8/site-packages/airflow/example_dags/example_task_group_decorator.py
[2023-11-04 14:08:54,112] {processor.py:642} INFO - Processing file /home/airflow/.local/lib/python3.8/site-packages/airflow/example_dags/example_task_group_decorator.py for tasks to queue
[2023-11-04 14:08:54,114] {logging_mixin.py:109} INFO - [2023-11-04 14:08:54,113] {dagbag.py:500} INFO - Filling up the DagBag from /home/airflow/.local/lib/python3.8/site-packages/airflow/example_dags/example_task_group_decorator.py
[2023-11-04 14:08:54,179] {processor.py:654} INFO - DAG(s) dict_keys(['example_task_group_decorator']) retrieved from /home/airflow/.local/lib/python3.8/site-packages/airflow/example_dags/example_task_group_decorator.py
[2023-11-04 14:08:54,469] {logging_mixin.py:109} INFO - [2023-11-04 14:08:54,469] {dag.py:2398} INFO - Sync 1 DAGs
[2023-11-04 14:08:54,490] {logging_mixin.py:109} INFO - [2023-11-04 14:08:54,490] {dag.py:2937} INFO - Setting next_dagrun for example_task_group_decorator to 2023-11-03T14:08:54.490119+00:00
[2023-11-04 14:08:54,507] {processor.py:171} INFO - Processing /home/airflow/.local/lib/python3.8/site-packages/airflow/example_dags/example_task_group_decorator.py took 0.403 seconds
[2023-11-04 14:09:24,642] {processor.py:163} INFO - Started process (PID=531) to work on /home/airflow/.local/lib/python3.8/site-packages/airflow/example_dags/example_task_group_decorator.py
[2023-11-04 14:09:24,645] {processor.py:642} INFO - Processing file /home/airflow/.local/lib/python3.8/site-packages/airflow/example_dags/example_task_group_decorator.py for tasks to queue
[2023-11-04 14:09:24,647] {logging_mixin.py:109} INFO - [2023-11-04 14:09:24,647] {dagbag.py:500} INFO - Filling up the DagBag from /home/airflow/.local/lib/python3.8/site-packages/airflow/example_dags/example_task_group_decorator.py
[2023-11-04 14:09:24,721] {processor.py:654} INFO - DAG(s) dict_keys(['example_task_group_decorator']) retrieved from /home/airflow/.local/lib/python3.8/site-packages/airflow/example_dags/example_task_group_decorator.py
[2023-11-04 14:09:25,053] {logging_mixin.py:109} INFO - [2023-11-04 14:09:25,052] {dag.py:2398} INFO - Sync 1 DAGs
[2023-11-04 14:09:25,071] {logging_mixin.py:109} INFO - [2023-11-04 14:09:25,071] {dag.py:2937} INFO - Setting next_dagrun for example_task_group_decorator to 2023-11-03T14:09:25.071070+00:00
[2023-11-04 14:09:25,084] {processor.py:171} INFO - Processing /home/airflow/.local/lib/python3.8/site-packages/airflow/example_dags/example_task_group_decorator.py took 0.448 seconds
[2023-11-04 14:09:55,847] {processor.py:163} INFO - Started process (PID=581) to work on /home/airflow/.local/lib/python3.8/site-packages/airflow/example_dags/example_task_group_decorator.py
[2023-11-04 14:09:55,849] {processor.py:642} INFO - Processing file /home/airflow/.local/lib/python3.8/site-packages/airflow/example_dags/example_task_group_decorator.py for tasks to queue
[2023-11-04 14:09:55,850] {logging_mixin.py:109} INFO - [2023-11-04 14:09:55,850] {dagbag.py:500} INFO - Filling up the DagBag from /home/airflow/.local/lib/python3.8/site-packages/airflow/example_dags/example_task_group_decorator.py
[2023-11-04 14:09:55,912] {processor.py:654} INFO - DAG(s) dict_keys(['example_task_group_decorator']) retrieved from /home/airflow/.local/lib/python3.8/site-packages/airflow/example_dags/example_task_group_decorator.py
[2023-11-04 14:09:56,188] {logging_mixin.py:109} INFO - [2023-11-04 14:09:56,188] {dag.py:2398} INFO - Sync 1 DAGs
[2023-11-04 14:09:56,206] {logging_mixin.py:109} INFO - [2023-11-04 14:09:56,205] {dag.py:2937} INFO - Setting next_dagrun for example_task_group_decorator to 2023-11-03T14:09:56.205540+00:00
[2023-11-04 14:09:56,220] {processor.py:171} INFO - Processing /home/airflow/.local/lib/python3.8/site-packages/airflow/example_dags/example_task_group_decorator.py took 0.379 seconds
[2023-11-04 14:10:27,262] {processor.py:163} INFO - Started process (PID=641) to work on /home/airflow/.local/lib/python3.8/site-packages/airflow/example_dags/example_task_group_decorator.py
[2023-11-04 14:10:27,264] {processor.py:642} INFO - Processing file /home/airflow/.local/lib/python3.8/site-packages/airflow/example_dags/example_task_group_decorator.py for tasks to queue
[2023-11-04 14:10:27,266] {logging_mixin.py:109} INFO - [2023-11-04 14:10:27,266] {dagbag.py:500} INFO - Filling up the DagBag from /home/airflow/.local/lib/python3.8/site-packages/airflow/example_dags/example_task_group_decorator.py
[2023-11-04 14:10:27,327] {processor.py:654} INFO - DAG(s) dict_keys(['example_task_group_decorator']) retrieved from /home/airflow/.local/lib/python3.8/site-packages/airflow/example_dags/example_task_group_decorator.py
[2023-11-04 14:10:27,594] {logging_mixin.py:109} INFO - [2023-11-04 14:10:27,594] {dag.py:2398} INFO - Sync 1 DAGs
[2023-11-04 14:10:27,616] {logging_mixin.py:109} INFO - [2023-11-04 14:10:27,616] {dag.py:2937} INFO - Setting next_dagrun for example_task_group_decorator to 2023-11-03T14:10:27.616129+00:00
[2023-11-04 14:10:27,632] {processor.py:171} INFO - Processing /home/airflow/.local/lib/python3.8/site-packages/airflow/example_dags/example_task_group_decorator.py took 0.375 seconds
[2023-11-04 14:11:50,606] {processor.py:163} INFO - Started process (PID=53) to work on /home/airflow/.local/lib/python3.8/site-packages/airflow/example_dags/example_task_group_decorator.py
[2023-11-04 14:11:50,610] {processor.py:642} INFO - Processing file /home/airflow/.local/lib/python3.8/site-packages/airflow/example_dags/example_task_group_decorator.py for tasks to queue
[2023-11-04 14:11:50,612] {logging_mixin.py:109} INFO - [2023-11-04 14:11:50,612] {dagbag.py:500} INFO - Filling up the DagBag from /home/airflow/.local/lib/python3.8/site-packages/airflow/example_dags/example_task_group_decorator.py
[2023-11-04 14:11:50,683] {processor.py:654} INFO - DAG(s) dict_keys(['example_task_group_decorator']) retrieved from /home/airflow/.local/lib/python3.8/site-packages/airflow/example_dags/example_task_group_decorator.py
[2023-11-04 14:11:50,968] {logging_mixin.py:109} INFO - [2023-11-04 14:11:50,968] {dag.py:2398} INFO - Sync 1 DAGs
[2023-11-04 14:11:50,988] {logging_mixin.py:109} INFO - [2023-11-04 14:11:50,988] {dag.py:2937} INFO - Setting next_dagrun for example_task_group_decorator to 2023-11-03T14:11:50.987747+00:00
[2023-11-04 14:11:51,002] {processor.py:171} INFO - Processing /home/airflow/.local/lib/python3.8/site-packages/airflow/example_dags/example_task_group_decorator.py took 0.401 seconds
[2023-11-04 14:12:21,195] {processor.py:163} INFO - Started process (PID=101) to work on /home/airflow/.local/lib/python3.8/site-packages/airflow/example_dags/example_task_group_decorator.py
[2023-11-04 14:12:21,198] {processor.py:642} INFO - Processing file /home/airflow/.local/lib/python3.8/site-packages/airflow/example_dags/example_task_group_decorator.py for tasks to queue
[2023-11-04 14:12:21,199] {logging_mixin.py:109} INFO - [2023-11-04 14:12:21,199] {dagbag.py:500} INFO - Filling up the DagBag from /home/airflow/.local/lib/python3.8/site-packages/airflow/example_dags/example_task_group_decorator.py
[2023-11-04 14:12:21,269] {processor.py:654} INFO - DAG(s) dict_keys(['example_task_group_decorator']) retrieved from /home/airflow/.local/lib/python3.8/site-packages/airflow/example_dags/example_task_group_decorator.py
[2023-11-04 14:12:21,582] {logging_mixin.py:109} INFO - [2023-11-04 14:12:21,582] {dag.py:2398} INFO - Sync 1 DAGs
[2023-11-04 14:12:21,601] {logging_mixin.py:109} INFO - [2023-11-04 14:12:21,601] {dag.py:2937} INFO - Setting next_dagrun for example_task_group_decorator to 2023-11-03T14:12:21.601432+00:00
[2023-11-04 14:12:21,617] {processor.py:171} INFO - Processing /home/airflow/.local/lib/python3.8/site-packages/airflow/example_dags/example_task_group_decorator.py took 0.426 seconds
[2023-11-04 14:12:52,455] {processor.py:163} INFO - Started process (PID=158) to work on /home/airflow/.local/lib/python3.8/site-packages/airflow/example_dags/example_task_group_decorator.py
[2023-11-04 14:12:52,458] {processor.py:642} INFO - Processing file /home/airflow/.local/lib/python3.8/site-packages/airflow/example_dags/example_task_group_decorator.py for tasks to queue
[2023-11-04 14:12:52,459] {logging_mixin.py:109} INFO - [2023-11-04 14:12:52,459] {dagbag.py:500} INFO - Filling up the DagBag from /home/airflow/.local/lib/python3.8/site-packages/airflow/example_dags/example_task_group_decorator.py
[2023-11-04 14:12:52,522] {processor.py:654} INFO - DAG(s) dict_keys(['example_task_group_decorator']) retrieved from /home/airflow/.local/lib/python3.8/site-packages/airflow/example_dags/example_task_group_decorator.py
[2023-11-04 14:12:52,830] {logging_mixin.py:109} INFO - [2023-11-04 14:12:52,829] {dag.py:2398} INFO - Sync 1 DAGs
[2023-11-04 14:12:52,851] {logging_mixin.py:109} INFO - [2023-11-04 14:12:52,851] {dag.py:2937} INFO - Setting next_dagrun for example_task_group_decorator to 2023-11-03T14:12:52.850644+00:00
[2023-11-04 14:12:52,867] {processor.py:171} INFO - Processing /home/airflow/.local/lib/python3.8/site-packages/airflow/example_dags/example_task_group_decorator.py took 0.417 seconds
[2023-11-04 14:13:23,177] {processor.py:163} INFO - Started process (PID=208) to work on /home/airflow/.local/lib/python3.8/site-packages/airflow/example_dags/example_task_group_decorator.py
[2023-11-04 14:13:23,180] {processor.py:642} INFO - Processing file /home/airflow/.local/lib/python3.8/site-packages/airflow/example_dags/example_task_group_decorator.py for tasks to queue
[2023-11-04 14:13:23,185] {logging_mixin.py:109} INFO - [2023-11-04 14:13:23,184] {dagbag.py:500} INFO - Filling up the DagBag from /home/airflow/.local/lib/python3.8/site-packages/airflow/example_dags/example_task_group_decorator.py
[2023-11-04 14:13:23,290] {processor.py:654} INFO - DAG(s) dict_keys(['example_task_group_decorator']) retrieved from /home/airflow/.local/lib/python3.8/site-packages/airflow/example_dags/example_task_group_decorator.py
[2023-11-04 14:13:23,627] {logging_mixin.py:109} INFO - [2023-11-04 14:13:23,627] {dag.py:2398} INFO - Sync 1 DAGs
[2023-11-04 14:13:23,653] {logging_mixin.py:109} INFO - [2023-11-04 14:13:23,653] {dag.py:2937} INFO - Setting next_dagrun for example_task_group_decorator to 2023-11-03T14:13:23.653470+00:00
[2023-11-04 14:13:23,673] {processor.py:171} INFO - Processing /home/airflow/.local/lib/python3.8/site-packages/airflow/example_dags/example_task_group_decorator.py took 0.502 seconds
[2023-11-04 14:13:54,135] {processor.py:163} INFO - Started process (PID=267) to work on /home/airflow/.local/lib/python3.8/site-packages/airflow/example_dags/example_task_group_decorator.py
[2023-11-04 14:13:54,140] {processor.py:642} INFO - Processing file /home/airflow/.local/lib/python3.8/site-packages/airflow/example_dags/example_task_group_decorator.py for tasks to queue
[2023-11-04 14:13:54,143] {logging_mixin.py:109} INFO - [2023-11-04 14:13:54,143] {dagbag.py:500} INFO - Filling up the DagBag from /home/airflow/.local/lib/python3.8/site-packages/airflow/example_dags/example_task_group_decorator.py
[2023-11-04 14:13:54,271] {processor.py:654} INFO - DAG(s) dict_keys(['example_task_group_decorator']) retrieved from /home/airflow/.local/lib/python3.8/site-packages/airflow/example_dags/example_task_group_decorator.py
[2023-11-04 14:13:54,610] {logging_mixin.py:109} INFO - [2023-11-04 14:13:54,610] {dag.py:2398} INFO - Sync 1 DAGs
[2023-11-04 14:13:54,634] {logging_mixin.py:109} INFO - [2023-11-04 14:13:54,633] {dag.py:2937} INFO - Setting next_dagrun for example_task_group_decorator to 2023-11-03T14:13:54.633635+00:00
[2023-11-04 14:13:54,659] {processor.py:171} INFO - Processing /home/airflow/.local/lib/python3.8/site-packages/airflow/example_dags/example_task_group_decorator.py took 0.535 seconds
[2023-11-04 14:14:24,963] {processor.py:163} INFO - Started process (PID=318) to work on /home/airflow/.local/lib/python3.8/site-packages/airflow/example_dags/example_task_group_decorator.py
[2023-11-04 14:14:24,966] {processor.py:642} INFO - Processing file /home/airflow/.local/lib/python3.8/site-packages/airflow/example_dags/example_task_group_decorator.py for tasks to queue
[2023-11-04 14:14:24,967] {logging_mixin.py:109} INFO - [2023-11-04 14:14:24,967] {dagbag.py:500} INFO - Filling up the DagBag from /home/airflow/.local/lib/python3.8/site-packages/airflow/example_dags/example_task_group_decorator.py
[2023-11-04 14:14:25,042] {processor.py:654} INFO - DAG(s) dict_keys(['example_task_group_decorator']) retrieved from /home/airflow/.local/lib/python3.8/site-packages/airflow/example_dags/example_task_group_decorator.py
[2023-11-04 14:14:25,350] {logging_mixin.py:109} INFO - [2023-11-04 14:14:25,350] {dag.py:2398} INFO - Sync 1 DAGs
[2023-11-04 14:14:25,371] {logging_mixin.py:109} INFO - [2023-11-04 14:14:25,371] {dag.py:2937} INFO - Setting next_dagrun for example_task_group_decorator to 2023-11-03T14:14:25.371314+00:00
[2023-11-04 14:14:25,390] {processor.py:171} INFO - Processing /home/airflow/.local/lib/python3.8/site-packages/airflow/example_dags/example_task_group_decorator.py took 0.432 seconds
[2023-11-04 14:14:55,555] {processor.py:163} INFO - Started process (PID=368) to work on /home/airflow/.local/lib/python3.8/site-packages/airflow/example_dags/example_task_group_decorator.py
[2023-11-04 14:14:55,558] {processor.py:642} INFO - Processing file /home/airflow/.local/lib/python3.8/site-packages/airflow/example_dags/example_task_group_decorator.py for tasks to queue
[2023-11-04 14:14:55,561] {logging_mixin.py:109} INFO - [2023-11-04 14:14:55,560] {dagbag.py:500} INFO - Filling up the DagBag from /home/airflow/.local/lib/python3.8/site-packages/airflow/example_dags/example_task_group_decorator.py
[2023-11-04 14:14:55,624] {processor.py:654} INFO - DAG(s) dict_keys(['example_task_group_decorator']) retrieved from /home/airflow/.local/lib/python3.8/site-packages/airflow/example_dags/example_task_group_decorator.py
[2023-11-04 14:14:55,917] {logging_mixin.py:109} INFO - [2023-11-04 14:14:55,917] {dag.py:2398} INFO - Sync 1 DAGs
[2023-11-04 14:14:55,935] {logging_mixin.py:109} INFO - [2023-11-04 14:14:55,935] {dag.py:2937} INFO - Setting next_dagrun for example_task_group_decorator to 2023-11-03T14:14:55.934862+00:00
[2023-11-04 14:14:55,952] {processor.py:171} INFO - Processing /home/airflow/.local/lib/python3.8/site-packages/airflow/example_dags/example_task_group_decorator.py took 0.403 seconds
[2023-11-04 14:15:26,036] {processor.py:163} INFO - Started process (PID=427) to work on /home/airflow/.local/lib/python3.8/site-packages/airflow/example_dags/example_task_group_decorator.py
[2023-11-04 14:15:26,039] {processor.py:642} INFO - Processing file /home/airflow/.local/lib/python3.8/site-packages/airflow/example_dags/example_task_group_decorator.py for tasks to queue
[2023-11-04 14:15:26,040] {logging_mixin.py:109} INFO - [2023-11-04 14:15:26,040] {dagbag.py:500} INFO - Filling up the DagBag from /home/airflow/.local/lib/python3.8/site-packages/airflow/example_dags/example_task_group_decorator.py
[2023-11-04 14:15:26,102] {processor.py:654} INFO - DAG(s) dict_keys(['example_task_group_decorator']) retrieved from /home/airflow/.local/lib/python3.8/site-packages/airflow/example_dags/example_task_group_decorator.py
[2023-11-04 14:15:26,404] {logging_mixin.py:109} INFO - [2023-11-04 14:15:26,404] {dag.py:2398} INFO - Sync 1 DAGs
[2023-11-04 14:15:26,422] {logging_mixin.py:109} INFO - [2023-11-04 14:15:26,422] {dag.py:2937} INFO - Setting next_dagrun for example_task_group_decorator to 2023-11-03T14:15:26.422329+00:00
[2023-11-04 14:15:26,443] {processor.py:171} INFO - Processing /home/airflow/.local/lib/python3.8/site-packages/airflow/example_dags/example_task_group_decorator.py took 0.411 seconds
[2023-11-04 14:15:56,521] {processor.py:163} INFO - Started process (PID=478) to work on /home/airflow/.local/lib/python3.8/site-packages/airflow/example_dags/example_task_group_decorator.py
[2023-11-04 14:15:56,524] {processor.py:642} INFO - Processing file /home/airflow/.local/lib/python3.8/site-packages/airflow/example_dags/example_task_group_decorator.py for tasks to queue
[2023-11-04 14:15:56,525] {logging_mixin.py:109} INFO - [2023-11-04 14:15:56,525] {dagbag.py:500} INFO - Filling up the DagBag from /home/airflow/.local/lib/python3.8/site-packages/airflow/example_dags/example_task_group_decorator.py
[2023-11-04 14:15:56,588] {processor.py:654} INFO - DAG(s) dict_keys(['example_task_group_decorator']) retrieved from /home/airflow/.local/lib/python3.8/site-packages/airflow/example_dags/example_task_group_decorator.py
[2023-11-04 14:15:56,903] {logging_mixin.py:109} INFO - [2023-11-04 14:15:56,903] {dag.py:2398} INFO - Sync 1 DAGs
[2023-11-04 14:15:56,920] {logging_mixin.py:109} INFO - [2023-11-04 14:15:56,920] {dag.py:2937} INFO - Setting next_dagrun for example_task_group_decorator to 2023-11-03T14:15:56.920309+00:00
[2023-11-04 14:15:56,934] {processor.py:171} INFO - Processing /home/airflow/.local/lib/python3.8/site-packages/airflow/example_dags/example_task_group_decorator.py took 0.418 seconds
[2023-11-04 14:16:27,803] {processor.py:163} INFO - Started process (PID=533) to work on /home/airflow/.local/lib/python3.8/site-packages/airflow/example_dags/example_task_group_decorator.py
[2023-11-04 14:16:27,806] {processor.py:642} INFO - Processing file /home/airflow/.local/lib/python3.8/site-packages/airflow/example_dags/example_task_group_decorator.py for tasks to queue
[2023-11-04 14:16:27,808] {logging_mixin.py:109} INFO - [2023-11-04 14:16:27,807] {dagbag.py:500} INFO - Filling up the DagBag from /home/airflow/.local/lib/python3.8/site-packages/airflow/example_dags/example_task_group_decorator.py
[2023-11-04 14:16:27,870] {processor.py:654} INFO - DAG(s) dict_keys(['example_task_group_decorator']) retrieved from /home/airflow/.local/lib/python3.8/site-packages/airflow/example_dags/example_task_group_decorator.py
[2023-11-04 14:16:28,139] {logging_mixin.py:109} INFO - [2023-11-04 14:16:28,139] {dag.py:2398} INFO - Sync 1 DAGs
[2023-11-04 14:16:28,157] {logging_mixin.py:109} INFO - [2023-11-04 14:16:28,157] {dag.py:2937} INFO - Setting next_dagrun for example_task_group_decorator to 2023-11-03T14:16:28.156845+00:00
[2023-11-04 14:16:28,172] {processor.py:171} INFO - Processing /home/airflow/.local/lib/python3.8/site-packages/airflow/example_dags/example_task_group_decorator.py took 0.373 seconds
[2023-11-04 14:16:58,508] {processor.py:163} INFO - Started process (PID=582) to work on /home/airflow/.local/lib/python3.8/site-packages/airflow/example_dags/example_task_group_decorator.py
[2023-11-04 14:16:58,511] {processor.py:642} INFO - Processing file /home/airflow/.local/lib/python3.8/site-packages/airflow/example_dags/example_task_group_decorator.py for tasks to queue
[2023-11-04 14:16:58,512] {logging_mixin.py:109} INFO - [2023-11-04 14:16:58,512] {dagbag.py:500} INFO - Filling up the DagBag from /home/airflow/.local/lib/python3.8/site-packages/airflow/example_dags/example_task_group_decorator.py
[2023-11-04 14:16:58,582] {processor.py:654} INFO - DAG(s) dict_keys(['example_task_group_decorator']) retrieved from /home/airflow/.local/lib/python3.8/site-packages/airflow/example_dags/example_task_group_decorator.py
[2023-11-04 14:16:58,891] {logging_mixin.py:109} INFO - [2023-11-04 14:16:58,890] {dag.py:2398} INFO - Sync 1 DAGs
[2023-11-04 14:16:58,910] {logging_mixin.py:109} INFO - [2023-11-04 14:16:58,910] {dag.py:2937} INFO - Setting next_dagrun for example_task_group_decorator to 2023-11-03T14:16:58.910302+00:00
[2023-11-04 14:16:58,925] {processor.py:171} INFO - Processing /home/airflow/.local/lib/python3.8/site-packages/airflow/example_dags/example_task_group_decorator.py took 0.422 seconds
[2023-11-04 14:17:29,803] {processor.py:163} INFO - Started process (PID=632) to work on /home/airflow/.local/lib/python3.8/site-packages/airflow/example_dags/example_task_group_decorator.py
[2023-11-04 14:17:29,806] {processor.py:642} INFO - Processing file /home/airflow/.local/lib/python3.8/site-packages/airflow/example_dags/example_task_group_decorator.py for tasks to queue
[2023-11-04 14:17:29,807] {logging_mixin.py:109} INFO - [2023-11-04 14:17:29,807] {dagbag.py:500} INFO - Filling up the DagBag from /home/airflow/.local/lib/python3.8/site-packages/airflow/example_dags/example_task_group_decorator.py
[2023-11-04 14:17:29,868] {processor.py:654} INFO - DAG(s) dict_keys(['example_task_group_decorator']) retrieved from /home/airflow/.local/lib/python3.8/site-packages/airflow/example_dags/example_task_group_decorator.py
[2023-11-04 14:17:30,144] {logging_mixin.py:109} INFO - [2023-11-04 14:17:30,143] {dag.py:2398} INFO - Sync 1 DAGs
[2023-11-04 14:17:30,161] {logging_mixin.py:109} INFO - [2023-11-04 14:17:30,161] {dag.py:2937} INFO - Setting next_dagrun for example_task_group_decorator to 2023-11-03T14:17:30.161281+00:00
[2023-11-04 14:17:30,177] {processor.py:171} INFO - Processing /home/airflow/.local/lib/python3.8/site-packages/airflow/example_dags/example_task_group_decorator.py took 0.379 seconds
[2023-11-04 14:18:00,253] {processor.py:163} INFO - Started process (PID=685) to work on /home/airflow/.local/lib/python3.8/site-packages/airflow/example_dags/example_task_group_decorator.py
[2023-11-04 14:18:00,257] {processor.py:642} INFO - Processing file /home/airflow/.local/lib/python3.8/site-packages/airflow/example_dags/example_task_group_decorator.py for tasks to queue
[2023-11-04 14:18:00,259] {logging_mixin.py:109} INFO - [2023-11-04 14:18:00,258] {dagbag.py:500} INFO - Filling up the DagBag from /home/airflow/.local/lib/python3.8/site-packages/airflow/example_dags/example_task_group_decorator.py
[2023-11-04 14:18:00,335] {processor.py:654} INFO - DAG(s) dict_keys(['example_task_group_decorator']) retrieved from /home/airflow/.local/lib/python3.8/site-packages/airflow/example_dags/example_task_group_decorator.py
[2023-11-04 14:18:00,671] {logging_mixin.py:109} INFO - [2023-11-04 14:18:00,671] {dag.py:2398} INFO - Sync 1 DAGs
[2023-11-04 14:18:00,694] {logging_mixin.py:109} INFO - [2023-11-04 14:18:00,693] {dag.py:2937} INFO - Setting next_dagrun for example_task_group_decorator to 2023-11-03T14:18:00.693571+00:00
[2023-11-04 14:18:00,710] {processor.py:171} INFO - Processing /home/airflow/.local/lib/python3.8/site-packages/airflow/example_dags/example_task_group_decorator.py took 0.463 seconds
[2023-11-04 14:18:30,860] {processor.py:163} INFO - Started process (PID=732) to work on /home/airflow/.local/lib/python3.8/site-packages/airflow/example_dags/example_task_group_decorator.py
[2023-11-04 14:18:30,863] {processor.py:642} INFO - Processing file /home/airflow/.local/lib/python3.8/site-packages/airflow/example_dags/example_task_group_decorator.py for tasks to queue
[2023-11-04 14:18:30,865] {logging_mixin.py:109} INFO - [2023-11-04 14:18:30,864] {dagbag.py:500} INFO - Filling up the DagBag from /home/airflow/.local/lib/python3.8/site-packages/airflow/example_dags/example_task_group_decorator.py
[2023-11-04 14:18:30,928] {processor.py:654} INFO - DAG(s) dict_keys(['example_task_group_decorator']) retrieved from /home/airflow/.local/lib/python3.8/site-packages/airflow/example_dags/example_task_group_decorator.py
[2023-11-04 14:18:31,202] {logging_mixin.py:109} INFO - [2023-11-04 14:18:31,202] {dag.py:2398} INFO - Sync 1 DAGs
[2023-11-04 14:18:31,220] {logging_mixin.py:109} INFO - [2023-11-04 14:18:31,219] {dag.py:2937} INFO - Setting next_dagrun for example_task_group_decorator to 2023-11-03T14:18:31.219489+00:00
[2023-11-04 14:18:31,235] {processor.py:171} INFO - Processing /home/airflow/.local/lib/python3.8/site-packages/airflow/example_dags/example_task_group_decorator.py took 0.380 seconds
[2023-11-04 14:19:01,916] {processor.py:163} INFO - Started process (PID=779) to work on /home/airflow/.local/lib/python3.8/site-packages/airflow/example_dags/example_task_group_decorator.py
[2023-11-04 14:19:01,918] {processor.py:642} INFO - Processing file /home/airflow/.local/lib/python3.8/site-packages/airflow/example_dags/example_task_group_decorator.py for tasks to queue
[2023-11-04 14:19:01,920] {logging_mixin.py:109} INFO - [2023-11-04 14:19:01,919] {dagbag.py:500} INFO - Filling up the DagBag from /home/airflow/.local/lib/python3.8/site-packages/airflow/example_dags/example_task_group_decorator.py
[2023-11-04 14:19:01,996] {processor.py:654} INFO - DAG(s) dict_keys(['example_task_group_decorator']) retrieved from /home/airflow/.local/lib/python3.8/site-packages/airflow/example_dags/example_task_group_decorator.py
[2023-11-04 14:19:02,292] {logging_mixin.py:109} INFO - [2023-11-04 14:19:02,292] {dag.py:2398} INFO - Sync 1 DAGs
[2023-11-04 14:19:02,311] {logging_mixin.py:109} INFO - [2023-11-04 14:19:02,311] {dag.py:2937} INFO - Setting next_dagrun for example_task_group_decorator to 2023-11-03T14:19:02.311140+00:00
[2023-11-04 14:19:02,326] {processor.py:171} INFO - Processing /home/airflow/.local/lib/python3.8/site-packages/airflow/example_dags/example_task_group_decorator.py took 0.415 seconds
[2023-11-04 14:19:33,202] {processor.py:163} INFO - Started process (PID=836) to work on /home/airflow/.local/lib/python3.8/site-packages/airflow/example_dags/example_task_group_decorator.py
[2023-11-04 14:19:33,206] {processor.py:642} INFO - Processing file /home/airflow/.local/lib/python3.8/site-packages/airflow/example_dags/example_task_group_decorator.py for tasks to queue
[2023-11-04 14:19:33,209] {logging_mixin.py:109} INFO - [2023-11-04 14:19:33,209] {dagbag.py:500} INFO - Filling up the DagBag from /home/airflow/.local/lib/python3.8/site-packages/airflow/example_dags/example_task_group_decorator.py
[2023-11-04 14:19:33,285] {processor.py:654} INFO - DAG(s) dict_keys(['example_task_group_decorator']) retrieved from /home/airflow/.local/lib/python3.8/site-packages/airflow/example_dags/example_task_group_decorator.py
[2023-11-04 14:19:33,631] {logging_mixin.py:109} INFO - [2023-11-04 14:19:33,630] {dag.py:2398} INFO - Sync 1 DAGs
[2023-11-04 14:19:33,667] {logging_mixin.py:109} INFO - [2023-11-04 14:19:33,667] {dag.py:2937} INFO - Setting next_dagrun for example_task_group_decorator to 2023-11-03T14:19:33.667234+00:00
[2023-11-04 14:19:33,686] {processor.py:171} INFO - Processing /home/airflow/.local/lib/python3.8/site-packages/airflow/example_dags/example_task_group_decorator.py took 0.491 seconds
[2023-11-04 14:20:03,858] {processor.py:163} INFO - Started process (PID=885) to work on /home/airflow/.local/lib/python3.8/site-packages/airflow/example_dags/example_task_group_decorator.py
[2023-11-04 14:20:03,860] {processor.py:642} INFO - Processing file /home/airflow/.local/lib/python3.8/site-packages/airflow/example_dags/example_task_group_decorator.py for tasks to queue
[2023-11-04 14:20:03,862] {logging_mixin.py:109} INFO - [2023-11-04 14:20:03,862] {dagbag.py:500} INFO - Filling up the DagBag from /home/airflow/.local/lib/python3.8/site-packages/airflow/example_dags/example_task_group_decorator.py
[2023-11-04 14:20:03,927] {processor.py:654} INFO - DAG(s) dict_keys(['example_task_group_decorator']) retrieved from /home/airflow/.local/lib/python3.8/site-packages/airflow/example_dags/example_task_group_decorator.py
[2023-11-04 14:20:04,205] {logging_mixin.py:109} INFO - [2023-11-04 14:20:04,205] {dag.py:2398} INFO - Sync 1 DAGs
[2023-11-04 14:20:04,223] {logging_mixin.py:109} INFO - [2023-11-04 14:20:04,223] {dag.py:2937} INFO - Setting next_dagrun for example_task_group_decorator to 2023-11-03T14:20:04.223358+00:00
[2023-11-04 14:20:04,292] {processor.py:171} INFO - Processing /home/airflow/.local/lib/python3.8/site-packages/airflow/example_dags/example_task_group_decorator.py took 0.440 seconds
[2023-11-04 14:20:34,560] {processor.py:163} INFO - Started process (PID=936) to work on /home/airflow/.local/lib/python3.8/site-packages/airflow/example_dags/example_task_group_decorator.py
[2023-11-04 14:20:34,562] {processor.py:642} INFO - Processing file /home/airflow/.local/lib/python3.8/site-packages/airflow/example_dags/example_task_group_decorator.py for tasks to queue
[2023-11-04 14:20:34,564] {logging_mixin.py:109} INFO - [2023-11-04 14:20:34,563] {dagbag.py:500} INFO - Filling up the DagBag from /home/airflow/.local/lib/python3.8/site-packages/airflow/example_dags/example_task_group_decorator.py
[2023-11-04 14:20:34,629] {processor.py:654} INFO - DAG(s) dict_keys(['example_task_group_decorator']) retrieved from /home/airflow/.local/lib/python3.8/site-packages/airflow/example_dags/example_task_group_decorator.py
[2023-11-04 14:20:34,983] {logging_mixin.py:109} INFO - [2023-11-04 14:20:34,983] {dag.py:2398} INFO - Sync 1 DAGs
[2023-11-04 14:20:35,007] {logging_mixin.py:109} INFO - [2023-11-04 14:20:35,007] {dag.py:2937} INFO - Setting next_dagrun for example_task_group_decorator to 2023-11-03T14:20:35.006701+00:00
[2023-11-04 14:20:35,023] {processor.py:171} INFO - Processing /home/airflow/.local/lib/python3.8/site-packages/airflow/example_dags/example_task_group_decorator.py took 0.471 seconds
[2023-11-04 14:21:05,906] {processor.py:163} INFO - Started process (PID=996) to work on /home/airflow/.local/lib/python3.8/site-packages/airflow/example_dags/example_task_group_decorator.py
[2023-11-04 14:21:05,908] {processor.py:642} INFO - Processing file /home/airflow/.local/lib/python3.8/site-packages/airflow/example_dags/example_task_group_decorator.py for tasks to queue
[2023-11-04 14:21:05,909] {logging_mixin.py:109} INFO - [2023-11-04 14:21:05,909] {dagbag.py:500} INFO - Filling up the DagBag from /home/airflow/.local/lib/python3.8/site-packages/airflow/example_dags/example_task_group_decorator.py
[2023-11-04 14:21:05,969] {processor.py:654} INFO - DAG(s) dict_keys(['example_task_group_decorator']) retrieved from /home/airflow/.local/lib/python3.8/site-packages/airflow/example_dags/example_task_group_decorator.py
[2023-11-04 14:21:06,247] {logging_mixin.py:109} INFO - [2023-11-04 14:21:06,247] {dag.py:2398} INFO - Sync 1 DAGs
[2023-11-04 14:21:06,265] {logging_mixin.py:109} INFO - [2023-11-04 14:21:06,265] {dag.py:2937} INFO - Setting next_dagrun for example_task_group_decorator to 2023-11-03T14:21:06.265433+00:00
[2023-11-04 14:21:06,280] {processor.py:171} INFO - Processing /home/airflow/.local/lib/python3.8/site-packages/airflow/example_dags/example_task_group_decorator.py took 0.380 seconds
[2023-11-04 14:21:36,401] {processor.py:163} INFO - Started process (PID=1047) to work on /home/airflow/.local/lib/python3.8/site-packages/airflow/example_dags/example_task_group_decorator.py
[2023-11-04 14:21:36,403] {processor.py:642} INFO - Processing file /home/airflow/.local/lib/python3.8/site-packages/airflow/example_dags/example_task_group_decorator.py for tasks to queue
[2023-11-04 14:21:36,405] {logging_mixin.py:109} INFO - [2023-11-04 14:21:36,405] {dagbag.py:500} INFO - Filling up the DagBag from /home/airflow/.local/lib/python3.8/site-packages/airflow/example_dags/example_task_group_decorator.py
[2023-11-04 14:21:36,465] {processor.py:654} INFO - DAG(s) dict_keys(['example_task_group_decorator']) retrieved from /home/airflow/.local/lib/python3.8/site-packages/airflow/example_dags/example_task_group_decorator.py
[2023-11-04 14:21:36,777] {logging_mixin.py:109} INFO - [2023-11-04 14:21:36,776] {dag.py:2398} INFO - Sync 1 DAGs
[2023-11-04 14:21:36,795] {logging_mixin.py:109} INFO - [2023-11-04 14:21:36,795] {dag.py:2937} INFO - Setting next_dagrun for example_task_group_decorator to 2023-11-03T14:21:36.794636+00:00
[2023-11-04 14:21:36,808] {processor.py:171} INFO - Processing /home/airflow/.local/lib/python3.8/site-packages/airflow/example_dags/example_task_group_decorator.py took 0.412 seconds
[2023-11-04 14:22:07,485] {processor.py:163} INFO - Started process (PID=1102) to work on /home/airflow/.local/lib/python3.8/site-packages/airflow/example_dags/example_task_group_decorator.py
[2023-11-04 14:22:07,487] {processor.py:642} INFO - Processing file /home/airflow/.local/lib/python3.8/site-packages/airflow/example_dags/example_task_group_decorator.py for tasks to queue
[2023-11-04 14:22:07,489] {logging_mixin.py:109} INFO - [2023-11-04 14:22:07,489] {dagbag.py:500} INFO - Filling up the DagBag from /home/airflow/.local/lib/python3.8/site-packages/airflow/example_dags/example_task_group_decorator.py
[2023-11-04 14:22:07,555] {processor.py:654} INFO - DAG(s) dict_keys(['example_task_group_decorator']) retrieved from /home/airflow/.local/lib/python3.8/site-packages/airflow/example_dags/example_task_group_decorator.py
[2023-11-04 14:22:07,851] {logging_mixin.py:109} INFO - [2023-11-04 14:22:07,851] {dag.py:2398} INFO - Sync 1 DAGs
[2023-11-04 14:22:07,869] {logging_mixin.py:109} INFO - [2023-11-04 14:22:07,869] {dag.py:2937} INFO - Setting next_dagrun for example_task_group_decorator to 2023-11-03T14:22:07.869013+00:00
[2023-11-04 14:22:07,883] {processor.py:171} INFO - Processing /home/airflow/.local/lib/python3.8/site-packages/airflow/example_dags/example_task_group_decorator.py took 0.404 seconds
[2023-11-04 14:22:38,520] {processor.py:163} INFO - Started process (PID=1151) to work on /home/airflow/.local/lib/python3.8/site-packages/airflow/example_dags/example_task_group_decorator.py
[2023-11-04 14:22:38,522] {processor.py:642} INFO - Processing file /home/airflow/.local/lib/python3.8/site-packages/airflow/example_dags/example_task_group_decorator.py for tasks to queue
[2023-11-04 14:22:38,524] {logging_mixin.py:109} INFO - [2023-11-04 14:22:38,524] {dagbag.py:500} INFO - Filling up the DagBag from /home/airflow/.local/lib/python3.8/site-packages/airflow/example_dags/example_task_group_decorator.py
[2023-11-04 14:22:38,588] {processor.py:654} INFO - DAG(s) dict_keys(['example_task_group_decorator']) retrieved from /home/airflow/.local/lib/python3.8/site-packages/airflow/example_dags/example_task_group_decorator.py
[2023-11-04 14:22:38,853] {logging_mixin.py:109} INFO - [2023-11-04 14:22:38,853] {dag.py:2398} INFO - Sync 1 DAGs
[2023-11-04 14:22:38,874] {logging_mixin.py:109} INFO - [2023-11-04 14:22:38,874] {dag.py:2937} INFO - Setting next_dagrun for example_task_group_decorator to 2023-11-03T14:22:38.874092+00:00
[2023-11-04 14:22:38,889] {processor.py:171} INFO - Processing /home/airflow/.local/lib/python3.8/site-packages/airflow/example_dags/example_task_group_decorator.py took 0.374 seconds
[2023-11-04 14:23:10,044] {processor.py:163} INFO - Started process (PID=1208) to work on /home/airflow/.local/lib/python3.8/site-packages/airflow/example_dags/example_task_group_decorator.py
[2023-11-04 14:23:10,046] {processor.py:642} INFO - Processing file /home/airflow/.local/lib/python3.8/site-packages/airflow/example_dags/example_task_group_decorator.py for tasks to queue
[2023-11-04 14:23:10,048] {logging_mixin.py:109} INFO - [2023-11-04 14:23:10,048] {dagbag.py:500} INFO - Filling up the DagBag from /home/airflow/.local/lib/python3.8/site-packages/airflow/example_dags/example_task_group_decorator.py
[2023-11-04 14:23:10,113] {processor.py:654} INFO - DAG(s) dict_keys(['example_task_group_decorator']) retrieved from /home/airflow/.local/lib/python3.8/site-packages/airflow/example_dags/example_task_group_decorator.py
[2023-11-04 14:23:10,405] {logging_mixin.py:109} INFO - [2023-11-04 14:23:10,404] {dag.py:2398} INFO - Sync 1 DAGs
[2023-11-04 14:23:10,422] {logging_mixin.py:109} INFO - [2023-11-04 14:23:10,422] {dag.py:2937} INFO - Setting next_dagrun for example_task_group_decorator to 2023-11-03T14:23:10.422130+00:00
[2023-11-04 14:23:10,436] {processor.py:171} INFO - Processing /home/airflow/.local/lib/python3.8/site-packages/airflow/example_dags/example_task_group_decorator.py took 0.398 seconds
[2023-11-04 14:23:41,046] {processor.py:163} INFO - Started process (PID=1257) to work on /home/airflow/.local/lib/python3.8/site-packages/airflow/example_dags/example_task_group_decorator.py
[2023-11-04 14:23:41,048] {processor.py:642} INFO - Processing file /home/airflow/.local/lib/python3.8/site-packages/airflow/example_dags/example_task_group_decorator.py for tasks to queue
[2023-11-04 14:23:41,049] {logging_mixin.py:109} INFO - [2023-11-04 14:23:41,049] {dagbag.py:500} INFO - Filling up the DagBag from /home/airflow/.local/lib/python3.8/site-packages/airflow/example_dags/example_task_group_decorator.py
[2023-11-04 14:23:41,111] {processor.py:654} INFO - DAG(s) dict_keys(['example_task_group_decorator']) retrieved from /home/airflow/.local/lib/python3.8/site-packages/airflow/example_dags/example_task_group_decorator.py
[2023-11-04 14:23:41,367] {logging_mixin.py:109} INFO - [2023-11-04 14:23:41,367] {dag.py:2398} INFO - Sync 1 DAGs
[2023-11-04 14:23:41,384] {logging_mixin.py:109} INFO - [2023-11-04 14:23:41,384] {dag.py:2937} INFO - Setting next_dagrun for example_task_group_decorator to 2023-11-03T14:23:41.383986+00:00
[2023-11-04 14:23:41,399] {processor.py:171} INFO - Processing /home/airflow/.local/lib/python3.8/site-packages/airflow/example_dags/example_task_group_decorator.py took 0.358 seconds
[2023-11-04 14:24:11,817] {processor.py:163} INFO - Started process (PID=1306) to work on /home/airflow/.local/lib/python3.8/site-packages/airflow/example_dags/example_task_group_decorator.py
[2023-11-04 14:24:11,819] {processor.py:642} INFO - Processing file /home/airflow/.local/lib/python3.8/site-packages/airflow/example_dags/example_task_group_decorator.py for tasks to queue
[2023-11-04 14:24:11,821] {logging_mixin.py:109} INFO - [2023-11-04 14:24:11,821] {dagbag.py:500} INFO - Filling up the DagBag from /home/airflow/.local/lib/python3.8/site-packages/airflow/example_dags/example_task_group_decorator.py
[2023-11-04 14:24:11,887] {processor.py:654} INFO - DAG(s) dict_keys(['example_task_group_decorator']) retrieved from /home/airflow/.local/lib/python3.8/site-packages/airflow/example_dags/example_task_group_decorator.py
[2023-11-04 14:24:12,143] {logging_mixin.py:109} INFO - [2023-11-04 14:24:12,143] {dag.py:2398} INFO - Sync 1 DAGs
[2023-11-04 14:24:12,160] {logging_mixin.py:109} INFO - [2023-11-04 14:24:12,160] {dag.py:2937} INFO - Setting next_dagrun for example_task_group_decorator to 2023-11-03T14:24:12.160012+00:00
[2023-11-04 14:24:12,177] {processor.py:171} INFO - Processing /home/airflow/.local/lib/python3.8/site-packages/airflow/example_dags/example_task_group_decorator.py took 0.365 seconds
[2023-11-04 14:24:42,440] {processor.py:163} INFO - Started process (PID=1363) to work on /home/airflow/.local/lib/python3.8/site-packages/airflow/example_dags/example_task_group_decorator.py
[2023-11-04 14:24:42,443] {processor.py:642} INFO - Processing file /home/airflow/.local/lib/python3.8/site-packages/airflow/example_dags/example_task_group_decorator.py for tasks to queue
[2023-11-04 14:24:42,444] {logging_mixin.py:109} INFO - [2023-11-04 14:24:42,444] {dagbag.py:500} INFO - Filling up the DagBag from /home/airflow/.local/lib/python3.8/site-packages/airflow/example_dags/example_task_group_decorator.py
[2023-11-04 14:24:42,526] {processor.py:654} INFO - DAG(s) dict_keys(['example_task_group_decorator']) retrieved from /home/airflow/.local/lib/python3.8/site-packages/airflow/example_dags/example_task_group_decorator.py
[2023-11-04 14:24:42,846] {logging_mixin.py:109} INFO - [2023-11-04 14:24:42,846] {dag.py:2398} INFO - Sync 1 DAGs
[2023-11-04 14:24:42,865] {logging_mixin.py:109} INFO - [2023-11-04 14:24:42,865] {dag.py:2937} INFO - Setting next_dagrun for example_task_group_decorator to 2023-11-03T14:24:42.864734+00:00
[2023-11-04 14:24:42,879] {processor.py:171} INFO - Processing /home/airflow/.local/lib/python3.8/site-packages/airflow/example_dags/example_task_group_decorator.py took 0.446 seconds
[2023-11-04 14:25:13,422] {processor.py:163} INFO - Started process (PID=1412) to work on /home/airflow/.local/lib/python3.8/site-packages/airflow/example_dags/example_task_group_decorator.py
[2023-11-04 14:25:13,424] {processor.py:642} INFO - Processing file /home/airflow/.local/lib/python3.8/site-packages/airflow/example_dags/example_task_group_decorator.py for tasks to queue
[2023-11-04 14:25:13,426] {logging_mixin.py:109} INFO - [2023-11-04 14:25:13,426] {dagbag.py:500} INFO - Filling up the DagBag from /home/airflow/.local/lib/python3.8/site-packages/airflow/example_dags/example_task_group_decorator.py
[2023-11-04 14:25:13,489] {processor.py:654} INFO - DAG(s) dict_keys(['example_task_group_decorator']) retrieved from /home/airflow/.local/lib/python3.8/site-packages/airflow/example_dags/example_task_group_decorator.py
[2023-11-04 14:25:13,763] {logging_mixin.py:109} INFO - [2023-11-04 14:25:13,763] {dag.py:2398} INFO - Sync 1 DAGs
[2023-11-04 14:25:13,784] {logging_mixin.py:109} INFO - [2023-11-04 14:25:13,784] {dag.py:2937} INFO - Setting next_dagrun for example_task_group_decorator to 2023-11-03T14:25:13.784007+00:00
[2023-11-04 14:25:13,798] {processor.py:171} INFO - Processing /home/airflow/.local/lib/python3.8/site-packages/airflow/example_dags/example_task_group_decorator.py took 0.381 seconds
[2023-11-04 14:25:44,011] {processor.py:163} INFO - Started process (PID=1469) to work on /home/airflow/.local/lib/python3.8/site-packages/airflow/example_dags/example_task_group_decorator.py
[2023-11-04 14:25:44,013] {processor.py:642} INFO - Processing file /home/airflow/.local/lib/python3.8/site-packages/airflow/example_dags/example_task_group_decorator.py for tasks to queue
[2023-11-04 14:25:44,015] {logging_mixin.py:109} INFO - [2023-11-04 14:25:44,015] {dagbag.py:500} INFO - Filling up the DagBag from /home/airflow/.local/lib/python3.8/site-packages/airflow/example_dags/example_task_group_decorator.py
[2023-11-04 14:25:44,077] {processor.py:654} INFO - DAG(s) dict_keys(['example_task_group_decorator']) retrieved from /home/airflow/.local/lib/python3.8/site-packages/airflow/example_dags/example_task_group_decorator.py
[2023-11-04 14:25:44,393] {logging_mixin.py:109} INFO - [2023-11-04 14:25:44,393] {dag.py:2398} INFO - Sync 1 DAGs
[2023-11-04 14:25:44,415] {logging_mixin.py:109} INFO - [2023-11-04 14:25:44,415] {dag.py:2937} INFO - Setting next_dagrun for example_task_group_decorator to 2023-11-03T14:25:44.414671+00:00
[2023-11-04 14:25:44,437] {processor.py:171} INFO - Processing /home/airflow/.local/lib/python3.8/site-packages/airflow/example_dags/example_task_group_decorator.py took 0.431 seconds
[2023-11-04 14:26:15,042] {processor.py:163} INFO - Started process (PID=1518) to work on /home/airflow/.local/lib/python3.8/site-packages/airflow/example_dags/example_task_group_decorator.py
[2023-11-04 14:26:15,045] {processor.py:642} INFO - Processing file /home/airflow/.local/lib/python3.8/site-packages/airflow/example_dags/example_task_group_decorator.py for tasks to queue
[2023-11-04 14:26:15,047] {logging_mixin.py:109} INFO - [2023-11-04 14:26:15,047] {dagbag.py:500} INFO - Filling up the DagBag from /home/airflow/.local/lib/python3.8/site-packages/airflow/example_dags/example_task_group_decorator.py
[2023-11-04 14:26:15,108] {processor.py:654} INFO - DAG(s) dict_keys(['example_task_group_decorator']) retrieved from /home/airflow/.local/lib/python3.8/site-packages/airflow/example_dags/example_task_group_decorator.py
[2023-11-04 14:26:15,377] {logging_mixin.py:109} INFO - [2023-11-04 14:26:15,377] {dag.py:2398} INFO - Sync 1 DAGs
[2023-11-04 14:26:15,397] {logging_mixin.py:109} INFO - [2023-11-04 14:26:15,397] {dag.py:2937} INFO - Setting next_dagrun for example_task_group_decorator to 2023-11-03T14:26:15.397512+00:00
[2023-11-04 14:26:15,412] {processor.py:171} INFO - Processing /home/airflow/.local/lib/python3.8/site-packages/airflow/example_dags/example_task_group_decorator.py took 0.374 seconds
[2023-11-04 14:28:10,008] {processor.py:163} INFO - Started process (PID=53) to work on /home/airflow/.local/lib/python3.8/site-packages/airflow/example_dags/example_task_group_decorator.py
[2023-11-04 14:28:10,010] {processor.py:642} INFO - Processing file /home/airflow/.local/lib/python3.8/site-packages/airflow/example_dags/example_task_group_decorator.py for tasks to queue
[2023-11-04 14:28:10,012] {logging_mixin.py:109} INFO - [2023-11-04 14:28:10,011] {dagbag.py:500} INFO - Filling up the DagBag from /home/airflow/.local/lib/python3.8/site-packages/airflow/example_dags/example_task_group_decorator.py
[2023-11-04 14:28:10,079] {processor.py:654} INFO - DAG(s) dict_keys(['example_task_group_decorator']) retrieved from /home/airflow/.local/lib/python3.8/site-packages/airflow/example_dags/example_task_group_decorator.py
[2023-11-04 14:28:10,344] {logging_mixin.py:109} INFO - [2023-11-04 14:28:10,344] {dag.py:2398} INFO - Sync 1 DAGs
[2023-11-04 14:28:10,364] {logging_mixin.py:109} INFO - [2023-11-04 14:28:10,364] {dag.py:2937} INFO - Setting next_dagrun for example_task_group_decorator to 2023-11-03T14:28:10.364384+00:00
[2023-11-04 14:28:10,380] {processor.py:171} INFO - Processing /home/airflow/.local/lib/python3.8/site-packages/airflow/example_dags/example_task_group_decorator.py took 0.377 seconds
[2023-11-04 14:28:40,488] {processor.py:163} INFO - Started process (PID=103) to work on /home/airflow/.local/lib/python3.8/site-packages/airflow/example_dags/example_task_group_decorator.py
[2023-11-04 14:28:40,490] {processor.py:642} INFO - Processing file /home/airflow/.local/lib/python3.8/site-packages/airflow/example_dags/example_task_group_decorator.py for tasks to queue
[2023-11-04 14:28:40,492] {logging_mixin.py:109} INFO - [2023-11-04 14:28:40,492] {dagbag.py:500} INFO - Filling up the DagBag from /home/airflow/.local/lib/python3.8/site-packages/airflow/example_dags/example_task_group_decorator.py
[2023-11-04 14:28:40,552] {processor.py:654} INFO - DAG(s) dict_keys(['example_task_group_decorator']) retrieved from /home/airflow/.local/lib/python3.8/site-packages/airflow/example_dags/example_task_group_decorator.py
[2023-11-04 14:28:40,811] {logging_mixin.py:109} INFO - [2023-11-04 14:28:40,811] {dag.py:2398} INFO - Sync 1 DAGs
[2023-11-04 14:28:40,828] {logging_mixin.py:109} INFO - [2023-11-04 14:28:40,828] {dag.py:2937} INFO - Setting next_dagrun for example_task_group_decorator to 2023-11-03T14:28:40.828425+00:00
[2023-11-04 14:28:40,842] {processor.py:171} INFO - Processing /home/airflow/.local/lib/python3.8/site-packages/airflow/example_dags/example_task_group_decorator.py took 0.360 seconds
[2023-11-04 14:29:11,030] {processor.py:163} INFO - Started process (PID=160) to work on /home/airflow/.local/lib/python3.8/site-packages/airflow/example_dags/example_task_group_decorator.py
[2023-11-04 14:29:11,032] {processor.py:642} INFO - Processing file /home/airflow/.local/lib/python3.8/site-packages/airflow/example_dags/example_task_group_decorator.py for tasks to queue
[2023-11-04 14:29:11,034] {logging_mixin.py:109} INFO - [2023-11-04 14:29:11,034] {dagbag.py:500} INFO - Filling up the DagBag from /home/airflow/.local/lib/python3.8/site-packages/airflow/example_dags/example_task_group_decorator.py
[2023-11-04 14:29:11,095] {processor.py:654} INFO - DAG(s) dict_keys(['example_task_group_decorator']) retrieved from /home/airflow/.local/lib/python3.8/site-packages/airflow/example_dags/example_task_group_decorator.py
[2023-11-04 14:29:11,370] {logging_mixin.py:109} INFO - [2023-11-04 14:29:11,370] {dag.py:2398} INFO - Sync 1 DAGs
[2023-11-04 14:29:11,388] {logging_mixin.py:109} INFO - [2023-11-04 14:29:11,388] {dag.py:2937} INFO - Setting next_dagrun for example_task_group_decorator to 2023-11-03T14:29:11.388200+00:00
[2023-11-04 14:29:11,402] {processor.py:171} INFO - Processing /home/airflow/.local/lib/python3.8/site-packages/airflow/example_dags/example_task_group_decorator.py took 0.377 seconds
[2023-11-04 14:29:41,637] {processor.py:163} INFO - Started process (PID=209) to work on /home/airflow/.local/lib/python3.8/site-packages/airflow/example_dags/example_task_group_decorator.py
[2023-11-04 14:29:41,639] {processor.py:642} INFO - Processing file /home/airflow/.local/lib/python3.8/site-packages/airflow/example_dags/example_task_group_decorator.py for tasks to queue
[2023-11-04 14:29:41,641] {logging_mixin.py:109} INFO - [2023-11-04 14:29:41,641] {dagbag.py:500} INFO - Filling up the DagBag from /home/airflow/.local/lib/python3.8/site-packages/airflow/example_dags/example_task_group_decorator.py
[2023-11-04 14:29:41,706] {processor.py:654} INFO - DAG(s) dict_keys(['example_task_group_decorator']) retrieved from /home/airflow/.local/lib/python3.8/site-packages/airflow/example_dags/example_task_group_decorator.py
[2023-11-04 14:29:41,971] {logging_mixin.py:109} INFO - [2023-11-04 14:29:41,971] {dag.py:2398} INFO - Sync 1 DAGs
[2023-11-04 14:29:41,990] {logging_mixin.py:109} INFO - [2023-11-04 14:29:41,989] {dag.py:2937} INFO - Setting next_dagrun for example_task_group_decorator to 2023-11-03T14:29:41.989518+00:00
[2023-11-04 14:29:42,009] {processor.py:171} INFO - Processing /home/airflow/.local/lib/python3.8/site-packages/airflow/example_dags/example_task_group_decorator.py took 0.378 seconds
[2023-11-04 14:30:12,491] {processor.py:163} INFO - Started process (PID=265) to work on /home/airflow/.local/lib/python3.8/site-packages/airflow/example_dags/example_task_group_decorator.py
[2023-11-04 14:30:12,493] {processor.py:642} INFO - Processing file /home/airflow/.local/lib/python3.8/site-packages/airflow/example_dags/example_task_group_decorator.py for tasks to queue
[2023-11-04 14:30:12,495] {logging_mixin.py:109} INFO - [2023-11-04 14:30:12,495] {dagbag.py:500} INFO - Filling up the DagBag from /home/airflow/.local/lib/python3.8/site-packages/airflow/example_dags/example_task_group_decorator.py
[2023-11-04 14:30:12,581] {processor.py:654} INFO - DAG(s) dict_keys(['example_task_group_decorator']) retrieved from /home/airflow/.local/lib/python3.8/site-packages/airflow/example_dags/example_task_group_decorator.py
[2023-11-04 14:30:12,937] {logging_mixin.py:109} INFO - [2023-11-04 14:30:12,936] {dag.py:2398} INFO - Sync 1 DAGs
[2023-11-04 14:30:12,957] {logging_mixin.py:109} INFO - [2023-11-04 14:30:12,957] {dag.py:2937} INFO - Setting next_dagrun for example_task_group_decorator to 2023-11-03T14:30:12.956819+00:00
[2023-11-04 14:30:12,973] {processor.py:171} INFO - Processing /home/airflow/.local/lib/python3.8/site-packages/airflow/example_dags/example_task_group_decorator.py took 0.489 seconds
[2023-11-04 14:30:43,964] {processor.py:163} INFO - Started process (PID=314) to work on /home/airflow/.local/lib/python3.8/site-packages/airflow/example_dags/example_task_group_decorator.py
[2023-11-04 14:30:43,967] {processor.py:642} INFO - Processing file /home/airflow/.local/lib/python3.8/site-packages/airflow/example_dags/example_task_group_decorator.py for tasks to queue
[2023-11-04 14:30:43,968] {logging_mixin.py:109} INFO - [2023-11-04 14:30:43,968] {dagbag.py:500} INFO - Filling up the DagBag from /home/airflow/.local/lib/python3.8/site-packages/airflow/example_dags/example_task_group_decorator.py
[2023-11-04 14:30:44,030] {processor.py:654} INFO - DAG(s) dict_keys(['example_task_group_decorator']) retrieved from /home/airflow/.local/lib/python3.8/site-packages/airflow/example_dags/example_task_group_decorator.py
[2023-11-04 14:30:44,327] {logging_mixin.py:109} INFO - [2023-11-04 14:30:44,327] {dag.py:2398} INFO - Sync 1 DAGs
[2023-11-04 14:30:44,346] {logging_mixin.py:109} INFO - [2023-11-04 14:30:44,346] {dag.py:2937} INFO - Setting next_dagrun for example_task_group_decorator to 2023-11-03T14:30:44.346350+00:00
[2023-11-04 14:30:44,361] {processor.py:171} INFO - Processing /home/airflow/.local/lib/python3.8/site-packages/airflow/example_dags/example_task_group_decorator.py took 0.402 seconds
