[2023-11-04 13:41:07,360] {processor.py:163} INFO - Started process (PID=84) to work on /home/airflow/.local/lib/python3.8/site-packages/airflow/example_dags/example_xcomargs.py
[2023-11-04 13:41:07,363] {processor.py:642} INFO - Processing file /home/airflow/.local/lib/python3.8/site-packages/airflow/example_dags/example_xcomargs.py for tasks to queue
[2023-11-04 13:41:07,365] {logging_mixin.py:109} INFO - [2023-11-04 13:41:07,364] {dagbag.py:500} INFO - Filling up the DagBag from /home/airflow/.local/lib/python3.8/site-packages/airflow/example_dags/example_xcomargs.py
[2023-11-04 13:41:07,422] {processor.py:654} INFO - DAG(s) dict_keys(['example_xcom_args', 'example_xcom_args_with_operators']) retrieved from /home/airflow/.local/lib/python3.8/site-packages/airflow/example_dags/example_xcomargs.py
[2023-11-04 13:41:09,200] {logging_mixin.py:109} INFO - [2023-11-04 13:41:09,200] {providers_manager.py:154} WARNING - Exception when importing 'airflow.providers.google.common.hooks.base_google.GoogleBaseHook' from 'apache-airflow-providers-google' package: module 'pyparsing' has no attribute 'downcaseTokens'
[2023-11-04 13:41:09,206] {logging_mixin.py:109} INFO - [2023-11-04 13:41:09,206] {providers_manager.py:154} WARNING - Exception when importing 'airflow.providers.google.cloud.hooks.cloud_sql.CloudSQLHook' from 'apache-airflow-providers-google' package: module 'pyparsing' has no attribute 'downcaseTokens'
[2023-11-04 13:41:09,210] {logging_mixin.py:109} INFO - [2023-11-04 13:41:09,210] {providers_manager.py:154} WARNING - Exception when importing 'airflow.providers.google.cloud.hooks.cloud_sql.CloudSQLDatabaseHook' from 'apache-airflow-providers-google' package: module 'pyparsing' has no attribute 'downcaseTokens'
[2023-11-04 13:41:09,423] {logging_mixin.py:109} INFO - [2023-11-04 13:41:09,423] {providers_manager.py:154} WARNING - Exception when importing 'airflow.providers.google.cloud.hooks.bigquery.BigQueryHook' from 'apache-airflow-providers-google' package: module 'pyparsing' has no attribute 'downcaseTokens'
[2023-11-04 13:41:09,429] {logging_mixin.py:109} INFO - [2023-11-04 13:41:09,429] {providers_manager.py:154} WARNING - Exception when importing 'airflow.providers.google.cloud.hooks.compute_ssh.ComputeEngineSSHHook' from 'apache-airflow-providers-google' package: module 'pyparsing' has no attribute 'downcaseTokens'
[2023-11-04 13:41:10,168] {logging_mixin.py:109} INFO - [2023-11-04 13:41:10,168] {providers_manager.py:154} WARNING - Exception when importing 'airflow.providers.google.common.hooks.base_google.GoogleBaseHook' from 'apache-airflow-providers-google' package: module 'pyparsing' has no attribute 'downcaseTokens'
[2023-11-04 13:41:10,173] {logging_mixin.py:109} INFO - [2023-11-04 13:41:10,172] {providers_manager.py:154} WARNING - Exception when importing 'airflow.providers.google.cloud.hooks.cloud_sql.CloudSQLHook' from 'apache-airflow-providers-google' package: module 'pyparsing' has no attribute 'downcaseTokens'
[2023-11-04 13:41:10,176] {logging_mixin.py:109} INFO - [2023-11-04 13:41:10,176] {providers_manager.py:154} WARNING - Exception when importing 'airflow.providers.google.cloud.hooks.cloud_sql.CloudSQLDatabaseHook' from 'apache-airflow-providers-google' package: module 'pyparsing' has no attribute 'downcaseTokens'
[2023-11-04 13:41:10,181] {logging_mixin.py:109} INFO - [2023-11-04 13:41:10,181] {providers_manager.py:154} WARNING - Exception when importing 'airflow.providers.google.cloud.hooks.bigquery.BigQueryHook' from 'apache-airflow-providers-google' package: module 'pyparsing' has no attribute 'downcaseTokens'
[2023-11-04 13:41:10,185] {logging_mixin.py:109} INFO - [2023-11-04 13:41:10,185] {providers_manager.py:154} WARNING - Exception when importing 'airflow.providers.google.cloud.hooks.compute_ssh.ComputeEngineSSHHook' from 'apache-airflow-providers-google' package: module 'pyparsing' has no attribute 'downcaseTokens'
[2023-11-04 13:41:10,210] {logging_mixin.py:109} INFO - [2023-11-04 13:41:10,210] {manager.py:496} INFO - Created Permission View: can read on DAG:example_xcom_args
[2023-11-04 13:41:10,220] {logging_mixin.py:109} INFO - [2023-11-04 13:41:10,220] {manager.py:496} INFO - Created Permission View: can edit on DAG:example_xcom_args
[2023-11-04 13:41:10,242] {logging_mixin.py:109} INFO - [2023-11-04 13:41:10,242] {manager.py:496} INFO - Created Permission View: can read on DAG:example_xcom_args_with_operators
[2023-11-04 13:41:10,251] {logging_mixin.py:109} INFO - [2023-11-04 13:41:10,251] {manager.py:496} INFO - Created Permission View: can edit on DAG:example_xcom_args_with_operators
[2023-11-04 13:41:10,252] {logging_mixin.py:109} INFO - [2023-11-04 13:41:10,252] {dag.py:2398} INFO - Sync 2 DAGs
[2023-11-04 13:41:10,263] {logging_mixin.py:109} INFO - [2023-11-04 13:41:10,262] {dag.py:2417} INFO - Creating ORM DAG for example_xcom_args_with_operators
[2023-11-04 13:41:10,264] {logging_mixin.py:109} INFO - [2023-11-04 13:41:10,264] {dag.py:2417} INFO - Creating ORM DAG for example_xcom_args
[2023-11-04 13:41:10,278] {logging_mixin.py:109} INFO - [2023-11-04 13:41:10,278] {dag.py:2937} INFO - Setting next_dagrun for example_xcom_args to None
[2023-11-04 13:41:10,282] {logging_mixin.py:109} INFO - [2023-11-04 13:41:10,282] {dag.py:2937} INFO - Setting next_dagrun for example_xcom_args_with_operators to None
[2023-11-04 13:41:10,302] {processor.py:171} INFO - Processing /home/airflow/.local/lib/python3.8/site-packages/airflow/example_dags/example_xcomargs.py took 2.946 seconds
[2023-11-04 13:41:52,791] {processor.py:163} INFO - Started process (PID=292) to work on /home/airflow/.local/lib/python3.8/site-packages/airflow/example_dags/example_xcomargs.py
[2023-11-04 13:41:52,795] {processor.py:642} INFO - Processing file /home/airflow/.local/lib/python3.8/site-packages/airflow/example_dags/example_xcomargs.py for tasks to queue
[2023-11-04 13:41:52,799] {logging_mixin.py:109} INFO - [2023-11-04 13:41:52,798] {dagbag.py:500} INFO - Filling up the DagBag from /home/airflow/.local/lib/python3.8/site-packages/airflow/example_dags/example_xcomargs.py
[2023-11-04 13:41:52,872] {processor.py:654} INFO - DAG(s) dict_keys(['example_xcom_args', 'example_xcom_args_with_operators']) retrieved from /home/airflow/.local/lib/python3.8/site-packages/airflow/example_dags/example_xcomargs.py
[2023-11-04 13:41:53,215] {logging_mixin.py:109} INFO - [2023-11-04 13:41:53,215] {dag.py:2398} INFO - Sync 2 DAGs
[2023-11-04 13:41:53,241] {logging_mixin.py:109} INFO - [2023-11-04 13:41:53,241] {dag.py:2937} INFO - Setting next_dagrun for example_xcom_args to None
[2023-11-04 13:41:53,243] {logging_mixin.py:109} INFO - [2023-11-04 13:41:53,243] {dag.py:2937} INFO - Setting next_dagrun for example_xcom_args_with_operators to None
[2023-11-04 13:41:53,263] {processor.py:171} INFO - Processing /home/airflow/.local/lib/python3.8/site-packages/airflow/example_dags/example_xcomargs.py took 0.482 seconds
[2023-11-04 13:42:23,399] {processor.py:163} INFO - Started process (PID=347) to work on /home/airflow/.local/lib/python3.8/site-packages/airflow/example_dags/example_xcomargs.py
[2023-11-04 13:42:23,402] {processor.py:642} INFO - Processing file /home/airflow/.local/lib/python3.8/site-packages/airflow/example_dags/example_xcomargs.py for tasks to queue
[2023-11-04 13:42:23,404] {logging_mixin.py:109} INFO - [2023-11-04 13:42:23,403] {dagbag.py:500} INFO - Filling up the DagBag from /home/airflow/.local/lib/python3.8/site-packages/airflow/example_dags/example_xcomargs.py
[2023-11-04 13:42:23,460] {processor.py:654} INFO - DAG(s) dict_keys(['example_xcom_args', 'example_xcom_args_with_operators']) retrieved from /home/airflow/.local/lib/python3.8/site-packages/airflow/example_dags/example_xcomargs.py
[2023-11-04 13:42:23,777] {logging_mixin.py:109} INFO - [2023-11-04 13:42:23,776] {dag.py:2398} INFO - Sync 2 DAGs
[2023-11-04 13:42:23,799] {logging_mixin.py:109} INFO - [2023-11-04 13:42:23,799] {dag.py:2937} INFO - Setting next_dagrun for example_xcom_args to None
[2023-11-04 13:42:23,800] {logging_mixin.py:109} INFO - [2023-11-04 13:42:23,800] {dag.py:2937} INFO - Setting next_dagrun for example_xcom_args_with_operators to None
[2023-11-04 13:42:23,815] {processor.py:171} INFO - Processing /home/airflow/.local/lib/python3.8/site-packages/airflow/example_dags/example_xcomargs.py took 0.421 seconds
[2023-11-04 13:42:54,788] {processor.py:163} INFO - Started process (PID=397) to work on /home/airflow/.local/lib/python3.8/site-packages/airflow/example_dags/example_xcomargs.py
[2023-11-04 13:42:54,791] {processor.py:642} INFO - Processing file /home/airflow/.local/lib/python3.8/site-packages/airflow/example_dags/example_xcomargs.py for tasks to queue
[2023-11-04 13:42:54,794] {logging_mixin.py:109} INFO - [2023-11-04 13:42:54,793] {dagbag.py:500} INFO - Filling up the DagBag from /home/airflow/.local/lib/python3.8/site-packages/airflow/example_dags/example_xcomargs.py
[2023-11-04 13:42:54,881] {processor.py:654} INFO - DAG(s) dict_keys(['example_xcom_args', 'example_xcom_args_with_operators']) retrieved from /home/airflow/.local/lib/python3.8/site-packages/airflow/example_dags/example_xcomargs.py
[2023-11-04 13:42:55,180] {logging_mixin.py:109} INFO - [2023-11-04 13:42:55,179] {dag.py:2398} INFO - Sync 2 DAGs
[2023-11-04 13:42:55,211] {logging_mixin.py:109} INFO - [2023-11-04 13:42:55,211] {dag.py:2937} INFO - Setting next_dagrun for example_xcom_args to None
[2023-11-04 13:42:55,213] {logging_mixin.py:109} INFO - [2023-11-04 13:42:55,213] {dag.py:2937} INFO - Setting next_dagrun for example_xcom_args_with_operators to None
[2023-11-04 13:42:55,237] {processor.py:171} INFO - Processing /home/airflow/.local/lib/python3.8/site-packages/airflow/example_dags/example_xcomargs.py took 0.456 seconds
[2023-11-04 13:43:25,875] {processor.py:163} INFO - Started process (PID=446) to work on /home/airflow/.local/lib/python3.8/site-packages/airflow/example_dags/example_xcomargs.py
[2023-11-04 13:43:25,878] {processor.py:642} INFO - Processing file /home/airflow/.local/lib/python3.8/site-packages/airflow/example_dags/example_xcomargs.py for tasks to queue
[2023-11-04 13:43:25,880] {logging_mixin.py:109} INFO - [2023-11-04 13:43:25,880] {dagbag.py:500} INFO - Filling up the DagBag from /home/airflow/.local/lib/python3.8/site-packages/airflow/example_dags/example_xcomargs.py
[2023-11-04 13:43:25,955] {processor.py:654} INFO - DAG(s) dict_keys(['example_xcom_args', 'example_xcom_args_with_operators']) retrieved from /home/airflow/.local/lib/python3.8/site-packages/airflow/example_dags/example_xcomargs.py
[2023-11-04 13:43:26,264] {logging_mixin.py:109} INFO - [2023-11-04 13:43:26,264] {dag.py:2398} INFO - Sync 2 DAGs
[2023-11-04 13:43:26,284] {logging_mixin.py:109} INFO - [2023-11-04 13:43:26,284] {dag.py:2937} INFO - Setting next_dagrun for example_xcom_args to None
[2023-11-04 13:43:26,286] {logging_mixin.py:109} INFO - [2023-11-04 13:43:26,286] {dag.py:2937} INFO - Setting next_dagrun for example_xcom_args_with_operators to None
[2023-11-04 13:43:26,302] {processor.py:171} INFO - Processing /home/airflow/.local/lib/python3.8/site-packages/airflow/example_dags/example_xcomargs.py took 0.436 seconds
[2023-11-04 13:43:57,086] {processor.py:163} INFO - Started process (PID=503) to work on /home/airflow/.local/lib/python3.8/site-packages/airflow/example_dags/example_xcomargs.py
[2023-11-04 13:43:57,088] {processor.py:642} INFO - Processing file /home/airflow/.local/lib/python3.8/site-packages/airflow/example_dags/example_xcomargs.py for tasks to queue
[2023-11-04 13:43:57,090] {logging_mixin.py:109} INFO - [2023-11-04 13:43:57,089] {dagbag.py:500} INFO - Filling up the DagBag from /home/airflow/.local/lib/python3.8/site-packages/airflow/example_dags/example_xcomargs.py
[2023-11-04 13:43:57,144] {processor.py:654} INFO - DAG(s) dict_keys(['example_xcom_args', 'example_xcom_args_with_operators']) retrieved from /home/airflow/.local/lib/python3.8/site-packages/airflow/example_dags/example_xcomargs.py
[2023-11-04 13:43:57,407] {logging_mixin.py:109} INFO - [2023-11-04 13:43:57,407] {dag.py:2398} INFO - Sync 2 DAGs
[2023-11-04 13:43:57,426] {logging_mixin.py:109} INFO - [2023-11-04 13:43:57,425] {dag.py:2937} INFO - Setting next_dagrun for example_xcom_args to None
[2023-11-04 13:43:57,427] {logging_mixin.py:109} INFO - [2023-11-04 13:43:57,426] {dag.py:2937} INFO - Setting next_dagrun for example_xcom_args_with_operators to None
[2023-11-04 13:43:57,440] {processor.py:171} INFO - Processing /home/airflow/.local/lib/python3.8/site-packages/airflow/example_dags/example_xcomargs.py took 0.360 seconds
[2023-11-04 13:59:18,115] {processor.py:163} INFO - Started process (PID=44) to work on /home/airflow/.local/lib/python3.8/site-packages/airflow/example_dags/example_xcomargs.py
[2023-11-04 13:59:18,118] {processor.py:642} INFO - Processing file /home/airflow/.local/lib/python3.8/site-packages/airflow/example_dags/example_xcomargs.py for tasks to queue
[2023-11-04 13:59:18,120] {logging_mixin.py:109} INFO - [2023-11-04 13:59:18,120] {dagbag.py:500} INFO - Filling up the DagBag from /home/airflow/.local/lib/python3.8/site-packages/airflow/example_dags/example_xcomargs.py
[2023-11-04 13:59:18,192] {processor.py:654} INFO - DAG(s) dict_keys(['example_xcom_args', 'example_xcom_args_with_operators']) retrieved from /home/airflow/.local/lib/python3.8/site-packages/airflow/example_dags/example_xcomargs.py
[2023-11-04 13:59:18,492] {logging_mixin.py:109} INFO - [2023-11-04 13:59:18,492] {dag.py:2398} INFO - Sync 2 DAGs
[2023-11-04 13:59:18,525] {logging_mixin.py:109} INFO - [2023-11-04 13:59:18,525] {dag.py:2937} INFO - Setting next_dagrun for example_xcom_args to None
[2023-11-04 13:59:18,528] {logging_mixin.py:109} INFO - [2023-11-04 13:59:18,527] {dag.py:2937} INFO - Setting next_dagrun for example_xcom_args_with_operators to None
[2023-11-04 13:59:18,547] {processor.py:171} INFO - Processing /home/airflow/.local/lib/python3.8/site-packages/airflow/example_dags/example_xcomargs.py took 0.438 seconds
[2023-11-04 13:59:49,245] {processor.py:163} INFO - Started process (PID=93) to work on /home/airflow/.local/lib/python3.8/site-packages/airflow/example_dags/example_xcomargs.py
[2023-11-04 13:59:49,247] {processor.py:642} INFO - Processing file /home/airflow/.local/lib/python3.8/site-packages/airflow/example_dags/example_xcomargs.py for tasks to queue
[2023-11-04 13:59:49,249] {logging_mixin.py:109} INFO - [2023-11-04 13:59:49,249] {dagbag.py:500} INFO - Filling up the DagBag from /home/airflow/.local/lib/python3.8/site-packages/airflow/example_dags/example_xcomargs.py
[2023-11-04 13:59:49,310] {processor.py:654} INFO - DAG(s) dict_keys(['example_xcom_args', 'example_xcom_args_with_operators']) retrieved from /home/airflow/.local/lib/python3.8/site-packages/airflow/example_dags/example_xcomargs.py
[2023-11-04 13:59:49,600] {logging_mixin.py:109} INFO - [2023-11-04 13:59:49,600] {dag.py:2398} INFO - Sync 2 DAGs
[2023-11-04 13:59:49,622] {logging_mixin.py:109} INFO - [2023-11-04 13:59:49,622] {dag.py:2937} INFO - Setting next_dagrun for example_xcom_args to None
[2023-11-04 13:59:49,624] {logging_mixin.py:109} INFO - [2023-11-04 13:59:49,623] {dag.py:2937} INFO - Setting next_dagrun for example_xcom_args_with_operators to None
[2023-11-04 13:59:49,640] {processor.py:171} INFO - Processing /home/airflow/.local/lib/python3.8/site-packages/airflow/example_dags/example_xcomargs.py took 0.401 seconds
[2023-11-04 14:00:19,764] {processor.py:163} INFO - Started process (PID=158) to work on /home/airflow/.local/lib/python3.8/site-packages/airflow/example_dags/example_xcomargs.py
[2023-11-04 14:00:19,767] {processor.py:642} INFO - Processing file /home/airflow/.local/lib/python3.8/site-packages/airflow/example_dags/example_xcomargs.py for tasks to queue
[2023-11-04 14:00:19,768] {logging_mixin.py:109} INFO - [2023-11-04 14:00:19,768] {dagbag.py:500} INFO - Filling up the DagBag from /home/airflow/.local/lib/python3.8/site-packages/airflow/example_dags/example_xcomargs.py
[2023-11-04 14:00:19,825] {processor.py:654} INFO - DAG(s) dict_keys(['example_xcom_args', 'example_xcom_args_with_operators']) retrieved from /home/airflow/.local/lib/python3.8/site-packages/airflow/example_dags/example_xcomargs.py
[2023-11-04 14:00:20,169] {logging_mixin.py:109} INFO - [2023-11-04 14:00:20,169] {dag.py:2398} INFO - Sync 2 DAGs
[2023-11-04 14:00:20,193] {logging_mixin.py:109} INFO - [2023-11-04 14:00:20,193] {dag.py:2937} INFO - Setting next_dagrun for example_xcom_args to None
[2023-11-04 14:00:20,196] {logging_mixin.py:109} INFO - [2023-11-04 14:00:20,196] {dag.py:2937} INFO - Setting next_dagrun for example_xcom_args_with_operators to None
[2023-11-04 14:00:20,212] {processor.py:171} INFO - Processing /home/airflow/.local/lib/python3.8/site-packages/airflow/example_dags/example_xcomargs.py took 0.455 seconds
[2023-11-04 14:00:51,001] {processor.py:163} INFO - Started process (PID=215) to work on /home/airflow/.local/lib/python3.8/site-packages/airflow/example_dags/example_xcomargs.py
[2023-11-04 14:00:51,003] {processor.py:642} INFO - Processing file /home/airflow/.local/lib/python3.8/site-packages/airflow/example_dags/example_xcomargs.py for tasks to queue
[2023-11-04 14:00:51,005] {logging_mixin.py:109} INFO - [2023-11-04 14:00:51,005] {dagbag.py:500} INFO - Filling up the DagBag from /home/airflow/.local/lib/python3.8/site-packages/airflow/example_dags/example_xcomargs.py
[2023-11-04 14:00:51,058] {processor.py:654} INFO - DAG(s) dict_keys(['example_xcom_args', 'example_xcom_args_with_operators']) retrieved from /home/airflow/.local/lib/python3.8/site-packages/airflow/example_dags/example_xcomargs.py
[2023-11-04 14:00:51,316] {logging_mixin.py:109} INFO - [2023-11-04 14:00:51,316] {dag.py:2398} INFO - Sync 2 DAGs
[2023-11-04 14:00:51,334] {logging_mixin.py:109} INFO - [2023-11-04 14:00:51,334] {dag.py:2937} INFO - Setting next_dagrun for example_xcom_args to None
[2023-11-04 14:00:51,335] {logging_mixin.py:109} INFO - [2023-11-04 14:00:51,335] {dag.py:2937} INFO - Setting next_dagrun for example_xcom_args_with_operators to None
[2023-11-04 14:00:51,347] {processor.py:171} INFO - Processing /home/airflow/.local/lib/python3.8/site-packages/airflow/example_dags/example_xcomargs.py took 0.351 seconds
[2023-11-04 14:01:22,238] {processor.py:163} INFO - Started process (PID=264) to work on /home/airflow/.local/lib/python3.8/site-packages/airflow/example_dags/example_xcomargs.py
[2023-11-04 14:01:22,240] {processor.py:642} INFO - Processing file /home/airflow/.local/lib/python3.8/site-packages/airflow/example_dags/example_xcomargs.py for tasks to queue
[2023-11-04 14:01:22,242] {logging_mixin.py:109} INFO - [2023-11-04 14:01:22,241] {dagbag.py:500} INFO - Filling up the DagBag from /home/airflow/.local/lib/python3.8/site-packages/airflow/example_dags/example_xcomargs.py
[2023-11-04 14:01:22,295] {processor.py:654} INFO - DAG(s) dict_keys(['example_xcom_args', 'example_xcom_args_with_operators']) retrieved from /home/airflow/.local/lib/python3.8/site-packages/airflow/example_dags/example_xcomargs.py
[2023-11-04 14:01:22,559] {logging_mixin.py:109} INFO - [2023-11-04 14:01:22,559] {dag.py:2398} INFO - Sync 2 DAGs
[2023-11-04 14:01:22,576] {logging_mixin.py:109} INFO - [2023-11-04 14:01:22,576] {dag.py:2937} INFO - Setting next_dagrun for example_xcom_args to None
[2023-11-04 14:01:22,578] {logging_mixin.py:109} INFO - [2023-11-04 14:01:22,578] {dag.py:2937} INFO - Setting next_dagrun for example_xcom_args_with_operators to None
[2023-11-04 14:01:22,591] {processor.py:171} INFO - Processing /home/airflow/.local/lib/python3.8/site-packages/airflow/example_dags/example_xcomargs.py took 0.359 seconds
[2023-11-04 14:01:52,686] {processor.py:163} INFO - Started process (PID=321) to work on /home/airflow/.local/lib/python3.8/site-packages/airflow/example_dags/example_xcomargs.py
[2023-11-04 14:01:52,689] {processor.py:642} INFO - Processing file /home/airflow/.local/lib/python3.8/site-packages/airflow/example_dags/example_xcomargs.py for tasks to queue
[2023-11-04 14:01:52,691] {logging_mixin.py:109} INFO - [2023-11-04 14:01:52,690] {dagbag.py:500} INFO - Filling up the DagBag from /home/airflow/.local/lib/python3.8/site-packages/airflow/example_dags/example_xcomargs.py
[2023-11-04 14:01:52,749] {processor.py:654} INFO - DAG(s) dict_keys(['example_xcom_args', 'example_xcom_args_with_operators']) retrieved from /home/airflow/.local/lib/python3.8/site-packages/airflow/example_dags/example_xcomargs.py
[2023-11-04 14:01:53,014] {logging_mixin.py:109} INFO - [2023-11-04 14:01:53,013] {dag.py:2398} INFO - Sync 2 DAGs
[2023-11-04 14:01:53,034] {logging_mixin.py:109} INFO - [2023-11-04 14:01:53,033] {dag.py:2937} INFO - Setting next_dagrun for example_xcom_args to None
[2023-11-04 14:01:53,035] {logging_mixin.py:109} INFO - [2023-11-04 14:01:53,035] {dag.py:2937} INFO - Setting next_dagrun for example_xcom_args_with_operators to None
[2023-11-04 14:01:53,050] {processor.py:171} INFO - Processing /home/airflow/.local/lib/python3.8/site-packages/airflow/example_dags/example_xcomargs.py took 0.369 seconds
[2023-11-04 14:02:23,220] {processor.py:163} INFO - Started process (PID=370) to work on /home/airflow/.local/lib/python3.8/site-packages/airflow/example_dags/example_xcomargs.py
[2023-11-04 14:02:23,225] {processor.py:642} INFO - Processing file /home/airflow/.local/lib/python3.8/site-packages/airflow/example_dags/example_xcomargs.py for tasks to queue
[2023-11-04 14:02:23,238] {logging_mixin.py:109} INFO - [2023-11-04 14:02:23,238] {dagbag.py:500} INFO - Filling up the DagBag from /home/airflow/.local/lib/python3.8/site-packages/airflow/example_dags/example_xcomargs.py
[2023-11-04 14:02:23,415] {processor.py:654} INFO - DAG(s) dict_keys(['example_xcom_args', 'example_xcom_args_with_operators']) retrieved from /home/airflow/.local/lib/python3.8/site-packages/airflow/example_dags/example_xcomargs.py
[2023-11-04 14:02:23,713] {logging_mixin.py:109} INFO - [2023-11-04 14:02:23,713] {dag.py:2398} INFO - Sync 2 DAGs
[2023-11-04 14:02:23,731] {logging_mixin.py:109} INFO - [2023-11-04 14:02:23,731] {dag.py:2937} INFO - Setting next_dagrun for example_xcom_args to None
[2023-11-04 14:02:23,733] {logging_mixin.py:109} INFO - [2023-11-04 14:02:23,733] {dag.py:2937} INFO - Setting next_dagrun for example_xcom_args_with_operators to None
[2023-11-04 14:02:23,747] {processor.py:171} INFO - Processing /home/airflow/.local/lib/python3.8/site-packages/airflow/example_dags/example_xcomargs.py took 0.532 seconds
[2023-11-04 14:04:45,404] {processor.py:163} INFO - Started process (PID=40) to work on /home/airflow/.local/lib/python3.8/site-packages/airflow/example_dags/example_xcomargs.py
[2023-11-04 14:04:45,408] {processor.py:642} INFO - Processing file /home/airflow/.local/lib/python3.8/site-packages/airflow/example_dags/example_xcomargs.py for tasks to queue
[2023-11-04 14:04:45,410] {logging_mixin.py:109} INFO - [2023-11-04 14:04:45,410] {dagbag.py:500} INFO - Filling up the DagBag from /home/airflow/.local/lib/python3.8/site-packages/airflow/example_dags/example_xcomargs.py
[2023-11-04 14:04:45,484] {processor.py:654} INFO - DAG(s) dict_keys(['example_xcom_args', 'example_xcom_args_with_operators']) retrieved from /home/airflow/.local/lib/python3.8/site-packages/airflow/example_dags/example_xcomargs.py
[2023-11-04 14:04:46,308] {logging_mixin.py:109} INFO - [2023-11-04 14:04:46,308] {dag.py:2398} INFO - Sync 2 DAGs
[2023-11-04 14:04:46,332] {logging_mixin.py:109} INFO - [2023-11-04 14:04:46,332] {dag.py:2937} INFO - Setting next_dagrun for example_xcom_args to None
[2023-11-04 14:04:46,333] {logging_mixin.py:109} INFO - [2023-11-04 14:04:46,333] {dag.py:2937} INFO - Setting next_dagrun for example_xcom_args_with_operators to None
[2023-11-04 14:04:46,359] {processor.py:171} INFO - Processing /home/airflow/.local/lib/python3.8/site-packages/airflow/example_dags/example_xcomargs.py took 0.962 seconds
[2023-11-04 14:05:16,397] {processor.py:163} INFO - Started process (PID=88) to work on /home/airflow/.local/lib/python3.8/site-packages/airflow/example_dags/example_xcomargs.py
[2023-11-04 14:05:16,399] {processor.py:642} INFO - Processing file /home/airflow/.local/lib/python3.8/site-packages/airflow/example_dags/example_xcomargs.py for tasks to queue
[2023-11-04 14:05:16,401] {logging_mixin.py:109} INFO - [2023-11-04 14:05:16,401] {dagbag.py:500} INFO - Filling up the DagBag from /home/airflow/.local/lib/python3.8/site-packages/airflow/example_dags/example_xcomargs.py
[2023-11-04 14:05:16,452] {processor.py:654} INFO - DAG(s) dict_keys(['example_xcom_args', 'example_xcom_args_with_operators']) retrieved from /home/airflow/.local/lib/python3.8/site-packages/airflow/example_dags/example_xcomargs.py
[2023-11-04 14:05:16,692] {logging_mixin.py:109} INFO - [2023-11-04 14:05:16,692] {dag.py:2398} INFO - Sync 2 DAGs
[2023-11-04 14:05:16,710] {logging_mixin.py:109} INFO - [2023-11-04 14:05:16,710] {dag.py:2937} INFO - Setting next_dagrun for example_xcom_args to None
[2023-11-04 14:05:16,712] {logging_mixin.py:109} INFO - [2023-11-04 14:05:16,711] {dag.py:2937} INFO - Setting next_dagrun for example_xcom_args_with_operators to None
[2023-11-04 14:05:16,724] {processor.py:171} INFO - Processing /home/airflow/.local/lib/python3.8/site-packages/airflow/example_dags/example_xcomargs.py took 0.354 seconds
[2023-11-04 14:05:47,462] {processor.py:163} INFO - Started process (PID=145) to work on /home/airflow/.local/lib/python3.8/site-packages/airflow/example_dags/example_xcomargs.py
[2023-11-04 14:05:47,465] {processor.py:642} INFO - Processing file /home/airflow/.local/lib/python3.8/site-packages/airflow/example_dags/example_xcomargs.py for tasks to queue
[2023-11-04 14:05:47,467] {logging_mixin.py:109} INFO - [2023-11-04 14:05:47,466] {dagbag.py:500} INFO - Filling up the DagBag from /home/airflow/.local/lib/python3.8/site-packages/airflow/example_dags/example_xcomargs.py
[2023-11-04 14:05:47,549] {processor.py:654} INFO - DAG(s) dict_keys(['example_xcom_args', 'example_xcom_args_with_operators']) retrieved from /home/airflow/.local/lib/python3.8/site-packages/airflow/example_dags/example_xcomargs.py
[2023-11-04 14:05:47,863] {logging_mixin.py:109} INFO - [2023-11-04 14:05:47,863] {dag.py:2398} INFO - Sync 2 DAGs
[2023-11-04 14:05:47,882] {logging_mixin.py:109} INFO - [2023-11-04 14:05:47,882] {dag.py:2937} INFO - Setting next_dagrun for example_xcom_args to None
[2023-11-04 14:05:47,883] {logging_mixin.py:109} INFO - [2023-11-04 14:05:47,883] {dag.py:2937} INFO - Setting next_dagrun for example_xcom_args_with_operators to None
[2023-11-04 14:05:47,896] {processor.py:171} INFO - Processing /home/airflow/.local/lib/python3.8/site-packages/airflow/example_dags/example_xcomargs.py took 0.439 seconds
[2023-11-04 14:06:18,715] {processor.py:163} INFO - Started process (PID=194) to work on /home/airflow/.local/lib/python3.8/site-packages/airflow/example_dags/example_xcomargs.py
[2023-11-04 14:06:18,719] {processor.py:642} INFO - Processing file /home/airflow/.local/lib/python3.8/site-packages/airflow/example_dags/example_xcomargs.py for tasks to queue
[2023-11-04 14:06:18,721] {logging_mixin.py:109} INFO - [2023-11-04 14:06:18,721] {dagbag.py:500} INFO - Filling up the DagBag from /home/airflow/.local/lib/python3.8/site-packages/airflow/example_dags/example_xcomargs.py
[2023-11-04 14:06:18,813] {processor.py:654} INFO - DAG(s) dict_keys(['example_xcom_args', 'example_xcom_args_with_operators']) retrieved from /home/airflow/.local/lib/python3.8/site-packages/airflow/example_dags/example_xcomargs.py
[2023-11-04 14:06:19,142] {logging_mixin.py:109} INFO - [2023-11-04 14:06:19,141] {dag.py:2398} INFO - Sync 2 DAGs
[2023-11-04 14:06:19,162] {logging_mixin.py:109} INFO - [2023-11-04 14:06:19,162] {dag.py:2937} INFO - Setting next_dagrun for example_xcom_args to None
[2023-11-04 14:06:19,163] {logging_mixin.py:109} INFO - [2023-11-04 14:06:19,163] {dag.py:2937} INFO - Setting next_dagrun for example_xcom_args_with_operators to None
[2023-11-04 14:06:19,182] {processor.py:171} INFO - Processing /home/airflow/.local/lib/python3.8/site-packages/airflow/example_dags/example_xcomargs.py took 0.475 seconds
[2023-11-04 14:06:49,256] {processor.py:163} INFO - Started process (PID=251) to work on /home/airflow/.local/lib/python3.8/site-packages/airflow/example_dags/example_xcomargs.py
[2023-11-04 14:06:49,259] {processor.py:642} INFO - Processing file /home/airflow/.local/lib/python3.8/site-packages/airflow/example_dags/example_xcomargs.py for tasks to queue
[2023-11-04 14:06:49,261] {logging_mixin.py:109} INFO - [2023-11-04 14:06:49,261] {dagbag.py:500} INFO - Filling up the DagBag from /home/airflow/.local/lib/python3.8/site-packages/airflow/example_dags/example_xcomargs.py
[2023-11-04 14:06:49,320] {processor.py:654} INFO - DAG(s) dict_keys(['example_xcom_args', 'example_xcom_args_with_operators']) retrieved from /home/airflow/.local/lib/python3.8/site-packages/airflow/example_dags/example_xcomargs.py
[2023-11-04 14:06:49,613] {logging_mixin.py:109} INFO - [2023-11-04 14:06:49,613] {dag.py:2398} INFO - Sync 2 DAGs
[2023-11-04 14:06:49,642] {logging_mixin.py:109} INFO - [2023-11-04 14:06:49,641] {dag.py:2937} INFO - Setting next_dagrun for example_xcom_args to None
[2023-11-04 14:06:49,645] {logging_mixin.py:109} INFO - [2023-11-04 14:06:49,645] {dag.py:2937} INFO - Setting next_dagrun for example_xcom_args_with_operators to None
[2023-11-04 14:06:49,665] {processor.py:171} INFO - Processing /home/airflow/.local/lib/python3.8/site-packages/airflow/example_dags/example_xcomargs.py took 0.415 seconds
[2023-11-04 14:07:19,713] {processor.py:163} INFO - Started process (PID=300) to work on /home/airflow/.local/lib/python3.8/site-packages/airflow/example_dags/example_xcomargs.py
[2023-11-04 14:07:19,716] {processor.py:642} INFO - Processing file /home/airflow/.local/lib/python3.8/site-packages/airflow/example_dags/example_xcomargs.py for tasks to queue
[2023-11-04 14:07:19,718] {logging_mixin.py:109} INFO - [2023-11-04 14:07:19,718] {dagbag.py:500} INFO - Filling up the DagBag from /home/airflow/.local/lib/python3.8/site-packages/airflow/example_dags/example_xcomargs.py
[2023-11-04 14:07:19,770] {processor.py:654} INFO - DAG(s) dict_keys(['example_xcom_args', 'example_xcom_args_with_operators']) retrieved from /home/airflow/.local/lib/python3.8/site-packages/airflow/example_dags/example_xcomargs.py
[2023-11-04 14:07:20,068] {logging_mixin.py:109} INFO - [2023-11-04 14:07:20,068] {dag.py:2398} INFO - Sync 2 DAGs
[2023-11-04 14:07:20,087] {logging_mixin.py:109} INFO - [2023-11-04 14:07:20,087] {dag.py:2937} INFO - Setting next_dagrun for example_xcom_args to None
[2023-11-04 14:07:20,089] {logging_mixin.py:109} INFO - [2023-11-04 14:07:20,089] {dag.py:2937} INFO - Setting next_dagrun for example_xcom_args_with_operators to None
[2023-11-04 14:07:20,102] {processor.py:171} INFO - Processing /home/airflow/.local/lib/python3.8/site-packages/airflow/example_dags/example_xcomargs.py took 0.394 seconds
[2023-11-04 14:07:50,717] {processor.py:163} INFO - Started process (PID=348) to work on /home/airflow/.local/lib/python3.8/site-packages/airflow/example_dags/example_xcomargs.py
[2023-11-04 14:07:50,719] {processor.py:642} INFO - Processing file /home/airflow/.local/lib/python3.8/site-packages/airflow/example_dags/example_xcomargs.py for tasks to queue
[2023-11-04 14:07:50,721] {logging_mixin.py:109} INFO - [2023-11-04 14:07:50,721] {dagbag.py:500} INFO - Filling up the DagBag from /home/airflow/.local/lib/python3.8/site-packages/airflow/example_dags/example_xcomargs.py
[2023-11-04 14:07:50,776] {processor.py:654} INFO - DAG(s) dict_keys(['example_xcom_args', 'example_xcom_args_with_operators']) retrieved from /home/airflow/.local/lib/python3.8/site-packages/airflow/example_dags/example_xcomargs.py
[2023-11-04 14:07:51,047] {logging_mixin.py:109} INFO - [2023-11-04 14:07:51,047] {dag.py:2398} INFO - Sync 2 DAGs
[2023-11-04 14:07:51,065] {logging_mixin.py:109} INFO - [2023-11-04 14:07:51,065] {dag.py:2937} INFO - Setting next_dagrun for example_xcom_args to None
[2023-11-04 14:07:51,066] {logging_mixin.py:109} INFO - [2023-11-04 14:07:51,066] {dag.py:2937} INFO - Setting next_dagrun for example_xcom_args_with_operators to None
[2023-11-04 14:07:51,079] {processor.py:171} INFO - Processing /home/airflow/.local/lib/python3.8/site-packages/airflow/example_dags/example_xcomargs.py took 0.367 seconds
[2023-11-04 14:08:21,618] {processor.py:163} INFO - Started process (PID=405) to work on /home/airflow/.local/lib/python3.8/site-packages/airflow/example_dags/example_xcomargs.py
[2023-11-04 14:08:21,620] {processor.py:642} INFO - Processing file /home/airflow/.local/lib/python3.8/site-packages/airflow/example_dags/example_xcomargs.py for tasks to queue
[2023-11-04 14:08:21,622] {logging_mixin.py:109} INFO - [2023-11-04 14:08:21,622] {dagbag.py:500} INFO - Filling up the DagBag from /home/airflow/.local/lib/python3.8/site-packages/airflow/example_dags/example_xcomargs.py
[2023-11-04 14:08:21,674] {processor.py:654} INFO - DAG(s) dict_keys(['example_xcom_args', 'example_xcom_args_with_operators']) retrieved from /home/airflow/.local/lib/python3.8/site-packages/airflow/example_dags/example_xcomargs.py
[2023-11-04 14:08:21,929] {logging_mixin.py:109} INFO - [2023-11-04 14:08:21,929] {dag.py:2398} INFO - Sync 2 DAGs
[2023-11-04 14:08:21,946] {logging_mixin.py:109} INFO - [2023-11-04 14:08:21,946] {dag.py:2937} INFO - Setting next_dagrun for example_xcom_args to None
[2023-11-04 14:08:21,947] {logging_mixin.py:109} INFO - [2023-11-04 14:08:21,947] {dag.py:2937} INFO - Setting next_dagrun for example_xcom_args_with_operators to None
[2023-11-04 14:08:21,959] {processor.py:171} INFO - Processing /home/airflow/.local/lib/python3.8/site-packages/airflow/example_dags/example_xcomargs.py took 0.347 seconds
[2023-11-04 14:08:52,003] {processor.py:163} INFO - Started process (PID=454) to work on /home/airflow/.local/lib/python3.8/site-packages/airflow/example_dags/example_xcomargs.py
[2023-11-04 14:08:52,006] {processor.py:642} INFO - Processing file /home/airflow/.local/lib/python3.8/site-packages/airflow/example_dags/example_xcomargs.py for tasks to queue
[2023-11-04 14:08:52,008] {logging_mixin.py:109} INFO - [2023-11-04 14:08:52,008] {dagbag.py:500} INFO - Filling up the DagBag from /home/airflow/.local/lib/python3.8/site-packages/airflow/example_dags/example_xcomargs.py
[2023-11-04 14:08:52,060] {processor.py:654} INFO - DAG(s) dict_keys(['example_xcom_args', 'example_xcom_args_with_operators']) retrieved from /home/airflow/.local/lib/python3.8/site-packages/airflow/example_dags/example_xcomargs.py
[2023-11-04 14:08:52,317] {logging_mixin.py:109} INFO - [2023-11-04 14:08:52,317] {dag.py:2398} INFO - Sync 2 DAGs
[2023-11-04 14:08:52,335] {logging_mixin.py:109} INFO - [2023-11-04 14:08:52,334] {dag.py:2937} INFO - Setting next_dagrun for example_xcom_args to None
[2023-11-04 14:08:52,336] {logging_mixin.py:109} INFO - [2023-11-04 14:08:52,336] {dag.py:2937} INFO - Setting next_dagrun for example_xcom_args_with_operators to None
[2023-11-04 14:08:52,349] {processor.py:171} INFO - Processing /home/airflow/.local/lib/python3.8/site-packages/airflow/example_dags/example_xcomargs.py took 0.351 seconds
[2023-11-04 14:09:22,435] {processor.py:163} INFO - Started process (PID=503) to work on /home/airflow/.local/lib/python3.8/site-packages/airflow/example_dags/example_xcomargs.py
[2023-11-04 14:09:22,439] {processor.py:642} INFO - Processing file /home/airflow/.local/lib/python3.8/site-packages/airflow/example_dags/example_xcomargs.py for tasks to queue
[2023-11-04 14:09:22,441] {logging_mixin.py:109} INFO - [2023-11-04 14:09:22,441] {dagbag.py:500} INFO - Filling up the DagBag from /home/airflow/.local/lib/python3.8/site-packages/airflow/example_dags/example_xcomargs.py
[2023-11-04 14:09:22,509] {processor.py:654} INFO - DAG(s) dict_keys(['example_xcom_args', 'example_xcom_args_with_operators']) retrieved from /home/airflow/.local/lib/python3.8/site-packages/airflow/example_dags/example_xcomargs.py
[2023-11-04 14:09:22,834] {logging_mixin.py:109} INFO - [2023-11-04 14:09:22,834] {dag.py:2398} INFO - Sync 2 DAGs
[2023-11-04 14:09:22,860] {logging_mixin.py:109} INFO - [2023-11-04 14:09:22,860] {dag.py:2937} INFO - Setting next_dagrun for example_xcom_args to None
[2023-11-04 14:09:22,862] {logging_mixin.py:109} INFO - [2023-11-04 14:09:22,862] {dag.py:2937} INFO - Setting next_dagrun for example_xcom_args_with_operators to None
[2023-11-04 14:09:22,887] {processor.py:171} INFO - Processing /home/airflow/.local/lib/python3.8/site-packages/airflow/example_dags/example_xcomargs.py took 0.462 seconds
[2023-11-04 14:09:53,799] {processor.py:163} INFO - Started process (PID=560) to work on /home/airflow/.local/lib/python3.8/site-packages/airflow/example_dags/example_xcomargs.py
[2023-11-04 14:09:53,803] {processor.py:642} INFO - Processing file /home/airflow/.local/lib/python3.8/site-packages/airflow/example_dags/example_xcomargs.py for tasks to queue
[2023-11-04 14:09:53,805] {logging_mixin.py:109} INFO - [2023-11-04 14:09:53,804] {dagbag.py:500} INFO - Filling up the DagBag from /home/airflow/.local/lib/python3.8/site-packages/airflow/example_dags/example_xcomargs.py
[2023-11-04 14:09:53,856] {processor.py:654} INFO - DAG(s) dict_keys(['example_xcom_args', 'example_xcom_args_with_operators']) retrieved from /home/airflow/.local/lib/python3.8/site-packages/airflow/example_dags/example_xcomargs.py
[2023-11-04 14:09:54,151] {logging_mixin.py:109} INFO - [2023-11-04 14:09:54,150] {dag.py:2398} INFO - Sync 2 DAGs
[2023-11-04 14:09:54,171] {logging_mixin.py:109} INFO - [2023-11-04 14:09:54,171] {dag.py:2937} INFO - Setting next_dagrun for example_xcom_args to None
[2023-11-04 14:09:54,172] {logging_mixin.py:109} INFO - [2023-11-04 14:09:54,172] {dag.py:2937} INFO - Setting next_dagrun for example_xcom_args_with_operators to None
[2023-11-04 14:09:54,188] {processor.py:171} INFO - Processing /home/airflow/.local/lib/python3.8/site-packages/airflow/example_dags/example_xcomargs.py took 0.394 seconds
[2023-11-04 14:10:25,081] {processor.py:163} INFO - Started process (PID=609) to work on /home/airflow/.local/lib/python3.8/site-packages/airflow/example_dags/example_xcomargs.py
[2023-11-04 14:10:25,084] {processor.py:642} INFO - Processing file /home/airflow/.local/lib/python3.8/site-packages/airflow/example_dags/example_xcomargs.py for tasks to queue
[2023-11-04 14:10:25,085] {logging_mixin.py:109} INFO - [2023-11-04 14:10:25,085] {dagbag.py:500} INFO - Filling up the DagBag from /home/airflow/.local/lib/python3.8/site-packages/airflow/example_dags/example_xcomargs.py
[2023-11-04 14:10:25,137] {processor.py:654} INFO - DAG(s) dict_keys(['example_xcom_args', 'example_xcom_args_with_operators']) retrieved from /home/airflow/.local/lib/python3.8/site-packages/airflow/example_dags/example_xcomargs.py
[2023-11-04 14:10:25,406] {logging_mixin.py:109} INFO - [2023-11-04 14:10:25,405] {dag.py:2398} INFO - Sync 2 DAGs
[2023-11-04 14:10:25,423] {logging_mixin.py:109} INFO - [2023-11-04 14:10:25,423] {dag.py:2937} INFO - Setting next_dagrun for example_xcom_args to None
[2023-11-04 14:10:25,425] {logging_mixin.py:109} INFO - [2023-11-04 14:10:25,424] {dag.py:2937} INFO - Setting next_dagrun for example_xcom_args_with_operators to None
[2023-11-04 14:10:25,439] {processor.py:171} INFO - Processing /home/airflow/.local/lib/python3.8/site-packages/airflow/example_dags/example_xcomargs.py took 0.363 seconds
[2023-11-04 14:11:48,565] {processor.py:163} INFO - Started process (PID=41) to work on /home/airflow/.local/lib/python3.8/site-packages/airflow/example_dags/example_xcomargs.py
[2023-11-04 14:11:48,567] {processor.py:642} INFO - Processing file /home/airflow/.local/lib/python3.8/site-packages/airflow/example_dags/example_xcomargs.py for tasks to queue
[2023-11-04 14:11:48,568] {logging_mixin.py:109} INFO - [2023-11-04 14:11:48,568] {dagbag.py:500} INFO - Filling up the DagBag from /home/airflow/.local/lib/python3.8/site-packages/airflow/example_dags/example_xcomargs.py
[2023-11-04 14:11:48,630] {processor.py:654} INFO - DAG(s) dict_keys(['example_xcom_args', 'example_xcom_args_with_operators']) retrieved from /home/airflow/.local/lib/python3.8/site-packages/airflow/example_dags/example_xcomargs.py
[2023-11-04 14:11:49,332] {logging_mixin.py:109} INFO - [2023-11-04 14:11:49,332] {dag.py:2398} INFO - Sync 2 DAGs
[2023-11-04 14:11:49,351] {logging_mixin.py:109} INFO - [2023-11-04 14:11:49,351] {dag.py:2937} INFO - Setting next_dagrun for example_xcom_args to None
[2023-11-04 14:11:49,353] {logging_mixin.py:109} INFO - [2023-11-04 14:11:49,352] {dag.py:2937} INFO - Setting next_dagrun for example_xcom_args_with_operators to None
[2023-11-04 14:11:49,375] {processor.py:171} INFO - Processing /home/airflow/.local/lib/python3.8/site-packages/airflow/example_dags/example_xcomargs.py took 0.815 seconds
[2023-11-04 14:12:19,634] {processor.py:163} INFO - Started process (PID=89) to work on /home/airflow/.local/lib/python3.8/site-packages/airflow/example_dags/example_xcomargs.py
[2023-11-04 14:12:19,637] {processor.py:642} INFO - Processing file /home/airflow/.local/lib/python3.8/site-packages/airflow/example_dags/example_xcomargs.py for tasks to queue
[2023-11-04 14:12:19,639] {logging_mixin.py:109} INFO - [2023-11-04 14:12:19,638] {dagbag.py:500} INFO - Filling up the DagBag from /home/airflow/.local/lib/python3.8/site-packages/airflow/example_dags/example_xcomargs.py
[2023-11-04 14:12:19,700] {processor.py:654} INFO - DAG(s) dict_keys(['example_xcom_args', 'example_xcom_args_with_operators']) retrieved from /home/airflow/.local/lib/python3.8/site-packages/airflow/example_dags/example_xcomargs.py
[2023-11-04 14:12:20,053] {logging_mixin.py:109} INFO - [2023-11-04 14:12:20,053] {dag.py:2398} INFO - Sync 2 DAGs
[2023-11-04 14:12:20,077] {logging_mixin.py:109} INFO - [2023-11-04 14:12:20,076] {dag.py:2937} INFO - Setting next_dagrun for example_xcom_args to None
[2023-11-04 14:12:20,078] {logging_mixin.py:109} INFO - [2023-11-04 14:12:20,078] {dag.py:2937} INFO - Setting next_dagrun for example_xcom_args_with_operators to None
[2023-11-04 14:12:20,094] {processor.py:171} INFO - Processing /home/airflow/.local/lib/python3.8/site-packages/airflow/example_dags/example_xcomargs.py took 0.465 seconds
[2023-11-04 14:12:51,053] {processor.py:163} INFO - Started process (PID=146) to work on /home/airflow/.local/lib/python3.8/site-packages/airflow/example_dags/example_xcomargs.py
[2023-11-04 14:12:51,057] {processor.py:642} INFO - Processing file /home/airflow/.local/lib/python3.8/site-packages/airflow/example_dags/example_xcomargs.py for tasks to queue
[2023-11-04 14:12:51,058] {logging_mixin.py:109} INFO - [2023-11-04 14:12:51,058] {dagbag.py:500} INFO - Filling up the DagBag from /home/airflow/.local/lib/python3.8/site-packages/airflow/example_dags/example_xcomargs.py
[2023-11-04 14:12:51,116] {processor.py:654} INFO - DAG(s) dict_keys(['example_xcom_args', 'example_xcom_args_with_operators']) retrieved from /home/airflow/.local/lib/python3.8/site-packages/airflow/example_dags/example_xcomargs.py
[2023-11-04 14:12:51,390] {logging_mixin.py:109} INFO - [2023-11-04 14:12:51,390] {dag.py:2398} INFO - Sync 2 DAGs
[2023-11-04 14:12:51,409] {logging_mixin.py:109} INFO - [2023-11-04 14:12:51,409] {dag.py:2937} INFO - Setting next_dagrun for example_xcom_args to None
[2023-11-04 14:12:51,411] {logging_mixin.py:109} INFO - [2023-11-04 14:12:51,411] {dag.py:2937} INFO - Setting next_dagrun for example_xcom_args_with_operators to None
[2023-11-04 14:12:51,424] {processor.py:171} INFO - Processing /home/airflow/.local/lib/python3.8/site-packages/airflow/example_dags/example_xcomargs.py took 0.376 seconds
[2023-11-04 14:13:21,484] {processor.py:163} INFO - Started process (PID=195) to work on /home/airflow/.local/lib/python3.8/site-packages/airflow/example_dags/example_xcomargs.py
[2023-11-04 14:13:21,487] {processor.py:642} INFO - Processing file /home/airflow/.local/lib/python3.8/site-packages/airflow/example_dags/example_xcomargs.py for tasks to queue
[2023-11-04 14:13:21,488] {logging_mixin.py:109} INFO - [2023-11-04 14:13:21,488] {dagbag.py:500} INFO - Filling up the DagBag from /home/airflow/.local/lib/python3.8/site-packages/airflow/example_dags/example_xcomargs.py
[2023-11-04 14:13:21,546] {processor.py:654} INFO - DAG(s) dict_keys(['example_xcom_args', 'example_xcom_args_with_operators']) retrieved from /home/airflow/.local/lib/python3.8/site-packages/airflow/example_dags/example_xcomargs.py
[2023-11-04 14:13:21,817] {logging_mixin.py:109} INFO - [2023-11-04 14:13:21,816] {dag.py:2398} INFO - Sync 2 DAGs
[2023-11-04 14:13:21,837] {logging_mixin.py:109} INFO - [2023-11-04 14:13:21,836] {dag.py:2937} INFO - Setting next_dagrun for example_xcom_args to None
[2023-11-04 14:13:21,838] {logging_mixin.py:109} INFO - [2023-11-04 14:13:21,838] {dag.py:2937} INFO - Setting next_dagrun for example_xcom_args_with_operators to None
[2023-11-04 14:13:21,853] {processor.py:171} INFO - Processing /home/airflow/.local/lib/python3.8/site-packages/airflow/example_dags/example_xcomargs.py took 0.377 seconds
[2023-11-04 14:13:51,968] {processor.py:163} INFO - Started process (PID=252) to work on /home/airflow/.local/lib/python3.8/site-packages/airflow/example_dags/example_xcomargs.py
[2023-11-04 14:13:51,970] {processor.py:642} INFO - Processing file /home/airflow/.local/lib/python3.8/site-packages/airflow/example_dags/example_xcomargs.py for tasks to queue
[2023-11-04 14:13:51,972] {logging_mixin.py:109} INFO - [2023-11-04 14:13:51,972] {dagbag.py:500} INFO - Filling up the DagBag from /home/airflow/.local/lib/python3.8/site-packages/airflow/example_dags/example_xcomargs.py
[2023-11-04 14:13:52,029] {processor.py:654} INFO - DAG(s) dict_keys(['example_xcom_args', 'example_xcom_args_with_operators']) retrieved from /home/airflow/.local/lib/python3.8/site-packages/airflow/example_dags/example_xcomargs.py
[2023-11-04 14:13:52,326] {logging_mixin.py:109} INFO - [2023-11-04 14:13:52,326] {dag.py:2398} INFO - Sync 2 DAGs
[2023-11-04 14:13:52,356] {logging_mixin.py:109} INFO - [2023-11-04 14:13:52,356] {dag.py:2937} INFO - Setting next_dagrun for example_xcom_args to None
[2023-11-04 14:13:52,358] {logging_mixin.py:109} INFO - [2023-11-04 14:13:52,358] {dag.py:2937} INFO - Setting next_dagrun for example_xcom_args_with_operators to None
[2023-11-04 14:13:52,375] {processor.py:171} INFO - Processing /home/airflow/.local/lib/python3.8/site-packages/airflow/example_dags/example_xcomargs.py took 0.412 seconds
[2023-11-04 14:14:22,822] {processor.py:163} INFO - Started process (PID=303) to work on /home/airflow/.local/lib/python3.8/site-packages/airflow/example_dags/example_xcomargs.py
[2023-11-04 14:14:22,825] {processor.py:642} INFO - Processing file /home/airflow/.local/lib/python3.8/site-packages/airflow/example_dags/example_xcomargs.py for tasks to queue
[2023-11-04 14:14:22,826] {logging_mixin.py:109} INFO - [2023-11-04 14:14:22,826] {dagbag.py:500} INFO - Filling up the DagBag from /home/airflow/.local/lib/python3.8/site-packages/airflow/example_dags/example_xcomargs.py
[2023-11-04 14:14:22,886] {processor.py:654} INFO - DAG(s) dict_keys(['example_xcom_args', 'example_xcom_args_with_operators']) retrieved from /home/airflow/.local/lib/python3.8/site-packages/airflow/example_dags/example_xcomargs.py
[2023-11-04 14:14:23,195] {logging_mixin.py:109} INFO - [2023-11-04 14:14:23,194] {dag.py:2398} INFO - Sync 2 DAGs
[2023-11-04 14:14:23,214] {logging_mixin.py:109} INFO - [2023-11-04 14:14:23,214] {dag.py:2937} INFO - Setting next_dagrun for example_xcom_args to None
[2023-11-04 14:14:23,216] {logging_mixin.py:109} INFO - [2023-11-04 14:14:23,216] {dag.py:2937} INFO - Setting next_dagrun for example_xcom_args_with_operators to None
[2023-11-04 14:14:23,231] {processor.py:171} INFO - Processing /home/airflow/.local/lib/python3.8/site-packages/airflow/example_dags/example_xcomargs.py took 0.416 seconds
[2023-11-04 14:14:53,403] {processor.py:163} INFO - Started process (PID=351) to work on /home/airflow/.local/lib/python3.8/site-packages/airflow/example_dags/example_xcomargs.py
[2023-11-04 14:14:53,406] {processor.py:642} INFO - Processing file /home/airflow/.local/lib/python3.8/site-packages/airflow/example_dags/example_xcomargs.py for tasks to queue
[2023-11-04 14:14:53,407] {logging_mixin.py:109} INFO - [2023-11-04 14:14:53,407] {dagbag.py:500} INFO - Filling up the DagBag from /home/airflow/.local/lib/python3.8/site-packages/airflow/example_dags/example_xcomargs.py
[2023-11-04 14:14:53,460] {processor.py:654} INFO - DAG(s) dict_keys(['example_xcom_args', 'example_xcom_args_with_operators']) retrieved from /home/airflow/.local/lib/python3.8/site-packages/airflow/example_dags/example_xcomargs.py
[2023-11-04 14:14:53,727] {logging_mixin.py:109} INFO - [2023-11-04 14:14:53,727] {dag.py:2398} INFO - Sync 2 DAGs
[2023-11-04 14:14:53,756] {logging_mixin.py:109} INFO - [2023-11-04 14:14:53,756] {dag.py:2937} INFO - Setting next_dagrun for example_xcom_args to None
[2023-11-04 14:14:53,759] {logging_mixin.py:109} INFO - [2023-11-04 14:14:53,758] {dag.py:2937} INFO - Setting next_dagrun for example_xcom_args_with_operators to None
[2023-11-04 14:14:53,776] {processor.py:171} INFO - Processing /home/airflow/.local/lib/python3.8/site-packages/airflow/example_dags/example_xcomargs.py took 0.379 seconds
[2023-11-04 14:15:23,874] {processor.py:163} INFO - Started process (PID=408) to work on /home/airflow/.local/lib/python3.8/site-packages/airflow/example_dags/example_xcomargs.py
[2023-11-04 14:15:23,878] {processor.py:642} INFO - Processing file /home/airflow/.local/lib/python3.8/site-packages/airflow/example_dags/example_xcomargs.py for tasks to queue
[2023-11-04 14:15:23,880] {logging_mixin.py:109} INFO - [2023-11-04 14:15:23,880] {dagbag.py:500} INFO - Filling up the DagBag from /home/airflow/.local/lib/python3.8/site-packages/airflow/example_dags/example_xcomargs.py
[2023-11-04 14:15:23,960] {processor.py:654} INFO - DAG(s) dict_keys(['example_xcom_args', 'example_xcom_args_with_operators']) retrieved from /home/airflow/.local/lib/python3.8/site-packages/airflow/example_dags/example_xcomargs.py
[2023-11-04 14:15:24,316] {logging_mixin.py:109} INFO - [2023-11-04 14:15:24,316] {dag.py:2398} INFO - Sync 2 DAGs
[2023-11-04 14:15:24,345] {logging_mixin.py:109} INFO - [2023-11-04 14:15:24,345] {dag.py:2937} INFO - Setting next_dagrun for example_xcom_args to None
[2023-11-04 14:15:24,347] {logging_mixin.py:109} INFO - [2023-11-04 14:15:24,347] {dag.py:2937} INFO - Setting next_dagrun for example_xcom_args_with_operators to None
[2023-11-04 14:15:24,383] {processor.py:171} INFO - Processing /home/airflow/.local/lib/python3.8/site-packages/airflow/example_dags/example_xcomargs.py took 0.518 seconds
[2023-11-04 14:15:54,767] {processor.py:163} INFO - Started process (PID=458) to work on /home/airflow/.local/lib/python3.8/site-packages/airflow/example_dags/example_xcomargs.py
[2023-11-04 14:15:54,770] {processor.py:642} INFO - Processing file /home/airflow/.local/lib/python3.8/site-packages/airflow/example_dags/example_xcomargs.py for tasks to queue
[2023-11-04 14:15:54,771] {logging_mixin.py:109} INFO - [2023-11-04 14:15:54,771] {dagbag.py:500} INFO - Filling up the DagBag from /home/airflow/.local/lib/python3.8/site-packages/airflow/example_dags/example_xcomargs.py
[2023-11-04 14:15:54,834] {processor.py:654} INFO - DAG(s) dict_keys(['example_xcom_args', 'example_xcom_args_with_operators']) retrieved from /home/airflow/.local/lib/python3.8/site-packages/airflow/example_dags/example_xcomargs.py
[2023-11-04 14:15:55,119] {logging_mixin.py:109} INFO - [2023-11-04 14:15:55,118] {dag.py:2398} INFO - Sync 2 DAGs
[2023-11-04 14:15:55,136] {logging_mixin.py:109} INFO - [2023-11-04 14:15:55,136] {dag.py:2937} INFO - Setting next_dagrun for example_xcom_args to None
[2023-11-04 14:15:55,137] {logging_mixin.py:109} INFO - [2023-11-04 14:15:55,137] {dag.py:2937} INFO - Setting next_dagrun for example_xcom_args_with_operators to None
[2023-11-04 14:15:55,148] {processor.py:171} INFO - Processing /home/airflow/.local/lib/python3.8/site-packages/airflow/example_dags/example_xcomargs.py took 0.386 seconds
[2023-11-04 14:16:25,590] {processor.py:163} INFO - Started process (PID=506) to work on /home/airflow/.local/lib/python3.8/site-packages/airflow/example_dags/example_xcomargs.py
[2023-11-04 14:16:25,593] {processor.py:642} INFO - Processing file /home/airflow/.local/lib/python3.8/site-packages/airflow/example_dags/example_xcomargs.py for tasks to queue
[2023-11-04 14:16:25,594] {logging_mixin.py:109} INFO - [2023-11-04 14:16:25,594] {dagbag.py:500} INFO - Filling up the DagBag from /home/airflow/.local/lib/python3.8/site-packages/airflow/example_dags/example_xcomargs.py
[2023-11-04 14:16:25,647] {processor.py:654} INFO - DAG(s) dict_keys(['example_xcom_args', 'example_xcom_args_with_operators']) retrieved from /home/airflow/.local/lib/python3.8/site-packages/airflow/example_dags/example_xcomargs.py
[2023-11-04 14:16:25,932] {logging_mixin.py:109} INFO - [2023-11-04 14:16:25,932] {dag.py:2398} INFO - Sync 2 DAGs
[2023-11-04 14:16:25,957] {logging_mixin.py:109} INFO - [2023-11-04 14:16:25,957] {dag.py:2937} INFO - Setting next_dagrun for example_xcom_args to None
[2023-11-04 14:16:25,959] {logging_mixin.py:109} INFO - [2023-11-04 14:16:25,959] {dag.py:2937} INFO - Setting next_dagrun for example_xcom_args_with_operators to None
[2023-11-04 14:16:25,979] {processor.py:171} INFO - Processing /home/airflow/.local/lib/python3.8/site-packages/airflow/example_dags/example_xcomargs.py took 0.394 seconds
[2023-11-04 14:16:56,287] {processor.py:163} INFO - Started process (PID=563) to work on /home/airflow/.local/lib/python3.8/site-packages/airflow/example_dags/example_xcomargs.py
[2023-11-04 14:16:56,290] {processor.py:642} INFO - Processing file /home/airflow/.local/lib/python3.8/site-packages/airflow/example_dags/example_xcomargs.py for tasks to queue
[2023-11-04 14:16:56,291] {logging_mixin.py:109} INFO - [2023-11-04 14:16:56,291] {dagbag.py:500} INFO - Filling up the DagBag from /home/airflow/.local/lib/python3.8/site-packages/airflow/example_dags/example_xcomargs.py
[2023-11-04 14:16:56,346] {processor.py:654} INFO - DAG(s) dict_keys(['example_xcom_args', 'example_xcom_args_with_operators']) retrieved from /home/airflow/.local/lib/python3.8/site-packages/airflow/example_dags/example_xcomargs.py
[2023-11-04 14:16:56,624] {logging_mixin.py:109} INFO - [2023-11-04 14:16:56,623] {dag.py:2398} INFO - Sync 2 DAGs
[2023-11-04 14:16:56,642] {logging_mixin.py:109} INFO - [2023-11-04 14:16:56,642] {dag.py:2937} INFO - Setting next_dagrun for example_xcom_args to None
[2023-11-04 14:16:56,644] {logging_mixin.py:109} INFO - [2023-11-04 14:16:56,644] {dag.py:2937} INFO - Setting next_dagrun for example_xcom_args_with_operators to None
[2023-11-04 14:16:56,658] {processor.py:171} INFO - Processing /home/airflow/.local/lib/python3.8/site-packages/airflow/example_dags/example_xcomargs.py took 0.376 seconds
[2023-11-04 14:17:26,718] {processor.py:163} INFO - Started process (PID=612) to work on /home/airflow/.local/lib/python3.8/site-packages/airflow/example_dags/example_xcomargs.py
[2023-11-04 14:17:26,720] {processor.py:642} INFO - Processing file /home/airflow/.local/lib/python3.8/site-packages/airflow/example_dags/example_xcomargs.py for tasks to queue
[2023-11-04 14:17:26,722] {logging_mixin.py:109} INFO - [2023-11-04 14:17:26,721] {dagbag.py:500} INFO - Filling up the DagBag from /home/airflow/.local/lib/python3.8/site-packages/airflow/example_dags/example_xcomargs.py
[2023-11-04 14:17:26,777] {processor.py:654} INFO - DAG(s) dict_keys(['example_xcom_args', 'example_xcom_args_with_operators']) retrieved from /home/airflow/.local/lib/python3.8/site-packages/airflow/example_dags/example_xcomargs.py
[2023-11-04 14:17:27,053] {logging_mixin.py:109} INFO - [2023-11-04 14:17:27,053] {dag.py:2398} INFO - Sync 2 DAGs
[2023-11-04 14:17:27,071] {logging_mixin.py:109} INFO - [2023-11-04 14:17:27,071] {dag.py:2937} INFO - Setting next_dagrun for example_xcom_args to None
[2023-11-04 14:17:27,072] {logging_mixin.py:109} INFO - [2023-11-04 14:17:27,072] {dag.py:2937} INFO - Setting next_dagrun for example_xcom_args_with_operators to None
[2023-11-04 14:17:27,086] {processor.py:171} INFO - Processing /home/airflow/.local/lib/python3.8/site-packages/airflow/example_dags/example_xcomargs.py took 0.373 seconds
[2023-11-04 14:17:57,940] {processor.py:163} INFO - Started process (PID=668) to work on /home/airflow/.local/lib/python3.8/site-packages/airflow/example_dags/example_xcomargs.py
[2023-11-04 14:17:57,944] {processor.py:642} INFO - Processing file /home/airflow/.local/lib/python3.8/site-packages/airflow/example_dags/example_xcomargs.py for tasks to queue
[2023-11-04 14:17:57,946] {logging_mixin.py:109} INFO - [2023-11-04 14:17:57,946] {dagbag.py:500} INFO - Filling up the DagBag from /home/airflow/.local/lib/python3.8/site-packages/airflow/example_dags/example_xcomargs.py
[2023-11-04 14:17:58,025] {processor.py:654} INFO - DAG(s) dict_keys(['example_xcom_args', 'example_xcom_args_with_operators']) retrieved from /home/airflow/.local/lib/python3.8/site-packages/airflow/example_dags/example_xcomargs.py
[2023-11-04 14:17:58,514] {logging_mixin.py:109} INFO - [2023-11-04 14:17:58,514] {dag.py:2398} INFO - Sync 2 DAGs
[2023-11-04 14:17:58,532] {logging_mixin.py:109} INFO - [2023-11-04 14:17:58,532] {dag.py:2937} INFO - Setting next_dagrun for example_xcom_args to None
[2023-11-04 14:17:58,533] {logging_mixin.py:109} INFO - [2023-11-04 14:17:58,533] {dag.py:2937} INFO - Setting next_dagrun for example_xcom_args_with_operators to None
[2023-11-04 14:17:58,548] {processor.py:171} INFO - Processing /home/airflow/.local/lib/python3.8/site-packages/airflow/example_dags/example_xcomargs.py took 0.615 seconds
[2023-11-04 14:18:29,119] {processor.py:163} INFO - Started process (PID=718) to work on /home/airflow/.local/lib/python3.8/site-packages/airflow/example_dags/example_xcomargs.py
[2023-11-04 14:18:29,121] {processor.py:642} INFO - Processing file /home/airflow/.local/lib/python3.8/site-packages/airflow/example_dags/example_xcomargs.py for tasks to queue
[2023-11-04 14:18:29,123] {logging_mixin.py:109} INFO - [2023-11-04 14:18:29,123] {dagbag.py:500} INFO - Filling up the DagBag from /home/airflow/.local/lib/python3.8/site-packages/airflow/example_dags/example_xcomargs.py
[2023-11-04 14:18:29,192] {processor.py:654} INFO - DAG(s) dict_keys(['example_xcom_args', 'example_xcom_args_with_operators']) retrieved from /home/airflow/.local/lib/python3.8/site-packages/airflow/example_dags/example_xcomargs.py
[2023-11-04 14:18:29,469] {logging_mixin.py:109} INFO - [2023-11-04 14:18:29,469] {dag.py:2398} INFO - Sync 2 DAGs
[2023-11-04 14:18:29,488] {logging_mixin.py:109} INFO - [2023-11-04 14:18:29,487] {dag.py:2937} INFO - Setting next_dagrun for example_xcom_args to None
[2023-11-04 14:18:29,489] {logging_mixin.py:109} INFO - [2023-11-04 14:18:29,488] {dag.py:2937} INFO - Setting next_dagrun for example_xcom_args_with_operators to None
[2023-11-04 14:18:29,502] {processor.py:171} INFO - Processing /home/airflow/.local/lib/python3.8/site-packages/airflow/example_dags/example_xcomargs.py took 0.389 seconds
[2023-11-04 14:19:00,395] {processor.py:163} INFO - Started process (PID=767) to work on /home/airflow/.local/lib/python3.8/site-packages/airflow/example_dags/example_xcomargs.py
[2023-11-04 14:19:00,398] {processor.py:642} INFO - Processing file /home/airflow/.local/lib/python3.8/site-packages/airflow/example_dags/example_xcomargs.py for tasks to queue
[2023-11-04 14:19:00,400] {logging_mixin.py:109} INFO - [2023-11-04 14:19:00,400] {dagbag.py:500} INFO - Filling up the DagBag from /home/airflow/.local/lib/python3.8/site-packages/airflow/example_dags/example_xcomargs.py
[2023-11-04 14:19:00,457] {processor.py:654} INFO - DAG(s) dict_keys(['example_xcom_args', 'example_xcom_args_with_operators']) retrieved from /home/airflow/.local/lib/python3.8/site-packages/airflow/example_dags/example_xcomargs.py
[2023-11-04 14:19:00,745] {logging_mixin.py:109} INFO - [2023-11-04 14:19:00,745] {dag.py:2398} INFO - Sync 2 DAGs
[2023-11-04 14:19:00,763] {logging_mixin.py:109} INFO - [2023-11-04 14:19:00,763] {dag.py:2937} INFO - Setting next_dagrun for example_xcom_args to None
[2023-11-04 14:19:00,765] {logging_mixin.py:109} INFO - [2023-11-04 14:19:00,765] {dag.py:2937} INFO - Setting next_dagrun for example_xcom_args_with_operators to None
[2023-11-04 14:19:00,780] {processor.py:171} INFO - Processing /home/airflow/.local/lib/python3.8/site-packages/airflow/example_dags/example_xcomargs.py took 0.390 seconds
[2023-11-04 14:19:31,730] {processor.py:163} INFO - Started process (PID=824) to work on /home/airflow/.local/lib/python3.8/site-packages/airflow/example_dags/example_xcomargs.py
[2023-11-04 14:19:31,733] {processor.py:642} INFO - Processing file /home/airflow/.local/lib/python3.8/site-packages/airflow/example_dags/example_xcomargs.py for tasks to queue
[2023-11-04 14:19:31,735] {logging_mixin.py:109} INFO - [2023-11-04 14:19:31,735] {dagbag.py:500} INFO - Filling up the DagBag from /home/airflow/.local/lib/python3.8/site-packages/airflow/example_dags/example_xcomargs.py
[2023-11-04 14:19:31,789] {processor.py:654} INFO - DAG(s) dict_keys(['example_xcom_args', 'example_xcom_args_with_operators']) retrieved from /home/airflow/.local/lib/python3.8/site-packages/airflow/example_dags/example_xcomargs.py
[2023-11-04 14:19:32,064] {logging_mixin.py:109} INFO - [2023-11-04 14:19:32,063] {dag.py:2398} INFO - Sync 2 DAGs
[2023-11-04 14:19:32,093] {logging_mixin.py:109} INFO - [2023-11-04 14:19:32,093] {dag.py:2937} INFO - Setting next_dagrun for example_xcom_args to None
[2023-11-04 14:19:32,094] {logging_mixin.py:109} INFO - [2023-11-04 14:19:32,094] {dag.py:2937} INFO - Setting next_dagrun for example_xcom_args_with_operators to None
[2023-11-04 14:19:32,108] {processor.py:171} INFO - Processing /home/airflow/.local/lib/python3.8/site-packages/airflow/example_dags/example_xcomargs.py took 0.384 seconds
[2023-11-04 14:20:02,276] {processor.py:163} INFO - Started process (PID=873) to work on /home/airflow/.local/lib/python3.8/site-packages/airflow/example_dags/example_xcomargs.py
[2023-11-04 14:20:02,279] {processor.py:642} INFO - Processing file /home/airflow/.local/lib/python3.8/site-packages/airflow/example_dags/example_xcomargs.py for tasks to queue
[2023-11-04 14:20:02,280] {logging_mixin.py:109} INFO - [2023-11-04 14:20:02,280] {dagbag.py:500} INFO - Filling up the DagBag from /home/airflow/.local/lib/python3.8/site-packages/airflow/example_dags/example_xcomargs.py
[2023-11-04 14:20:02,333] {processor.py:654} INFO - DAG(s) dict_keys(['example_xcom_args', 'example_xcom_args_with_operators']) retrieved from /home/airflow/.local/lib/python3.8/site-packages/airflow/example_dags/example_xcomargs.py
[2023-11-04 14:20:02,603] {logging_mixin.py:109} INFO - [2023-11-04 14:20:02,603] {dag.py:2398} INFO - Sync 2 DAGs
[2023-11-04 14:20:02,619] {logging_mixin.py:109} INFO - [2023-11-04 14:20:02,619] {dag.py:2937} INFO - Setting next_dagrun for example_xcom_args to None
[2023-11-04 14:20:02,621] {logging_mixin.py:109} INFO - [2023-11-04 14:20:02,621] {dag.py:2937} INFO - Setting next_dagrun for example_xcom_args_with_operators to None
[2023-11-04 14:20:02,633] {processor.py:171} INFO - Processing /home/airflow/.local/lib/python3.8/site-packages/airflow/example_dags/example_xcomargs.py took 0.362 seconds
[2023-11-04 14:20:32,736] {processor.py:163} INFO - Started process (PID=924) to work on /home/airflow/.local/lib/python3.8/site-packages/airflow/example_dags/example_xcomargs.py
[2023-11-04 14:20:32,738] {processor.py:642} INFO - Processing file /home/airflow/.local/lib/python3.8/site-packages/airflow/example_dags/example_xcomargs.py for tasks to queue
[2023-11-04 14:20:32,740] {logging_mixin.py:109} INFO - [2023-11-04 14:20:32,740] {dagbag.py:500} INFO - Filling up the DagBag from /home/airflow/.local/lib/python3.8/site-packages/airflow/example_dags/example_xcomargs.py
[2023-11-04 14:20:32,808] {processor.py:654} INFO - DAG(s) dict_keys(['example_xcom_args', 'example_xcom_args_with_operators']) retrieved from /home/airflow/.local/lib/python3.8/site-packages/airflow/example_dags/example_xcomargs.py
[2023-11-04 14:20:33,093] {logging_mixin.py:109} INFO - [2023-11-04 14:20:33,093] {dag.py:2398} INFO - Sync 2 DAGs
[2023-11-04 14:20:33,123] {logging_mixin.py:109} INFO - [2023-11-04 14:20:33,123] {dag.py:2937} INFO - Setting next_dagrun for example_xcom_args to None
[2023-11-04 14:20:33,124] {logging_mixin.py:109} INFO - [2023-11-04 14:20:33,124] {dag.py:2937} INFO - Setting next_dagrun for example_xcom_args_with_operators to None
[2023-11-04 14:20:33,138] {processor.py:171} INFO - Processing /home/airflow/.local/lib/python3.8/site-packages/airflow/example_dags/example_xcomargs.py took 0.413 seconds
[2023-11-04 14:21:03,399] {processor.py:163} INFO - Started process (PID=981) to work on /home/airflow/.local/lib/python3.8/site-packages/airflow/example_dags/example_xcomargs.py
[2023-11-04 14:21:03,402] {processor.py:642} INFO - Processing file /home/airflow/.local/lib/python3.8/site-packages/airflow/example_dags/example_xcomargs.py for tasks to queue
[2023-11-04 14:21:03,404] {logging_mixin.py:109} INFO - [2023-11-04 14:21:03,403] {dagbag.py:500} INFO - Filling up the DagBag from /home/airflow/.local/lib/python3.8/site-packages/airflow/example_dags/example_xcomargs.py
[2023-11-04 14:21:03,469] {processor.py:654} INFO - DAG(s) dict_keys(['example_xcom_args', 'example_xcom_args_with_operators']) retrieved from /home/airflow/.local/lib/python3.8/site-packages/airflow/example_dags/example_xcomargs.py
[2023-11-04 14:21:03,741] {logging_mixin.py:109} INFO - [2023-11-04 14:21:03,740] {dag.py:2398} INFO - Sync 2 DAGs
[2023-11-04 14:21:03,765] {logging_mixin.py:109} INFO - [2023-11-04 14:21:03,765] {dag.py:2937} INFO - Setting next_dagrun for example_xcom_args to None
[2023-11-04 14:21:03,767] {logging_mixin.py:109} INFO - [2023-11-04 14:21:03,767] {dag.py:2937} INFO - Setting next_dagrun for example_xcom_args_with_operators to None
[2023-11-04 14:21:03,783] {processor.py:171} INFO - Processing /home/airflow/.local/lib/python3.8/site-packages/airflow/example_dags/example_xcomargs.py took 0.390 seconds
[2023-11-04 14:21:34,702] {processor.py:163} INFO - Started process (PID=1032) to work on /home/airflow/.local/lib/python3.8/site-packages/airflow/example_dags/example_xcomargs.py
[2023-11-04 14:21:34,705] {processor.py:642} INFO - Processing file /home/airflow/.local/lib/python3.8/site-packages/airflow/example_dags/example_xcomargs.py for tasks to queue
[2023-11-04 14:21:34,707] {logging_mixin.py:109} INFO - [2023-11-04 14:21:34,707] {dagbag.py:500} INFO - Filling up the DagBag from /home/airflow/.local/lib/python3.8/site-packages/airflow/example_dags/example_xcomargs.py
[2023-11-04 14:21:34,759] {processor.py:654} INFO - DAG(s) dict_keys(['example_xcom_args', 'example_xcom_args_with_operators']) retrieved from /home/airflow/.local/lib/python3.8/site-packages/airflow/example_dags/example_xcomargs.py
[2023-11-04 14:21:35,015] {logging_mixin.py:109} INFO - [2023-11-04 14:21:35,015] {dag.py:2398} INFO - Sync 2 DAGs
[2023-11-04 14:21:35,032] {logging_mixin.py:109} INFO - [2023-11-04 14:21:35,032] {dag.py:2937} INFO - Setting next_dagrun for example_xcom_args to None
[2023-11-04 14:21:35,033] {logging_mixin.py:109} INFO - [2023-11-04 14:21:35,033] {dag.py:2937} INFO - Setting next_dagrun for example_xcom_args_with_operators to None
[2023-11-04 14:21:35,045] {processor.py:171} INFO - Processing /home/airflow/.local/lib/python3.8/site-packages/airflow/example_dags/example_xcomargs.py took 0.350 seconds
[2023-11-04 14:22:05,995] {processor.py:163} INFO - Started process (PID=1089) to work on /home/airflow/.local/lib/python3.8/site-packages/airflow/example_dags/example_xcomargs.py
[2023-11-04 14:22:05,999] {processor.py:642} INFO - Processing file /home/airflow/.local/lib/python3.8/site-packages/airflow/example_dags/example_xcomargs.py for tasks to queue
[2023-11-04 14:22:06,000] {logging_mixin.py:109} INFO - [2023-11-04 14:22:06,000] {dagbag.py:500} INFO - Filling up the DagBag from /home/airflow/.local/lib/python3.8/site-packages/airflow/example_dags/example_xcomargs.py
[2023-11-04 14:22:06,063] {processor.py:654} INFO - DAG(s) dict_keys(['example_xcom_args', 'example_xcom_args_with_operators']) retrieved from /home/airflow/.local/lib/python3.8/site-packages/airflow/example_dags/example_xcomargs.py
[2023-11-04 14:22:06,361] {logging_mixin.py:109} INFO - [2023-11-04 14:22:06,360] {dag.py:2398} INFO - Sync 2 DAGs
[2023-11-04 14:22:06,388] {logging_mixin.py:109} INFO - [2023-11-04 14:22:06,387] {dag.py:2937} INFO - Setting next_dagrun for example_xcom_args to None
[2023-11-04 14:22:06,389] {logging_mixin.py:109} INFO - [2023-11-04 14:22:06,389] {dag.py:2937} INFO - Setting next_dagrun for example_xcom_args_with_operators to None
[2023-11-04 14:22:06,404] {processor.py:171} INFO - Processing /home/airflow/.local/lib/python3.8/site-packages/airflow/example_dags/example_xcomargs.py took 0.417 seconds
[2023-11-04 14:22:37,156] {processor.py:163} INFO - Started process (PID=1139) to work on /home/airflow/.local/lib/python3.8/site-packages/airflow/example_dags/example_xcomargs.py
[2023-11-04 14:22:37,158] {processor.py:642} INFO - Processing file /home/airflow/.local/lib/python3.8/site-packages/airflow/example_dags/example_xcomargs.py for tasks to queue
[2023-11-04 14:22:37,160] {logging_mixin.py:109} INFO - [2023-11-04 14:22:37,160] {dagbag.py:500} INFO - Filling up the DagBag from /home/airflow/.local/lib/python3.8/site-packages/airflow/example_dags/example_xcomargs.py
[2023-11-04 14:22:37,211] {processor.py:654} INFO - DAG(s) dict_keys(['example_xcom_args', 'example_xcom_args_with_operators']) retrieved from /home/airflow/.local/lib/python3.8/site-packages/airflow/example_dags/example_xcomargs.py
[2023-11-04 14:22:37,477] {logging_mixin.py:109} INFO - [2023-11-04 14:22:37,477] {dag.py:2398} INFO - Sync 2 DAGs
[2023-11-04 14:22:37,496] {logging_mixin.py:109} INFO - [2023-11-04 14:22:37,496] {dag.py:2937} INFO - Setting next_dagrun for example_xcom_args to None
[2023-11-04 14:22:37,498] {logging_mixin.py:109} INFO - [2023-11-04 14:22:37,498] {dag.py:2937} INFO - Setting next_dagrun for example_xcom_args_with_operators to None
[2023-11-04 14:22:37,511] {processor.py:171} INFO - Processing /home/airflow/.local/lib/python3.8/site-packages/airflow/example_dags/example_xcomargs.py took 0.364 seconds
[2023-11-04 14:23:08,432] {processor.py:163} INFO - Started process (PID=1188) to work on /home/airflow/.local/lib/python3.8/site-packages/airflow/example_dags/example_xcomargs.py
[2023-11-04 14:23:08,434] {processor.py:642} INFO - Processing file /home/airflow/.local/lib/python3.8/site-packages/airflow/example_dags/example_xcomargs.py for tasks to queue
[2023-11-04 14:23:08,436] {logging_mixin.py:109} INFO - [2023-11-04 14:23:08,435] {dagbag.py:500} INFO - Filling up the DagBag from /home/airflow/.local/lib/python3.8/site-packages/airflow/example_dags/example_xcomargs.py
[2023-11-04 14:23:08,492] {processor.py:654} INFO - DAG(s) dict_keys(['example_xcom_args', 'example_xcom_args_with_operators']) retrieved from /home/airflow/.local/lib/python3.8/site-packages/airflow/example_dags/example_xcomargs.py
[2023-11-04 14:23:08,784] {logging_mixin.py:109} INFO - [2023-11-04 14:23:08,784] {dag.py:2398} INFO - Sync 2 DAGs
[2023-11-04 14:23:08,853] {logging_mixin.py:109} INFO - [2023-11-04 14:23:08,853] {dag.py:2937} INFO - Setting next_dagrun for example_xcom_args to None
[2023-11-04 14:23:08,855] {logging_mixin.py:109} INFO - [2023-11-04 14:23:08,855] {dag.py:2937} INFO - Setting next_dagrun for example_xcom_args_with_operators to None
[2023-11-04 14:23:08,885] {processor.py:171} INFO - Processing /home/airflow/.local/lib/python3.8/site-packages/airflow/example_dags/example_xcomargs.py took 0.460 seconds
[2023-11-04 14:23:39,049] {processor.py:163} INFO - Started process (PID=1245) to work on /home/airflow/.local/lib/python3.8/site-packages/airflow/example_dags/example_xcomargs.py
[2023-11-04 14:23:39,051] {processor.py:642} INFO - Processing file /home/airflow/.local/lib/python3.8/site-packages/airflow/example_dags/example_xcomargs.py for tasks to queue
[2023-11-04 14:23:39,052] {logging_mixin.py:109} INFO - [2023-11-04 14:23:39,052] {dagbag.py:500} INFO - Filling up the DagBag from /home/airflow/.local/lib/python3.8/site-packages/airflow/example_dags/example_xcomargs.py
[2023-11-04 14:23:39,106] {processor.py:654} INFO - DAG(s) dict_keys(['example_xcom_args', 'example_xcom_args_with_operators']) retrieved from /home/airflow/.local/lib/python3.8/site-packages/airflow/example_dags/example_xcomargs.py
[2023-11-04 14:23:39,395] {logging_mixin.py:109} INFO - [2023-11-04 14:23:39,395] {dag.py:2398} INFO - Sync 2 DAGs
[2023-11-04 14:23:39,412] {logging_mixin.py:109} INFO - [2023-11-04 14:23:39,412] {dag.py:2937} INFO - Setting next_dagrun for example_xcom_args to None
[2023-11-04 14:23:39,414] {logging_mixin.py:109} INFO - [2023-11-04 14:23:39,414] {dag.py:2937} INFO - Setting next_dagrun for example_xcom_args_with_operators to None
[2023-11-04 14:23:39,438] {processor.py:171} INFO - Processing /home/airflow/.local/lib/python3.8/site-packages/airflow/example_dags/example_xcomargs.py took 0.397 seconds
[2023-11-04 14:24:09,955] {processor.py:163} INFO - Started process (PID=1294) to work on /home/airflow/.local/lib/python3.8/site-packages/airflow/example_dags/example_xcomargs.py
[2023-11-04 14:24:09,958] {processor.py:642} INFO - Processing file /home/airflow/.local/lib/python3.8/site-packages/airflow/example_dags/example_xcomargs.py for tasks to queue
[2023-11-04 14:24:09,960] {logging_mixin.py:109} INFO - [2023-11-04 14:24:09,960] {dagbag.py:500} INFO - Filling up the DagBag from /home/airflow/.local/lib/python3.8/site-packages/airflow/example_dags/example_xcomargs.py
[2023-11-04 14:24:10,014] {processor.py:654} INFO - DAG(s) dict_keys(['example_xcom_args', 'example_xcom_args_with_operators']) retrieved from /home/airflow/.local/lib/python3.8/site-packages/airflow/example_dags/example_xcomargs.py
[2023-11-04 14:24:10,280] {logging_mixin.py:109} INFO - [2023-11-04 14:24:10,280] {dag.py:2398} INFO - Sync 2 DAGs
[2023-11-04 14:24:10,298] {logging_mixin.py:109} INFO - [2023-11-04 14:24:10,298] {dag.py:2937} INFO - Setting next_dagrun for example_xcom_args to None
[2023-11-04 14:24:10,299] {logging_mixin.py:109} INFO - [2023-11-04 14:24:10,299] {dag.py:2937} INFO - Setting next_dagrun for example_xcom_args_with_operators to None
[2023-11-04 14:24:10,312] {processor.py:171} INFO - Processing /home/airflow/.local/lib/python3.8/site-packages/airflow/example_dags/example_xcomargs.py took 0.363 seconds
[2023-11-04 14:24:40,858] {processor.py:163} INFO - Started process (PID=1351) to work on /home/airflow/.local/lib/python3.8/site-packages/airflow/example_dags/example_xcomargs.py
[2023-11-04 14:24:40,862] {processor.py:642} INFO - Processing file /home/airflow/.local/lib/python3.8/site-packages/airflow/example_dags/example_xcomargs.py for tasks to queue
[2023-11-04 14:24:40,864] {logging_mixin.py:109} INFO - [2023-11-04 14:24:40,864] {dagbag.py:500} INFO - Filling up the DagBag from /home/airflow/.local/lib/python3.8/site-packages/airflow/example_dags/example_xcomargs.py
[2023-11-04 14:24:40,918] {processor.py:654} INFO - DAG(s) dict_keys(['example_xcom_args', 'example_xcom_args_with_operators']) retrieved from /home/airflow/.local/lib/python3.8/site-packages/airflow/example_dags/example_xcomargs.py
[2023-11-04 14:24:41,223] {logging_mixin.py:109} INFO - [2023-11-04 14:24:41,223] {dag.py:2398} INFO - Sync 2 DAGs
[2023-11-04 14:24:41,241] {logging_mixin.py:109} INFO - [2023-11-04 14:24:41,241] {dag.py:2937} INFO - Setting next_dagrun for example_xcom_args to None
[2023-11-04 14:24:41,242] {logging_mixin.py:109} INFO - [2023-11-04 14:24:41,242] {dag.py:2937} INFO - Setting next_dagrun for example_xcom_args_with_operators to None
[2023-11-04 14:24:41,256] {processor.py:171} INFO - Processing /home/airflow/.local/lib/python3.8/site-packages/airflow/example_dags/example_xcomargs.py took 0.407 seconds
[2023-11-04 14:25:12,142] {processor.py:163} INFO - Started process (PID=1400) to work on /home/airflow/.local/lib/python3.8/site-packages/airflow/example_dags/example_xcomargs.py
[2023-11-04 14:25:12,145] {processor.py:642} INFO - Processing file /home/airflow/.local/lib/python3.8/site-packages/airflow/example_dags/example_xcomargs.py for tasks to queue
[2023-11-04 14:25:12,146] {logging_mixin.py:109} INFO - [2023-11-04 14:25:12,146] {dagbag.py:500} INFO - Filling up the DagBag from /home/airflow/.local/lib/python3.8/site-packages/airflow/example_dags/example_xcomargs.py
[2023-11-04 14:25:12,201] {processor.py:654} INFO - DAG(s) dict_keys(['example_xcom_args', 'example_xcom_args_with_operators']) retrieved from /home/airflow/.local/lib/python3.8/site-packages/airflow/example_dags/example_xcomargs.py
[2023-11-04 14:25:12,459] {logging_mixin.py:109} INFO - [2023-11-04 14:25:12,459] {dag.py:2398} INFO - Sync 2 DAGs
[2023-11-04 14:25:12,481] {logging_mixin.py:109} INFO - [2023-11-04 14:25:12,481] {dag.py:2937} INFO - Setting next_dagrun for example_xcom_args to None
[2023-11-04 14:25:12,482] {logging_mixin.py:109} INFO - [2023-11-04 14:25:12,482] {dag.py:2937} INFO - Setting next_dagrun for example_xcom_args_with_operators to None
[2023-11-04 14:25:12,498] {processor.py:171} INFO - Processing /home/airflow/.local/lib/python3.8/site-packages/airflow/example_dags/example_xcomargs.py took 0.362 seconds
[2023-11-04 14:25:42,591] {processor.py:163} INFO - Started process (PID=1457) to work on /home/airflow/.local/lib/python3.8/site-packages/airflow/example_dags/example_xcomargs.py
[2023-11-04 14:25:42,594] {processor.py:642} INFO - Processing file /home/airflow/.local/lib/python3.8/site-packages/airflow/example_dags/example_xcomargs.py for tasks to queue
[2023-11-04 14:25:42,597] {logging_mixin.py:109} INFO - [2023-11-04 14:25:42,596] {dagbag.py:500} INFO - Filling up the DagBag from /home/airflow/.local/lib/python3.8/site-packages/airflow/example_dags/example_xcomargs.py
[2023-11-04 14:25:42,663] {processor.py:654} INFO - DAG(s) dict_keys(['example_xcom_args', 'example_xcom_args_with_operators']) retrieved from /home/airflow/.local/lib/python3.8/site-packages/airflow/example_dags/example_xcomargs.py
[2023-11-04 14:25:42,947] {logging_mixin.py:109} INFO - [2023-11-04 14:25:42,947] {dag.py:2398} INFO - Sync 2 DAGs
[2023-11-04 14:25:42,966] {logging_mixin.py:109} INFO - [2023-11-04 14:25:42,966] {dag.py:2937} INFO - Setting next_dagrun for example_xcom_args to None
[2023-11-04 14:25:42,968] {logging_mixin.py:109} INFO - [2023-11-04 14:25:42,967] {dag.py:2937} INFO - Setting next_dagrun for example_xcom_args_with_operators to None
[2023-11-04 14:25:42,982] {processor.py:171} INFO - Processing /home/airflow/.local/lib/python3.8/site-packages/airflow/example_dags/example_xcomargs.py took 0.399 seconds
[2023-11-04 14:26:13,693] {processor.py:163} INFO - Started process (PID=1506) to work on /home/airflow/.local/lib/python3.8/site-packages/airflow/example_dags/example_xcomargs.py
[2023-11-04 14:26:13,696] {processor.py:642} INFO - Processing file /home/airflow/.local/lib/python3.8/site-packages/airflow/example_dags/example_xcomargs.py for tasks to queue
[2023-11-04 14:26:13,698] {logging_mixin.py:109} INFO - [2023-11-04 14:26:13,697] {dagbag.py:500} INFO - Filling up the DagBag from /home/airflow/.local/lib/python3.8/site-packages/airflow/example_dags/example_xcomargs.py
[2023-11-04 14:26:13,751] {processor.py:654} INFO - DAG(s) dict_keys(['example_xcom_args', 'example_xcom_args_with_operators']) retrieved from /home/airflow/.local/lib/python3.8/site-packages/airflow/example_dags/example_xcomargs.py
[2023-11-04 14:26:14,010] {logging_mixin.py:109} INFO - [2023-11-04 14:26:14,010] {dag.py:2398} INFO - Sync 2 DAGs
[2023-11-04 14:26:14,029] {logging_mixin.py:109} INFO - [2023-11-04 14:26:14,029] {dag.py:2937} INFO - Setting next_dagrun for example_xcom_args to None
[2023-11-04 14:26:14,030] {logging_mixin.py:109} INFO - [2023-11-04 14:26:14,030] {dag.py:2937} INFO - Setting next_dagrun for example_xcom_args_with_operators to None
[2023-11-04 14:26:14,044] {processor.py:171} INFO - Processing /home/airflow/.local/lib/python3.8/site-packages/airflow/example_dags/example_xcomargs.py took 0.357 seconds
[2023-11-04 14:28:07,612] {processor.py:163} INFO - Started process (PID=41) to work on /home/airflow/.local/lib/python3.8/site-packages/airflow/example_dags/example_xcomargs.py
[2023-11-04 14:28:07,616] {processor.py:642} INFO - Processing file /home/airflow/.local/lib/python3.8/site-packages/airflow/example_dags/example_xcomargs.py for tasks to queue
[2023-11-04 14:28:07,619] {logging_mixin.py:109} INFO - [2023-11-04 14:28:07,618] {dagbag.py:500} INFO - Filling up the DagBag from /home/airflow/.local/lib/python3.8/site-packages/airflow/example_dags/example_xcomargs.py
[2023-11-04 14:28:07,713] {processor.py:654} INFO - DAG(s) dict_keys(['example_xcom_args', 'example_xcom_args_with_operators']) retrieved from /home/airflow/.local/lib/python3.8/site-packages/airflow/example_dags/example_xcomargs.py
[2023-11-04 14:28:08,571] {logging_mixin.py:109} INFO - [2023-11-04 14:28:08,571] {dag.py:2398} INFO - Sync 2 DAGs
[2023-11-04 14:28:08,597] {logging_mixin.py:109} INFO - [2023-11-04 14:28:08,597] {dag.py:2937} INFO - Setting next_dagrun for example_xcom_args to None
[2023-11-04 14:28:08,599] {logging_mixin.py:109} INFO - [2023-11-04 14:28:08,599] {dag.py:2937} INFO - Setting next_dagrun for example_xcom_args_with_operators to None
[2023-11-04 14:28:08,624] {processor.py:171} INFO - Processing /home/airflow/.local/lib/python3.8/site-packages/airflow/example_dags/example_xcomargs.py took 1.022 seconds
[2023-11-04 14:28:39,216] {processor.py:163} INFO - Started process (PID=91) to work on /home/airflow/.local/lib/python3.8/site-packages/airflow/example_dags/example_xcomargs.py
[2023-11-04 14:28:39,220] {processor.py:642} INFO - Processing file /home/airflow/.local/lib/python3.8/site-packages/airflow/example_dags/example_xcomargs.py for tasks to queue
[2023-11-04 14:28:39,221] {logging_mixin.py:109} INFO - [2023-11-04 14:28:39,221] {dagbag.py:500} INFO - Filling up the DagBag from /home/airflow/.local/lib/python3.8/site-packages/airflow/example_dags/example_xcomargs.py
[2023-11-04 14:28:39,276] {processor.py:654} INFO - DAG(s) dict_keys(['example_xcom_args', 'example_xcom_args_with_operators']) retrieved from /home/airflow/.local/lib/python3.8/site-packages/airflow/example_dags/example_xcomargs.py
[2023-11-04 14:28:39,531] {logging_mixin.py:109} INFO - [2023-11-04 14:28:39,531] {dag.py:2398} INFO - Sync 2 DAGs
[2023-11-04 14:28:39,550] {logging_mixin.py:109} INFO - [2023-11-04 14:28:39,549] {dag.py:2937} INFO - Setting next_dagrun for example_xcom_args to None
[2023-11-04 14:28:39,551] {logging_mixin.py:109} INFO - [2023-11-04 14:28:39,551] {dag.py:2937} INFO - Setting next_dagrun for example_xcom_args_with_operators to None
[2023-11-04 14:28:39,563] {processor.py:171} INFO - Processing /home/airflow/.local/lib/python3.8/site-packages/airflow/example_dags/example_xcomargs.py took 0.356 seconds
[2023-11-04 14:29:09,753] {processor.py:163} INFO - Started process (PID=148) to work on /home/airflow/.local/lib/python3.8/site-packages/airflow/example_dags/example_xcomargs.py
[2023-11-04 14:29:09,756] {processor.py:642} INFO - Processing file /home/airflow/.local/lib/python3.8/site-packages/airflow/example_dags/example_xcomargs.py for tasks to queue
[2023-11-04 14:29:09,758] {logging_mixin.py:109} INFO - [2023-11-04 14:29:09,757] {dagbag.py:500} INFO - Filling up the DagBag from /home/airflow/.local/lib/python3.8/site-packages/airflow/example_dags/example_xcomargs.py
[2023-11-04 14:29:09,813] {processor.py:654} INFO - DAG(s) dict_keys(['example_xcom_args', 'example_xcom_args_with_operators']) retrieved from /home/airflow/.local/lib/python3.8/site-packages/airflow/example_dags/example_xcomargs.py
[2023-11-04 14:29:10,094] {logging_mixin.py:109} INFO - [2023-11-04 14:29:10,094] {dag.py:2398} INFO - Sync 2 DAGs
[2023-11-04 14:29:10,116] {logging_mixin.py:109} INFO - [2023-11-04 14:29:10,116] {dag.py:2937} INFO - Setting next_dagrun for example_xcom_args to None
[2023-11-04 14:29:10,118] {logging_mixin.py:109} INFO - [2023-11-04 14:29:10,118] {dag.py:2937} INFO - Setting next_dagrun for example_xcom_args_with_operators to None
[2023-11-04 14:29:10,131] {processor.py:171} INFO - Processing /home/airflow/.local/lib/python3.8/site-packages/airflow/example_dags/example_xcomargs.py took 0.383 seconds
[2023-11-04 14:29:40,300] {processor.py:163} INFO - Started process (PID=197) to work on /home/airflow/.local/lib/python3.8/site-packages/airflow/example_dags/example_xcomargs.py
[2023-11-04 14:29:40,302] {processor.py:642} INFO - Processing file /home/airflow/.local/lib/python3.8/site-packages/airflow/example_dags/example_xcomargs.py for tasks to queue
[2023-11-04 14:29:40,304] {logging_mixin.py:109} INFO - [2023-11-04 14:29:40,303] {dagbag.py:500} INFO - Filling up the DagBag from /home/airflow/.local/lib/python3.8/site-packages/airflow/example_dags/example_xcomargs.py
[2023-11-04 14:29:40,357] {processor.py:654} INFO - DAG(s) dict_keys(['example_xcom_args', 'example_xcom_args_with_operators']) retrieved from /home/airflow/.local/lib/python3.8/site-packages/airflow/example_dags/example_xcomargs.py
[2023-11-04 14:29:40,622] {logging_mixin.py:109} INFO - [2023-11-04 14:29:40,622] {dag.py:2398} INFO - Sync 2 DAGs
[2023-11-04 14:29:40,647] {logging_mixin.py:109} INFO - [2023-11-04 14:29:40,647] {dag.py:2937} INFO - Setting next_dagrun for example_xcom_args to None
[2023-11-04 14:29:40,650] {logging_mixin.py:109} INFO - [2023-11-04 14:29:40,650] {dag.py:2937} INFO - Setting next_dagrun for example_xcom_args_with_operators to None
[2023-11-04 14:29:40,667] {processor.py:171} INFO - Processing /home/airflow/.local/lib/python3.8/site-packages/airflow/example_dags/example_xcomargs.py took 0.372 seconds
[2023-11-04 14:30:10,982] {processor.py:163} INFO - Started process (PID=246) to work on /home/airflow/.local/lib/python3.8/site-packages/airflow/example_dags/example_xcomargs.py
[2023-11-04 14:30:10,985] {processor.py:642} INFO - Processing file /home/airflow/.local/lib/python3.8/site-packages/airflow/example_dags/example_xcomargs.py for tasks to queue
[2023-11-04 14:30:10,986] {logging_mixin.py:109} INFO - [2023-11-04 14:30:10,986] {dagbag.py:500} INFO - Filling up the DagBag from /home/airflow/.local/lib/python3.8/site-packages/airflow/example_dags/example_xcomargs.py
[2023-11-04 14:30:11,048] {processor.py:654} INFO - DAG(s) dict_keys(['example_xcom_args', 'example_xcom_args_with_operators']) retrieved from /home/airflow/.local/lib/python3.8/site-packages/airflow/example_dags/example_xcomargs.py
[2023-11-04 14:30:11,338] {logging_mixin.py:109} INFO - [2023-11-04 14:30:11,338] {dag.py:2398} INFO - Sync 2 DAGs
[2023-11-04 14:30:11,373] {logging_mixin.py:109} INFO - [2023-11-04 14:30:11,373] {dag.py:2937} INFO - Setting next_dagrun for example_xcom_args to None
[2023-11-04 14:30:11,375] {logging_mixin.py:109} INFO - [2023-11-04 14:30:11,375] {dag.py:2937} INFO - Setting next_dagrun for example_xcom_args_with_operators to None
[2023-11-04 14:30:11,388] {processor.py:171} INFO - Processing /home/airflow/.local/lib/python3.8/site-packages/airflow/example_dags/example_xcomargs.py took 0.411 seconds
[2023-11-04 14:30:42,310] {processor.py:163} INFO - Started process (PID=302) to work on /home/airflow/.local/lib/python3.8/site-packages/airflow/example_dags/example_xcomargs.py
[2023-11-04 14:30:42,312] {processor.py:642} INFO - Processing file /home/airflow/.local/lib/python3.8/site-packages/airflow/example_dags/example_xcomargs.py for tasks to queue
[2023-11-04 14:30:42,313] {logging_mixin.py:109} INFO - [2023-11-04 14:30:42,313] {dagbag.py:500} INFO - Filling up the DagBag from /home/airflow/.local/lib/python3.8/site-packages/airflow/example_dags/example_xcomargs.py
[2023-11-04 14:30:42,415] {processor.py:654} INFO - DAG(s) dict_keys(['example_xcom_args', 'example_xcom_args_with_operators']) retrieved from /home/airflow/.local/lib/python3.8/site-packages/airflow/example_dags/example_xcomargs.py
[2023-11-04 14:30:42,703] {logging_mixin.py:109} INFO - [2023-11-04 14:30:42,703] {dag.py:2398} INFO - Sync 2 DAGs
[2023-11-04 14:30:42,721] {logging_mixin.py:109} INFO - [2023-11-04 14:30:42,721] {dag.py:2937} INFO - Setting next_dagrun for example_xcom_args to None
[2023-11-04 14:30:42,723] {logging_mixin.py:109} INFO - [2023-11-04 14:30:42,722] {dag.py:2937} INFO - Setting next_dagrun for example_xcom_args_with_operators to None
[2023-11-04 14:30:42,735] {processor.py:171} INFO - Processing /home/airflow/.local/lib/python3.8/site-packages/airflow/example_dags/example_xcomargs.py took 0.431 seconds
