[2023-11-04 13:41:42,746] {processor.py:163} INFO - Started process (PID=227) to work on /home/airflow/.local/lib/python3.8/site-packages/airflow/example_dags/example_external_task_marker_dag.py
[2023-11-04 13:41:42,750] {processor.py:642} INFO - Processing file /home/airflow/.local/lib/python3.8/site-packages/airflow/example_dags/example_external_task_marker_dag.py for tasks to queue
[2023-11-04 13:41:42,752] {logging_mixin.py:109} INFO - [2023-11-04 13:41:42,752] {dagbag.py:500} INFO - Filling up the DagBag from /home/airflow/.local/lib/python3.8/site-packages/airflow/example_dags/example_external_task_marker_dag.py
[2023-11-04 13:41:42,835] {processor.py:654} INFO - DAG(s) dict_keys(['example_external_task_marker_parent', 'example_external_task_marker_child']) retrieved from /home/airflow/.local/lib/python3.8/site-packages/airflow/example_dags/example_external_task_marker_dag.py
[2023-11-04 13:41:44,730] {logging_mixin.py:109} INFO - [2023-11-04 13:41:44,730] {providers_manager.py:154} WARNING - Exception when importing 'airflow.providers.google.common.hooks.base_google.GoogleBaseHook' from 'apache-airflow-providers-google' package: module 'pyparsing' has no attribute 'downcaseTokens'
[2023-11-04 13:41:44,736] {logging_mixin.py:109} INFO - [2023-11-04 13:41:44,736] {providers_manager.py:154} WARNING - Exception when importing 'airflow.providers.google.cloud.hooks.cloud_sql.CloudSQLHook' from 'apache-airflow-providers-google' package: module 'pyparsing' has no attribute 'downcaseTokens'
[2023-11-04 13:41:44,740] {logging_mixin.py:109} INFO - [2023-11-04 13:41:44,740] {providers_manager.py:154} WARNING - Exception when importing 'airflow.providers.google.cloud.hooks.cloud_sql.CloudSQLDatabaseHook' from 'apache-airflow-providers-google' package: module 'pyparsing' has no attribute 'downcaseTokens'
[2023-11-04 13:41:44,889] {logging_mixin.py:109} INFO - [2023-11-04 13:41:44,889] {providers_manager.py:154} WARNING - Exception when importing 'airflow.providers.google.cloud.hooks.bigquery.BigQueryHook' from 'apache-airflow-providers-google' package: module 'pyparsing' has no attribute 'downcaseTokens'
[2023-11-04 13:41:44,894] {logging_mixin.py:109} INFO - [2023-11-04 13:41:44,894] {providers_manager.py:154} WARNING - Exception when importing 'airflow.providers.google.cloud.hooks.compute_ssh.ComputeEngineSSHHook' from 'apache-airflow-providers-google' package: module 'pyparsing' has no attribute 'downcaseTokens'
[2023-11-04 13:41:45,439] {logging_mixin.py:109} INFO - [2023-11-04 13:41:45,439] {providers_manager.py:154} WARNING - Exception when importing 'airflow.providers.google.common.hooks.base_google.GoogleBaseHook' from 'apache-airflow-providers-google' package: module 'pyparsing' has no attribute 'downcaseTokens'
[2023-11-04 13:41:45,443] {logging_mixin.py:109} INFO - [2023-11-04 13:41:45,443] {providers_manager.py:154} WARNING - Exception when importing 'airflow.providers.google.cloud.hooks.cloud_sql.CloudSQLHook' from 'apache-airflow-providers-google' package: module 'pyparsing' has no attribute 'downcaseTokens'
[2023-11-04 13:41:45,447] {logging_mixin.py:109} INFO - [2023-11-04 13:41:45,447] {providers_manager.py:154} WARNING - Exception when importing 'airflow.providers.google.cloud.hooks.cloud_sql.CloudSQLDatabaseHook' from 'apache-airflow-providers-google' package: module 'pyparsing' has no attribute 'downcaseTokens'
[2023-11-04 13:41:45,451] {logging_mixin.py:109} INFO - [2023-11-04 13:41:45,451] {providers_manager.py:154} WARNING - Exception when importing 'airflow.providers.google.cloud.hooks.bigquery.BigQueryHook' from 'apache-airflow-providers-google' package: module 'pyparsing' has no attribute 'downcaseTokens'
[2023-11-04 13:41:45,455] {logging_mixin.py:109} INFO - [2023-11-04 13:41:45,455] {providers_manager.py:154} WARNING - Exception when importing 'airflow.providers.google.cloud.hooks.compute_ssh.ComputeEngineSSHHook' from 'apache-airflow-providers-google' package: module 'pyparsing' has no attribute 'downcaseTokens'
[2023-11-04 13:41:45,481] {logging_mixin.py:109} INFO - [2023-11-04 13:41:45,481] {manager.py:496} INFO - Created Permission View: can read on DAG:example_external_task_marker_parent
[2023-11-04 13:41:45,494] {logging_mixin.py:109} INFO - [2023-11-04 13:41:45,493] {manager.py:496} INFO - Created Permission View: can edit on DAG:example_external_task_marker_parent
[2023-11-04 13:41:45,513] {logging_mixin.py:109} INFO - [2023-11-04 13:41:45,513] {manager.py:496} INFO - Created Permission View: can read on DAG:example_external_task_marker_child
[2023-11-04 13:41:45,523] {logging_mixin.py:109} INFO - [2023-11-04 13:41:45,523] {manager.py:496} INFO - Created Permission View: can edit on DAG:example_external_task_marker_child
[2023-11-04 13:41:45,524] {logging_mixin.py:109} INFO - [2023-11-04 13:41:45,524] {dag.py:2398} INFO - Sync 2 DAGs
[2023-11-04 13:41:45,532] {logging_mixin.py:109} INFO - [2023-11-04 13:41:45,532] {dag.py:2417} INFO - Creating ORM DAG for example_external_task_marker_parent
[2023-11-04 13:41:45,534] {logging_mixin.py:109} INFO - [2023-11-04 13:41:45,534] {dag.py:2417} INFO - Creating ORM DAG for example_external_task_marker_child
[2023-11-04 13:41:45,543] {logging_mixin.py:109} INFO - [2023-11-04 13:41:45,543] {dag.py:2937} INFO - Setting next_dagrun for example_external_task_marker_child to None
[2023-11-04 13:41:45,545] {logging_mixin.py:109} INFO - [2023-11-04 13:41:45,545] {dag.py:2937} INFO - Setting next_dagrun for example_external_task_marker_parent to None
[2023-11-04 13:41:45,559] {processor.py:171} INFO - Processing /home/airflow/.local/lib/python3.8/site-packages/airflow/example_dags/example_external_task_marker_dag.py took 2.818 seconds
[2023-11-04 13:42:16,239] {processor.py:163} INFO - Started process (PID=326) to work on /home/airflow/.local/lib/python3.8/site-packages/airflow/example_dags/example_external_task_marker_dag.py
[2023-11-04 13:42:16,242] {processor.py:642} INFO - Processing file /home/airflow/.local/lib/python3.8/site-packages/airflow/example_dags/example_external_task_marker_dag.py for tasks to queue
[2023-11-04 13:42:16,244] {logging_mixin.py:109} INFO - [2023-11-04 13:42:16,244] {dagbag.py:500} INFO - Filling up the DagBag from /home/airflow/.local/lib/python3.8/site-packages/airflow/example_dags/example_external_task_marker_dag.py
[2023-11-04 13:42:16,301] {processor.py:654} INFO - DAG(s) dict_keys(['example_external_task_marker_parent', 'example_external_task_marker_child']) retrieved from /home/airflow/.local/lib/python3.8/site-packages/airflow/example_dags/example_external_task_marker_dag.py
[2023-11-04 13:42:16,330] {logging_mixin.py:109} INFO - [2023-11-04 13:42:16,330] {dag.py:2398} INFO - Sync 2 DAGs
[2023-11-04 13:42:16,367] {logging_mixin.py:109} INFO - [2023-11-04 13:42:16,367] {dag.py:2937} INFO - Setting next_dagrun for example_external_task_marker_child to None
[2023-11-04 13:42:16,371] {logging_mixin.py:109} INFO - [2023-11-04 13:42:16,371] {dag.py:2937} INFO - Setting next_dagrun for example_external_task_marker_parent to None
[2023-11-04 13:42:16,395] {processor.py:171} INFO - Processing /home/airflow/.local/lib/python3.8/site-packages/airflow/example_dags/example_external_task_marker_dag.py took 0.161 seconds
[2023-11-04 13:42:46,599] {processor.py:163} INFO - Started process (PID=375) to work on /home/airflow/.local/lib/python3.8/site-packages/airflow/example_dags/example_external_task_marker_dag.py
[2023-11-04 13:42:46,602] {processor.py:642} INFO - Processing file /home/airflow/.local/lib/python3.8/site-packages/airflow/example_dags/example_external_task_marker_dag.py for tasks to queue
[2023-11-04 13:42:46,603] {logging_mixin.py:109} INFO - [2023-11-04 13:42:46,603] {dagbag.py:500} INFO - Filling up the DagBag from /home/airflow/.local/lib/python3.8/site-packages/airflow/example_dags/example_external_task_marker_dag.py
[2023-11-04 13:42:46,672] {processor.py:654} INFO - DAG(s) dict_keys(['example_external_task_marker_parent', 'example_external_task_marker_child']) retrieved from /home/airflow/.local/lib/python3.8/site-packages/airflow/example_dags/example_external_task_marker_dag.py
[2023-11-04 13:42:46,692] {logging_mixin.py:109} INFO - [2023-11-04 13:42:46,692] {dag.py:2398} INFO - Sync 2 DAGs
[2023-11-04 13:42:46,715] {logging_mixin.py:109} INFO - [2023-11-04 13:42:46,715] {dag.py:2937} INFO - Setting next_dagrun for example_external_task_marker_child to None
[2023-11-04 13:42:46,717] {logging_mixin.py:109} INFO - [2023-11-04 13:42:46,717] {dag.py:2937} INFO - Setting next_dagrun for example_external_task_marker_parent to None
[2023-11-04 13:42:46,731] {processor.py:171} INFO - Processing /home/airflow/.local/lib/python3.8/site-packages/airflow/example_dags/example_external_task_marker_dag.py took 0.139 seconds
[2023-11-04 13:43:16,942] {processor.py:163} INFO - Started process (PID=432) to work on /home/airflow/.local/lib/python3.8/site-packages/airflow/example_dags/example_external_task_marker_dag.py
[2023-11-04 13:43:16,945] {processor.py:642} INFO - Processing file /home/airflow/.local/lib/python3.8/site-packages/airflow/example_dags/example_external_task_marker_dag.py for tasks to queue
[2023-11-04 13:43:16,947] {logging_mixin.py:109} INFO - [2023-11-04 13:43:16,946] {dagbag.py:500} INFO - Filling up the DagBag from /home/airflow/.local/lib/python3.8/site-packages/airflow/example_dags/example_external_task_marker_dag.py
[2023-11-04 13:43:16,991] {processor.py:654} INFO - DAG(s) dict_keys(['example_external_task_marker_parent', 'example_external_task_marker_child']) retrieved from /home/airflow/.local/lib/python3.8/site-packages/airflow/example_dags/example_external_task_marker_dag.py
[2023-11-04 13:43:17,011] {logging_mixin.py:109} INFO - [2023-11-04 13:43:17,011] {dag.py:2398} INFO - Sync 2 DAGs
[2023-11-04 13:43:17,031] {logging_mixin.py:109} INFO - [2023-11-04 13:43:17,031] {dag.py:2937} INFO - Setting next_dagrun for example_external_task_marker_child to None
[2023-11-04 13:43:17,033] {logging_mixin.py:109} INFO - [2023-11-04 13:43:17,033] {dag.py:2937} INFO - Setting next_dagrun for example_external_task_marker_parent to None
[2023-11-04 13:43:17,046] {processor.py:171} INFO - Processing /home/airflow/.local/lib/python3.8/site-packages/airflow/example_dags/example_external_task_marker_dag.py took 0.109 seconds
[2023-11-04 13:43:47,239] {processor.py:163} INFO - Started process (PID=481) to work on /home/airflow/.local/lib/python3.8/site-packages/airflow/example_dags/example_external_task_marker_dag.py
[2023-11-04 13:43:47,242] {processor.py:642} INFO - Processing file /home/airflow/.local/lib/python3.8/site-packages/airflow/example_dags/example_external_task_marker_dag.py for tasks to queue
[2023-11-04 13:43:47,243] {logging_mixin.py:109} INFO - [2023-11-04 13:43:47,243] {dagbag.py:500} INFO - Filling up the DagBag from /home/airflow/.local/lib/python3.8/site-packages/airflow/example_dags/example_external_task_marker_dag.py
[2023-11-04 13:43:47,288] {processor.py:654} INFO - DAG(s) dict_keys(['example_external_task_marker_parent', 'example_external_task_marker_child']) retrieved from /home/airflow/.local/lib/python3.8/site-packages/airflow/example_dags/example_external_task_marker_dag.py
[2023-11-04 13:43:47,306] {logging_mixin.py:109} INFO - [2023-11-04 13:43:47,306] {dag.py:2398} INFO - Sync 2 DAGs
[2023-11-04 13:43:47,328] {logging_mixin.py:109} INFO - [2023-11-04 13:43:47,328] {dag.py:2937} INFO - Setting next_dagrun for example_external_task_marker_child to None
[2023-11-04 13:43:47,330] {logging_mixin.py:109} INFO - [2023-11-04 13:43:47,330] {dag.py:2937} INFO - Setting next_dagrun for example_external_task_marker_parent to None
[2023-11-04 13:43:47,342] {processor.py:171} INFO - Processing /home/airflow/.local/lib/python3.8/site-packages/airflow/example_dags/example_external_task_marker_dag.py took 0.109 seconds
[2023-11-04 13:44:18,056] {processor.py:163} INFO - Started process (PID=530) to work on /home/airflow/.local/lib/python3.8/site-packages/airflow/example_dags/example_external_task_marker_dag.py
[2023-11-04 13:44:18,065] {processor.py:642} INFO - Processing file /home/airflow/.local/lib/python3.8/site-packages/airflow/example_dags/example_external_task_marker_dag.py for tasks to queue
[2023-11-04 13:44:18,068] {logging_mixin.py:109} INFO - [2023-11-04 13:44:18,068] {dagbag.py:500} INFO - Filling up the DagBag from /home/airflow/.local/lib/python3.8/site-packages/airflow/example_dags/example_external_task_marker_dag.py
[2023-11-04 13:44:18,489] {processor.py:654} INFO - DAG(s) dict_keys(['example_external_task_marker_parent', 'example_external_task_marker_child']) retrieved from /home/airflow/.local/lib/python3.8/site-packages/airflow/example_dags/example_external_task_marker_dag.py
[2023-11-04 13:44:20,315] {logging_mixin.py:109} INFO - [2023-11-04 13:44:20,315] {process_utils.py:237} INFO - Waiting up to 5 seconds for processes to exit...
[2023-11-04 13:59:22,574] {processor.py:163} INFO - Started process (PID=63) to work on /home/airflow/.local/lib/python3.8/site-packages/airflow/example_dags/example_external_task_marker_dag.py
[2023-11-04 13:59:22,577] {processor.py:642} INFO - Processing file /home/airflow/.local/lib/python3.8/site-packages/airflow/example_dags/example_external_task_marker_dag.py for tasks to queue
[2023-11-04 13:59:22,579] {logging_mixin.py:109} INFO - [2023-11-04 13:59:22,579] {dagbag.py:500} INFO - Filling up the DagBag from /home/airflow/.local/lib/python3.8/site-packages/airflow/example_dags/example_external_task_marker_dag.py
[2023-11-04 13:59:22,647] {processor.py:654} INFO - DAG(s) dict_keys(['example_external_task_marker_parent', 'example_external_task_marker_child']) retrieved from /home/airflow/.local/lib/python3.8/site-packages/airflow/example_dags/example_external_task_marker_dag.py
[2023-11-04 13:59:22,669] {logging_mixin.py:109} INFO - [2023-11-04 13:59:22,669] {dag.py:2398} INFO - Sync 2 DAGs
[2023-11-04 13:59:22,692] {logging_mixin.py:109} INFO - [2023-11-04 13:59:22,692] {dag.py:2937} INFO - Setting next_dagrun for example_external_task_marker_child to None
[2023-11-04 13:59:22,694] {logging_mixin.py:109} INFO - [2023-11-04 13:59:22,693] {dag.py:2937} INFO - Setting next_dagrun for example_external_task_marker_parent to None
[2023-11-04 13:59:22,710] {processor.py:171} INFO - Processing /home/airflow/.local/lib/python3.8/site-packages/airflow/example_dags/example_external_task_marker_dag.py took 0.143 seconds
[2023-11-04 13:59:53,721] {processor.py:163} INFO - Started process (PID=120) to work on /home/airflow/.local/lib/python3.8/site-packages/airflow/example_dags/example_external_task_marker_dag.py
[2023-11-04 13:59:53,724] {processor.py:642} INFO - Processing file /home/airflow/.local/lib/python3.8/site-packages/airflow/example_dags/example_external_task_marker_dag.py for tasks to queue
[2023-11-04 13:59:53,726] {logging_mixin.py:109} INFO - [2023-11-04 13:59:53,725] {dagbag.py:500} INFO - Filling up the DagBag from /home/airflow/.local/lib/python3.8/site-packages/airflow/example_dags/example_external_task_marker_dag.py
[2023-11-04 13:59:53,775] {processor.py:654} INFO - DAG(s) dict_keys(['example_external_task_marker_parent', 'example_external_task_marker_child']) retrieved from /home/airflow/.local/lib/python3.8/site-packages/airflow/example_dags/example_external_task_marker_dag.py
[2023-11-04 13:59:53,795] {logging_mixin.py:109} INFO - [2023-11-04 13:59:53,794] {dag.py:2398} INFO - Sync 2 DAGs
[2023-11-04 13:59:53,816] {logging_mixin.py:109} INFO - [2023-11-04 13:59:53,816] {dag.py:2937} INFO - Setting next_dagrun for example_external_task_marker_child to None
[2023-11-04 13:59:53,817] {logging_mixin.py:109} INFO - [2023-11-04 13:59:53,817] {dag.py:2937} INFO - Setting next_dagrun for example_external_task_marker_parent to None
[2023-11-04 13:59:53,831] {processor.py:171} INFO - Processing /home/airflow/.local/lib/python3.8/site-packages/airflow/example_dags/example_external_task_marker_dag.py took 0.115 seconds
[2023-11-04 14:00:24,018] {processor.py:163} INFO - Started process (PID=185) to work on /home/airflow/.local/lib/python3.8/site-packages/airflow/example_dags/example_external_task_marker_dag.py
[2023-11-04 14:00:24,021] {processor.py:642} INFO - Processing file /home/airflow/.local/lib/python3.8/site-packages/airflow/example_dags/example_external_task_marker_dag.py for tasks to queue
[2023-11-04 14:00:24,023] {logging_mixin.py:109} INFO - [2023-11-04 14:00:24,022] {dagbag.py:500} INFO - Filling up the DagBag from /home/airflow/.local/lib/python3.8/site-packages/airflow/example_dags/example_external_task_marker_dag.py
[2023-11-04 14:00:24,076] {processor.py:654} INFO - DAG(s) dict_keys(['example_external_task_marker_parent', 'example_external_task_marker_child']) retrieved from /home/airflow/.local/lib/python3.8/site-packages/airflow/example_dags/example_external_task_marker_dag.py
[2023-11-04 14:00:24,094] {logging_mixin.py:109} INFO - [2023-11-04 14:00:24,094] {dag.py:2398} INFO - Sync 2 DAGs
[2023-11-04 14:00:24,116] {logging_mixin.py:109} INFO - [2023-11-04 14:00:24,116] {dag.py:2937} INFO - Setting next_dagrun for example_external_task_marker_child to None
[2023-11-04 14:00:24,118] {logging_mixin.py:109} INFO - [2023-11-04 14:00:24,118] {dag.py:2937} INFO - Setting next_dagrun for example_external_task_marker_parent to None
[2023-11-04 14:00:24,135] {processor.py:171} INFO - Processing /home/airflow/.local/lib/python3.8/site-packages/airflow/example_dags/example_external_task_marker_dag.py took 0.123 seconds
[2023-11-04 14:00:54,900] {processor.py:163} INFO - Started process (PID=234) to work on /home/airflow/.local/lib/python3.8/site-packages/airflow/example_dags/example_external_task_marker_dag.py
[2023-11-04 14:00:54,903] {processor.py:642} INFO - Processing file /home/airflow/.local/lib/python3.8/site-packages/airflow/example_dags/example_external_task_marker_dag.py for tasks to queue
[2023-11-04 14:00:54,904] {logging_mixin.py:109} INFO - [2023-11-04 14:00:54,904] {dagbag.py:500} INFO - Filling up the DagBag from /home/airflow/.local/lib/python3.8/site-packages/airflow/example_dags/example_external_task_marker_dag.py
[2023-11-04 14:00:54,948] {processor.py:654} INFO - DAG(s) dict_keys(['example_external_task_marker_parent', 'example_external_task_marker_child']) retrieved from /home/airflow/.local/lib/python3.8/site-packages/airflow/example_dags/example_external_task_marker_dag.py
[2023-11-04 14:00:54,966] {logging_mixin.py:109} INFO - [2023-11-04 14:00:54,966] {dag.py:2398} INFO - Sync 2 DAGs
[2023-11-04 14:00:54,986] {logging_mixin.py:109} INFO - [2023-11-04 14:00:54,986] {dag.py:2937} INFO - Setting next_dagrun for example_external_task_marker_child to None
[2023-11-04 14:00:54,987] {logging_mixin.py:109} INFO - [2023-11-04 14:00:54,987] {dag.py:2937} INFO - Setting next_dagrun for example_external_task_marker_parent to None
[2023-11-04 14:00:54,999] {processor.py:171} INFO - Processing /home/airflow/.local/lib/python3.8/site-packages/airflow/example_dags/example_external_task_marker_dag.py took 0.105 seconds
[2023-11-04 14:01:25,653] {processor.py:163} INFO - Started process (PID=291) to work on /home/airflow/.local/lib/python3.8/site-packages/airflow/example_dags/example_external_task_marker_dag.py
[2023-11-04 14:01:25,662] {processor.py:642} INFO - Processing file /home/airflow/.local/lib/python3.8/site-packages/airflow/example_dags/example_external_task_marker_dag.py for tasks to queue
[2023-11-04 14:01:25,664] {logging_mixin.py:109} INFO - [2023-11-04 14:01:25,664] {dagbag.py:500} INFO - Filling up the DagBag from /home/airflow/.local/lib/python3.8/site-packages/airflow/example_dags/example_external_task_marker_dag.py
[2023-11-04 14:01:25,718] {processor.py:654} INFO - DAG(s) dict_keys(['example_external_task_marker_parent', 'example_external_task_marker_child']) retrieved from /home/airflow/.local/lib/python3.8/site-packages/airflow/example_dags/example_external_task_marker_dag.py
[2023-11-04 14:01:25,735] {logging_mixin.py:109} INFO - [2023-11-04 14:01:25,735] {dag.py:2398} INFO - Sync 2 DAGs
[2023-11-04 14:01:25,763] {logging_mixin.py:109} INFO - [2023-11-04 14:01:25,763] {dag.py:2937} INFO - Setting next_dagrun for example_external_task_marker_child to None
[2023-11-04 14:01:25,765] {logging_mixin.py:109} INFO - [2023-11-04 14:01:25,764] {dag.py:2937} INFO - Setting next_dagrun for example_external_task_marker_parent to None
[2023-11-04 14:01:25,776] {processor.py:171} INFO - Processing /home/airflow/.local/lib/python3.8/site-packages/airflow/example_dags/example_external_task_marker_dag.py took 0.134 seconds
[2023-11-04 14:01:56,041] {processor.py:163} INFO - Started process (PID=340) to work on /home/airflow/.local/lib/python3.8/site-packages/airflow/example_dags/example_external_task_marker_dag.py
[2023-11-04 14:01:56,044] {processor.py:642} INFO - Processing file /home/airflow/.local/lib/python3.8/site-packages/airflow/example_dags/example_external_task_marker_dag.py for tasks to queue
[2023-11-04 14:01:56,046] {logging_mixin.py:109} INFO - [2023-11-04 14:01:56,045] {dagbag.py:500} INFO - Filling up the DagBag from /home/airflow/.local/lib/python3.8/site-packages/airflow/example_dags/example_external_task_marker_dag.py
[2023-11-04 14:01:56,094] {processor.py:654} INFO - DAG(s) dict_keys(['example_external_task_marker_parent', 'example_external_task_marker_child']) retrieved from /home/airflow/.local/lib/python3.8/site-packages/airflow/example_dags/example_external_task_marker_dag.py
[2023-11-04 14:01:56,111] {logging_mixin.py:109} INFO - [2023-11-04 14:01:56,111] {dag.py:2398} INFO - Sync 2 DAGs
[2023-11-04 14:01:56,131] {logging_mixin.py:109} INFO - [2023-11-04 14:01:56,131] {dag.py:2937} INFO - Setting next_dagrun for example_external_task_marker_child to None
[2023-11-04 14:01:56,132] {logging_mixin.py:109} INFO - [2023-11-04 14:01:56,132] {dag.py:2937} INFO - Setting next_dagrun for example_external_task_marker_parent to None
[2023-11-04 14:01:56,146] {processor.py:171} INFO - Processing /home/airflow/.local/lib/python3.8/site-packages/airflow/example_dags/example_external_task_marker_dag.py took 0.110 seconds
[2023-11-04 14:02:26,752] {processor.py:163} INFO - Started process (PID=389) to work on /home/airflow/.local/lib/python3.8/site-packages/airflow/example_dags/example_external_task_marker_dag.py
[2023-11-04 14:02:26,754] {processor.py:642} INFO - Processing file /home/airflow/.local/lib/python3.8/site-packages/airflow/example_dags/example_external_task_marker_dag.py for tasks to queue
[2023-11-04 14:02:26,756] {logging_mixin.py:109} INFO - [2023-11-04 14:02:26,756] {dagbag.py:500} INFO - Filling up the DagBag from /home/airflow/.local/lib/python3.8/site-packages/airflow/example_dags/example_external_task_marker_dag.py
[2023-11-04 14:02:26,807] {processor.py:654} INFO - DAG(s) dict_keys(['example_external_task_marker_parent', 'example_external_task_marker_child']) retrieved from /home/airflow/.local/lib/python3.8/site-packages/airflow/example_dags/example_external_task_marker_dag.py
[2023-11-04 14:02:26,827] {logging_mixin.py:109} INFO - [2023-11-04 14:02:26,827] {dag.py:2398} INFO - Sync 2 DAGs
[2023-11-04 14:02:26,848] {logging_mixin.py:109} INFO - [2023-11-04 14:02:26,847] {dag.py:2937} INFO - Setting next_dagrun for example_external_task_marker_child to None
[2023-11-04 14:02:26,849] {logging_mixin.py:109} INFO - [2023-11-04 14:02:26,849] {dag.py:2937} INFO - Setting next_dagrun for example_external_task_marker_parent to None
[2023-11-04 14:02:26,862] {processor.py:171} INFO - Processing /home/airflow/.local/lib/python3.8/site-packages/airflow/example_dags/example_external_task_marker_dag.py took 0.117 seconds
[2023-11-04 14:04:48,635] {processor.py:163} INFO - Started process (PID=58) to work on /home/airflow/.local/lib/python3.8/site-packages/airflow/example_dags/example_external_task_marker_dag.py
[2023-11-04 14:04:48,637] {processor.py:642} INFO - Processing file /home/airflow/.local/lib/python3.8/site-packages/airflow/example_dags/example_external_task_marker_dag.py for tasks to queue
[2023-11-04 14:04:48,639] {logging_mixin.py:109} INFO - [2023-11-04 14:04:48,639] {dagbag.py:500} INFO - Filling up the DagBag from /home/airflow/.local/lib/python3.8/site-packages/airflow/example_dags/example_external_task_marker_dag.py
[2023-11-04 14:04:48,690] {processor.py:654} INFO - DAG(s) dict_keys(['example_external_task_marker_parent', 'example_external_task_marker_child']) retrieved from /home/airflow/.local/lib/python3.8/site-packages/airflow/example_dags/example_external_task_marker_dag.py
[2023-11-04 14:04:48,711] {logging_mixin.py:109} INFO - [2023-11-04 14:04:48,711] {dag.py:2398} INFO - Sync 2 DAGs
[2023-11-04 14:04:48,732] {logging_mixin.py:109} INFO - [2023-11-04 14:04:48,732] {dag.py:2937} INFO - Setting next_dagrun for example_external_task_marker_child to None
[2023-11-04 14:04:48,734] {logging_mixin.py:109} INFO - [2023-11-04 14:04:48,733] {dag.py:2937} INFO - Setting next_dagrun for example_external_task_marker_parent to None
[2023-11-04 14:04:48,746] {processor.py:171} INFO - Processing /home/airflow/.local/lib/python3.8/site-packages/airflow/example_dags/example_external_task_marker_dag.py took 0.116 seconds
[2023-11-04 14:05:19,910] {processor.py:163} INFO - Started process (PID=114) to work on /home/airflow/.local/lib/python3.8/site-packages/airflow/example_dags/example_external_task_marker_dag.py
[2023-11-04 14:05:19,913] {processor.py:642} INFO - Processing file /home/airflow/.local/lib/python3.8/site-packages/airflow/example_dags/example_external_task_marker_dag.py for tasks to queue
[2023-11-04 14:05:19,915] {logging_mixin.py:109} INFO - [2023-11-04 14:05:19,915] {dagbag.py:500} INFO - Filling up the DagBag from /home/airflow/.local/lib/python3.8/site-packages/airflow/example_dags/example_external_task_marker_dag.py
[2023-11-04 14:05:19,986] {processor.py:654} INFO - DAG(s) dict_keys(['example_external_task_marker_parent', 'example_external_task_marker_child']) retrieved from /home/airflow/.local/lib/python3.8/site-packages/airflow/example_dags/example_external_task_marker_dag.py
[2023-11-04 14:05:20,014] {logging_mixin.py:109} INFO - [2023-11-04 14:05:20,014] {dag.py:2398} INFO - Sync 2 DAGs
[2023-11-04 14:05:20,043] {logging_mixin.py:109} INFO - [2023-11-04 14:05:20,043] {dag.py:2937} INFO - Setting next_dagrun for example_external_task_marker_child to None
[2023-11-04 14:05:20,044] {logging_mixin.py:109} INFO - [2023-11-04 14:05:20,044] {dag.py:2937} INFO - Setting next_dagrun for example_external_task_marker_parent to None
[2023-11-04 14:05:20,060] {processor.py:171} INFO - Processing /home/airflow/.local/lib/python3.8/site-packages/airflow/example_dags/example_external_task_marker_dag.py took 0.158 seconds
[2023-11-04 14:05:50,521] {processor.py:163} INFO - Started process (PID=163) to work on /home/airflow/.local/lib/python3.8/site-packages/airflow/example_dags/example_external_task_marker_dag.py
[2023-11-04 14:05:50,524] {processor.py:642} INFO - Processing file /home/airflow/.local/lib/python3.8/site-packages/airflow/example_dags/example_external_task_marker_dag.py for tasks to queue
[2023-11-04 14:05:50,525] {logging_mixin.py:109} INFO - [2023-11-04 14:05:50,525] {dagbag.py:500} INFO - Filling up the DagBag from /home/airflow/.local/lib/python3.8/site-packages/airflow/example_dags/example_external_task_marker_dag.py
[2023-11-04 14:05:50,572] {processor.py:654} INFO - DAG(s) dict_keys(['example_external_task_marker_parent', 'example_external_task_marker_child']) retrieved from /home/airflow/.local/lib/python3.8/site-packages/airflow/example_dags/example_external_task_marker_dag.py
[2023-11-04 14:05:50,592] {logging_mixin.py:109} INFO - [2023-11-04 14:05:50,592] {dag.py:2398} INFO - Sync 2 DAGs
[2023-11-04 14:05:50,613] {logging_mixin.py:109} INFO - [2023-11-04 14:05:50,613] {dag.py:2937} INFO - Setting next_dagrun for example_external_task_marker_child to None
[2023-11-04 14:05:50,614] {logging_mixin.py:109} INFO - [2023-11-04 14:05:50,614] {dag.py:2937} INFO - Setting next_dagrun for example_external_task_marker_parent to None
[2023-11-04 14:05:50,627] {processor.py:171} INFO - Processing /home/airflow/.local/lib/python3.8/site-packages/airflow/example_dags/example_external_task_marker_dag.py took 0.111 seconds
[2023-11-04 14:06:21,060] {processor.py:163} INFO - Started process (PID=212) to work on /home/airflow/.local/lib/python3.8/site-packages/airflow/example_dags/example_external_task_marker_dag.py
[2023-11-04 14:06:21,062] {processor.py:642} INFO - Processing file /home/airflow/.local/lib/python3.8/site-packages/airflow/example_dags/example_external_task_marker_dag.py for tasks to queue
[2023-11-04 14:06:21,065] {logging_mixin.py:109} INFO - [2023-11-04 14:06:21,064] {dagbag.py:500} INFO - Filling up the DagBag from /home/airflow/.local/lib/python3.8/site-packages/airflow/example_dags/example_external_task_marker_dag.py
[2023-11-04 14:06:21,109] {processor.py:654} INFO - DAG(s) dict_keys(['example_external_task_marker_parent', 'example_external_task_marker_child']) retrieved from /home/airflow/.local/lib/python3.8/site-packages/airflow/example_dags/example_external_task_marker_dag.py
[2023-11-04 14:06:21,127] {logging_mixin.py:109} INFO - [2023-11-04 14:06:21,127] {dag.py:2398} INFO - Sync 2 DAGs
[2023-11-04 14:06:21,147] {logging_mixin.py:109} INFO - [2023-11-04 14:06:21,147] {dag.py:2937} INFO - Setting next_dagrun for example_external_task_marker_child to None
[2023-11-04 14:06:21,149] {logging_mixin.py:109} INFO - [2023-11-04 14:06:21,148] {dag.py:2937} INFO - Setting next_dagrun for example_external_task_marker_parent to None
[2023-11-04 14:06:21,160] {processor.py:171} INFO - Processing /home/airflow/.local/lib/python3.8/site-packages/airflow/example_dags/example_external_task_marker_dag.py took 0.105 seconds
[2023-11-04 14:06:51,536] {processor.py:163} INFO - Started process (PID=269) to work on /home/airflow/.local/lib/python3.8/site-packages/airflow/example_dags/example_external_task_marker_dag.py
[2023-11-04 14:06:51,538] {processor.py:642} INFO - Processing file /home/airflow/.local/lib/python3.8/site-packages/airflow/example_dags/example_external_task_marker_dag.py for tasks to queue
[2023-11-04 14:06:51,540] {logging_mixin.py:109} INFO - [2023-11-04 14:06:51,540] {dagbag.py:500} INFO - Filling up the DagBag from /home/airflow/.local/lib/python3.8/site-packages/airflow/example_dags/example_external_task_marker_dag.py
[2023-11-04 14:06:51,585] {processor.py:654} INFO - DAG(s) dict_keys(['example_external_task_marker_parent', 'example_external_task_marker_child']) retrieved from /home/airflow/.local/lib/python3.8/site-packages/airflow/example_dags/example_external_task_marker_dag.py
[2023-11-04 14:06:51,604] {logging_mixin.py:109} INFO - [2023-11-04 14:06:51,603] {dag.py:2398} INFO - Sync 2 DAGs
[2023-11-04 14:06:51,625] {logging_mixin.py:109} INFO - [2023-11-04 14:06:51,625] {dag.py:2937} INFO - Setting next_dagrun for example_external_task_marker_child to None
[2023-11-04 14:06:51,626] {logging_mixin.py:109} INFO - [2023-11-04 14:06:51,626] {dag.py:2937} INFO - Setting next_dagrun for example_external_task_marker_parent to None
[2023-11-04 14:06:51,638] {processor.py:171} INFO - Processing /home/airflow/.local/lib/python3.8/site-packages/airflow/example_dags/example_external_task_marker_dag.py took 0.107 seconds
[2023-11-04 14:07:21,745] {processor.py:163} INFO - Started process (PID=318) to work on /home/airflow/.local/lib/python3.8/site-packages/airflow/example_dags/example_external_task_marker_dag.py
[2023-11-04 14:07:21,748] {processor.py:642} INFO - Processing file /home/airflow/.local/lib/python3.8/site-packages/airflow/example_dags/example_external_task_marker_dag.py for tasks to queue
[2023-11-04 14:07:21,750] {logging_mixin.py:109} INFO - [2023-11-04 14:07:21,750] {dagbag.py:500} INFO - Filling up the DagBag from /home/airflow/.local/lib/python3.8/site-packages/airflow/example_dags/example_external_task_marker_dag.py
[2023-11-04 14:07:21,820] {processor.py:654} INFO - DAG(s) dict_keys(['example_external_task_marker_parent', 'example_external_task_marker_child']) retrieved from /home/airflow/.local/lib/python3.8/site-packages/airflow/example_dags/example_external_task_marker_dag.py
[2023-11-04 14:07:21,838] {logging_mixin.py:109} INFO - [2023-11-04 14:07:21,838] {dag.py:2398} INFO - Sync 2 DAGs
[2023-11-04 14:07:21,858] {logging_mixin.py:109} INFO - [2023-11-04 14:07:21,858] {dag.py:2937} INFO - Setting next_dagrun for example_external_task_marker_child to None
[2023-11-04 14:07:21,859] {logging_mixin.py:109} INFO - [2023-11-04 14:07:21,859] {dag.py:2937} INFO - Setting next_dagrun for example_external_task_marker_parent to None
[2023-11-04 14:07:21,872] {processor.py:171} INFO - Processing /home/airflow/.local/lib/python3.8/site-packages/airflow/example_dags/example_external_task_marker_dag.py took 0.133 seconds
[2023-11-04 14:07:52,413] {processor.py:163} INFO - Started process (PID=365) to work on /home/airflow/.local/lib/python3.8/site-packages/airflow/example_dags/example_external_task_marker_dag.py
[2023-11-04 14:07:52,418] {processor.py:642} INFO - Processing file /home/airflow/.local/lib/python3.8/site-packages/airflow/example_dags/example_external_task_marker_dag.py for tasks to queue
[2023-11-04 14:07:52,420] {logging_mixin.py:109} INFO - [2023-11-04 14:07:52,420] {dagbag.py:500} INFO - Filling up the DagBag from /home/airflow/.local/lib/python3.8/site-packages/airflow/example_dags/example_external_task_marker_dag.py
[2023-11-04 14:07:52,469] {processor.py:654} INFO - DAG(s) dict_keys(['example_external_task_marker_parent', 'example_external_task_marker_child']) retrieved from /home/airflow/.local/lib/python3.8/site-packages/airflow/example_dags/example_external_task_marker_dag.py
[2023-11-04 14:07:52,486] {logging_mixin.py:109} INFO - [2023-11-04 14:07:52,486] {dag.py:2398} INFO - Sync 2 DAGs
[2023-11-04 14:07:52,506] {logging_mixin.py:109} INFO - [2023-11-04 14:07:52,506] {dag.py:2937} INFO - Setting next_dagrun for example_external_task_marker_child to None
[2023-11-04 14:07:52,507] {logging_mixin.py:109} INFO - [2023-11-04 14:07:52,507] {dag.py:2937} INFO - Setting next_dagrun for example_external_task_marker_parent to None
[2023-11-04 14:07:52,518] {processor.py:171} INFO - Processing /home/airflow/.local/lib/python3.8/site-packages/airflow/example_dags/example_external_task_marker_dag.py took 0.109 seconds
[2023-11-04 14:08:23,699] {processor.py:163} INFO - Started process (PID=423) to work on /home/airflow/.local/lib/python3.8/site-packages/airflow/example_dags/example_external_task_marker_dag.py
[2023-11-04 14:08:23,702] {processor.py:642} INFO - Processing file /home/airflow/.local/lib/python3.8/site-packages/airflow/example_dags/example_external_task_marker_dag.py for tasks to queue
[2023-11-04 14:08:23,703] {logging_mixin.py:109} INFO - [2023-11-04 14:08:23,703] {dagbag.py:500} INFO - Filling up the DagBag from /home/airflow/.local/lib/python3.8/site-packages/airflow/example_dags/example_external_task_marker_dag.py
[2023-11-04 14:08:23,747] {processor.py:654} INFO - DAG(s) dict_keys(['example_external_task_marker_parent', 'example_external_task_marker_child']) retrieved from /home/airflow/.local/lib/python3.8/site-packages/airflow/example_dags/example_external_task_marker_dag.py
[2023-11-04 14:08:23,765] {logging_mixin.py:109} INFO - [2023-11-04 14:08:23,765] {dag.py:2398} INFO - Sync 2 DAGs
[2023-11-04 14:08:23,785] {logging_mixin.py:109} INFO - [2023-11-04 14:08:23,785] {dag.py:2937} INFO - Setting next_dagrun for example_external_task_marker_child to None
[2023-11-04 14:08:23,787] {logging_mixin.py:109} INFO - [2023-11-04 14:08:23,787] {dag.py:2937} INFO - Setting next_dagrun for example_external_task_marker_parent to None
[2023-11-04 14:08:23,798] {processor.py:171} INFO - Processing /home/airflow/.local/lib/python3.8/site-packages/airflow/example_dags/example_external_task_marker_dag.py took 0.104 seconds
[2023-11-04 14:08:54,008] {processor.py:163} INFO - Started process (PID=471) to work on /home/airflow/.local/lib/python3.8/site-packages/airflow/example_dags/example_external_task_marker_dag.py
[2023-11-04 14:08:54,011] {processor.py:642} INFO - Processing file /home/airflow/.local/lib/python3.8/site-packages/airflow/example_dags/example_external_task_marker_dag.py for tasks to queue
[2023-11-04 14:08:54,013] {logging_mixin.py:109} INFO - [2023-11-04 14:08:54,013] {dagbag.py:500} INFO - Filling up the DagBag from /home/airflow/.local/lib/python3.8/site-packages/airflow/example_dags/example_external_task_marker_dag.py
[2023-11-04 14:08:54,061] {processor.py:654} INFO - DAG(s) dict_keys(['example_external_task_marker_parent', 'example_external_task_marker_child']) retrieved from /home/airflow/.local/lib/python3.8/site-packages/airflow/example_dags/example_external_task_marker_dag.py
[2023-11-04 14:08:54,079] {logging_mixin.py:109} INFO - [2023-11-04 14:08:54,079] {dag.py:2398} INFO - Sync 2 DAGs
[2023-11-04 14:08:54,101] {logging_mixin.py:109} INFO - [2023-11-04 14:08:54,101] {dag.py:2937} INFO - Setting next_dagrun for example_external_task_marker_child to None
[2023-11-04 14:08:54,103] {logging_mixin.py:109} INFO - [2023-11-04 14:08:54,103] {dag.py:2937} INFO - Setting next_dagrun for example_external_task_marker_parent to None
[2023-11-04 14:08:54,114] {processor.py:171} INFO - Processing /home/airflow/.local/lib/python3.8/site-packages/airflow/example_dags/example_external_task_marker_dag.py took 0.111 seconds
[2023-11-04 14:09:24,363] {processor.py:163} INFO - Started process (PID=528) to work on /home/airflow/.local/lib/python3.8/site-packages/airflow/example_dags/example_external_task_marker_dag.py
[2023-11-04 14:09:24,366] {processor.py:642} INFO - Processing file /home/airflow/.local/lib/python3.8/site-packages/airflow/example_dags/example_external_task_marker_dag.py for tasks to queue
[2023-11-04 14:09:24,368] {logging_mixin.py:109} INFO - [2023-11-04 14:09:24,367] {dagbag.py:500} INFO - Filling up the DagBag from /home/airflow/.local/lib/python3.8/site-packages/airflow/example_dags/example_external_task_marker_dag.py
[2023-11-04 14:09:24,421] {processor.py:654} INFO - DAG(s) dict_keys(['example_external_task_marker_parent', 'example_external_task_marker_child']) retrieved from /home/airflow/.local/lib/python3.8/site-packages/airflow/example_dags/example_external_task_marker_dag.py
[2023-11-04 14:09:24,443] {logging_mixin.py:109} INFO - [2023-11-04 14:09:24,443] {dag.py:2398} INFO - Sync 2 DAGs
[2023-11-04 14:09:24,477] {logging_mixin.py:109} INFO - [2023-11-04 14:09:24,477] {dag.py:2937} INFO - Setting next_dagrun for example_external_task_marker_child to None
[2023-11-04 14:09:24,479] {logging_mixin.py:109} INFO - [2023-11-04 14:09:24,479] {dag.py:2937} INFO - Setting next_dagrun for example_external_task_marker_parent to None
[2023-11-04 14:09:24,494] {processor.py:171} INFO - Processing /home/airflow/.local/lib/python3.8/site-packages/airflow/example_dags/example_external_task_marker_dag.py took 0.136 seconds
[2023-11-04 14:09:55,436] {processor.py:163} INFO - Started process (PID=577) to work on /home/airflow/.local/lib/python3.8/site-packages/airflow/example_dags/example_external_task_marker_dag.py
[2023-11-04 14:09:55,439] {processor.py:642} INFO - Processing file /home/airflow/.local/lib/python3.8/site-packages/airflow/example_dags/example_external_task_marker_dag.py for tasks to queue
[2023-11-04 14:09:55,440] {logging_mixin.py:109} INFO - [2023-11-04 14:09:55,440] {dagbag.py:500} INFO - Filling up the DagBag from /home/airflow/.local/lib/python3.8/site-packages/airflow/example_dags/example_external_task_marker_dag.py
[2023-11-04 14:09:55,487] {processor.py:654} INFO - DAG(s) dict_keys(['example_external_task_marker_parent', 'example_external_task_marker_child']) retrieved from /home/airflow/.local/lib/python3.8/site-packages/airflow/example_dags/example_external_task_marker_dag.py
[2023-11-04 14:09:55,506] {logging_mixin.py:109} INFO - [2023-11-04 14:09:55,506] {dag.py:2398} INFO - Sync 2 DAGs
[2023-11-04 14:09:55,527] {logging_mixin.py:109} INFO - [2023-11-04 14:09:55,527] {dag.py:2937} INFO - Setting next_dagrun for example_external_task_marker_child to None
[2023-11-04 14:09:55,529] {logging_mixin.py:109} INFO - [2023-11-04 14:09:55,529] {dag.py:2937} INFO - Setting next_dagrun for example_external_task_marker_parent to None
[2023-11-04 14:09:55,540] {processor.py:171} INFO - Processing /home/airflow/.local/lib/python3.8/site-packages/airflow/example_dags/example_external_task_marker_dag.py took 0.109 seconds
[2023-11-04 14:10:26,676] {processor.py:163} INFO - Started process (PID=626) to work on /home/airflow/.local/lib/python3.8/site-packages/airflow/example_dags/example_external_task_marker_dag.py
[2023-11-04 14:10:26,684] {processor.py:642} INFO - Processing file /home/airflow/.local/lib/python3.8/site-packages/airflow/example_dags/example_external_task_marker_dag.py for tasks to queue
[2023-11-04 14:10:26,692] {logging_mixin.py:109} INFO - [2023-11-04 14:10:26,692] {dagbag.py:500} INFO - Filling up the DagBag from /home/airflow/.local/lib/python3.8/site-packages/airflow/example_dags/example_external_task_marker_dag.py
[2023-11-04 14:10:26,741] {processor.py:654} INFO - DAG(s) dict_keys(['example_external_task_marker_parent', 'example_external_task_marker_child']) retrieved from /home/airflow/.local/lib/python3.8/site-packages/airflow/example_dags/example_external_task_marker_dag.py
[2023-11-04 14:10:26,761] {logging_mixin.py:109} INFO - [2023-11-04 14:10:26,760] {dag.py:2398} INFO - Sync 2 DAGs
[2023-11-04 14:10:26,793] {logging_mixin.py:109} INFO - [2023-11-04 14:10:26,793] {dag.py:2937} INFO - Setting next_dagrun for example_external_task_marker_child to None
[2023-11-04 14:10:26,794] {logging_mixin.py:109} INFO - [2023-11-04 14:10:26,794] {dag.py:2937} INFO - Setting next_dagrun for example_external_task_marker_parent to None
[2023-11-04 14:10:26,809] {processor.py:171} INFO - Processing /home/airflow/.local/lib/python3.8/site-packages/airflow/example_dags/example_external_task_marker_dag.py took 0.138 seconds
[2023-11-04 14:11:51,171] {processor.py:163} INFO - Started process (PID=59) to work on /home/airflow/.local/lib/python3.8/site-packages/airflow/example_dags/example_external_task_marker_dag.py
[2023-11-04 14:11:51,174] {processor.py:642} INFO - Processing file /home/airflow/.local/lib/python3.8/site-packages/airflow/example_dags/example_external_task_marker_dag.py for tasks to queue
[2023-11-04 14:11:51,175] {logging_mixin.py:109} INFO - [2023-11-04 14:11:51,175] {dagbag.py:500} INFO - Filling up the DagBag from /home/airflow/.local/lib/python3.8/site-packages/airflow/example_dags/example_external_task_marker_dag.py
[2023-11-04 14:11:51,232] {processor.py:654} INFO - DAG(s) dict_keys(['example_external_task_marker_parent', 'example_external_task_marker_child']) retrieved from /home/airflow/.local/lib/python3.8/site-packages/airflow/example_dags/example_external_task_marker_dag.py
[2023-11-04 14:11:51,251] {logging_mixin.py:109} INFO - [2023-11-04 14:11:51,251] {dag.py:2398} INFO - Sync 2 DAGs
[2023-11-04 14:11:51,272] {logging_mixin.py:109} INFO - [2023-11-04 14:11:51,271] {dag.py:2937} INFO - Setting next_dagrun for example_external_task_marker_child to None
[2023-11-04 14:11:51,274] {logging_mixin.py:109} INFO - [2023-11-04 14:11:51,274] {dag.py:2937} INFO - Setting next_dagrun for example_external_task_marker_parent to None
[2023-11-04 14:11:51,287] {processor.py:171} INFO - Processing /home/airflow/.local/lib/python3.8/site-packages/airflow/example_dags/example_external_task_marker_dag.py took 0.121 seconds
[2023-11-04 14:12:21,811] {processor.py:163} INFO - Started process (PID=107) to work on /home/airflow/.local/lib/python3.8/site-packages/airflow/example_dags/example_external_task_marker_dag.py
[2023-11-04 14:12:21,814] {processor.py:642} INFO - Processing file /home/airflow/.local/lib/python3.8/site-packages/airflow/example_dags/example_external_task_marker_dag.py for tasks to queue
[2023-11-04 14:12:21,816] {logging_mixin.py:109} INFO - [2023-11-04 14:12:21,815] {dagbag.py:500} INFO - Filling up the DagBag from /home/airflow/.local/lib/python3.8/site-packages/airflow/example_dags/example_external_task_marker_dag.py
[2023-11-04 14:12:21,868] {processor.py:654} INFO - DAG(s) dict_keys(['example_external_task_marker_parent', 'example_external_task_marker_child']) retrieved from /home/airflow/.local/lib/python3.8/site-packages/airflow/example_dags/example_external_task_marker_dag.py
[2023-11-04 14:12:21,888] {logging_mixin.py:109} INFO - [2023-11-04 14:12:21,888] {dag.py:2398} INFO - Sync 2 DAGs
[2023-11-04 14:12:21,909] {logging_mixin.py:109} INFO - [2023-11-04 14:12:21,909] {dag.py:2937} INFO - Setting next_dagrun for example_external_task_marker_child to None
[2023-11-04 14:12:21,910] {logging_mixin.py:109} INFO - [2023-11-04 14:12:21,910] {dag.py:2937} INFO - Setting next_dagrun for example_external_task_marker_parent to None
[2023-11-04 14:12:21,923] {processor.py:171} INFO - Processing /home/airflow/.local/lib/python3.8/site-packages/airflow/example_dags/example_external_task_marker_dag.py took 0.117 seconds
[2023-11-04 14:12:53,065] {processor.py:163} INFO - Started process (PID=164) to work on /home/airflow/.local/lib/python3.8/site-packages/airflow/example_dags/example_external_task_marker_dag.py
[2023-11-04 14:12:53,068] {processor.py:642} INFO - Processing file /home/airflow/.local/lib/python3.8/site-packages/airflow/example_dags/example_external_task_marker_dag.py for tasks to queue
[2023-11-04 14:12:53,070] {logging_mixin.py:109} INFO - [2023-11-04 14:12:53,070] {dagbag.py:500} INFO - Filling up the DagBag from /home/airflow/.local/lib/python3.8/site-packages/airflow/example_dags/example_external_task_marker_dag.py
[2023-11-04 14:12:53,120] {processor.py:654} INFO - DAG(s) dict_keys(['example_external_task_marker_parent', 'example_external_task_marker_child']) retrieved from /home/airflow/.local/lib/python3.8/site-packages/airflow/example_dags/example_external_task_marker_dag.py
[2023-11-04 14:12:53,139] {logging_mixin.py:109} INFO - [2023-11-04 14:12:53,139] {dag.py:2398} INFO - Sync 2 DAGs
[2023-11-04 14:12:53,161] {logging_mixin.py:109} INFO - [2023-11-04 14:12:53,161] {dag.py:2937} INFO - Setting next_dagrun for example_external_task_marker_child to None
[2023-11-04 14:12:53,163] {logging_mixin.py:109} INFO - [2023-11-04 14:12:53,162] {dag.py:2937} INFO - Setting next_dagrun for example_external_task_marker_parent to None
[2023-11-04 14:12:53,177] {processor.py:171} INFO - Processing /home/airflow/.local/lib/python3.8/site-packages/airflow/example_dags/example_external_task_marker_dag.py took 0.118 seconds
[2023-11-04 14:13:23,721] {processor.py:163} INFO - Started process (PID=213) to work on /home/airflow/.local/lib/python3.8/site-packages/airflow/example_dags/example_external_task_marker_dag.py
[2023-11-04 14:13:23,732] {processor.py:642} INFO - Processing file /home/airflow/.local/lib/python3.8/site-packages/airflow/example_dags/example_external_task_marker_dag.py for tasks to queue
[2023-11-04 14:13:23,736] {logging_mixin.py:109} INFO - [2023-11-04 14:13:23,736] {dagbag.py:500} INFO - Filling up the DagBag from /home/airflow/.local/lib/python3.8/site-packages/airflow/example_dags/example_external_task_marker_dag.py
[2023-11-04 14:13:23,790] {processor.py:654} INFO - DAG(s) dict_keys(['example_external_task_marker_parent', 'example_external_task_marker_child']) retrieved from /home/airflow/.local/lib/python3.8/site-packages/airflow/example_dags/example_external_task_marker_dag.py
[2023-11-04 14:13:23,809] {logging_mixin.py:109} INFO - [2023-11-04 14:13:23,809] {dag.py:2398} INFO - Sync 2 DAGs
[2023-11-04 14:13:23,836] {logging_mixin.py:109} INFO - [2023-11-04 14:13:23,836] {dag.py:2937} INFO - Setting next_dagrun for example_external_task_marker_child to None
[2023-11-04 14:13:23,837] {logging_mixin.py:109} INFO - [2023-11-04 14:13:23,837] {dag.py:2937} INFO - Setting next_dagrun for example_external_task_marker_parent to None
[2023-11-04 14:13:23,852] {processor.py:171} INFO - Processing /home/airflow/.local/lib/python3.8/site-packages/airflow/example_dags/example_external_task_marker_dag.py took 0.139 seconds
[2023-11-04 14:13:54,697] {processor.py:163} INFO - Started process (PID=271) to work on /home/airflow/.local/lib/python3.8/site-packages/airflow/example_dags/example_external_task_marker_dag.py
[2023-11-04 14:13:54,699] {processor.py:642} INFO - Processing file /home/airflow/.local/lib/python3.8/site-packages/airflow/example_dags/example_external_task_marker_dag.py for tasks to queue
[2023-11-04 14:13:54,702] {logging_mixin.py:109} INFO - [2023-11-04 14:13:54,702] {dagbag.py:500} INFO - Filling up the DagBag from /home/airflow/.local/lib/python3.8/site-packages/airflow/example_dags/example_external_task_marker_dag.py
[2023-11-04 14:13:54,750] {processor.py:654} INFO - DAG(s) dict_keys(['example_external_task_marker_parent', 'example_external_task_marker_child']) retrieved from /home/airflow/.local/lib/python3.8/site-packages/airflow/example_dags/example_external_task_marker_dag.py
[2023-11-04 14:13:54,772] {logging_mixin.py:109} INFO - [2023-11-04 14:13:54,772] {dag.py:2398} INFO - Sync 2 DAGs
[2023-11-04 14:13:54,796] {logging_mixin.py:109} INFO - [2023-11-04 14:13:54,796] {dag.py:2937} INFO - Setting next_dagrun for example_external_task_marker_child to None
[2023-11-04 14:13:54,797] {logging_mixin.py:109} INFO - [2023-11-04 14:13:54,797] {dag.py:2937} INFO - Setting next_dagrun for example_external_task_marker_parent to None
[2023-11-04 14:13:54,814] {processor.py:171} INFO - Processing /home/airflow/.local/lib/python3.8/site-packages/airflow/example_dags/example_external_task_marker_dag.py took 0.122 seconds
[2023-11-04 14:14:25,114] {processor.py:163} INFO - Started process (PID=320) to work on /home/airflow/.local/lib/python3.8/site-packages/airflow/example_dags/example_external_task_marker_dag.py
[2023-11-04 14:14:25,117] {processor.py:642} INFO - Processing file /home/airflow/.local/lib/python3.8/site-packages/airflow/example_dags/example_external_task_marker_dag.py for tasks to queue
[2023-11-04 14:14:25,119] {logging_mixin.py:109} INFO - [2023-11-04 14:14:25,118] {dagbag.py:500} INFO - Filling up the DagBag from /home/airflow/.local/lib/python3.8/site-packages/airflow/example_dags/example_external_task_marker_dag.py
[2023-11-04 14:14:25,173] {processor.py:654} INFO - DAG(s) dict_keys(['example_external_task_marker_parent', 'example_external_task_marker_child']) retrieved from /home/airflow/.local/lib/python3.8/site-packages/airflow/example_dags/example_external_task_marker_dag.py
[2023-11-04 14:14:25,196] {logging_mixin.py:109} INFO - [2023-11-04 14:14:25,196] {dag.py:2398} INFO - Sync 2 DAGs
[2023-11-04 14:14:25,221] {logging_mixin.py:109} INFO - [2023-11-04 14:14:25,221] {dag.py:2937} INFO - Setting next_dagrun for example_external_task_marker_child to None
[2023-11-04 14:14:25,223] {logging_mixin.py:109} INFO - [2023-11-04 14:14:25,223] {dag.py:2937} INFO - Setting next_dagrun for example_external_task_marker_parent to None
[2023-11-04 14:14:25,239] {processor.py:171} INFO - Processing /home/airflow/.local/lib/python3.8/site-packages/airflow/example_dags/example_external_task_marker_dag.py took 0.130 seconds
[2023-11-04 14:14:55,578] {processor.py:163} INFO - Started process (PID=369) to work on /home/airflow/.local/lib/python3.8/site-packages/airflow/example_dags/example_external_task_marker_dag.py
[2023-11-04 14:14:55,581] {processor.py:642} INFO - Processing file /home/airflow/.local/lib/python3.8/site-packages/airflow/example_dags/example_external_task_marker_dag.py for tasks to queue
[2023-11-04 14:14:55,583] {logging_mixin.py:109} INFO - [2023-11-04 14:14:55,582] {dagbag.py:500} INFO - Filling up the DagBag from /home/airflow/.local/lib/python3.8/site-packages/airflow/example_dags/example_external_task_marker_dag.py
[2023-11-04 14:14:55,626] {processor.py:654} INFO - DAG(s) dict_keys(['example_external_task_marker_parent', 'example_external_task_marker_child']) retrieved from /home/airflow/.local/lib/python3.8/site-packages/airflow/example_dags/example_external_task_marker_dag.py
[2023-11-04 14:14:55,644] {logging_mixin.py:109} INFO - [2023-11-04 14:14:55,644] {dag.py:2398} INFO - Sync 2 DAGs
[2023-11-04 14:14:55,664] {logging_mixin.py:109} INFO - [2023-11-04 14:14:55,664] {dag.py:2937} INFO - Setting next_dagrun for example_external_task_marker_child to None
[2023-11-04 14:14:55,666] {logging_mixin.py:109} INFO - [2023-11-04 14:14:55,666] {dag.py:2937} INFO - Setting next_dagrun for example_external_task_marker_parent to None
[2023-11-04 14:14:55,678] {processor.py:171} INFO - Processing /home/airflow/.local/lib/python3.8/site-packages/airflow/example_dags/example_external_task_marker_dag.py took 0.104 seconds
[2023-11-04 14:15:25,904] {processor.py:163} INFO - Started process (PID=425) to work on /home/airflow/.local/lib/python3.8/site-packages/airflow/example_dags/example_external_task_marker_dag.py
[2023-11-04 14:15:25,906] {processor.py:642} INFO - Processing file /home/airflow/.local/lib/python3.8/site-packages/airflow/example_dags/example_external_task_marker_dag.py for tasks to queue
[2023-11-04 14:15:25,908] {logging_mixin.py:109} INFO - [2023-11-04 14:15:25,908] {dagbag.py:500} INFO - Filling up the DagBag from /home/airflow/.local/lib/python3.8/site-packages/airflow/example_dags/example_external_task_marker_dag.py
[2023-11-04 14:15:25,953] {processor.py:654} INFO - DAG(s) dict_keys(['example_external_task_marker_parent', 'example_external_task_marker_child']) retrieved from /home/airflow/.local/lib/python3.8/site-packages/airflow/example_dags/example_external_task_marker_dag.py
[2023-11-04 14:15:25,970] {logging_mixin.py:109} INFO - [2023-11-04 14:15:25,970] {dag.py:2398} INFO - Sync 2 DAGs
[2023-11-04 14:15:25,991] {logging_mixin.py:109} INFO - [2023-11-04 14:15:25,991] {dag.py:2937} INFO - Setting next_dagrun for example_external_task_marker_child to None
[2023-11-04 14:15:25,993] {logging_mixin.py:109} INFO - [2023-11-04 14:15:25,993] {dag.py:2937} INFO - Setting next_dagrun for example_external_task_marker_parent to None
[2023-11-04 14:15:26,005] {processor.py:171} INFO - Processing /home/airflow/.local/lib/python3.8/site-packages/airflow/example_dags/example_external_task_marker_dag.py took 0.106 seconds
[2023-11-04 14:15:56,253] {processor.py:163} INFO - Started process (PID=474) to work on /home/airflow/.local/lib/python3.8/site-packages/airflow/example_dags/example_external_task_marker_dag.py
[2023-11-04 14:15:56,255] {processor.py:642} INFO - Processing file /home/airflow/.local/lib/python3.8/site-packages/airflow/example_dags/example_external_task_marker_dag.py for tasks to queue
[2023-11-04 14:15:56,256] {logging_mixin.py:109} INFO - [2023-11-04 14:15:56,256] {dagbag.py:500} INFO - Filling up the DagBag from /home/airflow/.local/lib/python3.8/site-packages/airflow/example_dags/example_external_task_marker_dag.py
[2023-11-04 14:15:56,302] {processor.py:654} INFO - DAG(s) dict_keys(['example_external_task_marker_parent', 'example_external_task_marker_child']) retrieved from /home/airflow/.local/lib/python3.8/site-packages/airflow/example_dags/example_external_task_marker_dag.py
[2023-11-04 14:15:56,322] {logging_mixin.py:109} INFO - [2023-11-04 14:15:56,322] {dag.py:2398} INFO - Sync 2 DAGs
[2023-11-04 14:15:56,343] {logging_mixin.py:109} INFO - [2023-11-04 14:15:56,343] {dag.py:2937} INFO - Setting next_dagrun for example_external_task_marker_child to None
[2023-11-04 14:15:56,345] {logging_mixin.py:109} INFO - [2023-11-04 14:15:56,344] {dag.py:2937} INFO - Setting next_dagrun for example_external_task_marker_parent to None
[2023-11-04 14:15:56,357] {processor.py:171} INFO - Processing /home/airflow/.local/lib/python3.8/site-packages/airflow/example_dags/example_external_task_marker_dag.py took 0.109 seconds
[2023-11-04 14:16:27,659] {processor.py:163} INFO - Started process (PID=531) to work on /home/airflow/.local/lib/python3.8/site-packages/airflow/example_dags/example_external_task_marker_dag.py
[2023-11-04 14:16:27,663] {processor.py:642} INFO - Processing file /home/airflow/.local/lib/python3.8/site-packages/airflow/example_dags/example_external_task_marker_dag.py for tasks to queue
[2023-11-04 14:16:27,665] {logging_mixin.py:109} INFO - [2023-11-04 14:16:27,665] {dagbag.py:500} INFO - Filling up the DagBag from /home/airflow/.local/lib/python3.8/site-packages/airflow/example_dags/example_external_task_marker_dag.py
[2023-11-04 14:16:27,715] {processor.py:654} INFO - DAG(s) dict_keys(['example_external_task_marker_parent', 'example_external_task_marker_child']) retrieved from /home/airflow/.local/lib/python3.8/site-packages/airflow/example_dags/example_external_task_marker_dag.py
[2023-11-04 14:16:27,736] {logging_mixin.py:109} INFO - [2023-11-04 14:16:27,736] {dag.py:2398} INFO - Sync 2 DAGs
[2023-11-04 14:16:27,757] {logging_mixin.py:109} INFO - [2023-11-04 14:16:27,757] {dag.py:2937} INFO - Setting next_dagrun for example_external_task_marker_child to None
[2023-11-04 14:16:27,758] {logging_mixin.py:109} INFO - [2023-11-04 14:16:27,758] {dag.py:2937} INFO - Setting next_dagrun for example_external_task_marker_parent to None
[2023-11-04 14:16:27,772] {processor.py:171} INFO - Processing /home/airflow/.local/lib/python3.8/site-packages/airflow/example_dags/example_external_task_marker_dag.py took 0.125 seconds
[2023-11-04 14:16:58,352] {processor.py:163} INFO - Started process (PID=580) to work on /home/airflow/.local/lib/python3.8/site-packages/airflow/example_dags/example_external_task_marker_dag.py
[2023-11-04 14:16:58,355] {processor.py:642} INFO - Processing file /home/airflow/.local/lib/python3.8/site-packages/airflow/example_dags/example_external_task_marker_dag.py for tasks to queue
[2023-11-04 14:16:58,357] {logging_mixin.py:109} INFO - [2023-11-04 14:16:58,357] {dagbag.py:500} INFO - Filling up the DagBag from /home/airflow/.local/lib/python3.8/site-packages/airflow/example_dags/example_external_task_marker_dag.py
[2023-11-04 14:16:58,406] {processor.py:654} INFO - DAG(s) dict_keys(['example_external_task_marker_parent', 'example_external_task_marker_child']) retrieved from /home/airflow/.local/lib/python3.8/site-packages/airflow/example_dags/example_external_task_marker_dag.py
[2023-11-04 14:16:58,433] {logging_mixin.py:109} INFO - [2023-11-04 14:16:58,433] {dag.py:2398} INFO - Sync 2 DAGs
[2023-11-04 14:16:58,457] {logging_mixin.py:109} INFO - [2023-11-04 14:16:58,456] {dag.py:2937} INFO - Setting next_dagrun for example_external_task_marker_child to None
[2023-11-04 14:16:58,458] {logging_mixin.py:109} INFO - [2023-11-04 14:16:58,458] {dag.py:2937} INFO - Setting next_dagrun for example_external_task_marker_parent to None
[2023-11-04 14:16:58,473] {processor.py:171} INFO - Processing /home/airflow/.local/lib/python3.8/site-packages/airflow/example_dags/example_external_task_marker_dag.py took 0.126 seconds
[2023-11-04 14:17:29,649] {processor.py:163} INFO - Started process (PID=629) to work on /home/airflow/.local/lib/python3.8/site-packages/airflow/example_dags/example_external_task_marker_dag.py
[2023-11-04 14:17:29,652] {processor.py:642} INFO - Processing file /home/airflow/.local/lib/python3.8/site-packages/airflow/example_dags/example_external_task_marker_dag.py for tasks to queue
[2023-11-04 14:17:29,653] {logging_mixin.py:109} INFO - [2023-11-04 14:17:29,653] {dagbag.py:500} INFO - Filling up the DagBag from /home/airflow/.local/lib/python3.8/site-packages/airflow/example_dags/example_external_task_marker_dag.py
[2023-11-04 14:17:29,698] {processor.py:654} INFO - DAG(s) dict_keys(['example_external_task_marker_parent', 'example_external_task_marker_child']) retrieved from /home/airflow/.local/lib/python3.8/site-packages/airflow/example_dags/example_external_task_marker_dag.py
[2023-11-04 14:17:29,717] {logging_mixin.py:109} INFO - [2023-11-04 14:17:29,716] {dag.py:2398} INFO - Sync 2 DAGs
[2023-11-04 14:17:29,737] {logging_mixin.py:109} INFO - [2023-11-04 14:17:29,737] {dag.py:2937} INFO - Setting next_dagrun for example_external_task_marker_child to None
[2023-11-04 14:17:29,739] {logging_mixin.py:109} INFO - [2023-11-04 14:17:29,738] {dag.py:2937} INFO - Setting next_dagrun for example_external_task_marker_parent to None
[2023-11-04 14:17:29,752] {processor.py:171} INFO - Processing /home/airflow/.local/lib/python3.8/site-packages/airflow/example_dags/example_external_task_marker_dag.py took 0.108 seconds
[2023-11-04 14:18:00,428] {processor.py:163} INFO - Started process (PID=687) to work on /home/airflow/.local/lib/python3.8/site-packages/airflow/example_dags/example_external_task_marker_dag.py
[2023-11-04 14:18:00,431] {processor.py:642} INFO - Processing file /home/airflow/.local/lib/python3.8/site-packages/airflow/example_dags/example_external_task_marker_dag.py for tasks to queue
[2023-11-04 14:18:00,433] {logging_mixin.py:109} INFO - [2023-11-04 14:18:00,433] {dagbag.py:500} INFO - Filling up the DagBag from /home/airflow/.local/lib/python3.8/site-packages/airflow/example_dags/example_external_task_marker_dag.py
[2023-11-04 14:18:00,497] {processor.py:654} INFO - DAG(s) dict_keys(['example_external_task_marker_parent', 'example_external_task_marker_child']) retrieved from /home/airflow/.local/lib/python3.8/site-packages/airflow/example_dags/example_external_task_marker_dag.py
[2023-11-04 14:18:00,531] {logging_mixin.py:109} INFO - [2023-11-04 14:18:00,531] {dag.py:2398} INFO - Sync 2 DAGs
[2023-11-04 14:18:00,558] {logging_mixin.py:109} INFO - [2023-11-04 14:18:00,558] {dag.py:2937} INFO - Setting next_dagrun for example_external_task_marker_child to None
[2023-11-04 14:18:00,560] {logging_mixin.py:109} INFO - [2023-11-04 14:18:00,560] {dag.py:2937} INFO - Setting next_dagrun for example_external_task_marker_parent to None
[2023-11-04 14:18:00,582] {processor.py:171} INFO - Processing /home/airflow/.local/lib/python3.8/site-packages/airflow/example_dags/example_external_task_marker_dag.py took 0.162 seconds
[2023-11-04 14:18:31,262] {processor.py:163} INFO - Started process (PID=736) to work on /home/airflow/.local/lib/python3.8/site-packages/airflow/example_dags/example_external_task_marker_dag.py
[2023-11-04 14:18:31,264] {processor.py:642} INFO - Processing file /home/airflow/.local/lib/python3.8/site-packages/airflow/example_dags/example_external_task_marker_dag.py for tasks to queue
[2023-11-04 14:18:31,266] {logging_mixin.py:109} INFO - [2023-11-04 14:18:31,265] {dagbag.py:500} INFO - Filling up the DagBag from /home/airflow/.local/lib/python3.8/site-packages/airflow/example_dags/example_external_task_marker_dag.py
[2023-11-04 14:18:31,313] {processor.py:654} INFO - DAG(s) dict_keys(['example_external_task_marker_parent', 'example_external_task_marker_child']) retrieved from /home/airflow/.local/lib/python3.8/site-packages/airflow/example_dags/example_external_task_marker_dag.py
[2023-11-04 14:18:31,337] {logging_mixin.py:109} INFO - [2023-11-04 14:18:31,337] {dag.py:2398} INFO - Sync 2 DAGs
[2023-11-04 14:18:31,361] {logging_mixin.py:109} INFO - [2023-11-04 14:18:31,361] {dag.py:2937} INFO - Setting next_dagrun for example_external_task_marker_child to None
[2023-11-04 14:18:31,363] {logging_mixin.py:109} INFO - [2023-11-04 14:18:31,363] {dag.py:2937} INFO - Setting next_dagrun for example_external_task_marker_parent to None
[2023-11-04 14:18:31,378] {processor.py:171} INFO - Processing /home/airflow/.local/lib/python3.8/site-packages/airflow/example_dags/example_external_task_marker_dag.py took 0.120 seconds
[2023-11-04 14:19:02,521] {processor.py:163} INFO - Started process (PID=793) to work on /home/airflow/.local/lib/python3.8/site-packages/airflow/example_dags/example_external_task_marker_dag.py
[2023-11-04 14:19:02,524] {processor.py:642} INFO - Processing file /home/airflow/.local/lib/python3.8/site-packages/airflow/example_dags/example_external_task_marker_dag.py for tasks to queue
[2023-11-04 14:19:02,526] {logging_mixin.py:109} INFO - [2023-11-04 14:19:02,526] {dagbag.py:500} INFO - Filling up the DagBag from /home/airflow/.local/lib/python3.8/site-packages/airflow/example_dags/example_external_task_marker_dag.py
[2023-11-04 14:19:02,575] {processor.py:654} INFO - DAG(s) dict_keys(['example_external_task_marker_parent', 'example_external_task_marker_child']) retrieved from /home/airflow/.local/lib/python3.8/site-packages/airflow/example_dags/example_external_task_marker_dag.py
[2023-11-04 14:19:02,596] {logging_mixin.py:109} INFO - [2023-11-04 14:19:02,596] {dag.py:2398} INFO - Sync 2 DAGs
[2023-11-04 14:19:02,619] {logging_mixin.py:109} INFO - [2023-11-04 14:19:02,619] {dag.py:2937} INFO - Setting next_dagrun for example_external_task_marker_child to None
[2023-11-04 14:19:02,620] {logging_mixin.py:109} INFO - [2023-11-04 14:19:02,620] {dag.py:2937} INFO - Setting next_dagrun for example_external_task_marker_parent to None
[2023-11-04 14:19:02,634] {processor.py:171} INFO - Processing /home/airflow/.local/lib/python3.8/site-packages/airflow/example_dags/example_external_task_marker_dag.py took 0.119 seconds
[2023-11-04 14:19:33,878] {processor.py:163} INFO - Started process (PID=842) to work on /home/airflow/.local/lib/python3.8/site-packages/airflow/example_dags/example_external_task_marker_dag.py
[2023-11-04 14:19:33,881] {processor.py:642} INFO - Processing file /home/airflow/.local/lib/python3.8/site-packages/airflow/example_dags/example_external_task_marker_dag.py for tasks to queue
[2023-11-04 14:19:33,883] {logging_mixin.py:109} INFO - [2023-11-04 14:19:33,883] {dagbag.py:500} INFO - Filling up the DagBag from /home/airflow/.local/lib/python3.8/site-packages/airflow/example_dags/example_external_task_marker_dag.py
[2023-11-04 14:19:33,927] {processor.py:654} INFO - DAG(s) dict_keys(['example_external_task_marker_parent', 'example_external_task_marker_child']) retrieved from /home/airflow/.local/lib/python3.8/site-packages/airflow/example_dags/example_external_task_marker_dag.py
[2023-11-04 14:19:33,960] {logging_mixin.py:109} INFO - [2023-11-04 14:19:33,960] {dag.py:2398} INFO - Sync 2 DAGs
[2023-11-04 14:19:33,983] {logging_mixin.py:109} INFO - [2023-11-04 14:19:33,983] {dag.py:2937} INFO - Setting next_dagrun for example_external_task_marker_child to None
[2023-11-04 14:19:33,985] {logging_mixin.py:109} INFO - [2023-11-04 14:19:33,984] {dag.py:2937} INFO - Setting next_dagrun for example_external_task_marker_parent to None
[2023-11-04 14:19:33,997] {processor.py:171} INFO - Processing /home/airflow/.local/lib/python3.8/site-packages/airflow/example_dags/example_external_task_marker_dag.py took 0.125 seconds
[2023-11-04 14:20:04,619] {processor.py:163} INFO - Started process (PID=892) to work on /home/airflow/.local/lib/python3.8/site-packages/airflow/example_dags/example_external_task_marker_dag.py
[2023-11-04 14:20:04,622] {processor.py:642} INFO - Processing file /home/airflow/.local/lib/python3.8/site-packages/airflow/example_dags/example_external_task_marker_dag.py for tasks to queue
[2023-11-04 14:20:04,623] {logging_mixin.py:109} INFO - [2023-11-04 14:20:04,623] {dagbag.py:500} INFO - Filling up the DagBag from /home/airflow/.local/lib/python3.8/site-packages/airflow/example_dags/example_external_task_marker_dag.py
[2023-11-04 14:20:04,669] {processor.py:654} INFO - DAG(s) dict_keys(['example_external_task_marker_parent', 'example_external_task_marker_child']) retrieved from /home/airflow/.local/lib/python3.8/site-packages/airflow/example_dags/example_external_task_marker_dag.py
[2023-11-04 14:20:04,694] {logging_mixin.py:109} INFO - [2023-11-04 14:20:04,694] {dag.py:2398} INFO - Sync 2 DAGs
[2023-11-04 14:20:04,721] {logging_mixin.py:109} INFO - [2023-11-04 14:20:04,721] {dag.py:2937} INFO - Setting next_dagrun for example_external_task_marker_child to None
[2023-11-04 14:20:04,722] {logging_mixin.py:109} INFO - [2023-11-04 14:20:04,722] {dag.py:2937} INFO - Setting next_dagrun for example_external_task_marker_parent to None
[2023-11-04 14:20:04,734] {processor.py:171} INFO - Processing /home/airflow/.local/lib/python3.8/site-packages/airflow/example_dags/example_external_task_marker_dag.py took 0.120 seconds
[2023-11-04 14:20:35,301] {processor.py:163} INFO - Started process (PID=950) to work on /home/airflow/.local/lib/python3.8/site-packages/airflow/example_dags/example_external_task_marker_dag.py
[2023-11-04 14:20:35,304] {processor.py:642} INFO - Processing file /home/airflow/.local/lib/python3.8/site-packages/airflow/example_dags/example_external_task_marker_dag.py for tasks to queue
[2023-11-04 14:20:35,306] {logging_mixin.py:109} INFO - [2023-11-04 14:20:35,306] {dagbag.py:500} INFO - Filling up the DagBag from /home/airflow/.local/lib/python3.8/site-packages/airflow/example_dags/example_external_task_marker_dag.py
[2023-11-04 14:20:35,398] {processor.py:654} INFO - DAG(s) dict_keys(['example_external_task_marker_parent', 'example_external_task_marker_child']) retrieved from /home/airflow/.local/lib/python3.8/site-packages/airflow/example_dags/example_external_task_marker_dag.py
[2023-11-04 14:20:35,420] {logging_mixin.py:109} INFO - [2023-11-04 14:20:35,420] {dag.py:2398} INFO - Sync 2 DAGs
[2023-11-04 14:20:35,445] {logging_mixin.py:109} INFO - [2023-11-04 14:20:35,445] {dag.py:2937} INFO - Setting next_dagrun for example_external_task_marker_child to None
[2023-11-04 14:20:35,446] {logging_mixin.py:109} INFO - [2023-11-04 14:20:35,446] {dag.py:2937} INFO - Setting next_dagrun for example_external_task_marker_parent to None
[2023-11-04 14:20:35,463] {processor.py:171} INFO - Processing /home/airflow/.local/lib/python3.8/site-packages/airflow/example_dags/example_external_task_marker_dag.py took 0.168 seconds
[2023-11-04 14:21:06,316] {processor.py:163} INFO - Started process (PID=1000) to work on /home/airflow/.local/lib/python3.8/site-packages/airflow/example_dags/example_external_task_marker_dag.py
[2023-11-04 14:21:06,318] {processor.py:642} INFO - Processing file /home/airflow/.local/lib/python3.8/site-packages/airflow/example_dags/example_external_task_marker_dag.py for tasks to queue
[2023-11-04 14:21:06,320] {logging_mixin.py:109} INFO - [2023-11-04 14:21:06,320] {dagbag.py:500} INFO - Filling up the DagBag from /home/airflow/.local/lib/python3.8/site-packages/airflow/example_dags/example_external_task_marker_dag.py
[2023-11-04 14:21:06,372] {processor.py:654} INFO - DAG(s) dict_keys(['example_external_task_marker_parent', 'example_external_task_marker_child']) retrieved from /home/airflow/.local/lib/python3.8/site-packages/airflow/example_dags/example_external_task_marker_dag.py
[2023-11-04 14:21:06,396] {logging_mixin.py:109} INFO - [2023-11-04 14:21:06,396] {dag.py:2398} INFO - Sync 2 DAGs
[2023-11-04 14:21:06,420] {logging_mixin.py:109} INFO - [2023-11-04 14:21:06,420] {dag.py:2937} INFO - Setting next_dagrun for example_external_task_marker_child to None
[2023-11-04 14:21:06,421] {logging_mixin.py:109} INFO - [2023-11-04 14:21:06,421] {dag.py:2937} INFO - Setting next_dagrun for example_external_task_marker_parent to None
[2023-11-04 14:21:06,436] {processor.py:171} INFO - Processing /home/airflow/.local/lib/python3.8/site-packages/airflow/example_dags/example_external_task_marker_dag.py took 0.125 seconds
[2023-11-04 14:21:36,844] {processor.py:163} INFO - Started process (PID=1051) to work on /home/airflow/.local/lib/python3.8/site-packages/airflow/example_dags/example_external_task_marker_dag.py
[2023-11-04 14:21:36,846] {processor.py:642} INFO - Processing file /home/airflow/.local/lib/python3.8/site-packages/airflow/example_dags/example_external_task_marker_dag.py for tasks to queue
[2023-11-04 14:21:36,848] {logging_mixin.py:109} INFO - [2023-11-04 14:21:36,848] {dagbag.py:500} INFO - Filling up the DagBag from /home/airflow/.local/lib/python3.8/site-packages/airflow/example_dags/example_external_task_marker_dag.py
[2023-11-04 14:21:36,893] {processor.py:654} INFO - DAG(s) dict_keys(['example_external_task_marker_parent', 'example_external_task_marker_child']) retrieved from /home/airflow/.local/lib/python3.8/site-packages/airflow/example_dags/example_external_task_marker_dag.py
[2023-11-04 14:21:36,911] {logging_mixin.py:109} INFO - [2023-11-04 14:21:36,911] {dag.py:2398} INFO - Sync 2 DAGs
[2023-11-04 14:21:36,930] {logging_mixin.py:109} INFO - [2023-11-04 14:21:36,930] {dag.py:2937} INFO - Setting next_dagrun for example_external_task_marker_child to None
[2023-11-04 14:21:36,932] {logging_mixin.py:109} INFO - [2023-11-04 14:21:36,932] {dag.py:2937} INFO - Setting next_dagrun for example_external_task_marker_parent to None
[2023-11-04 14:21:36,944] {processor.py:171} INFO - Processing /home/airflow/.local/lib/python3.8/site-packages/airflow/example_dags/example_external_task_marker_dag.py took 0.105 seconds
[2023-11-04 14:22:08,053] {processor.py:163} INFO - Started process (PID=1108) to work on /home/airflow/.local/lib/python3.8/site-packages/airflow/example_dags/example_external_task_marker_dag.py
[2023-11-04 14:22:08,056] {processor.py:642} INFO - Processing file /home/airflow/.local/lib/python3.8/site-packages/airflow/example_dags/example_external_task_marker_dag.py for tasks to queue
[2023-11-04 14:22:08,058] {logging_mixin.py:109} INFO - [2023-11-04 14:22:08,058] {dagbag.py:500} INFO - Filling up the DagBag from /home/airflow/.local/lib/python3.8/site-packages/airflow/example_dags/example_external_task_marker_dag.py
[2023-11-04 14:22:08,112] {processor.py:654} INFO - DAG(s) dict_keys(['example_external_task_marker_parent', 'example_external_task_marker_child']) retrieved from /home/airflow/.local/lib/python3.8/site-packages/airflow/example_dags/example_external_task_marker_dag.py
[2023-11-04 14:22:08,129] {logging_mixin.py:109} INFO - [2023-11-04 14:22:08,129] {dag.py:2398} INFO - Sync 2 DAGs
[2023-11-04 14:22:08,155] {logging_mixin.py:109} INFO - [2023-11-04 14:22:08,155] {dag.py:2937} INFO - Setting next_dagrun for example_external_task_marker_child to None
[2023-11-04 14:22:08,156] {logging_mixin.py:109} INFO - [2023-11-04 14:22:08,156] {dag.py:2937} INFO - Setting next_dagrun for example_external_task_marker_parent to None
[2023-11-04 14:22:08,169] {processor.py:171} INFO - Processing /home/airflow/.local/lib/python3.8/site-packages/airflow/example_dags/example_external_task_marker_dag.py took 0.122 seconds
[2023-11-04 14:22:39,050] {processor.py:163} INFO - Started process (PID=1157) to work on /home/airflow/.local/lib/python3.8/site-packages/airflow/example_dags/example_external_task_marker_dag.py
[2023-11-04 14:22:39,053] {processor.py:642} INFO - Processing file /home/airflow/.local/lib/python3.8/site-packages/airflow/example_dags/example_external_task_marker_dag.py for tasks to queue
[2023-11-04 14:22:39,054] {logging_mixin.py:109} INFO - [2023-11-04 14:22:39,054] {dagbag.py:500} INFO - Filling up the DagBag from /home/airflow/.local/lib/python3.8/site-packages/airflow/example_dags/example_external_task_marker_dag.py
[2023-11-04 14:22:39,099] {processor.py:654} INFO - DAG(s) dict_keys(['example_external_task_marker_parent', 'example_external_task_marker_child']) retrieved from /home/airflow/.local/lib/python3.8/site-packages/airflow/example_dags/example_external_task_marker_dag.py
[2023-11-04 14:22:39,119] {logging_mixin.py:109} INFO - [2023-11-04 14:22:39,119] {dag.py:2398} INFO - Sync 2 DAGs
[2023-11-04 14:22:39,140] {logging_mixin.py:109} INFO - [2023-11-04 14:22:39,140] {dag.py:2937} INFO - Setting next_dagrun for example_external_task_marker_child to None
[2023-11-04 14:22:39,142] {logging_mixin.py:109} INFO - [2023-11-04 14:22:39,142] {dag.py:2937} INFO - Setting next_dagrun for example_external_task_marker_parent to None
[2023-11-04 14:22:39,156] {processor.py:171} INFO - Processing /home/airflow/.local/lib/python3.8/site-packages/airflow/example_dags/example_external_task_marker_dag.py took 0.110 seconds
[2023-11-04 14:23:10,955] {processor.py:163} INFO - Started process (PID=1214) to work on /home/airflow/.local/lib/python3.8/site-packages/airflow/example_dags/example_external_task_marker_dag.py
[2023-11-04 14:23:10,957] {processor.py:642} INFO - Processing file /home/airflow/.local/lib/python3.8/site-packages/airflow/example_dags/example_external_task_marker_dag.py for tasks to queue
[2023-11-04 14:23:10,959] {logging_mixin.py:109} INFO - [2023-11-04 14:23:10,959] {dagbag.py:500} INFO - Filling up the DagBag from /home/airflow/.local/lib/python3.8/site-packages/airflow/example_dags/example_external_task_marker_dag.py
[2023-11-04 14:23:11,017] {processor.py:654} INFO - DAG(s) dict_keys(['example_external_task_marker_parent', 'example_external_task_marker_child']) retrieved from /home/airflow/.local/lib/python3.8/site-packages/airflow/example_dags/example_external_task_marker_dag.py
[2023-11-04 14:23:11,037] {logging_mixin.py:109} INFO - [2023-11-04 14:23:11,037] {dag.py:2398} INFO - Sync 2 DAGs
[2023-11-04 14:23:11,062] {logging_mixin.py:109} INFO - [2023-11-04 14:23:11,062] {dag.py:2937} INFO - Setting next_dagrun for example_external_task_marker_child to None
[2023-11-04 14:23:11,064] {logging_mixin.py:109} INFO - [2023-11-04 14:23:11,063] {dag.py:2937} INFO - Setting next_dagrun for example_external_task_marker_parent to None
[2023-11-04 14:23:11,077] {processor.py:171} INFO - Processing /home/airflow/.local/lib/python3.8/site-packages/airflow/example_dags/example_external_task_marker_dag.py took 0.127 seconds
[2023-11-04 14:23:41,844] {processor.py:163} INFO - Started process (PID=1263) to work on /home/airflow/.local/lib/python3.8/site-packages/airflow/example_dags/example_external_task_marker_dag.py
[2023-11-04 14:23:41,847] {processor.py:642} INFO - Processing file /home/airflow/.local/lib/python3.8/site-packages/airflow/example_dags/example_external_task_marker_dag.py for tasks to queue
[2023-11-04 14:23:41,850] {logging_mixin.py:109} INFO - [2023-11-04 14:23:41,850] {dagbag.py:500} INFO - Filling up the DagBag from /home/airflow/.local/lib/python3.8/site-packages/airflow/example_dags/example_external_task_marker_dag.py
[2023-11-04 14:23:41,905] {processor.py:654} INFO - DAG(s) dict_keys(['example_external_task_marker_parent', 'example_external_task_marker_child']) retrieved from /home/airflow/.local/lib/python3.8/site-packages/airflow/example_dags/example_external_task_marker_dag.py
[2023-11-04 14:23:41,934] {logging_mixin.py:109} INFO - [2023-11-04 14:23:41,934] {dag.py:2398} INFO - Sync 2 DAGs
[2023-11-04 14:23:41,961] {logging_mixin.py:109} INFO - [2023-11-04 14:23:41,960] {dag.py:2937} INFO - Setting next_dagrun for example_external_task_marker_child to None
[2023-11-04 14:23:41,962] {logging_mixin.py:109} INFO - [2023-11-04 14:23:41,962] {dag.py:2937} INFO - Setting next_dagrun for example_external_task_marker_parent to None
[2023-11-04 14:23:41,978] {processor.py:171} INFO - Processing /home/airflow/.local/lib/python3.8/site-packages/airflow/example_dags/example_external_task_marker_dag.py took 0.140 seconds
[2023-11-04 14:24:12,530] {processor.py:163} INFO - Started process (PID=1312) to work on /home/airflow/.local/lib/python3.8/site-packages/airflow/example_dags/example_external_task_marker_dag.py
[2023-11-04 14:24:12,533] {processor.py:642} INFO - Processing file /home/airflow/.local/lib/python3.8/site-packages/airflow/example_dags/example_external_task_marker_dag.py for tasks to queue
[2023-11-04 14:24:12,535] {logging_mixin.py:109} INFO - [2023-11-04 14:24:12,534] {dagbag.py:500} INFO - Filling up the DagBag from /home/airflow/.local/lib/python3.8/site-packages/airflow/example_dags/example_external_task_marker_dag.py
[2023-11-04 14:24:12,591] {processor.py:654} INFO - DAG(s) dict_keys(['example_external_task_marker_parent', 'example_external_task_marker_child']) retrieved from /home/airflow/.local/lib/python3.8/site-packages/airflow/example_dags/example_external_task_marker_dag.py
[2023-11-04 14:24:12,613] {logging_mixin.py:109} INFO - [2023-11-04 14:24:12,612] {dag.py:2398} INFO - Sync 2 DAGs
[2023-11-04 14:24:12,639] {logging_mixin.py:109} INFO - [2023-11-04 14:24:12,639] {dag.py:2937} INFO - Setting next_dagrun for example_external_task_marker_child to None
[2023-11-04 14:24:12,642] {logging_mixin.py:109} INFO - [2023-11-04 14:24:12,642] {dag.py:2937} INFO - Setting next_dagrun for example_external_task_marker_parent to None
[2023-11-04 14:24:12,657] {processor.py:171} INFO - Processing /home/airflow/.local/lib/python3.8/site-packages/airflow/example_dags/example_external_task_marker_dag.py took 0.135 seconds
[2023-11-04 14:24:43,030] {processor.py:163} INFO - Started process (PID=1369) to work on /home/airflow/.local/lib/python3.8/site-packages/airflow/example_dags/example_external_task_marker_dag.py
[2023-11-04 14:24:43,033] {processor.py:642} INFO - Processing file /home/airflow/.local/lib/python3.8/site-packages/airflow/example_dags/example_external_task_marker_dag.py for tasks to queue
[2023-11-04 14:24:43,036] {logging_mixin.py:109} INFO - [2023-11-04 14:24:43,036] {dagbag.py:500} INFO - Filling up the DagBag from /home/airflow/.local/lib/python3.8/site-packages/airflow/example_dags/example_external_task_marker_dag.py
[2023-11-04 14:24:43,105] {processor.py:654} INFO - DAG(s) dict_keys(['example_external_task_marker_parent', 'example_external_task_marker_child']) retrieved from /home/airflow/.local/lib/python3.8/site-packages/airflow/example_dags/example_external_task_marker_dag.py
[2023-11-04 14:24:43,136] {logging_mixin.py:109} INFO - [2023-11-04 14:24:43,135] {dag.py:2398} INFO - Sync 2 DAGs
[2023-11-04 14:24:43,161] {logging_mixin.py:109} INFO - [2023-11-04 14:24:43,161] {dag.py:2937} INFO - Setting next_dagrun for example_external_task_marker_child to None
[2023-11-04 14:24:43,162] {logging_mixin.py:109} INFO - [2023-11-04 14:24:43,162] {dag.py:2937} INFO - Setting next_dagrun for example_external_task_marker_parent to None
[2023-11-04 14:24:43,177] {processor.py:171} INFO - Processing /home/airflow/.local/lib/python3.8/site-packages/airflow/example_dags/example_external_task_marker_dag.py took 0.153 seconds
[2023-11-04 14:25:14,057] {processor.py:163} INFO - Started process (PID=1418) to work on /home/airflow/.local/lib/python3.8/site-packages/airflow/example_dags/example_external_task_marker_dag.py
[2023-11-04 14:25:14,060] {processor.py:642} INFO - Processing file /home/airflow/.local/lib/python3.8/site-packages/airflow/example_dags/example_external_task_marker_dag.py for tasks to queue
[2023-11-04 14:25:14,062] {logging_mixin.py:109} INFO - [2023-11-04 14:25:14,062] {dagbag.py:500} INFO - Filling up the DagBag from /home/airflow/.local/lib/python3.8/site-packages/airflow/example_dags/example_external_task_marker_dag.py
[2023-11-04 14:25:14,122] {processor.py:654} INFO - DAG(s) dict_keys(['example_external_task_marker_parent', 'example_external_task_marker_child']) retrieved from /home/airflow/.local/lib/python3.8/site-packages/airflow/example_dags/example_external_task_marker_dag.py
[2023-11-04 14:25:14,151] {logging_mixin.py:109} INFO - [2023-11-04 14:25:14,151] {dag.py:2398} INFO - Sync 2 DAGs
[2023-11-04 14:25:14,181] {logging_mixin.py:109} INFO - [2023-11-04 14:25:14,181] {dag.py:2937} INFO - Setting next_dagrun for example_external_task_marker_child to None
[2023-11-04 14:25:14,183] {logging_mixin.py:109} INFO - [2023-11-04 14:25:14,183] {dag.py:2937} INFO - Setting next_dagrun for example_external_task_marker_parent to None
[2023-11-04 14:25:14,216] {processor.py:171} INFO - Processing /home/airflow/.local/lib/python3.8/site-packages/airflow/example_dags/example_external_task_marker_dag.py took 0.164 seconds
[2023-11-04 14:25:44,670] {processor.py:163} INFO - Started process (PID=1475) to work on /home/airflow/.local/lib/python3.8/site-packages/airflow/example_dags/example_external_task_marker_dag.py
[2023-11-04 14:25:44,673] {processor.py:642} INFO - Processing file /home/airflow/.local/lib/python3.8/site-packages/airflow/example_dags/example_external_task_marker_dag.py for tasks to queue
[2023-11-04 14:25:44,674] {logging_mixin.py:109} INFO - [2023-11-04 14:25:44,674] {dagbag.py:500} INFO - Filling up the DagBag from /home/airflow/.local/lib/python3.8/site-packages/airflow/example_dags/example_external_task_marker_dag.py
[2023-11-04 14:25:44,717] {processor.py:654} INFO - DAG(s) dict_keys(['example_external_task_marker_parent', 'example_external_task_marker_child']) retrieved from /home/airflow/.local/lib/python3.8/site-packages/airflow/example_dags/example_external_task_marker_dag.py
[2023-11-04 14:25:44,734] {logging_mixin.py:109} INFO - [2023-11-04 14:25:44,734] {dag.py:2398} INFO - Sync 2 DAGs
[2023-11-04 14:25:44,756] {logging_mixin.py:109} INFO - [2023-11-04 14:25:44,756] {dag.py:2937} INFO - Setting next_dagrun for example_external_task_marker_child to None
[2023-11-04 14:25:44,757] {logging_mixin.py:109} INFO - [2023-11-04 14:25:44,757] {dag.py:2937} INFO - Setting next_dagrun for example_external_task_marker_parent to None
[2023-11-04 14:25:44,772] {processor.py:171} INFO - Processing /home/airflow/.local/lib/python3.8/site-packages/airflow/example_dags/example_external_task_marker_dag.py took 0.107 seconds
[2023-11-04 14:26:15,571] {processor.py:163} INFO - Started process (PID=1524) to work on /home/airflow/.local/lib/python3.8/site-packages/airflow/example_dags/example_external_task_marker_dag.py
[2023-11-04 14:26:15,573] {processor.py:642} INFO - Processing file /home/airflow/.local/lib/python3.8/site-packages/airflow/example_dags/example_external_task_marker_dag.py for tasks to queue
[2023-11-04 14:26:15,574] {logging_mixin.py:109} INFO - [2023-11-04 14:26:15,574] {dagbag.py:500} INFO - Filling up the DagBag from /home/airflow/.local/lib/python3.8/site-packages/airflow/example_dags/example_external_task_marker_dag.py
[2023-11-04 14:26:15,619] {processor.py:654} INFO - DAG(s) dict_keys(['example_external_task_marker_parent', 'example_external_task_marker_child']) retrieved from /home/airflow/.local/lib/python3.8/site-packages/airflow/example_dags/example_external_task_marker_dag.py
[2023-11-04 14:26:15,638] {logging_mixin.py:109} INFO - [2023-11-04 14:26:15,637] {dag.py:2398} INFO - Sync 2 DAGs
[2023-11-04 14:26:15,660] {logging_mixin.py:109} INFO - [2023-11-04 14:26:15,660] {dag.py:2937} INFO - Setting next_dagrun for example_external_task_marker_child to None
[2023-11-04 14:26:15,661] {logging_mixin.py:109} INFO - [2023-11-04 14:26:15,661] {dag.py:2937} INFO - Setting next_dagrun for example_external_task_marker_parent to None
[2023-11-04 14:26:15,672] {processor.py:171} INFO - Processing /home/airflow/.local/lib/python3.8/site-packages/airflow/example_dags/example_external_task_marker_dag.py took 0.107 seconds
[2023-11-04 14:28:10,766] {processor.py:163} INFO - Started process (PID=59) to work on /home/airflow/.local/lib/python3.8/site-packages/airflow/example_dags/example_external_task_marker_dag.py
[2023-11-04 14:28:10,769] {processor.py:642} INFO - Processing file /home/airflow/.local/lib/python3.8/site-packages/airflow/example_dags/example_external_task_marker_dag.py for tasks to queue
[2023-11-04 14:28:10,770] {logging_mixin.py:109} INFO - [2023-11-04 14:28:10,770] {dagbag.py:500} INFO - Filling up the DagBag from /home/airflow/.local/lib/python3.8/site-packages/airflow/example_dags/example_external_task_marker_dag.py
[2023-11-04 14:28:10,824] {processor.py:654} INFO - DAG(s) dict_keys(['example_external_task_marker_parent', 'example_external_task_marker_child']) retrieved from /home/airflow/.local/lib/python3.8/site-packages/airflow/example_dags/example_external_task_marker_dag.py
[2023-11-04 14:28:10,844] {logging_mixin.py:109} INFO - [2023-11-04 14:28:10,844] {dag.py:2398} INFO - Sync 2 DAGs
[2023-11-04 14:28:10,864] {logging_mixin.py:109} INFO - [2023-11-04 14:28:10,864] {dag.py:2937} INFO - Setting next_dagrun for example_external_task_marker_child to None
[2023-11-04 14:28:10,865] {logging_mixin.py:109} INFO - [2023-11-04 14:28:10,865] {dag.py:2937} INFO - Setting next_dagrun for example_external_task_marker_parent to None
[2023-11-04 14:28:10,889] {processor.py:171} INFO - Processing /home/airflow/.local/lib/python3.8/site-packages/airflow/example_dags/example_external_task_marker_dag.py took 0.128 seconds
[2023-11-04 14:28:41,124] {processor.py:163} INFO - Started process (PID=109) to work on /home/airflow/.local/lib/python3.8/site-packages/airflow/example_dags/example_external_task_marker_dag.py
[2023-11-04 14:28:41,126] {processor.py:642} INFO - Processing file /home/airflow/.local/lib/python3.8/site-packages/airflow/example_dags/example_external_task_marker_dag.py for tasks to queue
[2023-11-04 14:28:41,128] {logging_mixin.py:109} INFO - [2023-11-04 14:28:41,128] {dagbag.py:500} INFO - Filling up the DagBag from /home/airflow/.local/lib/python3.8/site-packages/airflow/example_dags/example_external_task_marker_dag.py
[2023-11-04 14:28:41,177] {processor.py:654} INFO - DAG(s) dict_keys(['example_external_task_marker_parent', 'example_external_task_marker_child']) retrieved from /home/airflow/.local/lib/python3.8/site-packages/airflow/example_dags/example_external_task_marker_dag.py
[2023-11-04 14:28:41,197] {logging_mixin.py:109} INFO - [2023-11-04 14:28:41,197] {dag.py:2398} INFO - Sync 2 DAGs
[2023-11-04 14:28:41,216] {logging_mixin.py:109} INFO - [2023-11-04 14:28:41,216] {dag.py:2937} INFO - Setting next_dagrun for example_external_task_marker_child to None
[2023-11-04 14:28:41,218] {logging_mixin.py:109} INFO - [2023-11-04 14:28:41,218] {dag.py:2937} INFO - Setting next_dagrun for example_external_task_marker_parent to None
[2023-11-04 14:28:41,229] {processor.py:171} INFO - Processing /home/airflow/.local/lib/python3.8/site-packages/airflow/example_dags/example_external_task_marker_dag.py took 0.110 seconds
[2023-11-04 14:29:11,712] {processor.py:163} INFO - Started process (PID=166) to work on /home/airflow/.local/lib/python3.8/site-packages/airflow/example_dags/example_external_task_marker_dag.py
[2023-11-04 14:29:11,716] {processor.py:642} INFO - Processing file /home/airflow/.local/lib/python3.8/site-packages/airflow/example_dags/example_external_task_marker_dag.py for tasks to queue
[2023-11-04 14:29:11,718] {logging_mixin.py:109} INFO - [2023-11-04 14:29:11,718] {dagbag.py:500} INFO - Filling up the DagBag from /home/airflow/.local/lib/python3.8/site-packages/airflow/example_dags/example_external_task_marker_dag.py
[2023-11-04 14:29:11,774] {processor.py:654} INFO - DAG(s) dict_keys(['example_external_task_marker_parent', 'example_external_task_marker_child']) retrieved from /home/airflow/.local/lib/python3.8/site-packages/airflow/example_dags/example_external_task_marker_dag.py
[2023-11-04 14:29:11,795] {logging_mixin.py:109} INFO - [2023-11-04 14:29:11,794] {dag.py:2398} INFO - Sync 2 DAGs
[2023-11-04 14:29:11,815] {logging_mixin.py:109} INFO - [2023-11-04 14:29:11,815] {dag.py:2937} INFO - Setting next_dagrun for example_external_task_marker_child to None
[2023-11-04 14:29:11,816] {logging_mixin.py:109} INFO - [2023-11-04 14:29:11,816] {dag.py:2937} INFO - Setting next_dagrun for example_external_task_marker_parent to None
[2023-11-04 14:29:11,827] {processor.py:171} INFO - Processing /home/airflow/.local/lib/python3.8/site-packages/airflow/example_dags/example_external_task_marker_dag.py took 0.120 seconds
[2023-11-04 14:29:42,355] {processor.py:163} INFO - Started process (PID=215) to work on /home/airflow/.local/lib/python3.8/site-packages/airflow/example_dags/example_external_task_marker_dag.py
[2023-11-04 14:29:42,358] {processor.py:642} INFO - Processing file /home/airflow/.local/lib/python3.8/site-packages/airflow/example_dags/example_external_task_marker_dag.py for tasks to queue
[2023-11-04 14:29:42,360] {logging_mixin.py:109} INFO - [2023-11-04 14:29:42,360] {dagbag.py:500} INFO - Filling up the DagBag from /home/airflow/.local/lib/python3.8/site-packages/airflow/example_dags/example_external_task_marker_dag.py
[2023-11-04 14:29:42,407] {processor.py:654} INFO - DAG(s) dict_keys(['example_external_task_marker_parent', 'example_external_task_marker_child']) retrieved from /home/airflow/.local/lib/python3.8/site-packages/airflow/example_dags/example_external_task_marker_dag.py
[2023-11-04 14:29:42,427] {logging_mixin.py:109} INFO - [2023-11-04 14:29:42,427] {dag.py:2398} INFO - Sync 2 DAGs
[2023-11-04 14:29:42,448] {logging_mixin.py:109} INFO - [2023-11-04 14:29:42,448] {dag.py:2937} INFO - Setting next_dagrun for example_external_task_marker_child to None
[2023-11-04 14:29:42,449] {logging_mixin.py:109} INFO - [2023-11-04 14:29:42,449] {dag.py:2937} INFO - Setting next_dagrun for example_external_task_marker_parent to None
[2023-11-04 14:29:42,466] {processor.py:171} INFO - Processing /home/airflow/.local/lib/python3.8/site-packages/airflow/example_dags/example_external_task_marker_dag.py took 0.117 seconds
[2023-11-04 14:30:13,494] {processor.py:163} INFO - Started process (PID=271) to work on /home/airflow/.local/lib/python3.8/site-packages/airflow/example_dags/example_external_task_marker_dag.py
[2023-11-04 14:30:13,497] {processor.py:642} INFO - Processing file /home/airflow/.local/lib/python3.8/site-packages/airflow/example_dags/example_external_task_marker_dag.py for tasks to queue
[2023-11-04 14:30:13,499] {logging_mixin.py:109} INFO - [2023-11-04 14:30:13,498] {dagbag.py:500} INFO - Filling up the DagBag from /home/airflow/.local/lib/python3.8/site-packages/airflow/example_dags/example_external_task_marker_dag.py
[2023-11-04 14:30:13,557] {processor.py:654} INFO - DAG(s) dict_keys(['example_external_task_marker_parent', 'example_external_task_marker_child']) retrieved from /home/airflow/.local/lib/python3.8/site-packages/airflow/example_dags/example_external_task_marker_dag.py
[2023-11-04 14:30:13,586] {logging_mixin.py:109} INFO - [2023-11-04 14:30:13,585] {dag.py:2398} INFO - Sync 2 DAGs
[2023-11-04 14:30:13,617] {logging_mixin.py:109} INFO - [2023-11-04 14:30:13,617] {dag.py:2937} INFO - Setting next_dagrun for example_external_task_marker_child to None
[2023-11-04 14:30:13,619] {logging_mixin.py:109} INFO - [2023-11-04 14:30:13,619] {dag.py:2937} INFO - Setting next_dagrun for example_external_task_marker_parent to None
[2023-11-04 14:30:13,638] {processor.py:171} INFO - Processing /home/airflow/.local/lib/python3.8/site-packages/airflow/example_dags/example_external_task_marker_dag.py took 0.149 seconds
[2023-11-04 14:30:44,747] {processor.py:163} INFO - Started process (PID=320) to work on /home/airflow/.local/lib/python3.8/site-packages/airflow/example_dags/example_external_task_marker_dag.py
[2023-11-04 14:30:44,749] {processor.py:642} INFO - Processing file /home/airflow/.local/lib/python3.8/site-packages/airflow/example_dags/example_external_task_marker_dag.py for tasks to queue
[2023-11-04 14:30:44,751] {logging_mixin.py:109} INFO - [2023-11-04 14:30:44,751] {dagbag.py:500} INFO - Filling up the DagBag from /home/airflow/.local/lib/python3.8/site-packages/airflow/example_dags/example_external_task_marker_dag.py
[2023-11-04 14:30:44,803] {processor.py:654} INFO - DAG(s) dict_keys(['example_external_task_marker_parent', 'example_external_task_marker_child']) retrieved from /home/airflow/.local/lib/python3.8/site-packages/airflow/example_dags/example_external_task_marker_dag.py
[2023-11-04 14:30:44,826] {logging_mixin.py:109} INFO - [2023-11-04 14:30:44,826] {dag.py:2398} INFO - Sync 2 DAGs
[2023-11-04 14:30:44,856] {logging_mixin.py:109} INFO - [2023-11-04 14:30:44,856] {dag.py:2937} INFO - Setting next_dagrun for example_external_task_marker_child to None
[2023-11-04 14:30:44,859] {logging_mixin.py:109} INFO - [2023-11-04 14:30:44,858] {dag.py:2937} INFO - Setting next_dagrun for example_external_task_marker_parent to None
[2023-11-04 14:30:44,880] {processor.py:171} INFO - Processing /home/airflow/.local/lib/python3.8/site-packages/airflow/example_dags/example_external_task_marker_dag.py took 0.138 seconds
