[2023-11-04 13:40:57,439] {processor.py:163} INFO - Started process (PID=56) to work on /home/airflow/.local/lib/python3.8/site-packages/airflow/example_dags/example_time_delta_sensor_async.py
[2023-11-04 13:40:57,442] {processor.py:642} INFO - Processing file /home/airflow/.local/lib/python3.8/site-packages/airflow/example_dags/example_time_delta_sensor_async.py for tasks to queue
[2023-11-04 13:40:57,445] {logging_mixin.py:109} INFO - [2023-11-04 13:40:57,444] {dagbag.py:500} INFO - Filling up the DagBag from /home/airflow/.local/lib/python3.8/site-packages/airflow/example_dags/example_time_delta_sensor_async.py
[2023-11-04 13:40:57,554] {processor.py:654} INFO - DAG(s) dict_keys(['example_time_delta_sensor_async']) retrieved from /home/airflow/.local/lib/python3.8/site-packages/airflow/example_dags/example_time_delta_sensor_async.py
[2023-11-04 13:41:02,090] {logging_mixin.py:109} INFO - [2023-11-04 13:41:02,090] {providers_manager.py:154} WARNING - Exception when importing 'airflow.providers.google.common.hooks.base_google.GoogleBaseHook' from 'apache-airflow-providers-google' package: module 'pyparsing' has no attribute 'downcaseTokens'
[2023-11-04 13:41:02,096] {logging_mixin.py:109} INFO - [2023-11-04 13:41:02,096] {providers_manager.py:154} WARNING - Exception when importing 'airflow.providers.google.cloud.hooks.cloud_sql.CloudSQLHook' from 'apache-airflow-providers-google' package: module 'pyparsing' has no attribute 'downcaseTokens'
[2023-11-04 13:41:02,101] {logging_mixin.py:109} INFO - [2023-11-04 13:41:02,101] {providers_manager.py:154} WARNING - Exception when importing 'airflow.providers.google.cloud.hooks.cloud_sql.CloudSQLDatabaseHook' from 'apache-airflow-providers-google' package: module 'pyparsing' has no attribute 'downcaseTokens'
[2023-11-04 13:41:02,280] {logging_mixin.py:109} INFO - [2023-11-04 13:41:02,279] {providers_manager.py:154} WARNING - Exception when importing 'airflow.providers.google.cloud.hooks.bigquery.BigQueryHook' from 'apache-airflow-providers-google' package: module 'pyparsing' has no attribute 'downcaseTokens'
[2023-11-04 13:41:02,287] {logging_mixin.py:109} INFO - [2023-11-04 13:41:02,287] {providers_manager.py:154} WARNING - Exception when importing 'airflow.providers.google.cloud.hooks.compute_ssh.ComputeEngineSSHHook' from 'apache-airflow-providers-google' package: module 'pyparsing' has no attribute 'downcaseTokens'
[2023-11-04 13:41:03,411] {logging_mixin.py:109} INFO - [2023-11-04 13:41:03,411] {providers_manager.py:154} WARNING - Exception when importing 'airflow.providers.google.common.hooks.base_google.GoogleBaseHook' from 'apache-airflow-providers-google' package: module 'pyparsing' has no attribute 'downcaseTokens'
[2023-11-04 13:41:03,420] {logging_mixin.py:109} INFO - [2023-11-04 13:41:03,420] {providers_manager.py:154} WARNING - Exception when importing 'airflow.providers.google.cloud.hooks.cloud_sql.CloudSQLHook' from 'apache-airflow-providers-google' package: module 'pyparsing' has no attribute 'downcaseTokens'
[2023-11-04 13:41:03,427] {logging_mixin.py:109} INFO - [2023-11-04 13:41:03,426] {providers_manager.py:154} WARNING - Exception when importing 'airflow.providers.google.cloud.hooks.cloud_sql.CloudSQLDatabaseHook' from 'apache-airflow-providers-google' package: module 'pyparsing' has no attribute 'downcaseTokens'
[2023-11-04 13:41:03,435] {logging_mixin.py:109} INFO - [2023-11-04 13:41:03,435] {providers_manager.py:154} WARNING - Exception when importing 'airflow.providers.google.cloud.hooks.bigquery.BigQueryHook' from 'apache-airflow-providers-google' package: module 'pyparsing' has no attribute 'downcaseTokens'
[2023-11-04 13:41:03,444] {logging_mixin.py:109} INFO - [2023-11-04 13:41:03,444] {providers_manager.py:154} WARNING - Exception when importing 'airflow.providers.google.cloud.hooks.compute_ssh.ComputeEngineSSHHook' from 'apache-airflow-providers-google' package: module 'pyparsing' has no attribute 'downcaseTokens'
[2023-11-04 13:41:03,512] {logging_mixin.py:109} INFO - [2023-11-04 13:41:03,512] {manager.py:496} INFO - Created Permission View: can read on DAG:example_time_delta_sensor_async
[2023-11-04 13:41:03,528] {logging_mixin.py:109} INFO - [2023-11-04 13:41:03,528] {manager.py:496} INFO - Created Permission View: can edit on DAG:example_time_delta_sensor_async
[2023-11-04 13:41:03,530] {logging_mixin.py:109} INFO - [2023-11-04 13:41:03,530] {dag.py:2398} INFO - Sync 1 DAGs
[2023-11-04 13:41:03,542] {logging_mixin.py:109} INFO - [2023-11-04 13:41:03,541] {dag.py:2417} INFO - Creating ORM DAG for example_time_delta_sensor_async
[2023-11-04 13:41:03,558] {logging_mixin.py:109} INFO - [2023-11-04 13:41:03,558] {dag.py:2937} INFO - Setting next_dagrun for example_time_delta_sensor_async to None
[2023-11-04 13:41:03,577] {processor.py:171} INFO - Processing /home/airflow/.local/lib/python3.8/site-packages/airflow/example_dags/example_time_delta_sensor_async.py took 6.144 seconds
[2023-11-04 13:41:52,206] {processor.py:163} INFO - Started process (PID=287) to work on /home/airflow/.local/lib/python3.8/site-packages/airflow/example_dags/example_time_delta_sensor_async.py
[2023-11-04 13:41:52,208] {processor.py:642} INFO - Processing file /home/airflow/.local/lib/python3.8/site-packages/airflow/example_dags/example_time_delta_sensor_async.py for tasks to queue
[2023-11-04 13:41:52,210] {logging_mixin.py:109} INFO - [2023-11-04 13:41:52,210] {dagbag.py:500} INFO - Filling up the DagBag from /home/airflow/.local/lib/python3.8/site-packages/airflow/example_dags/example_time_delta_sensor_async.py
[2023-11-04 13:41:52,255] {processor.py:654} INFO - DAG(s) dict_keys(['example_time_delta_sensor_async']) retrieved from /home/airflow/.local/lib/python3.8/site-packages/airflow/example_dags/example_time_delta_sensor_async.py
[2023-11-04 13:41:52,271] {logging_mixin.py:109} INFO - [2023-11-04 13:41:52,271] {dag.py:2398} INFO - Sync 1 DAGs
[2023-11-04 13:41:52,292] {logging_mixin.py:109} INFO - [2023-11-04 13:41:52,292] {dag.py:2937} INFO - Setting next_dagrun for example_time_delta_sensor_async to None
[2023-11-04 13:41:52,305] {processor.py:171} INFO - Processing /home/airflow/.local/lib/python3.8/site-packages/airflow/example_dags/example_time_delta_sensor_async.py took 0.104 seconds
[2023-11-04 13:42:23,038] {processor.py:163} INFO - Started process (PID=336) to work on /home/airflow/.local/lib/python3.8/site-packages/airflow/example_dags/example_time_delta_sensor_async.py
[2023-11-04 13:42:23,042] {processor.py:642} INFO - Processing file /home/airflow/.local/lib/python3.8/site-packages/airflow/example_dags/example_time_delta_sensor_async.py for tasks to queue
[2023-11-04 13:42:23,045] {logging_mixin.py:109} INFO - [2023-11-04 13:42:23,045] {dagbag.py:500} INFO - Filling up the DagBag from /home/airflow/.local/lib/python3.8/site-packages/airflow/example_dags/example_time_delta_sensor_async.py
[2023-11-04 13:42:23,108] {processor.py:654} INFO - DAG(s) dict_keys(['example_time_delta_sensor_async']) retrieved from /home/airflow/.local/lib/python3.8/site-packages/airflow/example_dags/example_time_delta_sensor_async.py
[2023-11-04 13:42:23,123] {logging_mixin.py:109} INFO - [2023-11-04 13:42:23,123] {dag.py:2398} INFO - Sync 1 DAGs
[2023-11-04 13:42:23,147] {logging_mixin.py:109} INFO - [2023-11-04 13:42:23,147] {dag.py:2937} INFO - Setting next_dagrun for example_time_delta_sensor_async to None
[2023-11-04 13:42:23,162] {processor.py:171} INFO - Processing /home/airflow/.local/lib/python3.8/site-packages/airflow/example_dags/example_time_delta_sensor_async.py took 0.132 seconds
[2023-11-04 13:42:53,518] {processor.py:163} INFO - Started process (PID=393) to work on /home/airflow/.local/lib/python3.8/site-packages/airflow/example_dags/example_time_delta_sensor_async.py
[2023-11-04 13:42:53,521] {processor.py:642} INFO - Processing file /home/airflow/.local/lib/python3.8/site-packages/airflow/example_dags/example_time_delta_sensor_async.py for tasks to queue
[2023-11-04 13:42:53,523] {logging_mixin.py:109} INFO - [2023-11-04 13:42:53,523] {dagbag.py:500} INFO - Filling up the DagBag from /home/airflow/.local/lib/python3.8/site-packages/airflow/example_dags/example_time_delta_sensor_async.py
[2023-11-04 13:42:53,569] {processor.py:654} INFO - DAG(s) dict_keys(['example_time_delta_sensor_async']) retrieved from /home/airflow/.local/lib/python3.8/site-packages/airflow/example_dags/example_time_delta_sensor_async.py
[2023-11-04 13:42:53,587] {logging_mixin.py:109} INFO - [2023-11-04 13:42:53,587] {dag.py:2398} INFO - Sync 1 DAGs
[2023-11-04 13:42:53,610] {logging_mixin.py:109} INFO - [2023-11-04 13:42:53,610] {dag.py:2937} INFO - Setting next_dagrun for example_time_delta_sensor_async to None
[2023-11-04 13:42:53,622] {processor.py:171} INFO - Processing /home/airflow/.local/lib/python3.8/site-packages/airflow/example_dags/example_time_delta_sensor_async.py took 0.110 seconds
[2023-11-04 13:43:24,516] {processor.py:163} INFO - Started process (PID=442) to work on /home/airflow/.local/lib/python3.8/site-packages/airflow/example_dags/example_time_delta_sensor_async.py
[2023-11-04 13:43:24,519] {processor.py:642} INFO - Processing file /home/airflow/.local/lib/python3.8/site-packages/airflow/example_dags/example_time_delta_sensor_async.py for tasks to queue
[2023-11-04 13:43:24,522] {logging_mixin.py:109} INFO - [2023-11-04 13:43:24,522] {dagbag.py:500} INFO - Filling up the DagBag from /home/airflow/.local/lib/python3.8/site-packages/airflow/example_dags/example_time_delta_sensor_async.py
[2023-11-04 13:43:24,568] {processor.py:654} INFO - DAG(s) dict_keys(['example_time_delta_sensor_async']) retrieved from /home/airflow/.local/lib/python3.8/site-packages/airflow/example_dags/example_time_delta_sensor_async.py
[2023-11-04 13:43:24,598] {logging_mixin.py:109} INFO - [2023-11-04 13:43:24,598] {dag.py:2398} INFO - Sync 1 DAGs
[2023-11-04 13:43:24,620] {logging_mixin.py:109} INFO - [2023-11-04 13:43:24,620] {dag.py:2937} INFO - Setting next_dagrun for example_time_delta_sensor_async to None
[2023-11-04 13:43:24,638] {processor.py:171} INFO - Processing /home/airflow/.local/lib/python3.8/site-packages/airflow/example_dags/example_time_delta_sensor_async.py took 0.128 seconds
[2023-11-04 13:43:54,807] {processor.py:163} INFO - Started process (PID=499) to work on /home/airflow/.local/lib/python3.8/site-packages/airflow/example_dags/example_time_delta_sensor_async.py
[2023-11-04 13:43:54,809] {processor.py:642} INFO - Processing file /home/airflow/.local/lib/python3.8/site-packages/airflow/example_dags/example_time_delta_sensor_async.py for tasks to queue
[2023-11-04 13:43:54,811] {logging_mixin.py:109} INFO - [2023-11-04 13:43:54,811] {dagbag.py:500} INFO - Filling up the DagBag from /home/airflow/.local/lib/python3.8/site-packages/airflow/example_dags/example_time_delta_sensor_async.py
[2023-11-04 13:43:54,858] {processor.py:654} INFO - DAG(s) dict_keys(['example_time_delta_sensor_async']) retrieved from /home/airflow/.local/lib/python3.8/site-packages/airflow/example_dags/example_time_delta_sensor_async.py
[2023-11-04 13:43:54,872] {logging_mixin.py:109} INFO - [2023-11-04 13:43:54,871] {dag.py:2398} INFO - Sync 1 DAGs
[2023-11-04 13:43:54,892] {logging_mixin.py:109} INFO - [2023-11-04 13:43:54,892] {dag.py:2937} INFO - Setting next_dagrun for example_time_delta_sensor_async to None
[2023-11-04 13:43:54,904] {processor.py:171} INFO - Processing /home/airflow/.local/lib/python3.8/site-packages/airflow/example_dags/example_time_delta_sensor_async.py took 0.103 seconds
[2023-11-04 13:59:17,178] {processor.py:163} INFO - Started process (PID=35) to work on /home/airflow/.local/lib/python3.8/site-packages/airflow/example_dags/example_time_delta_sensor_async.py
[2023-11-04 13:59:17,181] {processor.py:642} INFO - Processing file /home/airflow/.local/lib/python3.8/site-packages/airflow/example_dags/example_time_delta_sensor_async.py for tasks to queue
[2023-11-04 13:59:17,183] {logging_mixin.py:109} INFO - [2023-11-04 13:59:17,183] {dagbag.py:500} INFO - Filling up the DagBag from /home/airflow/.local/lib/python3.8/site-packages/airflow/example_dags/example_time_delta_sensor_async.py
[2023-11-04 13:59:17,242] {processor.py:654} INFO - DAG(s) dict_keys(['example_time_delta_sensor_async']) retrieved from /home/airflow/.local/lib/python3.8/site-packages/airflow/example_dags/example_time_delta_sensor_async.py
[2023-11-04 13:59:17,259] {logging_mixin.py:109} INFO - [2023-11-04 13:59:17,259] {dag.py:2398} INFO - Sync 1 DAGs
[2023-11-04 13:59:17,302] {logging_mixin.py:109} INFO - [2023-11-04 13:59:17,302] {dag.py:2937} INFO - Setting next_dagrun for example_time_delta_sensor_async to None
[2023-11-04 13:59:17,320] {processor.py:171} INFO - Processing /home/airflow/.local/lib/python3.8/site-packages/airflow/example_dags/example_time_delta_sensor_async.py took 0.147 seconds
[2023-11-04 13:59:47,965] {processor.py:163} INFO - Started process (PID=89) to work on /home/airflow/.local/lib/python3.8/site-packages/airflow/example_dags/example_time_delta_sensor_async.py
[2023-11-04 13:59:47,968] {processor.py:642} INFO - Processing file /home/airflow/.local/lib/python3.8/site-packages/airflow/example_dags/example_time_delta_sensor_async.py for tasks to queue
[2023-11-04 13:59:47,970] {logging_mixin.py:109} INFO - [2023-11-04 13:59:47,969] {dagbag.py:500} INFO - Filling up the DagBag from /home/airflow/.local/lib/python3.8/site-packages/airflow/example_dags/example_time_delta_sensor_async.py
[2023-11-04 13:59:48,017] {processor.py:654} INFO - DAG(s) dict_keys(['example_time_delta_sensor_async']) retrieved from /home/airflow/.local/lib/python3.8/site-packages/airflow/example_dags/example_time_delta_sensor_async.py
[2023-11-04 13:59:48,033] {logging_mixin.py:109} INFO - [2023-11-04 13:59:48,033] {dag.py:2398} INFO - Sync 1 DAGs
[2023-11-04 13:59:48,054] {logging_mixin.py:109} INFO - [2023-11-04 13:59:48,054] {dag.py:2937} INFO - Setting next_dagrun for example_time_delta_sensor_async to None
[2023-11-04 13:59:48,069] {processor.py:171} INFO - Processing /home/airflow/.local/lib/python3.8/site-packages/airflow/example_dags/example_time_delta_sensor_async.py took 0.108 seconds
[2023-11-04 14:00:18,481] {processor.py:163} INFO - Started process (PID=154) to work on /home/airflow/.local/lib/python3.8/site-packages/airflow/example_dags/example_time_delta_sensor_async.py
[2023-11-04 14:00:18,484] {processor.py:642} INFO - Processing file /home/airflow/.local/lib/python3.8/site-packages/airflow/example_dags/example_time_delta_sensor_async.py for tasks to queue
[2023-11-04 14:00:18,486] {logging_mixin.py:109} INFO - [2023-11-04 14:00:18,485] {dagbag.py:500} INFO - Filling up the DagBag from /home/airflow/.local/lib/python3.8/site-packages/airflow/example_dags/example_time_delta_sensor_async.py
[2023-11-04 14:00:18,538] {processor.py:654} INFO - DAG(s) dict_keys(['example_time_delta_sensor_async']) retrieved from /home/airflow/.local/lib/python3.8/site-packages/airflow/example_dags/example_time_delta_sensor_async.py
[2023-11-04 14:00:18,554] {logging_mixin.py:109} INFO - [2023-11-04 14:00:18,554] {dag.py:2398} INFO - Sync 1 DAGs
[2023-11-04 14:00:18,574] {logging_mixin.py:109} INFO - [2023-11-04 14:00:18,574] {dag.py:2937} INFO - Setting next_dagrun for example_time_delta_sensor_async to None
[2023-11-04 14:00:18,586] {processor.py:171} INFO - Processing /home/airflow/.local/lib/python3.8/site-packages/airflow/example_dags/example_time_delta_sensor_async.py took 0.112 seconds
[2023-11-04 14:00:48,735] {processor.py:163} INFO - Started process (PID=211) to work on /home/airflow/.local/lib/python3.8/site-packages/airflow/example_dags/example_time_delta_sensor_async.py
[2023-11-04 14:00:48,737] {processor.py:642} INFO - Processing file /home/airflow/.local/lib/python3.8/site-packages/airflow/example_dags/example_time_delta_sensor_async.py for tasks to queue
[2023-11-04 14:00:48,738] {logging_mixin.py:109} INFO - [2023-11-04 14:00:48,738] {dagbag.py:500} INFO - Filling up the DagBag from /home/airflow/.local/lib/python3.8/site-packages/airflow/example_dags/example_time_delta_sensor_async.py
[2023-11-04 14:00:48,782] {processor.py:654} INFO - DAG(s) dict_keys(['example_time_delta_sensor_async']) retrieved from /home/airflow/.local/lib/python3.8/site-packages/airflow/example_dags/example_time_delta_sensor_async.py
[2023-11-04 14:00:48,796] {logging_mixin.py:109} INFO - [2023-11-04 14:00:48,796] {dag.py:2398} INFO - Sync 1 DAGs
[2023-11-04 14:00:48,817] {logging_mixin.py:109} INFO - [2023-11-04 14:00:48,817] {dag.py:2937} INFO - Setting next_dagrun for example_time_delta_sensor_async to None
[2023-11-04 14:00:48,830] {processor.py:171} INFO - Processing /home/airflow/.local/lib/python3.8/site-packages/airflow/example_dags/example_time_delta_sensor_async.py took 0.100 seconds
[2023-11-04 14:01:18,947] {processor.py:163} INFO - Started process (PID=260) to work on /home/airflow/.local/lib/python3.8/site-packages/airflow/example_dags/example_time_delta_sensor_async.py
[2023-11-04 14:01:18,950] {processor.py:642} INFO - Processing file /home/airflow/.local/lib/python3.8/site-packages/airflow/example_dags/example_time_delta_sensor_async.py for tasks to queue
[2023-11-04 14:01:18,951] {logging_mixin.py:109} INFO - [2023-11-04 14:01:18,951] {dagbag.py:500} INFO - Filling up the DagBag from /home/airflow/.local/lib/python3.8/site-packages/airflow/example_dags/example_time_delta_sensor_async.py
[2023-11-04 14:01:18,993] {processor.py:654} INFO - DAG(s) dict_keys(['example_time_delta_sensor_async']) retrieved from /home/airflow/.local/lib/python3.8/site-packages/airflow/example_dags/example_time_delta_sensor_async.py
[2023-11-04 14:01:19,009] {logging_mixin.py:109} INFO - [2023-11-04 14:01:19,009] {dag.py:2398} INFO - Sync 1 DAGs
[2023-11-04 14:01:19,039] {logging_mixin.py:109} INFO - [2023-11-04 14:01:19,039] {dag.py:2937} INFO - Setting next_dagrun for example_time_delta_sensor_async to None
[2023-11-04 14:01:19,050] {processor.py:171} INFO - Processing /home/airflow/.local/lib/python3.8/site-packages/airflow/example_dags/example_time_delta_sensor_async.py took 0.108 seconds
[2023-11-04 14:01:49,410] {processor.py:163} INFO - Started process (PID=309) to work on /home/airflow/.local/lib/python3.8/site-packages/airflow/example_dags/example_time_delta_sensor_async.py
[2023-11-04 14:01:49,412] {processor.py:642} INFO - Processing file /home/airflow/.local/lib/python3.8/site-packages/airflow/example_dags/example_time_delta_sensor_async.py for tasks to queue
[2023-11-04 14:01:49,414] {logging_mixin.py:109} INFO - [2023-11-04 14:01:49,414] {dagbag.py:500} INFO - Filling up the DagBag from /home/airflow/.local/lib/python3.8/site-packages/airflow/example_dags/example_time_delta_sensor_async.py
[2023-11-04 14:01:49,459] {processor.py:654} INFO - DAG(s) dict_keys(['example_time_delta_sensor_async']) retrieved from /home/airflow/.local/lib/python3.8/site-packages/airflow/example_dags/example_time_delta_sensor_async.py
[2023-11-04 14:01:49,471] {logging_mixin.py:109} INFO - [2023-11-04 14:01:49,471] {dag.py:2398} INFO - Sync 1 DAGs
[2023-11-04 14:01:49,492] {logging_mixin.py:109} INFO - [2023-11-04 14:01:49,492] {dag.py:2937} INFO - Setting next_dagrun for example_time_delta_sensor_async to None
[2023-11-04 14:01:49,502] {processor.py:171} INFO - Processing /home/airflow/.local/lib/python3.8/site-packages/airflow/example_dags/example_time_delta_sensor_async.py took 0.097 seconds
[2023-11-04 14:02:19,912] {processor.py:163} INFO - Started process (PID=366) to work on /home/airflow/.local/lib/python3.8/site-packages/airflow/example_dags/example_time_delta_sensor_async.py
[2023-11-04 14:02:19,915] {processor.py:642} INFO - Processing file /home/airflow/.local/lib/python3.8/site-packages/airflow/example_dags/example_time_delta_sensor_async.py for tasks to queue
[2023-11-04 14:02:19,918] {logging_mixin.py:109} INFO - [2023-11-04 14:02:19,918] {dagbag.py:500} INFO - Filling up the DagBag from /home/airflow/.local/lib/python3.8/site-packages/airflow/example_dags/example_time_delta_sensor_async.py
[2023-11-04 14:02:19,992] {processor.py:654} INFO - DAG(s) dict_keys(['example_time_delta_sensor_async']) retrieved from /home/airflow/.local/lib/python3.8/site-packages/airflow/example_dags/example_time_delta_sensor_async.py
[2023-11-04 14:02:20,006] {logging_mixin.py:109} INFO - [2023-11-04 14:02:20,006] {dag.py:2398} INFO - Sync 1 DAGs
[2023-11-04 14:02:20,028] {logging_mixin.py:109} INFO - [2023-11-04 14:02:20,027] {dag.py:2937} INFO - Setting next_dagrun for example_time_delta_sensor_async to None
[2023-11-04 14:02:20,040] {processor.py:171} INFO - Processing /home/airflow/.local/lib/python3.8/site-packages/airflow/example_dags/example_time_delta_sensor_async.py took 0.135 seconds
[2023-11-04 14:02:50,479] {processor.py:163} INFO - Started process (PID=414) to work on /home/airflow/.local/lib/python3.8/site-packages/airflow/example_dags/example_time_delta_sensor_async.py
[2023-11-04 14:02:50,482] {processor.py:642} INFO - Processing file /home/airflow/.local/lib/python3.8/site-packages/airflow/example_dags/example_time_delta_sensor_async.py for tasks to queue
[2023-11-04 14:02:50,484] {logging_mixin.py:109} INFO - [2023-11-04 14:02:50,484] {dagbag.py:500} INFO - Filling up the DagBag from /home/airflow/.local/lib/python3.8/site-packages/airflow/example_dags/example_time_delta_sensor_async.py
[2023-11-04 14:02:50,554] {processor.py:654} INFO - DAG(s) dict_keys(['example_time_delta_sensor_async']) retrieved from /home/airflow/.local/lib/python3.8/site-packages/airflow/example_dags/example_time_delta_sensor_async.py
[2023-11-04 14:02:50,578] {logging_mixin.py:109} INFO - [2023-11-04 14:02:50,577] {dag.py:2398} INFO - Sync 1 DAGs
[2023-11-04 14:02:50,615] {logging_mixin.py:109} INFO - [2023-11-04 14:02:50,615] {dag.py:2937} INFO - Setting next_dagrun for example_time_delta_sensor_async to None
[2023-11-04 14:02:50,633] {processor.py:171} INFO - Processing /home/airflow/.local/lib/python3.8/site-packages/airflow/example_dags/example_time_delta_sensor_async.py took 0.161 seconds
[2023-11-04 14:04:45,001] {processor.py:163} INFO - Started process (PID=36) to work on /home/airflow/.local/lib/python3.8/site-packages/airflow/example_dags/example_time_delta_sensor_async.py
[2023-11-04 14:04:45,005] {processor.py:642} INFO - Processing file /home/airflow/.local/lib/python3.8/site-packages/airflow/example_dags/example_time_delta_sensor_async.py for tasks to queue
[2023-11-04 14:04:45,009] {logging_mixin.py:109} INFO - [2023-11-04 14:04:45,008] {dagbag.py:500} INFO - Filling up the DagBag from /home/airflow/.local/lib/python3.8/site-packages/airflow/example_dags/example_time_delta_sensor_async.py
[2023-11-04 14:04:45,091] {processor.py:654} INFO - DAG(s) dict_keys(['example_time_delta_sensor_async']) retrieved from /home/airflow/.local/lib/python3.8/site-packages/airflow/example_dags/example_time_delta_sensor_async.py
[2023-11-04 14:04:45,112] {logging_mixin.py:109} INFO - [2023-11-04 14:04:45,111] {dag.py:2398} INFO - Sync 1 DAGs
[2023-11-04 14:04:45,152] {logging_mixin.py:109} INFO - [2023-11-04 14:04:45,152] {dag.py:2937} INFO - Setting next_dagrun for example_time_delta_sensor_async to None
[2023-11-04 14:04:45,174] {processor.py:171} INFO - Processing /home/airflow/.local/lib/python3.8/site-packages/airflow/example_dags/example_time_delta_sensor_async.py took 0.179 seconds
[2023-11-04 14:05:16,003] {processor.py:163} INFO - Started process (PID=84) to work on /home/airflow/.local/lib/python3.8/site-packages/airflow/example_dags/example_time_delta_sensor_async.py
[2023-11-04 14:05:16,005] {processor.py:642} INFO - Processing file /home/airflow/.local/lib/python3.8/site-packages/airflow/example_dags/example_time_delta_sensor_async.py for tasks to queue
[2023-11-04 14:05:16,006] {logging_mixin.py:109} INFO - [2023-11-04 14:05:16,006] {dagbag.py:500} INFO - Filling up the DagBag from /home/airflow/.local/lib/python3.8/site-packages/airflow/example_dags/example_time_delta_sensor_async.py
[2023-11-04 14:05:16,047] {processor.py:654} INFO - DAG(s) dict_keys(['example_time_delta_sensor_async']) retrieved from /home/airflow/.local/lib/python3.8/site-packages/airflow/example_dags/example_time_delta_sensor_async.py
[2023-11-04 14:05:16,061] {logging_mixin.py:109} INFO - [2023-11-04 14:05:16,060] {dag.py:2398} INFO - Sync 1 DAGs
[2023-11-04 14:05:16,079] {logging_mixin.py:109} INFO - [2023-11-04 14:05:16,079] {dag.py:2937} INFO - Setting next_dagrun for example_time_delta_sensor_async to None
[2023-11-04 14:05:16,094] {processor.py:171} INFO - Processing /home/airflow/.local/lib/python3.8/site-packages/airflow/example_dags/example_time_delta_sensor_async.py took 0.097 seconds
[2023-11-04 14:05:46,949] {processor.py:163} INFO - Started process (PID=141) to work on /home/airflow/.local/lib/python3.8/site-packages/airflow/example_dags/example_time_delta_sensor_async.py
[2023-11-04 14:05:46,962] {processor.py:642} INFO - Processing file /home/airflow/.local/lib/python3.8/site-packages/airflow/example_dags/example_time_delta_sensor_async.py for tasks to queue
[2023-11-04 14:05:46,967] {logging_mixin.py:109} INFO - [2023-11-04 14:05:46,966] {dagbag.py:500} INFO - Filling up the DagBag from /home/airflow/.local/lib/python3.8/site-packages/airflow/example_dags/example_time_delta_sensor_async.py
[2023-11-04 14:05:47,065] {processor.py:654} INFO - DAG(s) dict_keys(['example_time_delta_sensor_async']) retrieved from /home/airflow/.local/lib/python3.8/site-packages/airflow/example_dags/example_time_delta_sensor_async.py
[2023-11-04 14:05:47,088] {logging_mixin.py:109} INFO - [2023-11-04 14:05:47,088] {dag.py:2398} INFO - Sync 1 DAGs
[2023-11-04 14:05:47,151] {logging_mixin.py:109} INFO - [2023-11-04 14:05:47,151] {dag.py:2937} INFO - Setting next_dagrun for example_time_delta_sensor_async to None
[2023-11-04 14:05:47,187] {processor.py:171} INFO - Processing /home/airflow/.local/lib/python3.8/site-packages/airflow/example_dags/example_time_delta_sensor_async.py took 0.258 seconds
[2023-11-04 14:06:17,412] {processor.py:163} INFO - Started process (PID=190) to work on /home/airflow/.local/lib/python3.8/site-packages/airflow/example_dags/example_time_delta_sensor_async.py
[2023-11-04 14:06:17,415] {processor.py:642} INFO - Processing file /home/airflow/.local/lib/python3.8/site-packages/airflow/example_dags/example_time_delta_sensor_async.py for tasks to queue
[2023-11-04 14:06:17,416] {logging_mixin.py:109} INFO - [2023-11-04 14:06:17,416] {dagbag.py:500} INFO - Filling up the DagBag from /home/airflow/.local/lib/python3.8/site-packages/airflow/example_dags/example_time_delta_sensor_async.py
[2023-11-04 14:06:17,460] {processor.py:654} INFO - DAG(s) dict_keys(['example_time_delta_sensor_async']) retrieved from /home/airflow/.local/lib/python3.8/site-packages/airflow/example_dags/example_time_delta_sensor_async.py
[2023-11-04 14:06:17,473] {logging_mixin.py:109} INFO - [2023-11-04 14:06:17,473] {dag.py:2398} INFO - Sync 1 DAGs
[2023-11-04 14:06:17,492] {logging_mixin.py:109} INFO - [2023-11-04 14:06:17,492] {dag.py:2937} INFO - Setting next_dagrun for example_time_delta_sensor_async to None
[2023-11-04 14:06:17,504] {processor.py:171} INFO - Processing /home/airflow/.local/lib/python3.8/site-packages/airflow/example_dags/example_time_delta_sensor_async.py took 0.097 seconds
[2023-11-04 14:06:47,859] {processor.py:163} INFO - Started process (PID=239) to work on /home/airflow/.local/lib/python3.8/site-packages/airflow/example_dags/example_time_delta_sensor_async.py
[2023-11-04 14:06:47,862] {processor.py:642} INFO - Processing file /home/airflow/.local/lib/python3.8/site-packages/airflow/example_dags/example_time_delta_sensor_async.py for tasks to queue
[2023-11-04 14:06:47,863] {logging_mixin.py:109} INFO - [2023-11-04 14:06:47,863] {dagbag.py:500} INFO - Filling up the DagBag from /home/airflow/.local/lib/python3.8/site-packages/airflow/example_dags/example_time_delta_sensor_async.py
[2023-11-04 14:06:47,906] {processor.py:654} INFO - DAG(s) dict_keys(['example_time_delta_sensor_async']) retrieved from /home/airflow/.local/lib/python3.8/site-packages/airflow/example_dags/example_time_delta_sensor_async.py
[2023-11-04 14:06:47,918] {logging_mixin.py:109} INFO - [2023-11-04 14:06:47,918] {dag.py:2398} INFO - Sync 1 DAGs
[2023-11-04 14:06:47,937] {logging_mixin.py:109} INFO - [2023-11-04 14:06:47,937] {dag.py:2937} INFO - Setting next_dagrun for example_time_delta_sensor_async to None
[2023-11-04 14:06:47,948] {processor.py:171} INFO - Processing /home/airflow/.local/lib/python3.8/site-packages/airflow/example_dags/example_time_delta_sensor_async.py took 0.095 seconds
[2023-11-04 14:07:18,405] {processor.py:163} INFO - Started process (PID=296) to work on /home/airflow/.local/lib/python3.8/site-packages/airflow/example_dags/example_time_delta_sensor_async.py
[2023-11-04 14:07:18,409] {processor.py:642} INFO - Processing file /home/airflow/.local/lib/python3.8/site-packages/airflow/example_dags/example_time_delta_sensor_async.py for tasks to queue
[2023-11-04 14:07:18,411] {logging_mixin.py:109} INFO - [2023-11-04 14:07:18,410] {dagbag.py:500} INFO - Filling up the DagBag from /home/airflow/.local/lib/python3.8/site-packages/airflow/example_dags/example_time_delta_sensor_async.py
[2023-11-04 14:07:18,455] {processor.py:654} INFO - DAG(s) dict_keys(['example_time_delta_sensor_async']) retrieved from /home/airflow/.local/lib/python3.8/site-packages/airflow/example_dags/example_time_delta_sensor_async.py
[2023-11-04 14:07:18,470] {logging_mixin.py:109} INFO - [2023-11-04 14:07:18,470] {dag.py:2398} INFO - Sync 1 DAGs
[2023-11-04 14:07:18,490] {logging_mixin.py:109} INFO - [2023-11-04 14:07:18,490] {dag.py:2937} INFO - Setting next_dagrun for example_time_delta_sensor_async to None
[2023-11-04 14:07:18,503] {processor.py:171} INFO - Processing /home/airflow/.local/lib/python3.8/site-packages/airflow/example_dags/example_time_delta_sensor_async.py took 0.104 seconds
[2023-11-04 14:07:49,102] {processor.py:163} INFO - Started process (PID=344) to work on /home/airflow/.local/lib/python3.8/site-packages/airflow/example_dags/example_time_delta_sensor_async.py
[2023-11-04 14:07:49,105] {processor.py:642} INFO - Processing file /home/airflow/.local/lib/python3.8/site-packages/airflow/example_dags/example_time_delta_sensor_async.py for tasks to queue
[2023-11-04 14:07:49,106] {logging_mixin.py:109} INFO - [2023-11-04 14:07:49,106] {dagbag.py:500} INFO - Filling up the DagBag from /home/airflow/.local/lib/python3.8/site-packages/airflow/example_dags/example_time_delta_sensor_async.py
[2023-11-04 14:07:49,178] {processor.py:654} INFO - DAG(s) dict_keys(['example_time_delta_sensor_async']) retrieved from /home/airflow/.local/lib/python3.8/site-packages/airflow/example_dags/example_time_delta_sensor_async.py
[2023-11-04 14:07:49,195] {logging_mixin.py:109} INFO - [2023-11-04 14:07:49,195] {dag.py:2398} INFO - Sync 1 DAGs
[2023-11-04 14:07:49,218] {logging_mixin.py:109} INFO - [2023-11-04 14:07:49,218] {dag.py:2937} INFO - Setting next_dagrun for example_time_delta_sensor_async to None
[2023-11-04 14:07:49,239] {processor.py:171} INFO - Processing /home/airflow/.local/lib/python3.8/site-packages/airflow/example_dags/example_time_delta_sensor_async.py took 0.142 seconds
[2023-11-04 14:08:19,313] {processor.py:163} INFO - Started process (PID=401) to work on /home/airflow/.local/lib/python3.8/site-packages/airflow/example_dags/example_time_delta_sensor_async.py
[2023-11-04 14:08:19,317] {processor.py:642} INFO - Processing file /home/airflow/.local/lib/python3.8/site-packages/airflow/example_dags/example_time_delta_sensor_async.py for tasks to queue
[2023-11-04 14:08:19,318] {logging_mixin.py:109} INFO - [2023-11-04 14:08:19,318] {dagbag.py:500} INFO - Filling up the DagBag from /home/airflow/.local/lib/python3.8/site-packages/airflow/example_dags/example_time_delta_sensor_async.py
[2023-11-04 14:08:19,376] {processor.py:654} INFO - DAG(s) dict_keys(['example_time_delta_sensor_async']) retrieved from /home/airflow/.local/lib/python3.8/site-packages/airflow/example_dags/example_time_delta_sensor_async.py
[2023-11-04 14:08:19,395] {logging_mixin.py:109} INFO - [2023-11-04 14:08:19,395] {dag.py:2398} INFO - Sync 1 DAGs
[2023-11-04 14:08:19,430] {logging_mixin.py:109} INFO - [2023-11-04 14:08:19,430] {dag.py:2937} INFO - Setting next_dagrun for example_time_delta_sensor_async to None
[2023-11-04 14:08:19,444] {processor.py:171} INFO - Processing /home/airflow/.local/lib/python3.8/site-packages/airflow/example_dags/example_time_delta_sensor_async.py took 0.138 seconds
[2023-11-04 14:08:49,571] {processor.py:163} INFO - Started process (PID=450) to work on /home/airflow/.local/lib/python3.8/site-packages/airflow/example_dags/example_time_delta_sensor_async.py
[2023-11-04 14:08:49,574] {processor.py:642} INFO - Processing file /home/airflow/.local/lib/python3.8/site-packages/airflow/example_dags/example_time_delta_sensor_async.py for tasks to queue
[2023-11-04 14:08:49,576] {logging_mixin.py:109} INFO - [2023-11-04 14:08:49,576] {dagbag.py:500} INFO - Filling up the DagBag from /home/airflow/.local/lib/python3.8/site-packages/airflow/example_dags/example_time_delta_sensor_async.py
[2023-11-04 14:08:49,638] {processor.py:654} INFO - DAG(s) dict_keys(['example_time_delta_sensor_async']) retrieved from /home/airflow/.local/lib/python3.8/site-packages/airflow/example_dags/example_time_delta_sensor_async.py
[2023-11-04 14:08:49,652] {logging_mixin.py:109} INFO - [2023-11-04 14:08:49,651] {dag.py:2398} INFO - Sync 1 DAGs
[2023-11-04 14:08:49,672] {logging_mixin.py:109} INFO - [2023-11-04 14:08:49,672] {dag.py:2937} INFO - Setting next_dagrun for example_time_delta_sensor_async to None
[2023-11-04 14:08:49,692] {processor.py:171} INFO - Processing /home/airflow/.local/lib/python3.8/site-packages/airflow/example_dags/example_time_delta_sensor_async.py took 0.127 seconds
[2023-11-04 14:09:19,999] {processor.py:163} INFO - Started process (PID=499) to work on /home/airflow/.local/lib/python3.8/site-packages/airflow/example_dags/example_time_delta_sensor_async.py
[2023-11-04 14:09:20,001] {processor.py:642} INFO - Processing file /home/airflow/.local/lib/python3.8/site-packages/airflow/example_dags/example_time_delta_sensor_async.py for tasks to queue
[2023-11-04 14:09:20,003] {logging_mixin.py:109} INFO - [2023-11-04 14:09:20,003] {dagbag.py:500} INFO - Filling up the DagBag from /home/airflow/.local/lib/python3.8/site-packages/airflow/example_dags/example_time_delta_sensor_async.py
[2023-11-04 14:09:20,046] {processor.py:654} INFO - DAG(s) dict_keys(['example_time_delta_sensor_async']) retrieved from /home/airflow/.local/lib/python3.8/site-packages/airflow/example_dags/example_time_delta_sensor_async.py
[2023-11-04 14:09:20,061] {logging_mixin.py:109} INFO - [2023-11-04 14:09:20,061] {dag.py:2398} INFO - Sync 1 DAGs
[2023-11-04 14:09:20,084] {logging_mixin.py:109} INFO - [2023-11-04 14:09:20,084] {dag.py:2937} INFO - Setting next_dagrun for example_time_delta_sensor_async to None
[2023-11-04 14:09:20,101] {processor.py:171} INFO - Processing /home/airflow/.local/lib/python3.8/site-packages/airflow/example_dags/example_time_delta_sensor_async.py took 0.108 seconds
[2023-11-04 14:09:50,435] {processor.py:163} INFO - Started process (PID=556) to work on /home/airflow/.local/lib/python3.8/site-packages/airflow/example_dags/example_time_delta_sensor_async.py
[2023-11-04 14:09:50,438] {processor.py:642} INFO - Processing file /home/airflow/.local/lib/python3.8/site-packages/airflow/example_dags/example_time_delta_sensor_async.py for tasks to queue
[2023-11-04 14:09:50,440] {logging_mixin.py:109} INFO - [2023-11-04 14:09:50,439] {dagbag.py:500} INFO - Filling up the DagBag from /home/airflow/.local/lib/python3.8/site-packages/airflow/example_dags/example_time_delta_sensor_async.py
[2023-11-04 14:09:50,500] {processor.py:654} INFO - DAG(s) dict_keys(['example_time_delta_sensor_async']) retrieved from /home/airflow/.local/lib/python3.8/site-packages/airflow/example_dags/example_time_delta_sensor_async.py
[2023-11-04 14:09:50,517] {logging_mixin.py:109} INFO - [2023-11-04 14:09:50,517] {dag.py:2398} INFO - Sync 1 DAGs
[2023-11-04 14:09:50,544] {logging_mixin.py:109} INFO - [2023-11-04 14:09:50,544] {dag.py:2937} INFO - Setting next_dagrun for example_time_delta_sensor_async to None
[2023-11-04 14:09:50,562] {processor.py:171} INFO - Processing /home/airflow/.local/lib/python3.8/site-packages/airflow/example_dags/example_time_delta_sensor_async.py took 0.133 seconds
[2023-11-04 14:10:20,808] {processor.py:163} INFO - Started process (PID=605) to work on /home/airflow/.local/lib/python3.8/site-packages/airflow/example_dags/example_time_delta_sensor_async.py
[2023-11-04 14:10:20,810] {processor.py:642} INFO - Processing file /home/airflow/.local/lib/python3.8/site-packages/airflow/example_dags/example_time_delta_sensor_async.py for tasks to queue
[2023-11-04 14:10:20,812] {logging_mixin.py:109} INFO - [2023-11-04 14:10:20,812] {dagbag.py:500} INFO - Filling up the DagBag from /home/airflow/.local/lib/python3.8/site-packages/airflow/example_dags/example_time_delta_sensor_async.py
[2023-11-04 14:10:20,854] {processor.py:654} INFO - DAG(s) dict_keys(['example_time_delta_sensor_async']) retrieved from /home/airflow/.local/lib/python3.8/site-packages/airflow/example_dags/example_time_delta_sensor_async.py
[2023-11-04 14:10:20,866] {logging_mixin.py:109} INFO - [2023-11-04 14:10:20,866] {dag.py:2398} INFO - Sync 1 DAGs
[2023-11-04 14:10:20,885] {logging_mixin.py:109} INFO - [2023-11-04 14:10:20,885] {dag.py:2937} INFO - Setting next_dagrun for example_time_delta_sensor_async to None
[2023-11-04 14:10:20,896] {processor.py:171} INFO - Processing /home/airflow/.local/lib/python3.8/site-packages/airflow/example_dags/example_time_delta_sensor_async.py took 0.093 seconds
[2023-11-04 14:11:48,247] {processor.py:163} INFO - Started process (PID=37) to work on /home/airflow/.local/lib/python3.8/site-packages/airflow/example_dags/example_time_delta_sensor_async.py
[2023-11-04 14:11:48,249] {processor.py:642} INFO - Processing file /home/airflow/.local/lib/python3.8/site-packages/airflow/example_dags/example_time_delta_sensor_async.py for tasks to queue
[2023-11-04 14:11:48,251] {logging_mixin.py:109} INFO - [2023-11-04 14:11:48,251] {dagbag.py:500} INFO - Filling up the DagBag from /home/airflow/.local/lib/python3.8/site-packages/airflow/example_dags/example_time_delta_sensor_async.py
[2023-11-04 14:11:48,308] {processor.py:654} INFO - DAG(s) dict_keys(['example_time_delta_sensor_async']) retrieved from /home/airflow/.local/lib/python3.8/site-packages/airflow/example_dags/example_time_delta_sensor_async.py
[2023-11-04 14:11:48,330] {logging_mixin.py:109} INFO - [2023-11-04 14:11:48,330] {dag.py:2398} INFO - Sync 1 DAGs
[2023-11-04 14:11:48,355] {logging_mixin.py:109} INFO - [2023-11-04 14:11:48,355] {dag.py:2937} INFO - Setting next_dagrun for example_time_delta_sensor_async to None
[2023-11-04 14:11:48,375] {processor.py:171} INFO - Processing /home/airflow/.local/lib/python3.8/site-packages/airflow/example_dags/example_time_delta_sensor_async.py took 0.133 seconds
[2023-11-04 14:12:19,373] {processor.py:163} INFO - Started process (PID=85) to work on /home/airflow/.local/lib/python3.8/site-packages/airflow/example_dags/example_time_delta_sensor_async.py
[2023-11-04 14:12:19,375] {processor.py:642} INFO - Processing file /home/airflow/.local/lib/python3.8/site-packages/airflow/example_dags/example_time_delta_sensor_async.py for tasks to queue
[2023-11-04 14:12:19,377] {logging_mixin.py:109} INFO - [2023-11-04 14:12:19,377] {dagbag.py:500} INFO - Filling up the DagBag from /home/airflow/.local/lib/python3.8/site-packages/airflow/example_dags/example_time_delta_sensor_async.py
[2023-11-04 14:12:19,422] {processor.py:654} INFO - DAG(s) dict_keys(['example_time_delta_sensor_async']) retrieved from /home/airflow/.local/lib/python3.8/site-packages/airflow/example_dags/example_time_delta_sensor_async.py
[2023-11-04 14:12:19,436] {logging_mixin.py:109} INFO - [2023-11-04 14:12:19,436] {dag.py:2398} INFO - Sync 1 DAGs
[2023-11-04 14:12:19,457] {logging_mixin.py:109} INFO - [2023-11-04 14:12:19,456] {dag.py:2937} INFO - Setting next_dagrun for example_time_delta_sensor_async to None
[2023-11-04 14:12:19,469] {processor.py:171} INFO - Processing /home/airflow/.local/lib/python3.8/site-packages/airflow/example_dags/example_time_delta_sensor_async.py took 0.102 seconds
[2023-11-04 14:12:49,631] {processor.py:163} INFO - Started process (PID=142) to work on /home/airflow/.local/lib/python3.8/site-packages/airflow/example_dags/example_time_delta_sensor_async.py
[2023-11-04 14:12:49,634] {processor.py:642} INFO - Processing file /home/airflow/.local/lib/python3.8/site-packages/airflow/example_dags/example_time_delta_sensor_async.py for tasks to queue
[2023-11-04 14:12:49,636] {logging_mixin.py:109} INFO - [2023-11-04 14:12:49,635] {dagbag.py:500} INFO - Filling up the DagBag from /home/airflow/.local/lib/python3.8/site-packages/airflow/example_dags/example_time_delta_sensor_async.py
[2023-11-04 14:12:49,684] {processor.py:654} INFO - DAG(s) dict_keys(['example_time_delta_sensor_async']) retrieved from /home/airflow/.local/lib/python3.8/site-packages/airflow/example_dags/example_time_delta_sensor_async.py
[2023-11-04 14:12:49,700] {logging_mixin.py:109} INFO - [2023-11-04 14:12:49,700] {dag.py:2398} INFO - Sync 1 DAGs
[2023-11-04 14:12:49,722] {logging_mixin.py:109} INFO - [2023-11-04 14:12:49,722] {dag.py:2937} INFO - Setting next_dagrun for example_time_delta_sensor_async to None
[2023-11-04 14:12:49,738] {processor.py:171} INFO - Processing /home/airflow/.local/lib/python3.8/site-packages/airflow/example_dags/example_time_delta_sensor_async.py took 0.112 seconds
[2023-11-04 14:13:20,092] {processor.py:163} INFO - Started process (PID=191) to work on /home/airflow/.local/lib/python3.8/site-packages/airflow/example_dags/example_time_delta_sensor_async.py
[2023-11-04 14:13:20,094] {processor.py:642} INFO - Processing file /home/airflow/.local/lib/python3.8/site-packages/airflow/example_dags/example_time_delta_sensor_async.py for tasks to queue
[2023-11-04 14:13:20,096] {logging_mixin.py:109} INFO - [2023-11-04 14:13:20,096] {dagbag.py:500} INFO - Filling up the DagBag from /home/airflow/.local/lib/python3.8/site-packages/airflow/example_dags/example_time_delta_sensor_async.py
[2023-11-04 14:13:20,139] {processor.py:654} INFO - DAG(s) dict_keys(['example_time_delta_sensor_async']) retrieved from /home/airflow/.local/lib/python3.8/site-packages/airflow/example_dags/example_time_delta_sensor_async.py
[2023-11-04 14:13:20,152] {logging_mixin.py:109} INFO - [2023-11-04 14:13:20,152] {dag.py:2398} INFO - Sync 1 DAGs
[2023-11-04 14:13:20,171] {logging_mixin.py:109} INFO - [2023-11-04 14:13:20,171] {dag.py:2937} INFO - Setting next_dagrun for example_time_delta_sensor_async to None
[2023-11-04 14:13:20,181] {processor.py:171} INFO - Processing /home/airflow/.local/lib/python3.8/site-packages/airflow/example_dags/example_time_delta_sensor_async.py took 0.094 seconds
[2023-11-04 14:13:50,699] {processor.py:163} INFO - Started process (PID=241) to work on /home/airflow/.local/lib/python3.8/site-packages/airflow/example_dags/example_time_delta_sensor_async.py
[2023-11-04 14:13:50,702] {processor.py:642} INFO - Processing file /home/airflow/.local/lib/python3.8/site-packages/airflow/example_dags/example_time_delta_sensor_async.py for tasks to queue
[2023-11-04 14:13:50,703] {logging_mixin.py:109} INFO - [2023-11-04 14:13:50,703] {dagbag.py:500} INFO - Filling up the DagBag from /home/airflow/.local/lib/python3.8/site-packages/airflow/example_dags/example_time_delta_sensor_async.py
[2023-11-04 14:13:50,745] {processor.py:654} INFO - DAG(s) dict_keys(['example_time_delta_sensor_async']) retrieved from /home/airflow/.local/lib/python3.8/site-packages/airflow/example_dags/example_time_delta_sensor_async.py
[2023-11-04 14:13:50,759] {logging_mixin.py:109} INFO - [2023-11-04 14:13:50,758] {dag.py:2398} INFO - Sync 1 DAGs
[2023-11-04 14:13:50,778] {logging_mixin.py:109} INFO - [2023-11-04 14:13:50,778] {dag.py:2937} INFO - Setting next_dagrun for example_time_delta_sensor_async to None
[2023-11-04 14:13:50,789] {processor.py:171} INFO - Processing /home/airflow/.local/lib/python3.8/site-packages/airflow/example_dags/example_time_delta_sensor_async.py took 0.094 seconds
[2023-11-04 14:14:20,973] {processor.py:163} INFO - Started process (PID=298) to work on /home/airflow/.local/lib/python3.8/site-packages/airflow/example_dags/example_time_delta_sensor_async.py
[2023-11-04 14:14:20,976] {processor.py:642} INFO - Processing file /home/airflow/.local/lib/python3.8/site-packages/airflow/example_dags/example_time_delta_sensor_async.py for tasks to queue
[2023-11-04 14:14:20,978] {logging_mixin.py:109} INFO - [2023-11-04 14:14:20,978] {dagbag.py:500} INFO - Filling up the DagBag from /home/airflow/.local/lib/python3.8/site-packages/airflow/example_dags/example_time_delta_sensor_async.py
[2023-11-04 14:14:21,032] {processor.py:654} INFO - DAG(s) dict_keys(['example_time_delta_sensor_async']) retrieved from /home/airflow/.local/lib/python3.8/site-packages/airflow/example_dags/example_time_delta_sensor_async.py
[2023-11-04 14:14:21,046] {logging_mixin.py:109} INFO - [2023-11-04 14:14:21,046] {dag.py:2398} INFO - Sync 1 DAGs
[2023-11-04 14:14:21,075] {logging_mixin.py:109} INFO - [2023-11-04 14:14:21,075] {dag.py:2937} INFO - Setting next_dagrun for example_time_delta_sensor_async to None
[2023-11-04 14:14:21,087] {processor.py:171} INFO - Processing /home/airflow/.local/lib/python3.8/site-packages/airflow/example_dags/example_time_delta_sensor_async.py took 0.119 seconds
[2023-11-04 14:14:51,144] {processor.py:163} INFO - Started process (PID=347) to work on /home/airflow/.local/lib/python3.8/site-packages/airflow/example_dags/example_time_delta_sensor_async.py
[2023-11-04 14:14:51,146] {processor.py:642} INFO - Processing file /home/airflow/.local/lib/python3.8/site-packages/airflow/example_dags/example_time_delta_sensor_async.py for tasks to queue
[2023-11-04 14:14:51,147] {logging_mixin.py:109} INFO - [2023-11-04 14:14:51,147] {dagbag.py:500} INFO - Filling up the DagBag from /home/airflow/.local/lib/python3.8/site-packages/airflow/example_dags/example_time_delta_sensor_async.py
[2023-11-04 14:14:51,194] {processor.py:654} INFO - DAG(s) dict_keys(['example_time_delta_sensor_async']) retrieved from /home/airflow/.local/lib/python3.8/site-packages/airflow/example_dags/example_time_delta_sensor_async.py
[2023-11-04 14:14:51,207] {logging_mixin.py:109} INFO - [2023-11-04 14:14:51,207] {dag.py:2398} INFO - Sync 1 DAGs
[2023-11-04 14:14:51,226] {logging_mixin.py:109} INFO - [2023-11-04 14:14:51,226] {dag.py:2937} INFO - Setting next_dagrun for example_time_delta_sensor_async to None
[2023-11-04 14:14:51,237] {processor.py:171} INFO - Processing /home/airflow/.local/lib/python3.8/site-packages/airflow/example_dags/example_time_delta_sensor_async.py took 0.098 seconds
[2023-11-04 14:15:21,563] {processor.py:163} INFO - Started process (PID=396) to work on /home/airflow/.local/lib/python3.8/site-packages/airflow/example_dags/example_time_delta_sensor_async.py
[2023-11-04 14:15:21,565] {processor.py:642} INFO - Processing file /home/airflow/.local/lib/python3.8/site-packages/airflow/example_dags/example_time_delta_sensor_async.py for tasks to queue
[2023-11-04 14:15:21,566] {logging_mixin.py:109} INFO - [2023-11-04 14:15:21,566] {dagbag.py:500} INFO - Filling up the DagBag from /home/airflow/.local/lib/python3.8/site-packages/airflow/example_dags/example_time_delta_sensor_async.py
[2023-11-04 14:15:21,609] {processor.py:654} INFO - DAG(s) dict_keys(['example_time_delta_sensor_async']) retrieved from /home/airflow/.local/lib/python3.8/site-packages/airflow/example_dags/example_time_delta_sensor_async.py
[2023-11-04 14:15:21,623] {logging_mixin.py:109} INFO - [2023-11-04 14:15:21,623] {dag.py:2398} INFO - Sync 1 DAGs
[2023-11-04 14:15:21,643] {logging_mixin.py:109} INFO - [2023-11-04 14:15:21,643] {dag.py:2937} INFO - Setting next_dagrun for example_time_delta_sensor_async to None
[2023-11-04 14:15:21,655] {processor.py:171} INFO - Processing /home/airflow/.local/lib/python3.8/site-packages/airflow/example_dags/example_time_delta_sensor_async.py took 0.098 seconds
[2023-11-04 14:15:51,995] {processor.py:163} INFO - Started process (PID=453) to work on /home/airflow/.local/lib/python3.8/site-packages/airflow/example_dags/example_time_delta_sensor_async.py
[2023-11-04 14:15:51,998] {processor.py:642} INFO - Processing file /home/airflow/.local/lib/python3.8/site-packages/airflow/example_dags/example_time_delta_sensor_async.py for tasks to queue
[2023-11-04 14:15:51,999] {logging_mixin.py:109} INFO - [2023-11-04 14:15:51,999] {dagbag.py:500} INFO - Filling up the DagBag from /home/airflow/.local/lib/python3.8/site-packages/airflow/example_dags/example_time_delta_sensor_async.py
[2023-11-04 14:15:52,042] {processor.py:654} INFO - DAG(s) dict_keys(['example_time_delta_sensor_async']) retrieved from /home/airflow/.local/lib/python3.8/site-packages/airflow/example_dags/example_time_delta_sensor_async.py
[2023-11-04 14:15:52,056] {logging_mixin.py:109} INFO - [2023-11-04 14:15:52,056] {dag.py:2398} INFO - Sync 1 DAGs
[2023-11-04 14:15:52,075] {logging_mixin.py:109} INFO - [2023-11-04 14:15:52,074] {dag.py:2937} INFO - Setting next_dagrun for example_time_delta_sensor_async to None
[2023-11-04 14:15:52,085] {processor.py:171} INFO - Processing /home/airflow/.local/lib/python3.8/site-packages/airflow/example_dags/example_time_delta_sensor_async.py took 0.095 seconds
[2023-11-04 14:16:22,344] {processor.py:163} INFO - Started process (PID=502) to work on /home/airflow/.local/lib/python3.8/site-packages/airflow/example_dags/example_time_delta_sensor_async.py
[2023-11-04 14:16:22,347] {processor.py:642} INFO - Processing file /home/airflow/.local/lib/python3.8/site-packages/airflow/example_dags/example_time_delta_sensor_async.py for tasks to queue
[2023-11-04 14:16:22,348] {logging_mixin.py:109} INFO - [2023-11-04 14:16:22,348] {dagbag.py:500} INFO - Filling up the DagBag from /home/airflow/.local/lib/python3.8/site-packages/airflow/example_dags/example_time_delta_sensor_async.py
[2023-11-04 14:16:22,391] {processor.py:654} INFO - DAG(s) dict_keys(['example_time_delta_sensor_async']) retrieved from /home/airflow/.local/lib/python3.8/site-packages/airflow/example_dags/example_time_delta_sensor_async.py
[2023-11-04 14:16:22,405] {logging_mixin.py:109} INFO - [2023-11-04 14:16:22,405] {dag.py:2398} INFO - Sync 1 DAGs
[2023-11-04 14:16:22,425] {logging_mixin.py:109} INFO - [2023-11-04 14:16:22,425] {dag.py:2937} INFO - Setting next_dagrun for example_time_delta_sensor_async to None
[2023-11-04 14:16:22,437] {processor.py:171} INFO - Processing /home/airflow/.local/lib/python3.8/site-packages/airflow/example_dags/example_time_delta_sensor_async.py took 0.098 seconds
[2023-11-04 14:16:52,983] {processor.py:163} INFO - Started process (PID=559) to work on /home/airflow/.local/lib/python3.8/site-packages/airflow/example_dags/example_time_delta_sensor_async.py
[2023-11-04 14:16:52,986] {processor.py:642} INFO - Processing file /home/airflow/.local/lib/python3.8/site-packages/airflow/example_dags/example_time_delta_sensor_async.py for tasks to queue
[2023-11-04 14:16:52,988] {logging_mixin.py:109} INFO - [2023-11-04 14:16:52,988] {dagbag.py:500} INFO - Filling up the DagBag from /home/airflow/.local/lib/python3.8/site-packages/airflow/example_dags/example_time_delta_sensor_async.py
[2023-11-04 14:16:53,038] {processor.py:654} INFO - DAG(s) dict_keys(['example_time_delta_sensor_async']) retrieved from /home/airflow/.local/lib/python3.8/site-packages/airflow/example_dags/example_time_delta_sensor_async.py
[2023-11-04 14:16:53,053] {logging_mixin.py:109} INFO - [2023-11-04 14:16:53,053] {dag.py:2398} INFO - Sync 1 DAGs
[2023-11-04 14:16:53,075] {logging_mixin.py:109} INFO - [2023-11-04 14:16:53,075] {dag.py:2937} INFO - Setting next_dagrun for example_time_delta_sensor_async to None
[2023-11-04 14:16:53,090] {processor.py:171} INFO - Processing /home/airflow/.local/lib/python3.8/site-packages/airflow/example_dags/example_time_delta_sensor_async.py took 0.113 seconds
[2023-11-04 14:17:23,299] {processor.py:163} INFO - Started process (PID=608) to work on /home/airflow/.local/lib/python3.8/site-packages/airflow/example_dags/example_time_delta_sensor_async.py
[2023-11-04 14:17:23,301] {processor.py:642} INFO - Processing file /home/airflow/.local/lib/python3.8/site-packages/airflow/example_dags/example_time_delta_sensor_async.py for tasks to queue
[2023-11-04 14:17:23,302] {logging_mixin.py:109} INFO - [2023-11-04 14:17:23,302] {dagbag.py:500} INFO - Filling up the DagBag from /home/airflow/.local/lib/python3.8/site-packages/airflow/example_dags/example_time_delta_sensor_async.py
[2023-11-04 14:17:23,345] {processor.py:654} INFO - DAG(s) dict_keys(['example_time_delta_sensor_async']) retrieved from /home/airflow/.local/lib/python3.8/site-packages/airflow/example_dags/example_time_delta_sensor_async.py
[2023-11-04 14:17:23,358] {logging_mixin.py:109} INFO - [2023-11-04 14:17:23,358] {dag.py:2398} INFO - Sync 1 DAGs
[2023-11-04 14:17:23,379] {logging_mixin.py:109} INFO - [2023-11-04 14:17:23,379] {dag.py:2937} INFO - Setting next_dagrun for example_time_delta_sensor_async to None
[2023-11-04 14:17:23,391] {processor.py:171} INFO - Processing /home/airflow/.local/lib/python3.8/site-packages/airflow/example_dags/example_time_delta_sensor_async.py took 0.098 seconds
[2023-11-04 14:17:53,663] {processor.py:163} INFO - Started process (PID=657) to work on /home/airflow/.local/lib/python3.8/site-packages/airflow/example_dags/example_time_delta_sensor_async.py
[2023-11-04 14:17:53,665] {processor.py:642} INFO - Processing file /home/airflow/.local/lib/python3.8/site-packages/airflow/example_dags/example_time_delta_sensor_async.py for tasks to queue
[2023-11-04 14:17:53,667] {logging_mixin.py:109} INFO - [2023-11-04 14:17:53,667] {dagbag.py:500} INFO - Filling up the DagBag from /home/airflow/.local/lib/python3.8/site-packages/airflow/example_dags/example_time_delta_sensor_async.py
[2023-11-04 14:17:53,706] {processor.py:654} INFO - DAG(s) dict_keys(['example_time_delta_sensor_async']) retrieved from /home/airflow/.local/lib/python3.8/site-packages/airflow/example_dags/example_time_delta_sensor_async.py
[2023-11-04 14:17:53,719] {logging_mixin.py:109} INFO - [2023-11-04 14:17:53,719] {dag.py:2398} INFO - Sync 1 DAGs
[2023-11-04 14:17:53,738] {logging_mixin.py:109} INFO - [2023-11-04 14:17:53,738] {dag.py:2937} INFO - Setting next_dagrun for example_time_delta_sensor_async to None
[2023-11-04 14:17:53,753] {processor.py:171} INFO - Processing /home/airflow/.local/lib/python3.8/site-packages/airflow/example_dags/example_time_delta_sensor_async.py took 0.095 seconds
[2023-11-04 14:18:23,840] {processor.py:163} INFO - Started process (PID=712) to work on /home/airflow/.local/lib/python3.8/site-packages/airflow/example_dags/example_time_delta_sensor_async.py
[2023-11-04 14:18:23,843] {processor.py:642} INFO - Processing file /home/airflow/.local/lib/python3.8/site-packages/airflow/example_dags/example_time_delta_sensor_async.py for tasks to queue
[2023-11-04 14:18:23,844] {logging_mixin.py:109} INFO - [2023-11-04 14:18:23,844] {dagbag.py:500} INFO - Filling up the DagBag from /home/airflow/.local/lib/python3.8/site-packages/airflow/example_dags/example_time_delta_sensor_async.py
[2023-11-04 14:18:23,886] {processor.py:654} INFO - DAG(s) dict_keys(['example_time_delta_sensor_async']) retrieved from /home/airflow/.local/lib/python3.8/site-packages/airflow/example_dags/example_time_delta_sensor_async.py
[2023-11-04 14:18:23,899] {logging_mixin.py:109} INFO - [2023-11-04 14:18:23,899] {dag.py:2398} INFO - Sync 1 DAGs
[2023-11-04 14:18:23,920] {logging_mixin.py:109} INFO - [2023-11-04 14:18:23,920] {dag.py:2937} INFO - Setting next_dagrun for example_time_delta_sensor_async to None
[2023-11-04 14:18:23,932] {processor.py:171} INFO - Processing /home/airflow/.local/lib/python3.8/site-packages/airflow/example_dags/example_time_delta_sensor_async.py took 0.098 seconds
[2023-11-04 14:18:54,069] {processor.py:163} INFO - Started process (PID=763) to work on /home/airflow/.local/lib/python3.8/site-packages/airflow/example_dags/example_time_delta_sensor_async.py
[2023-11-04 14:18:54,073] {processor.py:642} INFO - Processing file /home/airflow/.local/lib/python3.8/site-packages/airflow/example_dags/example_time_delta_sensor_async.py for tasks to queue
[2023-11-04 14:18:54,075] {logging_mixin.py:109} INFO - [2023-11-04 14:18:54,075] {dagbag.py:500} INFO - Filling up the DagBag from /home/airflow/.local/lib/python3.8/site-packages/airflow/example_dags/example_time_delta_sensor_async.py
[2023-11-04 14:18:54,155] {processor.py:654} INFO - DAG(s) dict_keys(['example_time_delta_sensor_async']) retrieved from /home/airflow/.local/lib/python3.8/site-packages/airflow/example_dags/example_time_delta_sensor_async.py
[2023-11-04 14:18:54,172] {logging_mixin.py:109} INFO - [2023-11-04 14:18:54,171] {dag.py:2398} INFO - Sync 1 DAGs
[2023-11-04 14:18:54,193] {logging_mixin.py:109} INFO - [2023-11-04 14:18:54,193] {dag.py:2937} INFO - Setting next_dagrun for example_time_delta_sensor_async to None
[2023-11-04 14:18:54,206] {processor.py:171} INFO - Processing /home/airflow/.local/lib/python3.8/site-packages/airflow/example_dags/example_time_delta_sensor_async.py took 0.143 seconds
[2023-11-04 14:19:24,444] {processor.py:163} INFO - Started process (PID=812) to work on /home/airflow/.local/lib/python3.8/site-packages/airflow/example_dags/example_time_delta_sensor_async.py
[2023-11-04 14:19:24,447] {processor.py:642} INFO - Processing file /home/airflow/.local/lib/python3.8/site-packages/airflow/example_dags/example_time_delta_sensor_async.py for tasks to queue
[2023-11-04 14:19:24,448] {logging_mixin.py:109} INFO - [2023-11-04 14:19:24,448] {dagbag.py:500} INFO - Filling up the DagBag from /home/airflow/.local/lib/python3.8/site-packages/airflow/example_dags/example_time_delta_sensor_async.py
[2023-11-04 14:19:24,493] {processor.py:654} INFO - DAG(s) dict_keys(['example_time_delta_sensor_async']) retrieved from /home/airflow/.local/lib/python3.8/site-packages/airflow/example_dags/example_time_delta_sensor_async.py
[2023-11-04 14:19:24,506] {logging_mixin.py:109} INFO - [2023-11-04 14:19:24,506] {dag.py:2398} INFO - Sync 1 DAGs
[2023-11-04 14:19:24,527] {logging_mixin.py:109} INFO - [2023-11-04 14:19:24,527] {dag.py:2937} INFO - Setting next_dagrun for example_time_delta_sensor_async to None
[2023-11-04 14:19:24,538] {processor.py:171} INFO - Processing /home/airflow/.local/lib/python3.8/site-packages/airflow/example_dags/example_time_delta_sensor_async.py took 0.100 seconds
[2023-11-04 14:19:54,905] {processor.py:163} INFO - Started process (PID=868) to work on /home/airflow/.local/lib/python3.8/site-packages/airflow/example_dags/example_time_delta_sensor_async.py
[2023-11-04 14:19:54,907] {processor.py:642} INFO - Processing file /home/airflow/.local/lib/python3.8/site-packages/airflow/example_dags/example_time_delta_sensor_async.py for tasks to queue
[2023-11-04 14:19:54,909] {logging_mixin.py:109} INFO - [2023-11-04 14:19:54,909] {dagbag.py:500} INFO - Filling up the DagBag from /home/airflow/.local/lib/python3.8/site-packages/airflow/example_dags/example_time_delta_sensor_async.py
[2023-11-04 14:19:54,964] {processor.py:654} INFO - DAG(s) dict_keys(['example_time_delta_sensor_async']) retrieved from /home/airflow/.local/lib/python3.8/site-packages/airflow/example_dags/example_time_delta_sensor_async.py
[2023-11-04 14:19:54,980] {logging_mixin.py:109} INFO - [2023-11-04 14:19:54,980] {dag.py:2398} INFO - Sync 1 DAGs
[2023-11-04 14:19:55,004] {logging_mixin.py:109} INFO - [2023-11-04 14:19:55,004] {dag.py:2937} INFO - Setting next_dagrun for example_time_delta_sensor_async to None
[2023-11-04 14:19:55,018] {processor.py:171} INFO - Processing /home/airflow/.local/lib/python3.8/site-packages/airflow/example_dags/example_time_delta_sensor_async.py took 0.119 seconds
[2023-11-04 14:20:25,432] {processor.py:163} INFO - Started process (PID=920) to work on /home/airflow/.local/lib/python3.8/site-packages/airflow/example_dags/example_time_delta_sensor_async.py
[2023-11-04 14:20:25,434] {processor.py:642} INFO - Processing file /home/airflow/.local/lib/python3.8/site-packages/airflow/example_dags/example_time_delta_sensor_async.py for tasks to queue
[2023-11-04 14:20:25,436] {logging_mixin.py:109} INFO - [2023-11-04 14:20:25,436] {dagbag.py:500} INFO - Filling up the DagBag from /home/airflow/.local/lib/python3.8/site-packages/airflow/example_dags/example_time_delta_sensor_async.py
[2023-11-04 14:20:25,480] {processor.py:654} INFO - DAG(s) dict_keys(['example_time_delta_sensor_async']) retrieved from /home/airflow/.local/lib/python3.8/site-packages/airflow/example_dags/example_time_delta_sensor_async.py
[2023-11-04 14:20:25,493] {logging_mixin.py:109} INFO - [2023-11-04 14:20:25,493] {dag.py:2398} INFO - Sync 1 DAGs
[2023-11-04 14:20:25,513] {logging_mixin.py:109} INFO - [2023-11-04 14:20:25,513] {dag.py:2937} INFO - Setting next_dagrun for example_time_delta_sensor_async to None
[2023-11-04 14:20:25,524] {processor.py:171} INFO - Processing /home/airflow/.local/lib/python3.8/site-packages/airflow/example_dags/example_time_delta_sensor_async.py took 0.097 seconds
[2023-11-04 14:20:56,121] {processor.py:163} INFO - Started process (PID=969) to work on /home/airflow/.local/lib/python3.8/site-packages/airflow/example_dags/example_time_delta_sensor_async.py
[2023-11-04 14:20:56,125] {processor.py:642} INFO - Processing file /home/airflow/.local/lib/python3.8/site-packages/airflow/example_dags/example_time_delta_sensor_async.py for tasks to queue
[2023-11-04 14:20:56,127] {logging_mixin.py:109} INFO - [2023-11-04 14:20:56,127] {dagbag.py:500} INFO - Filling up the DagBag from /home/airflow/.local/lib/python3.8/site-packages/airflow/example_dags/example_time_delta_sensor_async.py
[2023-11-04 14:20:56,180] {processor.py:654} INFO - DAG(s) dict_keys(['example_time_delta_sensor_async']) retrieved from /home/airflow/.local/lib/python3.8/site-packages/airflow/example_dags/example_time_delta_sensor_async.py
[2023-11-04 14:20:56,198] {logging_mixin.py:109} INFO - [2023-11-04 14:20:56,198] {dag.py:2398} INFO - Sync 1 DAGs
[2023-11-04 14:20:56,217] {logging_mixin.py:109} INFO - [2023-11-04 14:20:56,217] {dag.py:2937} INFO - Setting next_dagrun for example_time_delta_sensor_async to None
[2023-11-04 14:20:56,229] {processor.py:171} INFO - Processing /home/airflow/.local/lib/python3.8/site-packages/airflow/example_dags/example_time_delta_sensor_async.py took 0.113 seconds
[2023-11-04 14:21:26,402] {processor.py:163} INFO - Started process (PID=1019) to work on /home/airflow/.local/lib/python3.8/site-packages/airflow/example_dags/example_time_delta_sensor_async.py
[2023-11-04 14:21:26,405] {processor.py:642} INFO - Processing file /home/airflow/.local/lib/python3.8/site-packages/airflow/example_dags/example_time_delta_sensor_async.py for tasks to queue
[2023-11-04 14:21:26,407] {logging_mixin.py:109} INFO - [2023-11-04 14:21:26,407] {dagbag.py:500} INFO - Filling up the DagBag from /home/airflow/.local/lib/python3.8/site-packages/airflow/example_dags/example_time_delta_sensor_async.py
[2023-11-04 14:21:26,451] {processor.py:654} INFO - DAG(s) dict_keys(['example_time_delta_sensor_async']) retrieved from /home/airflow/.local/lib/python3.8/site-packages/airflow/example_dags/example_time_delta_sensor_async.py
[2023-11-04 14:21:26,467] {logging_mixin.py:109} INFO - [2023-11-04 14:21:26,466] {dag.py:2398} INFO - Sync 1 DAGs
[2023-11-04 14:21:26,488] {logging_mixin.py:109} INFO - [2023-11-04 14:21:26,488] {dag.py:2937} INFO - Setting next_dagrun for example_time_delta_sensor_async to None
[2023-11-04 14:21:26,500] {processor.py:171} INFO - Processing /home/airflow/.local/lib/python3.8/site-packages/airflow/example_dags/example_time_delta_sensor_async.py took 0.102 seconds
[2023-11-04 14:21:56,701] {processor.py:163} INFO - Started process (PID=1077) to work on /home/airflow/.local/lib/python3.8/site-packages/airflow/example_dags/example_time_delta_sensor_async.py
[2023-11-04 14:21:56,704] {processor.py:642} INFO - Processing file /home/airflow/.local/lib/python3.8/site-packages/airflow/example_dags/example_time_delta_sensor_async.py for tasks to queue
[2023-11-04 14:21:56,706] {logging_mixin.py:109} INFO - [2023-11-04 14:21:56,706] {dagbag.py:500} INFO - Filling up the DagBag from /home/airflow/.local/lib/python3.8/site-packages/airflow/example_dags/example_time_delta_sensor_async.py
[2023-11-04 14:21:56,748] {processor.py:654} INFO - DAG(s) dict_keys(['example_time_delta_sensor_async']) retrieved from /home/airflow/.local/lib/python3.8/site-packages/airflow/example_dags/example_time_delta_sensor_async.py
[2023-11-04 14:21:56,761] {logging_mixin.py:109} INFO - [2023-11-04 14:21:56,760] {dag.py:2398} INFO - Sync 1 DAGs
[2023-11-04 14:21:56,781] {logging_mixin.py:109} INFO - [2023-11-04 14:21:56,781] {dag.py:2937} INFO - Setting next_dagrun for example_time_delta_sensor_async to None
[2023-11-04 14:21:56,791] {processor.py:171} INFO - Processing /home/airflow/.local/lib/python3.8/site-packages/airflow/example_dags/example_time_delta_sensor_async.py took 0.095 seconds
[2023-11-04 14:22:26,840] {processor.py:163} INFO - Started process (PID=1126) to work on /home/airflow/.local/lib/python3.8/site-packages/airflow/example_dags/example_time_delta_sensor_async.py
[2023-11-04 14:22:26,843] {processor.py:642} INFO - Processing file /home/airflow/.local/lib/python3.8/site-packages/airflow/example_dags/example_time_delta_sensor_async.py for tasks to queue
[2023-11-04 14:22:26,845] {logging_mixin.py:109} INFO - [2023-11-04 14:22:26,845] {dagbag.py:500} INFO - Filling up the DagBag from /home/airflow/.local/lib/python3.8/site-packages/airflow/example_dags/example_time_delta_sensor_async.py
[2023-11-04 14:22:26,891] {processor.py:654} INFO - DAG(s) dict_keys(['example_time_delta_sensor_async']) retrieved from /home/airflow/.local/lib/python3.8/site-packages/airflow/example_dags/example_time_delta_sensor_async.py
[2023-11-04 14:22:26,904] {logging_mixin.py:109} INFO - [2023-11-04 14:22:26,904] {dag.py:2398} INFO - Sync 1 DAGs
[2023-11-04 14:22:26,925] {logging_mixin.py:109} INFO - [2023-11-04 14:22:26,925] {dag.py:2937} INFO - Setting next_dagrun for example_time_delta_sensor_async to None
[2023-11-04 14:22:26,937] {processor.py:171} INFO - Processing /home/airflow/.local/lib/python3.8/site-packages/airflow/example_dags/example_time_delta_sensor_async.py took 0.102 seconds
[2023-11-04 14:22:57,099] {processor.py:163} INFO - Started process (PID=1183) to work on /home/airflow/.local/lib/python3.8/site-packages/airflow/example_dags/example_time_delta_sensor_async.py
[2023-11-04 14:22:57,101] {processor.py:642} INFO - Processing file /home/airflow/.local/lib/python3.8/site-packages/airflow/example_dags/example_time_delta_sensor_async.py for tasks to queue
[2023-11-04 14:22:57,103] {logging_mixin.py:109} INFO - [2023-11-04 14:22:57,103] {dagbag.py:500} INFO - Filling up the DagBag from /home/airflow/.local/lib/python3.8/site-packages/airflow/example_dags/example_time_delta_sensor_async.py
[2023-11-04 14:22:57,149] {processor.py:654} INFO - DAG(s) dict_keys(['example_time_delta_sensor_async']) retrieved from /home/airflow/.local/lib/python3.8/site-packages/airflow/example_dags/example_time_delta_sensor_async.py
[2023-11-04 14:22:57,163] {logging_mixin.py:109} INFO - [2023-11-04 14:22:57,163] {dag.py:2398} INFO - Sync 1 DAGs
[2023-11-04 14:22:57,183] {logging_mixin.py:109} INFO - [2023-11-04 14:22:57,182] {dag.py:2937} INFO - Setting next_dagrun for example_time_delta_sensor_async to None
[2023-11-04 14:22:57,195] {processor.py:171} INFO - Processing /home/airflow/.local/lib/python3.8/site-packages/airflow/example_dags/example_time_delta_sensor_async.py took 0.101 seconds
[2023-11-04 14:23:27,695] {processor.py:163} INFO - Started process (PID=1232) to work on /home/airflow/.local/lib/python3.8/site-packages/airflow/example_dags/example_time_delta_sensor_async.py
[2023-11-04 14:23:27,697] {processor.py:642} INFO - Processing file /home/airflow/.local/lib/python3.8/site-packages/airflow/example_dags/example_time_delta_sensor_async.py for tasks to queue
[2023-11-04 14:23:27,699] {logging_mixin.py:109} INFO - [2023-11-04 14:23:27,699] {dagbag.py:500} INFO - Filling up the DagBag from /home/airflow/.local/lib/python3.8/site-packages/airflow/example_dags/example_time_delta_sensor_async.py
[2023-11-04 14:23:27,749] {processor.py:654} INFO - DAG(s) dict_keys(['example_time_delta_sensor_async']) retrieved from /home/airflow/.local/lib/python3.8/site-packages/airflow/example_dags/example_time_delta_sensor_async.py
[2023-11-04 14:23:27,764] {logging_mixin.py:109} INFO - [2023-11-04 14:23:27,764] {dag.py:2398} INFO - Sync 1 DAGs
[2023-11-04 14:23:27,785] {logging_mixin.py:109} INFO - [2023-11-04 14:23:27,785] {dag.py:2937} INFO - Setting next_dagrun for example_time_delta_sensor_async to None
[2023-11-04 14:23:27,798] {processor.py:171} INFO - Processing /home/airflow/.local/lib/python3.8/site-packages/airflow/example_dags/example_time_delta_sensor_async.py took 0.108 seconds
[2023-11-04 14:23:58,609] {processor.py:163} INFO - Started process (PID=1281) to work on /home/airflow/.local/lib/python3.8/site-packages/airflow/example_dags/example_time_delta_sensor_async.py
[2023-11-04 14:23:58,612] {processor.py:642} INFO - Processing file /home/airflow/.local/lib/python3.8/site-packages/airflow/example_dags/example_time_delta_sensor_async.py for tasks to queue
[2023-11-04 14:23:58,613] {logging_mixin.py:109} INFO - [2023-11-04 14:23:58,613] {dagbag.py:500} INFO - Filling up the DagBag from /home/airflow/.local/lib/python3.8/site-packages/airflow/example_dags/example_time_delta_sensor_async.py
[2023-11-04 14:23:58,660] {processor.py:654} INFO - DAG(s) dict_keys(['example_time_delta_sensor_async']) retrieved from /home/airflow/.local/lib/python3.8/site-packages/airflow/example_dags/example_time_delta_sensor_async.py
[2023-11-04 14:23:58,673] {logging_mixin.py:109} INFO - [2023-11-04 14:23:58,673] {dag.py:2398} INFO - Sync 1 DAGs
[2023-11-04 14:23:58,696] {logging_mixin.py:109} INFO - [2023-11-04 14:23:58,696] {dag.py:2937} INFO - Setting next_dagrun for example_time_delta_sensor_async to None
[2023-11-04 14:23:58,707] {processor.py:171} INFO - Processing /home/airflow/.local/lib/python3.8/site-packages/airflow/example_dags/example_time_delta_sensor_async.py took 0.106 seconds
[2023-11-04 14:24:29,446] {processor.py:163} INFO - Started process (PID=1338) to work on /home/airflow/.local/lib/python3.8/site-packages/airflow/example_dags/example_time_delta_sensor_async.py
[2023-11-04 14:24:29,449] {processor.py:642} INFO - Processing file /home/airflow/.local/lib/python3.8/site-packages/airflow/example_dags/example_time_delta_sensor_async.py for tasks to queue
[2023-11-04 14:24:29,451] {logging_mixin.py:109} INFO - [2023-11-04 14:24:29,451] {dagbag.py:500} INFO - Filling up the DagBag from /home/airflow/.local/lib/python3.8/site-packages/airflow/example_dags/example_time_delta_sensor_async.py
[2023-11-04 14:24:29,498] {processor.py:654} INFO - DAG(s) dict_keys(['example_time_delta_sensor_async']) retrieved from /home/airflow/.local/lib/python3.8/site-packages/airflow/example_dags/example_time_delta_sensor_async.py
[2023-11-04 14:24:29,514] {logging_mixin.py:109} INFO - [2023-11-04 14:24:29,514] {dag.py:2398} INFO - Sync 1 DAGs
[2023-11-04 14:24:29,535] {logging_mixin.py:109} INFO - [2023-11-04 14:24:29,535] {dag.py:2937} INFO - Setting next_dagrun for example_time_delta_sensor_async to None
[2023-11-04 14:24:29,547] {processor.py:171} INFO - Processing /home/airflow/.local/lib/python3.8/site-packages/airflow/example_dags/example_time_delta_sensor_async.py took 0.106 seconds
[2023-11-04 14:24:59,757] {processor.py:163} INFO - Started process (PID=1387) to work on /home/airflow/.local/lib/python3.8/site-packages/airflow/example_dags/example_time_delta_sensor_async.py
[2023-11-04 14:24:59,760] {processor.py:642} INFO - Processing file /home/airflow/.local/lib/python3.8/site-packages/airflow/example_dags/example_time_delta_sensor_async.py for tasks to queue
[2023-11-04 14:24:59,761] {logging_mixin.py:109} INFO - [2023-11-04 14:24:59,761] {dagbag.py:500} INFO - Filling up the DagBag from /home/airflow/.local/lib/python3.8/site-packages/airflow/example_dags/example_time_delta_sensor_async.py
[2023-11-04 14:24:59,809] {processor.py:654} INFO - DAG(s) dict_keys(['example_time_delta_sensor_async']) retrieved from /home/airflow/.local/lib/python3.8/site-packages/airflow/example_dags/example_time_delta_sensor_async.py
[2023-11-04 14:24:59,824] {logging_mixin.py:109} INFO - [2023-11-04 14:24:59,824] {dag.py:2398} INFO - Sync 1 DAGs
[2023-11-04 14:24:59,852] {logging_mixin.py:109} INFO - [2023-11-04 14:24:59,852] {dag.py:2937} INFO - Setting next_dagrun for example_time_delta_sensor_async to None
[2023-11-04 14:24:59,867] {processor.py:171} INFO - Processing /home/airflow/.local/lib/python3.8/site-packages/airflow/example_dags/example_time_delta_sensor_async.py took 0.115 seconds
[2023-11-04 14:25:30,005] {processor.py:163} INFO - Started process (PID=1444) to work on /home/airflow/.local/lib/python3.8/site-packages/airflow/example_dags/example_time_delta_sensor_async.py
[2023-11-04 14:25:30,007] {processor.py:642} INFO - Processing file /home/airflow/.local/lib/python3.8/site-packages/airflow/example_dags/example_time_delta_sensor_async.py for tasks to queue
[2023-11-04 14:25:30,009] {logging_mixin.py:109} INFO - [2023-11-04 14:25:30,009] {dagbag.py:500} INFO - Filling up the DagBag from /home/airflow/.local/lib/python3.8/site-packages/airflow/example_dags/example_time_delta_sensor_async.py
[2023-11-04 14:25:30,053] {processor.py:654} INFO - DAG(s) dict_keys(['example_time_delta_sensor_async']) retrieved from /home/airflow/.local/lib/python3.8/site-packages/airflow/example_dags/example_time_delta_sensor_async.py
[2023-11-04 14:25:30,066] {logging_mixin.py:109} INFO - [2023-11-04 14:25:30,066] {dag.py:2398} INFO - Sync 1 DAGs
[2023-11-04 14:25:30,086] {logging_mixin.py:109} INFO - [2023-11-04 14:25:30,086] {dag.py:2937} INFO - Setting next_dagrun for example_time_delta_sensor_async to None
[2023-11-04 14:25:30,098] {processor.py:171} INFO - Processing /home/airflow/.local/lib/python3.8/site-packages/airflow/example_dags/example_time_delta_sensor_async.py took 0.098 seconds
[2023-11-04 14:26:00,326] {processor.py:163} INFO - Started process (PID=1493) to work on /home/airflow/.local/lib/python3.8/site-packages/airflow/example_dags/example_time_delta_sensor_async.py
[2023-11-04 14:26:00,329] {processor.py:642} INFO - Processing file /home/airflow/.local/lib/python3.8/site-packages/airflow/example_dags/example_time_delta_sensor_async.py for tasks to queue
[2023-11-04 14:26:00,332] {logging_mixin.py:109} INFO - [2023-11-04 14:26:00,331] {dagbag.py:500} INFO - Filling up the DagBag from /home/airflow/.local/lib/python3.8/site-packages/airflow/example_dags/example_time_delta_sensor_async.py
[2023-11-04 14:26:00,375] {processor.py:654} INFO - DAG(s) dict_keys(['example_time_delta_sensor_async']) retrieved from /home/airflow/.local/lib/python3.8/site-packages/airflow/example_dags/example_time_delta_sensor_async.py
[2023-11-04 14:26:00,389] {logging_mixin.py:109} INFO - [2023-11-04 14:26:00,389] {dag.py:2398} INFO - Sync 1 DAGs
[2023-11-04 14:26:00,408] {logging_mixin.py:109} INFO - [2023-11-04 14:26:00,408] {dag.py:2937} INFO - Setting next_dagrun for example_time_delta_sensor_async to None
[2023-11-04 14:26:00,420] {processor.py:171} INFO - Processing /home/airflow/.local/lib/python3.8/site-packages/airflow/example_dags/example_time_delta_sensor_async.py took 0.101 seconds
[2023-11-04 14:26:30,658] {processor.py:163} INFO - Started process (PID=1542) to work on /home/airflow/.local/lib/python3.8/site-packages/airflow/example_dags/example_time_delta_sensor_async.py
[2023-11-04 14:26:30,660] {processor.py:642} INFO - Processing file /home/airflow/.local/lib/python3.8/site-packages/airflow/example_dags/example_time_delta_sensor_async.py for tasks to queue
[2023-11-04 14:26:30,662] {logging_mixin.py:109} INFO - [2023-11-04 14:26:30,661] {dagbag.py:500} INFO - Filling up the DagBag from /home/airflow/.local/lib/python3.8/site-packages/airflow/example_dags/example_time_delta_sensor_async.py
[2023-11-04 14:26:30,708] {processor.py:654} INFO - DAG(s) dict_keys(['example_time_delta_sensor_async']) retrieved from /home/airflow/.local/lib/python3.8/site-packages/airflow/example_dags/example_time_delta_sensor_async.py
[2023-11-04 14:26:30,725] {logging_mixin.py:109} INFO - [2023-11-04 14:26:30,725] {dag.py:2398} INFO - Sync 1 DAGs
[2023-11-04 14:26:30,747] {logging_mixin.py:109} INFO - [2023-11-04 14:26:30,747] {dag.py:2937} INFO - Setting next_dagrun for example_time_delta_sensor_async to None
[2023-11-04 14:26:30,759] {processor.py:171} INFO - Processing /home/airflow/.local/lib/python3.8/site-packages/airflow/example_dags/example_time_delta_sensor_async.py took 0.107 seconds
[2023-11-04 14:28:07,263] {processor.py:163} INFO - Started process (PID=37) to work on /home/airflow/.local/lib/python3.8/site-packages/airflow/example_dags/example_time_delta_sensor_async.py
[2023-11-04 14:28:07,266] {processor.py:642} INFO - Processing file /home/airflow/.local/lib/python3.8/site-packages/airflow/example_dags/example_time_delta_sensor_async.py for tasks to queue
[2023-11-04 14:28:07,269] {logging_mixin.py:109} INFO - [2023-11-04 14:28:07,269] {dagbag.py:500} INFO - Filling up the DagBag from /home/airflow/.local/lib/python3.8/site-packages/airflow/example_dags/example_time_delta_sensor_async.py
[2023-11-04 14:28:07,328] {processor.py:654} INFO - DAG(s) dict_keys(['example_time_delta_sensor_async']) retrieved from /home/airflow/.local/lib/python3.8/site-packages/airflow/example_dags/example_time_delta_sensor_async.py
[2023-11-04 14:28:07,342] {logging_mixin.py:109} INFO - [2023-11-04 14:28:07,342] {dag.py:2398} INFO - Sync 1 DAGs
[2023-11-04 14:28:07,367] {logging_mixin.py:109} INFO - [2023-11-04 14:28:07,367] {dag.py:2937} INFO - Setting next_dagrun for example_time_delta_sensor_async to None
[2023-11-04 14:28:07,380] {processor.py:171} INFO - Processing /home/airflow/.local/lib/python3.8/site-packages/airflow/example_dags/example_time_delta_sensor_async.py took 0.122 seconds
[2023-11-04 14:28:37,956] {processor.py:163} INFO - Started process (PID=87) to work on /home/airflow/.local/lib/python3.8/site-packages/airflow/example_dags/example_time_delta_sensor_async.py
[2023-11-04 14:28:37,959] {processor.py:642} INFO - Processing file /home/airflow/.local/lib/python3.8/site-packages/airflow/example_dags/example_time_delta_sensor_async.py for tasks to queue
[2023-11-04 14:28:37,960] {logging_mixin.py:109} INFO - [2023-11-04 14:28:37,960] {dagbag.py:500} INFO - Filling up the DagBag from /home/airflow/.local/lib/python3.8/site-packages/airflow/example_dags/example_time_delta_sensor_async.py
[2023-11-04 14:28:38,002] {processor.py:654} INFO - DAG(s) dict_keys(['example_time_delta_sensor_async']) retrieved from /home/airflow/.local/lib/python3.8/site-packages/airflow/example_dags/example_time_delta_sensor_async.py
[2023-11-04 14:28:38,015] {logging_mixin.py:109} INFO - [2023-11-04 14:28:38,015] {dag.py:2398} INFO - Sync 1 DAGs
[2023-11-04 14:28:38,034] {logging_mixin.py:109} INFO - [2023-11-04 14:28:38,034] {dag.py:2937} INFO - Setting next_dagrun for example_time_delta_sensor_async to None
[2023-11-04 14:28:38,045] {processor.py:171} INFO - Processing /home/airflow/.local/lib/python3.8/site-packages/airflow/example_dags/example_time_delta_sensor_async.py took 0.094 seconds
[2023-11-04 14:29:08,449] {processor.py:163} INFO - Started process (PID=144) to work on /home/airflow/.local/lib/python3.8/site-packages/airflow/example_dags/example_time_delta_sensor_async.py
[2023-11-04 14:29:08,451] {processor.py:642} INFO - Processing file /home/airflow/.local/lib/python3.8/site-packages/airflow/example_dags/example_time_delta_sensor_async.py for tasks to queue
[2023-11-04 14:29:08,453] {logging_mixin.py:109} INFO - [2023-11-04 14:29:08,453] {dagbag.py:500} INFO - Filling up the DagBag from /home/airflow/.local/lib/python3.8/site-packages/airflow/example_dags/example_time_delta_sensor_async.py
[2023-11-04 14:29:08,498] {processor.py:654} INFO - DAG(s) dict_keys(['example_time_delta_sensor_async']) retrieved from /home/airflow/.local/lib/python3.8/site-packages/airflow/example_dags/example_time_delta_sensor_async.py
[2023-11-04 14:29:08,512] {logging_mixin.py:109} INFO - [2023-11-04 14:29:08,512] {dag.py:2398} INFO - Sync 1 DAGs
[2023-11-04 14:29:08,532] {logging_mixin.py:109} INFO - [2023-11-04 14:29:08,531] {dag.py:2937} INFO - Setting next_dagrun for example_time_delta_sensor_async to None
[2023-11-04 14:29:08,543] {processor.py:171} INFO - Processing /home/airflow/.local/lib/python3.8/site-packages/airflow/example_dags/example_time_delta_sensor_async.py took 0.099 seconds
[2023-11-04 14:29:38,825] {processor.py:163} INFO - Started process (PID=193) to work on /home/airflow/.local/lib/python3.8/site-packages/airflow/example_dags/example_time_delta_sensor_async.py
[2023-11-04 14:29:38,831] {processor.py:642} INFO - Processing file /home/airflow/.local/lib/python3.8/site-packages/airflow/example_dags/example_time_delta_sensor_async.py for tasks to queue
[2023-11-04 14:29:38,835] {logging_mixin.py:109} INFO - [2023-11-04 14:29:38,834] {dagbag.py:500} INFO - Filling up the DagBag from /home/airflow/.local/lib/python3.8/site-packages/airflow/example_dags/example_time_delta_sensor_async.py
[2023-11-04 14:29:38,910] {processor.py:654} INFO - DAG(s) dict_keys(['example_time_delta_sensor_async']) retrieved from /home/airflow/.local/lib/python3.8/site-packages/airflow/example_dags/example_time_delta_sensor_async.py
[2023-11-04 14:29:38,931] {logging_mixin.py:109} INFO - [2023-11-04 14:29:38,931] {dag.py:2398} INFO - Sync 1 DAGs
[2023-11-04 14:29:38,953] {logging_mixin.py:109} INFO - [2023-11-04 14:29:38,953] {dag.py:2937} INFO - Setting next_dagrun for example_time_delta_sensor_async to None
[2023-11-04 14:29:38,965] {processor.py:171} INFO - Processing /home/airflow/.local/lib/python3.8/site-packages/airflow/example_dags/example_time_delta_sensor_async.py took 0.150 seconds
[2023-11-04 14:30:09,710] {processor.py:163} INFO - Started process (PID=242) to work on /home/airflow/.local/lib/python3.8/site-packages/airflow/example_dags/example_time_delta_sensor_async.py
[2023-11-04 14:30:09,714] {processor.py:642} INFO - Processing file /home/airflow/.local/lib/python3.8/site-packages/airflow/example_dags/example_time_delta_sensor_async.py for tasks to queue
[2023-11-04 14:30:09,715] {logging_mixin.py:109} INFO - [2023-11-04 14:30:09,715] {dagbag.py:500} INFO - Filling up the DagBag from /home/airflow/.local/lib/python3.8/site-packages/airflow/example_dags/example_time_delta_sensor_async.py
[2023-11-04 14:30:09,762] {processor.py:654} INFO - DAG(s) dict_keys(['example_time_delta_sensor_async']) retrieved from /home/airflow/.local/lib/python3.8/site-packages/airflow/example_dags/example_time_delta_sensor_async.py
[2023-11-04 14:30:09,776] {logging_mixin.py:109} INFO - [2023-11-04 14:30:09,776] {dag.py:2398} INFO - Sync 1 DAGs
[2023-11-04 14:30:09,799] {logging_mixin.py:109} INFO - [2023-11-04 14:30:09,799] {dag.py:2937} INFO - Setting next_dagrun for example_time_delta_sensor_async to None
[2023-11-04 14:30:09,814] {processor.py:171} INFO - Processing /home/airflow/.local/lib/python3.8/site-packages/airflow/example_dags/example_time_delta_sensor_async.py took 0.108 seconds
[2023-11-04 14:30:39,894] {processor.py:163} INFO - Started process (PID=298) to work on /home/airflow/.local/lib/python3.8/site-packages/airflow/example_dags/example_time_delta_sensor_async.py
[2023-11-04 14:30:39,897] {processor.py:642} INFO - Processing file /home/airflow/.local/lib/python3.8/site-packages/airflow/example_dags/example_time_delta_sensor_async.py for tasks to queue
[2023-11-04 14:30:39,898] {logging_mixin.py:109} INFO - [2023-11-04 14:30:39,898] {dagbag.py:500} INFO - Filling up the DagBag from /home/airflow/.local/lib/python3.8/site-packages/airflow/example_dags/example_time_delta_sensor_async.py
[2023-11-04 14:30:39,959] {processor.py:654} INFO - DAG(s) dict_keys(['example_time_delta_sensor_async']) retrieved from /home/airflow/.local/lib/python3.8/site-packages/airflow/example_dags/example_time_delta_sensor_async.py
[2023-11-04 14:30:39,987] {logging_mixin.py:109} INFO - [2023-11-04 14:30:39,987] {dag.py:2398} INFO - Sync 1 DAGs
[2023-11-04 14:30:40,014] {logging_mixin.py:109} INFO - [2023-11-04 14:30:40,013] {dag.py:2937} INFO - Setting next_dagrun for example_time_delta_sensor_async to None
[2023-11-04 14:30:40,031] {processor.py:171} INFO - Processing /home/airflow/.local/lib/python3.8/site-packages/airflow/example_dags/example_time_delta_sensor_async.py took 0.141 seconds
