[2023-11-04 13:41:10,374] {processor.py:163} INFO - Started process (PID=98) to work on /home/airflow/.local/lib/python3.8/site-packages/airflow/example_dags/example_bash_operator.py
[2023-11-04 13:41:10,376] {processor.py:642} INFO - Processing file /home/airflow/.local/lib/python3.8/site-packages/airflow/example_dags/example_bash_operator.py for tasks to queue
[2023-11-04 13:41:10,378] {logging_mixin.py:109} INFO - [2023-11-04 13:41:10,378] {dagbag.py:500} INFO - Filling up the DagBag from /home/airflow/.local/lib/python3.8/site-packages/airflow/example_dags/example_bash_operator.py
[2023-11-04 13:41:10,431] {processor.py:654} INFO - DAG(s) dict_keys(['example_bash_operator']) retrieved from /home/airflow/.local/lib/python3.8/site-packages/airflow/example_dags/example_bash_operator.py
[2023-11-04 13:41:12,486] {logging_mixin.py:109} INFO - [2023-11-04 13:41:12,486] {providers_manager.py:154} WARNING - Exception when importing 'airflow.providers.google.common.hooks.base_google.GoogleBaseHook' from 'apache-airflow-providers-google' package: module 'pyparsing' has no attribute 'downcaseTokens'
[2023-11-04 13:41:12,495] {logging_mixin.py:109} INFO - [2023-11-04 13:41:12,495] {providers_manager.py:154} WARNING - Exception when importing 'airflow.providers.google.cloud.hooks.cloud_sql.CloudSQLHook' from 'apache-airflow-providers-google' package: module 'pyparsing' has no attribute 'downcaseTokens'
[2023-11-04 13:41:12,500] {logging_mixin.py:109} INFO - [2023-11-04 13:41:12,500] {providers_manager.py:154} WARNING - Exception when importing 'airflow.providers.google.cloud.hooks.cloud_sql.CloudSQLDatabaseHook' from 'apache-airflow-providers-google' package: module 'pyparsing' has no attribute 'downcaseTokens'
[2023-11-04 13:41:12,663] {logging_mixin.py:109} INFO - [2023-11-04 13:41:12,662] {providers_manager.py:154} WARNING - Exception when importing 'airflow.providers.google.cloud.hooks.bigquery.BigQueryHook' from 'apache-airflow-providers-google' package: module 'pyparsing' has no attribute 'downcaseTokens'
[2023-11-04 13:41:12,667] {logging_mixin.py:109} INFO - [2023-11-04 13:41:12,667] {providers_manager.py:154} WARNING - Exception when importing 'airflow.providers.google.cloud.hooks.compute_ssh.ComputeEngineSSHHook' from 'apache-airflow-providers-google' package: module 'pyparsing' has no attribute 'downcaseTokens'
[2023-11-04 13:41:14,186] {logging_mixin.py:109} INFO - [2023-11-04 13:41:14,186] {providers_manager.py:154} WARNING - Exception when importing 'airflow.providers.google.common.hooks.base_google.GoogleBaseHook' from 'apache-airflow-providers-google' package: module 'pyparsing' has no attribute 'downcaseTokens'
[2023-11-04 13:41:14,197] {logging_mixin.py:109} INFO - [2023-11-04 13:41:14,196] {providers_manager.py:154} WARNING - Exception when importing 'airflow.providers.google.cloud.hooks.cloud_sql.CloudSQLHook' from 'apache-airflow-providers-google' package: module 'pyparsing' has no attribute 'downcaseTokens'
[2023-11-04 13:41:14,205] {logging_mixin.py:109} INFO - [2023-11-04 13:41:14,205] {providers_manager.py:154} WARNING - Exception when importing 'airflow.providers.google.cloud.hooks.cloud_sql.CloudSQLDatabaseHook' from 'apache-airflow-providers-google' package: module 'pyparsing' has no attribute 'downcaseTokens'
[2023-11-04 13:41:14,216] {logging_mixin.py:109} INFO - [2023-11-04 13:41:14,216] {providers_manager.py:154} WARNING - Exception when importing 'airflow.providers.google.cloud.hooks.bigquery.BigQueryHook' from 'apache-airflow-providers-google' package: module 'pyparsing' has no attribute 'downcaseTokens'
[2023-11-04 13:41:14,228] {logging_mixin.py:109} INFO - [2023-11-04 13:41:14,228] {providers_manager.py:154} WARNING - Exception when importing 'airflow.providers.google.cloud.hooks.compute_ssh.ComputeEngineSSHHook' from 'apache-airflow-providers-google' package: module 'pyparsing' has no attribute 'downcaseTokens'
[2023-11-04 13:41:14,295] {logging_mixin.py:109} INFO - [2023-11-04 13:41:14,295] {manager.py:496} INFO - Created Permission View: can read on DAG:example_bash_operator
[2023-11-04 13:41:14,442] {logging_mixin.py:109} INFO - [2023-11-04 13:41:14,442] {manager.py:496} INFO - Created Permission View: can edit on DAG:example_bash_operator
[2023-11-04 13:41:14,446] {logging_mixin.py:109} INFO - [2023-11-04 13:41:14,445] {dag.py:2398} INFO - Sync 1 DAGs
[2023-11-04 13:41:14,462] {logging_mixin.py:109} INFO - [2023-11-04 13:41:14,461] {dag.py:2417} INFO - Creating ORM DAG for example_bash_operator
[2023-11-04 13:41:14,509] {logging_mixin.py:109} INFO - [2023-11-04 13:41:14,509] {dag.py:2937} INFO - Setting next_dagrun for example_bash_operator to 2023-11-03 00:00:00+00:00
[2023-11-04 13:41:14,536] {processor.py:171} INFO - Processing /home/airflow/.local/lib/python3.8/site-packages/airflow/example_dags/example_bash_operator.py took 4.189 seconds
[2023-11-04 13:41:53,758] {processor.py:163} INFO - Started process (PID=294) to work on /home/airflow/.local/lib/python3.8/site-packages/airflow/example_dags/example_bash_operator.py
[2023-11-04 13:41:53,761] {processor.py:642} INFO - Processing file /home/airflow/.local/lib/python3.8/site-packages/airflow/example_dags/example_bash_operator.py for tasks to queue
[2023-11-04 13:41:53,763] {logging_mixin.py:109} INFO - [2023-11-04 13:41:53,763] {dagbag.py:500} INFO - Filling up the DagBag from /home/airflow/.local/lib/python3.8/site-packages/airflow/example_dags/example_bash_operator.py
[2023-11-04 13:41:53,821] {processor.py:654} INFO - DAG(s) dict_keys(['example_bash_operator']) retrieved from /home/airflow/.local/lib/python3.8/site-packages/airflow/example_dags/example_bash_operator.py
[2023-11-04 13:41:53,838] {logging_mixin.py:109} INFO - [2023-11-04 13:41:53,837] {dag.py:2398} INFO - Sync 1 DAGs
[2023-11-04 13:41:53,863] {logging_mixin.py:109} INFO - [2023-11-04 13:41:53,862] {dag.py:2937} INFO - Setting next_dagrun for example_bash_operator to 2023-11-03 00:00:00+00:00
[2023-11-04 13:41:53,879] {processor.py:171} INFO - Processing /home/airflow/.local/lib/python3.8/site-packages/airflow/example_dags/example_bash_operator.py took 0.126 seconds
[2023-11-04 13:42:24,263] {processor.py:163} INFO - Started process (PID=350) to work on /home/airflow/.local/lib/python3.8/site-packages/airflow/example_dags/example_bash_operator.py
[2023-11-04 13:42:24,266] {processor.py:642} INFO - Processing file /home/airflow/.local/lib/python3.8/site-packages/airflow/example_dags/example_bash_operator.py for tasks to queue
[2023-11-04 13:42:24,268] {logging_mixin.py:109} INFO - [2023-11-04 13:42:24,268] {dagbag.py:500} INFO - Filling up the DagBag from /home/airflow/.local/lib/python3.8/site-packages/airflow/example_dags/example_bash_operator.py
[2023-11-04 13:42:24,324] {processor.py:654} INFO - DAG(s) dict_keys(['example_bash_operator']) retrieved from /home/airflow/.local/lib/python3.8/site-packages/airflow/example_dags/example_bash_operator.py
[2023-11-04 13:42:24,339] {logging_mixin.py:109} INFO - [2023-11-04 13:42:24,339] {dag.py:2398} INFO - Sync 1 DAGs
[2023-11-04 13:42:24,363] {logging_mixin.py:109} INFO - [2023-11-04 13:42:24,363] {dag.py:2937} INFO - Setting next_dagrun for example_bash_operator to 2023-11-03 00:00:00+00:00
[2023-11-04 13:42:24,376] {processor.py:171} INFO - Processing /home/airflow/.local/lib/python3.8/site-packages/airflow/example_dags/example_bash_operator.py took 0.118 seconds
[2023-11-04 13:42:55,242] {processor.py:163} INFO - Started process (PID=399) to work on /home/airflow/.local/lib/python3.8/site-packages/airflow/example_dags/example_bash_operator.py
[2023-11-04 13:42:55,245] {processor.py:642} INFO - Processing file /home/airflow/.local/lib/python3.8/site-packages/airflow/example_dags/example_bash_operator.py for tasks to queue
[2023-11-04 13:42:55,248] {logging_mixin.py:109} INFO - [2023-11-04 13:42:55,248] {dagbag.py:500} INFO - Filling up the DagBag from /home/airflow/.local/lib/python3.8/site-packages/airflow/example_dags/example_bash_operator.py
[2023-11-04 13:42:55,338] {processor.py:654} INFO - DAG(s) dict_keys(['example_bash_operator']) retrieved from /home/airflow/.local/lib/python3.8/site-packages/airflow/example_dags/example_bash_operator.py
[2023-11-04 13:42:55,362] {logging_mixin.py:109} INFO - [2023-11-04 13:42:55,362] {dag.py:2398} INFO - Sync 1 DAGs
[2023-11-04 13:42:55,401] {logging_mixin.py:109} INFO - [2023-11-04 13:42:55,401] {dag.py:2937} INFO - Setting next_dagrun for example_bash_operator to 2023-11-03 00:00:00+00:00
[2023-11-04 13:42:55,416] {processor.py:171} INFO - Processing /home/airflow/.local/lib/python3.8/site-packages/airflow/example_dags/example_bash_operator.py took 0.180 seconds
[2023-11-04 13:43:26,315] {processor.py:163} INFO - Started process (PID=448) to work on /home/airflow/.local/lib/python3.8/site-packages/airflow/example_dags/example_bash_operator.py
[2023-11-04 13:43:26,318] {processor.py:642} INFO - Processing file /home/airflow/.local/lib/python3.8/site-packages/airflow/example_dags/example_bash_operator.py for tasks to queue
[2023-11-04 13:43:26,320] {logging_mixin.py:109} INFO - [2023-11-04 13:43:26,320] {dagbag.py:500} INFO - Filling up the DagBag from /home/airflow/.local/lib/python3.8/site-packages/airflow/example_dags/example_bash_operator.py
[2023-11-04 13:43:26,378] {processor.py:654} INFO - DAG(s) dict_keys(['example_bash_operator']) retrieved from /home/airflow/.local/lib/python3.8/site-packages/airflow/example_dags/example_bash_operator.py
[2023-11-04 13:43:26,396] {logging_mixin.py:109} INFO - [2023-11-04 13:43:26,396] {dag.py:2398} INFO - Sync 1 DAGs
[2023-11-04 13:43:26,418] {logging_mixin.py:109} INFO - [2023-11-04 13:43:26,418] {dag.py:2937} INFO - Setting next_dagrun for example_bash_operator to 2023-11-03 00:00:00+00:00
[2023-11-04 13:43:26,429] {processor.py:171} INFO - Processing /home/airflow/.local/lib/python3.8/site-packages/airflow/example_dags/example_bash_operator.py took 0.120 seconds
[2023-11-04 13:43:57,467] {processor.py:163} INFO - Started process (PID=505) to work on /home/airflow/.local/lib/python3.8/site-packages/airflow/example_dags/example_bash_operator.py
[2023-11-04 13:43:57,470] {processor.py:642} INFO - Processing file /home/airflow/.local/lib/python3.8/site-packages/airflow/example_dags/example_bash_operator.py for tasks to queue
[2023-11-04 13:43:57,471] {logging_mixin.py:109} INFO - [2023-11-04 13:43:57,471] {dagbag.py:500} INFO - Filling up the DagBag from /home/airflow/.local/lib/python3.8/site-packages/airflow/example_dags/example_bash_operator.py
[2023-11-04 13:43:57,521] {processor.py:654} INFO - DAG(s) dict_keys(['example_bash_operator']) retrieved from /home/airflow/.local/lib/python3.8/site-packages/airflow/example_dags/example_bash_operator.py
[2023-11-04 13:43:57,536] {logging_mixin.py:109} INFO - [2023-11-04 13:43:57,535] {dag.py:2398} INFO - Sync 1 DAGs
[2023-11-04 13:43:57,556] {logging_mixin.py:109} INFO - [2023-11-04 13:43:57,555] {dag.py:2937} INFO - Setting next_dagrun for example_bash_operator to 2023-11-03 00:00:00+00:00
[2023-11-04 13:43:57,567] {processor.py:171} INFO - Processing /home/airflow/.local/lib/python3.8/site-packages/airflow/example_dags/example_bash_operator.py took 0.105 seconds
[2023-11-04 13:59:19,051] {processor.py:163} INFO - Started process (PID=46) to work on /home/airflow/.local/lib/python3.8/site-packages/airflow/example_dags/example_bash_operator.py
[2023-11-04 13:59:19,054] {processor.py:642} INFO - Processing file /home/airflow/.local/lib/python3.8/site-packages/airflow/example_dags/example_bash_operator.py for tasks to queue
[2023-11-04 13:59:19,055] {logging_mixin.py:109} INFO - [2023-11-04 13:59:19,055] {dagbag.py:500} INFO - Filling up the DagBag from /home/airflow/.local/lib/python3.8/site-packages/airflow/example_dags/example_bash_operator.py
[2023-11-04 13:59:19,136] {processor.py:654} INFO - DAG(s) dict_keys(['example_bash_operator']) retrieved from /home/airflow/.local/lib/python3.8/site-packages/airflow/example_dags/example_bash_operator.py
[2023-11-04 13:59:19,156] {logging_mixin.py:109} INFO - [2023-11-04 13:59:19,156] {dag.py:2398} INFO - Sync 1 DAGs
[2023-11-04 13:59:19,196] {logging_mixin.py:109} INFO - [2023-11-04 13:59:19,196] {dag.py:2937} INFO - Setting next_dagrun for example_bash_operator to 2023-11-03 00:00:00+00:00
[2023-11-04 13:59:19,219] {processor.py:171} INFO - Processing /home/airflow/.local/lib/python3.8/site-packages/airflow/example_dags/example_bash_operator.py took 0.173 seconds
[2023-11-04 13:59:49,666] {processor.py:163} INFO - Started process (PID=95) to work on /home/airflow/.local/lib/python3.8/site-packages/airflow/example_dags/example_bash_operator.py
[2023-11-04 13:59:49,669] {processor.py:642} INFO - Processing file /home/airflow/.local/lib/python3.8/site-packages/airflow/example_dags/example_bash_operator.py for tasks to queue
[2023-11-04 13:59:49,671] {logging_mixin.py:109} INFO - [2023-11-04 13:59:49,670] {dagbag.py:500} INFO - Filling up the DagBag from /home/airflow/.local/lib/python3.8/site-packages/airflow/example_dags/example_bash_operator.py
[2023-11-04 13:59:49,723] {processor.py:654} INFO - DAG(s) dict_keys(['example_bash_operator']) retrieved from /home/airflow/.local/lib/python3.8/site-packages/airflow/example_dags/example_bash_operator.py
[2023-11-04 13:59:49,737] {logging_mixin.py:109} INFO - [2023-11-04 13:59:49,737] {dag.py:2398} INFO - Sync 1 DAGs
[2023-11-04 13:59:49,759] {logging_mixin.py:109} INFO - [2023-11-04 13:59:49,759] {dag.py:2937} INFO - Setting next_dagrun for example_bash_operator to 2023-11-03 00:00:00+00:00
[2023-11-04 13:59:49,770] {processor.py:171} INFO - Processing /home/airflow/.local/lib/python3.8/site-packages/airflow/example_dags/example_bash_operator.py took 0.108 seconds
[2023-11-04 14:00:20,259] {processor.py:163} INFO - Started process (PID=160) to work on /home/airflow/.local/lib/python3.8/site-packages/airflow/example_dags/example_bash_operator.py
[2023-11-04 14:00:20,264] {processor.py:642} INFO - Processing file /home/airflow/.local/lib/python3.8/site-packages/airflow/example_dags/example_bash_operator.py for tasks to queue
[2023-11-04 14:00:20,267] {logging_mixin.py:109} INFO - [2023-11-04 14:00:20,267] {dagbag.py:500} INFO - Filling up the DagBag from /home/airflow/.local/lib/python3.8/site-packages/airflow/example_dags/example_bash_operator.py
[2023-11-04 14:00:20,345] {processor.py:654} INFO - DAG(s) dict_keys(['example_bash_operator']) retrieved from /home/airflow/.local/lib/python3.8/site-packages/airflow/example_dags/example_bash_operator.py
[2023-11-04 14:00:20,366] {logging_mixin.py:109} INFO - [2023-11-04 14:00:20,366] {dag.py:2398} INFO - Sync 1 DAGs
[2023-11-04 14:00:20,397] {logging_mixin.py:109} INFO - [2023-11-04 14:00:20,396] {dag.py:2937} INFO - Setting next_dagrun for example_bash_operator to 2023-11-03 00:00:00+00:00
[2023-11-04 14:00:20,412] {processor.py:171} INFO - Processing /home/airflow/.local/lib/python3.8/site-packages/airflow/example_dags/example_bash_operator.py took 0.160 seconds
[2023-11-04 14:00:51,375] {processor.py:163} INFO - Started process (PID=217) to work on /home/airflow/.local/lib/python3.8/site-packages/airflow/example_dags/example_bash_operator.py
[2023-11-04 14:00:51,377] {processor.py:642} INFO - Processing file /home/airflow/.local/lib/python3.8/site-packages/airflow/example_dags/example_bash_operator.py for tasks to queue
[2023-11-04 14:00:51,379] {logging_mixin.py:109} INFO - [2023-11-04 14:00:51,378] {dagbag.py:500} INFO - Filling up the DagBag from /home/airflow/.local/lib/python3.8/site-packages/airflow/example_dags/example_bash_operator.py
[2023-11-04 14:00:51,427] {processor.py:654} INFO - DAG(s) dict_keys(['example_bash_operator']) retrieved from /home/airflow/.local/lib/python3.8/site-packages/airflow/example_dags/example_bash_operator.py
[2023-11-04 14:00:51,442] {logging_mixin.py:109} INFO - [2023-11-04 14:00:51,442] {dag.py:2398} INFO - Sync 1 DAGs
[2023-11-04 14:00:51,464] {logging_mixin.py:109} INFO - [2023-11-04 14:00:51,464] {dag.py:2937} INFO - Setting next_dagrun for example_bash_operator to 2023-11-03 00:00:00+00:00
[2023-11-04 14:00:51,476] {processor.py:171} INFO - Processing /home/airflow/.local/lib/python3.8/site-packages/airflow/example_dags/example_bash_operator.py took 0.106 seconds
[2023-11-04 14:01:22,614] {processor.py:163} INFO - Started process (PID=266) to work on /home/airflow/.local/lib/python3.8/site-packages/airflow/example_dags/example_bash_operator.py
[2023-11-04 14:01:22,618] {processor.py:642} INFO - Processing file /home/airflow/.local/lib/python3.8/site-packages/airflow/example_dags/example_bash_operator.py for tasks to queue
[2023-11-04 14:01:22,619] {logging_mixin.py:109} INFO - [2023-11-04 14:01:22,619] {dagbag.py:500} INFO - Filling up the DagBag from /home/airflow/.local/lib/python3.8/site-packages/airflow/example_dags/example_bash_operator.py
[2023-11-04 14:01:22,664] {processor.py:654} INFO - DAG(s) dict_keys(['example_bash_operator']) retrieved from /home/airflow/.local/lib/python3.8/site-packages/airflow/example_dags/example_bash_operator.py
[2023-11-04 14:01:22,677] {logging_mixin.py:109} INFO - [2023-11-04 14:01:22,677] {dag.py:2398} INFO - Sync 1 DAGs
[2023-11-04 14:01:22,698] {logging_mixin.py:109} INFO - [2023-11-04 14:01:22,698] {dag.py:2937} INFO - Setting next_dagrun for example_bash_operator to 2023-11-03 00:00:00+00:00
[2023-11-04 14:01:22,709] {processor.py:171} INFO - Processing /home/airflow/.local/lib/python3.8/site-packages/airflow/example_dags/example_bash_operator.py took 0.099 seconds
[2023-11-04 14:01:53,084] {processor.py:163} INFO - Started process (PID=323) to work on /home/airflow/.local/lib/python3.8/site-packages/airflow/example_dags/example_bash_operator.py
[2023-11-04 14:01:53,087] {processor.py:642} INFO - Processing file /home/airflow/.local/lib/python3.8/site-packages/airflow/example_dags/example_bash_operator.py for tasks to queue
[2023-11-04 14:01:53,089] {logging_mixin.py:109} INFO - [2023-11-04 14:01:53,089] {dagbag.py:500} INFO - Filling up the DagBag from /home/airflow/.local/lib/python3.8/site-packages/airflow/example_dags/example_bash_operator.py
[2023-11-04 14:01:53,143] {processor.py:654} INFO - DAG(s) dict_keys(['example_bash_operator']) retrieved from /home/airflow/.local/lib/python3.8/site-packages/airflow/example_dags/example_bash_operator.py
[2023-11-04 14:01:53,162] {logging_mixin.py:109} INFO - [2023-11-04 14:01:53,161] {dag.py:2398} INFO - Sync 1 DAGs
[2023-11-04 14:01:53,183] {logging_mixin.py:109} INFO - [2023-11-04 14:01:53,183] {dag.py:2937} INFO - Setting next_dagrun for example_bash_operator to 2023-11-03 00:00:00+00:00
[2023-11-04 14:01:53,197] {processor.py:171} INFO - Processing /home/airflow/.local/lib/python3.8/site-packages/airflow/example_dags/example_bash_operator.py took 0.118 seconds
[2023-11-04 14:02:23,777] {processor.py:163} INFO - Started process (PID=372) to work on /home/airflow/.local/lib/python3.8/site-packages/airflow/example_dags/example_bash_operator.py
[2023-11-04 14:02:23,780] {processor.py:642} INFO - Processing file /home/airflow/.local/lib/python3.8/site-packages/airflow/example_dags/example_bash_operator.py for tasks to queue
[2023-11-04 14:02:23,781] {logging_mixin.py:109} INFO - [2023-11-04 14:02:23,781] {dagbag.py:500} INFO - Filling up the DagBag from /home/airflow/.local/lib/python3.8/site-packages/airflow/example_dags/example_bash_operator.py
[2023-11-04 14:02:23,831] {processor.py:654} INFO - DAG(s) dict_keys(['example_bash_operator']) retrieved from /home/airflow/.local/lib/python3.8/site-packages/airflow/example_dags/example_bash_operator.py
[2023-11-04 14:02:23,846] {logging_mixin.py:109} INFO - [2023-11-04 14:02:23,846] {dag.py:2398} INFO - Sync 1 DAGs
[2023-11-04 14:02:23,868] {logging_mixin.py:109} INFO - [2023-11-04 14:02:23,868] {dag.py:2937} INFO - Setting next_dagrun for example_bash_operator to 2023-11-03 00:00:00+00:00
[2023-11-04 14:02:23,880] {processor.py:171} INFO - Processing /home/airflow/.local/lib/python3.8/site-packages/airflow/example_dags/example_bash_operator.py took 0.108 seconds
[2023-11-04 14:04:46,404] {processor.py:163} INFO - Started process (PID=42) to work on /home/airflow/.local/lib/python3.8/site-packages/airflow/example_dags/example_bash_operator.py
[2023-11-04 14:04:46,408] {processor.py:642} INFO - Processing file /home/airflow/.local/lib/python3.8/site-packages/airflow/example_dags/example_bash_operator.py for tasks to queue
[2023-11-04 14:04:46,410] {logging_mixin.py:109} INFO - [2023-11-04 14:04:46,410] {dagbag.py:500} INFO - Filling up the DagBag from /home/airflow/.local/lib/python3.8/site-packages/airflow/example_dags/example_bash_operator.py
[2023-11-04 14:04:46,473] {processor.py:654} INFO - DAG(s) dict_keys(['example_bash_operator']) retrieved from /home/airflow/.local/lib/python3.8/site-packages/airflow/example_dags/example_bash_operator.py
[2023-11-04 14:04:46,494] {logging_mixin.py:109} INFO - [2023-11-04 14:04:46,493] {dag.py:2398} INFO - Sync 1 DAGs
[2023-11-04 14:04:46,519] {logging_mixin.py:109} INFO - [2023-11-04 14:04:46,519] {dag.py:2937} INFO - Setting next_dagrun for example_bash_operator to 2023-11-03 00:00:00+00:00
[2023-11-04 14:04:46,532] {processor.py:171} INFO - Processing /home/airflow/.local/lib/python3.8/site-packages/airflow/example_dags/example_bash_operator.py took 0.136 seconds
[2023-11-04 14:05:16,769] {processor.py:163} INFO - Started process (PID=90) to work on /home/airflow/.local/lib/python3.8/site-packages/airflow/example_dags/example_bash_operator.py
[2023-11-04 14:05:16,771] {processor.py:642} INFO - Processing file /home/airflow/.local/lib/python3.8/site-packages/airflow/example_dags/example_bash_operator.py for tasks to queue
[2023-11-04 14:05:16,773] {logging_mixin.py:109} INFO - [2023-11-04 14:05:16,772] {dagbag.py:500} INFO - Filling up the DagBag from /home/airflow/.local/lib/python3.8/site-packages/airflow/example_dags/example_bash_operator.py
[2023-11-04 14:05:16,825] {processor.py:654} INFO - DAG(s) dict_keys(['example_bash_operator']) retrieved from /home/airflow/.local/lib/python3.8/site-packages/airflow/example_dags/example_bash_operator.py
[2023-11-04 14:05:16,840] {logging_mixin.py:109} INFO - [2023-11-04 14:05:16,840] {dag.py:2398} INFO - Sync 1 DAGs
[2023-11-04 14:05:16,862] {logging_mixin.py:109} INFO - [2023-11-04 14:05:16,862] {dag.py:2937} INFO - Setting next_dagrun for example_bash_operator to 2023-11-03 00:00:00+00:00
[2023-11-04 14:05:16,873] {processor.py:171} INFO - Processing /home/airflow/.local/lib/python3.8/site-packages/airflow/example_dags/example_bash_operator.py took 0.109 seconds
[2023-11-04 14:05:47,927] {processor.py:163} INFO - Started process (PID=147) to work on /home/airflow/.local/lib/python3.8/site-packages/airflow/example_dags/example_bash_operator.py
[2023-11-04 14:05:47,930] {processor.py:642} INFO - Processing file /home/airflow/.local/lib/python3.8/site-packages/airflow/example_dags/example_bash_operator.py for tasks to queue
[2023-11-04 14:05:47,932] {logging_mixin.py:109} INFO - [2023-11-04 14:05:47,932] {dagbag.py:500} INFO - Filling up the DagBag from /home/airflow/.local/lib/python3.8/site-packages/airflow/example_dags/example_bash_operator.py
[2023-11-04 14:05:47,985] {processor.py:654} INFO - DAG(s) dict_keys(['example_bash_operator']) retrieved from /home/airflow/.local/lib/python3.8/site-packages/airflow/example_dags/example_bash_operator.py
[2023-11-04 14:05:48,001] {logging_mixin.py:109} INFO - [2023-11-04 14:05:48,000] {dag.py:2398} INFO - Sync 1 DAGs
[2023-11-04 14:05:48,025] {logging_mixin.py:109} INFO - [2023-11-04 14:05:48,025] {dag.py:2937} INFO - Setting next_dagrun for example_bash_operator to 2023-11-03 00:00:00+00:00
[2023-11-04 14:05:48,041] {processor.py:171} INFO - Processing /home/airflow/.local/lib/python3.8/site-packages/airflow/example_dags/example_bash_operator.py took 0.119 seconds
[2023-11-04 14:06:19,239] {processor.py:163} INFO - Started process (PID=196) to work on /home/airflow/.local/lib/python3.8/site-packages/airflow/example_dags/example_bash_operator.py
[2023-11-04 14:06:19,243] {processor.py:642} INFO - Processing file /home/airflow/.local/lib/python3.8/site-packages/airflow/example_dags/example_bash_operator.py for tasks to queue
[2023-11-04 14:06:19,247] {logging_mixin.py:109} INFO - [2023-11-04 14:06:19,247] {dagbag.py:500} INFO - Filling up the DagBag from /home/airflow/.local/lib/python3.8/site-packages/airflow/example_dags/example_bash_operator.py
[2023-11-04 14:06:19,349] {processor.py:654} INFO - DAG(s) dict_keys(['example_bash_operator']) retrieved from /home/airflow/.local/lib/python3.8/site-packages/airflow/example_dags/example_bash_operator.py
[2023-11-04 14:06:19,387] {logging_mixin.py:109} INFO - [2023-11-04 14:06:19,385] {dag.py:2398} INFO - Sync 1 DAGs
[2023-11-04 14:06:19,420] {logging_mixin.py:109} INFO - [2023-11-04 14:06:19,420] {dag.py:2937} INFO - Setting next_dagrun for example_bash_operator to 2023-11-03 00:00:00+00:00
[2023-11-04 14:06:19,445] {processor.py:171} INFO - Processing /home/airflow/.local/lib/python3.8/site-packages/airflow/example_dags/example_bash_operator.py took 0.214 seconds
[2023-11-04 14:06:49,714] {processor.py:163} INFO - Started process (PID=253) to work on /home/airflow/.local/lib/python3.8/site-packages/airflow/example_dags/example_bash_operator.py
[2023-11-04 14:06:49,717] {processor.py:642} INFO - Processing file /home/airflow/.local/lib/python3.8/site-packages/airflow/example_dags/example_bash_operator.py for tasks to queue
[2023-11-04 14:06:49,718] {logging_mixin.py:109} INFO - [2023-11-04 14:06:49,718] {dagbag.py:500} INFO - Filling up the DagBag from /home/airflow/.local/lib/python3.8/site-packages/airflow/example_dags/example_bash_operator.py
[2023-11-04 14:06:49,776] {processor.py:654} INFO - DAG(s) dict_keys(['example_bash_operator']) retrieved from /home/airflow/.local/lib/python3.8/site-packages/airflow/example_dags/example_bash_operator.py
[2023-11-04 14:06:49,791] {logging_mixin.py:109} INFO - [2023-11-04 14:06:49,790] {dag.py:2398} INFO - Sync 1 DAGs
[2023-11-04 14:06:49,811] {logging_mixin.py:109} INFO - [2023-11-04 14:06:49,811] {dag.py:2937} INFO - Setting next_dagrun for example_bash_operator to 2023-11-03 00:00:00+00:00
[2023-11-04 14:06:49,823] {processor.py:171} INFO - Processing /home/airflow/.local/lib/python3.8/site-packages/airflow/example_dags/example_bash_operator.py took 0.114 seconds
[2023-11-04 14:07:20,147] {processor.py:163} INFO - Started process (PID=302) to work on /home/airflow/.local/lib/python3.8/site-packages/airflow/example_dags/example_bash_operator.py
[2023-11-04 14:07:20,149] {processor.py:642} INFO - Processing file /home/airflow/.local/lib/python3.8/site-packages/airflow/example_dags/example_bash_operator.py for tasks to queue
[2023-11-04 14:07:20,151] {logging_mixin.py:109} INFO - [2023-11-04 14:07:20,151] {dagbag.py:500} INFO - Filling up the DagBag from /home/airflow/.local/lib/python3.8/site-packages/airflow/example_dags/example_bash_operator.py
[2023-11-04 14:07:20,209] {processor.py:654} INFO - DAG(s) dict_keys(['example_bash_operator']) retrieved from /home/airflow/.local/lib/python3.8/site-packages/airflow/example_dags/example_bash_operator.py
[2023-11-04 14:07:20,228] {logging_mixin.py:109} INFO - [2023-11-04 14:07:20,228] {dag.py:2398} INFO - Sync 1 DAGs
[2023-11-04 14:07:20,251] {logging_mixin.py:109} INFO - [2023-11-04 14:07:20,251] {dag.py:2937} INFO - Setting next_dagrun for example_bash_operator to 2023-11-03 00:00:00+00:00
[2023-11-04 14:07:20,264] {processor.py:171} INFO - Processing /home/airflow/.local/lib/python3.8/site-packages/airflow/example_dags/example_bash_operator.py took 0.122 seconds
[2023-11-04 14:07:51,108] {processor.py:163} INFO - Started process (PID=350) to work on /home/airflow/.local/lib/python3.8/site-packages/airflow/example_dags/example_bash_operator.py
[2023-11-04 14:07:51,110] {processor.py:642} INFO - Processing file /home/airflow/.local/lib/python3.8/site-packages/airflow/example_dags/example_bash_operator.py for tasks to queue
[2023-11-04 14:07:51,112] {logging_mixin.py:109} INFO - [2023-11-04 14:07:51,112] {dagbag.py:500} INFO - Filling up the DagBag from /home/airflow/.local/lib/python3.8/site-packages/airflow/example_dags/example_bash_operator.py
[2023-11-04 14:07:51,164] {processor.py:654} INFO - DAG(s) dict_keys(['example_bash_operator']) retrieved from /home/airflow/.local/lib/python3.8/site-packages/airflow/example_dags/example_bash_operator.py
[2023-11-04 14:07:51,182] {logging_mixin.py:109} INFO - [2023-11-04 14:07:51,182] {dag.py:2398} INFO - Sync 1 DAGs
[2023-11-04 14:07:51,204] {logging_mixin.py:109} INFO - [2023-11-04 14:07:51,204] {dag.py:2937} INFO - Setting next_dagrun for example_bash_operator to 2023-11-03 00:00:00+00:00
[2023-11-04 14:07:51,216] {processor.py:171} INFO - Processing /home/airflow/.local/lib/python3.8/site-packages/airflow/example_dags/example_bash_operator.py took 0.113 seconds
[2023-11-04 14:08:21,995] {processor.py:163} INFO - Started process (PID=407) to work on /home/airflow/.local/lib/python3.8/site-packages/airflow/example_dags/example_bash_operator.py
[2023-11-04 14:08:21,997] {processor.py:642} INFO - Processing file /home/airflow/.local/lib/python3.8/site-packages/airflow/example_dags/example_bash_operator.py for tasks to queue
[2023-11-04 14:08:21,998] {logging_mixin.py:109} INFO - [2023-11-04 14:08:21,998] {dagbag.py:500} INFO - Filling up the DagBag from /home/airflow/.local/lib/python3.8/site-packages/airflow/example_dags/example_bash_operator.py
[2023-11-04 14:08:22,046] {processor.py:654} INFO - DAG(s) dict_keys(['example_bash_operator']) retrieved from /home/airflow/.local/lib/python3.8/site-packages/airflow/example_dags/example_bash_operator.py
[2023-11-04 14:08:22,062] {logging_mixin.py:109} INFO - [2023-11-04 14:08:22,062] {dag.py:2398} INFO - Sync 1 DAGs
[2023-11-04 14:08:22,082] {logging_mixin.py:109} INFO - [2023-11-04 14:08:22,082] {dag.py:2937} INFO - Setting next_dagrun for example_bash_operator to 2023-11-03 00:00:00+00:00
[2023-11-04 14:08:22,093] {processor.py:171} INFO - Processing /home/airflow/.local/lib/python3.8/site-packages/airflow/example_dags/example_bash_operator.py took 0.103 seconds
[2023-11-04 14:08:52,383] {processor.py:163} INFO - Started process (PID=456) to work on /home/airflow/.local/lib/python3.8/site-packages/airflow/example_dags/example_bash_operator.py
[2023-11-04 14:08:52,386] {processor.py:642} INFO - Processing file /home/airflow/.local/lib/python3.8/site-packages/airflow/example_dags/example_bash_operator.py for tasks to queue
[2023-11-04 14:08:52,388] {logging_mixin.py:109} INFO - [2023-11-04 14:08:52,388] {dagbag.py:500} INFO - Filling up the DagBag from /home/airflow/.local/lib/python3.8/site-packages/airflow/example_dags/example_bash_operator.py
[2023-11-04 14:08:52,442] {processor.py:654} INFO - DAG(s) dict_keys(['example_bash_operator']) retrieved from /home/airflow/.local/lib/python3.8/site-packages/airflow/example_dags/example_bash_operator.py
[2023-11-04 14:08:52,462] {logging_mixin.py:109} INFO - [2023-11-04 14:08:52,462] {dag.py:2398} INFO - Sync 1 DAGs
[2023-11-04 14:08:52,489] {logging_mixin.py:109} INFO - [2023-11-04 14:08:52,488] {dag.py:2937} INFO - Setting next_dagrun for example_bash_operator to 2023-11-03 00:00:00+00:00
[2023-11-04 14:08:52,503] {processor.py:171} INFO - Processing /home/airflow/.local/lib/python3.8/site-packages/airflow/example_dags/example_bash_operator.py took 0.126 seconds
[2023-11-04 14:09:22,923] {processor.py:163} INFO - Started process (PID=512) to work on /home/airflow/.local/lib/python3.8/site-packages/airflow/example_dags/example_bash_operator.py
[2023-11-04 14:09:22,928] {processor.py:642} INFO - Processing file /home/airflow/.local/lib/python3.8/site-packages/airflow/example_dags/example_bash_operator.py for tasks to queue
[2023-11-04 14:09:22,931] {logging_mixin.py:109} INFO - [2023-11-04 14:09:22,930] {dagbag.py:500} INFO - Filling up the DagBag from /home/airflow/.local/lib/python3.8/site-packages/airflow/example_dags/example_bash_operator.py
[2023-11-04 14:09:23,005] {processor.py:654} INFO - DAG(s) dict_keys(['example_bash_operator']) retrieved from /home/airflow/.local/lib/python3.8/site-packages/airflow/example_dags/example_bash_operator.py
[2023-11-04 14:09:23,026] {logging_mixin.py:109} INFO - [2023-11-04 14:09:23,026] {dag.py:2398} INFO - Sync 1 DAGs
[2023-11-04 14:09:23,066] {logging_mixin.py:109} INFO - [2023-11-04 14:09:23,066] {dag.py:2937} INFO - Setting next_dagrun for example_bash_operator to 2023-11-03 00:00:00+00:00
[2023-11-04 14:09:23,084] {processor.py:171} INFO - Processing /home/airflow/.local/lib/python3.8/site-packages/airflow/example_dags/example_bash_operator.py took 0.169 seconds
[2023-11-04 14:09:54,211] {processor.py:163} INFO - Started process (PID=562) to work on /home/airflow/.local/lib/python3.8/site-packages/airflow/example_dags/example_bash_operator.py
[2023-11-04 14:09:54,215] {processor.py:642} INFO - Processing file /home/airflow/.local/lib/python3.8/site-packages/airflow/example_dags/example_bash_operator.py for tasks to queue
[2023-11-04 14:09:54,217] {logging_mixin.py:109} INFO - [2023-11-04 14:09:54,216] {dagbag.py:500} INFO - Filling up the DagBag from /home/airflow/.local/lib/python3.8/site-packages/airflow/example_dags/example_bash_operator.py
[2023-11-04 14:09:54,281] {processor.py:654} INFO - DAG(s) dict_keys(['example_bash_operator']) retrieved from /home/airflow/.local/lib/python3.8/site-packages/airflow/example_dags/example_bash_operator.py
[2023-11-04 14:09:54,295] {logging_mixin.py:109} INFO - [2023-11-04 14:09:54,295] {dag.py:2398} INFO - Sync 1 DAGs
[2023-11-04 14:09:54,317] {logging_mixin.py:109} INFO - [2023-11-04 14:09:54,317] {dag.py:2937} INFO - Setting next_dagrun for example_bash_operator to 2023-11-03 00:00:00+00:00
[2023-11-04 14:09:54,333] {processor.py:171} INFO - Processing /home/airflow/.local/lib/python3.8/site-packages/airflow/example_dags/example_bash_operator.py took 0.126 seconds
[2023-11-04 14:10:25,463] {processor.py:163} INFO - Started process (PID=611) to work on /home/airflow/.local/lib/python3.8/site-packages/airflow/example_dags/example_bash_operator.py
[2023-11-04 14:10:25,466] {processor.py:642} INFO - Processing file /home/airflow/.local/lib/python3.8/site-packages/airflow/example_dags/example_bash_operator.py for tasks to queue
[2023-11-04 14:10:25,467] {logging_mixin.py:109} INFO - [2023-11-04 14:10:25,467] {dagbag.py:500} INFO - Filling up the DagBag from /home/airflow/.local/lib/python3.8/site-packages/airflow/example_dags/example_bash_operator.py
[2023-11-04 14:10:25,516] {processor.py:654} INFO - DAG(s) dict_keys(['example_bash_operator']) retrieved from /home/airflow/.local/lib/python3.8/site-packages/airflow/example_dags/example_bash_operator.py
[2023-11-04 14:10:25,531] {logging_mixin.py:109} INFO - [2023-11-04 14:10:25,531] {dag.py:2398} INFO - Sync 1 DAGs
[2023-11-04 14:10:25,551] {logging_mixin.py:109} INFO - [2023-11-04 14:10:25,551] {dag.py:2937} INFO - Setting next_dagrun for example_bash_operator to 2023-11-03 00:00:00+00:00
[2023-11-04 14:10:25,564] {processor.py:171} INFO - Processing /home/airflow/.local/lib/python3.8/site-packages/airflow/example_dags/example_bash_operator.py took 0.106 seconds
[2023-11-04 14:11:49,411] {processor.py:163} INFO - Started process (PID=43) to work on /home/airflow/.local/lib/python3.8/site-packages/airflow/example_dags/example_bash_operator.py
[2023-11-04 14:11:49,414] {processor.py:642} INFO - Processing file /home/airflow/.local/lib/python3.8/site-packages/airflow/example_dags/example_bash_operator.py for tasks to queue
[2023-11-04 14:11:49,416] {logging_mixin.py:109} INFO - [2023-11-04 14:11:49,416] {dagbag.py:500} INFO - Filling up the DagBag from /home/airflow/.local/lib/python3.8/site-packages/airflow/example_dags/example_bash_operator.py
[2023-11-04 14:11:49,473] {processor.py:654} INFO - DAG(s) dict_keys(['example_bash_operator']) retrieved from /home/airflow/.local/lib/python3.8/site-packages/airflow/example_dags/example_bash_operator.py
[2023-11-04 14:11:49,488] {logging_mixin.py:109} INFO - [2023-11-04 14:11:49,488] {dag.py:2398} INFO - Sync 1 DAGs
[2023-11-04 14:11:49,510] {logging_mixin.py:109} INFO - [2023-11-04 14:11:49,510] {dag.py:2937} INFO - Setting next_dagrun for example_bash_operator to 2023-11-03 00:00:00+00:00
[2023-11-04 14:11:49,522] {processor.py:171} INFO - Processing /home/airflow/.local/lib/python3.8/site-packages/airflow/example_dags/example_bash_operator.py took 0.116 seconds
[2023-11-04 14:12:20,145] {processor.py:163} INFO - Started process (PID=91) to work on /home/airflow/.local/lib/python3.8/site-packages/airflow/example_dags/example_bash_operator.py
[2023-11-04 14:12:20,149] {processor.py:642} INFO - Processing file /home/airflow/.local/lib/python3.8/site-packages/airflow/example_dags/example_bash_operator.py for tasks to queue
[2023-11-04 14:12:20,153] {logging_mixin.py:109} INFO - [2023-11-04 14:12:20,153] {dagbag.py:500} INFO - Filling up the DagBag from /home/airflow/.local/lib/python3.8/site-packages/airflow/example_dags/example_bash_operator.py
[2023-11-04 14:12:20,239] {processor.py:654} INFO - DAG(s) dict_keys(['example_bash_operator']) retrieved from /home/airflow/.local/lib/python3.8/site-packages/airflow/example_dags/example_bash_operator.py
[2023-11-04 14:12:20,267] {logging_mixin.py:109} INFO - [2023-11-04 14:12:20,264] {dag.py:2398} INFO - Sync 1 DAGs
[2023-11-04 14:12:20,307] {logging_mixin.py:109} INFO - [2023-11-04 14:12:20,306] {dag.py:2937} INFO - Setting next_dagrun for example_bash_operator to 2023-11-03 00:00:00+00:00
[2023-11-04 14:12:20,322] {processor.py:171} INFO - Processing /home/airflow/.local/lib/python3.8/site-packages/airflow/example_dags/example_bash_operator.py took 0.187 seconds
[2023-11-04 14:12:51,450] {processor.py:163} INFO - Started process (PID=148) to work on /home/airflow/.local/lib/python3.8/site-packages/airflow/example_dags/example_bash_operator.py
[2023-11-04 14:12:51,453] {processor.py:642} INFO - Processing file /home/airflow/.local/lib/python3.8/site-packages/airflow/example_dags/example_bash_operator.py for tasks to queue
[2023-11-04 14:12:51,454] {logging_mixin.py:109} INFO - [2023-11-04 14:12:51,454] {dagbag.py:500} INFO - Filling up the DagBag from /home/airflow/.local/lib/python3.8/site-packages/airflow/example_dags/example_bash_operator.py
[2023-11-04 14:12:51,511] {processor.py:654} INFO - DAG(s) dict_keys(['example_bash_operator']) retrieved from /home/airflow/.local/lib/python3.8/site-packages/airflow/example_dags/example_bash_operator.py
[2023-11-04 14:12:51,528] {logging_mixin.py:109} INFO - [2023-11-04 14:12:51,528] {dag.py:2398} INFO - Sync 1 DAGs
[2023-11-04 14:12:51,554] {logging_mixin.py:109} INFO - [2023-11-04 14:12:51,553] {dag.py:2937} INFO - Setting next_dagrun for example_bash_operator to 2023-11-03 00:00:00+00:00
[2023-11-04 14:12:51,566] {processor.py:171} INFO - Processing /home/airflow/.local/lib/python3.8/site-packages/airflow/example_dags/example_bash_operator.py took 0.120 seconds
[2023-11-04 14:13:21,879] {processor.py:163} INFO - Started process (PID=197) to work on /home/airflow/.local/lib/python3.8/site-packages/airflow/example_dags/example_bash_operator.py
[2023-11-04 14:13:21,882] {processor.py:642} INFO - Processing file /home/airflow/.local/lib/python3.8/site-packages/airflow/example_dags/example_bash_operator.py for tasks to queue
[2023-11-04 14:13:21,884] {logging_mixin.py:109} INFO - [2023-11-04 14:13:21,884] {dagbag.py:500} INFO - Filling up the DagBag from /home/airflow/.local/lib/python3.8/site-packages/airflow/example_dags/example_bash_operator.py
[2023-11-04 14:13:21,936] {processor.py:654} INFO - DAG(s) dict_keys(['example_bash_operator']) retrieved from /home/airflow/.local/lib/python3.8/site-packages/airflow/example_dags/example_bash_operator.py
[2023-11-04 14:13:21,951] {logging_mixin.py:109} INFO - [2023-11-04 14:13:21,951] {dag.py:2398} INFO - Sync 1 DAGs
[2023-11-04 14:13:21,972] {logging_mixin.py:109} INFO - [2023-11-04 14:13:21,972] {dag.py:2937} INFO - Setting next_dagrun for example_bash_operator to 2023-11-03 00:00:00+00:00
[2023-11-04 14:13:21,985] {processor.py:171} INFO - Processing /home/airflow/.local/lib/python3.8/site-packages/airflow/example_dags/example_bash_operator.py took 0.113 seconds
[2023-11-04 14:13:52,417] {processor.py:163} INFO - Started process (PID=255) to work on /home/airflow/.local/lib/python3.8/site-packages/airflow/example_dags/example_bash_operator.py
[2023-11-04 14:13:52,420] {processor.py:642} INFO - Processing file /home/airflow/.local/lib/python3.8/site-packages/airflow/example_dags/example_bash_operator.py for tasks to queue
[2023-11-04 14:13:52,422] {logging_mixin.py:109} INFO - [2023-11-04 14:13:52,422] {dagbag.py:500} INFO - Filling up the DagBag from /home/airflow/.local/lib/python3.8/site-packages/airflow/example_dags/example_bash_operator.py
[2023-11-04 14:13:52,490] {processor.py:654} INFO - DAG(s) dict_keys(['example_bash_operator']) retrieved from /home/airflow/.local/lib/python3.8/site-packages/airflow/example_dags/example_bash_operator.py
[2023-11-04 14:13:52,512] {logging_mixin.py:109} INFO - [2023-11-04 14:13:52,511] {dag.py:2398} INFO - Sync 1 DAGs
[2023-11-04 14:13:52,553] {logging_mixin.py:109} INFO - [2023-11-04 14:13:52,553] {dag.py:2937} INFO - Setting next_dagrun for example_bash_operator to 2023-11-03 00:00:00+00:00
[2023-11-04 14:13:52,577] {processor.py:171} INFO - Processing /home/airflow/.local/lib/python3.8/site-packages/airflow/example_dags/example_bash_operator.py took 0.170 seconds
[2023-11-04 14:14:22,828] {processor.py:163} INFO - Started process (PID=304) to work on /home/airflow/.local/lib/python3.8/site-packages/airflow/example_dags/example_bash_operator.py
[2023-11-04 14:14:22,830] {processor.py:642} INFO - Processing file /home/airflow/.local/lib/python3.8/site-packages/airflow/example_dags/example_bash_operator.py for tasks to queue
[2023-11-04 14:14:22,833] {logging_mixin.py:109} INFO - [2023-11-04 14:14:22,833] {dagbag.py:500} INFO - Filling up the DagBag from /home/airflow/.local/lib/python3.8/site-packages/airflow/example_dags/example_bash_operator.py
[2023-11-04 14:14:22,886] {processor.py:654} INFO - DAG(s) dict_keys(['example_bash_operator']) retrieved from /home/airflow/.local/lib/python3.8/site-packages/airflow/example_dags/example_bash_operator.py
[2023-11-04 14:14:22,903] {logging_mixin.py:109} INFO - [2023-11-04 14:14:22,903] {dag.py:2398} INFO - Sync 1 DAGs
[2023-11-04 14:14:22,925] {logging_mixin.py:109} INFO - [2023-11-04 14:14:22,925] {dag.py:2937} INFO - Setting next_dagrun for example_bash_operator to 2023-11-03 00:00:00+00:00
[2023-11-04 14:14:22,938] {processor.py:171} INFO - Processing /home/airflow/.local/lib/python3.8/site-packages/airflow/example_dags/example_bash_operator.py took 0.116 seconds
[2023-11-04 14:14:53,781] {processor.py:163} INFO - Started process (PID=353) to work on /home/airflow/.local/lib/python3.8/site-packages/airflow/example_dags/example_bash_operator.py
[2023-11-04 14:14:53,784] {processor.py:642} INFO - Processing file /home/airflow/.local/lib/python3.8/site-packages/airflow/example_dags/example_bash_operator.py for tasks to queue
[2023-11-04 14:14:53,786] {logging_mixin.py:109} INFO - [2023-11-04 14:14:53,786] {dagbag.py:500} INFO - Filling up the DagBag from /home/airflow/.local/lib/python3.8/site-packages/airflow/example_dags/example_bash_operator.py
[2023-11-04 14:14:53,840] {processor.py:654} INFO - DAG(s) dict_keys(['example_bash_operator']) retrieved from /home/airflow/.local/lib/python3.8/site-packages/airflow/example_dags/example_bash_operator.py
[2023-11-04 14:14:53,855] {logging_mixin.py:109} INFO - [2023-11-04 14:14:53,855] {dag.py:2398} INFO - Sync 1 DAGs
[2023-11-04 14:14:53,877] {logging_mixin.py:109} INFO - [2023-11-04 14:14:53,877] {dag.py:2937} INFO - Setting next_dagrun for example_bash_operator to 2023-11-03 00:00:00+00:00
[2023-11-04 14:14:53,889] {processor.py:171} INFO - Processing /home/airflow/.local/lib/python3.8/site-packages/airflow/example_dags/example_bash_operator.py took 0.114 seconds
[2023-11-04 14:15:24,398] {processor.py:163} INFO - Started process (PID=410) to work on /home/airflow/.local/lib/python3.8/site-packages/airflow/example_dags/example_bash_operator.py
[2023-11-04 14:15:24,403] {processor.py:642} INFO - Processing file /home/airflow/.local/lib/python3.8/site-packages/airflow/example_dags/example_bash_operator.py for tasks to queue
[2023-11-04 14:15:24,405] {logging_mixin.py:109} INFO - [2023-11-04 14:15:24,405] {dagbag.py:500} INFO - Filling up the DagBag from /home/airflow/.local/lib/python3.8/site-packages/airflow/example_dags/example_bash_operator.py
[2023-11-04 14:15:24,484] {processor.py:654} INFO - DAG(s) dict_keys(['example_bash_operator']) retrieved from /home/airflow/.local/lib/python3.8/site-packages/airflow/example_dags/example_bash_operator.py
[2023-11-04 14:15:24,510] {logging_mixin.py:109} INFO - [2023-11-04 14:15:24,510] {dag.py:2398} INFO - Sync 1 DAGs
[2023-11-04 14:15:24,549] {logging_mixin.py:109} INFO - [2023-11-04 14:15:24,549] {dag.py:2937} INFO - Setting next_dagrun for example_bash_operator to 2023-11-03 00:00:00+00:00
[2023-11-04 14:15:24,568] {processor.py:171} INFO - Processing /home/airflow/.local/lib/python3.8/site-packages/airflow/example_dags/example_bash_operator.py took 0.176 seconds
[2023-11-04 14:15:54,774] {processor.py:163} INFO - Started process (PID=459) to work on /home/airflow/.local/lib/python3.8/site-packages/airflow/example_dags/example_bash_operator.py
[2023-11-04 14:15:54,776] {processor.py:642} INFO - Processing file /home/airflow/.local/lib/python3.8/site-packages/airflow/example_dags/example_bash_operator.py for tasks to queue
[2023-11-04 14:15:54,778] {logging_mixin.py:109} INFO - [2023-11-04 14:15:54,778] {dagbag.py:500} INFO - Filling up the DagBag from /home/airflow/.local/lib/python3.8/site-packages/airflow/example_dags/example_bash_operator.py
[2023-11-04 14:15:54,836] {processor.py:654} INFO - DAG(s) dict_keys(['example_bash_operator']) retrieved from /home/airflow/.local/lib/python3.8/site-packages/airflow/example_dags/example_bash_operator.py
[2023-11-04 14:15:54,850] {logging_mixin.py:109} INFO - [2023-11-04 14:15:54,850] {dag.py:2398} INFO - Sync 1 DAGs
[2023-11-04 14:15:54,871] {logging_mixin.py:109} INFO - [2023-11-04 14:15:54,871] {dag.py:2937} INFO - Setting next_dagrun for example_bash_operator to 2023-11-03 00:00:00+00:00
[2023-11-04 14:15:54,889] {processor.py:171} INFO - Processing /home/airflow/.local/lib/python3.8/site-packages/airflow/example_dags/example_bash_operator.py took 0.120 seconds
[2023-11-04 14:16:26,003] {processor.py:163} INFO - Started process (PID=508) to work on /home/airflow/.local/lib/python3.8/site-packages/airflow/example_dags/example_bash_operator.py
[2023-11-04 14:16:26,005] {processor.py:642} INFO - Processing file /home/airflow/.local/lib/python3.8/site-packages/airflow/example_dags/example_bash_operator.py for tasks to queue
[2023-11-04 14:16:26,007] {logging_mixin.py:109} INFO - [2023-11-04 14:16:26,007] {dagbag.py:500} INFO - Filling up the DagBag from /home/airflow/.local/lib/python3.8/site-packages/airflow/example_dags/example_bash_operator.py
[2023-11-04 14:16:26,062] {processor.py:654} INFO - DAG(s) dict_keys(['example_bash_operator']) retrieved from /home/airflow/.local/lib/python3.8/site-packages/airflow/example_dags/example_bash_operator.py
[2023-11-04 14:16:26,077] {logging_mixin.py:109} INFO - [2023-11-04 14:16:26,077] {dag.py:2398} INFO - Sync 1 DAGs
[2023-11-04 14:16:26,100] {logging_mixin.py:109} INFO - [2023-11-04 14:16:26,100] {dag.py:2937} INFO - Setting next_dagrun for example_bash_operator to 2023-11-03 00:00:00+00:00
[2023-11-04 14:16:26,111] {processor.py:171} INFO - Processing /home/airflow/.local/lib/python3.8/site-packages/airflow/example_dags/example_bash_operator.py took 0.113 seconds
[2023-11-04 14:16:56,693] {processor.py:163} INFO - Started process (PID=565) to work on /home/airflow/.local/lib/python3.8/site-packages/airflow/example_dags/example_bash_operator.py
[2023-11-04 14:16:56,696] {processor.py:642} INFO - Processing file /home/airflow/.local/lib/python3.8/site-packages/airflow/example_dags/example_bash_operator.py for tasks to queue
[2023-11-04 14:16:56,698] {logging_mixin.py:109} INFO - [2023-11-04 14:16:56,697] {dagbag.py:500} INFO - Filling up the DagBag from /home/airflow/.local/lib/python3.8/site-packages/airflow/example_dags/example_bash_operator.py
[2023-11-04 14:16:56,748] {processor.py:654} INFO - DAG(s) dict_keys(['example_bash_operator']) retrieved from /home/airflow/.local/lib/python3.8/site-packages/airflow/example_dags/example_bash_operator.py
[2023-11-04 14:16:56,763] {logging_mixin.py:109} INFO - [2023-11-04 14:16:56,762] {dag.py:2398} INFO - Sync 1 DAGs
[2023-11-04 14:16:56,785] {logging_mixin.py:109} INFO - [2023-11-04 14:16:56,785] {dag.py:2937} INFO - Setting next_dagrun for example_bash_operator to 2023-11-03 00:00:00+00:00
[2023-11-04 14:16:56,797] {processor.py:171} INFO - Processing /home/airflow/.local/lib/python3.8/site-packages/airflow/example_dags/example_bash_operator.py took 0.109 seconds
[2023-11-04 14:17:27,119] {processor.py:163} INFO - Started process (PID=614) to work on /home/airflow/.local/lib/python3.8/site-packages/airflow/example_dags/example_bash_operator.py
[2023-11-04 14:17:27,121] {processor.py:642} INFO - Processing file /home/airflow/.local/lib/python3.8/site-packages/airflow/example_dags/example_bash_operator.py for tasks to queue
[2023-11-04 14:17:27,123] {logging_mixin.py:109} INFO - [2023-11-04 14:17:27,123] {dagbag.py:500} INFO - Filling up the DagBag from /home/airflow/.local/lib/python3.8/site-packages/airflow/example_dags/example_bash_operator.py
[2023-11-04 14:17:27,173] {processor.py:654} INFO - DAG(s) dict_keys(['example_bash_operator']) retrieved from /home/airflow/.local/lib/python3.8/site-packages/airflow/example_dags/example_bash_operator.py
[2023-11-04 14:17:27,188] {logging_mixin.py:109} INFO - [2023-11-04 14:17:27,187] {dag.py:2398} INFO - Sync 1 DAGs
[2023-11-04 14:17:27,209] {logging_mixin.py:109} INFO - [2023-11-04 14:17:27,209] {dag.py:2937} INFO - Setting next_dagrun for example_bash_operator to 2023-11-03 00:00:00+00:00
[2023-11-04 14:17:27,221] {processor.py:171} INFO - Processing /home/airflow/.local/lib/python3.8/site-packages/airflow/example_dags/example_bash_operator.py took 0.107 seconds
[2023-11-04 14:17:58,594] {processor.py:163} INFO - Started process (PID=671) to work on /home/airflow/.local/lib/python3.8/site-packages/airflow/example_dags/example_bash_operator.py
[2023-11-04 14:17:58,599] {processor.py:642} INFO - Processing file /home/airflow/.local/lib/python3.8/site-packages/airflow/example_dags/example_bash_operator.py for tasks to queue
[2023-11-04 14:17:58,601] {logging_mixin.py:109} INFO - [2023-11-04 14:17:58,601] {dagbag.py:500} INFO - Filling up the DagBag from /home/airflow/.local/lib/python3.8/site-packages/airflow/example_dags/example_bash_operator.py
[2023-11-04 14:17:58,662] {processor.py:654} INFO - DAG(s) dict_keys(['example_bash_operator']) retrieved from /home/airflow/.local/lib/python3.8/site-packages/airflow/example_dags/example_bash_operator.py
[2023-11-04 14:17:58,685] {logging_mixin.py:109} INFO - [2023-11-04 14:17:58,685] {dag.py:2398} INFO - Sync 1 DAGs
[2023-11-04 14:17:58,714] {logging_mixin.py:109} INFO - [2023-11-04 14:17:58,714] {dag.py:2937} INFO - Setting next_dagrun for example_bash_operator to 2023-11-03 00:00:00+00:00
[2023-11-04 14:17:58,732] {processor.py:171} INFO - Processing /home/airflow/.local/lib/python3.8/site-packages/airflow/example_dags/example_bash_operator.py took 0.147 seconds
[2023-11-04 14:18:29,533] {processor.py:163} INFO - Started process (PID=720) to work on /home/airflow/.local/lib/python3.8/site-packages/airflow/example_dags/example_bash_operator.py
[2023-11-04 14:18:29,536] {processor.py:642} INFO - Processing file /home/airflow/.local/lib/python3.8/site-packages/airflow/example_dags/example_bash_operator.py for tasks to queue
[2023-11-04 14:18:29,538] {logging_mixin.py:109} INFO - [2023-11-04 14:18:29,538] {dagbag.py:500} INFO - Filling up the DagBag from /home/airflow/.local/lib/python3.8/site-packages/airflow/example_dags/example_bash_operator.py
[2023-11-04 14:18:29,606] {processor.py:654} INFO - DAG(s) dict_keys(['example_bash_operator']) retrieved from /home/airflow/.local/lib/python3.8/site-packages/airflow/example_dags/example_bash_operator.py
[2023-11-04 14:18:29,630] {logging_mixin.py:109} INFO - [2023-11-04 14:18:29,630] {dag.py:2398} INFO - Sync 1 DAGs
[2023-11-04 14:18:29,669] {logging_mixin.py:109} INFO - [2023-11-04 14:18:29,669] {dag.py:2937} INFO - Setting next_dagrun for example_bash_operator to 2023-11-03 00:00:00+00:00
[2023-11-04 14:18:29,688] {processor.py:171} INFO - Processing /home/airflow/.local/lib/python3.8/site-packages/airflow/example_dags/example_bash_operator.py took 0.162 seconds
[2023-11-04 14:19:00,813] {processor.py:163} INFO - Started process (PID=769) to work on /home/airflow/.local/lib/python3.8/site-packages/airflow/example_dags/example_bash_operator.py
[2023-11-04 14:19:00,817] {processor.py:642} INFO - Processing file /home/airflow/.local/lib/python3.8/site-packages/airflow/example_dags/example_bash_operator.py for tasks to queue
[2023-11-04 14:19:00,818] {logging_mixin.py:109} INFO - [2023-11-04 14:19:00,818] {dagbag.py:500} INFO - Filling up the DagBag from /home/airflow/.local/lib/python3.8/site-packages/airflow/example_dags/example_bash_operator.py
[2023-11-04 14:19:00,872] {processor.py:654} INFO - DAG(s) dict_keys(['example_bash_operator']) retrieved from /home/airflow/.local/lib/python3.8/site-packages/airflow/example_dags/example_bash_operator.py
[2023-11-04 14:19:00,894] {logging_mixin.py:109} INFO - [2023-11-04 14:19:00,894] {dag.py:2398} INFO - Sync 1 DAGs
[2023-11-04 14:19:00,924] {logging_mixin.py:109} INFO - [2023-11-04 14:19:00,924] {dag.py:2937} INFO - Setting next_dagrun for example_bash_operator to 2023-11-03 00:00:00+00:00
[2023-11-04 14:19:00,942] {processor.py:171} INFO - Processing /home/airflow/.local/lib/python3.8/site-packages/airflow/example_dags/example_bash_operator.py took 0.134 seconds
[2023-11-04 14:19:32,119] {processor.py:163} INFO - Started process (PID=826) to work on /home/airflow/.local/lib/python3.8/site-packages/airflow/example_dags/example_bash_operator.py
[2023-11-04 14:19:32,122] {processor.py:642} INFO - Processing file /home/airflow/.local/lib/python3.8/site-packages/airflow/example_dags/example_bash_operator.py for tasks to queue
[2023-11-04 14:19:32,124] {logging_mixin.py:109} INFO - [2023-11-04 14:19:32,123] {dagbag.py:500} INFO - Filling up the DagBag from /home/airflow/.local/lib/python3.8/site-packages/airflow/example_dags/example_bash_operator.py
[2023-11-04 14:19:32,174] {processor.py:654} INFO - DAG(s) dict_keys(['example_bash_operator']) retrieved from /home/airflow/.local/lib/python3.8/site-packages/airflow/example_dags/example_bash_operator.py
[2023-11-04 14:19:32,190] {logging_mixin.py:109} INFO - [2023-11-04 14:19:32,189] {dag.py:2398} INFO - Sync 1 DAGs
[2023-11-04 14:19:32,211] {logging_mixin.py:109} INFO - [2023-11-04 14:19:32,211] {dag.py:2937} INFO - Setting next_dagrun for example_bash_operator to 2023-11-03 00:00:00+00:00
[2023-11-04 14:19:32,223] {processor.py:171} INFO - Processing /home/airflow/.local/lib/python3.8/site-packages/airflow/example_dags/example_bash_operator.py took 0.109 seconds
[2023-11-04 14:20:02,664] {processor.py:163} INFO - Started process (PID=875) to work on /home/airflow/.local/lib/python3.8/site-packages/airflow/example_dags/example_bash_operator.py
[2023-11-04 14:20:02,667] {processor.py:642} INFO - Processing file /home/airflow/.local/lib/python3.8/site-packages/airflow/example_dags/example_bash_operator.py for tasks to queue
[2023-11-04 14:20:02,668] {logging_mixin.py:109} INFO - [2023-11-04 14:20:02,668] {dagbag.py:500} INFO - Filling up the DagBag from /home/airflow/.local/lib/python3.8/site-packages/airflow/example_dags/example_bash_operator.py
[2023-11-04 14:20:02,723] {processor.py:654} INFO - DAG(s) dict_keys(['example_bash_operator']) retrieved from /home/airflow/.local/lib/python3.8/site-packages/airflow/example_dags/example_bash_operator.py
[2023-11-04 14:20:02,739] {logging_mixin.py:109} INFO - [2023-11-04 14:20:02,738] {dag.py:2398} INFO - Sync 1 DAGs
[2023-11-04 14:20:02,761] {logging_mixin.py:109} INFO - [2023-11-04 14:20:02,761] {dag.py:2937} INFO - Setting next_dagrun for example_bash_operator to 2023-11-03 00:00:00+00:00
[2023-11-04 14:20:02,773] {processor.py:171} INFO - Processing /home/airflow/.local/lib/python3.8/site-packages/airflow/example_dags/example_bash_operator.py took 0.114 seconds
[2023-11-04 14:20:33,143] {processor.py:163} INFO - Started process (PID=926) to work on /home/airflow/.local/lib/python3.8/site-packages/airflow/example_dags/example_bash_operator.py
[2023-11-04 14:20:33,147] {processor.py:642} INFO - Processing file /home/airflow/.local/lib/python3.8/site-packages/airflow/example_dags/example_bash_operator.py for tasks to queue
[2023-11-04 14:20:33,149] {logging_mixin.py:109} INFO - [2023-11-04 14:20:33,149] {dagbag.py:500} INFO - Filling up the DagBag from /home/airflow/.local/lib/python3.8/site-packages/airflow/example_dags/example_bash_operator.py
[2023-11-04 14:20:33,203] {processor.py:654} INFO - DAG(s) dict_keys(['example_bash_operator']) retrieved from /home/airflow/.local/lib/python3.8/site-packages/airflow/example_dags/example_bash_operator.py
[2023-11-04 14:20:33,219] {logging_mixin.py:109} INFO - [2023-11-04 14:20:33,219] {dag.py:2398} INFO - Sync 1 DAGs
[2023-11-04 14:20:33,242] {logging_mixin.py:109} INFO - [2023-11-04 14:20:33,242] {dag.py:2937} INFO - Setting next_dagrun for example_bash_operator to 2023-11-03 00:00:00+00:00
[2023-11-04 14:20:33,253] {processor.py:171} INFO - Processing /home/airflow/.local/lib/python3.8/site-packages/airflow/example_dags/example_bash_operator.py took 0.116 seconds
[2023-11-04 14:21:03,806] {processor.py:163} INFO - Started process (PID=983) to work on /home/airflow/.local/lib/python3.8/site-packages/airflow/example_dags/example_bash_operator.py
[2023-11-04 14:21:03,809] {processor.py:642} INFO - Processing file /home/airflow/.local/lib/python3.8/site-packages/airflow/example_dags/example_bash_operator.py for tasks to queue
[2023-11-04 14:21:03,810] {logging_mixin.py:109} INFO - [2023-11-04 14:21:03,810] {dagbag.py:500} INFO - Filling up the DagBag from /home/airflow/.local/lib/python3.8/site-packages/airflow/example_dags/example_bash_operator.py
[2023-11-04 14:21:03,863] {processor.py:654} INFO - DAG(s) dict_keys(['example_bash_operator']) retrieved from /home/airflow/.local/lib/python3.8/site-packages/airflow/example_dags/example_bash_operator.py
[2023-11-04 14:21:03,886] {logging_mixin.py:109} INFO - [2023-11-04 14:21:03,886] {dag.py:2398} INFO - Sync 1 DAGs
[2023-11-04 14:21:03,925] {logging_mixin.py:109} INFO - [2023-11-04 14:21:03,925] {dag.py:2937} INFO - Setting next_dagrun for example_bash_operator to 2023-11-03 00:00:00+00:00
[2023-11-04 14:21:03,937] {processor.py:171} INFO - Processing /home/airflow/.local/lib/python3.8/site-packages/airflow/example_dags/example_bash_operator.py took 0.145 seconds
[2023-11-04 14:21:35,081] {processor.py:163} INFO - Started process (PID=1034) to work on /home/airflow/.local/lib/python3.8/site-packages/airflow/example_dags/example_bash_operator.py
[2023-11-04 14:21:35,085] {processor.py:642} INFO - Processing file /home/airflow/.local/lib/python3.8/site-packages/airflow/example_dags/example_bash_operator.py for tasks to queue
[2023-11-04 14:21:35,087] {logging_mixin.py:109} INFO - [2023-11-04 14:21:35,087] {dagbag.py:500} INFO - Filling up the DagBag from /home/airflow/.local/lib/python3.8/site-packages/airflow/example_dags/example_bash_operator.py
[2023-11-04 14:21:35,141] {processor.py:654} INFO - DAG(s) dict_keys(['example_bash_operator']) retrieved from /home/airflow/.local/lib/python3.8/site-packages/airflow/example_dags/example_bash_operator.py
[2023-11-04 14:21:35,155] {logging_mixin.py:109} INFO - [2023-11-04 14:21:35,155] {dag.py:2398} INFO - Sync 1 DAGs
[2023-11-04 14:21:35,176] {logging_mixin.py:109} INFO - [2023-11-04 14:21:35,176] {dag.py:2937} INFO - Setting next_dagrun for example_bash_operator to 2023-11-03 00:00:00+00:00
[2023-11-04 14:21:35,191] {processor.py:171} INFO - Processing /home/airflow/.local/lib/python3.8/site-packages/airflow/example_dags/example_bash_operator.py took 0.119 seconds
[2023-11-04 14:22:06,396] {processor.py:163} INFO - Started process (PID=1091) to work on /home/airflow/.local/lib/python3.8/site-packages/airflow/example_dags/example_bash_operator.py
[2023-11-04 14:22:06,399] {processor.py:642} INFO - Processing file /home/airflow/.local/lib/python3.8/site-packages/airflow/example_dags/example_bash_operator.py for tasks to queue
[2023-11-04 14:22:06,401] {logging_mixin.py:109} INFO - [2023-11-04 14:22:06,401] {dagbag.py:500} INFO - Filling up the DagBag from /home/airflow/.local/lib/python3.8/site-packages/airflow/example_dags/example_bash_operator.py
[2023-11-04 14:22:06,455] {processor.py:654} INFO - DAG(s) dict_keys(['example_bash_operator']) retrieved from /home/airflow/.local/lib/python3.8/site-packages/airflow/example_dags/example_bash_operator.py
[2023-11-04 14:22:06,472] {logging_mixin.py:109} INFO - [2023-11-04 14:22:06,471] {dag.py:2398} INFO - Sync 1 DAGs
[2023-11-04 14:22:06,495] {logging_mixin.py:109} INFO - [2023-11-04 14:22:06,494] {dag.py:2937} INFO - Setting next_dagrun for example_bash_operator to 2023-11-03 00:00:00+00:00
[2023-11-04 14:22:06,507] {processor.py:171} INFO - Processing /home/airflow/.local/lib/python3.8/site-packages/airflow/example_dags/example_bash_operator.py took 0.117 seconds
[2023-11-04 14:22:37,544] {processor.py:163} INFO - Started process (PID=1141) to work on /home/airflow/.local/lib/python3.8/site-packages/airflow/example_dags/example_bash_operator.py
[2023-11-04 14:22:37,547] {processor.py:642} INFO - Processing file /home/airflow/.local/lib/python3.8/site-packages/airflow/example_dags/example_bash_operator.py for tasks to queue
[2023-11-04 14:22:37,548] {logging_mixin.py:109} INFO - [2023-11-04 14:22:37,548] {dagbag.py:500} INFO - Filling up the DagBag from /home/airflow/.local/lib/python3.8/site-packages/airflow/example_dags/example_bash_operator.py
[2023-11-04 14:22:37,601] {processor.py:654} INFO - DAG(s) dict_keys(['example_bash_operator']) retrieved from /home/airflow/.local/lib/python3.8/site-packages/airflow/example_dags/example_bash_operator.py
[2023-11-04 14:22:37,616] {logging_mixin.py:109} INFO - [2023-11-04 14:22:37,616] {dag.py:2398} INFO - Sync 1 DAGs
[2023-11-04 14:22:37,638] {logging_mixin.py:109} INFO - [2023-11-04 14:22:37,638] {dag.py:2937} INFO - Setting next_dagrun for example_bash_operator to 2023-11-03 00:00:00+00:00
[2023-11-04 14:22:37,650] {processor.py:171} INFO - Processing /home/airflow/.local/lib/python3.8/site-packages/airflow/example_dags/example_bash_operator.py took 0.112 seconds
[2023-11-04 14:23:08,884] {processor.py:163} INFO - Started process (PID=1197) to work on /home/airflow/.local/lib/python3.8/site-packages/airflow/example_dags/example_bash_operator.py
[2023-11-04 14:23:08,887] {processor.py:642} INFO - Processing file /home/airflow/.local/lib/python3.8/site-packages/airflow/example_dags/example_bash_operator.py for tasks to queue
[2023-11-04 14:23:08,889] {logging_mixin.py:109} INFO - [2023-11-04 14:23:08,889] {dagbag.py:500} INFO - Filling up the DagBag from /home/airflow/.local/lib/python3.8/site-packages/airflow/example_dags/example_bash_operator.py
[2023-11-04 14:23:08,947] {processor.py:654} INFO - DAG(s) dict_keys(['example_bash_operator']) retrieved from /home/airflow/.local/lib/python3.8/site-packages/airflow/example_dags/example_bash_operator.py
[2023-11-04 14:23:08,962] {logging_mixin.py:109} INFO - [2023-11-04 14:23:08,962] {dag.py:2398} INFO - Sync 1 DAGs
[2023-11-04 14:23:08,988] {logging_mixin.py:109} INFO - [2023-11-04 14:23:08,988] {dag.py:2937} INFO - Setting next_dagrun for example_bash_operator to 2023-11-03 00:00:00+00:00
[2023-11-04 14:23:09,002] {processor.py:171} INFO - Processing /home/airflow/.local/lib/python3.8/site-packages/airflow/example_dags/example_bash_operator.py took 0.123 seconds
[2023-11-04 14:23:39,459] {processor.py:163} INFO - Started process (PID=1247) to work on /home/airflow/.local/lib/python3.8/site-packages/airflow/example_dags/example_bash_operator.py
[2023-11-04 14:23:39,461] {processor.py:642} INFO - Processing file /home/airflow/.local/lib/python3.8/site-packages/airflow/example_dags/example_bash_operator.py for tasks to queue
[2023-11-04 14:23:39,463] {logging_mixin.py:109} INFO - [2023-11-04 14:23:39,463] {dagbag.py:500} INFO - Filling up the DagBag from /home/airflow/.local/lib/python3.8/site-packages/airflow/example_dags/example_bash_operator.py
[2023-11-04 14:23:39,514] {processor.py:654} INFO - DAG(s) dict_keys(['example_bash_operator']) retrieved from /home/airflow/.local/lib/python3.8/site-packages/airflow/example_dags/example_bash_operator.py
[2023-11-04 14:23:39,532] {logging_mixin.py:109} INFO - [2023-11-04 14:23:39,532] {dag.py:2398} INFO - Sync 1 DAGs
[2023-11-04 14:23:39,560] {logging_mixin.py:109} INFO - [2023-11-04 14:23:39,559] {dag.py:2937} INFO - Setting next_dagrun for example_bash_operator to 2023-11-03 00:00:00+00:00
[2023-11-04 14:23:39,571] {processor.py:171} INFO - Processing /home/airflow/.local/lib/python3.8/site-packages/airflow/example_dags/example_bash_operator.py took 0.116 seconds
[2023-11-04 14:24:10,342] {processor.py:163} INFO - Started process (PID=1296) to work on /home/airflow/.local/lib/python3.8/site-packages/airflow/example_dags/example_bash_operator.py
[2023-11-04 14:24:10,345] {processor.py:642} INFO - Processing file /home/airflow/.local/lib/python3.8/site-packages/airflow/example_dags/example_bash_operator.py for tasks to queue
[2023-11-04 14:24:10,346] {logging_mixin.py:109} INFO - [2023-11-04 14:24:10,346] {dagbag.py:500} INFO - Filling up the DagBag from /home/airflow/.local/lib/python3.8/site-packages/airflow/example_dags/example_bash_operator.py
[2023-11-04 14:24:10,396] {processor.py:654} INFO - DAG(s) dict_keys(['example_bash_operator']) retrieved from /home/airflow/.local/lib/python3.8/site-packages/airflow/example_dags/example_bash_operator.py
[2023-11-04 14:24:10,410] {logging_mixin.py:109} INFO - [2023-11-04 14:24:10,410] {dag.py:2398} INFO - Sync 1 DAGs
[2023-11-04 14:24:10,430] {logging_mixin.py:109} INFO - [2023-11-04 14:24:10,430] {dag.py:2937} INFO - Setting next_dagrun for example_bash_operator to 2023-11-03 00:00:00+00:00
[2023-11-04 14:24:10,442] {processor.py:171} INFO - Processing /home/airflow/.local/lib/python3.8/site-packages/airflow/example_dags/example_bash_operator.py took 0.105 seconds
[2023-11-04 14:24:41,273] {processor.py:163} INFO - Started process (PID=1353) to work on /home/airflow/.local/lib/python3.8/site-packages/airflow/example_dags/example_bash_operator.py
[2023-11-04 14:24:41,276] {processor.py:642} INFO - Processing file /home/airflow/.local/lib/python3.8/site-packages/airflow/example_dags/example_bash_operator.py for tasks to queue
[2023-11-04 14:24:41,277] {logging_mixin.py:109} INFO - [2023-11-04 14:24:41,277] {dagbag.py:500} INFO - Filling up the DagBag from /home/airflow/.local/lib/python3.8/site-packages/airflow/example_dags/example_bash_operator.py
[2023-11-04 14:24:41,330] {processor.py:654} INFO - DAG(s) dict_keys(['example_bash_operator']) retrieved from /home/airflow/.local/lib/python3.8/site-packages/airflow/example_dags/example_bash_operator.py
[2023-11-04 14:24:41,345] {logging_mixin.py:109} INFO - [2023-11-04 14:24:41,345] {dag.py:2398} INFO - Sync 1 DAGs
[2023-11-04 14:24:41,371] {logging_mixin.py:109} INFO - [2023-11-04 14:24:41,371] {dag.py:2937} INFO - Setting next_dagrun for example_bash_operator to 2023-11-03 00:00:00+00:00
[2023-11-04 14:24:41,383] {processor.py:171} INFO - Processing /home/airflow/.local/lib/python3.8/site-packages/airflow/example_dags/example_bash_operator.py took 0.115 seconds
[2023-11-04 14:25:12,521] {processor.py:163} INFO - Started process (PID=1402) to work on /home/airflow/.local/lib/python3.8/site-packages/airflow/example_dags/example_bash_operator.py
[2023-11-04 14:25:12,524] {processor.py:642} INFO - Processing file /home/airflow/.local/lib/python3.8/site-packages/airflow/example_dags/example_bash_operator.py for tasks to queue
[2023-11-04 14:25:12,526] {logging_mixin.py:109} INFO - [2023-11-04 14:25:12,525] {dagbag.py:500} INFO - Filling up the DagBag from /home/airflow/.local/lib/python3.8/site-packages/airflow/example_dags/example_bash_operator.py
[2023-11-04 14:25:12,576] {processor.py:654} INFO - DAG(s) dict_keys(['example_bash_operator']) retrieved from /home/airflow/.local/lib/python3.8/site-packages/airflow/example_dags/example_bash_operator.py
[2023-11-04 14:25:12,591] {logging_mixin.py:109} INFO - [2023-11-04 14:25:12,590] {dag.py:2398} INFO - Sync 1 DAGs
[2023-11-04 14:25:12,612] {logging_mixin.py:109} INFO - [2023-11-04 14:25:12,612] {dag.py:2937} INFO - Setting next_dagrun for example_bash_operator to 2023-11-03 00:00:00+00:00
[2023-11-04 14:25:12,623] {processor.py:171} INFO - Processing /home/airflow/.local/lib/python3.8/site-packages/airflow/example_dags/example_bash_operator.py took 0.106 seconds
[2023-11-04 14:25:43,009] {processor.py:163} INFO - Started process (PID=1459) to work on /home/airflow/.local/lib/python3.8/site-packages/airflow/example_dags/example_bash_operator.py
[2023-11-04 14:25:43,031] {processor.py:642} INFO - Processing file /home/airflow/.local/lib/python3.8/site-packages/airflow/example_dags/example_bash_operator.py for tasks to queue
[2023-11-04 14:25:43,033] {logging_mixin.py:109} INFO - [2023-11-04 14:25:43,033] {dagbag.py:500} INFO - Filling up the DagBag from /home/airflow/.local/lib/python3.8/site-packages/airflow/example_dags/example_bash_operator.py
[2023-11-04 14:25:43,084] {processor.py:654} INFO - DAG(s) dict_keys(['example_bash_operator']) retrieved from /home/airflow/.local/lib/python3.8/site-packages/airflow/example_dags/example_bash_operator.py
[2023-11-04 14:25:43,099] {logging_mixin.py:109} INFO - [2023-11-04 14:25:43,099] {dag.py:2398} INFO - Sync 1 DAGs
[2023-11-04 14:25:43,123] {logging_mixin.py:109} INFO - [2023-11-04 14:25:43,123] {dag.py:2937} INFO - Setting next_dagrun for example_bash_operator to 2023-11-03 00:00:00+00:00
[2023-11-04 14:25:43,135] {processor.py:171} INFO - Processing /home/airflow/.local/lib/python3.8/site-packages/airflow/example_dags/example_bash_operator.py took 0.131 seconds
[2023-11-04 14:26:14,070] {processor.py:163} INFO - Started process (PID=1508) to work on /home/airflow/.local/lib/python3.8/site-packages/airflow/example_dags/example_bash_operator.py
[2023-11-04 14:26:14,073] {processor.py:642} INFO - Processing file /home/airflow/.local/lib/python3.8/site-packages/airflow/example_dags/example_bash_operator.py for tasks to queue
[2023-11-04 14:26:14,074] {logging_mixin.py:109} INFO - [2023-11-04 14:26:14,074] {dagbag.py:500} INFO - Filling up the DagBag from /home/airflow/.local/lib/python3.8/site-packages/airflow/example_dags/example_bash_operator.py
[2023-11-04 14:26:14,155] {processor.py:654} INFO - DAG(s) dict_keys(['example_bash_operator']) retrieved from /home/airflow/.local/lib/python3.8/site-packages/airflow/example_dags/example_bash_operator.py
[2023-11-04 14:26:14,175] {logging_mixin.py:109} INFO - [2023-11-04 14:26:14,175] {dag.py:2398} INFO - Sync 1 DAGs
[2023-11-04 14:26:14,200] {logging_mixin.py:109} INFO - [2023-11-04 14:26:14,200] {dag.py:2937} INFO - Setting next_dagrun for example_bash_operator to 2023-11-03 00:00:00+00:00
[2023-11-04 14:26:14,212] {processor.py:171} INFO - Processing /home/airflow/.local/lib/python3.8/site-packages/airflow/example_dags/example_bash_operator.py took 0.147 seconds
[2023-11-04 14:28:08,653] {processor.py:163} INFO - Started process (PID=43) to work on /home/airflow/.local/lib/python3.8/site-packages/airflow/example_dags/example_bash_operator.py
[2023-11-04 14:28:08,656] {processor.py:642} INFO - Processing file /home/airflow/.local/lib/python3.8/site-packages/airflow/example_dags/example_bash_operator.py for tasks to queue
[2023-11-04 14:28:08,658] {logging_mixin.py:109} INFO - [2023-11-04 14:28:08,658] {dagbag.py:500} INFO - Filling up the DagBag from /home/airflow/.local/lib/python3.8/site-packages/airflow/example_dags/example_bash_operator.py
[2023-11-04 14:28:08,718] {processor.py:654} INFO - DAG(s) dict_keys(['example_bash_operator']) retrieved from /home/airflow/.local/lib/python3.8/site-packages/airflow/example_dags/example_bash_operator.py
[2023-11-04 14:28:08,736] {logging_mixin.py:109} INFO - [2023-11-04 14:28:08,736] {dag.py:2398} INFO - Sync 1 DAGs
[2023-11-04 14:28:08,762] {logging_mixin.py:109} INFO - [2023-11-04 14:28:08,762] {dag.py:2937} INFO - Setting next_dagrun for example_bash_operator to 2023-11-03 00:00:00+00:00
[2023-11-04 14:28:08,776] {processor.py:171} INFO - Processing /home/airflow/.local/lib/python3.8/site-packages/airflow/example_dags/example_bash_operator.py took 0.129 seconds
[2023-11-04 14:28:39,594] {processor.py:163} INFO - Started process (PID=93) to work on /home/airflow/.local/lib/python3.8/site-packages/airflow/example_dags/example_bash_operator.py
[2023-11-04 14:28:39,596] {processor.py:642} INFO - Processing file /home/airflow/.local/lib/python3.8/site-packages/airflow/example_dags/example_bash_operator.py for tasks to queue
[2023-11-04 14:28:39,597] {logging_mixin.py:109} INFO - [2023-11-04 14:28:39,597] {dagbag.py:500} INFO - Filling up the DagBag from /home/airflow/.local/lib/python3.8/site-packages/airflow/example_dags/example_bash_operator.py
[2023-11-04 14:28:39,647] {processor.py:654} INFO - DAG(s) dict_keys(['example_bash_operator']) retrieved from /home/airflow/.local/lib/python3.8/site-packages/airflow/example_dags/example_bash_operator.py
[2023-11-04 14:28:39,661] {logging_mixin.py:109} INFO - [2023-11-04 14:28:39,661] {dag.py:2398} INFO - Sync 1 DAGs
[2023-11-04 14:28:39,682] {logging_mixin.py:109} INFO - [2023-11-04 14:28:39,682] {dag.py:2937} INFO - Setting next_dagrun for example_bash_operator to 2023-11-03 00:00:00+00:00
[2023-11-04 14:28:39,695] {processor.py:171} INFO - Processing /home/airflow/.local/lib/python3.8/site-packages/airflow/example_dags/example_bash_operator.py took 0.106 seconds
[2023-11-04 14:29:10,188] {processor.py:163} INFO - Started process (PID=150) to work on /home/airflow/.local/lib/python3.8/site-packages/airflow/example_dags/example_bash_operator.py
[2023-11-04 14:29:10,191] {processor.py:642} INFO - Processing file /home/airflow/.local/lib/python3.8/site-packages/airflow/example_dags/example_bash_operator.py for tasks to queue
[2023-11-04 14:29:10,194] {logging_mixin.py:109} INFO - [2023-11-04 14:29:10,194] {dagbag.py:500} INFO - Filling up the DagBag from /home/airflow/.local/lib/python3.8/site-packages/airflow/example_dags/example_bash_operator.py
[2023-11-04 14:29:10,257] {processor.py:654} INFO - DAG(s) dict_keys(['example_bash_operator']) retrieved from /home/airflow/.local/lib/python3.8/site-packages/airflow/example_dags/example_bash_operator.py
[2023-11-04 14:29:10,273] {logging_mixin.py:109} INFO - [2023-11-04 14:29:10,273] {dag.py:2398} INFO - Sync 1 DAGs
[2023-11-04 14:29:10,295] {logging_mixin.py:109} INFO - [2023-11-04 14:29:10,295] {dag.py:2937} INFO - Setting next_dagrun for example_bash_operator to 2023-11-03 00:00:00+00:00
[2023-11-04 14:29:10,307] {processor.py:171} INFO - Processing /home/airflow/.local/lib/python3.8/site-packages/airflow/example_dags/example_bash_operator.py took 0.128 seconds
[2023-11-04 14:29:40,695] {processor.py:163} INFO - Started process (PID=199) to work on /home/airflow/.local/lib/python3.8/site-packages/airflow/example_dags/example_bash_operator.py
[2023-11-04 14:29:40,697] {processor.py:642} INFO - Processing file /home/airflow/.local/lib/python3.8/site-packages/airflow/example_dags/example_bash_operator.py for tasks to queue
[2023-11-04 14:29:40,699] {logging_mixin.py:109} INFO - [2023-11-04 14:29:40,699] {dagbag.py:500} INFO - Filling up the DagBag from /home/airflow/.local/lib/python3.8/site-packages/airflow/example_dags/example_bash_operator.py
[2023-11-04 14:29:40,754] {processor.py:654} INFO - DAG(s) dict_keys(['example_bash_operator']) retrieved from /home/airflow/.local/lib/python3.8/site-packages/airflow/example_dags/example_bash_operator.py
[2023-11-04 14:29:40,768] {logging_mixin.py:109} INFO - [2023-11-04 14:29:40,768] {dag.py:2398} INFO - Sync 1 DAGs
[2023-11-04 14:29:40,788] {logging_mixin.py:109} INFO - [2023-11-04 14:29:40,788] {dag.py:2937} INFO - Setting next_dagrun for example_bash_operator to 2023-11-03 00:00:00+00:00
[2023-11-04 14:29:40,799] {processor.py:171} INFO - Processing /home/airflow/.local/lib/python3.8/site-packages/airflow/example_dags/example_bash_operator.py took 0.109 seconds
[2023-11-04 14:30:11,433] {processor.py:163} INFO - Started process (PID=250) to work on /home/airflow/.local/lib/python3.8/site-packages/airflow/example_dags/example_bash_operator.py
[2023-11-04 14:30:11,435] {processor.py:642} INFO - Processing file /home/airflow/.local/lib/python3.8/site-packages/airflow/example_dags/example_bash_operator.py for tasks to queue
[2023-11-04 14:30:11,437] {logging_mixin.py:109} INFO - [2023-11-04 14:30:11,437] {dagbag.py:500} INFO - Filling up the DagBag from /home/airflow/.local/lib/python3.8/site-packages/airflow/example_dags/example_bash_operator.py
[2023-11-04 14:30:11,513] {processor.py:654} INFO - DAG(s) dict_keys(['example_bash_operator']) retrieved from /home/airflow/.local/lib/python3.8/site-packages/airflow/example_dags/example_bash_operator.py
[2023-11-04 14:30:11,533] {logging_mixin.py:109} INFO - [2023-11-04 14:30:11,533] {dag.py:2398} INFO - Sync 1 DAGs
[2023-11-04 14:30:11,557] {logging_mixin.py:109} INFO - [2023-11-04 14:30:11,557] {dag.py:2937} INFO - Setting next_dagrun for example_bash_operator to 2023-11-03 00:00:00+00:00
[2023-11-04 14:30:11,572] {processor.py:171} INFO - Processing /home/airflow/.local/lib/python3.8/site-packages/airflow/example_dags/example_bash_operator.py took 0.144 seconds
[2023-11-04 14:30:42,765] {processor.py:163} INFO - Started process (PID=304) to work on /home/airflow/.local/lib/python3.8/site-packages/airflow/example_dags/example_bash_operator.py
[2023-11-04 14:30:42,767] {processor.py:642} INFO - Processing file /home/airflow/.local/lib/python3.8/site-packages/airflow/example_dags/example_bash_operator.py for tasks to queue
[2023-11-04 14:30:42,768] {logging_mixin.py:109} INFO - [2023-11-04 14:30:42,768] {dagbag.py:500} INFO - Filling up the DagBag from /home/airflow/.local/lib/python3.8/site-packages/airflow/example_dags/example_bash_operator.py
[2023-11-04 14:30:42,818] {processor.py:654} INFO - DAG(s) dict_keys(['example_bash_operator']) retrieved from /home/airflow/.local/lib/python3.8/site-packages/airflow/example_dags/example_bash_operator.py
[2023-11-04 14:30:42,833] {logging_mixin.py:109} INFO - [2023-11-04 14:30:42,833] {dag.py:2398} INFO - Sync 1 DAGs
[2023-11-04 14:30:42,855] {logging_mixin.py:109} INFO - [2023-11-04 14:30:42,854] {dag.py:2937} INFO - Setting next_dagrun for example_bash_operator to 2023-11-03 00:00:00+00:00
[2023-11-04 14:30:42,870] {processor.py:171} INFO - Processing /home/airflow/.local/lib/python3.8/site-packages/airflow/example_dags/example_bash_operator.py took 0.110 seconds
