[2023-11-04 13:41:26,573] {processor.py:163} INFO - Started process (PID=161) to work on /home/airflow/.local/lib/python3.8/site-packages/airflow/example_dags/example_dag_decorator.py
[2023-11-04 13:41:26,576] {processor.py:642} INFO - Processing file /home/airflow/.local/lib/python3.8/site-packages/airflow/example_dags/example_dag_decorator.py for tasks to queue
[2023-11-04 13:41:26,577] {logging_mixin.py:109} INFO - [2023-11-04 13:41:26,577] {dagbag.py:500} INFO - Filling up the DagBag from /home/airflow/.local/lib/python3.8/site-packages/airflow/example_dags/example_dag_decorator.py
[2023-11-04 13:41:26,662] {processor.py:654} INFO - DAG(s) dict_keys(['example_dag_decorator']) retrieved from /home/airflow/.local/lib/python3.8/site-packages/airflow/example_dags/example_dag_decorator.py
[2023-11-04 13:41:29,403] {logging_mixin.py:109} INFO - [2023-11-04 13:41:29,402] {providers_manager.py:154} WARNING - Exception when importing 'airflow.providers.google.common.hooks.base_google.GoogleBaseHook' from 'apache-airflow-providers-google' package: module 'pyparsing' has no attribute 'downcaseTokens'
[2023-11-04 13:41:29,424] {logging_mixin.py:109} INFO - [2023-11-04 13:41:29,424] {providers_manager.py:154} WARNING - Exception when importing 'airflow.providers.google.cloud.hooks.cloud_sql.CloudSQLHook' from 'apache-airflow-providers-google' package: module 'pyparsing' has no attribute 'downcaseTokens'
[2023-11-04 13:41:29,452] {logging_mixin.py:109} INFO - [2023-11-04 13:41:29,450] {providers_manager.py:154} WARNING - Exception when importing 'airflow.providers.google.cloud.hooks.cloud_sql.CloudSQLDatabaseHook' from 'apache-airflow-providers-google' package: module 'pyparsing' has no attribute 'downcaseTokens'
[2023-11-04 13:41:29,862] {logging_mixin.py:109} INFO - [2023-11-04 13:41:29,862] {providers_manager.py:154} WARNING - Exception when importing 'airflow.providers.google.cloud.hooks.bigquery.BigQueryHook' from 'apache-airflow-providers-google' package: module 'pyparsing' has no attribute 'downcaseTokens'
[2023-11-04 13:41:29,874] {logging_mixin.py:109} INFO - [2023-11-04 13:41:29,874] {providers_manager.py:154} WARNING - Exception when importing 'airflow.providers.google.cloud.hooks.compute_ssh.ComputeEngineSSHHook' from 'apache-airflow-providers-google' package: module 'pyparsing' has no attribute 'downcaseTokens'
[2023-11-04 13:41:31,267] {logging_mixin.py:109} INFO - [2023-11-04 13:41:31,266] {providers_manager.py:154} WARNING - Exception when importing 'airflow.providers.google.common.hooks.base_google.GoogleBaseHook' from 'apache-airflow-providers-google' package: module 'pyparsing' has no attribute 'downcaseTokens'
[2023-11-04 13:41:31,274] {logging_mixin.py:109} INFO - [2023-11-04 13:41:31,274] {providers_manager.py:154} WARNING - Exception when importing 'airflow.providers.google.cloud.hooks.cloud_sql.CloudSQLHook' from 'apache-airflow-providers-google' package: module 'pyparsing' has no attribute 'downcaseTokens'
[2023-11-04 13:41:31,280] {logging_mixin.py:109} INFO - [2023-11-04 13:41:31,280] {providers_manager.py:154} WARNING - Exception when importing 'airflow.providers.google.cloud.hooks.cloud_sql.CloudSQLDatabaseHook' from 'apache-airflow-providers-google' package: module 'pyparsing' has no attribute 'downcaseTokens'
[2023-11-04 13:41:31,287] {logging_mixin.py:109} INFO - [2023-11-04 13:41:31,287] {providers_manager.py:154} WARNING - Exception when importing 'airflow.providers.google.cloud.hooks.bigquery.BigQueryHook' from 'apache-airflow-providers-google' package: module 'pyparsing' has no attribute 'downcaseTokens'
[2023-11-04 13:41:31,294] {logging_mixin.py:109} INFO - [2023-11-04 13:41:31,294] {providers_manager.py:154} WARNING - Exception when importing 'airflow.providers.google.cloud.hooks.compute_ssh.ComputeEngineSSHHook' from 'apache-airflow-providers-google' package: module 'pyparsing' has no attribute 'downcaseTokens'
[2023-11-04 13:41:31,336] {logging_mixin.py:109} INFO - [2023-11-04 13:41:31,336] {manager.py:496} INFO - Created Permission View: can read on DAG:example_dag_decorator
[2023-11-04 13:41:31,347] {logging_mixin.py:109} INFO - [2023-11-04 13:41:31,347] {manager.py:496} INFO - Created Permission View: can edit on DAG:example_dag_decorator
[2023-11-04 13:41:31,350] {logging_mixin.py:109} INFO - [2023-11-04 13:41:31,350] {dag.py:2398} INFO - Sync 1 DAGs
[2023-11-04 13:41:31,360] {logging_mixin.py:109} INFO - [2023-11-04 13:41:31,359] {dag.py:2417} INFO - Creating ORM DAG for example_dag_decorator
[2023-11-04 13:41:31,370] {logging_mixin.py:109} INFO - [2023-11-04 13:41:31,370] {dag.py:2937} INFO - Setting next_dagrun for example_dag_decorator to None
[2023-11-04 13:41:31,387] {processor.py:171} INFO - Processing /home/airflow/.local/lib/python3.8/site-packages/airflow/example_dags/example_dag_decorator.py took 4.820 seconds
[2023-11-04 13:42:01,760] {processor.py:163} INFO - Started process (PID=309) to work on /home/airflow/.local/lib/python3.8/site-packages/airflow/example_dags/example_dag_decorator.py
[2023-11-04 13:42:01,762] {processor.py:642} INFO - Processing file /home/airflow/.local/lib/python3.8/site-packages/airflow/example_dags/example_dag_decorator.py for tasks to queue
[2023-11-04 13:42:01,764] {logging_mixin.py:109} INFO - [2023-11-04 13:42:01,764] {dagbag.py:500} INFO - Filling up the DagBag from /home/airflow/.local/lib/python3.8/site-packages/airflow/example_dags/example_dag_decorator.py
[2023-11-04 13:42:01,818] {processor.py:654} INFO - DAG(s) dict_keys(['example_dag_decorator']) retrieved from /home/airflow/.local/lib/python3.8/site-packages/airflow/example_dags/example_dag_decorator.py
[2023-11-04 13:42:02,116] {logging_mixin.py:109} INFO - [2023-11-04 13:42:02,116] {dag.py:2398} INFO - Sync 1 DAGs
[2023-11-04 13:42:02,140] {logging_mixin.py:109} INFO - [2023-11-04 13:42:02,140] {dag.py:2937} INFO - Setting next_dagrun for example_dag_decorator to None
[2023-11-04 13:42:02,155] {processor.py:171} INFO - Processing /home/airflow/.local/lib/python3.8/site-packages/airflow/example_dags/example_dag_decorator.py took 0.401 seconds
[2023-11-04 13:42:32,208] {processor.py:163} INFO - Started process (PID=359) to work on /home/airflow/.local/lib/python3.8/site-packages/airflow/example_dags/example_dag_decorator.py
[2023-11-04 13:42:32,210] {processor.py:642} INFO - Processing file /home/airflow/.local/lib/python3.8/site-packages/airflow/example_dags/example_dag_decorator.py for tasks to queue
[2023-11-04 13:42:32,212] {logging_mixin.py:109} INFO - [2023-11-04 13:42:32,212] {dagbag.py:500} INFO - Filling up the DagBag from /home/airflow/.local/lib/python3.8/site-packages/airflow/example_dags/example_dag_decorator.py
[2023-11-04 13:42:32,283] {processor.py:654} INFO - DAG(s) dict_keys(['example_dag_decorator']) retrieved from /home/airflow/.local/lib/python3.8/site-packages/airflow/example_dags/example_dag_decorator.py
[2023-11-04 13:42:32,804] {logging_mixin.py:109} INFO - [2023-11-04 13:42:32,804] {dag.py:2398} INFO - Sync 1 DAGs
[2023-11-04 13:42:32,832] {logging_mixin.py:109} INFO - [2023-11-04 13:42:32,831] {dag.py:2937} INFO - Setting next_dagrun for example_dag_decorator to None
[2023-11-04 13:42:32,852] {processor.py:171} INFO - Processing /home/airflow/.local/lib/python3.8/site-packages/airflow/example_dags/example_dag_decorator.py took 0.649 seconds
[2023-11-04 13:43:03,352] {processor.py:163} INFO - Started process (PID=416) to work on /home/airflow/.local/lib/python3.8/site-packages/airflow/example_dags/example_dag_decorator.py
[2023-11-04 13:43:03,355] {processor.py:642} INFO - Processing file /home/airflow/.local/lib/python3.8/site-packages/airflow/example_dags/example_dag_decorator.py for tasks to queue
[2023-11-04 13:43:03,357] {logging_mixin.py:109} INFO - [2023-11-04 13:43:03,357] {dagbag.py:500} INFO - Filling up the DagBag from /home/airflow/.local/lib/python3.8/site-packages/airflow/example_dags/example_dag_decorator.py
[2023-11-04 13:43:03,415] {processor.py:654} INFO - DAG(s) dict_keys(['example_dag_decorator']) retrieved from /home/airflow/.local/lib/python3.8/site-packages/airflow/example_dags/example_dag_decorator.py
[2023-11-04 13:43:03,812] {logging_mixin.py:109} INFO - [2023-11-04 13:43:03,812] {dag.py:2398} INFO - Sync 1 DAGs
[2023-11-04 13:43:03,833] {logging_mixin.py:109} INFO - [2023-11-04 13:43:03,832] {dag.py:2937} INFO - Setting next_dagrun for example_dag_decorator to None
[2023-11-04 13:43:03,848] {processor.py:171} INFO - Processing /home/airflow/.local/lib/python3.8/site-packages/airflow/example_dags/example_dag_decorator.py took 0.501 seconds
[2023-11-04 13:43:34,109] {processor.py:163} INFO - Started process (PID=465) to work on /home/airflow/.local/lib/python3.8/site-packages/airflow/example_dags/example_dag_decorator.py
[2023-11-04 13:43:34,111] {processor.py:642} INFO - Processing file /home/airflow/.local/lib/python3.8/site-packages/airflow/example_dags/example_dag_decorator.py for tasks to queue
[2023-11-04 13:43:34,113] {logging_mixin.py:109} INFO - [2023-11-04 13:43:34,113] {dagbag.py:500} INFO - Filling up the DagBag from /home/airflow/.local/lib/python3.8/site-packages/airflow/example_dags/example_dag_decorator.py
[2023-11-04 13:43:34,169] {processor.py:654} INFO - DAG(s) dict_keys(['example_dag_decorator']) retrieved from /home/airflow/.local/lib/python3.8/site-packages/airflow/example_dags/example_dag_decorator.py
[2023-11-04 13:43:34,468] {logging_mixin.py:109} INFO - [2023-11-04 13:43:34,468] {dag.py:2398} INFO - Sync 1 DAGs
[2023-11-04 13:43:34,522] {logging_mixin.py:109} INFO - [2023-11-04 13:43:34,522] {dag.py:2937} INFO - Setting next_dagrun for example_dag_decorator to None
[2023-11-04 13:43:34,558] {processor.py:171} INFO - Processing /home/airflow/.local/lib/python3.8/site-packages/airflow/example_dags/example_dag_decorator.py took 0.455 seconds
[2023-11-04 13:44:05,131] {processor.py:163} INFO - Started process (PID=514) to work on /home/airflow/.local/lib/python3.8/site-packages/airflow/example_dags/example_dag_decorator.py
[2023-11-04 13:44:05,135] {processor.py:642} INFO - Processing file /home/airflow/.local/lib/python3.8/site-packages/airflow/example_dags/example_dag_decorator.py for tasks to queue
[2023-11-04 13:44:05,139] {logging_mixin.py:109} INFO - [2023-11-04 13:44:05,138] {dagbag.py:500} INFO - Filling up the DagBag from /home/airflow/.local/lib/python3.8/site-packages/airflow/example_dags/example_dag_decorator.py
[2023-11-04 13:44:05,215] {processor.py:654} INFO - DAG(s) dict_keys(['example_dag_decorator']) retrieved from /home/airflow/.local/lib/python3.8/site-packages/airflow/example_dags/example_dag_decorator.py
[2023-11-04 13:44:05,522] {logging_mixin.py:109} INFO - [2023-11-04 13:44:05,522] {dag.py:2398} INFO - Sync 1 DAGs
[2023-11-04 13:44:05,562] {logging_mixin.py:109} INFO - [2023-11-04 13:44:05,562] {dag.py:2937} INFO - Setting next_dagrun for example_dag_decorator to None
[2023-11-04 13:44:05,575] {processor.py:171} INFO - Processing /home/airflow/.local/lib/python3.8/site-packages/airflow/example_dags/example_dag_decorator.py took 0.451 seconds
[2023-11-04 13:59:20,514] {processor.py:163} INFO - Started process (PID=54) to work on /home/airflow/.local/lib/python3.8/site-packages/airflow/example_dags/example_dag_decorator.py
[2023-11-04 13:59:20,516] {processor.py:642} INFO - Processing file /home/airflow/.local/lib/python3.8/site-packages/airflow/example_dags/example_dag_decorator.py for tasks to queue
[2023-11-04 13:59:20,518] {logging_mixin.py:109} INFO - [2023-11-04 13:59:20,518] {dagbag.py:500} INFO - Filling up the DagBag from /home/airflow/.local/lib/python3.8/site-packages/airflow/example_dags/example_dag_decorator.py
[2023-11-04 13:59:20,575] {processor.py:654} INFO - DAG(s) dict_keys(['example_dag_decorator']) retrieved from /home/airflow/.local/lib/python3.8/site-packages/airflow/example_dags/example_dag_decorator.py
[2023-11-04 13:59:20,829] {logging_mixin.py:109} INFO - [2023-11-04 13:59:20,829] {dag.py:2398} INFO - Sync 1 DAGs
[2023-11-04 13:59:20,853] {logging_mixin.py:109} INFO - [2023-11-04 13:59:20,852] {dag.py:2937} INFO - Setting next_dagrun for example_dag_decorator to None
[2023-11-04 13:59:20,870] {processor.py:171} INFO - Processing /home/airflow/.local/lib/python3.8/site-packages/airflow/example_dags/example_dag_decorator.py took 0.361 seconds
[2023-11-04 13:59:51,192] {processor.py:163} INFO - Started process (PID=102) to work on /home/airflow/.local/lib/python3.8/site-packages/airflow/example_dags/example_dag_decorator.py
[2023-11-04 13:59:51,195] {processor.py:642} INFO - Processing file /home/airflow/.local/lib/python3.8/site-packages/airflow/example_dags/example_dag_decorator.py for tasks to queue
[2023-11-04 13:59:51,197] {logging_mixin.py:109} INFO - [2023-11-04 13:59:51,197] {dagbag.py:500} INFO - Filling up the DagBag from /home/airflow/.local/lib/python3.8/site-packages/airflow/example_dags/example_dag_decorator.py
[2023-11-04 13:59:51,259] {processor.py:654} INFO - DAG(s) dict_keys(['example_dag_decorator']) retrieved from /home/airflow/.local/lib/python3.8/site-packages/airflow/example_dags/example_dag_decorator.py
[2023-11-04 13:59:51,569] {logging_mixin.py:109} INFO - [2023-11-04 13:59:51,568] {dag.py:2398} INFO - Sync 1 DAGs
[2023-11-04 13:59:51,597] {logging_mixin.py:109} INFO - [2023-11-04 13:59:51,597] {dag.py:2937} INFO - Setting next_dagrun for example_dag_decorator to None
[2023-11-04 13:59:51,612] {processor.py:171} INFO - Processing /home/airflow/.local/lib/python3.8/site-packages/airflow/example_dags/example_dag_decorator.py took 0.425 seconds
[2023-11-04 14:00:21,943] {processor.py:163} INFO - Started process (PID=175) to work on /home/airflow/.local/lib/python3.8/site-packages/airflow/example_dags/example_dag_decorator.py
[2023-11-04 14:00:21,946] {processor.py:642} INFO - Processing file /home/airflow/.local/lib/python3.8/site-packages/airflow/example_dags/example_dag_decorator.py for tasks to queue
[2023-11-04 14:00:21,948] {logging_mixin.py:109} INFO - [2023-11-04 14:00:21,948] {dagbag.py:500} INFO - Filling up the DagBag from /home/airflow/.local/lib/python3.8/site-packages/airflow/example_dags/example_dag_decorator.py
[2023-11-04 14:00:22,011] {processor.py:654} INFO - DAG(s) dict_keys(['example_dag_decorator']) retrieved from /home/airflow/.local/lib/python3.8/site-packages/airflow/example_dags/example_dag_decorator.py
[2023-11-04 14:00:22,330] {logging_mixin.py:109} INFO - [2023-11-04 14:00:22,330] {dag.py:2398} INFO - Sync 1 DAGs
[2023-11-04 14:00:22,354] {logging_mixin.py:109} INFO - [2023-11-04 14:00:22,354] {dag.py:2937} INFO - Setting next_dagrun for example_dag_decorator to None
[2023-11-04 14:00:22,369] {processor.py:171} INFO - Processing /home/airflow/.local/lib/python3.8/site-packages/airflow/example_dags/example_dag_decorator.py took 0.432 seconds
[2023-11-04 14:00:52,912] {processor.py:163} INFO - Started process (PID=224) to work on /home/airflow/.local/lib/python3.8/site-packages/airflow/example_dags/example_dag_decorator.py
[2023-11-04 14:00:52,914] {processor.py:642} INFO - Processing file /home/airflow/.local/lib/python3.8/site-packages/airflow/example_dags/example_dag_decorator.py for tasks to queue
[2023-11-04 14:00:52,916] {logging_mixin.py:109} INFO - [2023-11-04 14:00:52,916] {dagbag.py:500} INFO - Filling up the DagBag from /home/airflow/.local/lib/python3.8/site-packages/airflow/example_dags/example_dag_decorator.py
[2023-11-04 14:00:52,969] {processor.py:654} INFO - DAG(s) dict_keys(['example_dag_decorator']) retrieved from /home/airflow/.local/lib/python3.8/site-packages/airflow/example_dags/example_dag_decorator.py
[2023-11-04 14:00:53,244] {logging_mixin.py:109} INFO - [2023-11-04 14:00:53,244] {dag.py:2398} INFO - Sync 1 DAGs
[2023-11-04 14:00:53,262] {logging_mixin.py:109} INFO - [2023-11-04 14:00:53,262] {dag.py:2937} INFO - Setting next_dagrun for example_dag_decorator to None
[2023-11-04 14:00:53,288] {processor.py:171} INFO - Processing /home/airflow/.local/lib/python3.8/site-packages/airflow/example_dags/example_dag_decorator.py took 0.381 seconds
[2023-11-04 14:01:23,479] {processor.py:163} INFO - Started process (PID=273) to work on /home/airflow/.local/lib/python3.8/site-packages/airflow/example_dags/example_dag_decorator.py
[2023-11-04 14:01:23,482] {processor.py:642} INFO - Processing file /home/airflow/.local/lib/python3.8/site-packages/airflow/example_dags/example_dag_decorator.py for tasks to queue
[2023-11-04 14:01:23,484] {logging_mixin.py:109} INFO - [2023-11-04 14:01:23,484] {dagbag.py:500} INFO - Filling up the DagBag from /home/airflow/.local/lib/python3.8/site-packages/airflow/example_dags/example_dag_decorator.py
[2023-11-04 14:01:23,538] {processor.py:654} INFO - DAG(s) dict_keys(['example_dag_decorator']) retrieved from /home/airflow/.local/lib/python3.8/site-packages/airflow/example_dags/example_dag_decorator.py
[2023-11-04 14:01:23,809] {logging_mixin.py:109} INFO - [2023-11-04 14:01:23,809] {dag.py:2398} INFO - Sync 1 DAGs
[2023-11-04 14:01:23,829] {logging_mixin.py:109} INFO - [2023-11-04 14:01:23,829] {dag.py:2937} INFO - Setting next_dagrun for example_dag_decorator to None
[2023-11-04 14:01:23,860] {processor.py:171} INFO - Processing /home/airflow/.local/lib/python3.8/site-packages/airflow/example_dags/example_dag_decorator.py took 0.387 seconds
[2023-11-04 14:01:53,994] {processor.py:163} INFO - Started process (PID=332) to work on /home/airflow/.local/lib/python3.8/site-packages/airflow/example_dags/example_dag_decorator.py
[2023-11-04 14:01:53,996] {processor.py:642} INFO - Processing file /home/airflow/.local/lib/python3.8/site-packages/airflow/example_dags/example_dag_decorator.py for tasks to queue
[2023-11-04 14:01:53,998] {logging_mixin.py:109} INFO - [2023-11-04 14:01:53,998] {dagbag.py:500} INFO - Filling up the DagBag from /home/airflow/.local/lib/python3.8/site-packages/airflow/example_dags/example_dag_decorator.py
[2023-11-04 14:01:54,051] {processor.py:654} INFO - DAG(s) dict_keys(['example_dag_decorator']) retrieved from /home/airflow/.local/lib/python3.8/site-packages/airflow/example_dags/example_dag_decorator.py
[2023-11-04 14:01:54,323] {logging_mixin.py:109} INFO - [2023-11-04 14:01:54,323] {dag.py:2398} INFO - Sync 1 DAGs
[2023-11-04 14:01:54,346] {logging_mixin.py:109} INFO - [2023-11-04 14:01:54,346] {dag.py:2937} INFO - Setting next_dagrun for example_dag_decorator to None
[2023-11-04 14:01:54,369] {processor.py:171} INFO - Processing /home/airflow/.local/lib/python3.8/site-packages/airflow/example_dags/example_dag_decorator.py took 0.380 seconds
[2023-11-04 14:02:24,598] {processor.py:163} INFO - Started process (PID=379) to work on /home/airflow/.local/lib/python3.8/site-packages/airflow/example_dags/example_dag_decorator.py
[2023-11-04 14:02:24,601] {processor.py:642} INFO - Processing file /home/airflow/.local/lib/python3.8/site-packages/airflow/example_dags/example_dag_decorator.py for tasks to queue
[2023-11-04 14:02:24,602] {logging_mixin.py:109} INFO - [2023-11-04 14:02:24,602] {dagbag.py:500} INFO - Filling up the DagBag from /home/airflow/.local/lib/python3.8/site-packages/airflow/example_dags/example_dag_decorator.py
[2023-11-04 14:02:24,661] {processor.py:654} INFO - DAG(s) dict_keys(['example_dag_decorator']) retrieved from /home/airflow/.local/lib/python3.8/site-packages/airflow/example_dags/example_dag_decorator.py
[2023-11-04 14:02:24,982] {logging_mixin.py:109} INFO - [2023-11-04 14:02:24,982] {dag.py:2398} INFO - Sync 1 DAGs
[2023-11-04 14:02:25,008] {logging_mixin.py:109} INFO - [2023-11-04 14:02:25,008] {dag.py:2937} INFO - Setting next_dagrun for example_dag_decorator to None
[2023-11-04 14:02:25,022] {processor.py:171} INFO - Processing /home/airflow/.local/lib/python3.8/site-packages/airflow/example_dags/example_dag_decorator.py took 0.431 seconds
[2023-11-04 14:04:47,087] {processor.py:163} INFO - Started process (PID=49) to work on /home/airflow/.local/lib/python3.8/site-packages/airflow/example_dags/example_dag_decorator.py
[2023-11-04 14:04:47,089] {processor.py:642} INFO - Processing file /home/airflow/.local/lib/python3.8/site-packages/airflow/example_dags/example_dag_decorator.py for tasks to queue
[2023-11-04 14:04:47,092] {logging_mixin.py:109} INFO - [2023-11-04 14:04:47,091] {dagbag.py:500} INFO - Filling up the DagBag from /home/airflow/.local/lib/python3.8/site-packages/airflow/example_dags/example_dag_decorator.py
[2023-11-04 14:04:47,164] {processor.py:654} INFO - DAG(s) dict_keys(['example_dag_decorator']) retrieved from /home/airflow/.local/lib/python3.8/site-packages/airflow/example_dags/example_dag_decorator.py
[2023-11-04 14:04:47,567] {logging_mixin.py:109} INFO - [2023-11-04 14:04:47,567] {dag.py:2398} INFO - Sync 1 DAGs
[2023-11-04 14:04:47,600] {logging_mixin.py:109} INFO - [2023-11-04 14:04:47,600] {dag.py:2937} INFO - Setting next_dagrun for example_dag_decorator to None
[2023-11-04 14:04:47,629] {processor.py:171} INFO - Processing /home/airflow/.local/lib/python3.8/site-packages/airflow/example_dags/example_dag_decorator.py took 0.547 seconds
[2023-11-04 14:05:18,352] {processor.py:163} INFO - Started process (PID=97) to work on /home/airflow/.local/lib/python3.8/site-packages/airflow/example_dags/example_dag_decorator.py
[2023-11-04 14:05:18,355] {processor.py:642} INFO - Processing file /home/airflow/.local/lib/python3.8/site-packages/airflow/example_dags/example_dag_decorator.py for tasks to queue
[2023-11-04 14:05:18,356] {logging_mixin.py:109} INFO - [2023-11-04 14:05:18,356] {dagbag.py:500} INFO - Filling up the DagBag from /home/airflow/.local/lib/python3.8/site-packages/airflow/example_dags/example_dag_decorator.py
[2023-11-04 14:05:18,412] {processor.py:654} INFO - DAG(s) dict_keys(['example_dag_decorator']) retrieved from /home/airflow/.local/lib/python3.8/site-packages/airflow/example_dags/example_dag_decorator.py
[2023-11-04 14:05:18,733] {logging_mixin.py:109} INFO - [2023-11-04 14:05:18,732] {dag.py:2398} INFO - Sync 1 DAGs
[2023-11-04 14:05:18,751] {logging_mixin.py:109} INFO - [2023-11-04 14:05:18,751] {dag.py:2937} INFO - Setting next_dagrun for example_dag_decorator to None
[2023-11-04 14:05:18,765] {processor.py:171} INFO - Processing /home/airflow/.local/lib/python3.8/site-packages/airflow/example_dags/example_dag_decorator.py took 0.418 seconds
[2023-11-04 14:05:49,426] {processor.py:163} INFO - Started process (PID=154) to work on /home/airflow/.local/lib/python3.8/site-packages/airflow/example_dags/example_dag_decorator.py
[2023-11-04 14:05:49,430] {processor.py:642} INFO - Processing file /home/airflow/.local/lib/python3.8/site-packages/airflow/example_dags/example_dag_decorator.py for tasks to queue
[2023-11-04 14:05:49,432] {logging_mixin.py:109} INFO - [2023-11-04 14:05:49,432] {dagbag.py:500} INFO - Filling up the DagBag from /home/airflow/.local/lib/python3.8/site-packages/airflow/example_dags/example_dag_decorator.py
[2023-11-04 14:05:49,500] {processor.py:654} INFO - DAG(s) dict_keys(['example_dag_decorator']) retrieved from /home/airflow/.local/lib/python3.8/site-packages/airflow/example_dags/example_dag_decorator.py
[2023-11-04 14:05:49,786] {logging_mixin.py:109} INFO - [2023-11-04 14:05:49,786] {dag.py:2398} INFO - Sync 1 DAGs
[2023-11-04 14:05:49,804] {logging_mixin.py:109} INFO - [2023-11-04 14:05:49,804] {dag.py:2937} INFO - Setting next_dagrun for example_dag_decorator to None
[2023-11-04 14:05:49,816] {processor.py:171} INFO - Processing /home/airflow/.local/lib/python3.8/site-packages/airflow/example_dags/example_dag_decorator.py took 0.397 seconds
[2023-11-04 14:06:19,917] {processor.py:163} INFO - Started process (PID=203) to work on /home/airflow/.local/lib/python3.8/site-packages/airflow/example_dags/example_dag_decorator.py
[2023-11-04 14:06:19,921] {processor.py:642} INFO - Processing file /home/airflow/.local/lib/python3.8/site-packages/airflow/example_dags/example_dag_decorator.py for tasks to queue
[2023-11-04 14:06:19,924] {logging_mixin.py:109} INFO - [2023-11-04 14:06:19,924] {dagbag.py:500} INFO - Filling up the DagBag from /home/airflow/.local/lib/python3.8/site-packages/airflow/example_dags/example_dag_decorator.py
[2023-11-04 14:06:19,997] {processor.py:654} INFO - DAG(s) dict_keys(['example_dag_decorator']) retrieved from /home/airflow/.local/lib/python3.8/site-packages/airflow/example_dags/example_dag_decorator.py
[2023-11-04 14:06:20,292] {logging_mixin.py:109} INFO - [2023-11-04 14:06:20,292] {dag.py:2398} INFO - Sync 1 DAGs
[2023-11-04 14:06:20,312] {logging_mixin.py:109} INFO - [2023-11-04 14:06:20,312] {dag.py:2937} INFO - Setting next_dagrun for example_dag_decorator to None
[2023-11-04 14:06:20,328] {processor.py:171} INFO - Processing /home/airflow/.local/lib/python3.8/site-packages/airflow/example_dags/example_dag_decorator.py took 0.419 seconds
[2023-11-04 14:06:50,473] {processor.py:163} INFO - Started process (PID=260) to work on /home/airflow/.local/lib/python3.8/site-packages/airflow/example_dags/example_dag_decorator.py
[2023-11-04 14:06:50,475] {processor.py:642} INFO - Processing file /home/airflow/.local/lib/python3.8/site-packages/airflow/example_dags/example_dag_decorator.py for tasks to queue
[2023-11-04 14:06:50,477] {logging_mixin.py:109} INFO - [2023-11-04 14:06:50,477] {dagbag.py:500} INFO - Filling up the DagBag from /home/airflow/.local/lib/python3.8/site-packages/airflow/example_dags/example_dag_decorator.py
[2023-11-04 14:06:50,532] {processor.py:654} INFO - DAG(s) dict_keys(['example_dag_decorator']) retrieved from /home/airflow/.local/lib/python3.8/site-packages/airflow/example_dags/example_dag_decorator.py
[2023-11-04 14:06:50,793] {logging_mixin.py:109} INFO - [2023-11-04 14:06:50,793] {dag.py:2398} INFO - Sync 1 DAGs
[2023-11-04 14:06:50,813] {logging_mixin.py:109} INFO - [2023-11-04 14:06:50,813] {dag.py:2937} INFO - Setting next_dagrun for example_dag_decorator to None
[2023-11-04 14:06:50,828] {processor.py:171} INFO - Processing /home/airflow/.local/lib/python3.8/site-packages/airflow/example_dags/example_dag_decorator.py took 0.360 seconds
[2023-11-04 14:07:20,864] {processor.py:163} INFO - Started process (PID=309) to work on /home/airflow/.local/lib/python3.8/site-packages/airflow/example_dags/example_dag_decorator.py
[2023-11-04 14:07:20,866] {processor.py:642} INFO - Processing file /home/airflow/.local/lib/python3.8/site-packages/airflow/example_dags/example_dag_decorator.py for tasks to queue
[2023-11-04 14:07:20,868] {logging_mixin.py:109} INFO - [2023-11-04 14:07:20,868] {dagbag.py:500} INFO - Filling up the DagBag from /home/airflow/.local/lib/python3.8/site-packages/airflow/example_dags/example_dag_decorator.py
[2023-11-04 14:07:20,924] {processor.py:654} INFO - DAG(s) dict_keys(['example_dag_decorator']) retrieved from /home/airflow/.local/lib/python3.8/site-packages/airflow/example_dags/example_dag_decorator.py
[2023-11-04 14:07:21,194] {logging_mixin.py:109} INFO - [2023-11-04 14:07:21,194] {dag.py:2398} INFO - Sync 1 DAGs
[2023-11-04 14:07:21,211] {logging_mixin.py:109} INFO - [2023-11-04 14:07:21,211] {dag.py:2937} INFO - Setting next_dagrun for example_dag_decorator to None
[2023-11-04 14:07:21,224] {processor.py:171} INFO - Processing /home/airflow/.local/lib/python3.8/site-packages/airflow/example_dags/example_dag_decorator.py took 0.365 seconds
[2023-11-04 14:07:51,648] {processor.py:163} INFO - Started process (PID=357) to work on /home/airflow/.local/lib/python3.8/site-packages/airflow/example_dags/example_dag_decorator.py
[2023-11-04 14:07:51,650] {processor.py:642} INFO - Processing file /home/airflow/.local/lib/python3.8/site-packages/airflow/example_dags/example_dag_decorator.py for tasks to queue
[2023-11-04 14:07:51,651] {logging_mixin.py:109} INFO - [2023-11-04 14:07:51,651] {dagbag.py:500} INFO - Filling up the DagBag from /home/airflow/.local/lib/python3.8/site-packages/airflow/example_dags/example_dag_decorator.py
[2023-11-04 14:07:51,704] {processor.py:654} INFO - DAG(s) dict_keys(['example_dag_decorator']) retrieved from /home/airflow/.local/lib/python3.8/site-packages/airflow/example_dags/example_dag_decorator.py
[2023-11-04 14:07:51,964] {logging_mixin.py:109} INFO - [2023-11-04 14:07:51,964] {dag.py:2398} INFO - Sync 1 DAGs
[2023-11-04 14:07:51,980] {logging_mixin.py:109} INFO - [2023-11-04 14:07:51,980] {dag.py:2937} INFO - Setting next_dagrun for example_dag_decorator to None
[2023-11-04 14:07:51,993] {processor.py:171} INFO - Processing /home/airflow/.local/lib/python3.8/site-packages/airflow/example_dags/example_dag_decorator.py took 0.351 seconds
[2023-11-04 14:08:22,807] {processor.py:163} INFO - Started process (PID=414) to work on /home/airflow/.local/lib/python3.8/site-packages/airflow/example_dags/example_dag_decorator.py
[2023-11-04 14:08:22,810] {processor.py:642} INFO - Processing file /home/airflow/.local/lib/python3.8/site-packages/airflow/example_dags/example_dag_decorator.py for tasks to queue
[2023-11-04 14:08:22,811] {logging_mixin.py:109} INFO - [2023-11-04 14:08:22,811] {dagbag.py:500} INFO - Filling up the DagBag from /home/airflow/.local/lib/python3.8/site-packages/airflow/example_dags/example_dag_decorator.py
[2023-11-04 14:08:22,863] {processor.py:654} INFO - DAG(s) dict_keys(['example_dag_decorator']) retrieved from /home/airflow/.local/lib/python3.8/site-packages/airflow/example_dags/example_dag_decorator.py
[2023-11-04 14:08:23,133] {logging_mixin.py:109} INFO - [2023-11-04 14:08:23,133] {dag.py:2398} INFO - Sync 1 DAGs
[2023-11-04 14:08:23,150] {logging_mixin.py:109} INFO - [2023-11-04 14:08:23,149] {dag.py:2937} INFO - Setting next_dagrun for example_dag_decorator to None
[2023-11-04 14:08:23,163] {processor.py:171} INFO - Processing /home/airflow/.local/lib/python3.8/site-packages/airflow/example_dags/example_dag_decorator.py took 0.361 seconds
[2023-11-04 14:08:53,256] {processor.py:163} INFO - Started process (PID=463) to work on /home/airflow/.local/lib/python3.8/site-packages/airflow/example_dags/example_dag_decorator.py
[2023-11-04 14:08:53,258] {processor.py:642} INFO - Processing file /home/airflow/.local/lib/python3.8/site-packages/airflow/example_dags/example_dag_decorator.py for tasks to queue
[2023-11-04 14:08:53,260] {logging_mixin.py:109} INFO - [2023-11-04 14:08:53,260] {dagbag.py:500} INFO - Filling up the DagBag from /home/airflow/.local/lib/python3.8/site-packages/airflow/example_dags/example_dag_decorator.py
[2023-11-04 14:08:53,324] {processor.py:654} INFO - DAG(s) dict_keys(['example_dag_decorator']) retrieved from /home/airflow/.local/lib/python3.8/site-packages/airflow/example_dags/example_dag_decorator.py
[2023-11-04 14:08:53,616] {logging_mixin.py:109} INFO - [2023-11-04 14:08:53,616] {dag.py:2398} INFO - Sync 1 DAGs
[2023-11-04 14:08:53,641] {logging_mixin.py:109} INFO - [2023-11-04 14:08:53,641] {dag.py:2937} INFO - Setting next_dagrun for example_dag_decorator to None
[2023-11-04 14:08:53,655] {processor.py:171} INFO - Processing /home/airflow/.local/lib/python3.8/site-packages/airflow/example_dags/example_dag_decorator.py took 0.418 seconds
[2023-11-04 14:09:23,705] {processor.py:163} INFO - Started process (PID=521) to work on /home/airflow/.local/lib/python3.8/site-packages/airflow/example_dags/example_dag_decorator.py
[2023-11-04 14:09:23,708] {processor.py:642} INFO - Processing file /home/airflow/.local/lib/python3.8/site-packages/airflow/example_dags/example_dag_decorator.py for tasks to queue
[2023-11-04 14:09:23,710] {logging_mixin.py:109} INFO - [2023-11-04 14:09:23,710] {dagbag.py:500} INFO - Filling up the DagBag from /home/airflow/.local/lib/python3.8/site-packages/airflow/example_dags/example_dag_decorator.py
[2023-11-04 14:09:23,784] {processor.py:654} INFO - DAG(s) dict_keys(['example_dag_decorator']) retrieved from /home/airflow/.local/lib/python3.8/site-packages/airflow/example_dags/example_dag_decorator.py
[2023-11-04 14:09:24,093] {logging_mixin.py:109} INFO - [2023-11-04 14:09:24,093] {dag.py:2398} INFO - Sync 1 DAGs
[2023-11-04 14:09:24,115] {logging_mixin.py:109} INFO - [2023-11-04 14:09:24,115] {dag.py:2937} INFO - Setting next_dagrun for example_dag_decorator to None
[2023-11-04 14:09:24,132] {processor.py:171} INFO - Processing /home/airflow/.local/lib/python3.8/site-packages/airflow/example_dags/example_dag_decorator.py took 0.437 seconds
[2023-11-04 14:09:54,890] {processor.py:163} INFO - Started process (PID=570) to work on /home/airflow/.local/lib/python3.8/site-packages/airflow/example_dags/example_dag_decorator.py
[2023-11-04 14:09:54,893] {processor.py:642} INFO - Processing file /home/airflow/.local/lib/python3.8/site-packages/airflow/example_dags/example_dag_decorator.py for tasks to queue
[2023-11-04 14:09:54,894] {logging_mixin.py:109} INFO - [2023-11-04 14:09:54,894] {dagbag.py:500} INFO - Filling up the DagBag from /home/airflow/.local/lib/python3.8/site-packages/airflow/example_dags/example_dag_decorator.py
[2023-11-04 14:09:54,951] {processor.py:654} INFO - DAG(s) dict_keys(['example_dag_decorator']) retrieved from /home/airflow/.local/lib/python3.8/site-packages/airflow/example_dags/example_dag_decorator.py
[2023-11-04 14:09:55,213] {logging_mixin.py:109} INFO - [2023-11-04 14:09:55,212] {dag.py:2398} INFO - Sync 1 DAGs
[2023-11-04 14:09:55,229] {logging_mixin.py:109} INFO - [2023-11-04 14:09:55,229] {dag.py:2937} INFO - Setting next_dagrun for example_dag_decorator to None
[2023-11-04 14:09:55,240] {processor.py:171} INFO - Processing /home/airflow/.local/lib/python3.8/site-packages/airflow/example_dags/example_dag_decorator.py took 0.355 seconds
[2023-11-04 14:10:26,118] {processor.py:163} INFO - Started process (PID=620) to work on /home/airflow/.local/lib/python3.8/site-packages/airflow/example_dags/example_dag_decorator.py
[2023-11-04 14:10:26,120] {processor.py:642} INFO - Processing file /home/airflow/.local/lib/python3.8/site-packages/airflow/example_dags/example_dag_decorator.py for tasks to queue
[2023-11-04 14:10:26,122] {logging_mixin.py:109} INFO - [2023-11-04 14:10:26,121] {dagbag.py:500} INFO - Filling up the DagBag from /home/airflow/.local/lib/python3.8/site-packages/airflow/example_dags/example_dag_decorator.py
[2023-11-04 14:10:26,174] {processor.py:654} INFO - DAG(s) dict_keys(['example_dag_decorator']) retrieved from /home/airflow/.local/lib/python3.8/site-packages/airflow/example_dags/example_dag_decorator.py
[2023-11-04 14:10:26,457] {logging_mixin.py:109} INFO - [2023-11-04 14:10:26,457] {dag.py:2398} INFO - Sync 1 DAGs
[2023-11-04 14:10:26,474] {logging_mixin.py:109} INFO - [2023-11-04 14:10:26,474] {dag.py:2937} INFO - Setting next_dagrun for example_dag_decorator to None
[2023-11-04 14:10:26,487] {processor.py:171} INFO - Processing /home/airflow/.local/lib/python3.8/site-packages/airflow/example_dags/example_dag_decorator.py took 0.374 seconds
[2023-11-04 14:11:50,131] {processor.py:163} INFO - Started process (PID=50) to work on /home/airflow/.local/lib/python3.8/site-packages/airflow/example_dags/example_dag_decorator.py
[2023-11-04 14:11:50,134] {processor.py:642} INFO - Processing file /home/airflow/.local/lib/python3.8/site-packages/airflow/example_dags/example_dag_decorator.py for tasks to queue
[2023-11-04 14:11:50,136] {logging_mixin.py:109} INFO - [2023-11-04 14:11:50,136] {dagbag.py:500} INFO - Filling up the DagBag from /home/airflow/.local/lib/python3.8/site-packages/airflow/example_dags/example_dag_decorator.py
[2023-11-04 14:11:50,196] {processor.py:654} INFO - DAG(s) dict_keys(['example_dag_decorator']) retrieved from /home/airflow/.local/lib/python3.8/site-packages/airflow/example_dags/example_dag_decorator.py
[2023-11-04 14:11:50,521] {logging_mixin.py:109} INFO - [2023-11-04 14:11:50,521] {dag.py:2398} INFO - Sync 1 DAGs
[2023-11-04 14:11:50,545] {logging_mixin.py:109} INFO - [2023-11-04 14:11:50,545] {dag.py:2937} INFO - Setting next_dagrun for example_dag_decorator to None
[2023-11-04 14:11:50,559] {processor.py:171} INFO - Processing /home/airflow/.local/lib/python3.8/site-packages/airflow/example_dags/example_dag_decorator.py took 0.433 seconds
[2023-11-04 14:12:20,695] {processor.py:163} INFO - Started process (PID=98) to work on /home/airflow/.local/lib/python3.8/site-packages/airflow/example_dags/example_dag_decorator.py
[2023-11-04 14:12:20,698] {processor.py:642} INFO - Processing file /home/airflow/.local/lib/python3.8/site-packages/airflow/example_dags/example_dag_decorator.py for tasks to queue
[2023-11-04 14:12:20,699] {logging_mixin.py:109} INFO - [2023-11-04 14:12:20,699] {dagbag.py:500} INFO - Filling up the DagBag from /home/airflow/.local/lib/python3.8/site-packages/airflow/example_dags/example_dag_decorator.py
[2023-11-04 14:12:20,757] {processor.py:654} INFO - DAG(s) dict_keys(['example_dag_decorator']) retrieved from /home/airflow/.local/lib/python3.8/site-packages/airflow/example_dags/example_dag_decorator.py
[2023-11-04 14:12:21,030] {logging_mixin.py:109} INFO - [2023-11-04 14:12:21,030] {dag.py:2398} INFO - Sync 1 DAGs
[2023-11-04 14:12:21,052] {logging_mixin.py:109} INFO - [2023-11-04 14:12:21,052] {dag.py:2937} INFO - Setting next_dagrun for example_dag_decorator to None
[2023-11-04 14:12:21,065] {processor.py:171} INFO - Processing /home/airflow/.local/lib/python3.8/site-packages/airflow/example_dags/example_dag_decorator.py took 0.376 seconds
[2023-11-04 14:12:52,033] {processor.py:163} INFO - Started process (PID=155) to work on /home/airflow/.local/lib/python3.8/site-packages/airflow/example_dags/example_dag_decorator.py
[2023-11-04 14:12:52,036] {processor.py:642} INFO - Processing file /home/airflow/.local/lib/python3.8/site-packages/airflow/example_dags/example_dag_decorator.py for tasks to queue
[2023-11-04 14:12:52,038] {logging_mixin.py:109} INFO - [2023-11-04 14:12:52,038] {dagbag.py:500} INFO - Filling up the DagBag from /home/airflow/.local/lib/python3.8/site-packages/airflow/example_dags/example_dag_decorator.py
[2023-11-04 14:12:52,097] {processor.py:654} INFO - DAG(s) dict_keys(['example_dag_decorator']) retrieved from /home/airflow/.local/lib/python3.8/site-packages/airflow/example_dags/example_dag_decorator.py
[2023-11-04 14:12:52,369] {logging_mixin.py:109} INFO - [2023-11-04 14:12:52,369] {dag.py:2398} INFO - Sync 1 DAGs
[2023-11-04 14:12:52,389] {logging_mixin.py:109} INFO - [2023-11-04 14:12:52,389] {dag.py:2937} INFO - Setting next_dagrun for example_dag_decorator to None
[2023-11-04 14:12:52,403] {processor.py:171} INFO - Processing /home/airflow/.local/lib/python3.8/site-packages/airflow/example_dags/example_dag_decorator.py took 0.375 seconds
[2023-11-04 14:13:22,743] {processor.py:163} INFO - Started process (PID=204) to work on /home/airflow/.local/lib/python3.8/site-packages/airflow/example_dags/example_dag_decorator.py
[2023-11-04 14:13:22,745] {processor.py:642} INFO - Processing file /home/airflow/.local/lib/python3.8/site-packages/airflow/example_dags/example_dag_decorator.py for tasks to queue
[2023-11-04 14:13:22,747] {logging_mixin.py:109} INFO - [2023-11-04 14:13:22,747] {dagbag.py:500} INFO - Filling up the DagBag from /home/airflow/.local/lib/python3.8/site-packages/airflow/example_dags/example_dag_decorator.py
[2023-11-04 14:13:22,802] {processor.py:654} INFO - DAG(s) dict_keys(['example_dag_decorator']) retrieved from /home/airflow/.local/lib/python3.8/site-packages/airflow/example_dags/example_dag_decorator.py
[2023-11-04 14:13:23,081] {logging_mixin.py:109} INFO - [2023-11-04 14:13:23,081] {dag.py:2398} INFO - Sync 1 DAGs
[2023-11-04 14:13:23,109] {logging_mixin.py:109} INFO - [2023-11-04 14:13:23,109] {dag.py:2937} INFO - Setting next_dagrun for example_dag_decorator to None
[2023-11-04 14:13:23,142] {processor.py:171} INFO - Processing /home/airflow/.local/lib/python3.8/site-packages/airflow/example_dags/example_dag_decorator.py took 0.405 seconds
[2023-11-04 14:13:53,512] {processor.py:163} INFO - Started process (PID=263) to work on /home/airflow/.local/lib/python3.8/site-packages/airflow/example_dags/example_dag_decorator.py
[2023-11-04 14:13:53,515] {processor.py:642} INFO - Processing file /home/airflow/.local/lib/python3.8/site-packages/airflow/example_dags/example_dag_decorator.py for tasks to queue
[2023-11-04 14:13:53,517] {logging_mixin.py:109} INFO - [2023-11-04 14:13:53,517] {dagbag.py:500} INFO - Filling up the DagBag from /home/airflow/.local/lib/python3.8/site-packages/airflow/example_dags/example_dag_decorator.py
[2023-11-04 14:13:53,615] {processor.py:654} INFO - DAG(s) dict_keys(['example_dag_decorator']) retrieved from /home/airflow/.local/lib/python3.8/site-packages/airflow/example_dags/example_dag_decorator.py
[2023-11-04 14:13:54,035] {logging_mixin.py:109} INFO - [2023-11-04 14:13:54,035] {dag.py:2398} INFO - Sync 1 DAGs
[2023-11-04 14:13:54,056] {logging_mixin.py:109} INFO - [2023-11-04 14:13:54,056] {dag.py:2937} INFO - Setting next_dagrun for example_dag_decorator to None
[2023-11-04 14:13:54,076] {processor.py:171} INFO - Processing /home/airflow/.local/lib/python3.8/site-packages/airflow/example_dags/example_dag_decorator.py took 0.570 seconds
[2023-11-04 14:14:24,142] {processor.py:163} INFO - Started process (PID=314) to work on /home/airflow/.local/lib/python3.8/site-packages/airflow/example_dags/example_dag_decorator.py
[2023-11-04 14:14:24,145] {processor.py:642} INFO - Processing file /home/airflow/.local/lib/python3.8/site-packages/airflow/example_dags/example_dag_decorator.py for tasks to queue
[2023-11-04 14:14:24,147] {logging_mixin.py:109} INFO - [2023-11-04 14:14:24,147] {dagbag.py:500} INFO - Filling up the DagBag from /home/airflow/.local/lib/python3.8/site-packages/airflow/example_dags/example_dag_decorator.py
[2023-11-04 14:14:24,230] {processor.py:654} INFO - DAG(s) dict_keys(['example_dag_decorator']) retrieved from /home/airflow/.local/lib/python3.8/site-packages/airflow/example_dags/example_dag_decorator.py
[2023-11-04 14:14:24,525] {logging_mixin.py:109} INFO - [2023-11-04 14:14:24,525] {dag.py:2398} INFO - Sync 1 DAGs
[2023-11-04 14:14:24,548] {logging_mixin.py:109} INFO - [2023-11-04 14:14:24,548] {dag.py:2937} INFO - Setting next_dagrun for example_dag_decorator to None
[2023-11-04 14:14:24,573] {processor.py:171} INFO - Processing /home/airflow/.local/lib/python3.8/site-packages/airflow/example_dags/example_dag_decorator.py took 0.436 seconds
[2023-11-04 14:14:54,746] {processor.py:163} INFO - Started process (PID=363) to work on /home/airflow/.local/lib/python3.8/site-packages/airflow/example_dags/example_dag_decorator.py
[2023-11-04 14:14:54,749] {processor.py:642} INFO - Processing file /home/airflow/.local/lib/python3.8/site-packages/airflow/example_dags/example_dag_decorator.py for tasks to queue
[2023-11-04 14:14:54,752] {logging_mixin.py:109} INFO - [2023-11-04 14:14:54,752] {dagbag.py:500} INFO - Filling up the DagBag from /home/airflow/.local/lib/python3.8/site-packages/airflow/example_dags/example_dag_decorator.py
[2023-11-04 14:14:54,866] {processor.py:654} INFO - DAG(s) dict_keys(['example_dag_decorator']) retrieved from /home/airflow/.local/lib/python3.8/site-packages/airflow/example_dags/example_dag_decorator.py
[2023-11-04 14:14:55,181] {logging_mixin.py:109} INFO - [2023-11-04 14:14:55,181] {dag.py:2398} INFO - Sync 1 DAGs
[2023-11-04 14:14:55,198] {logging_mixin.py:109} INFO - [2023-11-04 14:14:55,198] {dag.py:2937} INFO - Setting next_dagrun for example_dag_decorator to None
[2023-11-04 14:14:55,210] {processor.py:171} INFO - Processing /home/airflow/.local/lib/python3.8/site-packages/airflow/example_dags/example_dag_decorator.py took 0.475 seconds
[2023-11-04 14:15:25,271] {processor.py:163} INFO - Started process (PID=418) to work on /home/airflow/.local/lib/python3.8/site-packages/airflow/example_dags/example_dag_decorator.py
[2023-11-04 14:15:25,275] {processor.py:642} INFO - Processing file /home/airflow/.local/lib/python3.8/site-packages/airflow/example_dags/example_dag_decorator.py for tasks to queue
[2023-11-04 14:15:25,277] {logging_mixin.py:109} INFO - [2023-11-04 14:15:25,277] {dagbag.py:500} INFO - Filling up the DagBag from /home/airflow/.local/lib/python3.8/site-packages/airflow/example_dags/example_dag_decorator.py
[2023-11-04 14:15:25,368] {processor.py:654} INFO - DAG(s) dict_keys(['example_dag_decorator']) retrieved from /home/airflow/.local/lib/python3.8/site-packages/airflow/example_dags/example_dag_decorator.py
[2023-11-04 14:15:25,677] {logging_mixin.py:109} INFO - [2023-11-04 14:15:25,677] {dag.py:2398} INFO - Sync 1 DAGs
[2023-11-04 14:15:25,695] {logging_mixin.py:109} INFO - [2023-11-04 14:15:25,695] {dag.py:2937} INFO - Setting next_dagrun for example_dag_decorator to None
[2023-11-04 14:15:25,711] {processor.py:171} INFO - Processing /home/airflow/.local/lib/python3.8/site-packages/airflow/example_dags/example_dag_decorator.py took 0.445 seconds
[2023-11-04 14:15:55,795] {processor.py:163} INFO - Started process (PID=469) to work on /home/airflow/.local/lib/python3.8/site-packages/airflow/example_dags/example_dag_decorator.py
[2023-11-04 14:15:55,797] {processor.py:642} INFO - Processing file /home/airflow/.local/lib/python3.8/site-packages/airflow/example_dags/example_dag_decorator.py for tasks to queue
[2023-11-04 14:15:55,800] {logging_mixin.py:109} INFO - [2023-11-04 14:15:55,800] {dagbag.py:500} INFO - Filling up the DagBag from /home/airflow/.local/lib/python3.8/site-packages/airflow/example_dags/example_dag_decorator.py
[2023-11-04 14:15:55,857] {processor.py:654} INFO - DAG(s) dict_keys(['example_dag_decorator']) retrieved from /home/airflow/.local/lib/python3.8/site-packages/airflow/example_dags/example_dag_decorator.py
[2023-11-04 14:15:56,128] {logging_mixin.py:109} INFO - [2023-11-04 14:15:56,128] {dag.py:2398} INFO - Sync 1 DAGs
[2023-11-04 14:15:56,145] {logging_mixin.py:109} INFO - [2023-11-04 14:15:56,145] {dag.py:2937} INFO - Setting next_dagrun for example_dag_decorator to None
[2023-11-04 14:15:56,159] {processor.py:171} INFO - Processing /home/airflow/.local/lib/python3.8/site-packages/airflow/example_dags/example_dag_decorator.py took 0.370 seconds
[2023-11-04 14:16:26,637] {processor.py:163} INFO - Started process (PID=522) to work on /home/airflow/.local/lib/python3.8/site-packages/airflow/example_dags/example_dag_decorator.py
[2023-11-04 14:16:26,641] {processor.py:642} INFO - Processing file /home/airflow/.local/lib/python3.8/site-packages/airflow/example_dags/example_dag_decorator.py for tasks to queue
[2023-11-04 14:16:26,643] {logging_mixin.py:109} INFO - [2023-11-04 14:16:26,643] {dagbag.py:500} INFO - Filling up the DagBag from /home/airflow/.local/lib/python3.8/site-packages/airflow/example_dags/example_dag_decorator.py
[2023-11-04 14:16:26,716] {processor.py:654} INFO - DAG(s) dict_keys(['example_dag_decorator']) retrieved from /home/airflow/.local/lib/python3.8/site-packages/airflow/example_dags/example_dag_decorator.py
[2023-11-04 14:16:27,064] {logging_mixin.py:109} INFO - [2023-11-04 14:16:27,064] {dag.py:2398} INFO - Sync 1 DAGs
[2023-11-04 14:16:27,094] {logging_mixin.py:109} INFO - [2023-11-04 14:16:27,094] {dag.py:2937} INFO - Setting next_dagrun for example_dag_decorator to None
[2023-11-04 14:16:27,116] {processor.py:171} INFO - Processing /home/airflow/.local/lib/python3.8/site-packages/airflow/example_dags/example_dag_decorator.py took 0.485 seconds
[2023-11-04 14:16:57,459] {processor.py:163} INFO - Started process (PID=573) to work on /home/airflow/.local/lib/python3.8/site-packages/airflow/example_dags/example_dag_decorator.py
[2023-11-04 14:16:57,462] {processor.py:642} INFO - Processing file /home/airflow/.local/lib/python3.8/site-packages/airflow/example_dags/example_dag_decorator.py for tasks to queue
[2023-11-04 14:16:57,465] {logging_mixin.py:109} INFO - [2023-11-04 14:16:57,465] {dagbag.py:500} INFO - Filling up the DagBag from /home/airflow/.local/lib/python3.8/site-packages/airflow/example_dags/example_dag_decorator.py
[2023-11-04 14:16:57,543] {processor.py:654} INFO - DAG(s) dict_keys(['example_dag_decorator']) retrieved from /home/airflow/.local/lib/python3.8/site-packages/airflow/example_dags/example_dag_decorator.py
[2023-11-04 14:16:57,884] {logging_mixin.py:109} INFO - [2023-11-04 14:16:57,884] {dag.py:2398} INFO - Sync 1 DAGs
[2023-11-04 14:16:57,906] {logging_mixin.py:109} INFO - [2023-11-04 14:16:57,906] {dag.py:2937} INFO - Setting next_dagrun for example_dag_decorator to None
[2023-11-04 14:16:57,922] {processor.py:171} INFO - Processing /home/airflow/.local/lib/python3.8/site-packages/airflow/example_dags/example_dag_decorator.py took 0.471 seconds
[2023-11-04 14:17:28,738] {processor.py:163} INFO - Started process (PID=622) to work on /home/airflow/.local/lib/python3.8/site-packages/airflow/example_dags/example_dag_decorator.py
[2023-11-04 14:17:28,740] {processor.py:642} INFO - Processing file /home/airflow/.local/lib/python3.8/site-packages/airflow/example_dags/example_dag_decorator.py for tasks to queue
[2023-11-04 14:17:28,742] {logging_mixin.py:109} INFO - [2023-11-04 14:17:28,742] {dagbag.py:500} INFO - Filling up the DagBag from /home/airflow/.local/lib/python3.8/site-packages/airflow/example_dags/example_dag_decorator.py
[2023-11-04 14:17:28,804] {processor.py:654} INFO - DAG(s) dict_keys(['example_dag_decorator']) retrieved from /home/airflow/.local/lib/python3.8/site-packages/airflow/example_dags/example_dag_decorator.py
[2023-11-04 14:17:29,082] {logging_mixin.py:109} INFO - [2023-11-04 14:17:29,082] {dag.py:2398} INFO - Sync 1 DAGs
[2023-11-04 14:17:29,099] {logging_mixin.py:109} INFO - [2023-11-04 14:17:29,099] {dag.py:2937} INFO - Setting next_dagrun for example_dag_decorator to None
[2023-11-04 14:17:29,113] {processor.py:171} INFO - Processing /home/airflow/.local/lib/python3.8/site-packages/airflow/example_dags/example_dag_decorator.py took 0.383 seconds
[2023-11-04 14:17:59,386] {processor.py:163} INFO - Started process (PID=679) to work on /home/airflow/.local/lib/python3.8/site-packages/airflow/example_dags/example_dag_decorator.py
[2023-11-04 14:17:59,389] {processor.py:642} INFO - Processing file /home/airflow/.local/lib/python3.8/site-packages/airflow/example_dags/example_dag_decorator.py for tasks to queue
[2023-11-04 14:17:59,391] {logging_mixin.py:109} INFO - [2023-11-04 14:17:59,390] {dagbag.py:500} INFO - Filling up the DagBag from /home/airflow/.local/lib/python3.8/site-packages/airflow/example_dags/example_dag_decorator.py
[2023-11-04 14:17:59,457] {processor.py:654} INFO - DAG(s) dict_keys(['example_dag_decorator']) retrieved from /home/airflow/.local/lib/python3.8/site-packages/airflow/example_dags/example_dag_decorator.py
[2023-11-04 14:17:59,733] {logging_mixin.py:109} INFO - [2023-11-04 14:17:59,733] {dag.py:2398} INFO - Sync 1 DAGs
[2023-11-04 14:17:59,753] {logging_mixin.py:109} INFO - [2023-11-04 14:17:59,753] {dag.py:2937} INFO - Setting next_dagrun for example_dag_decorator to None
[2023-11-04 14:17:59,769] {processor.py:171} INFO - Processing /home/airflow/.local/lib/python3.8/site-packages/airflow/example_dags/example_dag_decorator.py took 0.389 seconds
[2023-11-04 14:18:30,312] {processor.py:163} INFO - Started process (PID=727) to work on /home/airflow/.local/lib/python3.8/site-packages/airflow/example_dags/example_dag_decorator.py
[2023-11-04 14:18:30,317] {processor.py:642} INFO - Processing file /home/airflow/.local/lib/python3.8/site-packages/airflow/example_dags/example_dag_decorator.py for tasks to queue
[2023-11-04 14:18:30,320] {logging_mixin.py:109} INFO - [2023-11-04 14:18:30,319] {dagbag.py:500} INFO - Filling up the DagBag from /home/airflow/.local/lib/python3.8/site-packages/airflow/example_dags/example_dag_decorator.py
[2023-11-04 14:18:30,397] {processor.py:654} INFO - DAG(s) dict_keys(['example_dag_decorator']) retrieved from /home/airflow/.local/lib/python3.8/site-packages/airflow/example_dags/example_dag_decorator.py
[2023-11-04 14:18:30,661] {logging_mixin.py:109} INFO - [2023-11-04 14:18:30,661] {dag.py:2398} INFO - Sync 1 DAGs
[2023-11-04 14:18:30,678] {logging_mixin.py:109} INFO - [2023-11-04 14:18:30,678] {dag.py:2937} INFO - Setting next_dagrun for example_dag_decorator to None
[2023-11-04 14:18:30,691] {processor.py:171} INFO - Processing /home/airflow/.local/lib/python3.8/site-packages/airflow/example_dags/example_dag_decorator.py took 0.386 seconds
[2023-11-04 14:19:01,390] {processor.py:163} INFO - Started process (PID=776) to work on /home/airflow/.local/lib/python3.8/site-packages/airflow/example_dags/example_dag_decorator.py
[2023-11-04 14:19:01,393] {processor.py:642} INFO - Processing file /home/airflow/.local/lib/python3.8/site-packages/airflow/example_dags/example_dag_decorator.py for tasks to queue
[2023-11-04 14:19:01,394] {logging_mixin.py:109} INFO - [2023-11-04 14:19:01,394] {dagbag.py:500} INFO - Filling up the DagBag from /home/airflow/.local/lib/python3.8/site-packages/airflow/example_dags/example_dag_decorator.py
[2023-11-04 14:19:01,454] {processor.py:654} INFO - DAG(s) dict_keys(['example_dag_decorator']) retrieved from /home/airflow/.local/lib/python3.8/site-packages/airflow/example_dags/example_dag_decorator.py
[2023-11-04 14:19:01,734] {logging_mixin.py:109} INFO - [2023-11-04 14:19:01,734] {dag.py:2398} INFO - Sync 1 DAGs
[2023-11-04 14:19:01,752] {logging_mixin.py:109} INFO - [2023-11-04 14:19:01,751] {dag.py:2937} INFO - Setting next_dagrun for example_dag_decorator to None
[2023-11-04 14:19:01,770] {processor.py:171} INFO - Processing /home/airflow/.local/lib/python3.8/site-packages/airflow/example_dags/example_dag_decorator.py took 0.385 seconds
[2023-11-04 14:19:32,571] {processor.py:163} INFO - Started process (PID=833) to work on /home/airflow/.local/lib/python3.8/site-packages/airflow/example_dags/example_dag_decorator.py
[2023-11-04 14:19:32,573] {processor.py:642} INFO - Processing file /home/airflow/.local/lib/python3.8/site-packages/airflow/example_dags/example_dag_decorator.py for tasks to queue
[2023-11-04 14:19:32,575] {logging_mixin.py:109} INFO - [2023-11-04 14:19:32,575] {dagbag.py:500} INFO - Filling up the DagBag from /home/airflow/.local/lib/python3.8/site-packages/airflow/example_dags/example_dag_decorator.py
[2023-11-04 14:19:32,641] {processor.py:654} INFO - DAG(s) dict_keys(['example_dag_decorator']) retrieved from /home/airflow/.local/lib/python3.8/site-packages/airflow/example_dags/example_dag_decorator.py
[2023-11-04 14:19:32,990] {logging_mixin.py:109} INFO - [2023-11-04 14:19:32,990] {dag.py:2398} INFO - Sync 1 DAGs
[2023-11-04 14:19:33,009] {logging_mixin.py:109} INFO - [2023-11-04 14:19:33,009] {dag.py:2937} INFO - Setting next_dagrun for example_dag_decorator to None
[2023-11-04 14:19:33,023] {processor.py:171} INFO - Processing /home/airflow/.local/lib/python3.8/site-packages/airflow/example_dags/example_dag_decorator.py took 0.457 seconds
[2023-11-04 14:20:03,610] {processor.py:163} INFO - Started process (PID=882) to work on /home/airflow/.local/lib/python3.8/site-packages/airflow/example_dags/example_dag_decorator.py
[2023-11-04 14:20:03,613] {processor.py:642} INFO - Processing file /home/airflow/.local/lib/python3.8/site-packages/airflow/example_dags/example_dag_decorator.py for tasks to queue
[2023-11-04 14:20:03,614] {logging_mixin.py:109} INFO - [2023-11-04 14:20:03,614] {dagbag.py:500} INFO - Filling up the DagBag from /home/airflow/.local/lib/python3.8/site-packages/airflow/example_dags/example_dag_decorator.py
[2023-11-04 14:20:03,673] {processor.py:654} INFO - DAG(s) dict_keys(['example_dag_decorator']) retrieved from /home/airflow/.local/lib/python3.8/site-packages/airflow/example_dags/example_dag_decorator.py
[2023-11-04 14:20:03,947] {logging_mixin.py:109} INFO - [2023-11-04 14:20:03,947] {dag.py:2398} INFO - Sync 1 DAGs
[2023-11-04 14:20:03,964] {logging_mixin.py:109} INFO - [2023-11-04 14:20:03,964] {dag.py:2937} INFO - Setting next_dagrun for example_dag_decorator to None
[2023-11-04 14:20:03,977] {processor.py:171} INFO - Processing /home/airflow/.local/lib/python3.8/site-packages/airflow/example_dags/example_dag_decorator.py took 0.372 seconds
[2023-11-04 14:20:34,118] {processor.py:163} INFO - Started process (PID=935) to work on /home/airflow/.local/lib/python3.8/site-packages/airflow/example_dags/example_dag_decorator.py
[2023-11-04 14:20:34,120] {processor.py:642} INFO - Processing file /home/airflow/.local/lib/python3.8/site-packages/airflow/example_dags/example_dag_decorator.py for tasks to queue
[2023-11-04 14:20:34,122] {logging_mixin.py:109} INFO - [2023-11-04 14:20:34,122] {dagbag.py:500} INFO - Filling up the DagBag from /home/airflow/.local/lib/python3.8/site-packages/airflow/example_dags/example_dag_decorator.py
[2023-11-04 14:20:34,188] {processor.py:654} INFO - DAG(s) dict_keys(['example_dag_decorator']) retrieved from /home/airflow/.local/lib/python3.8/site-packages/airflow/example_dags/example_dag_decorator.py
[2023-11-04 14:20:34,478] {logging_mixin.py:109} INFO - [2023-11-04 14:20:34,478] {dag.py:2398} INFO - Sync 1 DAGs
[2023-11-04 14:20:34,496] {logging_mixin.py:109} INFO - [2023-11-04 14:20:34,496] {dag.py:2937} INFO - Setting next_dagrun for example_dag_decorator to None
[2023-11-04 14:20:34,508] {processor.py:171} INFO - Processing /home/airflow/.local/lib/python3.8/site-packages/airflow/example_dags/example_dag_decorator.py took 0.396 seconds
[2023-11-04 14:21:04,624] {processor.py:163} INFO - Started process (PID=992) to work on /home/airflow/.local/lib/python3.8/site-packages/airflow/example_dags/example_dag_decorator.py
[2023-11-04 14:21:04,627] {processor.py:642} INFO - Processing file /home/airflow/.local/lib/python3.8/site-packages/airflow/example_dags/example_dag_decorator.py for tasks to queue
[2023-11-04 14:21:04,629] {logging_mixin.py:109} INFO - [2023-11-04 14:21:04,629] {dagbag.py:500} INFO - Filling up the DagBag from /home/airflow/.local/lib/python3.8/site-packages/airflow/example_dags/example_dag_decorator.py
[2023-11-04 14:21:04,683] {processor.py:654} INFO - DAG(s) dict_keys(['example_dag_decorator']) retrieved from /home/airflow/.local/lib/python3.8/site-packages/airflow/example_dags/example_dag_decorator.py
[2023-11-04 14:21:04,945] {logging_mixin.py:109} INFO - [2023-11-04 14:21:04,945] {dag.py:2398} INFO - Sync 1 DAGs
[2023-11-04 14:21:04,962] {logging_mixin.py:109} INFO - [2023-11-04 14:21:04,962] {dag.py:2937} INFO - Setting next_dagrun for example_dag_decorator to None
[2023-11-04 14:21:04,975] {processor.py:171} INFO - Processing /home/airflow/.local/lib/python3.8/site-packages/airflow/example_dags/example_dag_decorator.py took 0.356 seconds
[2023-11-04 14:21:35,867] {processor.py:163} INFO - Started process (PID=1043) to work on /home/airflow/.local/lib/python3.8/site-packages/airflow/example_dags/example_dag_decorator.py
[2023-11-04 14:21:35,870] {processor.py:642} INFO - Processing file /home/airflow/.local/lib/python3.8/site-packages/airflow/example_dags/example_dag_decorator.py for tasks to queue
[2023-11-04 14:21:35,872] {logging_mixin.py:109} INFO - [2023-11-04 14:21:35,871] {dagbag.py:500} INFO - Filling up the DagBag from /home/airflow/.local/lib/python3.8/site-packages/airflow/example_dags/example_dag_decorator.py
[2023-11-04 14:21:35,928] {processor.py:654} INFO - DAG(s) dict_keys(['example_dag_decorator']) retrieved from /home/airflow/.local/lib/python3.8/site-packages/airflow/example_dags/example_dag_decorator.py
[2023-11-04 14:21:36,199] {logging_mixin.py:109} INFO - [2023-11-04 14:21:36,199] {dag.py:2398} INFO - Sync 1 DAGs
[2023-11-04 14:21:36,216] {logging_mixin.py:109} INFO - [2023-11-04 14:21:36,216] {dag.py:2937} INFO - Setting next_dagrun for example_dag_decorator to None
[2023-11-04 14:21:36,229] {processor.py:171} INFO - Processing /home/airflow/.local/lib/python3.8/site-packages/airflow/example_dags/example_dag_decorator.py took 0.367 seconds
[2023-11-04 14:22:07,136] {processor.py:163} INFO - Started process (PID=1101) to work on /home/airflow/.local/lib/python3.8/site-packages/airflow/example_dags/example_dag_decorator.py
[2023-11-04 14:22:07,139] {processor.py:642} INFO - Processing file /home/airflow/.local/lib/python3.8/site-packages/airflow/example_dags/example_dag_decorator.py for tasks to queue
[2023-11-04 14:22:07,141] {logging_mixin.py:109} INFO - [2023-11-04 14:22:07,140] {dagbag.py:500} INFO - Filling up the DagBag from /home/airflow/.local/lib/python3.8/site-packages/airflow/example_dags/example_dag_decorator.py
[2023-11-04 14:22:07,198] {processor.py:654} INFO - DAG(s) dict_keys(['example_dag_decorator']) retrieved from /home/airflow/.local/lib/python3.8/site-packages/airflow/example_dags/example_dag_decorator.py
[2023-11-04 14:22:07,458] {logging_mixin.py:109} INFO - [2023-11-04 14:22:07,458] {dag.py:2398} INFO - Sync 1 DAGs
[2023-11-04 14:22:07,480] {logging_mixin.py:109} INFO - [2023-11-04 14:22:07,480] {dag.py:2937} INFO - Setting next_dagrun for example_dag_decorator to None
[2023-11-04 14:22:07,493] {processor.py:171} INFO - Processing /home/airflow/.local/lib/python3.8/site-packages/airflow/example_dags/example_dag_decorator.py took 0.363 seconds
[2023-11-04 14:22:38,189] {processor.py:163} INFO - Started process (PID=1150) to work on /home/airflow/.local/lib/python3.8/site-packages/airflow/example_dags/example_dag_decorator.py
[2023-11-04 14:22:38,191] {processor.py:642} INFO - Processing file /home/airflow/.local/lib/python3.8/site-packages/airflow/example_dags/example_dag_decorator.py for tasks to queue
[2023-11-04 14:22:38,193] {logging_mixin.py:109} INFO - [2023-11-04 14:22:38,193] {dagbag.py:500} INFO - Filling up the DagBag from /home/airflow/.local/lib/python3.8/site-packages/airflow/example_dags/example_dag_decorator.py
[2023-11-04 14:22:38,258] {processor.py:654} INFO - DAG(s) dict_keys(['example_dag_decorator']) retrieved from /home/airflow/.local/lib/python3.8/site-packages/airflow/example_dags/example_dag_decorator.py
[2023-11-04 14:22:38,523] {logging_mixin.py:109} INFO - [2023-11-04 14:22:38,523] {dag.py:2398} INFO - Sync 1 DAGs
[2023-11-04 14:22:38,539] {logging_mixin.py:109} INFO - [2023-11-04 14:22:38,539] {dag.py:2937} INFO - Setting next_dagrun for example_dag_decorator to None
[2023-11-04 14:22:38,553] {processor.py:171} INFO - Processing /home/airflow/.local/lib/python3.8/site-packages/airflow/example_dags/example_dag_decorator.py took 0.369 seconds
[2023-11-04 14:23:10,039] {processor.py:163} INFO - Started process (PID=1207) to work on /home/airflow/.local/lib/python3.8/site-packages/airflow/example_dags/example_dag_decorator.py
[2023-11-04 14:23:10,041] {processor.py:642} INFO - Processing file /home/airflow/.local/lib/python3.8/site-packages/airflow/example_dags/example_dag_decorator.py for tasks to queue
[2023-11-04 14:23:10,043] {logging_mixin.py:109} INFO - [2023-11-04 14:23:10,042] {dagbag.py:500} INFO - Filling up the DagBag from /home/airflow/.local/lib/python3.8/site-packages/airflow/example_dags/example_dag_decorator.py
[2023-11-04 14:23:10,112] {processor.py:654} INFO - DAG(s) dict_keys(['example_dag_decorator']) retrieved from /home/airflow/.local/lib/python3.8/site-packages/airflow/example_dags/example_dag_decorator.py
[2023-11-04 14:23:10,404] {logging_mixin.py:109} INFO - [2023-11-04 14:23:10,404] {dag.py:2398} INFO - Sync 1 DAGs
[2023-11-04 14:23:10,425] {logging_mixin.py:109} INFO - [2023-11-04 14:23:10,424] {dag.py:2937} INFO - Setting next_dagrun for example_dag_decorator to None
[2023-11-04 14:23:10,443] {processor.py:171} INFO - Processing /home/airflow/.local/lib/python3.8/site-packages/airflow/example_dags/example_dag_decorator.py took 0.412 seconds
[2023-11-04 14:23:41,043] {processor.py:163} INFO - Started process (PID=1256) to work on /home/airflow/.local/lib/python3.8/site-packages/airflow/example_dags/example_dag_decorator.py
[2023-11-04 14:23:41,045] {processor.py:642} INFO - Processing file /home/airflow/.local/lib/python3.8/site-packages/airflow/example_dags/example_dag_decorator.py for tasks to queue
[2023-11-04 14:23:41,046] {logging_mixin.py:109} INFO - [2023-11-04 14:23:41,046] {dagbag.py:500} INFO - Filling up the DagBag from /home/airflow/.local/lib/python3.8/site-packages/airflow/example_dags/example_dag_decorator.py
[2023-11-04 14:23:41,102] {processor.py:654} INFO - DAG(s) dict_keys(['example_dag_decorator']) retrieved from /home/airflow/.local/lib/python3.8/site-packages/airflow/example_dags/example_dag_decorator.py
[2023-11-04 14:23:41,354] {logging_mixin.py:109} INFO - [2023-11-04 14:23:41,354] {dag.py:2398} INFO - Sync 1 DAGs
[2023-11-04 14:23:41,370] {logging_mixin.py:109} INFO - [2023-11-04 14:23:41,370] {dag.py:2937} INFO - Setting next_dagrun for example_dag_decorator to None
[2023-11-04 14:23:41,383] {processor.py:171} INFO - Processing /home/airflow/.local/lib/python3.8/site-packages/airflow/example_dags/example_dag_decorator.py took 0.345 seconds
[2023-11-04 14:24:11,436] {processor.py:163} INFO - Started process (PID=1305) to work on /home/airflow/.local/lib/python3.8/site-packages/airflow/example_dags/example_dag_decorator.py
[2023-11-04 14:24:11,439] {processor.py:642} INFO - Processing file /home/airflow/.local/lib/python3.8/site-packages/airflow/example_dags/example_dag_decorator.py for tasks to queue
[2023-11-04 14:24:11,440] {logging_mixin.py:109} INFO - [2023-11-04 14:24:11,440] {dagbag.py:500} INFO - Filling up the DagBag from /home/airflow/.local/lib/python3.8/site-packages/airflow/example_dags/example_dag_decorator.py
[2023-11-04 14:24:11,494] {processor.py:654} INFO - DAG(s) dict_keys(['example_dag_decorator']) retrieved from /home/airflow/.local/lib/python3.8/site-packages/airflow/example_dags/example_dag_decorator.py
[2023-11-04 14:24:11,749] {logging_mixin.py:109} INFO - [2023-11-04 14:24:11,748] {dag.py:2398} INFO - Sync 1 DAGs
[2023-11-04 14:24:11,765] {logging_mixin.py:109} INFO - [2023-11-04 14:24:11,765] {dag.py:2937} INFO - Setting next_dagrun for example_dag_decorator to None
[2023-11-04 14:24:11,785] {processor.py:171} INFO - Processing /home/airflow/.local/lib/python3.8/site-packages/airflow/example_dags/example_dag_decorator.py took 0.353 seconds
[2023-11-04 14:24:42,049] {processor.py:163} INFO - Started process (PID=1362) to work on /home/airflow/.local/lib/python3.8/site-packages/airflow/example_dags/example_dag_decorator.py
[2023-11-04 14:24:42,051] {processor.py:642} INFO - Processing file /home/airflow/.local/lib/python3.8/site-packages/airflow/example_dags/example_dag_decorator.py for tasks to queue
[2023-11-04 14:24:42,054] {logging_mixin.py:109} INFO - [2023-11-04 14:24:42,054] {dagbag.py:500} INFO - Filling up the DagBag from /home/airflow/.local/lib/python3.8/site-packages/airflow/example_dags/example_dag_decorator.py
[2023-11-04 14:24:42,110] {processor.py:654} INFO - DAG(s) dict_keys(['example_dag_decorator']) retrieved from /home/airflow/.local/lib/python3.8/site-packages/airflow/example_dags/example_dag_decorator.py
[2023-11-04 14:24:42,376] {logging_mixin.py:109} INFO - [2023-11-04 14:24:42,376] {dag.py:2398} INFO - Sync 1 DAGs
[2023-11-04 14:24:42,392] {logging_mixin.py:109} INFO - [2023-11-04 14:24:42,392] {dag.py:2937} INFO - Setting next_dagrun for example_dag_decorator to None
[2023-11-04 14:24:42,405] {processor.py:171} INFO - Processing /home/airflow/.local/lib/python3.8/site-packages/airflow/example_dags/example_dag_decorator.py took 0.361 seconds
[2023-11-04 14:25:13,248] {processor.py:163} INFO - Started process (PID=1410) to work on /home/airflow/.local/lib/python3.8/site-packages/airflow/example_dags/example_dag_decorator.py
[2023-11-04 14:25:13,251] {processor.py:642} INFO - Processing file /home/airflow/.local/lib/python3.8/site-packages/airflow/example_dags/example_dag_decorator.py for tasks to queue
[2023-11-04 14:25:13,252] {logging_mixin.py:109} INFO - [2023-11-04 14:25:13,252] {dagbag.py:500} INFO - Filling up the DagBag from /home/airflow/.local/lib/python3.8/site-packages/airflow/example_dags/example_dag_decorator.py
[2023-11-04 14:25:13,312] {processor.py:654} INFO - DAG(s) dict_keys(['example_dag_decorator']) retrieved from /home/airflow/.local/lib/python3.8/site-packages/airflow/example_dags/example_dag_decorator.py
[2023-11-04 14:25:13,577] {logging_mixin.py:109} INFO - [2023-11-04 14:25:13,577] {dag.py:2398} INFO - Sync 1 DAGs
[2023-11-04 14:25:13,594] {logging_mixin.py:109} INFO - [2023-11-04 14:25:13,593] {dag.py:2937} INFO - Setting next_dagrun for example_dag_decorator to None
[2023-11-04 14:25:13,606] {processor.py:171} INFO - Processing /home/airflow/.local/lib/python3.8/site-packages/airflow/example_dags/example_dag_decorator.py took 0.364 seconds
[2023-11-04 14:25:43,753] {processor.py:163} INFO - Started process (PID=1467) to work on /home/airflow/.local/lib/python3.8/site-packages/airflow/example_dags/example_dag_decorator.py
[2023-11-04 14:25:43,756] {processor.py:642} INFO - Processing file /home/airflow/.local/lib/python3.8/site-packages/airflow/example_dags/example_dag_decorator.py for tasks to queue
[2023-11-04 14:25:43,758] {logging_mixin.py:109} INFO - [2023-11-04 14:25:43,757] {dagbag.py:500} INFO - Filling up the DagBag from /home/airflow/.local/lib/python3.8/site-packages/airflow/example_dags/example_dag_decorator.py
[2023-11-04 14:25:43,816] {processor.py:654} INFO - DAG(s) dict_keys(['example_dag_decorator']) retrieved from /home/airflow/.local/lib/python3.8/site-packages/airflow/example_dags/example_dag_decorator.py
[2023-11-04 14:25:44,101] {logging_mixin.py:109} INFO - [2023-11-04 14:25:44,101] {dag.py:2398} INFO - Sync 1 DAGs
[2023-11-04 14:25:44,124] {logging_mixin.py:109} INFO - [2023-11-04 14:25:44,124] {dag.py:2937} INFO - Setting next_dagrun for example_dag_decorator to None
[2023-11-04 14:25:44,138] {processor.py:171} INFO - Processing /home/airflow/.local/lib/python3.8/site-packages/airflow/example_dags/example_dag_decorator.py took 0.390 seconds
[2023-11-04 14:26:14,554] {processor.py:163} INFO - Started process (PID=1515) to work on /home/airflow/.local/lib/python3.8/site-packages/airflow/example_dags/example_dag_decorator.py
[2023-11-04 14:26:14,556] {processor.py:642} INFO - Processing file /home/airflow/.local/lib/python3.8/site-packages/airflow/example_dags/example_dag_decorator.py for tasks to queue
[2023-11-04 14:26:14,558] {logging_mixin.py:109} INFO - [2023-11-04 14:26:14,558] {dagbag.py:500} INFO - Filling up the DagBag from /home/airflow/.local/lib/python3.8/site-packages/airflow/example_dags/example_dag_decorator.py
[2023-11-04 14:26:14,615] {processor.py:654} INFO - DAG(s) dict_keys(['example_dag_decorator']) retrieved from /home/airflow/.local/lib/python3.8/site-packages/airflow/example_dags/example_dag_decorator.py
[2023-11-04 14:26:14,871] {logging_mixin.py:109} INFO - [2023-11-04 14:26:14,871] {dag.py:2398} INFO - Sync 1 DAGs
[2023-11-04 14:26:14,890] {logging_mixin.py:109} INFO - [2023-11-04 14:26:14,890] {dag.py:2937} INFO - Setting next_dagrun for example_dag_decorator to None
[2023-11-04 14:26:14,903] {processor.py:171} INFO - Processing /home/airflow/.local/lib/python3.8/site-packages/airflow/example_dags/example_dag_decorator.py took 0.354 seconds
[2023-11-04 14:28:09,526] {processor.py:163} INFO - Started process (PID=50) to work on /home/airflow/.local/lib/python3.8/site-packages/airflow/example_dags/example_dag_decorator.py
[2023-11-04 14:28:09,530] {processor.py:642} INFO - Processing file /home/airflow/.local/lib/python3.8/site-packages/airflow/example_dags/example_dag_decorator.py for tasks to queue
[2023-11-04 14:28:09,532] {logging_mixin.py:109} INFO - [2023-11-04 14:28:09,532] {dagbag.py:500} INFO - Filling up the DagBag from /home/airflow/.local/lib/python3.8/site-packages/airflow/example_dags/example_dag_decorator.py
[2023-11-04 14:28:09,626] {processor.py:654} INFO - DAG(s) dict_keys(['example_dag_decorator']) retrieved from /home/airflow/.local/lib/python3.8/site-packages/airflow/example_dags/example_dag_decorator.py
[2023-11-04 14:28:09,930] {logging_mixin.py:109} INFO - [2023-11-04 14:28:09,930] {dag.py:2398} INFO - Sync 1 DAGs
[2023-11-04 14:28:09,954] {logging_mixin.py:109} INFO - [2023-11-04 14:28:09,954] {dag.py:2937} INFO - Setting next_dagrun for example_dag_decorator to None
[2023-11-04 14:28:09,970] {processor.py:171} INFO - Processing /home/airflow/.local/lib/python3.8/site-packages/airflow/example_dags/example_dag_decorator.py took 0.451 seconds
[2023-11-04 14:28:40,246] {processor.py:163} INFO - Started process (PID=101) to work on /home/airflow/.local/lib/python3.8/site-packages/airflow/example_dags/example_dag_decorator.py
[2023-11-04 14:28:40,248] {processor.py:642} INFO - Processing file /home/airflow/.local/lib/python3.8/site-packages/airflow/example_dags/example_dag_decorator.py for tasks to queue
[2023-11-04 14:28:40,250] {logging_mixin.py:109} INFO - [2023-11-04 14:28:40,250] {dagbag.py:500} INFO - Filling up the DagBag from /home/airflow/.local/lib/python3.8/site-packages/airflow/example_dags/example_dag_decorator.py
[2023-11-04 14:28:40,306] {processor.py:654} INFO - DAG(s) dict_keys(['example_dag_decorator']) retrieved from /home/airflow/.local/lib/python3.8/site-packages/airflow/example_dags/example_dag_decorator.py
[2023-11-04 14:28:40,561] {logging_mixin.py:109} INFO - [2023-11-04 14:28:40,561] {dag.py:2398} INFO - Sync 1 DAGs
[2023-11-04 14:28:40,579] {logging_mixin.py:109} INFO - [2023-11-04 14:28:40,578] {dag.py:2937} INFO - Setting next_dagrun for example_dag_decorator to None
[2023-11-04 14:28:40,592] {processor.py:171} INFO - Processing /home/airflow/.local/lib/python3.8/site-packages/airflow/example_dags/example_dag_decorator.py took 0.351 seconds
[2023-11-04 14:29:10,942] {processor.py:163} INFO - Started process (PID=159) to work on /home/airflow/.local/lib/python3.8/site-packages/airflow/example_dags/example_dag_decorator.py
[2023-11-04 14:29:10,944] {processor.py:642} INFO - Processing file /home/airflow/.local/lib/python3.8/site-packages/airflow/example_dags/example_dag_decorator.py for tasks to queue
[2023-11-04 14:29:10,946] {logging_mixin.py:109} INFO - [2023-11-04 14:29:10,946] {dagbag.py:500} INFO - Filling up the DagBag from /home/airflow/.local/lib/python3.8/site-packages/airflow/example_dags/example_dag_decorator.py
[2023-11-04 14:29:11,003] {processor.py:654} INFO - DAG(s) dict_keys(['example_dag_decorator']) retrieved from /home/airflow/.local/lib/python3.8/site-packages/airflow/example_dags/example_dag_decorator.py
[2023-11-04 14:29:11,271] {logging_mixin.py:109} INFO - [2023-11-04 14:29:11,270] {dag.py:2398} INFO - Sync 1 DAGs
[2023-11-04 14:29:11,289] {logging_mixin.py:109} INFO - [2023-11-04 14:29:11,289] {dag.py:2937} INFO - Setting next_dagrun for example_dag_decorator to None
[2023-11-04 14:29:11,302] {processor.py:171} INFO - Processing /home/airflow/.local/lib/python3.8/site-packages/airflow/example_dags/example_dag_decorator.py took 0.366 seconds
[2023-11-04 14:29:41,626] {processor.py:163} INFO - Started process (PID=208) to work on /home/airflow/.local/lib/python3.8/site-packages/airflow/example_dags/example_dag_decorator.py
[2023-11-04 14:29:41,631] {processor.py:642} INFO - Processing file /home/airflow/.local/lib/python3.8/site-packages/airflow/example_dags/example_dag_decorator.py for tasks to queue
[2023-11-04 14:29:41,633] {logging_mixin.py:109} INFO - [2023-11-04 14:29:41,633] {dagbag.py:500} INFO - Filling up the DagBag from /home/airflow/.local/lib/python3.8/site-packages/airflow/example_dags/example_dag_decorator.py
[2023-11-04 14:29:41,691] {processor.py:654} INFO - DAG(s) dict_keys(['example_dag_decorator']) retrieved from /home/airflow/.local/lib/python3.8/site-packages/airflow/example_dags/example_dag_decorator.py
[2023-11-04 14:29:41,950] {logging_mixin.py:109} INFO - [2023-11-04 14:29:41,950] {dag.py:2398} INFO - Sync 1 DAGs
[2023-11-04 14:29:41,967] {logging_mixin.py:109} INFO - [2023-11-04 14:29:41,966] {dag.py:2937} INFO - Setting next_dagrun for example_dag_decorator to None
[2023-11-04 14:29:41,980] {processor.py:171} INFO - Processing /home/airflow/.local/lib/python3.8/site-packages/airflow/example_dags/example_dag_decorator.py took 0.362 seconds
[2023-11-04 14:30:12,451] {processor.py:163} INFO - Started process (PID=264) to work on /home/airflow/.local/lib/python3.8/site-packages/airflow/example_dags/example_dag_decorator.py
[2023-11-04 14:30:12,454] {processor.py:642} INFO - Processing file /home/airflow/.local/lib/python3.8/site-packages/airflow/example_dags/example_dag_decorator.py for tasks to queue
[2023-11-04 14:30:12,456] {logging_mixin.py:109} INFO - [2023-11-04 14:30:12,456] {dagbag.py:500} INFO - Filling up the DagBag from /home/airflow/.local/lib/python3.8/site-packages/airflow/example_dags/example_dag_decorator.py
[2023-11-04 14:30:12,525] {processor.py:654} INFO - DAG(s) dict_keys(['example_dag_decorator']) retrieved from /home/airflow/.local/lib/python3.8/site-packages/airflow/example_dags/example_dag_decorator.py
[2023-11-04 14:30:12,872] {logging_mixin.py:109} INFO - [2023-11-04 14:30:12,872] {dag.py:2398} INFO - Sync 1 DAGs
[2023-11-04 14:30:12,891] {logging_mixin.py:109} INFO - [2023-11-04 14:30:12,891] {dag.py:2937} INFO - Setting next_dagrun for example_dag_decorator to None
[2023-11-04 14:30:12,907] {processor.py:171} INFO - Processing /home/airflow/.local/lib/python3.8/site-packages/airflow/example_dags/example_dag_decorator.py took 0.462 seconds
[2023-11-04 14:30:43,476] {processor.py:163} INFO - Started process (PID=312) to work on /home/airflow/.local/lib/python3.8/site-packages/airflow/example_dags/example_dag_decorator.py
[2023-11-04 14:30:43,479] {processor.py:642} INFO - Processing file /home/airflow/.local/lib/python3.8/site-packages/airflow/example_dags/example_dag_decorator.py for tasks to queue
[2023-11-04 14:30:43,480] {logging_mixin.py:109} INFO - [2023-11-04 14:30:43,480] {dagbag.py:500} INFO - Filling up the DagBag from /home/airflow/.local/lib/python3.8/site-packages/airflow/example_dags/example_dag_decorator.py
[2023-11-04 14:30:43,546] {processor.py:654} INFO - DAG(s) dict_keys(['example_dag_decorator']) retrieved from /home/airflow/.local/lib/python3.8/site-packages/airflow/example_dags/example_dag_decorator.py
[2023-11-04 14:30:43,897] {logging_mixin.py:109} INFO - [2023-11-04 14:30:43,897] {dag.py:2398} INFO - Sync 1 DAGs
[2023-11-04 14:30:43,917] {logging_mixin.py:109} INFO - [2023-11-04 14:30:43,917] {dag.py:2937} INFO - Setting next_dagrun for example_dag_decorator to None
[2023-11-04 14:30:43,932] {processor.py:171} INFO - Processing /home/airflow/.local/lib/python3.8/site-packages/airflow/example_dags/example_dag_decorator.py took 0.461 seconds
