[2023-11-04 13:41:42,543] {processor.py:163} INFO - Started process (PID=226) to work on /home/airflow/.local/lib/python3.8/site-packages/airflow/example_dags/example_branch_operator.py
[2023-11-04 13:41:42,546] {processor.py:642} INFO - Processing file /home/airflow/.local/lib/python3.8/site-packages/airflow/example_dags/example_branch_operator.py for tasks to queue
[2023-11-04 13:41:42,548] {logging_mixin.py:109} INFO - [2023-11-04 13:41:42,548] {dagbag.py:500} INFO - Filling up the DagBag from /home/airflow/.local/lib/python3.8/site-packages/airflow/example_dags/example_branch_operator.py
[2023-11-04 13:41:42,622] {processor.py:654} INFO - DAG(s) dict_keys(['example_branch_operator']) retrieved from /home/airflow/.local/lib/python3.8/site-packages/airflow/example_dags/example_branch_operator.py
[2023-11-04 13:41:44,524] {logging_mixin.py:109} INFO - [2023-11-04 13:41:44,524] {providers_manager.py:154} WARNING - Exception when importing 'airflow.providers.google.common.hooks.base_google.GoogleBaseHook' from 'apache-airflow-providers-google' package: module 'pyparsing' has no attribute 'downcaseTokens'
[2023-11-04 13:41:44,530] {logging_mixin.py:109} INFO - [2023-11-04 13:41:44,530] {providers_manager.py:154} WARNING - Exception when importing 'airflow.providers.google.cloud.hooks.cloud_sql.CloudSQLHook' from 'apache-airflow-providers-google' package: module 'pyparsing' has no attribute 'downcaseTokens'
[2023-11-04 13:41:44,535] {logging_mixin.py:109} INFO - [2023-11-04 13:41:44,535] {providers_manager.py:154} WARNING - Exception when importing 'airflow.providers.google.cloud.hooks.cloud_sql.CloudSQLDatabaseHook' from 'apache-airflow-providers-google' package: module 'pyparsing' has no attribute 'downcaseTokens'
[2023-11-04 13:41:44,717] {logging_mixin.py:109} INFO - [2023-11-04 13:41:44,716] {providers_manager.py:154} WARNING - Exception when importing 'airflow.providers.google.cloud.hooks.bigquery.BigQueryHook' from 'apache-airflow-providers-google' package: module 'pyparsing' has no attribute 'downcaseTokens'
[2023-11-04 13:41:44,721] {logging_mixin.py:109} INFO - [2023-11-04 13:41:44,721] {providers_manager.py:154} WARNING - Exception when importing 'airflow.providers.google.cloud.hooks.compute_ssh.ComputeEngineSSHHook' from 'apache-airflow-providers-google' package: module 'pyparsing' has no attribute 'downcaseTokens'
[2023-11-04 13:41:45,269] {logging_mixin.py:109} INFO - [2023-11-04 13:41:45,268] {providers_manager.py:154} WARNING - Exception when importing 'airflow.providers.google.common.hooks.base_google.GoogleBaseHook' from 'apache-airflow-providers-google' package: module 'pyparsing' has no attribute 'downcaseTokens'
[2023-11-04 13:41:45,273] {logging_mixin.py:109} INFO - [2023-11-04 13:41:45,273] {providers_manager.py:154} WARNING - Exception when importing 'airflow.providers.google.cloud.hooks.cloud_sql.CloudSQLHook' from 'apache-airflow-providers-google' package: module 'pyparsing' has no attribute 'downcaseTokens'
[2023-11-04 13:41:45,277] {logging_mixin.py:109} INFO - [2023-11-04 13:41:45,277] {providers_manager.py:154} WARNING - Exception when importing 'airflow.providers.google.cloud.hooks.cloud_sql.CloudSQLDatabaseHook' from 'apache-airflow-providers-google' package: module 'pyparsing' has no attribute 'downcaseTokens'
[2023-11-04 13:41:45,281] {logging_mixin.py:109} INFO - [2023-11-04 13:41:45,281] {providers_manager.py:154} WARNING - Exception when importing 'airflow.providers.google.cloud.hooks.bigquery.BigQueryHook' from 'apache-airflow-providers-google' package: module 'pyparsing' has no attribute 'downcaseTokens'
[2023-11-04 13:41:45,285] {logging_mixin.py:109} INFO - [2023-11-04 13:41:45,285] {providers_manager.py:154} WARNING - Exception when importing 'airflow.providers.google.cloud.hooks.compute_ssh.ComputeEngineSSHHook' from 'apache-airflow-providers-google' package: module 'pyparsing' has no attribute 'downcaseTokens'
[2023-11-04 13:41:45,313] {logging_mixin.py:109} INFO - [2023-11-04 13:41:45,313] {manager.py:496} INFO - Created Permission View: can read on DAG:example_branch_operator
[2023-11-04 13:41:45,322] {logging_mixin.py:109} INFO - [2023-11-04 13:41:45,322] {manager.py:496} INFO - Created Permission View: can edit on DAG:example_branch_operator
[2023-11-04 13:41:45,324] {logging_mixin.py:109} INFO - [2023-11-04 13:41:45,324] {dag.py:2398} INFO - Sync 1 DAGs
[2023-11-04 13:41:45,334] {logging_mixin.py:109} INFO - [2023-11-04 13:41:45,333] {dag.py:2417} INFO - Creating ORM DAG for example_branch_operator
[2023-11-04 13:41:45,346] {logging_mixin.py:109} INFO - [2023-11-04 13:41:45,345] {dag.py:2937} INFO - Setting next_dagrun for example_branch_operator to 2023-11-03 00:00:00+00:00
[2023-11-04 13:41:45,359] {processor.py:171} INFO - Processing /home/airflow/.local/lib/python3.8/site-packages/airflow/example_dags/example_branch_operator.py took 2.823 seconds
[2023-11-04 13:42:16,234] {processor.py:163} INFO - Started process (PID=325) to work on /home/airflow/.local/lib/python3.8/site-packages/airflow/example_dags/example_branch_operator.py
[2023-11-04 13:42:16,237] {processor.py:642} INFO - Processing file /home/airflow/.local/lib/python3.8/site-packages/airflow/example_dags/example_branch_operator.py for tasks to queue
[2023-11-04 13:42:16,239] {logging_mixin.py:109} INFO - [2023-11-04 13:42:16,238] {dagbag.py:500} INFO - Filling up the DagBag from /home/airflow/.local/lib/python3.8/site-packages/airflow/example_dags/example_branch_operator.py
[2023-11-04 13:42:16,296] {processor.py:654} INFO - DAG(s) dict_keys(['example_branch_operator']) retrieved from /home/airflow/.local/lib/python3.8/site-packages/airflow/example_dags/example_branch_operator.py
[2023-11-04 13:42:16,316] {logging_mixin.py:109} INFO - [2023-11-04 13:42:16,316] {dag.py:2398} INFO - Sync 1 DAGs
[2023-11-04 13:42:16,348] {logging_mixin.py:109} INFO - [2023-11-04 13:42:16,348] {dag.py:2937} INFO - Setting next_dagrun for example_branch_operator to 2023-11-03 00:00:00+00:00
[2023-11-04 13:42:16,363] {processor.py:171} INFO - Processing /home/airflow/.local/lib/python3.8/site-packages/airflow/example_dags/example_branch_operator.py took 0.136 seconds
[2023-11-04 13:42:46,593] {processor.py:163} INFO - Started process (PID=374) to work on /home/airflow/.local/lib/python3.8/site-packages/airflow/example_dags/example_branch_operator.py
[2023-11-04 13:42:46,597] {processor.py:642} INFO - Processing file /home/airflow/.local/lib/python3.8/site-packages/airflow/example_dags/example_branch_operator.py for tasks to queue
[2023-11-04 13:42:46,599] {logging_mixin.py:109} INFO - [2023-11-04 13:42:46,599] {dagbag.py:500} INFO - Filling up the DagBag from /home/airflow/.local/lib/python3.8/site-packages/airflow/example_dags/example_branch_operator.py
[2023-11-04 13:42:46,660] {processor.py:654} INFO - DAG(s) dict_keys(['example_branch_operator']) retrieved from /home/airflow/.local/lib/python3.8/site-packages/airflow/example_dags/example_branch_operator.py
[2023-11-04 13:42:46,677] {logging_mixin.py:109} INFO - [2023-11-04 13:42:46,677] {dag.py:2398} INFO - Sync 1 DAGs
[2023-11-04 13:42:46,700] {logging_mixin.py:109} INFO - [2023-11-04 13:42:46,699] {dag.py:2937} INFO - Setting next_dagrun for example_branch_operator to 2023-11-03 00:00:00+00:00
[2023-11-04 13:42:46,713] {processor.py:171} INFO - Processing /home/airflow/.local/lib/python3.8/site-packages/airflow/example_dags/example_branch_operator.py took 0.127 seconds
[2023-11-04 13:43:16,937] {processor.py:163} INFO - Started process (PID=431) to work on /home/airflow/.local/lib/python3.8/site-packages/airflow/example_dags/example_branch_operator.py
[2023-11-04 13:43:16,940] {processor.py:642} INFO - Processing file /home/airflow/.local/lib/python3.8/site-packages/airflow/example_dags/example_branch_operator.py for tasks to queue
[2023-11-04 13:43:16,942] {logging_mixin.py:109} INFO - [2023-11-04 13:43:16,941] {dagbag.py:500} INFO - Filling up the DagBag from /home/airflow/.local/lib/python3.8/site-packages/airflow/example_dags/example_branch_operator.py
[2023-11-04 13:43:16,993] {processor.py:654} INFO - DAG(s) dict_keys(['example_branch_operator']) retrieved from /home/airflow/.local/lib/python3.8/site-packages/airflow/example_dags/example_branch_operator.py
[2023-11-04 13:43:17,010] {logging_mixin.py:109} INFO - [2023-11-04 13:43:17,010] {dag.py:2398} INFO - Sync 1 DAGs
[2023-11-04 13:43:17,034] {logging_mixin.py:109} INFO - [2023-11-04 13:43:17,034] {dag.py:2937} INFO - Setting next_dagrun for example_branch_operator to 2023-11-03 00:00:00+00:00
[2023-11-04 13:43:17,046] {processor.py:171} INFO - Processing /home/airflow/.local/lib/python3.8/site-packages/airflow/example_dags/example_branch_operator.py took 0.116 seconds
[2023-11-04 13:43:47,233] {processor.py:163} INFO - Started process (PID=480) to work on /home/airflow/.local/lib/python3.8/site-packages/airflow/example_dags/example_branch_operator.py
[2023-11-04 13:43:47,236] {processor.py:642} INFO - Processing file /home/airflow/.local/lib/python3.8/site-packages/airflow/example_dags/example_branch_operator.py for tasks to queue
[2023-11-04 13:43:47,238] {logging_mixin.py:109} INFO - [2023-11-04 13:43:47,238] {dagbag.py:500} INFO - Filling up the DagBag from /home/airflow/.local/lib/python3.8/site-packages/airflow/example_dags/example_branch_operator.py
[2023-11-04 13:43:47,288] {processor.py:654} INFO - DAG(s) dict_keys(['example_branch_operator']) retrieved from /home/airflow/.local/lib/python3.8/site-packages/airflow/example_dags/example_branch_operator.py
[2023-11-04 13:43:47,303] {logging_mixin.py:109} INFO - [2023-11-04 13:43:47,303] {dag.py:2398} INFO - Sync 1 DAGs
[2023-11-04 13:43:47,328] {logging_mixin.py:109} INFO - [2023-11-04 13:43:47,328] {dag.py:2937} INFO - Setting next_dagrun for example_branch_operator to 2023-11-03 00:00:00+00:00
[2023-11-04 13:43:47,341] {processor.py:171} INFO - Processing /home/airflow/.local/lib/python3.8/site-packages/airflow/example_dags/example_branch_operator.py took 0.112 seconds
[2023-11-04 13:44:18,039] {processor.py:163} INFO - Started process (PID=529) to work on /home/airflow/.local/lib/python3.8/site-packages/airflow/example_dags/example_branch_operator.py
[2023-11-04 13:44:18,063] {processor.py:642} INFO - Processing file /home/airflow/.local/lib/python3.8/site-packages/airflow/example_dags/example_branch_operator.py for tasks to queue
[2023-11-04 13:44:18,072] {logging_mixin.py:109} INFO - [2023-11-04 13:44:18,072] {dagbag.py:500} INFO - Filling up the DagBag from /home/airflow/.local/lib/python3.8/site-packages/airflow/example_dags/example_branch_operator.py
[2023-11-04 13:59:22,400] {processor.py:163} INFO - Started process (PID=62) to work on /home/airflow/.local/lib/python3.8/site-packages/airflow/example_dags/example_branch_operator.py
[2023-11-04 13:59:22,405] {processor.py:642} INFO - Processing file /home/airflow/.local/lib/python3.8/site-packages/airflow/example_dags/example_branch_operator.py for tasks to queue
[2023-11-04 13:59:22,409] {logging_mixin.py:109} INFO - [2023-11-04 13:59:22,408] {dagbag.py:500} INFO - Filling up the DagBag from /home/airflow/.local/lib/python3.8/site-packages/airflow/example_dags/example_branch_operator.py
[2023-11-04 13:59:22,473] {processor.py:654} INFO - DAG(s) dict_keys(['example_branch_operator']) retrieved from /home/airflow/.local/lib/python3.8/site-packages/airflow/example_dags/example_branch_operator.py
[2023-11-04 13:59:22,493] {logging_mixin.py:109} INFO - [2023-11-04 13:59:22,493] {dag.py:2398} INFO - Sync 1 DAGs
[2023-11-04 13:59:22,517] {logging_mixin.py:109} INFO - [2023-11-04 13:59:22,517] {dag.py:2937} INFO - Setting next_dagrun for example_branch_operator to 2023-11-03 00:00:00+00:00
[2023-11-04 13:59:22,531] {processor.py:171} INFO - Processing /home/airflow/.local/lib/python3.8/site-packages/airflow/example_dags/example_branch_operator.py took 0.138 seconds
[2023-11-04 13:59:53,542] {processor.py:163} INFO - Started process (PID=119) to work on /home/airflow/.local/lib/python3.8/site-packages/airflow/example_dags/example_branch_operator.py
[2023-11-04 13:59:53,546] {processor.py:642} INFO - Processing file /home/airflow/.local/lib/python3.8/site-packages/airflow/example_dags/example_branch_operator.py for tasks to queue
[2023-11-04 13:59:53,548] {logging_mixin.py:109} INFO - [2023-11-04 13:59:53,548] {dagbag.py:500} INFO - Filling up the DagBag from /home/airflow/.local/lib/python3.8/site-packages/airflow/example_dags/example_branch_operator.py
[2023-11-04 13:59:53,611] {processor.py:654} INFO - DAG(s) dict_keys(['example_branch_operator']) retrieved from /home/airflow/.local/lib/python3.8/site-packages/airflow/example_dags/example_branch_operator.py
[2023-11-04 13:59:53,635] {logging_mixin.py:109} INFO - [2023-11-04 13:59:53,635] {dag.py:2398} INFO - Sync 1 DAGs
[2023-11-04 13:59:53,667] {logging_mixin.py:109} INFO - [2023-11-04 13:59:53,666] {dag.py:2937} INFO - Setting next_dagrun for example_branch_operator to 2023-11-03 00:00:00+00:00
[2023-11-04 13:59:53,685] {processor.py:171} INFO - Processing /home/airflow/.local/lib/python3.8/site-packages/airflow/example_dags/example_branch_operator.py took 0.150 seconds
[2023-11-04 14:00:23,889] {processor.py:163} INFO - Started process (PID=184) to work on /home/airflow/.local/lib/python3.8/site-packages/airflow/example_dags/example_branch_operator.py
[2023-11-04 14:00:23,892] {processor.py:642} INFO - Processing file /home/airflow/.local/lib/python3.8/site-packages/airflow/example_dags/example_branch_operator.py for tasks to queue
[2023-11-04 14:00:23,894] {logging_mixin.py:109} INFO - [2023-11-04 14:00:23,893] {dagbag.py:500} INFO - Filling up the DagBag from /home/airflow/.local/lib/python3.8/site-packages/airflow/example_dags/example_branch_operator.py
[2023-11-04 14:00:23,943] {processor.py:654} INFO - DAG(s) dict_keys(['example_branch_operator']) retrieved from /home/airflow/.local/lib/python3.8/site-packages/airflow/example_dags/example_branch_operator.py
[2023-11-04 14:00:23,961] {logging_mixin.py:109} INFO - [2023-11-04 14:00:23,961] {dag.py:2398} INFO - Sync 1 DAGs
[2023-11-04 14:00:23,984] {logging_mixin.py:109} INFO - [2023-11-04 14:00:23,984] {dag.py:2937} INFO - Setting next_dagrun for example_branch_operator to 2023-11-03 00:00:00+00:00
[2023-11-04 14:00:23,997] {processor.py:171} INFO - Processing /home/airflow/.local/lib/python3.8/site-packages/airflow/example_dags/example_branch_operator.py took 0.112 seconds
[2023-11-04 14:00:54,766] {processor.py:163} INFO - Started process (PID=233) to work on /home/airflow/.local/lib/python3.8/site-packages/airflow/example_dags/example_branch_operator.py
[2023-11-04 14:00:54,769] {processor.py:642} INFO - Processing file /home/airflow/.local/lib/python3.8/site-packages/airflow/example_dags/example_branch_operator.py for tasks to queue
[2023-11-04 14:00:54,770] {logging_mixin.py:109} INFO - [2023-11-04 14:00:54,770] {dagbag.py:500} INFO - Filling up the DagBag from /home/airflow/.local/lib/python3.8/site-packages/airflow/example_dags/example_branch_operator.py
[2023-11-04 14:00:54,817] {processor.py:654} INFO - DAG(s) dict_keys(['example_branch_operator']) retrieved from /home/airflow/.local/lib/python3.8/site-packages/airflow/example_dags/example_branch_operator.py
[2023-11-04 14:00:54,832] {logging_mixin.py:109} INFO - [2023-11-04 14:00:54,832] {dag.py:2398} INFO - Sync 1 DAGs
[2023-11-04 14:00:54,862] {logging_mixin.py:109} INFO - [2023-11-04 14:00:54,862] {dag.py:2937} INFO - Setting next_dagrun for example_branch_operator to 2023-11-03 00:00:00+00:00
[2023-11-04 14:00:54,876] {processor.py:171} INFO - Processing /home/airflow/.local/lib/python3.8/site-packages/airflow/example_dags/example_branch_operator.py took 0.116 seconds
[2023-11-04 14:01:25,478] {processor.py:163} INFO - Started process (PID=289) to work on /home/airflow/.local/lib/python3.8/site-packages/airflow/example_dags/example_branch_operator.py
[2023-11-04 14:01:25,482] {processor.py:642} INFO - Processing file /home/airflow/.local/lib/python3.8/site-packages/airflow/example_dags/example_branch_operator.py for tasks to queue
[2023-11-04 14:01:25,488] {logging_mixin.py:109} INFO - [2023-11-04 14:01:25,487] {dagbag.py:500} INFO - Filling up the DagBag from /home/airflow/.local/lib/python3.8/site-packages/airflow/example_dags/example_branch_operator.py
[2023-11-04 14:01:25,575] {processor.py:654} INFO - DAG(s) dict_keys(['example_branch_operator']) retrieved from /home/airflow/.local/lib/python3.8/site-packages/airflow/example_dags/example_branch_operator.py
[2023-11-04 14:01:25,596] {logging_mixin.py:109} INFO - [2023-11-04 14:01:25,596] {dag.py:2398} INFO - Sync 1 DAGs
[2023-11-04 14:01:25,635] {logging_mixin.py:109} INFO - [2023-11-04 14:01:25,635] {dag.py:2937} INFO - Setting next_dagrun for example_branch_operator to 2023-11-03 00:00:00+00:00
[2023-11-04 14:01:25,653] {processor.py:171} INFO - Processing /home/airflow/.local/lib/python3.8/site-packages/airflow/example_dags/example_branch_operator.py took 0.180 seconds
[2023-11-04 14:01:55,923] {processor.py:163} INFO - Started process (PID=339) to work on /home/airflow/.local/lib/python3.8/site-packages/airflow/example_dags/example_branch_operator.py
[2023-11-04 14:01:55,925] {processor.py:642} INFO - Processing file /home/airflow/.local/lib/python3.8/site-packages/airflow/example_dags/example_branch_operator.py for tasks to queue
[2023-11-04 14:01:55,927] {logging_mixin.py:109} INFO - [2023-11-04 14:01:55,926] {dagbag.py:500} INFO - Filling up the DagBag from /home/airflow/.local/lib/python3.8/site-packages/airflow/example_dags/example_branch_operator.py
[2023-11-04 14:01:55,980] {processor.py:654} INFO - DAG(s) dict_keys(['example_branch_operator']) retrieved from /home/airflow/.local/lib/python3.8/site-packages/airflow/example_dags/example_branch_operator.py
[2023-11-04 14:01:55,999] {logging_mixin.py:109} INFO - [2023-11-04 14:01:55,999] {dag.py:2398} INFO - Sync 1 DAGs
[2023-11-04 14:01:56,038] {logging_mixin.py:109} INFO - [2023-11-04 14:01:56,038] {dag.py:2937} INFO - Setting next_dagrun for example_branch_operator to 2023-11-03 00:00:00+00:00
[2023-11-04 14:01:56,053] {processor.py:171} INFO - Processing /home/airflow/.local/lib/python3.8/site-packages/airflow/example_dags/example_branch_operator.py took 0.136 seconds
[2023-11-04 14:02:26,623] {processor.py:163} INFO - Started process (PID=388) to work on /home/airflow/.local/lib/python3.8/site-packages/airflow/example_dags/example_branch_operator.py
[2023-11-04 14:02:26,625] {processor.py:642} INFO - Processing file /home/airflow/.local/lib/python3.8/site-packages/airflow/example_dags/example_branch_operator.py for tasks to queue
[2023-11-04 14:02:26,627] {logging_mixin.py:109} INFO - [2023-11-04 14:02:26,626] {dagbag.py:500} INFO - Filling up the DagBag from /home/airflow/.local/lib/python3.8/site-packages/airflow/example_dags/example_branch_operator.py
[2023-11-04 14:02:26,675] {processor.py:654} INFO - DAG(s) dict_keys(['example_branch_operator']) retrieved from /home/airflow/.local/lib/python3.8/site-packages/airflow/example_dags/example_branch_operator.py
[2023-11-04 14:02:26,691] {logging_mixin.py:109} INFO - [2023-11-04 14:02:26,690] {dag.py:2398} INFO - Sync 1 DAGs
[2023-11-04 14:02:26,712] {logging_mixin.py:109} INFO - [2023-11-04 14:02:26,712] {dag.py:2937} INFO - Setting next_dagrun for example_branch_operator to 2023-11-03 00:00:00+00:00
[2023-11-04 14:02:26,723] {processor.py:171} INFO - Processing /home/airflow/.local/lib/python3.8/site-packages/airflow/example_dags/example_branch_operator.py took 0.106 seconds
[2023-11-04 14:04:48,591] {processor.py:163} INFO - Started process (PID=57) to work on /home/airflow/.local/lib/python3.8/site-packages/airflow/example_dags/example_branch_operator.py
[2023-11-04 14:04:48,594] {processor.py:642} INFO - Processing file /home/airflow/.local/lib/python3.8/site-packages/airflow/example_dags/example_branch_operator.py for tasks to queue
[2023-11-04 14:04:48,596] {logging_mixin.py:109} INFO - [2023-11-04 14:04:48,595] {dagbag.py:500} INFO - Filling up the DagBag from /home/airflow/.local/lib/python3.8/site-packages/airflow/example_dags/example_branch_operator.py
[2023-11-04 14:04:48,653] {processor.py:654} INFO - DAG(s) dict_keys(['example_branch_operator']) retrieved from /home/airflow/.local/lib/python3.8/site-packages/airflow/example_dags/example_branch_operator.py
[2023-11-04 14:04:48,670] {logging_mixin.py:109} INFO - [2023-11-04 14:04:48,670] {dag.py:2398} INFO - Sync 1 DAGs
[2023-11-04 14:04:48,697] {logging_mixin.py:109} INFO - [2023-11-04 14:04:48,697] {dag.py:2937} INFO - Setting next_dagrun for example_branch_operator to 2023-11-03 00:00:00+00:00
[2023-11-04 14:04:48,710] {processor.py:171} INFO - Processing /home/airflow/.local/lib/python3.8/site-packages/airflow/example_dags/example_branch_operator.py took 0.124 seconds
[2023-11-04 14:05:19,868] {processor.py:163} INFO - Started process (PID=113) to work on /home/airflow/.local/lib/python3.8/site-packages/airflow/example_dags/example_branch_operator.py
[2023-11-04 14:05:19,871] {processor.py:642} INFO - Processing file /home/airflow/.local/lib/python3.8/site-packages/airflow/example_dags/example_branch_operator.py for tasks to queue
[2023-11-04 14:05:19,875] {logging_mixin.py:109} INFO - [2023-11-04 14:05:19,875] {dagbag.py:500} INFO - Filling up the DagBag from /home/airflow/.local/lib/python3.8/site-packages/airflow/example_dags/example_branch_operator.py
[2023-11-04 14:05:19,953] {processor.py:654} INFO - DAG(s) dict_keys(['example_branch_operator']) retrieved from /home/airflow/.local/lib/python3.8/site-packages/airflow/example_dags/example_branch_operator.py
[2023-11-04 14:05:19,977] {logging_mixin.py:109} INFO - [2023-11-04 14:05:19,977] {dag.py:2398} INFO - Sync 1 DAGs
[2023-11-04 14:05:20,009] {logging_mixin.py:109} INFO - [2023-11-04 14:05:20,009] {dag.py:2937} INFO - Setting next_dagrun for example_branch_operator to 2023-11-03 00:00:00+00:00
[2023-11-04 14:05:20,022] {processor.py:171} INFO - Processing /home/airflow/.local/lib/python3.8/site-packages/airflow/example_dags/example_branch_operator.py took 0.162 seconds
[2023-11-04 14:05:50,461] {processor.py:163} INFO - Started process (PID=162) to work on /home/airflow/.local/lib/python3.8/site-packages/airflow/example_dags/example_branch_operator.py
[2023-11-04 14:05:50,463] {processor.py:642} INFO - Processing file /home/airflow/.local/lib/python3.8/site-packages/airflow/example_dags/example_branch_operator.py for tasks to queue
[2023-11-04 14:05:50,465] {logging_mixin.py:109} INFO - [2023-11-04 14:05:50,465] {dagbag.py:500} INFO - Filling up the DagBag from /home/airflow/.local/lib/python3.8/site-packages/airflow/example_dags/example_branch_operator.py
[2023-11-04 14:05:50,515] {processor.py:654} INFO - DAG(s) dict_keys(['example_branch_operator']) retrieved from /home/airflow/.local/lib/python3.8/site-packages/airflow/example_dags/example_branch_operator.py
[2023-11-04 14:05:50,531] {logging_mixin.py:109} INFO - [2023-11-04 14:05:50,530] {dag.py:2398} INFO - Sync 1 DAGs
[2023-11-04 14:05:50,552] {logging_mixin.py:109} INFO - [2023-11-04 14:05:50,552] {dag.py:2937} INFO - Setting next_dagrun for example_branch_operator to 2023-11-03 00:00:00+00:00
[2023-11-04 14:05:50,564] {processor.py:171} INFO - Processing /home/airflow/.local/lib/python3.8/site-packages/airflow/example_dags/example_branch_operator.py took 0.108 seconds
[2023-11-04 14:06:20,930] {processor.py:163} INFO - Started process (PID=211) to work on /home/airflow/.local/lib/python3.8/site-packages/airflow/example_dags/example_branch_operator.py
[2023-11-04 14:06:20,932] {processor.py:642} INFO - Processing file /home/airflow/.local/lib/python3.8/site-packages/airflow/example_dags/example_branch_operator.py for tasks to queue
[2023-11-04 14:06:20,934] {logging_mixin.py:109} INFO - [2023-11-04 14:06:20,934] {dagbag.py:500} INFO - Filling up the DagBag from /home/airflow/.local/lib/python3.8/site-packages/airflow/example_dags/example_branch_operator.py
[2023-11-04 14:06:20,981] {processor.py:654} INFO - DAG(s) dict_keys(['example_branch_operator']) retrieved from /home/airflow/.local/lib/python3.8/site-packages/airflow/example_dags/example_branch_operator.py
[2023-11-04 14:06:20,996] {logging_mixin.py:109} INFO - [2023-11-04 14:06:20,996] {dag.py:2398} INFO - Sync 1 DAGs
[2023-11-04 14:06:21,018] {logging_mixin.py:109} INFO - [2023-11-04 14:06:21,018] {dag.py:2937} INFO - Setting next_dagrun for example_branch_operator to 2023-11-03 00:00:00+00:00
[2023-11-04 14:06:21,029] {processor.py:171} INFO - Processing /home/airflow/.local/lib/python3.8/site-packages/airflow/example_dags/example_branch_operator.py took 0.104 seconds
[2023-11-04 14:06:51,377] {processor.py:163} INFO - Started process (PID=268) to work on /home/airflow/.local/lib/python3.8/site-packages/airflow/example_dags/example_branch_operator.py
[2023-11-04 14:06:51,380] {processor.py:642} INFO - Processing file /home/airflow/.local/lib/python3.8/site-packages/airflow/example_dags/example_branch_operator.py for tasks to queue
[2023-11-04 14:06:51,382] {logging_mixin.py:109} INFO - [2023-11-04 14:06:51,382] {dagbag.py:500} INFO - Filling up the DagBag from /home/airflow/.local/lib/python3.8/site-packages/airflow/example_dags/example_branch_operator.py
[2023-11-04 14:06:51,451] {processor.py:654} INFO - DAG(s) dict_keys(['example_branch_operator']) retrieved from /home/airflow/.local/lib/python3.8/site-packages/airflow/example_dags/example_branch_operator.py
[2023-11-04 14:06:51,466] {logging_mixin.py:109} INFO - [2023-11-04 14:06:51,466] {dag.py:2398} INFO - Sync 1 DAGs
[2023-11-04 14:06:51,490] {logging_mixin.py:109} INFO - [2023-11-04 14:06:51,490] {dag.py:2937} INFO - Setting next_dagrun for example_branch_operator to 2023-11-03 00:00:00+00:00
[2023-11-04 14:06:51,508] {processor.py:171} INFO - Processing /home/airflow/.local/lib/python3.8/site-packages/airflow/example_dags/example_branch_operator.py took 0.137 seconds
[2023-11-04 14:07:21,586] {processor.py:163} INFO - Started process (PID=316) to work on /home/airflow/.local/lib/python3.8/site-packages/airflow/example_dags/example_branch_operator.py
[2023-11-04 14:07:21,589] {processor.py:642} INFO - Processing file /home/airflow/.local/lib/python3.8/site-packages/airflow/example_dags/example_branch_operator.py for tasks to queue
[2023-11-04 14:07:21,591] {logging_mixin.py:109} INFO - [2023-11-04 14:07:21,590] {dagbag.py:500} INFO - Filling up the DagBag from /home/airflow/.local/lib/python3.8/site-packages/airflow/example_dags/example_branch_operator.py
[2023-11-04 14:07:21,644] {processor.py:654} INFO - DAG(s) dict_keys(['example_branch_operator']) retrieved from /home/airflow/.local/lib/python3.8/site-packages/airflow/example_dags/example_branch_operator.py
[2023-11-04 14:07:21,663] {logging_mixin.py:109} INFO - [2023-11-04 14:07:21,663] {dag.py:2398} INFO - Sync 1 DAGs
[2023-11-04 14:07:21,691] {logging_mixin.py:109} INFO - [2023-11-04 14:07:21,691] {dag.py:2937} INFO - Setting next_dagrun for example_branch_operator to 2023-11-03 00:00:00+00:00
[2023-11-04 14:07:21,705] {processor.py:171} INFO - Processing /home/airflow/.local/lib/python3.8/site-packages/airflow/example_dags/example_branch_operator.py took 0.124 seconds
[2023-11-04 14:07:52,321] {processor.py:163} INFO - Started process (PID=364) to work on /home/airflow/.local/lib/python3.8/site-packages/airflow/example_dags/example_branch_operator.py
[2023-11-04 14:07:52,323] {processor.py:642} INFO - Processing file /home/airflow/.local/lib/python3.8/site-packages/airflow/example_dags/example_branch_operator.py for tasks to queue
[2023-11-04 14:07:52,325] {logging_mixin.py:109} INFO - [2023-11-04 14:07:52,324] {dagbag.py:500} INFO - Filling up the DagBag from /home/airflow/.local/lib/python3.8/site-packages/airflow/example_dags/example_branch_operator.py
[2023-11-04 14:07:52,373] {processor.py:654} INFO - DAG(s) dict_keys(['example_branch_operator']) retrieved from /home/airflow/.local/lib/python3.8/site-packages/airflow/example_dags/example_branch_operator.py
[2023-11-04 14:07:52,389] {logging_mixin.py:109} INFO - [2023-11-04 14:07:52,389] {dag.py:2398} INFO - Sync 1 DAGs
[2023-11-04 14:07:52,413] {logging_mixin.py:109} INFO - [2023-11-04 14:07:52,413] {dag.py:2937} INFO - Setting next_dagrun for example_branch_operator to 2023-11-03 00:00:00+00:00
[2023-11-04 14:07:52,426] {processor.py:171} INFO - Processing /home/airflow/.local/lib/python3.8/site-packages/airflow/example_dags/example_branch_operator.py took 0.111 seconds
[2023-11-04 14:08:23,570] {processor.py:163} INFO - Started process (PID=422) to work on /home/airflow/.local/lib/python3.8/site-packages/airflow/example_dags/example_branch_operator.py
[2023-11-04 14:08:23,573] {processor.py:642} INFO - Processing file /home/airflow/.local/lib/python3.8/site-packages/airflow/example_dags/example_branch_operator.py for tasks to queue
[2023-11-04 14:08:23,575] {logging_mixin.py:109} INFO - [2023-11-04 14:08:23,574] {dagbag.py:500} INFO - Filling up the DagBag from /home/airflow/.local/lib/python3.8/site-packages/airflow/example_dags/example_branch_operator.py
[2023-11-04 14:08:23,623] {processor.py:654} INFO - DAG(s) dict_keys(['example_branch_operator']) retrieved from /home/airflow/.local/lib/python3.8/site-packages/airflow/example_dags/example_branch_operator.py
[2023-11-04 14:08:23,638] {logging_mixin.py:109} INFO - [2023-11-04 14:08:23,638] {dag.py:2398} INFO - Sync 1 DAGs
[2023-11-04 14:08:23,660] {logging_mixin.py:109} INFO - [2023-11-04 14:08:23,660] {dag.py:2937} INFO - Setting next_dagrun for example_branch_operator to 2023-11-03 00:00:00+00:00
[2023-11-04 14:08:23,672] {processor.py:171} INFO - Processing /home/airflow/.local/lib/python3.8/site-packages/airflow/example_dags/example_branch_operator.py took 0.106 seconds
[2023-11-04 14:08:53,961] {processor.py:163} INFO - Started process (PID=470) to work on /home/airflow/.local/lib/python3.8/site-packages/airflow/example_dags/example_branch_operator.py
[2023-11-04 14:08:53,964] {processor.py:642} INFO - Processing file /home/airflow/.local/lib/python3.8/site-packages/airflow/example_dags/example_branch_operator.py for tasks to queue
[2023-11-04 14:08:53,966] {logging_mixin.py:109} INFO - [2023-11-04 14:08:53,965] {dagbag.py:500} INFO - Filling up the DagBag from /home/airflow/.local/lib/python3.8/site-packages/airflow/example_dags/example_branch_operator.py
[2023-11-04 14:08:54,025] {processor.py:654} INFO - DAG(s) dict_keys(['example_branch_operator']) retrieved from /home/airflow/.local/lib/python3.8/site-packages/airflow/example_dags/example_branch_operator.py
[2023-11-04 14:08:54,042] {logging_mixin.py:109} INFO - [2023-11-04 14:08:54,042] {dag.py:2398} INFO - Sync 1 DAGs
[2023-11-04 14:08:54,064] {logging_mixin.py:109} INFO - [2023-11-04 14:08:54,064] {dag.py:2937} INFO - Setting next_dagrun for example_branch_operator to 2023-11-03 00:00:00+00:00
[2023-11-04 14:08:54,077] {processor.py:171} INFO - Processing /home/airflow/.local/lib/python3.8/site-packages/airflow/example_dags/example_branch_operator.py took 0.125 seconds
[2023-11-04 14:09:24,337] {processor.py:163} INFO - Started process (PID=527) to work on /home/airflow/.local/lib/python3.8/site-packages/airflow/example_dags/example_branch_operator.py
[2023-11-04 14:09:24,343] {processor.py:642} INFO - Processing file /home/airflow/.local/lib/python3.8/site-packages/airflow/example_dags/example_branch_operator.py for tasks to queue
[2023-11-04 14:09:24,345] {logging_mixin.py:109} INFO - [2023-11-04 14:09:24,344] {dagbag.py:500} INFO - Filling up the DagBag from /home/airflow/.local/lib/python3.8/site-packages/airflow/example_dags/example_branch_operator.py
[2023-11-04 14:09:24,402] {processor.py:654} INFO - DAG(s) dict_keys(['example_branch_operator']) retrieved from /home/airflow/.local/lib/python3.8/site-packages/airflow/example_dags/example_branch_operator.py
[2023-11-04 14:09:24,418] {logging_mixin.py:109} INFO - [2023-11-04 14:09:24,418] {dag.py:2398} INFO - Sync 1 DAGs
[2023-11-04 14:09:24,441] {logging_mixin.py:109} INFO - [2023-11-04 14:09:24,440] {dag.py:2937} INFO - Setting next_dagrun for example_branch_operator to 2023-11-03 00:00:00+00:00
[2023-11-04 14:09:24,453] {processor.py:171} INFO - Processing /home/airflow/.local/lib/python3.8/site-packages/airflow/example_dags/example_branch_operator.py took 0.123 seconds
[2023-11-04 14:09:55,420] {processor.py:163} INFO - Started process (PID=576) to work on /home/airflow/.local/lib/python3.8/site-packages/airflow/example_dags/example_branch_operator.py
[2023-11-04 14:09:55,422] {processor.py:642} INFO - Processing file /home/airflow/.local/lib/python3.8/site-packages/airflow/example_dags/example_branch_operator.py for tasks to queue
[2023-11-04 14:09:55,425] {logging_mixin.py:109} INFO - [2023-11-04 14:09:55,424] {dagbag.py:500} INFO - Filling up the DagBag from /home/airflow/.local/lib/python3.8/site-packages/airflow/example_dags/example_branch_operator.py
[2023-11-04 14:09:55,476] {processor.py:654} INFO - DAG(s) dict_keys(['example_branch_operator']) retrieved from /home/airflow/.local/lib/python3.8/site-packages/airflow/example_dags/example_branch_operator.py
[2023-11-04 14:09:55,491] {logging_mixin.py:109} INFO - [2023-11-04 14:09:55,491] {dag.py:2398} INFO - Sync 1 DAGs
[2023-11-04 14:09:55,513] {logging_mixin.py:109} INFO - [2023-11-04 14:09:55,513] {dag.py:2937} INFO - Setting next_dagrun for example_branch_operator to 2023-11-03 00:00:00+00:00
[2023-11-04 14:09:55,523] {processor.py:171} INFO - Processing /home/airflow/.local/lib/python3.8/site-packages/airflow/example_dags/example_branch_operator.py took 0.109 seconds
[2023-11-04 14:10:26,643] {processor.py:163} INFO - Started process (PID=625) to work on /home/airflow/.local/lib/python3.8/site-packages/airflow/example_dags/example_branch_operator.py
[2023-11-04 14:10:26,645] {processor.py:642} INFO - Processing file /home/airflow/.local/lib/python3.8/site-packages/airflow/example_dags/example_branch_operator.py for tasks to queue
[2023-11-04 14:10:26,646] {logging_mixin.py:109} INFO - [2023-11-04 14:10:26,646] {dagbag.py:500} INFO - Filling up the DagBag from /home/airflow/.local/lib/python3.8/site-packages/airflow/example_dags/example_branch_operator.py
[2023-11-04 14:10:26,702] {processor.py:654} INFO - DAG(s) dict_keys(['example_branch_operator']) retrieved from /home/airflow/.local/lib/python3.8/site-packages/airflow/example_dags/example_branch_operator.py
[2023-11-04 14:10:26,722] {logging_mixin.py:109} INFO - [2023-11-04 14:10:26,722] {dag.py:2398} INFO - Sync 1 DAGs
[2023-11-04 14:10:26,754] {logging_mixin.py:109} INFO - [2023-11-04 14:10:26,754] {dag.py:2937} INFO - Setting next_dagrun for example_branch_operator to 2023-11-03 00:00:00+00:00
[2023-11-04 14:10:26,772] {processor.py:171} INFO - Processing /home/airflow/.local/lib/python3.8/site-packages/airflow/example_dags/example_branch_operator.py took 0.134 seconds
[2023-11-04 14:11:51,068] {processor.py:163} INFO - Started process (PID=58) to work on /home/airflow/.local/lib/python3.8/site-packages/airflow/example_dags/example_branch_operator.py
[2023-11-04 14:11:51,071] {processor.py:642} INFO - Processing file /home/airflow/.local/lib/python3.8/site-packages/airflow/example_dags/example_branch_operator.py for tasks to queue
[2023-11-04 14:11:51,073] {logging_mixin.py:109} INFO - [2023-11-04 14:11:51,073] {dagbag.py:500} INFO - Filling up the DagBag from /home/airflow/.local/lib/python3.8/site-packages/airflow/example_dags/example_branch_operator.py
[2023-11-04 14:11:51,132] {processor.py:654} INFO - DAG(s) dict_keys(['example_branch_operator']) retrieved from /home/airflow/.local/lib/python3.8/site-packages/airflow/example_dags/example_branch_operator.py
[2023-11-04 14:11:51,149] {logging_mixin.py:109} INFO - [2023-11-04 14:11:51,149] {dag.py:2398} INFO - Sync 1 DAGs
[2023-11-04 14:11:51,178] {logging_mixin.py:109} INFO - [2023-11-04 14:11:51,178] {dag.py:2937} INFO - Setting next_dagrun for example_branch_operator to 2023-11-03 00:00:00+00:00
[2023-11-04 14:11:51,190] {processor.py:171} INFO - Processing /home/airflow/.local/lib/python3.8/site-packages/airflow/example_dags/example_branch_operator.py took 0.127 seconds
[2023-11-04 14:12:21,681] {processor.py:163} INFO - Started process (PID=106) to work on /home/airflow/.local/lib/python3.8/site-packages/airflow/example_dags/example_branch_operator.py
[2023-11-04 14:12:21,685] {processor.py:642} INFO - Processing file /home/airflow/.local/lib/python3.8/site-packages/airflow/example_dags/example_branch_operator.py for tasks to queue
[2023-11-04 14:12:21,687] {logging_mixin.py:109} INFO - [2023-11-04 14:12:21,687] {dagbag.py:500} INFO - Filling up the DagBag from /home/airflow/.local/lib/python3.8/site-packages/airflow/example_dags/example_branch_operator.py
[2023-11-04 14:12:21,743] {processor.py:654} INFO - DAG(s) dict_keys(['example_branch_operator']) retrieved from /home/airflow/.local/lib/python3.8/site-packages/airflow/example_dags/example_branch_operator.py
[2023-11-04 14:12:21,765] {logging_mixin.py:109} INFO - [2023-11-04 14:12:21,765] {dag.py:2398} INFO - Sync 1 DAGs
[2023-11-04 14:12:21,792] {logging_mixin.py:109} INFO - [2023-11-04 14:12:21,792] {dag.py:2937} INFO - Setting next_dagrun for example_branch_operator to 2023-11-03 00:00:00+00:00
[2023-11-04 14:12:21,807] {processor.py:171} INFO - Processing /home/airflow/.local/lib/python3.8/site-packages/airflow/example_dags/example_branch_operator.py took 0.131 seconds
[2023-11-04 14:12:53,037] {processor.py:163} INFO - Started process (PID=163) to work on /home/airflow/.local/lib/python3.8/site-packages/airflow/example_dags/example_branch_operator.py
[2023-11-04 14:12:53,040] {processor.py:642} INFO - Processing file /home/airflow/.local/lib/python3.8/site-packages/airflow/example_dags/example_branch_operator.py for tasks to queue
[2023-11-04 14:12:53,041] {logging_mixin.py:109} INFO - [2023-11-04 14:12:53,041] {dagbag.py:500} INFO - Filling up the DagBag from /home/airflow/.local/lib/python3.8/site-packages/airflow/example_dags/example_branch_operator.py
[2023-11-04 14:12:53,097] {processor.py:654} INFO - DAG(s) dict_keys(['example_branch_operator']) retrieved from /home/airflow/.local/lib/python3.8/site-packages/airflow/example_dags/example_branch_operator.py
[2023-11-04 14:12:53,114] {logging_mixin.py:109} INFO - [2023-11-04 14:12:53,114] {dag.py:2398} INFO - Sync 1 DAGs
[2023-11-04 14:12:53,139] {logging_mixin.py:109} INFO - [2023-11-04 14:12:53,139] {dag.py:2937} INFO - Setting next_dagrun for example_branch_operator to 2023-11-03 00:00:00+00:00
[2023-11-04 14:12:53,151] {processor.py:171} INFO - Processing /home/airflow/.local/lib/python3.8/site-packages/airflow/example_dags/example_branch_operator.py took 0.120 seconds
[2023-11-04 14:13:23,670] {processor.py:163} INFO - Started process (PID=212) to work on /home/airflow/.local/lib/python3.8/site-packages/airflow/example_dags/example_branch_operator.py
[2023-11-04 14:13:23,673] {processor.py:642} INFO - Processing file /home/airflow/.local/lib/python3.8/site-packages/airflow/example_dags/example_branch_operator.py for tasks to queue
[2023-11-04 14:13:23,675] {logging_mixin.py:109} INFO - [2023-11-04 14:13:23,675] {dagbag.py:500} INFO - Filling up the DagBag from /home/airflow/.local/lib/python3.8/site-packages/airflow/example_dags/example_branch_operator.py
[2023-11-04 14:13:23,767] {processor.py:654} INFO - DAG(s) dict_keys(['example_branch_operator']) retrieved from /home/airflow/.local/lib/python3.8/site-packages/airflow/example_dags/example_branch_operator.py
[2023-11-04 14:13:23,786] {logging_mixin.py:109} INFO - [2023-11-04 14:13:23,786] {dag.py:2398} INFO - Sync 1 DAGs
[2023-11-04 14:13:23,809] {logging_mixin.py:109} INFO - [2023-11-04 14:13:23,809] {dag.py:2937} INFO - Setting next_dagrun for example_branch_operator to 2023-11-03 00:00:00+00:00
[2023-11-04 14:13:23,821] {processor.py:171} INFO - Processing /home/airflow/.local/lib/python3.8/site-packages/airflow/example_dags/example_branch_operator.py took 0.157 seconds
[2023-11-04 14:13:54,608] {processor.py:163} INFO - Started process (PID=270) to work on /home/airflow/.local/lib/python3.8/site-packages/airflow/example_dags/example_branch_operator.py
[2023-11-04 14:13:54,614] {processor.py:642} INFO - Processing file /home/airflow/.local/lib/python3.8/site-packages/airflow/example_dags/example_branch_operator.py for tasks to queue
[2023-11-04 14:13:54,617] {logging_mixin.py:109} INFO - [2023-11-04 14:13:54,617] {dagbag.py:500} INFO - Filling up the DagBag from /home/airflow/.local/lib/python3.8/site-packages/airflow/example_dags/example_branch_operator.py
[2023-11-04 14:13:54,681] {processor.py:654} INFO - DAG(s) dict_keys(['example_branch_operator']) retrieved from /home/airflow/.local/lib/python3.8/site-packages/airflow/example_dags/example_branch_operator.py
[2023-11-04 14:13:54,700] {logging_mixin.py:109} INFO - [2023-11-04 14:13:54,699] {dag.py:2398} INFO - Sync 1 DAGs
[2023-11-04 14:13:54,725] {logging_mixin.py:109} INFO - [2023-11-04 14:13:54,725] {dag.py:2937} INFO - Setting next_dagrun for example_branch_operator to 2023-11-03 00:00:00+00:00
[2023-11-04 14:13:54,740] {processor.py:171} INFO - Processing /home/airflow/.local/lib/python3.8/site-packages/airflow/example_dags/example_branch_operator.py took 0.139 seconds
[2023-11-04 14:14:24,968] {processor.py:163} INFO - Started process (PID=319) to work on /home/airflow/.local/lib/python3.8/site-packages/airflow/example_dags/example_branch_operator.py
[2023-11-04 14:14:24,970] {processor.py:642} INFO - Processing file /home/airflow/.local/lib/python3.8/site-packages/airflow/example_dags/example_branch_operator.py for tasks to queue
[2023-11-04 14:14:24,972] {logging_mixin.py:109} INFO - [2023-11-04 14:14:24,972] {dagbag.py:500} INFO - Filling up the DagBag from /home/airflow/.local/lib/python3.8/site-packages/airflow/example_dags/example_branch_operator.py
[2023-11-04 14:14:25,028] {processor.py:654} INFO - DAG(s) dict_keys(['example_branch_operator']) retrieved from /home/airflow/.local/lib/python3.8/site-packages/airflow/example_dags/example_branch_operator.py
[2023-11-04 14:14:25,046] {logging_mixin.py:109} INFO - [2023-11-04 14:14:25,046] {dag.py:2398} INFO - Sync 1 DAGs
[2023-11-04 14:14:25,070] {logging_mixin.py:109} INFO - [2023-11-04 14:14:25,070] {dag.py:2937} INFO - Setting next_dagrun for example_branch_operator to 2023-11-03 00:00:00+00:00
[2023-11-04 14:14:25,084] {processor.py:171} INFO - Processing /home/airflow/.local/lib/python3.8/site-packages/airflow/example_dags/example_branch_operator.py took 0.121 seconds
[2023-11-04 14:14:55,432] {processor.py:163} INFO - Started process (PID=367) to work on /home/airflow/.local/lib/python3.8/site-packages/airflow/example_dags/example_branch_operator.py
[2023-11-04 14:14:55,435] {processor.py:642} INFO - Processing file /home/airflow/.local/lib/python3.8/site-packages/airflow/example_dags/example_branch_operator.py for tasks to queue
[2023-11-04 14:14:55,437] {logging_mixin.py:109} INFO - [2023-11-04 14:14:55,437] {dagbag.py:500} INFO - Filling up the DagBag from /home/airflow/.local/lib/python3.8/site-packages/airflow/example_dags/example_branch_operator.py
[2023-11-04 14:14:55,491] {processor.py:654} INFO - DAG(s) dict_keys(['example_branch_operator']) retrieved from /home/airflow/.local/lib/python3.8/site-packages/airflow/example_dags/example_branch_operator.py
[2023-11-04 14:14:55,506] {logging_mixin.py:109} INFO - [2023-11-04 14:14:55,506] {dag.py:2398} INFO - Sync 1 DAGs
[2023-11-04 14:14:55,535] {logging_mixin.py:109} INFO - [2023-11-04 14:14:55,535] {dag.py:2937} INFO - Setting next_dagrun for example_branch_operator to 2023-11-03 00:00:00+00:00
[2023-11-04 14:14:55,549] {processor.py:171} INFO - Processing /home/airflow/.local/lib/python3.8/site-packages/airflow/example_dags/example_branch_operator.py took 0.123 seconds
[2023-11-04 14:15:25,878] {processor.py:163} INFO - Started process (PID=424) to work on /home/airflow/.local/lib/python3.8/site-packages/airflow/example_dags/example_branch_operator.py
[2023-11-04 14:15:25,881] {processor.py:642} INFO - Processing file /home/airflow/.local/lib/python3.8/site-packages/airflow/example_dags/example_branch_operator.py for tasks to queue
[2023-11-04 14:15:25,883] {logging_mixin.py:109} INFO - [2023-11-04 14:15:25,882] {dagbag.py:500} INFO - Filling up the DagBag from /home/airflow/.local/lib/python3.8/site-packages/airflow/example_dags/example_branch_operator.py
[2023-11-04 14:15:25,934] {processor.py:654} INFO - DAG(s) dict_keys(['example_branch_operator']) retrieved from /home/airflow/.local/lib/python3.8/site-packages/airflow/example_dags/example_branch_operator.py
[2023-11-04 14:15:25,949] {logging_mixin.py:109} INFO - [2023-11-04 14:15:25,949] {dag.py:2398} INFO - Sync 1 DAGs
[2023-11-04 14:15:25,971] {logging_mixin.py:109} INFO - [2023-11-04 14:15:25,971] {dag.py:2937} INFO - Setting next_dagrun for example_branch_operator to 2023-11-03 00:00:00+00:00
[2023-11-04 14:15:25,984] {processor.py:171} INFO - Processing /home/airflow/.local/lib/python3.8/site-packages/airflow/example_dags/example_branch_operator.py took 0.111 seconds
[2023-11-04 14:15:56,194] {processor.py:163} INFO - Started process (PID=473) to work on /home/airflow/.local/lib/python3.8/site-packages/airflow/example_dags/example_branch_operator.py
[2023-11-04 14:15:56,196] {processor.py:642} INFO - Processing file /home/airflow/.local/lib/python3.8/site-packages/airflow/example_dags/example_branch_operator.py for tasks to queue
[2023-11-04 14:15:56,198] {logging_mixin.py:109} INFO - [2023-11-04 14:15:56,198] {dagbag.py:500} INFO - Filling up the DagBag from /home/airflow/.local/lib/python3.8/site-packages/airflow/example_dags/example_branch_operator.py
[2023-11-04 14:15:56,247] {processor.py:654} INFO - DAG(s) dict_keys(['example_branch_operator']) retrieved from /home/airflow/.local/lib/python3.8/site-packages/airflow/example_dags/example_branch_operator.py
[2023-11-04 14:15:56,263] {logging_mixin.py:109} INFO - [2023-11-04 14:15:56,263] {dag.py:2398} INFO - Sync 1 DAGs
[2023-11-04 14:15:56,285] {logging_mixin.py:109} INFO - [2023-11-04 14:15:56,285] {dag.py:2937} INFO - Setting next_dagrun for example_branch_operator to 2023-11-03 00:00:00+00:00
[2023-11-04 14:15:56,297] {processor.py:171} INFO - Processing /home/airflow/.local/lib/python3.8/site-packages/airflow/example_dags/example_branch_operator.py took 0.108 seconds
[2023-11-04 14:16:27,487] {processor.py:163} INFO - Started process (PID=530) to work on /home/airflow/.local/lib/python3.8/site-packages/airflow/example_dags/example_branch_operator.py
[2023-11-04 14:16:27,491] {processor.py:642} INFO - Processing file /home/airflow/.local/lib/python3.8/site-packages/airflow/example_dags/example_branch_operator.py for tasks to queue
[2023-11-04 14:16:27,494] {logging_mixin.py:109} INFO - [2023-11-04 14:16:27,493] {dagbag.py:500} INFO - Filling up the DagBag from /home/airflow/.local/lib/python3.8/site-packages/airflow/example_dags/example_branch_operator.py
[2023-11-04 14:16:27,551] {processor.py:654} INFO - DAG(s) dict_keys(['example_branch_operator']) retrieved from /home/airflow/.local/lib/python3.8/site-packages/airflow/example_dags/example_branch_operator.py
[2023-11-04 14:16:27,570] {logging_mixin.py:109} INFO - [2023-11-04 14:16:27,570] {dag.py:2398} INFO - Sync 1 DAGs
[2023-11-04 14:16:27,598] {logging_mixin.py:109} INFO - [2023-11-04 14:16:27,598] {dag.py:2937} INFO - Setting next_dagrun for example_branch_operator to 2023-11-03 00:00:00+00:00
[2023-11-04 14:16:27,611] {processor.py:171} INFO - Processing /home/airflow/.local/lib/python3.8/site-packages/airflow/example_dags/example_branch_operator.py took 0.132 seconds
[2023-11-04 14:16:58,247] {processor.py:163} INFO - Started process (PID=579) to work on /home/airflow/.local/lib/python3.8/site-packages/airflow/example_dags/example_branch_operator.py
[2023-11-04 14:16:58,249] {processor.py:642} INFO - Processing file /home/airflow/.local/lib/python3.8/site-packages/airflow/example_dags/example_branch_operator.py for tasks to queue
[2023-11-04 14:16:58,251] {logging_mixin.py:109} INFO - [2023-11-04 14:16:58,251] {dagbag.py:500} INFO - Filling up the DagBag from /home/airflow/.local/lib/python3.8/site-packages/airflow/example_dags/example_branch_operator.py
[2023-11-04 14:16:58,305] {processor.py:654} INFO - DAG(s) dict_keys(['example_branch_operator']) retrieved from /home/airflow/.local/lib/python3.8/site-packages/airflow/example_dags/example_branch_operator.py
[2023-11-04 14:16:58,322] {logging_mixin.py:109} INFO - [2023-11-04 14:16:58,321] {dag.py:2398} INFO - Sync 1 DAGs
[2023-11-04 14:16:58,346] {logging_mixin.py:109} INFO - [2023-11-04 14:16:58,346] {dag.py:2937} INFO - Setting next_dagrun for example_branch_operator to 2023-11-03 00:00:00+00:00
[2023-11-04 14:16:58,361] {processor.py:171} INFO - Processing /home/airflow/.local/lib/python3.8/site-packages/airflow/example_dags/example_branch_operator.py took 0.120 seconds
[2023-11-04 14:17:29,537] {processor.py:163} INFO - Started process (PID=628) to work on /home/airflow/.local/lib/python3.8/site-packages/airflow/example_dags/example_branch_operator.py
[2023-11-04 14:17:29,541] {processor.py:642} INFO - Processing file /home/airflow/.local/lib/python3.8/site-packages/airflow/example_dags/example_branch_operator.py for tasks to queue
[2023-11-04 14:17:29,543] {logging_mixin.py:109} INFO - [2023-11-04 14:17:29,543] {dagbag.py:500} INFO - Filling up the DagBag from /home/airflow/.local/lib/python3.8/site-packages/airflow/example_dags/example_branch_operator.py
[2023-11-04 14:17:29,598] {processor.py:654} INFO - DAG(s) dict_keys(['example_branch_operator']) retrieved from /home/airflow/.local/lib/python3.8/site-packages/airflow/example_dags/example_branch_operator.py
[2023-11-04 14:17:29,613] {logging_mixin.py:109} INFO - [2023-11-04 14:17:29,612] {dag.py:2398} INFO - Sync 1 DAGs
[2023-11-04 14:17:29,636] {logging_mixin.py:109} INFO - [2023-11-04 14:17:29,635] {dag.py:2937} INFO - Setting next_dagrun for example_branch_operator to 2023-11-03 00:00:00+00:00
[2023-11-04 14:17:29,648] {processor.py:171} INFO - Processing /home/airflow/.local/lib/python3.8/site-packages/airflow/example_dags/example_branch_operator.py took 0.124 seconds
[2023-11-04 14:18:00,260] {processor.py:163} INFO - Started process (PID=686) to work on /home/airflow/.local/lib/python3.8/site-packages/airflow/example_dags/example_branch_operator.py
[2023-11-04 14:18:00,264] {processor.py:642} INFO - Processing file /home/airflow/.local/lib/python3.8/site-packages/airflow/example_dags/example_branch_operator.py for tasks to queue
[2023-11-04 14:18:00,265] {logging_mixin.py:109} INFO - [2023-11-04 14:18:00,265] {dagbag.py:500} INFO - Filling up the DagBag from /home/airflow/.local/lib/python3.8/site-packages/airflow/example_dags/example_branch_operator.py
[2023-11-04 14:18:00,333] {processor.py:654} INFO - DAG(s) dict_keys(['example_branch_operator']) retrieved from /home/airflow/.local/lib/python3.8/site-packages/airflow/example_dags/example_branch_operator.py
[2023-11-04 14:18:00,354] {logging_mixin.py:109} INFO - [2023-11-04 14:18:00,354] {dag.py:2398} INFO - Sync 1 DAGs
[2023-11-04 14:18:00,379] {logging_mixin.py:109} INFO - [2023-11-04 14:18:00,379] {dag.py:2937} INFO - Setting next_dagrun for example_branch_operator to 2023-11-03 00:00:00+00:00
[2023-11-04 14:18:00,393] {processor.py:171} INFO - Processing /home/airflow/.local/lib/python3.8/site-packages/airflow/example_dags/example_branch_operator.py took 0.139 seconds
[2023-11-04 14:18:31,131] {processor.py:163} INFO - Started process (PID=735) to work on /home/airflow/.local/lib/python3.8/site-packages/airflow/example_dags/example_branch_operator.py
[2023-11-04 14:18:31,134] {processor.py:642} INFO - Processing file /home/airflow/.local/lib/python3.8/site-packages/airflow/example_dags/example_branch_operator.py for tasks to queue
[2023-11-04 14:18:31,136] {logging_mixin.py:109} INFO - [2023-11-04 14:18:31,135] {dagbag.py:500} INFO - Filling up the DagBag from /home/airflow/.local/lib/python3.8/site-packages/airflow/example_dags/example_branch_operator.py
[2023-11-04 14:18:31,184] {processor.py:654} INFO - DAG(s) dict_keys(['example_branch_operator']) retrieved from /home/airflow/.local/lib/python3.8/site-packages/airflow/example_dags/example_branch_operator.py
[2023-11-04 14:18:31,199] {logging_mixin.py:109} INFO - [2023-11-04 14:18:31,199] {dag.py:2398} INFO - Sync 1 DAGs
[2023-11-04 14:18:31,221] {logging_mixin.py:109} INFO - [2023-11-04 14:18:31,221] {dag.py:2937} INFO - Setting next_dagrun for example_branch_operator to 2023-11-03 00:00:00+00:00
[2023-11-04 14:18:31,233] {processor.py:171} INFO - Processing /home/airflow/.local/lib/python3.8/site-packages/airflow/example_dags/example_branch_operator.py took 0.107 seconds
[2023-11-04 14:19:02,398] {processor.py:163} INFO - Started process (PID=791) to work on /home/airflow/.local/lib/python3.8/site-packages/airflow/example_dags/example_branch_operator.py
[2023-11-04 14:19:02,400] {processor.py:642} INFO - Processing file /home/airflow/.local/lib/python3.8/site-packages/airflow/example_dags/example_branch_operator.py for tasks to queue
[2023-11-04 14:19:02,403] {logging_mixin.py:109} INFO - [2023-11-04 14:19:02,403] {dagbag.py:500} INFO - Filling up the DagBag from /home/airflow/.local/lib/python3.8/site-packages/airflow/example_dags/example_branch_operator.py
[2023-11-04 14:19:02,461] {processor.py:654} INFO - DAG(s) dict_keys(['example_branch_operator']) retrieved from /home/airflow/.local/lib/python3.8/site-packages/airflow/example_dags/example_branch_operator.py
[2023-11-04 14:19:02,479] {logging_mixin.py:109} INFO - [2023-11-04 14:19:02,479] {dag.py:2398} INFO - Sync 1 DAGs
[2023-11-04 14:19:02,508] {logging_mixin.py:109} INFO - [2023-11-04 14:19:02,508] {dag.py:2937} INFO - Setting next_dagrun for example_branch_operator to 2023-11-03 00:00:00+00:00
[2023-11-04 14:19:02,524] {processor.py:171} INFO - Processing /home/airflow/.local/lib/python3.8/site-packages/airflow/example_dags/example_branch_operator.py took 0.131 seconds
[2023-11-04 14:19:33,873] {processor.py:163} INFO - Started process (PID=841) to work on /home/airflow/.local/lib/python3.8/site-packages/airflow/example_dags/example_branch_operator.py
[2023-11-04 14:19:33,876] {processor.py:642} INFO - Processing file /home/airflow/.local/lib/python3.8/site-packages/airflow/example_dags/example_branch_operator.py for tasks to queue
[2023-11-04 14:19:33,877] {logging_mixin.py:109} INFO - [2023-11-04 14:19:33,877] {dagbag.py:500} INFO - Filling up the DagBag from /home/airflow/.local/lib/python3.8/site-packages/airflow/example_dags/example_branch_operator.py
[2023-11-04 14:19:33,935] {processor.py:654} INFO - DAG(s) dict_keys(['example_branch_operator']) retrieved from /home/airflow/.local/lib/python3.8/site-packages/airflow/example_dags/example_branch_operator.py
[2023-11-04 14:19:33,958] {logging_mixin.py:109} INFO - [2023-11-04 14:19:33,958] {dag.py:2398} INFO - Sync 1 DAGs
[2023-11-04 14:19:33,983] {logging_mixin.py:109} INFO - [2023-11-04 14:19:33,982] {dag.py:2937} INFO - Setting next_dagrun for example_branch_operator to 2023-11-03 00:00:00+00:00
[2023-11-04 14:19:33,997] {processor.py:171} INFO - Processing /home/airflow/.local/lib/python3.8/site-packages/airflow/example_dags/example_branch_operator.py took 0.130 seconds
[2023-11-04 14:20:04,527] {processor.py:163} INFO - Started process (PID=891) to work on /home/airflow/.local/lib/python3.8/site-packages/airflow/example_dags/example_branch_operator.py
[2023-11-04 14:20:04,529] {processor.py:642} INFO - Processing file /home/airflow/.local/lib/python3.8/site-packages/airflow/example_dags/example_branch_operator.py for tasks to queue
[2023-11-04 14:20:04,550] {logging_mixin.py:109} INFO - [2023-11-04 14:20:04,549] {dagbag.py:500} INFO - Filling up the DagBag from /home/airflow/.local/lib/python3.8/site-packages/airflow/example_dags/example_branch_operator.py
[2023-11-04 14:20:04,600] {processor.py:654} INFO - DAG(s) dict_keys(['example_branch_operator']) retrieved from /home/airflow/.local/lib/python3.8/site-packages/airflow/example_dags/example_branch_operator.py
[2023-11-04 14:20:04,616] {logging_mixin.py:109} INFO - [2023-11-04 14:20:04,616] {dag.py:2398} INFO - Sync 1 DAGs
[2023-11-04 14:20:04,639] {logging_mixin.py:109} INFO - [2023-11-04 14:20:04,639] {dag.py:2937} INFO - Setting next_dagrun for example_branch_operator to 2023-11-03 00:00:00+00:00
[2023-11-04 14:20:04,653] {processor.py:171} INFO - Processing /home/airflow/.local/lib/python3.8/site-packages/airflow/example_dags/example_branch_operator.py took 0.132 seconds
[2023-11-04 14:20:35,247] {processor.py:163} INFO - Started process (PID=949) to work on /home/airflow/.local/lib/python3.8/site-packages/airflow/example_dags/example_branch_operator.py
[2023-11-04 14:20:35,249] {processor.py:642} INFO - Processing file /home/airflow/.local/lib/python3.8/site-packages/airflow/example_dags/example_branch_operator.py for tasks to queue
[2023-11-04 14:20:35,251] {logging_mixin.py:109} INFO - [2023-11-04 14:20:35,251] {dagbag.py:500} INFO - Filling up the DagBag from /home/airflow/.local/lib/python3.8/site-packages/airflow/example_dags/example_branch_operator.py
[2023-11-04 14:20:35,314] {processor.py:654} INFO - DAG(s) dict_keys(['example_branch_operator']) retrieved from /home/airflow/.local/lib/python3.8/site-packages/airflow/example_dags/example_branch_operator.py
[2023-11-04 14:20:35,330] {logging_mixin.py:109} INFO - [2023-11-04 14:20:35,330] {dag.py:2398} INFO - Sync 1 DAGs
[2023-11-04 14:20:35,354] {logging_mixin.py:109} INFO - [2023-11-04 14:20:35,354] {dag.py:2937} INFO - Setting next_dagrun for example_branch_operator to 2023-11-03 00:00:00+00:00
[2023-11-04 14:20:35,368] {processor.py:171} INFO - Processing /home/airflow/.local/lib/python3.8/site-packages/airflow/example_dags/example_branch_operator.py took 0.127 seconds
[2023-11-04 14:21:06,289] {processor.py:163} INFO - Started process (PID=999) to work on /home/airflow/.local/lib/python3.8/site-packages/airflow/example_dags/example_branch_operator.py
[2023-11-04 14:21:06,292] {processor.py:642} INFO - Processing file /home/airflow/.local/lib/python3.8/site-packages/airflow/example_dags/example_branch_operator.py for tasks to queue
[2023-11-04 14:21:06,294] {logging_mixin.py:109} INFO - [2023-11-04 14:21:06,294] {dagbag.py:500} INFO - Filling up the DagBag from /home/airflow/.local/lib/python3.8/site-packages/airflow/example_dags/example_branch_operator.py
[2023-11-04 14:21:06,344] {processor.py:654} INFO - DAG(s) dict_keys(['example_branch_operator']) retrieved from /home/airflow/.local/lib/python3.8/site-packages/airflow/example_dags/example_branch_operator.py
[2023-11-04 14:21:06,360] {logging_mixin.py:109} INFO - [2023-11-04 14:21:06,360] {dag.py:2398} INFO - Sync 1 DAGs
[2023-11-04 14:21:06,386] {logging_mixin.py:109} INFO - [2023-11-04 14:21:06,386] {dag.py:2937} INFO - Setting next_dagrun for example_branch_operator to 2023-11-03 00:00:00+00:00
[2023-11-04 14:21:06,399] {processor.py:171} INFO - Processing /home/airflow/.local/lib/python3.8/site-packages/airflow/example_dags/example_branch_operator.py took 0.117 seconds
[2023-11-04 14:21:36,835] {processor.py:163} INFO - Started process (PID=1050) to work on /home/airflow/.local/lib/python3.8/site-packages/airflow/example_dags/example_branch_operator.py
[2023-11-04 14:21:36,838] {processor.py:642} INFO - Processing file /home/airflow/.local/lib/python3.8/site-packages/airflow/example_dags/example_branch_operator.py for tasks to queue
[2023-11-04 14:21:36,839] {logging_mixin.py:109} INFO - [2023-11-04 14:21:36,839] {dagbag.py:500} INFO - Filling up the DagBag from /home/airflow/.local/lib/python3.8/site-packages/airflow/example_dags/example_branch_operator.py
[2023-11-04 14:21:36,891] {processor.py:654} INFO - DAG(s) dict_keys(['example_branch_operator']) retrieved from /home/airflow/.local/lib/python3.8/site-packages/airflow/example_dags/example_branch_operator.py
[2023-11-04 14:21:36,910] {logging_mixin.py:109} INFO - [2023-11-04 14:21:36,910] {dag.py:2398} INFO - Sync 1 DAGs
[2023-11-04 14:21:36,939] {logging_mixin.py:109} INFO - [2023-11-04 14:21:36,938] {dag.py:2937} INFO - Setting next_dagrun for example_branch_operator to 2023-11-03 00:00:00+00:00
[2023-11-04 14:21:36,955] {processor.py:171} INFO - Processing /home/airflow/.local/lib/python3.8/site-packages/airflow/example_dags/example_branch_operator.py took 0.126 seconds
[2023-11-04 14:22:07,977] {processor.py:163} INFO - Started process (PID=1107) to work on /home/airflow/.local/lib/python3.8/site-packages/airflow/example_dags/example_branch_operator.py
[2023-11-04 14:22:07,979] {processor.py:642} INFO - Processing file /home/airflow/.local/lib/python3.8/site-packages/airflow/example_dags/example_branch_operator.py for tasks to queue
[2023-11-04 14:22:07,981] {logging_mixin.py:109} INFO - [2023-11-04 14:22:07,980] {dagbag.py:500} INFO - Filling up the DagBag from /home/airflow/.local/lib/python3.8/site-packages/airflow/example_dags/example_branch_operator.py
[2023-11-04 14:22:08,030] {processor.py:654} INFO - DAG(s) dict_keys(['example_branch_operator']) retrieved from /home/airflow/.local/lib/python3.8/site-packages/airflow/example_dags/example_branch_operator.py
[2023-11-04 14:22:08,049] {logging_mixin.py:109} INFO - [2023-11-04 14:22:08,049] {dag.py:2398} INFO - Sync 1 DAGs
[2023-11-04 14:22:08,073] {logging_mixin.py:109} INFO - [2023-11-04 14:22:08,073] {dag.py:2937} INFO - Setting next_dagrun for example_branch_operator to 2023-11-03 00:00:00+00:00
[2023-11-04 14:22:08,086] {processor.py:171} INFO - Processing /home/airflow/.local/lib/python3.8/site-packages/airflow/example_dags/example_branch_operator.py took 0.114 seconds
[2023-11-04 14:22:38,976] {processor.py:163} INFO - Started process (PID=1156) to work on /home/airflow/.local/lib/python3.8/site-packages/airflow/example_dags/example_branch_operator.py
[2023-11-04 14:22:38,978] {processor.py:642} INFO - Processing file /home/airflow/.local/lib/python3.8/site-packages/airflow/example_dags/example_branch_operator.py for tasks to queue
[2023-11-04 14:22:38,980] {logging_mixin.py:109} INFO - [2023-11-04 14:22:38,980] {dagbag.py:500} INFO - Filling up the DagBag from /home/airflow/.local/lib/python3.8/site-packages/airflow/example_dags/example_branch_operator.py
[2023-11-04 14:22:39,028] {processor.py:654} INFO - DAG(s) dict_keys(['example_branch_operator']) retrieved from /home/airflow/.local/lib/python3.8/site-packages/airflow/example_dags/example_branch_operator.py
[2023-11-04 14:22:39,045] {logging_mixin.py:109} INFO - [2023-11-04 14:22:39,044] {dag.py:2398} INFO - Sync 1 DAGs
[2023-11-04 14:22:39,066] {logging_mixin.py:109} INFO - [2023-11-04 14:22:39,066] {dag.py:2937} INFO - Setting next_dagrun for example_branch_operator to 2023-11-03 00:00:00+00:00
[2023-11-04 14:22:39,078] {processor.py:171} INFO - Processing /home/airflow/.local/lib/python3.8/site-packages/airflow/example_dags/example_branch_operator.py took 0.107 seconds
[2023-11-04 14:23:10,840] {processor.py:163} INFO - Started process (PID=1213) to work on /home/airflow/.local/lib/python3.8/site-packages/airflow/example_dags/example_branch_operator.py
[2023-11-04 14:23:10,843] {processor.py:642} INFO - Processing file /home/airflow/.local/lib/python3.8/site-packages/airflow/example_dags/example_branch_operator.py for tasks to queue
[2023-11-04 14:23:10,845] {logging_mixin.py:109} INFO - [2023-11-04 14:23:10,845] {dagbag.py:500} INFO - Filling up the DagBag from /home/airflow/.local/lib/python3.8/site-packages/airflow/example_dags/example_branch_operator.py
[2023-11-04 14:23:10,911] {processor.py:654} INFO - DAG(s) dict_keys(['example_branch_operator']) retrieved from /home/airflow/.local/lib/python3.8/site-packages/airflow/example_dags/example_branch_operator.py
[2023-11-04 14:23:10,931] {logging_mixin.py:109} INFO - [2023-11-04 14:23:10,931] {dag.py:2398} INFO - Sync 1 DAGs
[2023-11-04 14:23:10,961] {logging_mixin.py:109} INFO - [2023-11-04 14:23:10,961] {dag.py:2937} INFO - Setting next_dagrun for example_branch_operator to 2023-11-03 00:00:00+00:00
[2023-11-04 14:23:10,972] {processor.py:171} INFO - Processing /home/airflow/.local/lib/python3.8/site-packages/airflow/example_dags/example_branch_operator.py took 0.145 seconds
[2023-11-04 14:23:41,711] {processor.py:163} INFO - Started process (PID=1262) to work on /home/airflow/.local/lib/python3.8/site-packages/airflow/example_dags/example_branch_operator.py
[2023-11-04 14:23:41,714] {processor.py:642} INFO - Processing file /home/airflow/.local/lib/python3.8/site-packages/airflow/example_dags/example_branch_operator.py for tasks to queue
[2023-11-04 14:23:41,715] {logging_mixin.py:109} INFO - [2023-11-04 14:23:41,715] {dagbag.py:500} INFO - Filling up the DagBag from /home/airflow/.local/lib/python3.8/site-packages/airflow/example_dags/example_branch_operator.py
[2023-11-04 14:23:41,771] {processor.py:654} INFO - DAG(s) dict_keys(['example_branch_operator']) retrieved from /home/airflow/.local/lib/python3.8/site-packages/airflow/example_dags/example_branch_operator.py
[2023-11-04 14:23:41,786] {logging_mixin.py:109} INFO - [2023-11-04 14:23:41,786] {dag.py:2398} INFO - Sync 1 DAGs
[2023-11-04 14:23:41,807] {logging_mixin.py:109} INFO - [2023-11-04 14:23:41,807] {dag.py:2937} INFO - Setting next_dagrun for example_branch_operator to 2023-11-03 00:00:00+00:00
[2023-11-04 14:23:41,819] {processor.py:171} INFO - Processing /home/airflow/.local/lib/python3.8/site-packages/airflow/example_dags/example_branch_operator.py took 0.113 seconds
[2023-11-04 14:24:12,519] {processor.py:163} INFO - Started process (PID=1311) to work on /home/airflow/.local/lib/python3.8/site-packages/airflow/example_dags/example_branch_operator.py
[2023-11-04 14:24:12,521] {processor.py:642} INFO - Processing file /home/airflow/.local/lib/python3.8/site-packages/airflow/example_dags/example_branch_operator.py for tasks to queue
[2023-11-04 14:24:12,523] {logging_mixin.py:109} INFO - [2023-11-04 14:24:12,523] {dagbag.py:500} INFO - Filling up the DagBag from /home/airflow/.local/lib/python3.8/site-packages/airflow/example_dags/example_branch_operator.py
[2023-11-04 14:24:12,576] {processor.py:654} INFO - DAG(s) dict_keys(['example_branch_operator']) retrieved from /home/airflow/.local/lib/python3.8/site-packages/airflow/example_dags/example_branch_operator.py
[2023-11-04 14:24:12,598] {logging_mixin.py:109} INFO - [2023-11-04 14:24:12,598] {dag.py:2398} INFO - Sync 1 DAGs
[2023-11-04 14:24:12,635] {logging_mixin.py:109} INFO - [2023-11-04 14:24:12,635] {dag.py:2937} INFO - Setting next_dagrun for example_branch_operator to 2023-11-03 00:00:00+00:00
[2023-11-04 14:24:12,652] {processor.py:171} INFO - Processing /home/airflow/.local/lib/python3.8/site-packages/airflow/example_dags/example_branch_operator.py took 0.139 seconds
[2023-11-04 14:24:42,914] {processor.py:163} INFO - Started process (PID=1368) to work on /home/airflow/.local/lib/python3.8/site-packages/airflow/example_dags/example_branch_operator.py
[2023-11-04 14:24:42,916] {processor.py:642} INFO - Processing file /home/airflow/.local/lib/python3.8/site-packages/airflow/example_dags/example_branch_operator.py for tasks to queue
[2023-11-04 14:24:42,918] {logging_mixin.py:109} INFO - [2023-11-04 14:24:42,918] {dagbag.py:500} INFO - Filling up the DagBag from /home/airflow/.local/lib/python3.8/site-packages/airflow/example_dags/example_branch_operator.py
[2023-11-04 14:24:42,973] {processor.py:654} INFO - DAG(s) dict_keys(['example_branch_operator']) retrieved from /home/airflow/.local/lib/python3.8/site-packages/airflow/example_dags/example_branch_operator.py
[2023-11-04 14:24:42,988] {logging_mixin.py:109} INFO - [2023-11-04 14:24:42,988] {dag.py:2398} INFO - Sync 1 DAGs
[2023-11-04 14:24:43,013] {logging_mixin.py:109} INFO - [2023-11-04 14:24:43,013] {dag.py:2937} INFO - Setting next_dagrun for example_branch_operator to 2023-11-03 00:00:00+00:00
[2023-11-04 14:24:43,026] {processor.py:171} INFO - Processing /home/airflow/.local/lib/python3.8/site-packages/airflow/example_dags/example_branch_operator.py took 0.117 seconds
[2023-11-04 14:25:13,974] {processor.py:163} INFO - Started process (PID=1417) to work on /home/airflow/.local/lib/python3.8/site-packages/airflow/example_dags/example_branch_operator.py
[2023-11-04 14:25:13,977] {processor.py:642} INFO - Processing file /home/airflow/.local/lib/python3.8/site-packages/airflow/example_dags/example_branch_operator.py for tasks to queue
[2023-11-04 14:25:13,979] {logging_mixin.py:109} INFO - [2023-11-04 14:25:13,979] {dagbag.py:500} INFO - Filling up the DagBag from /home/airflow/.local/lib/python3.8/site-packages/airflow/example_dags/example_branch_operator.py
[2023-11-04 14:25:14,052] {processor.py:654} INFO - DAG(s) dict_keys(['example_branch_operator']) retrieved from /home/airflow/.local/lib/python3.8/site-packages/airflow/example_dags/example_branch_operator.py
[2023-11-04 14:25:14,068] {logging_mixin.py:109} INFO - [2023-11-04 14:25:14,068] {dag.py:2398} INFO - Sync 1 DAGs
[2023-11-04 14:25:14,095] {logging_mixin.py:109} INFO - [2023-11-04 14:25:14,095] {dag.py:2937} INFO - Setting next_dagrun for example_branch_operator to 2023-11-03 00:00:00+00:00
[2023-11-04 14:25:14,120] {processor.py:171} INFO - Processing /home/airflow/.local/lib/python3.8/site-packages/airflow/example_dags/example_branch_operator.py took 0.151 seconds
[2023-11-04 14:25:44,616] {processor.py:163} INFO - Started process (PID=1474) to work on /home/airflow/.local/lib/python3.8/site-packages/airflow/example_dags/example_branch_operator.py
[2023-11-04 14:25:44,618] {processor.py:642} INFO - Processing file /home/airflow/.local/lib/python3.8/site-packages/airflow/example_dags/example_branch_operator.py for tasks to queue
[2023-11-04 14:25:44,620] {logging_mixin.py:109} INFO - [2023-11-04 14:25:44,620] {dagbag.py:500} INFO - Filling up the DagBag from /home/airflow/.local/lib/python3.8/site-packages/airflow/example_dags/example_branch_operator.py
[2023-11-04 14:25:44,669] {processor.py:654} INFO - DAG(s) dict_keys(['example_branch_operator']) retrieved from /home/airflow/.local/lib/python3.8/site-packages/airflow/example_dags/example_branch_operator.py
[2023-11-04 14:25:44,686] {logging_mixin.py:109} INFO - [2023-11-04 14:25:44,685] {dag.py:2398} INFO - Sync 1 DAGs
[2023-11-04 14:25:44,718] {logging_mixin.py:109} INFO - [2023-11-04 14:25:44,718] {dag.py:2937} INFO - Setting next_dagrun for example_branch_operator to 2023-11-03 00:00:00+00:00
[2023-11-04 14:25:44,729] {processor.py:171} INFO - Processing /home/airflow/.local/lib/python3.8/site-packages/airflow/example_dags/example_branch_operator.py took 0.119 seconds
[2023-11-04 14:26:15,566] {processor.py:163} INFO - Started process (PID=1523) to work on /home/airflow/.local/lib/python3.8/site-packages/airflow/example_dags/example_branch_operator.py
[2023-11-04 14:26:15,568] {processor.py:642} INFO - Processing file /home/airflow/.local/lib/python3.8/site-packages/airflow/example_dags/example_branch_operator.py for tasks to queue
[2023-11-04 14:26:15,569] {logging_mixin.py:109} INFO - [2023-11-04 14:26:15,569] {dagbag.py:500} INFO - Filling up the DagBag from /home/airflow/.local/lib/python3.8/site-packages/airflow/example_dags/example_branch_operator.py
[2023-11-04 14:26:15,616] {processor.py:654} INFO - DAG(s) dict_keys(['example_branch_operator']) retrieved from /home/airflow/.local/lib/python3.8/site-packages/airflow/example_dags/example_branch_operator.py
[2023-11-04 14:26:15,635] {logging_mixin.py:109} INFO - [2023-11-04 14:26:15,635] {dag.py:2398} INFO - Sync 1 DAGs
[2023-11-04 14:26:15,663] {logging_mixin.py:109} INFO - [2023-11-04 14:26:15,663] {dag.py:2937} INFO - Setting next_dagrun for example_branch_operator to 2023-11-03 00:00:00+00:00
[2023-11-04 14:26:15,678] {processor.py:171} INFO - Processing /home/airflow/.local/lib/python3.8/site-packages/airflow/example_dags/example_branch_operator.py took 0.118 seconds
[2023-11-04 14:28:10,747] {processor.py:163} INFO - Started process (PID=58) to work on /home/airflow/.local/lib/python3.8/site-packages/airflow/example_dags/example_branch_operator.py
[2023-11-04 14:28:10,749] {processor.py:642} INFO - Processing file /home/airflow/.local/lib/python3.8/site-packages/airflow/example_dags/example_branch_operator.py for tasks to queue
[2023-11-04 14:28:10,751] {logging_mixin.py:109} INFO - [2023-11-04 14:28:10,751] {dagbag.py:500} INFO - Filling up the DagBag from /home/airflow/.local/lib/python3.8/site-packages/airflow/example_dags/example_branch_operator.py
[2023-11-04 14:28:10,805] {processor.py:654} INFO - DAG(s) dict_keys(['example_branch_operator']) retrieved from /home/airflow/.local/lib/python3.8/site-packages/airflow/example_dags/example_branch_operator.py
[2023-11-04 14:28:10,821] {logging_mixin.py:109} INFO - [2023-11-04 14:28:10,821] {dag.py:2398} INFO - Sync 1 DAGs
[2023-11-04 14:28:10,848] {logging_mixin.py:109} INFO - [2023-11-04 14:28:10,848] {dag.py:2937} INFO - Setting next_dagrun for example_branch_operator to 2023-11-03 00:00:00+00:00
[2023-11-04 14:28:10,860] {processor.py:171} INFO - Processing /home/airflow/.local/lib/python3.8/site-packages/airflow/example_dags/example_branch_operator.py took 0.118 seconds
[2023-11-04 14:28:41,119] {processor.py:163} INFO - Started process (PID=108) to work on /home/airflow/.local/lib/python3.8/site-packages/airflow/example_dags/example_branch_operator.py
[2023-11-04 14:28:41,121] {processor.py:642} INFO - Processing file /home/airflow/.local/lib/python3.8/site-packages/airflow/example_dags/example_branch_operator.py for tasks to queue
[2023-11-04 14:28:41,123] {logging_mixin.py:109} INFO - [2023-11-04 14:28:41,123] {dagbag.py:500} INFO - Filling up the DagBag from /home/airflow/.local/lib/python3.8/site-packages/airflow/example_dags/example_branch_operator.py
[2023-11-04 14:28:41,185] {processor.py:654} INFO - DAG(s) dict_keys(['example_branch_operator']) retrieved from /home/airflow/.local/lib/python3.8/site-packages/airflow/example_dags/example_branch_operator.py
[2023-11-04 14:28:41,201] {logging_mixin.py:109} INFO - [2023-11-04 14:28:41,201] {dag.py:2398} INFO - Sync 1 DAGs
[2023-11-04 14:28:41,222] {logging_mixin.py:109} INFO - [2023-11-04 14:28:41,222] {dag.py:2937} INFO - Setting next_dagrun for example_branch_operator to 2023-11-03 00:00:00+00:00
[2023-11-04 14:28:41,236] {processor.py:171} INFO - Processing /home/airflow/.local/lib/python3.8/site-packages/airflow/example_dags/example_branch_operator.py took 0.122 seconds
[2023-11-04 14:29:11,622] {processor.py:163} INFO - Started process (PID=165) to work on /home/airflow/.local/lib/python3.8/site-packages/airflow/example_dags/example_branch_operator.py
[2023-11-04 14:29:11,626] {processor.py:642} INFO - Processing file /home/airflow/.local/lib/python3.8/site-packages/airflow/example_dags/example_branch_operator.py for tasks to queue
[2023-11-04 14:29:11,628] {logging_mixin.py:109} INFO - [2023-11-04 14:29:11,628] {dagbag.py:500} INFO - Filling up the DagBag from /home/airflow/.local/lib/python3.8/site-packages/airflow/example_dags/example_branch_operator.py
[2023-11-04 14:29:11,692] {processor.py:654} INFO - DAG(s) dict_keys(['example_branch_operator']) retrieved from /home/airflow/.local/lib/python3.8/site-packages/airflow/example_dags/example_branch_operator.py
[2023-11-04 14:29:11,711] {logging_mixin.py:109} INFO - [2023-11-04 14:29:11,711] {dag.py:2398} INFO - Sync 1 DAGs
[2023-11-04 14:29:11,735] {logging_mixin.py:109} INFO - [2023-11-04 14:29:11,735] {dag.py:2937} INFO - Setting next_dagrun for example_branch_operator to 2023-11-03 00:00:00+00:00
[2023-11-04 14:29:11,753] {processor.py:171} INFO - Processing /home/airflow/.local/lib/python3.8/site-packages/airflow/example_dags/example_branch_operator.py took 0.139 seconds
[2023-11-04 14:29:42,322] {processor.py:163} INFO - Started process (PID=214) to work on /home/airflow/.local/lib/python3.8/site-packages/airflow/example_dags/example_branch_operator.py
[2023-11-04 14:29:42,326] {processor.py:642} INFO - Processing file /home/airflow/.local/lib/python3.8/site-packages/airflow/example_dags/example_branch_operator.py for tasks to queue
[2023-11-04 14:29:42,327] {logging_mixin.py:109} INFO - [2023-11-04 14:29:42,327] {dagbag.py:500} INFO - Filling up the DagBag from /home/airflow/.local/lib/python3.8/site-packages/airflow/example_dags/example_branch_operator.py
[2023-11-04 14:29:42,384] {processor.py:654} INFO - DAG(s) dict_keys(['example_branch_operator']) retrieved from /home/airflow/.local/lib/python3.8/site-packages/airflow/example_dags/example_branch_operator.py
[2023-11-04 14:29:42,400] {logging_mixin.py:109} INFO - [2023-11-04 14:29:42,399] {dag.py:2398} INFO - Sync 1 DAGs
[2023-11-04 14:29:42,424] {logging_mixin.py:109} INFO - [2023-11-04 14:29:42,424] {dag.py:2937} INFO - Setting next_dagrun for example_branch_operator to 2023-11-03 00:00:00+00:00
[2023-11-04 14:29:42,436] {processor.py:171} INFO - Processing /home/airflow/.local/lib/python3.8/site-packages/airflow/example_dags/example_branch_operator.py took 0.119 seconds
[2023-11-04 14:30:13,399] {processor.py:163} INFO - Started process (PID=270) to work on /home/airflow/.local/lib/python3.8/site-packages/airflow/example_dags/example_branch_operator.py
[2023-11-04 14:30:13,402] {processor.py:642} INFO - Processing file /home/airflow/.local/lib/python3.8/site-packages/airflow/example_dags/example_branch_operator.py for tasks to queue
[2023-11-04 14:30:13,404] {logging_mixin.py:109} INFO - [2023-11-04 14:30:13,404] {dagbag.py:500} INFO - Filling up the DagBag from /home/airflow/.local/lib/python3.8/site-packages/airflow/example_dags/example_branch_operator.py
[2023-11-04 14:30:13,471] {processor.py:654} INFO - DAG(s) dict_keys(['example_branch_operator']) retrieved from /home/airflow/.local/lib/python3.8/site-packages/airflow/example_dags/example_branch_operator.py
[2023-11-04 14:30:13,491] {logging_mixin.py:109} INFO - [2023-11-04 14:30:13,490] {dag.py:2398} INFO - Sync 1 DAGs
[2023-11-04 14:30:13,520] {logging_mixin.py:109} INFO - [2023-11-04 14:30:13,520] {dag.py:2937} INFO - Setting next_dagrun for example_branch_operator to 2023-11-03 00:00:00+00:00
[2023-11-04 14:30:13,535] {processor.py:171} INFO - Processing /home/airflow/.local/lib/python3.8/site-packages/airflow/example_dags/example_branch_operator.py took 0.142 seconds
[2023-11-04 14:30:44,710] {processor.py:163} INFO - Started process (PID=319) to work on /home/airflow/.local/lib/python3.8/site-packages/airflow/example_dags/example_branch_operator.py
[2023-11-04 14:30:44,717] {processor.py:642} INFO - Processing file /home/airflow/.local/lib/python3.8/site-packages/airflow/example_dags/example_branch_operator.py for tasks to queue
[2023-11-04 14:30:44,720] {logging_mixin.py:109} INFO - [2023-11-04 14:30:44,720] {dagbag.py:500} INFO - Filling up the DagBag from /home/airflow/.local/lib/python3.8/site-packages/airflow/example_dags/example_branch_operator.py
[2023-11-04 14:30:44,779] {processor.py:654} INFO - DAG(s) dict_keys(['example_branch_operator']) retrieved from /home/airflow/.local/lib/python3.8/site-packages/airflow/example_dags/example_branch_operator.py
[2023-11-04 14:30:44,797] {logging_mixin.py:109} INFO - [2023-11-04 14:30:44,797] {dag.py:2398} INFO - Sync 1 DAGs
[2023-11-04 14:30:44,826] {logging_mixin.py:109} INFO - [2023-11-04 14:30:44,826] {dag.py:2937} INFO - Setting next_dagrun for example_branch_operator to 2023-11-03 00:00:00+00:00
[2023-11-04 14:30:44,840] {processor.py:171} INFO - Processing /home/airflow/.local/lib/python3.8/site-packages/airflow/example_dags/example_branch_operator.py took 0.139 seconds
