[2023-11-04 13:41:23,976] {processor.py:163} INFO - Started process (PID=147) to work on /home/airflow/.local/lib/python3.8/site-packages/airflow/example_dags/example_xcom.py
[2023-11-04 13:41:23,978] {processor.py:642} INFO - Processing file /home/airflow/.local/lib/python3.8/site-packages/airflow/example_dags/example_xcom.py for tasks to queue
[2023-11-04 13:41:23,980] {logging_mixin.py:109} INFO - [2023-11-04 13:41:23,980] {dagbag.py:500} INFO - Filling up the DagBag from /home/airflow/.local/lib/python3.8/site-packages/airflow/example_dags/example_xcom.py
[2023-11-04 13:41:24,039] {processor.py:654} INFO - DAG(s) dict_keys(['example_xcom']) retrieved from /home/airflow/.local/lib/python3.8/site-packages/airflow/example_dags/example_xcom.py
[2023-11-04 13:41:25,604] {logging_mixin.py:109} INFO - [2023-11-04 13:41:25,604] {providers_manager.py:154} WARNING - Exception when importing 'airflow.providers.google.common.hooks.base_google.GoogleBaseHook' from 'apache-airflow-providers-google' package: module 'pyparsing' has no attribute 'downcaseTokens'
[2023-11-04 13:41:25,611] {logging_mixin.py:109} INFO - [2023-11-04 13:41:25,611] {providers_manager.py:154} WARNING - Exception when importing 'airflow.providers.google.cloud.hooks.cloud_sql.CloudSQLHook' from 'apache-airflow-providers-google' package: module 'pyparsing' has no attribute 'downcaseTokens'
[2023-11-04 13:41:25,616] {logging_mixin.py:109} INFO - [2023-11-04 13:41:25,616] {providers_manager.py:154} WARNING - Exception when importing 'airflow.providers.google.cloud.hooks.cloud_sql.CloudSQLDatabaseHook' from 'apache-airflow-providers-google' package: module 'pyparsing' has no attribute 'downcaseTokens'
[2023-11-04 13:41:25,769] {logging_mixin.py:109} INFO - [2023-11-04 13:41:25,769] {providers_manager.py:154} WARNING - Exception when importing 'airflow.providers.google.cloud.hooks.bigquery.BigQueryHook' from 'apache-airflow-providers-google' package: module 'pyparsing' has no attribute 'downcaseTokens'
[2023-11-04 13:41:25,773] {logging_mixin.py:109} INFO - [2023-11-04 13:41:25,773] {providers_manager.py:154} WARNING - Exception when importing 'airflow.providers.google.cloud.hooks.compute_ssh.ComputeEngineSSHHook' from 'apache-airflow-providers-google' package: module 'pyparsing' has no attribute 'downcaseTokens'
[2023-11-04 13:41:26,409] {logging_mixin.py:109} INFO - [2023-11-04 13:41:26,409] {providers_manager.py:154} WARNING - Exception when importing 'airflow.providers.google.common.hooks.base_google.GoogleBaseHook' from 'apache-airflow-providers-google' package: module 'pyparsing' has no attribute 'downcaseTokens'
[2023-11-04 13:41:26,414] {logging_mixin.py:109} INFO - [2023-11-04 13:41:26,414] {providers_manager.py:154} WARNING - Exception when importing 'airflow.providers.google.cloud.hooks.cloud_sql.CloudSQLHook' from 'apache-airflow-providers-google' package: module 'pyparsing' has no attribute 'downcaseTokens'
[2023-11-04 13:41:26,419] {logging_mixin.py:109} INFO - [2023-11-04 13:41:26,419] {providers_manager.py:154} WARNING - Exception when importing 'airflow.providers.google.cloud.hooks.cloud_sql.CloudSQLDatabaseHook' from 'apache-airflow-providers-google' package: module 'pyparsing' has no attribute 'downcaseTokens'
[2023-11-04 13:41:26,423] {logging_mixin.py:109} INFO - [2023-11-04 13:41:26,423] {providers_manager.py:154} WARNING - Exception when importing 'airflow.providers.google.cloud.hooks.bigquery.BigQueryHook' from 'apache-airflow-providers-google' package: module 'pyparsing' has no attribute 'downcaseTokens'
[2023-11-04 13:41:26,428] {logging_mixin.py:109} INFO - [2023-11-04 13:41:26,428] {providers_manager.py:154} WARNING - Exception when importing 'airflow.providers.google.cloud.hooks.compute_ssh.ComputeEngineSSHHook' from 'apache-airflow-providers-google' package: module 'pyparsing' has no attribute 'downcaseTokens'
[2023-11-04 13:41:26,457] {logging_mixin.py:109} INFO - [2023-11-04 13:41:26,457] {manager.py:496} INFO - Created Permission View: can read on DAG:example_xcom
[2023-11-04 13:41:26,469] {logging_mixin.py:109} INFO - [2023-11-04 13:41:26,469] {manager.py:496} INFO - Created Permission View: can edit on DAG:example_xcom
[2023-11-04 13:41:26,471] {logging_mixin.py:109} INFO - [2023-11-04 13:41:26,471] {dag.py:2398} INFO - Sync 1 DAGs
[2023-11-04 13:41:26,480] {logging_mixin.py:109} INFO - [2023-11-04 13:41:26,480] {dag.py:2417} INFO - Creating ORM DAG for example_xcom
[2023-11-04 13:41:26,491] {logging_mixin.py:109} INFO - [2023-11-04 13:41:26,491] {dag.py:2937} INFO - Setting next_dagrun for example_xcom to 2021-01-01T00:00:00+00:00
[2023-11-04 13:41:26,507] {processor.py:171} INFO - Processing /home/airflow/.local/lib/python3.8/site-packages/airflow/example_dags/example_xcom.py took 2.536 seconds
[2023-11-04 13:41:57,415] {processor.py:163} INFO - Started process (PID=306) to work on /home/airflow/.local/lib/python3.8/site-packages/airflow/example_dags/example_xcom.py
[2023-11-04 13:41:57,419] {processor.py:642} INFO - Processing file /home/airflow/.local/lib/python3.8/site-packages/airflow/example_dags/example_xcom.py for tasks to queue
[2023-11-04 13:41:57,422] {logging_mixin.py:109} INFO - [2023-11-04 13:41:57,422] {dagbag.py:500} INFO - Filling up the DagBag from /home/airflow/.local/lib/python3.8/site-packages/airflow/example_dags/example_xcom.py
[2023-11-04 13:41:57,499] {processor.py:654} INFO - DAG(s) dict_keys(['example_xcom']) retrieved from /home/airflow/.local/lib/python3.8/site-packages/airflow/example_dags/example_xcom.py
[2023-11-04 13:41:58,127] {logging_mixin.py:109} INFO - [2023-11-04 13:41:58,127] {dag.py:2398} INFO - Sync 1 DAGs
[2023-11-04 13:41:58,160] {logging_mixin.py:109} INFO - [2023-11-04 13:41:58,160] {dag.py:2937} INFO - Setting next_dagrun for example_xcom to 2021-01-01T00:00:00+00:00
[2023-11-04 13:41:58,176] {processor.py:171} INFO - Processing /home/airflow/.local/lib/python3.8/site-packages/airflow/example_dags/example_xcom.py took 0.768 seconds
[2023-11-04 13:42:28,976] {processor.py:163} INFO - Started process (PID=357) to work on /home/airflow/.local/lib/python3.8/site-packages/airflow/example_dags/example_xcom.py
[2023-11-04 13:42:28,978] {processor.py:642} INFO - Processing file /home/airflow/.local/lib/python3.8/site-packages/airflow/example_dags/example_xcom.py for tasks to queue
[2023-11-04 13:42:28,980] {logging_mixin.py:109} INFO - [2023-11-04 13:42:28,980] {dagbag.py:500} INFO - Filling up the DagBag from /home/airflow/.local/lib/python3.8/site-packages/airflow/example_dags/example_xcom.py
[2023-11-04 13:42:29,032] {processor.py:654} INFO - DAG(s) dict_keys(['example_xcom']) retrieved from /home/airflow/.local/lib/python3.8/site-packages/airflow/example_dags/example_xcom.py
[2023-11-04 13:42:29,310] {logging_mixin.py:109} INFO - [2023-11-04 13:42:29,310] {dag.py:2398} INFO - Sync 1 DAGs
[2023-11-04 13:42:29,331] {logging_mixin.py:109} INFO - [2023-11-04 13:42:29,331] {dag.py:2937} INFO - Setting next_dagrun for example_xcom to 2021-01-01T00:00:00+00:00
[2023-11-04 13:42:29,345] {processor.py:171} INFO - Processing /home/airflow/.local/lib/python3.8/site-packages/airflow/example_dags/example_xcom.py took 0.374 seconds
[2023-11-04 13:43:00,193] {processor.py:163} INFO - Started process (PID=406) to work on /home/airflow/.local/lib/python3.8/site-packages/airflow/example_dags/example_xcom.py
[2023-11-04 13:43:00,195] {processor.py:642} INFO - Processing file /home/airflow/.local/lib/python3.8/site-packages/airflow/example_dags/example_xcom.py for tasks to queue
[2023-11-04 13:43:00,197] {logging_mixin.py:109} INFO - [2023-11-04 13:43:00,197] {dagbag.py:500} INFO - Filling up the DagBag from /home/airflow/.local/lib/python3.8/site-packages/airflow/example_dags/example_xcom.py
[2023-11-04 13:43:00,253] {processor.py:654} INFO - DAG(s) dict_keys(['example_xcom']) retrieved from /home/airflow/.local/lib/python3.8/site-packages/airflow/example_dags/example_xcom.py
[2023-11-04 13:43:00,530] {logging_mixin.py:109} INFO - [2023-11-04 13:43:00,529] {dag.py:2398} INFO - Sync 1 DAGs
[2023-11-04 13:43:00,556] {logging_mixin.py:109} INFO - [2023-11-04 13:43:00,556] {dag.py:2937} INFO - Setting next_dagrun for example_xcom to 2021-01-01T00:00:00+00:00
[2023-11-04 13:43:00,586] {processor.py:171} INFO - Processing /home/airflow/.local/lib/python3.8/site-packages/airflow/example_dags/example_xcom.py took 0.398 seconds
[2023-11-04 13:43:30,758] {processor.py:163} INFO - Started process (PID=463) to work on /home/airflow/.local/lib/python3.8/site-packages/airflow/example_dags/example_xcom.py
[2023-11-04 13:43:30,761] {processor.py:642} INFO - Processing file /home/airflow/.local/lib/python3.8/site-packages/airflow/example_dags/example_xcom.py for tasks to queue
[2023-11-04 13:43:30,763] {logging_mixin.py:109} INFO - [2023-11-04 13:43:30,763] {dagbag.py:500} INFO - Filling up the DagBag from /home/airflow/.local/lib/python3.8/site-packages/airflow/example_dags/example_xcom.py
[2023-11-04 13:43:30,822] {processor.py:654} INFO - DAG(s) dict_keys(['example_xcom']) retrieved from /home/airflow/.local/lib/python3.8/site-packages/airflow/example_dags/example_xcom.py
[2023-11-04 13:43:31,115] {logging_mixin.py:109} INFO - [2023-11-04 13:43:31,114] {dag.py:2398} INFO - Sync 1 DAGs
[2023-11-04 13:43:31,148] {logging_mixin.py:109} INFO - [2023-11-04 13:43:31,148] {dag.py:2937} INFO - Setting next_dagrun for example_xcom to 2021-01-01T00:00:00+00:00
[2023-11-04 13:43:31,204] {processor.py:171} INFO - Processing /home/airflow/.local/lib/python3.8/site-packages/airflow/example_dags/example_xcom.py took 0.450 seconds
[2023-11-04 13:44:01,983] {processor.py:163} INFO - Started process (PID=512) to work on /home/airflow/.local/lib/python3.8/site-packages/airflow/example_dags/example_xcom.py
[2023-11-04 13:44:01,989] {processor.py:642} INFO - Processing file /home/airflow/.local/lib/python3.8/site-packages/airflow/example_dags/example_xcom.py for tasks to queue
[2023-11-04 13:44:01,991] {logging_mixin.py:109} INFO - [2023-11-04 13:44:01,991] {dagbag.py:500} INFO - Filling up the DagBag from /home/airflow/.local/lib/python3.8/site-packages/airflow/example_dags/example_xcom.py
[2023-11-04 13:44:02,048] {processor.py:654} INFO - DAG(s) dict_keys(['example_xcom']) retrieved from /home/airflow/.local/lib/python3.8/site-packages/airflow/example_dags/example_xcom.py
[2023-11-04 13:44:02,302] {logging_mixin.py:109} INFO - [2023-11-04 13:44:02,302] {dag.py:2398} INFO - Sync 1 DAGs
[2023-11-04 13:44:02,321] {logging_mixin.py:109} INFO - [2023-11-04 13:44:02,321] {dag.py:2937} INFO - Setting next_dagrun for example_xcom to 2021-01-01T00:00:00+00:00
[2023-11-04 13:44:02,335] {processor.py:171} INFO - Processing /home/airflow/.local/lib/python3.8/site-packages/airflow/example_dags/example_xcom.py took 0.361 seconds
[2023-11-04 13:59:19,974] {processor.py:163} INFO - Started process (PID=52) to work on /home/airflow/.local/lib/python3.8/site-packages/airflow/example_dags/example_xcom.py
[2023-11-04 13:59:19,977] {processor.py:642} INFO - Processing file /home/airflow/.local/lib/python3.8/site-packages/airflow/example_dags/example_xcom.py for tasks to queue
[2023-11-04 13:59:19,978] {logging_mixin.py:109} INFO - [2023-11-04 13:59:19,978] {dagbag.py:500} INFO - Filling up the DagBag from /home/airflow/.local/lib/python3.8/site-packages/airflow/example_dags/example_xcom.py
[2023-11-04 13:59:20,037] {processor.py:654} INFO - DAG(s) dict_keys(['example_xcom']) retrieved from /home/airflow/.local/lib/python3.8/site-packages/airflow/example_dags/example_xcom.py
[2023-11-04 13:59:20,321] {logging_mixin.py:109} INFO - [2023-11-04 13:59:20,321] {dag.py:2398} INFO - Sync 1 DAGs
[2023-11-04 13:59:20,342] {logging_mixin.py:109} INFO - [2023-11-04 13:59:20,342] {dag.py:2937} INFO - Setting next_dagrun for example_xcom to 2021-01-01T00:00:00+00:00
[2023-11-04 13:59:20,357] {processor.py:171} INFO - Processing /home/airflow/.local/lib/python3.8/site-packages/airflow/example_dags/example_xcom.py took 0.388 seconds
[2023-11-04 13:59:50,942] {processor.py:163} INFO - Started process (PID=100) to work on /home/airflow/.local/lib/python3.8/site-packages/airflow/example_dags/example_xcom.py
[2023-11-04 13:59:50,944] {processor.py:642} INFO - Processing file /home/airflow/.local/lib/python3.8/site-packages/airflow/example_dags/example_xcom.py for tasks to queue
[2023-11-04 13:59:50,946] {logging_mixin.py:109} INFO - [2023-11-04 13:59:50,946] {dagbag.py:500} INFO - Filling up the DagBag from /home/airflow/.local/lib/python3.8/site-packages/airflow/example_dags/example_xcom.py
[2023-11-04 13:59:50,999] {processor.py:654} INFO - DAG(s) dict_keys(['example_xcom']) retrieved from /home/airflow/.local/lib/python3.8/site-packages/airflow/example_dags/example_xcom.py
[2023-11-04 13:59:51,288] {logging_mixin.py:109} INFO - [2023-11-04 13:59:51,288] {dag.py:2398} INFO - Sync 1 DAGs
[2023-11-04 13:59:51,309] {logging_mixin.py:109} INFO - [2023-11-04 13:59:51,309] {dag.py:2937} INFO - Setting next_dagrun for example_xcom to 2021-01-01T00:00:00+00:00
[2023-11-04 13:59:51,323] {processor.py:171} INFO - Processing /home/airflow/.local/lib/python3.8/site-packages/airflow/example_dags/example_xcom.py took 0.386 seconds
[2023-11-04 14:00:21,660] {processor.py:163} INFO - Started process (PID=173) to work on /home/airflow/.local/lib/python3.8/site-packages/airflow/example_dags/example_xcom.py
[2023-11-04 14:00:21,663] {processor.py:642} INFO - Processing file /home/airflow/.local/lib/python3.8/site-packages/airflow/example_dags/example_xcom.py for tasks to queue
[2023-11-04 14:00:21,665] {logging_mixin.py:109} INFO - [2023-11-04 14:00:21,665] {dagbag.py:500} INFO - Filling up the DagBag from /home/airflow/.local/lib/python3.8/site-packages/airflow/example_dags/example_xcom.py
[2023-11-04 14:00:21,719] {processor.py:654} INFO - DAG(s) dict_keys(['example_xcom']) retrieved from /home/airflow/.local/lib/python3.8/site-packages/airflow/example_dags/example_xcom.py
[2023-11-04 14:00:22,053] {logging_mixin.py:109} INFO - [2023-11-04 14:00:22,053] {dag.py:2398} INFO - Sync 1 DAGs
[2023-11-04 14:00:22,075] {logging_mixin.py:109} INFO - [2023-11-04 14:00:22,075] {dag.py:2937} INFO - Setting next_dagrun for example_xcom to 2021-01-01T00:00:00+00:00
[2023-11-04 14:00:22,092] {processor.py:171} INFO - Processing /home/airflow/.local/lib/python3.8/site-packages/airflow/example_dags/example_xcom.py took 0.437 seconds
[2023-11-04 14:00:52,679] {processor.py:163} INFO - Started process (PID=222) to work on /home/airflow/.local/lib/python3.8/site-packages/airflow/example_dags/example_xcom.py
[2023-11-04 14:00:52,681] {processor.py:642} INFO - Processing file /home/airflow/.local/lib/python3.8/site-packages/airflow/example_dags/example_xcom.py for tasks to queue
[2023-11-04 14:00:52,683] {logging_mixin.py:109} INFO - [2023-11-04 14:00:52,682] {dagbag.py:500} INFO - Filling up the DagBag from /home/airflow/.local/lib/python3.8/site-packages/airflow/example_dags/example_xcom.py
[2023-11-04 14:00:52,733] {processor.py:654} INFO - DAG(s) dict_keys(['example_xcom']) retrieved from /home/airflow/.local/lib/python3.8/site-packages/airflow/example_dags/example_xcom.py
[2023-11-04 14:00:52,995] {logging_mixin.py:109} INFO - [2023-11-04 14:00:52,995] {dag.py:2398} INFO - Sync 1 DAGs
[2023-11-04 14:00:53,012] {logging_mixin.py:109} INFO - [2023-11-04 14:00:53,011] {dag.py:2937} INFO - Setting next_dagrun for example_xcom to 2021-01-01T00:00:00+00:00
[2023-11-04 14:00:53,025] {processor.py:171} INFO - Processing /home/airflow/.local/lib/python3.8/site-packages/airflow/example_dags/example_xcom.py took 0.353 seconds
[2023-11-04 14:01:23,110] {processor.py:163} INFO - Started process (PID=272) to work on /home/airflow/.local/lib/python3.8/site-packages/airflow/example_dags/example_xcom.py
[2023-11-04 14:01:23,112] {processor.py:642} INFO - Processing file /home/airflow/.local/lib/python3.8/site-packages/airflow/example_dags/example_xcom.py for tasks to queue
[2023-11-04 14:01:23,114] {logging_mixin.py:109} INFO - [2023-11-04 14:01:23,114] {dagbag.py:500} INFO - Filling up the DagBag from /home/airflow/.local/lib/python3.8/site-packages/airflow/example_dags/example_xcom.py
[2023-11-04 14:01:23,165] {processor.py:654} INFO - DAG(s) dict_keys(['example_xcom']) retrieved from /home/airflow/.local/lib/python3.8/site-packages/airflow/example_dags/example_xcom.py
[2023-11-04 14:01:23,417] {logging_mixin.py:109} INFO - [2023-11-04 14:01:23,417] {dag.py:2398} INFO - Sync 1 DAGs
[2023-11-04 14:01:23,434] {logging_mixin.py:109} INFO - [2023-11-04 14:01:23,434] {dag.py:2937} INFO - Setting next_dagrun for example_xcom to 2021-01-01T00:00:00+00:00
[2023-11-04 14:01:23,447] {processor.py:171} INFO - Processing /home/airflow/.local/lib/python3.8/site-packages/airflow/example_dags/example_xcom.py took 0.342 seconds
[2023-11-04 14:01:53,505] {processor.py:163} INFO - Started process (PID=329) to work on /home/airflow/.local/lib/python3.8/site-packages/airflow/example_dags/example_xcom.py
[2023-11-04 14:01:53,507] {processor.py:642} INFO - Processing file /home/airflow/.local/lib/python3.8/site-packages/airflow/example_dags/example_xcom.py for tasks to queue
[2023-11-04 14:01:53,509] {logging_mixin.py:109} INFO - [2023-11-04 14:01:53,509] {dagbag.py:500} INFO - Filling up the DagBag from /home/airflow/.local/lib/python3.8/site-packages/airflow/example_dags/example_xcom.py
[2023-11-04 14:01:53,559] {processor.py:654} INFO - DAG(s) dict_keys(['example_xcom']) retrieved from /home/airflow/.local/lib/python3.8/site-packages/airflow/example_dags/example_xcom.py
[2023-11-04 14:01:53,814] {logging_mixin.py:109} INFO - [2023-11-04 14:01:53,814] {dag.py:2398} INFO - Sync 1 DAGs
[2023-11-04 14:01:53,831] {logging_mixin.py:109} INFO - [2023-11-04 14:01:53,831] {dag.py:2937} INFO - Setting next_dagrun for example_xcom to 2021-01-01T00:00:00+00:00
[2023-11-04 14:01:53,844] {processor.py:171} INFO - Processing /home/airflow/.local/lib/python3.8/site-packages/airflow/example_dags/example_xcom.py took 0.344 seconds
[2023-11-04 14:02:24,263] {processor.py:163} INFO - Started process (PID=377) to work on /home/airflow/.local/lib/python3.8/site-packages/airflow/example_dags/example_xcom.py
[2023-11-04 14:02:24,269] {processor.py:642} INFO - Processing file /home/airflow/.local/lib/python3.8/site-packages/airflow/example_dags/example_xcom.py for tasks to queue
[2023-11-04 14:02:24,284] {logging_mixin.py:109} INFO - [2023-11-04 14:02:24,284] {dagbag.py:500} INFO - Filling up the DagBag from /home/airflow/.local/lib/python3.8/site-packages/airflow/example_dags/example_xcom.py
[2023-11-04 14:02:24,396] {processor.py:654} INFO - DAG(s) dict_keys(['example_xcom']) retrieved from /home/airflow/.local/lib/python3.8/site-packages/airflow/example_dags/example_xcom.py
[2023-11-04 14:02:24,816] {logging_mixin.py:109} INFO - [2023-11-04 14:02:24,816] {dag.py:2398} INFO - Sync 1 DAGs
[2023-11-04 14:02:24,835] {logging_mixin.py:109} INFO - [2023-11-04 14:02:24,834] {dag.py:2937} INFO - Setting next_dagrun for example_xcom to 2021-01-01T00:00:00+00:00
[2023-11-04 14:02:24,849] {processor.py:171} INFO - Processing /home/airflow/.local/lib/python3.8/site-packages/airflow/example_dags/example_xcom.py took 0.596 seconds
[2023-11-04 14:04:46,900] {processor.py:163} INFO - Started process (PID=47) to work on /home/airflow/.local/lib/python3.8/site-packages/airflow/example_dags/example_xcom.py
[2023-11-04 14:04:46,903] {processor.py:642} INFO - Processing file /home/airflow/.local/lib/python3.8/site-packages/airflow/example_dags/example_xcom.py for tasks to queue
[2023-11-04 14:04:46,905] {logging_mixin.py:109} INFO - [2023-11-04 14:04:46,905] {dagbag.py:500} INFO - Filling up the DagBag from /home/airflow/.local/lib/python3.8/site-packages/airflow/example_dags/example_xcom.py
[2023-11-04 14:04:46,983] {processor.py:654} INFO - DAG(s) dict_keys(['example_xcom']) retrieved from /home/airflow/.local/lib/python3.8/site-packages/airflow/example_dags/example_xcom.py
[2023-11-04 14:04:47,403] {logging_mixin.py:109} INFO - [2023-11-04 14:04:47,403] {dag.py:2398} INFO - Sync 1 DAGs
[2023-11-04 14:04:47,427] {logging_mixin.py:109} INFO - [2023-11-04 14:04:47,427] {dag.py:2937} INFO - Setting next_dagrun for example_xcom to 2021-01-01T00:00:00+00:00
[2023-11-04 14:04:47,445] {processor.py:171} INFO - Processing /home/airflow/.local/lib/python3.8/site-packages/airflow/example_dags/example_xcom.py took 0.551 seconds
[2023-11-04 14:05:18,349] {processor.py:163} INFO - Started process (PID=96) to work on /home/airflow/.local/lib/python3.8/site-packages/airflow/example_dags/example_xcom.py
[2023-11-04 14:05:18,353] {processor.py:642} INFO - Processing file /home/airflow/.local/lib/python3.8/site-packages/airflow/example_dags/example_xcom.py for tasks to queue
[2023-11-04 14:05:18,355] {logging_mixin.py:109} INFO - [2023-11-04 14:05:18,355] {dagbag.py:500} INFO - Filling up the DagBag from /home/airflow/.local/lib/python3.8/site-packages/airflow/example_dags/example_xcom.py
[2023-11-04 14:05:18,407] {processor.py:654} INFO - DAG(s) dict_keys(['example_xcom']) retrieved from /home/airflow/.local/lib/python3.8/site-packages/airflow/example_dags/example_xcom.py
[2023-11-04 14:05:18,726] {logging_mixin.py:109} INFO - [2023-11-04 14:05:18,725] {dag.py:2398} INFO - Sync 1 DAGs
[2023-11-04 14:05:18,751] {logging_mixin.py:109} INFO - [2023-11-04 14:05:18,751] {dag.py:2937} INFO - Setting next_dagrun for example_xcom to 2021-01-01T00:00:00+00:00
[2023-11-04 14:05:18,771] {processor.py:171} INFO - Processing /home/airflow/.local/lib/python3.8/site-packages/airflow/example_dags/example_xcom.py took 0.428 seconds
[2023-11-04 14:05:49,420] {processor.py:163} INFO - Started process (PID=153) to work on /home/airflow/.local/lib/python3.8/site-packages/airflow/example_dags/example_xcom.py
[2023-11-04 14:05:49,423] {processor.py:642} INFO - Processing file /home/airflow/.local/lib/python3.8/site-packages/airflow/example_dags/example_xcom.py for tasks to queue
[2023-11-04 14:05:49,425] {logging_mixin.py:109} INFO - [2023-11-04 14:05:49,425] {dagbag.py:500} INFO - Filling up the DagBag from /home/airflow/.local/lib/python3.8/site-packages/airflow/example_dags/example_xcom.py
[2023-11-04 14:05:49,486] {processor.py:654} INFO - DAG(s) dict_keys(['example_xcom']) retrieved from /home/airflow/.local/lib/python3.8/site-packages/airflow/example_dags/example_xcom.py
[2023-11-04 14:05:49,781] {logging_mixin.py:109} INFO - [2023-11-04 14:05:49,781] {dag.py:2398} INFO - Sync 1 DAGs
[2023-11-04 14:05:49,800] {logging_mixin.py:109} INFO - [2023-11-04 14:05:49,800] {dag.py:2937} INFO - Setting next_dagrun for example_xcom to 2021-01-01T00:00:00+00:00
[2023-11-04 14:05:49,813] {processor.py:171} INFO - Processing /home/airflow/.local/lib/python3.8/site-packages/airflow/example_dags/example_xcom.py took 0.398 seconds
[2023-11-04 14:06:19,892] {processor.py:163} INFO - Started process (PID=202) to work on /home/airflow/.local/lib/python3.8/site-packages/airflow/example_dags/example_xcom.py
[2023-11-04 14:06:19,894] {processor.py:642} INFO - Processing file /home/airflow/.local/lib/python3.8/site-packages/airflow/example_dags/example_xcom.py for tasks to queue
[2023-11-04 14:06:19,896] {logging_mixin.py:109} INFO - [2023-11-04 14:06:19,896] {dagbag.py:500} INFO - Filling up the DagBag from /home/airflow/.local/lib/python3.8/site-packages/airflow/example_dags/example_xcom.py
[2023-11-04 14:06:19,965] {processor.py:654} INFO - DAG(s) dict_keys(['example_xcom']) retrieved from /home/airflow/.local/lib/python3.8/site-packages/airflow/example_dags/example_xcom.py
[2023-11-04 14:06:20,261] {logging_mixin.py:109} INFO - [2023-11-04 14:06:20,260] {dag.py:2398} INFO - Sync 1 DAGs
[2023-11-04 14:06:20,278] {logging_mixin.py:109} INFO - [2023-11-04 14:06:20,278] {dag.py:2937} INFO - Setting next_dagrun for example_xcom to 2021-01-01T00:00:00+00:00
[2023-11-04 14:06:20,292] {processor.py:171} INFO - Processing /home/airflow/.local/lib/python3.8/site-packages/airflow/example_dags/example_xcom.py took 0.405 seconds
[2023-11-04 14:06:50,382] {processor.py:163} INFO - Started process (PID=259) to work on /home/airflow/.local/lib/python3.8/site-packages/airflow/example_dags/example_xcom.py
[2023-11-04 14:06:50,385] {processor.py:642} INFO - Processing file /home/airflow/.local/lib/python3.8/site-packages/airflow/example_dags/example_xcom.py for tasks to queue
[2023-11-04 14:06:50,386] {logging_mixin.py:109} INFO - [2023-11-04 14:06:50,386] {dagbag.py:500} INFO - Filling up the DagBag from /home/airflow/.local/lib/python3.8/site-packages/airflow/example_dags/example_xcom.py
[2023-11-04 14:06:50,441] {processor.py:654} INFO - DAG(s) dict_keys(['example_xcom']) retrieved from /home/airflow/.local/lib/python3.8/site-packages/airflow/example_dags/example_xcom.py
[2023-11-04 14:06:50,708] {logging_mixin.py:109} INFO - [2023-11-04 14:06:50,708] {dag.py:2398} INFO - Sync 1 DAGs
[2023-11-04 14:06:50,726] {logging_mixin.py:109} INFO - [2023-11-04 14:06:50,726] {dag.py:2937} INFO - Setting next_dagrun for example_xcom to 2021-01-01T00:00:00+00:00
[2023-11-04 14:06:50,739] {processor.py:171} INFO - Processing /home/airflow/.local/lib/python3.8/site-packages/airflow/example_dags/example_xcom.py took 0.362 seconds
[2023-11-04 14:07:20,784] {processor.py:163} INFO - Started process (PID=308) to work on /home/airflow/.local/lib/python3.8/site-packages/airflow/example_dags/example_xcom.py
[2023-11-04 14:07:20,787] {processor.py:642} INFO - Processing file /home/airflow/.local/lib/python3.8/site-packages/airflow/example_dags/example_xcom.py for tasks to queue
[2023-11-04 14:07:20,788] {logging_mixin.py:109} INFO - [2023-11-04 14:07:20,788] {dagbag.py:500} INFO - Filling up the DagBag from /home/airflow/.local/lib/python3.8/site-packages/airflow/example_dags/example_xcom.py
[2023-11-04 14:07:20,843] {processor.py:654} INFO - DAG(s) dict_keys(['example_xcom']) retrieved from /home/airflow/.local/lib/python3.8/site-packages/airflow/example_dags/example_xcom.py
[2023-11-04 14:07:21,109] {logging_mixin.py:109} INFO - [2023-11-04 14:07:21,109] {dag.py:2398} INFO - Sync 1 DAGs
[2023-11-04 14:07:21,126] {logging_mixin.py:109} INFO - [2023-11-04 14:07:21,126] {dag.py:2937} INFO - Setting next_dagrun for example_xcom to 2021-01-01T00:00:00+00:00
[2023-11-04 14:07:21,139] {processor.py:171} INFO - Processing /home/airflow/.local/lib/python3.8/site-packages/airflow/example_dags/example_xcom.py took 0.361 seconds
[2023-11-04 14:07:51,513] {processor.py:163} INFO - Started process (PID=355) to work on /home/airflow/.local/lib/python3.8/site-packages/airflow/example_dags/example_xcom.py
[2023-11-04 14:07:51,515] {processor.py:642} INFO - Processing file /home/airflow/.local/lib/python3.8/site-packages/airflow/example_dags/example_xcom.py for tasks to queue
[2023-11-04 14:07:51,516] {logging_mixin.py:109} INFO - [2023-11-04 14:07:51,516] {dagbag.py:500} INFO - Filling up the DagBag from /home/airflow/.local/lib/python3.8/site-packages/airflow/example_dags/example_xcom.py
[2023-11-04 14:07:51,570] {processor.py:654} INFO - DAG(s) dict_keys(['example_xcom']) retrieved from /home/airflow/.local/lib/python3.8/site-packages/airflow/example_dags/example_xcom.py
[2023-11-04 14:07:51,826] {logging_mixin.py:109} INFO - [2023-11-04 14:07:51,826] {dag.py:2398} INFO - Sync 1 DAGs
[2023-11-04 14:07:51,843] {logging_mixin.py:109} INFO - [2023-11-04 14:07:51,843] {dag.py:2937} INFO - Setting next_dagrun for example_xcom to 2021-01-01T00:00:00+00:00
[2023-11-04 14:07:51,856] {processor.py:171} INFO - Processing /home/airflow/.local/lib/python3.8/site-packages/airflow/example_dags/example_xcom.py took 0.348 seconds
[2023-11-04 14:08:22,425] {processor.py:163} INFO - Started process (PID=412) to work on /home/airflow/.local/lib/python3.8/site-packages/airflow/example_dags/example_xcom.py
[2023-11-04 14:08:22,428] {processor.py:642} INFO - Processing file /home/airflow/.local/lib/python3.8/site-packages/airflow/example_dags/example_xcom.py for tasks to queue
[2023-11-04 14:08:22,430] {logging_mixin.py:109} INFO - [2023-11-04 14:08:22,430] {dagbag.py:500} INFO - Filling up the DagBag from /home/airflow/.local/lib/python3.8/site-packages/airflow/example_dags/example_xcom.py
[2023-11-04 14:08:22,490] {processor.py:654} INFO - DAG(s) dict_keys(['example_xcom']) retrieved from /home/airflow/.local/lib/python3.8/site-packages/airflow/example_dags/example_xcom.py
[2023-11-04 14:08:22,740] {logging_mixin.py:109} INFO - [2023-11-04 14:08:22,740] {dag.py:2398} INFO - Sync 1 DAGs
[2023-11-04 14:08:22,757] {logging_mixin.py:109} INFO - [2023-11-04 14:08:22,757] {dag.py:2937} INFO - Setting next_dagrun for example_xcom to 2021-01-01T00:00:00+00:00
[2023-11-04 14:08:22,771] {processor.py:171} INFO - Processing /home/airflow/.local/lib/python3.8/site-packages/airflow/example_dags/example_xcom.py took 0.354 seconds
[2023-11-04 14:08:52,855] {processor.py:163} INFO - Started process (PID=461) to work on /home/airflow/.local/lib/python3.8/site-packages/airflow/example_dags/example_xcom.py
[2023-11-04 14:08:52,857] {processor.py:642} INFO - Processing file /home/airflow/.local/lib/python3.8/site-packages/airflow/example_dags/example_xcom.py for tasks to queue
[2023-11-04 14:08:52,859] {logging_mixin.py:109} INFO - [2023-11-04 14:08:52,859] {dagbag.py:500} INFO - Filling up the DagBag from /home/airflow/.local/lib/python3.8/site-packages/airflow/example_dags/example_xcom.py
[2023-11-04 14:08:52,918] {processor.py:654} INFO - DAG(s) dict_keys(['example_xcom']) retrieved from /home/airflow/.local/lib/python3.8/site-packages/airflow/example_dags/example_xcom.py
[2023-11-04 14:08:53,171] {logging_mixin.py:109} INFO - [2023-11-04 14:08:53,171] {dag.py:2398} INFO - Sync 1 DAGs
[2023-11-04 14:08:53,188] {logging_mixin.py:109} INFO - [2023-11-04 14:08:53,188] {dag.py:2937} INFO - Setting next_dagrun for example_xcom to 2021-01-01T00:00:00+00:00
[2023-11-04 14:08:53,202] {processor.py:171} INFO - Processing /home/airflow/.local/lib/python3.8/site-packages/airflow/example_dags/example_xcom.py took 0.352 seconds
[2023-11-04 14:09:23,312] {processor.py:163} INFO - Started process (PID=518) to work on /home/airflow/.local/lib/python3.8/site-packages/airflow/example_dags/example_xcom.py
[2023-11-04 14:09:23,315] {processor.py:642} INFO - Processing file /home/airflow/.local/lib/python3.8/site-packages/airflow/example_dags/example_xcom.py for tasks to queue
[2023-11-04 14:09:23,317] {logging_mixin.py:109} INFO - [2023-11-04 14:09:23,317] {dagbag.py:500} INFO - Filling up the DagBag from /home/airflow/.local/lib/python3.8/site-packages/airflow/example_dags/example_xcom.py
[2023-11-04 14:09:23,374] {processor.py:654} INFO - DAG(s) dict_keys(['example_xcom']) retrieved from /home/airflow/.local/lib/python3.8/site-packages/airflow/example_dags/example_xcom.py
[2023-11-04 14:09:23,665] {logging_mixin.py:109} INFO - [2023-11-04 14:09:23,665] {dag.py:2398} INFO - Sync 1 DAGs
[2023-11-04 14:09:23,684] {logging_mixin.py:109} INFO - [2023-11-04 14:09:23,683] {dag.py:2937} INFO - Setting next_dagrun for example_xcom to 2021-01-01T00:00:00+00:00
[2023-11-04 14:09:23,699] {processor.py:171} INFO - Processing /home/airflow/.local/lib/python3.8/site-packages/airflow/example_dags/example_xcom.py took 0.392 seconds
[2023-11-04 14:09:54,544] {processor.py:163} INFO - Started process (PID=567) to work on /home/airflow/.local/lib/python3.8/site-packages/airflow/example_dags/example_xcom.py
[2023-11-04 14:09:54,547] {processor.py:642} INFO - Processing file /home/airflow/.local/lib/python3.8/site-packages/airflow/example_dags/example_xcom.py for tasks to queue
[2023-11-04 14:09:54,548] {logging_mixin.py:109} INFO - [2023-11-04 14:09:54,548] {dagbag.py:500} INFO - Filling up the DagBag from /home/airflow/.local/lib/python3.8/site-packages/airflow/example_dags/example_xcom.py
[2023-11-04 14:09:54,613] {processor.py:654} INFO - DAG(s) dict_keys(['example_xcom']) retrieved from /home/airflow/.local/lib/python3.8/site-packages/airflow/example_dags/example_xcom.py
[2023-11-04 14:09:54,877] {logging_mixin.py:109} INFO - [2023-11-04 14:09:54,877] {dag.py:2398} INFO - Sync 1 DAGs
[2023-11-04 14:09:54,896] {logging_mixin.py:109} INFO - [2023-11-04 14:09:54,895] {dag.py:2937} INFO - Setting next_dagrun for example_xcom to 2021-01-01T00:00:00+00:00
[2023-11-04 14:09:54,908] {processor.py:171} INFO - Processing /home/airflow/.local/lib/python3.8/site-packages/airflow/example_dags/example_xcom.py took 0.368 seconds
[2023-11-04 14:10:25,741] {processor.py:163} INFO - Started process (PID=616) to work on /home/airflow/.local/lib/python3.8/site-packages/airflow/example_dags/example_xcom.py
[2023-11-04 14:10:25,743] {processor.py:642} INFO - Processing file /home/airflow/.local/lib/python3.8/site-packages/airflow/example_dags/example_xcom.py for tasks to queue
[2023-11-04 14:10:25,745] {logging_mixin.py:109} INFO - [2023-11-04 14:10:25,745] {dagbag.py:500} INFO - Filling up the DagBag from /home/airflow/.local/lib/python3.8/site-packages/airflow/example_dags/example_xcom.py
[2023-11-04 14:10:25,796] {processor.py:654} INFO - DAG(s) dict_keys(['example_xcom']) retrieved from /home/airflow/.local/lib/python3.8/site-packages/airflow/example_dags/example_xcom.py
[2023-11-04 14:10:26,056] {logging_mixin.py:109} INFO - [2023-11-04 14:10:26,055] {dag.py:2398} INFO - Sync 1 DAGs
[2023-11-04 14:10:26,072] {logging_mixin.py:109} INFO - [2023-11-04 14:10:26,072] {dag.py:2937} INFO - Setting next_dagrun for example_xcom to 2021-01-01T00:00:00+00:00
[2023-11-04 14:10:26,086] {processor.py:171} INFO - Processing /home/airflow/.local/lib/python3.8/site-packages/airflow/example_dags/example_xcom.py took 0.350 seconds
[2023-11-04 14:11:49,897] {processor.py:163} INFO - Started process (PID=48) to work on /home/airflow/.local/lib/python3.8/site-packages/airflow/example_dags/example_xcom.py
[2023-11-04 14:11:49,900] {processor.py:642} INFO - Processing file /home/airflow/.local/lib/python3.8/site-packages/airflow/example_dags/example_xcom.py for tasks to queue
[2023-11-04 14:11:49,902] {logging_mixin.py:109} INFO - [2023-11-04 14:11:49,902] {dagbag.py:500} INFO - Filling up the DagBag from /home/airflow/.local/lib/python3.8/site-packages/airflow/example_dags/example_xcom.py
[2023-11-04 14:11:49,963] {processor.py:654} INFO - DAG(s) dict_keys(['example_xcom']) retrieved from /home/airflow/.local/lib/python3.8/site-packages/airflow/example_dags/example_xcom.py
[2023-11-04 14:11:50,250] {logging_mixin.py:109} INFO - [2023-11-04 14:11:50,250] {dag.py:2398} INFO - Sync 1 DAGs
[2023-11-04 14:11:50,274] {logging_mixin.py:109} INFO - [2023-11-04 14:11:50,273] {dag.py:2937} INFO - Setting next_dagrun for example_xcom to 2021-01-01T00:00:00+00:00
[2023-11-04 14:11:50,290] {processor.py:171} INFO - Processing /home/airflow/.local/lib/python3.8/site-packages/airflow/example_dags/example_xcom.py took 0.398 seconds
[2023-11-04 14:12:20,653] {processor.py:163} INFO - Started process (PID=97) to work on /home/airflow/.local/lib/python3.8/site-packages/airflow/example_dags/example_xcom.py
[2023-11-04 14:12:20,656] {processor.py:642} INFO - Processing file /home/airflow/.local/lib/python3.8/site-packages/airflow/example_dags/example_xcom.py for tasks to queue
[2023-11-04 14:12:20,659] {logging_mixin.py:109} INFO - [2023-11-04 14:12:20,658] {dagbag.py:500} INFO - Filling up the DagBag from /home/airflow/.local/lib/python3.8/site-packages/airflow/example_dags/example_xcom.py
[2023-11-04 14:12:20,721] {processor.py:654} INFO - DAG(s) dict_keys(['example_xcom']) retrieved from /home/airflow/.local/lib/python3.8/site-packages/airflow/example_dags/example_xcom.py
[2023-11-04 14:12:20,997] {logging_mixin.py:109} INFO - [2023-11-04 14:12:20,997] {dag.py:2398} INFO - Sync 1 DAGs
[2023-11-04 14:12:21,017] {logging_mixin.py:109} INFO - [2023-11-04 14:12:21,017] {dag.py:2937} INFO - Setting next_dagrun for example_xcom to 2021-01-01T00:00:00+00:00
[2023-11-04 14:12:21,031] {processor.py:171} INFO - Processing /home/airflow/.local/lib/python3.8/site-packages/airflow/example_dags/example_xcom.py took 0.385 seconds
[2023-11-04 14:12:51,922] {processor.py:163} INFO - Started process (PID=154) to work on /home/airflow/.local/lib/python3.8/site-packages/airflow/example_dags/example_xcom.py
[2023-11-04 14:12:51,925] {processor.py:642} INFO - Processing file /home/airflow/.local/lib/python3.8/site-packages/airflow/example_dags/example_xcom.py for tasks to queue
[2023-11-04 14:12:51,926] {logging_mixin.py:109} INFO - [2023-11-04 14:12:51,926] {dagbag.py:500} INFO - Filling up the DagBag from /home/airflow/.local/lib/python3.8/site-packages/airflow/example_dags/example_xcom.py
[2023-11-04 14:12:51,981] {processor.py:654} INFO - DAG(s) dict_keys(['example_xcom']) retrieved from /home/airflow/.local/lib/python3.8/site-packages/airflow/example_dags/example_xcom.py
[2023-11-04 14:12:52,257] {logging_mixin.py:109} INFO - [2023-11-04 14:12:52,257] {dag.py:2398} INFO - Sync 1 DAGs
[2023-11-04 14:12:52,277] {logging_mixin.py:109} INFO - [2023-11-04 14:12:52,276] {dag.py:2937} INFO - Setting next_dagrun for example_xcom to 2021-01-01T00:00:00+00:00
[2023-11-04 14:12:52,290] {processor.py:171} INFO - Processing /home/airflow/.local/lib/python3.8/site-packages/airflow/example_dags/example_xcom.py took 0.373 seconds
[2023-11-04 14:13:22,331] {processor.py:163} INFO - Started process (PID=203) to work on /home/airflow/.local/lib/python3.8/site-packages/airflow/example_dags/example_xcom.py
[2023-11-04 14:13:22,334] {processor.py:642} INFO - Processing file /home/airflow/.local/lib/python3.8/site-packages/airflow/example_dags/example_xcom.py for tasks to queue
[2023-11-04 14:13:22,336] {logging_mixin.py:109} INFO - [2023-11-04 14:13:22,335] {dagbag.py:500} INFO - Filling up the DagBag from /home/airflow/.local/lib/python3.8/site-packages/airflow/example_dags/example_xcom.py
[2023-11-04 14:13:22,391] {processor.py:654} INFO - DAG(s) dict_keys(['example_xcom']) retrieved from /home/airflow/.local/lib/python3.8/site-packages/airflow/example_dags/example_xcom.py
[2023-11-04 14:13:22,670] {logging_mixin.py:109} INFO - [2023-11-04 14:13:22,670] {dag.py:2398} INFO - Sync 1 DAGs
[2023-11-04 14:13:22,696] {logging_mixin.py:109} INFO - [2023-11-04 14:13:22,696] {dag.py:2937} INFO - Setting next_dagrun for example_xcom to 2021-01-01T00:00:00+00:00
[2023-11-04 14:13:22,710] {processor.py:171} INFO - Processing /home/airflow/.local/lib/python3.8/site-packages/airflow/example_dags/example_xcom.py took 0.385 seconds
[2023-11-04 14:13:52,937] {processor.py:163} INFO - Started process (PID=261) to work on /home/airflow/.local/lib/python3.8/site-packages/airflow/example_dags/example_xcom.py
[2023-11-04 14:13:52,940] {processor.py:642} INFO - Processing file /home/airflow/.local/lib/python3.8/site-packages/airflow/example_dags/example_xcom.py for tasks to queue
[2023-11-04 14:13:52,941] {logging_mixin.py:109} INFO - [2023-11-04 14:13:52,941] {dagbag.py:500} INFO - Filling up the DagBag from /home/airflow/.local/lib/python3.8/site-packages/airflow/example_dags/example_xcom.py
[2023-11-04 14:13:52,995] {processor.py:654} INFO - DAG(s) dict_keys(['example_xcom']) retrieved from /home/airflow/.local/lib/python3.8/site-packages/airflow/example_dags/example_xcom.py
[2023-11-04 14:13:53,278] {logging_mixin.py:109} INFO - [2023-11-04 14:13:53,278] {dag.py:2398} INFO - Sync 1 DAGs
[2023-11-04 14:13:53,304] {logging_mixin.py:109} INFO - [2023-11-04 14:13:53,304] {dag.py:2937} INFO - Setting next_dagrun for example_xcom to 2021-01-01T00:00:00+00:00
[2023-11-04 14:13:53,319] {processor.py:171} INFO - Processing /home/airflow/.local/lib/python3.8/site-packages/airflow/example_dags/example_xcom.py took 0.387 seconds
[2023-11-04 14:14:23,425] {processor.py:163} INFO - Started process (PID=310) to work on /home/airflow/.local/lib/python3.8/site-packages/airflow/example_dags/example_xcom.py
[2023-11-04 14:14:23,428] {processor.py:642} INFO - Processing file /home/airflow/.local/lib/python3.8/site-packages/airflow/example_dags/example_xcom.py for tasks to queue
[2023-11-04 14:14:23,429] {logging_mixin.py:109} INFO - [2023-11-04 14:14:23,429] {dagbag.py:500} INFO - Filling up the DagBag from /home/airflow/.local/lib/python3.8/site-packages/airflow/example_dags/example_xcom.py
[2023-11-04 14:14:23,498] {processor.py:654} INFO - DAG(s) dict_keys(['example_xcom']) retrieved from /home/airflow/.local/lib/python3.8/site-packages/airflow/example_dags/example_xcom.py
[2023-11-04 14:14:23,778] {logging_mixin.py:109} INFO - [2023-11-04 14:14:23,778] {dag.py:2398} INFO - Sync 1 DAGs
[2023-11-04 14:14:23,798] {logging_mixin.py:109} INFO - [2023-11-04 14:14:23,798] {dag.py:2937} INFO - Setting next_dagrun for example_xcom to 2021-01-01T00:00:00+00:00
[2023-11-04 14:14:23,818] {processor.py:171} INFO - Processing /home/airflow/.local/lib/python3.8/site-packages/airflow/example_dags/example_xcom.py took 0.398 seconds
[2023-11-04 14:14:54,105] {processor.py:163} INFO - Started process (PID=358) to work on /home/airflow/.local/lib/python3.8/site-packages/airflow/example_dags/example_xcom.py
[2023-11-04 14:14:54,109] {processor.py:642} INFO - Processing file /home/airflow/.local/lib/python3.8/site-packages/airflow/example_dags/example_xcom.py for tasks to queue
[2023-11-04 14:14:54,111] {logging_mixin.py:109} INFO - [2023-11-04 14:14:54,110] {dagbag.py:500} INFO - Filling up the DagBag from /home/airflow/.local/lib/python3.8/site-packages/airflow/example_dags/example_xcom.py
[2023-11-04 14:14:54,207] {processor.py:654} INFO - DAG(s) dict_keys(['example_xcom']) retrieved from /home/airflow/.local/lib/python3.8/site-packages/airflow/example_dags/example_xcom.py
[2023-11-04 14:14:54,547] {logging_mixin.py:109} INFO - [2023-11-04 14:14:54,547] {dag.py:2398} INFO - Sync 1 DAGs
[2023-11-04 14:14:54,567] {logging_mixin.py:109} INFO - [2023-11-04 14:14:54,567] {dag.py:2937} INFO - Setting next_dagrun for example_xcom to 2021-01-01T00:00:00+00:00
[2023-11-04 14:14:54,581] {processor.py:171} INFO - Processing /home/airflow/.local/lib/python3.8/site-packages/airflow/example_dags/example_xcom.py took 0.485 seconds
[2023-11-04 14:15:24,845] {processor.py:163} INFO - Started process (PID=415) to work on /home/airflow/.local/lib/python3.8/site-packages/airflow/example_dags/example_xcom.py
[2023-11-04 14:15:24,849] {processor.py:642} INFO - Processing file /home/airflow/.local/lib/python3.8/site-packages/airflow/example_dags/example_xcom.py for tasks to queue
[2023-11-04 14:15:24,852] {logging_mixin.py:109} INFO - [2023-11-04 14:15:24,851] {dagbag.py:500} INFO - Filling up the DagBag from /home/airflow/.local/lib/python3.8/site-packages/airflow/example_dags/example_xcom.py
[2023-11-04 14:15:24,911] {processor.py:654} INFO - DAG(s) dict_keys(['example_xcom']) retrieved from /home/airflow/.local/lib/python3.8/site-packages/airflow/example_dags/example_xcom.py
[2023-11-04 14:15:25,267] {logging_mixin.py:109} INFO - [2023-11-04 14:15:25,267] {dag.py:2398} INFO - Sync 1 DAGs
[2023-11-04 14:15:25,288] {logging_mixin.py:109} INFO - [2023-11-04 14:15:25,287] {dag.py:2937} INFO - Setting next_dagrun for example_xcom to 2021-01-01T00:00:00+00:00
[2023-11-04 14:15:25,304] {processor.py:171} INFO - Processing /home/airflow/.local/lib/python3.8/site-packages/airflow/example_dags/example_xcom.py took 0.471 seconds
[2023-11-04 14:15:55,437] {processor.py:163} INFO - Started process (PID=466) to work on /home/airflow/.local/lib/python3.8/site-packages/airflow/example_dags/example_xcom.py
[2023-11-04 14:15:55,440] {processor.py:642} INFO - Processing file /home/airflow/.local/lib/python3.8/site-packages/airflow/example_dags/example_xcom.py for tasks to queue
[2023-11-04 14:15:55,441] {logging_mixin.py:109} INFO - [2023-11-04 14:15:55,441] {dagbag.py:500} INFO - Filling up the DagBag from /home/airflow/.local/lib/python3.8/site-packages/airflow/example_dags/example_xcom.py
[2023-11-04 14:15:55,494] {processor.py:654} INFO - DAG(s) dict_keys(['example_xcom']) retrieved from /home/airflow/.local/lib/python3.8/site-packages/airflow/example_dags/example_xcom.py
[2023-11-04 14:15:55,780] {logging_mixin.py:109} INFO - [2023-11-04 14:15:55,780] {dag.py:2398} INFO - Sync 1 DAGs
[2023-11-04 14:15:55,800] {logging_mixin.py:109} INFO - [2023-11-04 14:15:55,799] {dag.py:2937} INFO - Setting next_dagrun for example_xcom to 2021-01-01T00:00:00+00:00
[2023-11-04 14:15:55,812] {processor.py:171} INFO - Processing /home/airflow/.local/lib/python3.8/site-packages/airflow/example_dags/example_xcom.py took 0.381 seconds
[2023-11-04 14:16:26,507] {processor.py:163} INFO - Started process (PID=515) to work on /home/airflow/.local/lib/python3.8/site-packages/airflow/example_dags/example_xcom.py
[2023-11-04 14:16:26,510] {processor.py:642} INFO - Processing file /home/airflow/.local/lib/python3.8/site-packages/airflow/example_dags/example_xcom.py for tasks to queue
[2023-11-04 14:16:26,512] {logging_mixin.py:109} INFO - [2023-11-04 14:16:26,512] {dagbag.py:500} INFO - Filling up the DagBag from /home/airflow/.local/lib/python3.8/site-packages/airflow/example_dags/example_xcom.py
[2023-11-04 14:16:26,586] {processor.py:654} INFO - DAG(s) dict_keys(['example_xcom']) retrieved from /home/airflow/.local/lib/python3.8/site-packages/airflow/example_dags/example_xcom.py
[2023-11-04 14:16:26,934] {logging_mixin.py:109} INFO - [2023-11-04 14:16:26,934] {dag.py:2398} INFO - Sync 1 DAGs
[2023-11-04 14:16:26,954] {logging_mixin.py:109} INFO - [2023-11-04 14:16:26,954] {dag.py:2937} INFO - Setting next_dagrun for example_xcom to 2021-01-01T00:00:00+00:00
[2023-11-04 14:16:26,970] {processor.py:171} INFO - Processing /home/airflow/.local/lib/python3.8/site-packages/airflow/example_dags/example_xcom.py took 0.469 seconds
[2023-11-04 14:16:57,450] {processor.py:163} INFO - Started process (PID=572) to work on /home/airflow/.local/lib/python3.8/site-packages/airflow/example_dags/example_xcom.py
[2023-11-04 14:16:57,453] {processor.py:642} INFO - Processing file /home/airflow/.local/lib/python3.8/site-packages/airflow/example_dags/example_xcom.py for tasks to queue
[2023-11-04 14:16:57,455] {logging_mixin.py:109} INFO - [2023-11-04 14:16:57,455] {dagbag.py:500} INFO - Filling up the DagBag from /home/airflow/.local/lib/python3.8/site-packages/airflow/example_dags/example_xcom.py
[2023-11-04 14:16:57,531] {processor.py:654} INFO - DAG(s) dict_keys(['example_xcom']) retrieved from /home/airflow/.local/lib/python3.8/site-packages/airflow/example_dags/example_xcom.py
[2023-11-04 14:16:57,871] {logging_mixin.py:109} INFO - [2023-11-04 14:16:57,871] {dag.py:2398} INFO - Sync 1 DAGs
[2023-11-04 14:16:57,892] {logging_mixin.py:109} INFO - [2023-11-04 14:16:57,892] {dag.py:2937} INFO - Setting next_dagrun for example_xcom to 2021-01-01T00:00:00+00:00
[2023-11-04 14:16:57,909] {processor.py:171} INFO - Processing /home/airflow/.local/lib/python3.8/site-packages/airflow/example_dags/example_xcom.py took 0.465 seconds
[2023-11-04 14:17:28,732] {processor.py:163} INFO - Started process (PID=621) to work on /home/airflow/.local/lib/python3.8/site-packages/airflow/example_dags/example_xcom.py
[2023-11-04 14:17:28,735] {processor.py:642} INFO - Processing file /home/airflow/.local/lib/python3.8/site-packages/airflow/example_dags/example_xcom.py for tasks to queue
[2023-11-04 14:17:28,737] {logging_mixin.py:109} INFO - [2023-11-04 14:17:28,736] {dagbag.py:500} INFO - Filling up the DagBag from /home/airflow/.local/lib/python3.8/site-packages/airflow/example_dags/example_xcom.py
[2023-11-04 14:17:28,799] {processor.py:654} INFO - DAG(s) dict_keys(['example_xcom']) retrieved from /home/airflow/.local/lib/python3.8/site-packages/airflow/example_dags/example_xcom.py
[2023-11-04 14:17:29,087] {logging_mixin.py:109} INFO - [2023-11-04 14:17:29,086] {dag.py:2398} INFO - Sync 1 DAGs
[2023-11-04 14:17:29,109] {logging_mixin.py:109} INFO - [2023-11-04 14:17:29,109] {dag.py:2937} INFO - Setting next_dagrun for example_xcom to 2021-01-01T00:00:00+00:00
[2023-11-04 14:17:29,125] {processor.py:171} INFO - Processing /home/airflow/.local/lib/python3.8/site-packages/airflow/example_dags/example_xcom.py took 0.400 seconds
[2023-11-04 14:17:59,238] {processor.py:163} INFO - Started process (PID=678) to work on /home/airflow/.local/lib/python3.8/site-packages/airflow/example_dags/example_xcom.py
[2023-11-04 14:17:59,241] {processor.py:642} INFO - Processing file /home/airflow/.local/lib/python3.8/site-packages/airflow/example_dags/example_xcom.py for tasks to queue
[2023-11-04 14:17:59,243] {logging_mixin.py:109} INFO - [2023-11-04 14:17:59,243] {dagbag.py:500} INFO - Filling up the DagBag from /home/airflow/.local/lib/python3.8/site-packages/airflow/example_dags/example_xcom.py
[2023-11-04 14:17:59,319] {processor.py:654} INFO - DAG(s) dict_keys(['example_xcom']) retrieved from /home/airflow/.local/lib/python3.8/site-packages/airflow/example_dags/example_xcom.py
[2023-11-04 14:17:59,604] {logging_mixin.py:109} INFO - [2023-11-04 14:17:59,604] {dag.py:2398} INFO - Sync 1 DAGs
[2023-11-04 14:17:59,623] {logging_mixin.py:109} INFO - [2023-11-04 14:17:59,623] {dag.py:2937} INFO - Setting next_dagrun for example_xcom to 2021-01-01T00:00:00+00:00
[2023-11-04 14:17:59,638] {processor.py:171} INFO - Processing /home/airflow/.local/lib/python3.8/site-packages/airflow/example_dags/example_xcom.py took 0.408 seconds
[2023-11-04 14:18:30,015] {processor.py:163} INFO - Started process (PID=725) to work on /home/airflow/.local/lib/python3.8/site-packages/airflow/example_dags/example_xcom.py
[2023-11-04 14:18:30,017] {processor.py:642} INFO - Processing file /home/airflow/.local/lib/python3.8/site-packages/airflow/example_dags/example_xcom.py for tasks to queue
[2023-11-04 14:18:30,019] {logging_mixin.py:109} INFO - [2023-11-04 14:18:30,019] {dagbag.py:500} INFO - Filling up the DagBag from /home/airflow/.local/lib/python3.8/site-packages/airflow/example_dags/example_xcom.py
[2023-11-04 14:18:30,074] {processor.py:654} INFO - DAG(s) dict_keys(['example_xcom']) retrieved from /home/airflow/.local/lib/python3.8/site-packages/airflow/example_dags/example_xcom.py
[2023-11-04 14:18:30,422] {logging_mixin.py:109} INFO - [2023-11-04 14:18:30,422] {dag.py:2398} INFO - Sync 1 DAGs
[2023-11-04 14:18:30,440] {logging_mixin.py:109} INFO - [2023-11-04 14:18:30,440] {dag.py:2937} INFO - Setting next_dagrun for example_xcom to 2021-01-01T00:00:00+00:00
[2023-11-04 14:18:30,454] {processor.py:171} INFO - Processing /home/airflow/.local/lib/python3.8/site-packages/airflow/example_dags/example_xcom.py took 0.444 seconds
[2023-11-04 14:19:01,385] {processor.py:163} INFO - Started process (PID=775) to work on /home/airflow/.local/lib/python3.8/site-packages/airflow/example_dags/example_xcom.py
[2023-11-04 14:19:01,388] {processor.py:642} INFO - Processing file /home/airflow/.local/lib/python3.8/site-packages/airflow/example_dags/example_xcom.py for tasks to queue
[2023-11-04 14:19:01,389] {logging_mixin.py:109} INFO - [2023-11-04 14:19:01,389] {dagbag.py:500} INFO - Filling up the DagBag from /home/airflow/.local/lib/python3.8/site-packages/airflow/example_dags/example_xcom.py
[2023-11-04 14:19:01,446] {processor.py:654} INFO - DAG(s) dict_keys(['example_xcom']) retrieved from /home/airflow/.local/lib/python3.8/site-packages/airflow/example_dags/example_xcom.py
[2023-11-04 14:19:01,725] {logging_mixin.py:109} INFO - [2023-11-04 14:19:01,725] {dag.py:2398} INFO - Sync 1 DAGs
[2023-11-04 14:19:01,742] {logging_mixin.py:109} INFO - [2023-11-04 14:19:01,742] {dag.py:2937} INFO - Setting next_dagrun for example_xcom to 2021-01-01T00:00:00+00:00
[2023-11-04 14:19:01,756] {processor.py:171} INFO - Processing /home/airflow/.local/lib/python3.8/site-packages/airflow/example_dags/example_xcom.py took 0.377 seconds
[2023-11-04 14:19:32,535] {processor.py:163} INFO - Started process (PID=832) to work on /home/airflow/.local/lib/python3.8/site-packages/airflow/example_dags/example_xcom.py
[2023-11-04 14:19:32,538] {processor.py:642} INFO - Processing file /home/airflow/.local/lib/python3.8/site-packages/airflow/example_dags/example_xcom.py for tasks to queue
[2023-11-04 14:19:32,539] {logging_mixin.py:109} INFO - [2023-11-04 14:19:32,539] {dagbag.py:500} INFO - Filling up the DagBag from /home/airflow/.local/lib/python3.8/site-packages/airflow/example_dags/example_xcom.py
[2023-11-04 14:19:32,599] {processor.py:654} INFO - DAG(s) dict_keys(['example_xcom']) retrieved from /home/airflow/.local/lib/python3.8/site-packages/airflow/example_dags/example_xcom.py
[2023-11-04 14:19:32,958] {logging_mixin.py:109} INFO - [2023-11-04 14:19:32,958] {dag.py:2398} INFO - Sync 1 DAGs
[2023-11-04 14:19:32,976] {logging_mixin.py:109} INFO - [2023-11-04 14:19:32,976] {dag.py:2937} INFO - Setting next_dagrun for example_xcom to 2021-01-01T00:00:00+00:00
[2023-11-04 14:19:32,991] {processor.py:171} INFO - Processing /home/airflow/.local/lib/python3.8/site-packages/airflow/example_dags/example_xcom.py took 0.461 seconds
[2023-11-04 14:20:03,223] {processor.py:163} INFO - Started process (PID=881) to work on /home/airflow/.local/lib/python3.8/site-packages/airflow/example_dags/example_xcom.py
[2023-11-04 14:20:03,225] {processor.py:642} INFO - Processing file /home/airflow/.local/lib/python3.8/site-packages/airflow/example_dags/example_xcom.py for tasks to queue
[2023-11-04 14:20:03,227] {logging_mixin.py:109} INFO - [2023-11-04 14:20:03,227] {dagbag.py:500} INFO - Filling up the DagBag from /home/airflow/.local/lib/python3.8/site-packages/airflow/example_dags/example_xcom.py
[2023-11-04 14:20:03,280] {processor.py:654} INFO - DAG(s) dict_keys(['example_xcom']) retrieved from /home/airflow/.local/lib/python3.8/site-packages/airflow/example_dags/example_xcom.py
[2023-11-04 14:20:03,535] {logging_mixin.py:109} INFO - [2023-11-04 14:20:03,535] {dag.py:2398} INFO - Sync 1 DAGs
[2023-11-04 14:20:03,553] {logging_mixin.py:109} INFO - [2023-11-04 14:20:03,553] {dag.py:2937} INFO - Setting next_dagrun for example_xcom to 2021-01-01T00:00:00+00:00
[2023-11-04 14:20:03,567] {processor.py:171} INFO - Processing /home/airflow/.local/lib/python3.8/site-packages/airflow/example_dags/example_xcom.py took 0.349 seconds
[2023-11-04 14:20:33,612] {processor.py:163} INFO - Started process (PID=932) to work on /home/airflow/.local/lib/python3.8/site-packages/airflow/example_dags/example_xcom.py
[2023-11-04 14:20:33,614] {processor.py:642} INFO - Processing file /home/airflow/.local/lib/python3.8/site-packages/airflow/example_dags/example_xcom.py for tasks to queue
[2023-11-04 14:20:33,615] {logging_mixin.py:109} INFO - [2023-11-04 14:20:33,615] {dagbag.py:500} INFO - Filling up the DagBag from /home/airflow/.local/lib/python3.8/site-packages/airflow/example_dags/example_xcom.py
[2023-11-04 14:20:33,669] {processor.py:654} INFO - DAG(s) dict_keys(['example_xcom']) retrieved from /home/airflow/.local/lib/python3.8/site-packages/airflow/example_dags/example_xcom.py
[2023-11-04 14:20:33,926] {logging_mixin.py:109} INFO - [2023-11-04 14:20:33,926] {dag.py:2398} INFO - Sync 1 DAGs
[2023-11-04 14:20:33,943] {logging_mixin.py:109} INFO - [2023-11-04 14:20:33,943] {dag.py:2937} INFO - Setting next_dagrun for example_xcom to 2021-01-01T00:00:00+00:00
[2023-11-04 14:20:33,956] {processor.py:171} INFO - Processing /home/airflow/.local/lib/python3.8/site-packages/airflow/example_dags/example_xcom.py took 0.349 seconds
[2023-11-04 14:21:04,374] {processor.py:163} INFO - Started process (PID=989) to work on /home/airflow/.local/lib/python3.8/site-packages/airflow/example_dags/example_xcom.py
[2023-11-04 14:21:04,377] {processor.py:642} INFO - Processing file /home/airflow/.local/lib/python3.8/site-packages/airflow/example_dags/example_xcom.py for tasks to queue
[2023-11-04 14:21:04,378] {logging_mixin.py:109} INFO - [2023-11-04 14:21:04,378] {dagbag.py:500} INFO - Filling up the DagBag from /home/airflow/.local/lib/python3.8/site-packages/airflow/example_dags/example_xcom.py
[2023-11-04 14:21:04,429] {processor.py:654} INFO - DAG(s) dict_keys(['example_xcom']) retrieved from /home/airflow/.local/lib/python3.8/site-packages/airflow/example_dags/example_xcom.py
[2023-11-04 14:21:04,695] {logging_mixin.py:109} INFO - [2023-11-04 14:21:04,694] {dag.py:2398} INFO - Sync 1 DAGs
[2023-11-04 14:21:04,712] {logging_mixin.py:109} INFO - [2023-11-04 14:21:04,711] {dag.py:2937} INFO - Setting next_dagrun for example_xcom to 2021-01-01T00:00:00+00:00
[2023-11-04 14:21:04,725] {processor.py:171} INFO - Processing /home/airflow/.local/lib/python3.8/site-packages/airflow/example_dags/example_xcom.py took 0.357 seconds
[2023-11-04 14:21:35,863] {processor.py:163} INFO - Started process (PID=1042) to work on /home/airflow/.local/lib/python3.8/site-packages/airflow/example_dags/example_xcom.py
[2023-11-04 14:21:35,865] {processor.py:642} INFO - Processing file /home/airflow/.local/lib/python3.8/site-packages/airflow/example_dags/example_xcom.py for tasks to queue
[2023-11-04 14:21:35,867] {logging_mixin.py:109} INFO - [2023-11-04 14:21:35,867] {dagbag.py:500} INFO - Filling up the DagBag from /home/airflow/.local/lib/python3.8/site-packages/airflow/example_dags/example_xcom.py
[2023-11-04 14:21:35,922] {processor.py:654} INFO - DAG(s) dict_keys(['example_xcom']) retrieved from /home/airflow/.local/lib/python3.8/site-packages/airflow/example_dags/example_xcom.py
[2023-11-04 14:21:36,199] {logging_mixin.py:109} INFO - [2023-11-04 14:21:36,199] {dag.py:2398} INFO - Sync 1 DAGs
[2023-11-04 14:21:36,220] {logging_mixin.py:109} INFO - [2023-11-04 14:21:36,220] {dag.py:2937} INFO - Setting next_dagrun for example_xcom to 2021-01-01T00:00:00+00:00
[2023-11-04 14:21:36,233] {processor.py:171} INFO - Processing /home/airflow/.local/lib/python3.8/site-packages/airflow/example_dags/example_xcom.py took 0.376 seconds
[2023-11-04 14:22:07,093] {processor.py:163} INFO - Started process (PID=1100) to work on /home/airflow/.local/lib/python3.8/site-packages/airflow/example_dags/example_xcom.py
[2023-11-04 14:22:07,096] {processor.py:642} INFO - Processing file /home/airflow/.local/lib/python3.8/site-packages/airflow/example_dags/example_xcom.py for tasks to queue
[2023-11-04 14:22:07,097] {logging_mixin.py:109} INFO - [2023-11-04 14:22:07,097] {dagbag.py:500} INFO - Filling up the DagBag from /home/airflow/.local/lib/python3.8/site-packages/airflow/example_dags/example_xcom.py
[2023-11-04 14:22:07,154] {processor.py:654} INFO - DAG(s) dict_keys(['example_xcom']) retrieved from /home/airflow/.local/lib/python3.8/site-packages/airflow/example_dags/example_xcom.py
[2023-11-04 14:22:07,420] {logging_mixin.py:109} INFO - [2023-11-04 14:22:07,419] {dag.py:2398} INFO - Sync 1 DAGs
[2023-11-04 14:22:07,437] {logging_mixin.py:109} INFO - [2023-11-04 14:22:07,437] {dag.py:2937} INFO - Setting next_dagrun for example_xcom to 2021-01-01T00:00:00+00:00
[2023-11-04 14:22:07,450] {processor.py:171} INFO - Processing /home/airflow/.local/lib/python3.8/site-packages/airflow/example_dags/example_xcom.py took 0.362 seconds
[2023-11-04 14:22:38,102] {processor.py:163} INFO - Started process (PID=1149) to work on /home/airflow/.local/lib/python3.8/site-packages/airflow/example_dags/example_xcom.py
[2023-11-04 14:22:38,104] {processor.py:642} INFO - Processing file /home/airflow/.local/lib/python3.8/site-packages/airflow/example_dags/example_xcom.py for tasks to queue
[2023-11-04 14:22:38,106] {logging_mixin.py:109} INFO - [2023-11-04 14:22:38,106] {dagbag.py:500} INFO - Filling up the DagBag from /home/airflow/.local/lib/python3.8/site-packages/airflow/example_dags/example_xcom.py
[2023-11-04 14:22:38,165] {processor.py:654} INFO - DAG(s) dict_keys(['example_xcom']) retrieved from /home/airflow/.local/lib/python3.8/site-packages/airflow/example_dags/example_xcom.py
[2023-11-04 14:22:38,458] {logging_mixin.py:109} INFO - [2023-11-04 14:22:38,458] {dag.py:2398} INFO - Sync 1 DAGs
[2023-11-04 14:22:38,476] {logging_mixin.py:109} INFO - [2023-11-04 14:22:38,476] {dag.py:2937} INFO - Setting next_dagrun for example_xcom to 2021-01-01T00:00:00+00:00
[2023-11-04 14:22:38,489] {processor.py:171} INFO - Processing /home/airflow/.local/lib/python3.8/site-packages/airflow/example_dags/example_xcom.py took 0.393 seconds
[2023-11-04 14:23:09,578] {processor.py:163} INFO - Started process (PID=1206) to work on /home/airflow/.local/lib/python3.8/site-packages/airflow/example_dags/example_xcom.py
[2023-11-04 14:23:09,581] {processor.py:642} INFO - Processing file /home/airflow/.local/lib/python3.8/site-packages/airflow/example_dags/example_xcom.py for tasks to queue
[2023-11-04 14:23:09,583] {logging_mixin.py:109} INFO - [2023-11-04 14:23:09,583] {dagbag.py:500} INFO - Filling up the DagBag from /home/airflow/.local/lib/python3.8/site-packages/airflow/example_dags/example_xcom.py
[2023-11-04 14:23:09,642] {processor.py:654} INFO - DAG(s) dict_keys(['example_xcom']) retrieved from /home/airflow/.local/lib/python3.8/site-packages/airflow/example_dags/example_xcom.py
[2023-11-04 14:23:09,939] {logging_mixin.py:109} INFO - [2023-11-04 14:23:09,939] {dag.py:2398} INFO - Sync 1 DAGs
[2023-11-04 14:23:09,981] {logging_mixin.py:109} INFO - [2023-11-04 14:23:09,981] {dag.py:2937} INFO - Setting next_dagrun for example_xcom to 2021-01-01T00:00:00+00:00
[2023-11-04 14:23:09,999] {processor.py:171} INFO - Processing /home/airflow/.local/lib/python3.8/site-packages/airflow/example_dags/example_xcom.py took 0.427 seconds
[2023-11-04 14:23:40,033] {processor.py:163} INFO - Started process (PID=1255) to work on /home/airflow/.local/lib/python3.8/site-packages/airflow/example_dags/example_xcom.py
[2023-11-04 14:23:40,035] {processor.py:642} INFO - Processing file /home/airflow/.local/lib/python3.8/site-packages/airflow/example_dags/example_xcom.py for tasks to queue
[2023-11-04 14:23:40,037] {logging_mixin.py:109} INFO - [2023-11-04 14:23:40,037] {dagbag.py:500} INFO - Filling up the DagBag from /home/airflow/.local/lib/python3.8/site-packages/airflow/example_dags/example_xcom.py
[2023-11-04 14:23:40,089] {processor.py:654} INFO - DAG(s) dict_keys(['example_xcom']) retrieved from /home/airflow/.local/lib/python3.8/site-packages/airflow/example_dags/example_xcom.py
[2023-11-04 14:23:40,361] {logging_mixin.py:109} INFO - [2023-11-04 14:23:40,361] {dag.py:2398} INFO - Sync 1 DAGs
[2023-11-04 14:23:40,377] {logging_mixin.py:109} INFO - [2023-11-04 14:23:40,377] {dag.py:2937} INFO - Setting next_dagrun for example_xcom to 2021-01-01T00:00:00+00:00
[2023-11-04 14:23:40,390] {processor.py:171} INFO - Processing /home/airflow/.local/lib/python3.8/site-packages/airflow/example_dags/example_xcom.py took 0.362 seconds
[2023-11-04 14:24:10,933] {processor.py:163} INFO - Started process (PID=1302) to work on /home/airflow/.local/lib/python3.8/site-packages/airflow/example_dags/example_xcom.py
[2023-11-04 14:24:10,936] {processor.py:642} INFO - Processing file /home/airflow/.local/lib/python3.8/site-packages/airflow/example_dags/example_xcom.py for tasks to queue
[2023-11-04 14:24:10,937] {logging_mixin.py:109} INFO - [2023-11-04 14:24:10,937] {dagbag.py:500} INFO - Filling up the DagBag from /home/airflow/.local/lib/python3.8/site-packages/airflow/example_dags/example_xcom.py
[2023-11-04 14:24:10,989] {processor.py:654} INFO - DAG(s) dict_keys(['example_xcom']) retrieved from /home/airflow/.local/lib/python3.8/site-packages/airflow/example_dags/example_xcom.py
[2023-11-04 14:24:11,254] {logging_mixin.py:109} INFO - [2023-11-04 14:24:11,254] {dag.py:2398} INFO - Sync 1 DAGs
[2023-11-04 14:24:11,270] {logging_mixin.py:109} INFO - [2023-11-04 14:24:11,270] {dag.py:2937} INFO - Setting next_dagrun for example_xcom to 2021-01-01T00:00:00+00:00
[2023-11-04 14:24:11,283] {processor.py:171} INFO - Processing /home/airflow/.local/lib/python3.8/site-packages/airflow/example_dags/example_xcom.py took 0.355 seconds
[2023-11-04 14:24:41,613] {processor.py:163} INFO - Started process (PID=1358) to work on /home/airflow/.local/lib/python3.8/site-packages/airflow/example_dags/example_xcom.py
[2023-11-04 14:24:41,615] {processor.py:642} INFO - Processing file /home/airflow/.local/lib/python3.8/site-packages/airflow/example_dags/example_xcom.py for tasks to queue
[2023-11-04 14:24:41,617] {logging_mixin.py:109} INFO - [2023-11-04 14:24:41,617] {dagbag.py:500} INFO - Filling up the DagBag from /home/airflow/.local/lib/python3.8/site-packages/airflow/example_dags/example_xcom.py
[2023-11-04 14:24:41,672] {processor.py:654} INFO - DAG(s) dict_keys(['example_xcom']) retrieved from /home/airflow/.local/lib/python3.8/site-packages/airflow/example_dags/example_xcom.py
[2023-11-04 14:24:41,982] {logging_mixin.py:109} INFO - [2023-11-04 14:24:41,982] {dag.py:2398} INFO - Sync 1 DAGs
[2023-11-04 14:24:42,001] {logging_mixin.py:109} INFO - [2023-11-04 14:24:42,001] {dag.py:2937} INFO - Setting next_dagrun for example_xcom to 2021-01-01T00:00:00+00:00
[2023-11-04 14:24:42,016] {processor.py:171} INFO - Processing /home/airflow/.local/lib/python3.8/site-packages/airflow/example_dags/example_xcom.py took 0.408 seconds
[2023-11-04 14:25:12,836] {processor.py:163} INFO - Started process (PID=1407) to work on /home/airflow/.local/lib/python3.8/site-packages/airflow/example_dags/example_xcom.py
[2023-11-04 14:25:12,841] {processor.py:642} INFO - Processing file /home/airflow/.local/lib/python3.8/site-packages/airflow/example_dags/example_xcom.py for tasks to queue
[2023-11-04 14:25:12,843] {logging_mixin.py:109} INFO - [2023-11-04 14:25:12,843] {dagbag.py:500} INFO - Filling up the DagBag from /home/airflow/.local/lib/python3.8/site-packages/airflow/example_dags/example_xcom.py
[2023-11-04 14:25:12,927] {processor.py:654} INFO - DAG(s) dict_keys(['example_xcom']) retrieved from /home/airflow/.local/lib/python3.8/site-packages/airflow/example_dags/example_xcom.py
[2023-11-04 14:25:13,232] {logging_mixin.py:109} INFO - [2023-11-04 14:25:13,232] {dag.py:2398} INFO - Sync 1 DAGs
[2023-11-04 14:25:13,253] {logging_mixin.py:109} INFO - [2023-11-04 14:25:13,253] {dag.py:2937} INFO - Setting next_dagrun for example_xcom to 2021-01-01T00:00:00+00:00
[2023-11-04 14:25:13,266] {processor.py:171} INFO - Processing /home/airflow/.local/lib/python3.8/site-packages/airflow/example_dags/example_xcom.py took 0.437 seconds
[2023-11-04 14:25:43,408] {processor.py:163} INFO - Started process (PID=1464) to work on /home/airflow/.local/lib/python3.8/site-packages/airflow/example_dags/example_xcom.py
[2023-11-04 14:25:43,411] {processor.py:642} INFO - Processing file /home/airflow/.local/lib/python3.8/site-packages/airflow/example_dags/example_xcom.py for tasks to queue
[2023-11-04 14:25:43,413] {logging_mixin.py:109} INFO - [2023-11-04 14:25:43,413] {dagbag.py:500} INFO - Filling up the DagBag from /home/airflow/.local/lib/python3.8/site-packages/airflow/example_dags/example_xcom.py
[2023-11-04 14:25:43,480] {processor.py:654} INFO - DAG(s) dict_keys(['example_xcom']) retrieved from /home/airflow/.local/lib/python3.8/site-packages/airflow/example_dags/example_xcom.py
[2023-11-04 14:25:43,778] {logging_mixin.py:109} INFO - [2023-11-04 14:25:43,778] {dag.py:2398} INFO - Sync 1 DAGs
[2023-11-04 14:25:43,813] {logging_mixin.py:109} INFO - [2023-11-04 14:25:43,812] {dag.py:2937} INFO - Setting next_dagrun for example_xcom to 2021-01-01T00:00:00+00:00
[2023-11-04 14:25:43,829] {processor.py:171} INFO - Processing /home/airflow/.local/lib/python3.8/site-packages/airflow/example_dags/example_xcom.py took 0.427 seconds
[2023-11-04 14:26:14,530] {processor.py:163} INFO - Started process (PID=1514) to work on /home/airflow/.local/lib/python3.8/site-packages/airflow/example_dags/example_xcom.py
[2023-11-04 14:26:14,534] {processor.py:642} INFO - Processing file /home/airflow/.local/lib/python3.8/site-packages/airflow/example_dags/example_xcom.py for tasks to queue
[2023-11-04 14:26:14,536] {logging_mixin.py:109} INFO - [2023-11-04 14:26:14,536] {dagbag.py:500} INFO - Filling up the DagBag from /home/airflow/.local/lib/python3.8/site-packages/airflow/example_dags/example_xcom.py
[2023-11-04 14:26:14,590] {processor.py:654} INFO - DAG(s) dict_keys(['example_xcom']) retrieved from /home/airflow/.local/lib/python3.8/site-packages/airflow/example_dags/example_xcom.py
[2023-11-04 14:26:14,852] {logging_mixin.py:109} INFO - [2023-11-04 14:26:14,852] {dag.py:2398} INFO - Sync 1 DAGs
[2023-11-04 14:26:14,871] {logging_mixin.py:109} INFO - [2023-11-04 14:26:14,871] {dag.py:2937} INFO - Setting next_dagrun for example_xcom to 2021-01-01T00:00:00+00:00
[2023-11-04 14:26:14,884] {processor.py:171} INFO - Processing /home/airflow/.local/lib/python3.8/site-packages/airflow/example_dags/example_xcom.py took 0.359 seconds
[2023-11-04 14:28:09,142] {processor.py:163} INFO - Started process (PID=48) to work on /home/airflow/.local/lib/python3.8/site-packages/airflow/example_dags/example_xcom.py
[2023-11-04 14:28:09,146] {processor.py:642} INFO - Processing file /home/airflow/.local/lib/python3.8/site-packages/airflow/example_dags/example_xcom.py for tasks to queue
[2023-11-04 14:28:09,164] {logging_mixin.py:109} INFO - [2023-11-04 14:28:09,164] {dagbag.py:500} INFO - Filling up the DagBag from /home/airflow/.local/lib/python3.8/site-packages/airflow/example_dags/example_xcom.py
[2023-11-04 14:28:09,265] {processor.py:654} INFO - DAG(s) dict_keys(['example_xcom']) retrieved from /home/airflow/.local/lib/python3.8/site-packages/airflow/example_dags/example_xcom.py
[2023-11-04 14:28:09,617] {logging_mixin.py:109} INFO - [2023-11-04 14:28:09,617] {dag.py:2398} INFO - Sync 1 DAGs
[2023-11-04 14:28:09,648] {logging_mixin.py:109} INFO - [2023-11-04 14:28:09,648] {dag.py:2937} INFO - Setting next_dagrun for example_xcom to 2021-01-01T00:00:00+00:00
[2023-11-04 14:28:09,664] {processor.py:171} INFO - Processing /home/airflow/.local/lib/python3.8/site-packages/airflow/example_dags/example_xcom.py took 0.529 seconds
[2023-11-04 14:28:39,983] {processor.py:163} INFO - Started process (PID=98) to work on /home/airflow/.local/lib/python3.8/site-packages/airflow/example_dags/example_xcom.py
[2023-11-04 14:28:39,985] {processor.py:642} INFO - Processing file /home/airflow/.local/lib/python3.8/site-packages/airflow/example_dags/example_xcom.py for tasks to queue
[2023-11-04 14:28:39,987] {logging_mixin.py:109} INFO - [2023-11-04 14:28:39,987] {dagbag.py:500} INFO - Filling up the DagBag from /home/airflow/.local/lib/python3.8/site-packages/airflow/example_dags/example_xcom.py
[2023-11-04 14:28:40,040] {processor.py:654} INFO - DAG(s) dict_keys(['example_xcom']) retrieved from /home/airflow/.local/lib/python3.8/site-packages/airflow/example_dags/example_xcom.py
[2023-11-04 14:28:40,299] {logging_mixin.py:109} INFO - [2023-11-04 14:28:40,299] {dag.py:2398} INFO - Sync 1 DAGs
[2023-11-04 14:28:40,319] {logging_mixin.py:109} INFO - [2023-11-04 14:28:40,319] {dag.py:2937} INFO - Setting next_dagrun for example_xcom to 2021-01-01T00:00:00+00:00
[2023-11-04 14:28:40,333] {processor.py:171} INFO - Processing /home/airflow/.local/lib/python3.8/site-packages/airflow/example_dags/example_xcom.py took 0.355 seconds
[2023-11-04 14:29:10,603] {processor.py:163} INFO - Started process (PID=156) to work on /home/airflow/.local/lib/python3.8/site-packages/airflow/example_dags/example_xcom.py
[2023-11-04 14:29:10,605] {processor.py:642} INFO - Processing file /home/airflow/.local/lib/python3.8/site-packages/airflow/example_dags/example_xcom.py for tasks to queue
[2023-11-04 14:29:10,607] {logging_mixin.py:109} INFO - [2023-11-04 14:29:10,607] {dagbag.py:500} INFO - Filling up the DagBag from /home/airflow/.local/lib/python3.8/site-packages/airflow/example_dags/example_xcom.py
[2023-11-04 14:29:10,682] {processor.py:654} INFO - DAG(s) dict_keys(['example_xcom']) retrieved from /home/airflow/.local/lib/python3.8/site-packages/airflow/example_dags/example_xcom.py
[2023-11-04 14:29:10,963] {logging_mixin.py:109} INFO - [2023-11-04 14:29:10,963] {dag.py:2398} INFO - Sync 1 DAGs
[2023-11-04 14:29:10,982] {logging_mixin.py:109} INFO - [2023-11-04 14:29:10,982] {dag.py:2937} INFO - Setting next_dagrun for example_xcom to 2021-01-01T00:00:00+00:00
[2023-11-04 14:29:10,997] {processor.py:171} INFO - Processing /home/airflow/.local/lib/python3.8/site-packages/airflow/example_dags/example_xcom.py took 0.399 seconds
[2023-11-04 14:29:41,109] {processor.py:163} INFO - Started process (PID=205) to work on /home/airflow/.local/lib/python3.8/site-packages/airflow/example_dags/example_xcom.py
[2023-11-04 14:29:41,111] {processor.py:642} INFO - Processing file /home/airflow/.local/lib/python3.8/site-packages/airflow/example_dags/example_xcom.py for tasks to queue
[2023-11-04 14:29:41,112] {logging_mixin.py:109} INFO - [2023-11-04 14:29:41,112] {dagbag.py:500} INFO - Filling up the DagBag from /home/airflow/.local/lib/python3.8/site-packages/airflow/example_dags/example_xcom.py
[2023-11-04 14:29:41,163] {processor.py:654} INFO - DAG(s) dict_keys(['example_xcom']) retrieved from /home/airflow/.local/lib/python3.8/site-packages/airflow/example_dags/example_xcom.py
[2023-11-04 14:29:41,425] {logging_mixin.py:109} INFO - [2023-11-04 14:29:41,425] {dag.py:2398} INFO - Sync 1 DAGs
[2023-11-04 14:29:41,442] {logging_mixin.py:109} INFO - [2023-11-04 14:29:41,442] {dag.py:2937} INFO - Setting next_dagrun for example_xcom to 2021-01-01T00:00:00+00:00
[2023-11-04 14:29:41,454] {processor.py:171} INFO - Processing /home/airflow/.local/lib/python3.8/site-packages/airflow/example_dags/example_xcom.py took 0.351 seconds
[2023-11-04 14:30:11,963] {processor.py:163} INFO - Started process (PID=259) to work on /home/airflow/.local/lib/python3.8/site-packages/airflow/example_dags/example_xcom.py
[2023-11-04 14:30:11,966] {processor.py:642} INFO - Processing file /home/airflow/.local/lib/python3.8/site-packages/airflow/example_dags/example_xcom.py for tasks to queue
[2023-11-04 14:30:11,969] {logging_mixin.py:109} INFO - [2023-11-04 14:30:11,969] {dagbag.py:500} INFO - Filling up the DagBag from /home/airflow/.local/lib/python3.8/site-packages/airflow/example_dags/example_xcom.py
[2023-11-04 14:30:12,032] {processor.py:654} INFO - DAG(s) dict_keys(['example_xcom']) retrieved from /home/airflow/.local/lib/python3.8/site-packages/airflow/example_dags/example_xcom.py
[2023-11-04 14:30:12,370] {logging_mixin.py:109} INFO - [2023-11-04 14:30:12,370] {dag.py:2398} INFO - Sync 1 DAGs
[2023-11-04 14:30:12,393] {logging_mixin.py:109} INFO - [2023-11-04 14:30:12,393] {dag.py:2937} INFO - Setting next_dagrun for example_xcom to 2021-01-01T00:00:00+00:00
[2023-11-04 14:30:12,413] {processor.py:171} INFO - Processing /home/airflow/.local/lib/python3.8/site-packages/airflow/example_dags/example_xcom.py took 0.455 seconds
[2023-11-04 14:30:43,352] {processor.py:163} INFO - Started process (PID=311) to work on /home/airflow/.local/lib/python3.8/site-packages/airflow/example_dags/example_xcom.py
[2023-11-04 14:30:43,354] {processor.py:642} INFO - Processing file /home/airflow/.local/lib/python3.8/site-packages/airflow/example_dags/example_xcom.py for tasks to queue
[2023-11-04 14:30:43,356] {logging_mixin.py:109} INFO - [2023-11-04 14:30:43,356] {dagbag.py:500} INFO - Filling up the DagBag from /home/airflow/.local/lib/python3.8/site-packages/airflow/example_dags/example_xcom.py
[2023-11-04 14:30:43,413] {processor.py:654} INFO - DAG(s) dict_keys(['example_xcom']) retrieved from /home/airflow/.local/lib/python3.8/site-packages/airflow/example_dags/example_xcom.py
[2023-11-04 14:30:43,705] {logging_mixin.py:109} INFO - [2023-11-04 14:30:43,705] {dag.py:2398} INFO - Sync 1 DAGs
[2023-11-04 14:30:43,727] {logging_mixin.py:109} INFO - [2023-11-04 14:30:43,727] {dag.py:2937} INFO - Setting next_dagrun for example_xcom to 2021-01-01T00:00:00+00:00
[2023-11-04 14:30:43,760] {processor.py:171} INFO - Processing /home/airflow/.local/lib/python3.8/site-packages/airflow/example_dags/example_xcom.py took 0.412 seconds
