[2023-11-04 13:41:03,249] {processor.py:163} INFO - Started process (PID=69) to work on /home/airflow/.local/lib/python3.8/site-packages/airflow/example_dags/example_nested_branch_dag.py
[2023-11-04 13:41:03,255] {processor.py:642} INFO - Processing file /home/airflow/.local/lib/python3.8/site-packages/airflow/example_dags/example_nested_branch_dag.py for tasks to queue
[2023-11-04 13:41:03,264] {logging_mixin.py:109} INFO - [2023-11-04 13:41:03,263] {dagbag.py:500} INFO - Filling up the DagBag from /home/airflow/.local/lib/python3.8/site-packages/airflow/example_dags/example_nested_branch_dag.py
[2023-11-04 13:41:03,391] {processor.py:654} INFO - DAG(s) dict_keys(['example_nested_branch_dag']) retrieved from /home/airflow/.local/lib/python3.8/site-packages/airflow/example_dags/example_nested_branch_dag.py
[2023-11-04 13:41:05,840] {logging_mixin.py:109} INFO - [2023-11-04 13:41:05,839] {providers_manager.py:154} WARNING - Exception when importing 'airflow.providers.google.common.hooks.base_google.GoogleBaseHook' from 'apache-airflow-providers-google' package: module 'pyparsing' has no attribute 'downcaseTokens'
[2023-11-04 13:41:05,846] {logging_mixin.py:109} INFO - [2023-11-04 13:41:05,846] {providers_manager.py:154} WARNING - Exception when importing 'airflow.providers.google.cloud.hooks.cloud_sql.CloudSQLHook' from 'apache-airflow-providers-google' package: module 'pyparsing' has no attribute 'downcaseTokens'
[2023-11-04 13:41:05,851] {logging_mixin.py:109} INFO - [2023-11-04 13:41:05,851] {providers_manager.py:154} WARNING - Exception when importing 'airflow.providers.google.cloud.hooks.cloud_sql.CloudSQLDatabaseHook' from 'apache-airflow-providers-google' package: module 'pyparsing' has no attribute 'downcaseTokens'
[2023-11-04 13:41:06,058] {logging_mixin.py:109} INFO - [2023-11-04 13:41:06,058] {providers_manager.py:154} WARNING - Exception when importing 'airflow.providers.google.cloud.hooks.bigquery.BigQueryHook' from 'apache-airflow-providers-google' package: module 'pyparsing' has no attribute 'downcaseTokens'
[2023-11-04 13:41:06,082] {logging_mixin.py:109} INFO - [2023-11-04 13:41:06,082] {providers_manager.py:154} WARNING - Exception when importing 'airflow.providers.google.cloud.hooks.compute_ssh.ComputeEngineSSHHook' from 'apache-airflow-providers-google' package: module 'pyparsing' has no attribute 'downcaseTokens'
[2023-11-04 13:41:06,825] {logging_mixin.py:109} INFO - [2023-11-04 13:41:06,825] {providers_manager.py:154} WARNING - Exception when importing 'airflow.providers.google.common.hooks.base_google.GoogleBaseHook' from 'apache-airflow-providers-google' package: module 'pyparsing' has no attribute 'downcaseTokens'
[2023-11-04 13:41:06,837] {logging_mixin.py:109} INFO - [2023-11-04 13:41:06,837] {providers_manager.py:154} WARNING - Exception when importing 'airflow.providers.google.cloud.hooks.cloud_sql.CloudSQLHook' from 'apache-airflow-providers-google' package: module 'pyparsing' has no attribute 'downcaseTokens'
[2023-11-04 13:41:06,845] {logging_mixin.py:109} INFO - [2023-11-04 13:41:06,845] {providers_manager.py:154} WARNING - Exception when importing 'airflow.providers.google.cloud.hooks.cloud_sql.CloudSQLDatabaseHook' from 'apache-airflow-providers-google' package: module 'pyparsing' has no attribute 'downcaseTokens'
[2023-11-04 13:41:06,856] {logging_mixin.py:109} INFO - [2023-11-04 13:41:06,856] {providers_manager.py:154} WARNING - Exception when importing 'airflow.providers.google.cloud.hooks.bigquery.BigQueryHook' from 'apache-airflow-providers-google' package: module 'pyparsing' has no attribute 'downcaseTokens'
[2023-11-04 13:41:06,867] {logging_mixin.py:109} INFO - [2023-11-04 13:41:06,867] {providers_manager.py:154} WARNING - Exception when importing 'airflow.providers.google.cloud.hooks.compute_ssh.ComputeEngineSSHHook' from 'apache-airflow-providers-google' package: module 'pyparsing' has no attribute 'downcaseTokens'
[2023-11-04 13:41:06,898] {logging_mixin.py:109} INFO - [2023-11-04 13:41:06,897] {manager.py:496} INFO - Created Permission View: can read on DAG:example_nested_branch_dag
[2023-11-04 13:41:06,910] {logging_mixin.py:109} INFO - [2023-11-04 13:41:06,910] {manager.py:496} INFO - Created Permission View: can edit on DAG:example_nested_branch_dag
[2023-11-04 13:41:06,912] {logging_mixin.py:109} INFO - [2023-11-04 13:41:06,911] {dag.py:2398} INFO - Sync 1 DAGs
[2023-11-04 13:41:06,923] {logging_mixin.py:109} INFO - [2023-11-04 13:41:06,923] {dag.py:2417} INFO - Creating ORM DAG for example_nested_branch_dag
[2023-11-04 13:41:06,937] {logging_mixin.py:109} INFO - [2023-11-04 13:41:06,937] {dag.py:2937} INFO - Setting next_dagrun for example_nested_branch_dag to 2023-11-03 00:00:00+00:00
[2023-11-04 13:41:06,958] {processor.py:171} INFO - Processing /home/airflow/.local/lib/python3.8/site-packages/airflow/example_dags/example_nested_branch_dag.py took 3.719 seconds
[2023-11-04 13:41:52,337] {processor.py:163} INFO - Started process (PID=288) to work on /home/airflow/.local/lib/python3.8/site-packages/airflow/example_dags/example_nested_branch_dag.py
[2023-11-04 13:41:52,340] {processor.py:642} INFO - Processing file /home/airflow/.local/lib/python3.8/site-packages/airflow/example_dags/example_nested_branch_dag.py for tasks to queue
[2023-11-04 13:41:52,342] {logging_mixin.py:109} INFO - [2023-11-04 13:41:52,341] {dagbag.py:500} INFO - Filling up the DagBag from /home/airflow/.local/lib/python3.8/site-packages/airflow/example_dags/example_nested_branch_dag.py
[2023-11-04 13:41:52,397] {processor.py:654} INFO - DAG(s) dict_keys(['example_nested_branch_dag']) retrieved from /home/airflow/.local/lib/python3.8/site-packages/airflow/example_dags/example_nested_branch_dag.py
[2023-11-04 13:41:52,414] {logging_mixin.py:109} INFO - [2023-11-04 13:41:52,414] {dag.py:2398} INFO - Sync 1 DAGs
[2023-11-04 13:41:52,441] {logging_mixin.py:109} INFO - [2023-11-04 13:41:52,440] {dag.py:2937} INFO - Setting next_dagrun for example_nested_branch_dag to 2023-11-03 00:00:00+00:00
[2023-11-04 13:41:52,455] {processor.py:171} INFO - Processing /home/airflow/.local/lib/python3.8/site-packages/airflow/example_dags/example_nested_branch_dag.py took 0.123 seconds
[2023-11-04 13:42:23,197] {processor.py:163} INFO - Started process (PID=337) to work on /home/airflow/.local/lib/python3.8/site-packages/airflow/example_dags/example_nested_branch_dag.py
[2023-11-04 13:42:23,200] {processor.py:642} INFO - Processing file /home/airflow/.local/lib/python3.8/site-packages/airflow/example_dags/example_nested_branch_dag.py for tasks to queue
[2023-11-04 13:42:23,203] {logging_mixin.py:109} INFO - [2023-11-04 13:42:23,202] {dagbag.py:500} INFO - Filling up the DagBag from /home/airflow/.local/lib/python3.8/site-packages/airflow/example_dags/example_nested_branch_dag.py
[2023-11-04 13:42:23,272] {processor.py:654} INFO - DAG(s) dict_keys(['example_nested_branch_dag']) retrieved from /home/airflow/.local/lib/python3.8/site-packages/airflow/example_dags/example_nested_branch_dag.py
[2023-11-04 13:42:23,291] {logging_mixin.py:109} INFO - [2023-11-04 13:42:23,291] {dag.py:2398} INFO - Sync 1 DAGs
[2023-11-04 13:42:23,317] {logging_mixin.py:109} INFO - [2023-11-04 13:42:23,317] {dag.py:2937} INFO - Setting next_dagrun for example_nested_branch_dag to 2023-11-03 00:00:00+00:00
[2023-11-04 13:42:23,330] {processor.py:171} INFO - Processing /home/airflow/.local/lib/python3.8/site-packages/airflow/example_dags/example_nested_branch_dag.py took 0.138 seconds
[2023-11-04 13:42:53,535] {processor.py:163} INFO - Started process (PID=394) to work on /home/airflow/.local/lib/python3.8/site-packages/airflow/example_dags/example_nested_branch_dag.py
[2023-11-04 13:42:53,538] {processor.py:642} INFO - Processing file /home/airflow/.local/lib/python3.8/site-packages/airflow/example_dags/example_nested_branch_dag.py for tasks to queue
[2023-11-04 13:42:53,539] {logging_mixin.py:109} INFO - [2023-11-04 13:42:53,539] {dagbag.py:500} INFO - Filling up the DagBag from /home/airflow/.local/lib/python3.8/site-packages/airflow/example_dags/example_nested_branch_dag.py
[2023-11-04 13:42:53,589] {processor.py:654} INFO - DAG(s) dict_keys(['example_nested_branch_dag']) retrieved from /home/airflow/.local/lib/python3.8/site-packages/airflow/example_dags/example_nested_branch_dag.py
[2023-11-04 13:42:53,612] {logging_mixin.py:109} INFO - [2023-11-04 13:42:53,612] {dag.py:2398} INFO - Sync 1 DAGs
[2023-11-04 13:42:53,637] {logging_mixin.py:109} INFO - [2023-11-04 13:42:53,637] {dag.py:2937} INFO - Setting next_dagrun for example_nested_branch_dag to 2023-11-03 00:00:00+00:00
[2023-11-04 13:42:53,650] {processor.py:171} INFO - Processing /home/airflow/.local/lib/python3.8/site-packages/airflow/example_dags/example_nested_branch_dag.py took 0.120 seconds
[2023-11-04 13:43:24,536] {processor.py:163} INFO - Started process (PID=443) to work on /home/airflow/.local/lib/python3.8/site-packages/airflow/example_dags/example_nested_branch_dag.py
[2023-11-04 13:43:24,539] {processor.py:642} INFO - Processing file /home/airflow/.local/lib/python3.8/site-packages/airflow/example_dags/example_nested_branch_dag.py for tasks to queue
[2023-11-04 13:43:24,541] {logging_mixin.py:109} INFO - [2023-11-04 13:43:24,541] {dagbag.py:500} INFO - Filling up the DagBag from /home/airflow/.local/lib/python3.8/site-packages/airflow/example_dags/example_nested_branch_dag.py
[2023-11-04 13:43:24,601] {processor.py:654} INFO - DAG(s) dict_keys(['example_nested_branch_dag']) retrieved from /home/airflow/.local/lib/python3.8/site-packages/airflow/example_dags/example_nested_branch_dag.py
[2023-11-04 13:43:24,620] {logging_mixin.py:109} INFO - [2023-11-04 13:43:24,620] {dag.py:2398} INFO - Sync 1 DAGs
[2023-11-04 13:43:24,668] {logging_mixin.py:109} INFO - [2023-11-04 13:43:24,668] {dag.py:2937} INFO - Setting next_dagrun for example_nested_branch_dag to 2023-11-03 00:00:00+00:00
[2023-11-04 13:43:24,686] {processor.py:171} INFO - Processing /home/airflow/.local/lib/python3.8/site-packages/airflow/example_dags/example_nested_branch_dag.py took 0.155 seconds
[2023-11-04 13:43:54,823] {processor.py:163} INFO - Started process (PID=500) to work on /home/airflow/.local/lib/python3.8/site-packages/airflow/example_dags/example_nested_branch_dag.py
[2023-11-04 13:43:54,826] {processor.py:642} INFO - Processing file /home/airflow/.local/lib/python3.8/site-packages/airflow/example_dags/example_nested_branch_dag.py for tasks to queue
[2023-11-04 13:43:54,827] {logging_mixin.py:109} INFO - [2023-11-04 13:43:54,827] {dagbag.py:500} INFO - Filling up the DagBag from /home/airflow/.local/lib/python3.8/site-packages/airflow/example_dags/example_nested_branch_dag.py
[2023-11-04 13:43:54,881] {processor.py:654} INFO - DAG(s) dict_keys(['example_nested_branch_dag']) retrieved from /home/airflow/.local/lib/python3.8/site-packages/airflow/example_dags/example_nested_branch_dag.py
[2023-11-04 13:43:54,895] {logging_mixin.py:109} INFO - [2023-11-04 13:43:54,895] {dag.py:2398} INFO - Sync 1 DAGs
[2023-11-04 13:43:54,923] {logging_mixin.py:109} INFO - [2023-11-04 13:43:54,922] {dag.py:2937} INFO - Setting next_dagrun for example_nested_branch_dag to 2023-11-03 00:00:00+00:00
[2023-11-04 13:43:54,940] {processor.py:171} INFO - Processing /home/airflow/.local/lib/python3.8/site-packages/airflow/example_dags/example_nested_branch_dag.py took 0.121 seconds
[2023-11-04 13:59:17,366] {processor.py:163} INFO - Started process (PID=36) to work on /home/airflow/.local/lib/python3.8/site-packages/airflow/example_dags/example_nested_branch_dag.py
[2023-11-04 13:59:17,375] {processor.py:642} INFO - Processing file /home/airflow/.local/lib/python3.8/site-packages/airflow/example_dags/example_nested_branch_dag.py for tasks to queue
[2023-11-04 13:59:17,377] {logging_mixin.py:109} INFO - [2023-11-04 13:59:17,377] {dagbag.py:500} INFO - Filling up the DagBag from /home/airflow/.local/lib/python3.8/site-packages/airflow/example_dags/example_nested_branch_dag.py
[2023-11-04 13:59:17,495] {processor.py:654} INFO - DAG(s) dict_keys(['example_nested_branch_dag']) retrieved from /home/airflow/.local/lib/python3.8/site-packages/airflow/example_dags/example_nested_branch_dag.py
[2023-11-04 13:59:17,529] {logging_mixin.py:109} INFO - [2023-11-04 13:59:17,528] {dag.py:2398} INFO - Sync 1 DAGs
[2023-11-04 13:59:17,569] {logging_mixin.py:109} INFO - [2023-11-04 13:59:17,569] {dag.py:2937} INFO - Setting next_dagrun for example_nested_branch_dag to 2023-11-03 00:00:00+00:00
[2023-11-04 13:59:17,588] {processor.py:171} INFO - Processing /home/airflow/.local/lib/python3.8/site-packages/airflow/example_dags/example_nested_branch_dag.py took 0.232 seconds
[2023-11-04 13:59:47,980] {processor.py:163} INFO - Started process (PID=90) to work on /home/airflow/.local/lib/python3.8/site-packages/airflow/example_dags/example_nested_branch_dag.py
[2023-11-04 13:59:47,983] {processor.py:642} INFO - Processing file /home/airflow/.local/lib/python3.8/site-packages/airflow/example_dags/example_nested_branch_dag.py for tasks to queue
[2023-11-04 13:59:47,985] {logging_mixin.py:109} INFO - [2023-11-04 13:59:47,985] {dagbag.py:500} INFO - Filling up the DagBag from /home/airflow/.local/lib/python3.8/site-packages/airflow/example_dags/example_nested_branch_dag.py
[2023-11-04 13:59:48,038] {processor.py:654} INFO - DAG(s) dict_keys(['example_nested_branch_dag']) retrieved from /home/airflow/.local/lib/python3.8/site-packages/airflow/example_dags/example_nested_branch_dag.py
[2023-11-04 13:59:48,053] {logging_mixin.py:109} INFO - [2023-11-04 13:59:48,053] {dag.py:2398} INFO - Sync 1 DAGs
[2023-11-04 13:59:48,076] {logging_mixin.py:109} INFO - [2023-11-04 13:59:48,076] {dag.py:2937} INFO - Setting next_dagrun for example_nested_branch_dag to 2023-11-03 00:00:00+00:00
[2023-11-04 13:59:48,095] {processor.py:171} INFO - Processing /home/airflow/.local/lib/python3.8/site-packages/airflow/example_dags/example_nested_branch_dag.py took 0.121 seconds
[2023-11-04 14:00:18,505] {processor.py:163} INFO - Started process (PID=155) to work on /home/airflow/.local/lib/python3.8/site-packages/airflow/example_dags/example_nested_branch_dag.py
[2023-11-04 14:00:18,508] {processor.py:642} INFO - Processing file /home/airflow/.local/lib/python3.8/site-packages/airflow/example_dags/example_nested_branch_dag.py for tasks to queue
[2023-11-04 14:00:18,510] {logging_mixin.py:109} INFO - [2023-11-04 14:00:18,509] {dagbag.py:500} INFO - Filling up the DagBag from /home/airflow/.local/lib/python3.8/site-packages/airflow/example_dags/example_nested_branch_dag.py
[2023-11-04 14:00:18,565] {processor.py:654} INFO - DAG(s) dict_keys(['example_nested_branch_dag']) retrieved from /home/airflow/.local/lib/python3.8/site-packages/airflow/example_dags/example_nested_branch_dag.py
[2023-11-04 14:00:18,580] {logging_mixin.py:109} INFO - [2023-11-04 14:00:18,580] {dag.py:2398} INFO - Sync 1 DAGs
[2023-11-04 14:00:18,609] {logging_mixin.py:109} INFO - [2023-11-04 14:00:18,608] {dag.py:2937} INFO - Setting next_dagrun for example_nested_branch_dag to 2023-11-03 00:00:00+00:00
[2023-11-04 14:00:18,622] {processor.py:171} INFO - Processing /home/airflow/.local/lib/python3.8/site-packages/airflow/example_dags/example_nested_branch_dag.py took 0.122 seconds
[2023-11-04 14:00:48,751] {processor.py:163} INFO - Started process (PID=212) to work on /home/airflow/.local/lib/python3.8/site-packages/airflow/example_dags/example_nested_branch_dag.py
[2023-11-04 14:00:48,754] {processor.py:642} INFO - Processing file /home/airflow/.local/lib/python3.8/site-packages/airflow/example_dags/example_nested_branch_dag.py for tasks to queue
[2023-11-04 14:00:48,755] {logging_mixin.py:109} INFO - [2023-11-04 14:00:48,755] {dagbag.py:500} INFO - Filling up the DagBag from /home/airflow/.local/lib/python3.8/site-packages/airflow/example_dags/example_nested_branch_dag.py
[2023-11-04 14:00:48,808] {processor.py:654} INFO - DAG(s) dict_keys(['example_nested_branch_dag']) retrieved from /home/airflow/.local/lib/python3.8/site-packages/airflow/example_dags/example_nested_branch_dag.py
[2023-11-04 14:00:48,823] {logging_mixin.py:109} INFO - [2023-11-04 14:00:48,823] {dag.py:2398} INFO - Sync 1 DAGs
[2023-11-04 14:00:48,848] {logging_mixin.py:109} INFO - [2023-11-04 14:00:48,848] {dag.py:2937} INFO - Setting next_dagrun for example_nested_branch_dag to 2023-11-03 00:00:00+00:00
[2023-11-04 14:00:48,863] {processor.py:171} INFO - Processing /home/airflow/.local/lib/python3.8/site-packages/airflow/example_dags/example_nested_branch_dag.py took 0.117 seconds
[2023-11-04 14:01:18,961] {processor.py:163} INFO - Started process (PID=261) to work on /home/airflow/.local/lib/python3.8/site-packages/airflow/example_dags/example_nested_branch_dag.py
[2023-11-04 14:01:18,963] {processor.py:642} INFO - Processing file /home/airflow/.local/lib/python3.8/site-packages/airflow/example_dags/example_nested_branch_dag.py for tasks to queue
[2023-11-04 14:01:18,964] {logging_mixin.py:109} INFO - [2023-11-04 14:01:18,964] {dagbag.py:500} INFO - Filling up the DagBag from /home/airflow/.local/lib/python3.8/site-packages/airflow/example_dags/example_nested_branch_dag.py
[2023-11-04 14:01:19,011] {processor.py:654} INFO - DAG(s) dict_keys(['example_nested_branch_dag']) retrieved from /home/airflow/.local/lib/python3.8/site-packages/airflow/example_dags/example_nested_branch_dag.py
[2023-11-04 14:01:19,024] {logging_mixin.py:109} INFO - [2023-11-04 14:01:19,024] {dag.py:2398} INFO - Sync 1 DAGs
[2023-11-04 14:01:19,046] {logging_mixin.py:109} INFO - [2023-11-04 14:01:19,046] {dag.py:2937} INFO - Setting next_dagrun for example_nested_branch_dag to 2023-11-03 00:00:00+00:00
[2023-11-04 14:01:19,057] {processor.py:171} INFO - Processing /home/airflow/.local/lib/python3.8/site-packages/airflow/example_dags/example_nested_branch_dag.py took 0.101 seconds
[2023-11-04 14:01:49,440] {processor.py:163} INFO - Started process (PID=310) to work on /home/airflow/.local/lib/python3.8/site-packages/airflow/example_dags/example_nested_branch_dag.py
[2023-11-04 14:01:49,442] {processor.py:642} INFO - Processing file /home/airflow/.local/lib/python3.8/site-packages/airflow/example_dags/example_nested_branch_dag.py for tasks to queue
[2023-11-04 14:01:49,444] {logging_mixin.py:109} INFO - [2023-11-04 14:01:49,444] {dagbag.py:500} INFO - Filling up the DagBag from /home/airflow/.local/lib/python3.8/site-packages/airflow/example_dags/example_nested_branch_dag.py
[2023-11-04 14:01:49,490] {processor.py:654} INFO - DAG(s) dict_keys(['example_nested_branch_dag']) retrieved from /home/airflow/.local/lib/python3.8/site-packages/airflow/example_dags/example_nested_branch_dag.py
[2023-11-04 14:01:49,505] {logging_mixin.py:109} INFO - [2023-11-04 14:01:49,505] {dag.py:2398} INFO - Sync 1 DAGs
[2023-11-04 14:01:49,530] {logging_mixin.py:109} INFO - [2023-11-04 14:01:49,529] {dag.py:2937} INFO - Setting next_dagrun for example_nested_branch_dag to 2023-11-03 00:00:00+00:00
[2023-11-04 14:01:49,542] {processor.py:171} INFO - Processing /home/airflow/.local/lib/python3.8/site-packages/airflow/example_dags/example_nested_branch_dag.py took 0.107 seconds
[2023-11-04 14:02:19,945] {processor.py:163} INFO - Started process (PID=367) to work on /home/airflow/.local/lib/python3.8/site-packages/airflow/example_dags/example_nested_branch_dag.py
[2023-11-04 14:02:19,950] {processor.py:642} INFO - Processing file /home/airflow/.local/lib/python3.8/site-packages/airflow/example_dags/example_nested_branch_dag.py for tasks to queue
[2023-11-04 14:02:19,954] {logging_mixin.py:109} INFO - [2023-11-04 14:02:19,954] {dagbag.py:500} INFO - Filling up the DagBag from /home/airflow/.local/lib/python3.8/site-packages/airflow/example_dags/example_nested_branch_dag.py
[2023-11-04 14:02:20,013] {processor.py:654} INFO - DAG(s) dict_keys(['example_nested_branch_dag']) retrieved from /home/airflow/.local/lib/python3.8/site-packages/airflow/example_dags/example_nested_branch_dag.py
[2023-11-04 14:02:20,027] {logging_mixin.py:109} INFO - [2023-11-04 14:02:20,027] {dag.py:2398} INFO - Sync 1 DAGs
[2023-11-04 14:02:20,052] {logging_mixin.py:109} INFO - [2023-11-04 14:02:20,052] {dag.py:2937} INFO - Setting next_dagrun for example_nested_branch_dag to 2023-11-03 00:00:00+00:00
[2023-11-04 14:02:20,065] {processor.py:171} INFO - Processing /home/airflow/.local/lib/python3.8/site-packages/airflow/example_dags/example_nested_branch_dag.py took 0.132 seconds
[2023-11-04 14:02:50,523] {processor.py:163} INFO - Started process (PID=415) to work on /home/airflow/.local/lib/python3.8/site-packages/airflow/example_dags/example_nested_branch_dag.py
[2023-11-04 14:02:50,528] {processor.py:642} INFO - Processing file /home/airflow/.local/lib/python3.8/site-packages/airflow/example_dags/example_nested_branch_dag.py for tasks to queue
[2023-11-04 14:02:50,535] {logging_mixin.py:109} INFO - [2023-11-04 14:02:50,535] {dagbag.py:500} INFO - Filling up the DagBag from /home/airflow/.local/lib/python3.8/site-packages/airflow/example_dags/example_nested_branch_dag.py
[2023-11-04 14:02:50,615] {processor.py:654} INFO - DAG(s) dict_keys(['example_nested_branch_dag']) retrieved from /home/airflow/.local/lib/python3.8/site-packages/airflow/example_dags/example_nested_branch_dag.py
[2023-11-04 14:02:50,636] {logging_mixin.py:109} INFO - [2023-11-04 14:02:50,636] {dag.py:2398} INFO - Sync 1 DAGs
[2023-11-04 14:02:50,673] {logging_mixin.py:109} INFO - [2023-11-04 14:02:50,673] {dag.py:2937} INFO - Setting next_dagrun for example_nested_branch_dag to 2023-11-03 00:00:00+00:00
[2023-11-04 14:02:50,698] {processor.py:171} INFO - Processing /home/airflow/.local/lib/python3.8/site-packages/airflow/example_dags/example_nested_branch_dag.py took 0.181 seconds
[2023-11-04 14:04:45,211] {processor.py:163} INFO - Started process (PID=37) to work on /home/airflow/.local/lib/python3.8/site-packages/airflow/example_dags/example_nested_branch_dag.py
[2023-11-04 14:04:45,213] {processor.py:642} INFO - Processing file /home/airflow/.local/lib/python3.8/site-packages/airflow/example_dags/example_nested_branch_dag.py for tasks to queue
[2023-11-04 14:04:45,215] {logging_mixin.py:109} INFO - [2023-11-04 14:04:45,215] {dagbag.py:500} INFO - Filling up the DagBag from /home/airflow/.local/lib/python3.8/site-packages/airflow/example_dags/example_nested_branch_dag.py
[2023-11-04 14:04:45,293] {processor.py:654} INFO - DAG(s) dict_keys(['example_nested_branch_dag']) retrieved from /home/airflow/.local/lib/python3.8/site-packages/airflow/example_dags/example_nested_branch_dag.py
[2023-11-04 14:04:45,311] {logging_mixin.py:109} INFO - [2023-11-04 14:04:45,311] {dag.py:2398} INFO - Sync 1 DAGs
[2023-11-04 14:04:45,338] {logging_mixin.py:109} INFO - [2023-11-04 14:04:45,338] {dag.py:2937} INFO - Setting next_dagrun for example_nested_branch_dag to 2023-11-03 00:00:00+00:00
[2023-11-04 14:04:45,353] {processor.py:171} INFO - Processing /home/airflow/.local/lib/python3.8/site-packages/airflow/example_dags/example_nested_branch_dag.py took 0.153 seconds
[2023-11-04 14:05:16,122] {processor.py:163} INFO - Started process (PID=85) to work on /home/airflow/.local/lib/python3.8/site-packages/airflow/example_dags/example_nested_branch_dag.py
[2023-11-04 14:05:16,124] {processor.py:642} INFO - Processing file /home/airflow/.local/lib/python3.8/site-packages/airflow/example_dags/example_nested_branch_dag.py for tasks to queue
[2023-11-04 14:05:16,126] {logging_mixin.py:109} INFO - [2023-11-04 14:05:16,125] {dagbag.py:500} INFO - Filling up the DagBag from /home/airflow/.local/lib/python3.8/site-packages/airflow/example_dags/example_nested_branch_dag.py
[2023-11-04 14:05:16,173] {processor.py:654} INFO - DAG(s) dict_keys(['example_nested_branch_dag']) retrieved from /home/airflow/.local/lib/python3.8/site-packages/airflow/example_dags/example_nested_branch_dag.py
[2023-11-04 14:05:16,188] {logging_mixin.py:109} INFO - [2023-11-04 14:05:16,188] {dag.py:2398} INFO - Sync 1 DAGs
[2023-11-04 14:05:16,209] {logging_mixin.py:109} INFO - [2023-11-04 14:05:16,209] {dag.py:2937} INFO - Setting next_dagrun for example_nested_branch_dag to 2023-11-03 00:00:00+00:00
[2023-11-04 14:05:16,220] {processor.py:171} INFO - Processing /home/airflow/.local/lib/python3.8/site-packages/airflow/example_dags/example_nested_branch_dag.py took 0.103 seconds
[2023-11-04 14:05:47,241] {processor.py:163} INFO - Started process (PID=142) to work on /home/airflow/.local/lib/python3.8/site-packages/airflow/example_dags/example_nested_branch_dag.py
[2023-11-04 14:05:47,247] {processor.py:642} INFO - Processing file /home/airflow/.local/lib/python3.8/site-packages/airflow/example_dags/example_nested_branch_dag.py for tasks to queue
[2023-11-04 14:05:47,253] {logging_mixin.py:109} INFO - [2023-11-04 14:05:47,252] {dagbag.py:500} INFO - Filling up the DagBag from /home/airflow/.local/lib/python3.8/site-packages/airflow/example_dags/example_nested_branch_dag.py
[2023-11-04 14:05:47,341] {processor.py:654} INFO - DAG(s) dict_keys(['example_nested_branch_dag']) retrieved from /home/airflow/.local/lib/python3.8/site-packages/airflow/example_dags/example_nested_branch_dag.py
[2023-11-04 14:05:47,363] {logging_mixin.py:109} INFO - [2023-11-04 14:05:47,363] {dag.py:2398} INFO - Sync 1 DAGs
[2023-11-04 14:05:47,392] {logging_mixin.py:109} INFO - [2023-11-04 14:05:47,392] {dag.py:2937} INFO - Setting next_dagrun for example_nested_branch_dag to 2023-11-03 00:00:00+00:00
[2023-11-04 14:05:47,418] {processor.py:171} INFO - Processing /home/airflow/.local/lib/python3.8/site-packages/airflow/example_dags/example_nested_branch_dag.py took 0.187 seconds
[2023-11-04 14:06:17,542] {processor.py:163} INFO - Started process (PID=191) to work on /home/airflow/.local/lib/python3.8/site-packages/airflow/example_dags/example_nested_branch_dag.py
[2023-11-04 14:06:17,548] {processor.py:642} INFO - Processing file /home/airflow/.local/lib/python3.8/site-packages/airflow/example_dags/example_nested_branch_dag.py for tasks to queue
[2023-11-04 14:06:17,551] {logging_mixin.py:109} INFO - [2023-11-04 14:06:17,550] {dagbag.py:500} INFO - Filling up the DagBag from /home/airflow/.local/lib/python3.8/site-packages/airflow/example_dags/example_nested_branch_dag.py
[2023-11-04 14:06:17,606] {processor.py:654} INFO - DAG(s) dict_keys(['example_nested_branch_dag']) retrieved from /home/airflow/.local/lib/python3.8/site-packages/airflow/example_dags/example_nested_branch_dag.py
[2023-11-04 14:06:17,627] {logging_mixin.py:109} INFO - [2023-11-04 14:06:17,626] {dag.py:2398} INFO - Sync 1 DAGs
[2023-11-04 14:06:17,659] {logging_mixin.py:109} INFO - [2023-11-04 14:06:17,659] {dag.py:2937} INFO - Setting next_dagrun for example_nested_branch_dag to 2023-11-03 00:00:00+00:00
[2023-11-04 14:06:17,672] {processor.py:171} INFO - Processing /home/airflow/.local/lib/python3.8/site-packages/airflow/example_dags/example_nested_branch_dag.py took 0.138 seconds
[2023-11-04 14:06:47,977] {processor.py:163} INFO - Started process (PID=240) to work on /home/airflow/.local/lib/python3.8/site-packages/airflow/example_dags/example_nested_branch_dag.py
[2023-11-04 14:06:47,979] {processor.py:642} INFO - Processing file /home/airflow/.local/lib/python3.8/site-packages/airflow/example_dags/example_nested_branch_dag.py for tasks to queue
[2023-11-04 14:06:47,981] {logging_mixin.py:109} INFO - [2023-11-04 14:06:47,981] {dagbag.py:500} INFO - Filling up the DagBag from /home/airflow/.local/lib/python3.8/site-packages/airflow/example_dags/example_nested_branch_dag.py
[2023-11-04 14:06:48,029] {processor.py:654} INFO - DAG(s) dict_keys(['example_nested_branch_dag']) retrieved from /home/airflow/.local/lib/python3.8/site-packages/airflow/example_dags/example_nested_branch_dag.py
[2023-11-04 14:06:48,043] {logging_mixin.py:109} INFO - [2023-11-04 14:06:48,043] {dag.py:2398} INFO - Sync 1 DAGs
[2023-11-04 14:06:48,065] {logging_mixin.py:109} INFO - [2023-11-04 14:06:48,065] {dag.py:2937} INFO - Setting next_dagrun for example_nested_branch_dag to 2023-11-03 00:00:00+00:00
[2023-11-04 14:06:48,077] {processor.py:171} INFO - Processing /home/airflow/.local/lib/python3.8/site-packages/airflow/example_dags/example_nested_branch_dag.py took 0.106 seconds
[2023-11-04 14:07:18,409] {processor.py:163} INFO - Started process (PID=297) to work on /home/airflow/.local/lib/python3.8/site-packages/airflow/example_dags/example_nested_branch_dag.py
[2023-11-04 14:07:18,412] {processor.py:642} INFO - Processing file /home/airflow/.local/lib/python3.8/site-packages/airflow/example_dags/example_nested_branch_dag.py for tasks to queue
[2023-11-04 14:07:18,414] {logging_mixin.py:109} INFO - [2023-11-04 14:07:18,414] {dagbag.py:500} INFO - Filling up the DagBag from /home/airflow/.local/lib/python3.8/site-packages/airflow/example_dags/example_nested_branch_dag.py
[2023-11-04 14:07:18,462] {processor.py:654} INFO - DAG(s) dict_keys(['example_nested_branch_dag']) retrieved from /home/airflow/.local/lib/python3.8/site-packages/airflow/example_dags/example_nested_branch_dag.py
[2023-11-04 14:07:18,479] {logging_mixin.py:109} INFO - [2023-11-04 14:07:18,479] {dag.py:2398} INFO - Sync 1 DAGs
[2023-11-04 14:07:18,504] {logging_mixin.py:109} INFO - [2023-11-04 14:07:18,503] {dag.py:2937} INFO - Setting next_dagrun for example_nested_branch_dag to 2023-11-03 00:00:00+00:00
[2023-11-04 14:07:18,517] {processor.py:171} INFO - Processing /home/airflow/.local/lib/python3.8/site-packages/airflow/example_dags/example_nested_branch_dag.py took 0.114 seconds
[2023-11-04 14:07:49,109] {processor.py:163} INFO - Started process (PID=345) to work on /home/airflow/.local/lib/python3.8/site-packages/airflow/example_dags/example_nested_branch_dag.py
[2023-11-04 14:07:49,112] {processor.py:642} INFO - Processing file /home/airflow/.local/lib/python3.8/site-packages/airflow/example_dags/example_nested_branch_dag.py for tasks to queue
[2023-11-04 14:07:49,114] {logging_mixin.py:109} INFO - [2023-11-04 14:07:49,114] {dagbag.py:500} INFO - Filling up the DagBag from /home/airflow/.local/lib/python3.8/site-packages/airflow/example_dags/example_nested_branch_dag.py
[2023-11-04 14:07:49,185] {processor.py:654} INFO - DAG(s) dict_keys(['example_nested_branch_dag']) retrieved from /home/airflow/.local/lib/python3.8/site-packages/airflow/example_dags/example_nested_branch_dag.py
[2023-11-04 14:07:49,205] {logging_mixin.py:109} INFO - [2023-11-04 14:07:49,205] {dag.py:2398} INFO - Sync 1 DAGs
[2023-11-04 14:07:49,239] {logging_mixin.py:109} INFO - [2023-11-04 14:07:49,239] {dag.py:2937} INFO - Setting next_dagrun for example_nested_branch_dag to 2023-11-03 00:00:00+00:00
[2023-11-04 14:07:49,255] {processor.py:171} INFO - Processing /home/airflow/.local/lib/python3.8/site-packages/airflow/example_dags/example_nested_branch_dag.py took 0.153 seconds
[2023-11-04 14:08:19,436] {processor.py:163} INFO - Started process (PID=402) to work on /home/airflow/.local/lib/python3.8/site-packages/airflow/example_dags/example_nested_branch_dag.py
[2023-11-04 14:08:19,439] {processor.py:642} INFO - Processing file /home/airflow/.local/lib/python3.8/site-packages/airflow/example_dags/example_nested_branch_dag.py for tasks to queue
[2023-11-04 14:08:19,441] {logging_mixin.py:109} INFO - [2023-11-04 14:08:19,441] {dagbag.py:500} INFO - Filling up the DagBag from /home/airflow/.local/lib/python3.8/site-packages/airflow/example_dags/example_nested_branch_dag.py
[2023-11-04 14:08:19,492] {processor.py:654} INFO - DAG(s) dict_keys(['example_nested_branch_dag']) retrieved from /home/airflow/.local/lib/python3.8/site-packages/airflow/example_dags/example_nested_branch_dag.py
[2023-11-04 14:08:19,506] {logging_mixin.py:109} INFO - [2023-11-04 14:08:19,506] {dag.py:2398} INFO - Sync 1 DAGs
[2023-11-04 14:08:19,528] {logging_mixin.py:109} INFO - [2023-11-04 14:08:19,528] {dag.py:2937} INFO - Setting next_dagrun for example_nested_branch_dag to 2023-11-03 00:00:00+00:00
[2023-11-04 14:08:19,542] {processor.py:171} INFO - Processing /home/airflow/.local/lib/python3.8/site-packages/airflow/example_dags/example_nested_branch_dag.py took 0.111 seconds
[2023-11-04 14:08:49,713] {processor.py:163} INFO - Started process (PID=451) to work on /home/airflow/.local/lib/python3.8/site-packages/airflow/example_dags/example_nested_branch_dag.py
[2023-11-04 14:08:49,716] {processor.py:642} INFO - Processing file /home/airflow/.local/lib/python3.8/site-packages/airflow/example_dags/example_nested_branch_dag.py for tasks to queue
[2023-11-04 14:08:49,718] {logging_mixin.py:109} INFO - [2023-11-04 14:08:49,718] {dagbag.py:500} INFO - Filling up the DagBag from /home/airflow/.local/lib/python3.8/site-packages/airflow/example_dags/example_nested_branch_dag.py
[2023-11-04 14:08:49,769] {processor.py:654} INFO - DAG(s) dict_keys(['example_nested_branch_dag']) retrieved from /home/airflow/.local/lib/python3.8/site-packages/airflow/example_dags/example_nested_branch_dag.py
[2023-11-04 14:08:49,786] {logging_mixin.py:109} INFO - [2023-11-04 14:08:49,786] {dag.py:2398} INFO - Sync 1 DAGs
[2023-11-04 14:08:49,810] {logging_mixin.py:109} INFO - [2023-11-04 14:08:49,810] {dag.py:2937} INFO - Setting next_dagrun for example_nested_branch_dag to 2023-11-03 00:00:00+00:00
[2023-11-04 14:08:49,822] {processor.py:171} INFO - Processing /home/airflow/.local/lib/python3.8/site-packages/airflow/example_dags/example_nested_branch_dag.py took 0.115 seconds
[2023-11-04 14:09:20,136] {processor.py:163} INFO - Started process (PID=500) to work on /home/airflow/.local/lib/python3.8/site-packages/airflow/example_dags/example_nested_branch_dag.py
[2023-11-04 14:09:20,139] {processor.py:642} INFO - Processing file /home/airflow/.local/lib/python3.8/site-packages/airflow/example_dags/example_nested_branch_dag.py for tasks to queue
[2023-11-04 14:09:20,141] {logging_mixin.py:109} INFO - [2023-11-04 14:09:20,141] {dagbag.py:500} INFO - Filling up the DagBag from /home/airflow/.local/lib/python3.8/site-packages/airflow/example_dags/example_nested_branch_dag.py
[2023-11-04 14:09:20,206] {processor.py:654} INFO - DAG(s) dict_keys(['example_nested_branch_dag']) retrieved from /home/airflow/.local/lib/python3.8/site-packages/airflow/example_dags/example_nested_branch_dag.py
[2023-11-04 14:09:20,221] {logging_mixin.py:109} INFO - [2023-11-04 14:09:20,221] {dag.py:2398} INFO - Sync 1 DAGs
[2023-11-04 14:09:20,243] {logging_mixin.py:109} INFO - [2023-11-04 14:09:20,243] {dag.py:2937} INFO - Setting next_dagrun for example_nested_branch_dag to 2023-11-03 00:00:00+00:00
[2023-11-04 14:09:20,254] {processor.py:171} INFO - Processing /home/airflow/.local/lib/python3.8/site-packages/airflow/example_dags/example_nested_branch_dag.py took 0.124 seconds
[2023-11-04 14:09:50,567] {processor.py:163} INFO - Started process (PID=557) to work on /home/airflow/.local/lib/python3.8/site-packages/airflow/example_dags/example_nested_branch_dag.py
[2023-11-04 14:09:50,570] {processor.py:642} INFO - Processing file /home/airflow/.local/lib/python3.8/site-packages/airflow/example_dags/example_nested_branch_dag.py for tasks to queue
[2023-11-04 14:09:50,573] {logging_mixin.py:109} INFO - [2023-11-04 14:09:50,573] {dagbag.py:500} INFO - Filling up the DagBag from /home/airflow/.local/lib/python3.8/site-packages/airflow/example_dags/example_nested_branch_dag.py
[2023-11-04 14:09:50,629] {processor.py:654} INFO - DAG(s) dict_keys(['example_nested_branch_dag']) retrieved from /home/airflow/.local/lib/python3.8/site-packages/airflow/example_dags/example_nested_branch_dag.py
[2023-11-04 14:09:50,645] {logging_mixin.py:109} INFO - [2023-11-04 14:09:50,645] {dag.py:2398} INFO - Sync 1 DAGs
[2023-11-04 14:09:50,669] {logging_mixin.py:109} INFO - [2023-11-04 14:09:50,669] {dag.py:2937} INFO - Setting next_dagrun for example_nested_branch_dag to 2023-11-03 00:00:00+00:00
[2023-11-04 14:09:50,686] {processor.py:171} INFO - Processing /home/airflow/.local/lib/python3.8/site-packages/airflow/example_dags/example_nested_branch_dag.py took 0.125 seconds
[2023-11-04 14:10:20,924] {processor.py:163} INFO - Started process (PID=606) to work on /home/airflow/.local/lib/python3.8/site-packages/airflow/example_dags/example_nested_branch_dag.py
[2023-11-04 14:10:20,927] {processor.py:642} INFO - Processing file /home/airflow/.local/lib/python3.8/site-packages/airflow/example_dags/example_nested_branch_dag.py for tasks to queue
[2023-11-04 14:10:20,928] {logging_mixin.py:109} INFO - [2023-11-04 14:10:20,928] {dagbag.py:500} INFO - Filling up the DagBag from /home/airflow/.local/lib/python3.8/site-packages/airflow/example_dags/example_nested_branch_dag.py
[2023-11-04 14:10:20,976] {processor.py:654} INFO - DAG(s) dict_keys(['example_nested_branch_dag']) retrieved from /home/airflow/.local/lib/python3.8/site-packages/airflow/example_dags/example_nested_branch_dag.py
[2023-11-04 14:10:20,990] {logging_mixin.py:109} INFO - [2023-11-04 14:10:20,990] {dag.py:2398} INFO - Sync 1 DAGs
[2023-11-04 14:10:21,012] {logging_mixin.py:109} INFO - [2023-11-04 14:10:21,012] {dag.py:2937} INFO - Setting next_dagrun for example_nested_branch_dag to 2023-11-03 00:00:00+00:00
[2023-11-04 14:10:21,023] {processor.py:171} INFO - Processing /home/airflow/.local/lib/python3.8/site-packages/airflow/example_dags/example_nested_branch_dag.py took 0.104 seconds
[2023-11-04 14:11:48,411] {processor.py:163} INFO - Started process (PID=38) to work on /home/airflow/.local/lib/python3.8/site-packages/airflow/example_dags/example_nested_branch_dag.py
[2023-11-04 14:11:48,414] {processor.py:642} INFO - Processing file /home/airflow/.local/lib/python3.8/site-packages/airflow/example_dags/example_nested_branch_dag.py for tasks to queue
[2023-11-04 14:11:48,415] {logging_mixin.py:109} INFO - [2023-11-04 14:11:48,415] {dagbag.py:500} INFO - Filling up the DagBag from /home/airflow/.local/lib/python3.8/site-packages/airflow/example_dags/example_nested_branch_dag.py
[2023-11-04 14:11:48,477] {processor.py:654} INFO - DAG(s) dict_keys(['example_nested_branch_dag']) retrieved from /home/airflow/.local/lib/python3.8/site-packages/airflow/example_dags/example_nested_branch_dag.py
[2023-11-04 14:11:48,491] {logging_mixin.py:109} INFO - [2023-11-04 14:11:48,491] {dag.py:2398} INFO - Sync 1 DAGs
[2023-11-04 14:11:48,512] {logging_mixin.py:109} INFO - [2023-11-04 14:11:48,512] {dag.py:2937} INFO - Setting next_dagrun for example_nested_branch_dag to 2023-11-03 00:00:00+00:00
[2023-11-04 14:11:48,524] {processor.py:171} INFO - Processing /home/airflow/.local/lib/python3.8/site-packages/airflow/example_dags/example_nested_branch_dag.py took 0.119 seconds
[2023-11-04 14:12:19,378] {processor.py:163} INFO - Started process (PID=86) to work on /home/airflow/.local/lib/python3.8/site-packages/airflow/example_dags/example_nested_branch_dag.py
[2023-11-04 14:12:19,380] {processor.py:642} INFO - Processing file /home/airflow/.local/lib/python3.8/site-packages/airflow/example_dags/example_nested_branch_dag.py for tasks to queue
[2023-11-04 14:12:19,382] {logging_mixin.py:109} INFO - [2023-11-04 14:12:19,381] {dagbag.py:500} INFO - Filling up the DagBag from /home/airflow/.local/lib/python3.8/site-packages/airflow/example_dags/example_nested_branch_dag.py
[2023-11-04 14:12:19,433] {processor.py:654} INFO - DAG(s) dict_keys(['example_nested_branch_dag']) retrieved from /home/airflow/.local/lib/python3.8/site-packages/airflow/example_dags/example_nested_branch_dag.py
[2023-11-04 14:12:19,449] {logging_mixin.py:109} INFO - [2023-11-04 14:12:19,449] {dag.py:2398} INFO - Sync 1 DAGs
[2023-11-04 14:12:19,472] {logging_mixin.py:109} INFO - [2023-11-04 14:12:19,472] {dag.py:2937} INFO - Setting next_dagrun for example_nested_branch_dag to 2023-11-03 00:00:00+00:00
[2023-11-04 14:12:19,487] {processor.py:171} INFO - Processing /home/airflow/.local/lib/python3.8/site-packages/airflow/example_dags/example_nested_branch_dag.py took 0.115 seconds
[2023-11-04 14:12:49,769] {processor.py:163} INFO - Started process (PID=143) to work on /home/airflow/.local/lib/python3.8/site-packages/airflow/example_dags/example_nested_branch_dag.py
[2023-11-04 14:12:49,771] {processor.py:642} INFO - Processing file /home/airflow/.local/lib/python3.8/site-packages/airflow/example_dags/example_nested_branch_dag.py for tasks to queue
[2023-11-04 14:12:49,773] {logging_mixin.py:109} INFO - [2023-11-04 14:12:49,772] {dagbag.py:500} INFO - Filling up the DagBag from /home/airflow/.local/lib/python3.8/site-packages/airflow/example_dags/example_nested_branch_dag.py
[2023-11-04 14:12:49,824] {processor.py:654} INFO - DAG(s) dict_keys(['example_nested_branch_dag']) retrieved from /home/airflow/.local/lib/python3.8/site-packages/airflow/example_dags/example_nested_branch_dag.py
[2023-11-04 14:12:49,841] {logging_mixin.py:109} INFO - [2023-11-04 14:12:49,841] {dag.py:2398} INFO - Sync 1 DAGs
[2023-11-04 14:12:49,865] {logging_mixin.py:109} INFO - [2023-11-04 14:12:49,865] {dag.py:2937} INFO - Setting next_dagrun for example_nested_branch_dag to 2023-11-03 00:00:00+00:00
[2023-11-04 14:12:49,880] {processor.py:171} INFO - Processing /home/airflow/.local/lib/python3.8/site-packages/airflow/example_dags/example_nested_branch_dag.py took 0.116 seconds
[2023-11-04 14:13:20,209] {processor.py:163} INFO - Started process (PID=192) to work on /home/airflow/.local/lib/python3.8/site-packages/airflow/example_dags/example_nested_branch_dag.py
[2023-11-04 14:13:20,212] {processor.py:642} INFO - Processing file /home/airflow/.local/lib/python3.8/site-packages/airflow/example_dags/example_nested_branch_dag.py for tasks to queue
[2023-11-04 14:13:20,213] {logging_mixin.py:109} INFO - [2023-11-04 14:13:20,213] {dagbag.py:500} INFO - Filling up the DagBag from /home/airflow/.local/lib/python3.8/site-packages/airflow/example_dags/example_nested_branch_dag.py
[2023-11-04 14:13:20,260] {processor.py:654} INFO - DAG(s) dict_keys(['example_nested_branch_dag']) retrieved from /home/airflow/.local/lib/python3.8/site-packages/airflow/example_dags/example_nested_branch_dag.py
[2023-11-04 14:13:20,275] {logging_mixin.py:109} INFO - [2023-11-04 14:13:20,275] {dag.py:2398} INFO - Sync 1 DAGs
[2023-11-04 14:13:20,297] {logging_mixin.py:109} INFO - [2023-11-04 14:13:20,297] {dag.py:2937} INFO - Setting next_dagrun for example_nested_branch_dag to 2023-11-03 00:00:00+00:00
[2023-11-04 14:13:20,312] {processor.py:171} INFO - Processing /home/airflow/.local/lib/python3.8/site-packages/airflow/example_dags/example_nested_branch_dag.py took 0.108 seconds
[2023-11-04 14:13:50,709] {processor.py:163} INFO - Started process (PID=242) to work on /home/airflow/.local/lib/python3.8/site-packages/airflow/example_dags/example_nested_branch_dag.py
[2023-11-04 14:13:50,711] {processor.py:642} INFO - Processing file /home/airflow/.local/lib/python3.8/site-packages/airflow/example_dags/example_nested_branch_dag.py for tasks to queue
[2023-11-04 14:13:50,712] {logging_mixin.py:109} INFO - [2023-11-04 14:13:50,712] {dagbag.py:500} INFO - Filling up the DagBag from /home/airflow/.local/lib/python3.8/site-packages/airflow/example_dags/example_nested_branch_dag.py
[2023-11-04 14:13:50,762] {processor.py:654} INFO - DAG(s) dict_keys(['example_nested_branch_dag']) retrieved from /home/airflow/.local/lib/python3.8/site-packages/airflow/example_dags/example_nested_branch_dag.py
[2023-11-04 14:13:50,776] {logging_mixin.py:109} INFO - [2023-11-04 14:13:50,776] {dag.py:2398} INFO - Sync 1 DAGs
[2023-11-04 14:13:50,800] {logging_mixin.py:109} INFO - [2023-11-04 14:13:50,800] {dag.py:2937} INFO - Setting next_dagrun for example_nested_branch_dag to 2023-11-03 00:00:00+00:00
[2023-11-04 14:13:50,815] {processor.py:171} INFO - Processing /home/airflow/.local/lib/python3.8/site-packages/airflow/example_dags/example_nested_branch_dag.py took 0.111 seconds
[2023-11-04 14:14:21,118] {processor.py:163} INFO - Started process (PID=299) to work on /home/airflow/.local/lib/python3.8/site-packages/airflow/example_dags/example_nested_branch_dag.py
[2023-11-04 14:14:21,121] {processor.py:642} INFO - Processing file /home/airflow/.local/lib/python3.8/site-packages/airflow/example_dags/example_nested_branch_dag.py for tasks to queue
[2023-11-04 14:14:21,122] {logging_mixin.py:109} INFO - [2023-11-04 14:14:21,122] {dagbag.py:500} INFO - Filling up the DagBag from /home/airflow/.local/lib/python3.8/site-packages/airflow/example_dags/example_nested_branch_dag.py
[2023-11-04 14:14:21,173] {processor.py:654} INFO - DAG(s) dict_keys(['example_nested_branch_dag']) retrieved from /home/airflow/.local/lib/python3.8/site-packages/airflow/example_dags/example_nested_branch_dag.py
[2023-11-04 14:14:21,188] {logging_mixin.py:109} INFO - [2023-11-04 14:14:21,188] {dag.py:2398} INFO - Sync 1 DAGs
[2023-11-04 14:14:21,211] {logging_mixin.py:109} INFO - [2023-11-04 14:14:21,211] {dag.py:2937} INFO - Setting next_dagrun for example_nested_branch_dag to 2023-11-03 00:00:00+00:00
[2023-11-04 14:14:21,224] {processor.py:171} INFO - Processing /home/airflow/.local/lib/python3.8/site-packages/airflow/example_dags/example_nested_branch_dag.py took 0.112 seconds
[2023-11-04 14:14:51,266] {processor.py:163} INFO - Started process (PID=348) to work on /home/airflow/.local/lib/python3.8/site-packages/airflow/example_dags/example_nested_branch_dag.py
[2023-11-04 14:14:51,268] {processor.py:642} INFO - Processing file /home/airflow/.local/lib/python3.8/site-packages/airflow/example_dags/example_nested_branch_dag.py for tasks to queue
[2023-11-04 14:14:51,270] {logging_mixin.py:109} INFO - [2023-11-04 14:14:51,270] {dagbag.py:500} INFO - Filling up the DagBag from /home/airflow/.local/lib/python3.8/site-packages/airflow/example_dags/example_nested_branch_dag.py
[2023-11-04 14:14:51,318] {processor.py:654} INFO - DAG(s) dict_keys(['example_nested_branch_dag']) retrieved from /home/airflow/.local/lib/python3.8/site-packages/airflow/example_dags/example_nested_branch_dag.py
[2023-11-04 14:14:51,334] {logging_mixin.py:109} INFO - [2023-11-04 14:14:51,333] {dag.py:2398} INFO - Sync 1 DAGs
[2023-11-04 14:14:51,355] {logging_mixin.py:109} INFO - [2023-11-04 14:14:51,355] {dag.py:2937} INFO - Setting next_dagrun for example_nested_branch_dag to 2023-11-03 00:00:00+00:00
[2023-11-04 14:14:51,366] {processor.py:171} INFO - Processing /home/airflow/.local/lib/python3.8/site-packages/airflow/example_dags/example_nested_branch_dag.py took 0.106 seconds
[2023-11-04 14:15:21,691] {processor.py:163} INFO - Started process (PID=397) to work on /home/airflow/.local/lib/python3.8/site-packages/airflow/example_dags/example_nested_branch_dag.py
[2023-11-04 14:15:21,694] {processor.py:642} INFO - Processing file /home/airflow/.local/lib/python3.8/site-packages/airflow/example_dags/example_nested_branch_dag.py for tasks to queue
[2023-11-04 14:15:21,696] {logging_mixin.py:109} INFO - [2023-11-04 14:15:21,696] {dagbag.py:500} INFO - Filling up the DagBag from /home/airflow/.local/lib/python3.8/site-packages/airflow/example_dags/example_nested_branch_dag.py
[2023-11-04 14:15:21,754] {processor.py:654} INFO - DAG(s) dict_keys(['example_nested_branch_dag']) retrieved from /home/airflow/.local/lib/python3.8/site-packages/airflow/example_dags/example_nested_branch_dag.py
[2023-11-04 14:15:21,772] {logging_mixin.py:109} INFO - [2023-11-04 14:15:21,772] {dag.py:2398} INFO - Sync 1 DAGs
[2023-11-04 14:15:21,805] {logging_mixin.py:109} INFO - [2023-11-04 14:15:21,805] {dag.py:2937} INFO - Setting next_dagrun for example_nested_branch_dag to 2023-11-03 00:00:00+00:00
[2023-11-04 14:15:21,816] {processor.py:171} INFO - Processing /home/airflow/.local/lib/python3.8/site-packages/airflow/example_dags/example_nested_branch_dag.py took 0.130 seconds
[2023-11-04 14:15:52,113] {processor.py:163} INFO - Started process (PID=454) to work on /home/airflow/.local/lib/python3.8/site-packages/airflow/example_dags/example_nested_branch_dag.py
[2023-11-04 14:15:52,116] {processor.py:642} INFO - Processing file /home/airflow/.local/lib/python3.8/site-packages/airflow/example_dags/example_nested_branch_dag.py for tasks to queue
[2023-11-04 14:15:52,117] {logging_mixin.py:109} INFO - [2023-11-04 14:15:52,117] {dagbag.py:500} INFO - Filling up the DagBag from /home/airflow/.local/lib/python3.8/site-packages/airflow/example_dags/example_nested_branch_dag.py
[2023-11-04 14:15:52,164] {processor.py:654} INFO - DAG(s) dict_keys(['example_nested_branch_dag']) retrieved from /home/airflow/.local/lib/python3.8/site-packages/airflow/example_dags/example_nested_branch_dag.py
[2023-11-04 14:15:52,179] {logging_mixin.py:109} INFO - [2023-11-04 14:15:52,179] {dag.py:2398} INFO - Sync 1 DAGs
[2023-11-04 14:15:52,200] {logging_mixin.py:109} INFO - [2023-11-04 14:15:52,200] {dag.py:2937} INFO - Setting next_dagrun for example_nested_branch_dag to 2023-11-03 00:00:00+00:00
[2023-11-04 14:15:52,212] {processor.py:171} INFO - Processing /home/airflow/.local/lib/python3.8/site-packages/airflow/example_dags/example_nested_branch_dag.py took 0.103 seconds
[2023-11-04 14:16:22,347] {processor.py:163} INFO - Started process (PID=503) to work on /home/airflow/.local/lib/python3.8/site-packages/airflow/example_dags/example_nested_branch_dag.py
[2023-11-04 14:16:22,350] {processor.py:642} INFO - Processing file /home/airflow/.local/lib/python3.8/site-packages/airflow/example_dags/example_nested_branch_dag.py for tasks to queue
[2023-11-04 14:16:22,352] {logging_mixin.py:109} INFO - [2023-11-04 14:16:22,352] {dagbag.py:500} INFO - Filling up the DagBag from /home/airflow/.local/lib/python3.8/site-packages/airflow/example_dags/example_nested_branch_dag.py
[2023-11-04 14:16:22,399] {processor.py:654} INFO - DAG(s) dict_keys(['example_nested_branch_dag']) retrieved from /home/airflow/.local/lib/python3.8/site-packages/airflow/example_dags/example_nested_branch_dag.py
[2023-11-04 14:16:22,413] {logging_mixin.py:109} INFO - [2023-11-04 14:16:22,413] {dag.py:2398} INFO - Sync 1 DAGs
[2023-11-04 14:16:22,434] {logging_mixin.py:109} INFO - [2023-11-04 14:16:22,434] {dag.py:2937} INFO - Setting next_dagrun for example_nested_branch_dag to 2023-11-03 00:00:00+00:00
[2023-11-04 14:16:22,446] {processor.py:171} INFO - Processing /home/airflow/.local/lib/python3.8/site-packages/airflow/example_dags/example_nested_branch_dag.py took 0.103 seconds
[2023-11-04 14:16:52,993] {processor.py:163} INFO - Started process (PID=560) to work on /home/airflow/.local/lib/python3.8/site-packages/airflow/example_dags/example_nested_branch_dag.py
[2023-11-04 14:16:52,996] {processor.py:642} INFO - Processing file /home/airflow/.local/lib/python3.8/site-packages/airflow/example_dags/example_nested_branch_dag.py for tasks to queue
[2023-11-04 14:16:52,999] {logging_mixin.py:109} INFO - [2023-11-04 14:16:52,998] {dagbag.py:500} INFO - Filling up the DagBag from /home/airflow/.local/lib/python3.8/site-packages/airflow/example_dags/example_nested_branch_dag.py
[2023-11-04 14:16:53,052] {processor.py:654} INFO - DAG(s) dict_keys(['example_nested_branch_dag']) retrieved from /home/airflow/.local/lib/python3.8/site-packages/airflow/example_dags/example_nested_branch_dag.py
[2023-11-04 14:16:53,069] {logging_mixin.py:109} INFO - [2023-11-04 14:16:53,069] {dag.py:2398} INFO - Sync 1 DAGs
[2023-11-04 14:16:53,100] {logging_mixin.py:109} INFO - [2023-11-04 14:16:53,100] {dag.py:2937} INFO - Setting next_dagrun for example_nested_branch_dag to 2023-11-03 00:00:00+00:00
[2023-11-04 14:16:53,120] {processor.py:171} INFO - Processing /home/airflow/.local/lib/python3.8/site-packages/airflow/example_dags/example_nested_branch_dag.py took 0.133 seconds
[2023-11-04 14:17:23,421] {processor.py:163} INFO - Started process (PID=609) to work on /home/airflow/.local/lib/python3.8/site-packages/airflow/example_dags/example_nested_branch_dag.py
[2023-11-04 14:17:23,423] {processor.py:642} INFO - Processing file /home/airflow/.local/lib/python3.8/site-packages/airflow/example_dags/example_nested_branch_dag.py for tasks to queue
[2023-11-04 14:17:23,425] {logging_mixin.py:109} INFO - [2023-11-04 14:17:23,424] {dagbag.py:500} INFO - Filling up the DagBag from /home/airflow/.local/lib/python3.8/site-packages/airflow/example_dags/example_nested_branch_dag.py
[2023-11-04 14:17:23,475] {processor.py:654} INFO - DAG(s) dict_keys(['example_nested_branch_dag']) retrieved from /home/airflow/.local/lib/python3.8/site-packages/airflow/example_dags/example_nested_branch_dag.py
[2023-11-04 14:17:23,490] {logging_mixin.py:109} INFO - [2023-11-04 14:17:23,490] {dag.py:2398} INFO - Sync 1 DAGs
[2023-11-04 14:17:23,513] {logging_mixin.py:109} INFO - [2023-11-04 14:17:23,513] {dag.py:2937} INFO - Setting next_dagrun for example_nested_branch_dag to 2023-11-03 00:00:00+00:00
[2023-11-04 14:17:23,525] {processor.py:171} INFO - Processing /home/airflow/.local/lib/python3.8/site-packages/airflow/example_dags/example_nested_branch_dag.py took 0.110 seconds
[2023-11-04 14:17:53,783] {processor.py:163} INFO - Started process (PID=658) to work on /home/airflow/.local/lib/python3.8/site-packages/airflow/example_dags/example_nested_branch_dag.py
[2023-11-04 14:17:53,786] {processor.py:642} INFO - Processing file /home/airflow/.local/lib/python3.8/site-packages/airflow/example_dags/example_nested_branch_dag.py for tasks to queue
[2023-11-04 14:17:53,788] {logging_mixin.py:109} INFO - [2023-11-04 14:17:53,787] {dagbag.py:500} INFO - Filling up the DagBag from /home/airflow/.local/lib/python3.8/site-packages/airflow/example_dags/example_nested_branch_dag.py
[2023-11-04 14:17:53,835] {processor.py:654} INFO - DAG(s) dict_keys(['example_nested_branch_dag']) retrieved from /home/airflow/.local/lib/python3.8/site-packages/airflow/example_dags/example_nested_branch_dag.py
[2023-11-04 14:17:53,853] {logging_mixin.py:109} INFO - [2023-11-04 14:17:53,853] {dag.py:2398} INFO - Sync 1 DAGs
[2023-11-04 14:17:53,877] {logging_mixin.py:109} INFO - [2023-11-04 14:17:53,877] {dag.py:2937} INFO - Setting next_dagrun for example_nested_branch_dag to 2023-11-03 00:00:00+00:00
[2023-11-04 14:17:53,890] {processor.py:171} INFO - Processing /home/airflow/.local/lib/python3.8/site-packages/airflow/example_dags/example_nested_branch_dag.py took 0.112 seconds
[2023-11-04 14:18:23,961] {processor.py:163} INFO - Started process (PID=714) to work on /home/airflow/.local/lib/python3.8/site-packages/airflow/example_dags/example_nested_branch_dag.py
[2023-11-04 14:18:23,963] {processor.py:642} INFO - Processing file /home/airflow/.local/lib/python3.8/site-packages/airflow/example_dags/example_nested_branch_dag.py for tasks to queue
[2023-11-04 14:18:23,965] {logging_mixin.py:109} INFO - [2023-11-04 14:18:23,965] {dagbag.py:500} INFO - Filling up the DagBag from /home/airflow/.local/lib/python3.8/site-packages/airflow/example_dags/example_nested_branch_dag.py
[2023-11-04 14:18:24,014] {processor.py:654} INFO - DAG(s) dict_keys(['example_nested_branch_dag']) retrieved from /home/airflow/.local/lib/python3.8/site-packages/airflow/example_dags/example_nested_branch_dag.py
[2023-11-04 14:18:24,030] {logging_mixin.py:109} INFO - [2023-11-04 14:18:24,029] {dag.py:2398} INFO - Sync 1 DAGs
[2023-11-04 14:18:24,053] {logging_mixin.py:109} INFO - [2023-11-04 14:18:24,053] {dag.py:2937} INFO - Setting next_dagrun for example_nested_branch_dag to 2023-11-03 00:00:00+00:00
[2023-11-04 14:18:24,066] {processor.py:171} INFO - Processing /home/airflow/.local/lib/python3.8/site-packages/airflow/example_dags/example_nested_branch_dag.py took 0.110 seconds
[2023-11-04 14:18:54,097] {processor.py:163} INFO - Started process (PID=764) to work on /home/airflow/.local/lib/python3.8/site-packages/airflow/example_dags/example_nested_branch_dag.py
[2023-11-04 14:18:54,100] {processor.py:642} INFO - Processing file /home/airflow/.local/lib/python3.8/site-packages/airflow/example_dags/example_nested_branch_dag.py for tasks to queue
[2023-11-04 14:18:54,102] {logging_mixin.py:109} INFO - [2023-11-04 14:18:54,102] {dagbag.py:500} INFO - Filling up the DagBag from /home/airflow/.local/lib/python3.8/site-packages/airflow/example_dags/example_nested_branch_dag.py
[2023-11-04 14:18:54,176] {processor.py:654} INFO - DAG(s) dict_keys(['example_nested_branch_dag']) retrieved from /home/airflow/.local/lib/python3.8/site-packages/airflow/example_dags/example_nested_branch_dag.py
[2023-11-04 14:18:54,190] {logging_mixin.py:109} INFO - [2023-11-04 14:18:54,190] {dag.py:2398} INFO - Sync 1 DAGs
[2023-11-04 14:18:54,214] {logging_mixin.py:109} INFO - [2023-11-04 14:18:54,214] {dag.py:2937} INFO - Setting next_dagrun for example_nested_branch_dag to 2023-11-03 00:00:00+00:00
[2023-11-04 14:18:54,227] {processor.py:171} INFO - Processing /home/airflow/.local/lib/python3.8/site-packages/airflow/example_dags/example_nested_branch_dag.py took 0.135 seconds
[2023-11-04 14:19:24,453] {processor.py:163} INFO - Started process (PID=813) to work on /home/airflow/.local/lib/python3.8/site-packages/airflow/example_dags/example_nested_branch_dag.py
[2023-11-04 14:19:24,456] {processor.py:642} INFO - Processing file /home/airflow/.local/lib/python3.8/site-packages/airflow/example_dags/example_nested_branch_dag.py for tasks to queue
[2023-11-04 14:19:24,457] {logging_mixin.py:109} INFO - [2023-11-04 14:19:24,457] {dagbag.py:500} INFO - Filling up the DagBag from /home/airflow/.local/lib/python3.8/site-packages/airflow/example_dags/example_nested_branch_dag.py
[2023-11-04 14:19:24,509] {processor.py:654} INFO - DAG(s) dict_keys(['example_nested_branch_dag']) retrieved from /home/airflow/.local/lib/python3.8/site-packages/airflow/example_dags/example_nested_branch_dag.py
[2023-11-04 14:19:24,523] {logging_mixin.py:109} INFO - [2023-11-04 14:19:24,523] {dag.py:2398} INFO - Sync 1 DAGs
[2023-11-04 14:19:24,549] {logging_mixin.py:109} INFO - [2023-11-04 14:19:24,549] {dag.py:2937} INFO - Setting next_dagrun for example_nested_branch_dag to 2023-11-03 00:00:00+00:00
[2023-11-04 14:19:24,564] {processor.py:171} INFO - Processing /home/airflow/.local/lib/python3.8/site-packages/airflow/example_dags/example_nested_branch_dag.py took 0.116 seconds
[2023-11-04 14:19:55,055] {processor.py:163} INFO - Started process (PID=870) to work on /home/airflow/.local/lib/python3.8/site-packages/airflow/example_dags/example_nested_branch_dag.py
[2023-11-04 14:19:55,058] {processor.py:642} INFO - Processing file /home/airflow/.local/lib/python3.8/site-packages/airflow/example_dags/example_nested_branch_dag.py for tasks to queue
[2023-11-04 14:19:55,059] {logging_mixin.py:109} INFO - [2023-11-04 14:19:55,059] {dagbag.py:500} INFO - Filling up the DagBag from /home/airflow/.local/lib/python3.8/site-packages/airflow/example_dags/example_nested_branch_dag.py
[2023-11-04 14:19:55,121] {processor.py:654} INFO - DAG(s) dict_keys(['example_nested_branch_dag']) retrieved from /home/airflow/.local/lib/python3.8/site-packages/airflow/example_dags/example_nested_branch_dag.py
[2023-11-04 14:19:55,140] {logging_mixin.py:109} INFO - [2023-11-04 14:19:55,140] {dag.py:2398} INFO - Sync 1 DAGs
[2023-11-04 14:19:55,171] {logging_mixin.py:109} INFO - [2023-11-04 14:19:55,171] {dag.py:2937} INFO - Setting next_dagrun for example_nested_branch_dag to 2023-11-03 00:00:00+00:00
[2023-11-04 14:19:55,188] {processor.py:171} INFO - Processing /home/airflow/.local/lib/python3.8/site-packages/airflow/example_dags/example_nested_branch_dag.py took 0.139 seconds
[2023-11-04 14:20:25,553] {processor.py:163} INFO - Started process (PID=921) to work on /home/airflow/.local/lib/python3.8/site-packages/airflow/example_dags/example_nested_branch_dag.py
[2023-11-04 14:20:25,555] {processor.py:642} INFO - Processing file /home/airflow/.local/lib/python3.8/site-packages/airflow/example_dags/example_nested_branch_dag.py for tasks to queue
[2023-11-04 14:20:25,557] {logging_mixin.py:109} INFO - [2023-11-04 14:20:25,557] {dagbag.py:500} INFO - Filling up the DagBag from /home/airflow/.local/lib/python3.8/site-packages/airflow/example_dags/example_nested_branch_dag.py
[2023-11-04 14:20:25,605] {processor.py:654} INFO - DAG(s) dict_keys(['example_nested_branch_dag']) retrieved from /home/airflow/.local/lib/python3.8/site-packages/airflow/example_dags/example_nested_branch_dag.py
[2023-11-04 14:20:25,626] {logging_mixin.py:109} INFO - [2023-11-04 14:20:25,626] {dag.py:2398} INFO - Sync 1 DAGs
[2023-11-04 14:20:25,656] {logging_mixin.py:109} INFO - [2023-11-04 14:20:25,655] {dag.py:2937} INFO - Setting next_dagrun for example_nested_branch_dag to 2023-11-03 00:00:00+00:00
[2023-11-04 14:20:25,670] {processor.py:171} INFO - Processing /home/airflow/.local/lib/python3.8/site-packages/airflow/example_dags/example_nested_branch_dag.py took 0.123 seconds
[2023-11-04 14:20:56,135] {processor.py:163} INFO - Started process (PID=970) to work on /home/airflow/.local/lib/python3.8/site-packages/airflow/example_dags/example_nested_branch_dag.py
[2023-11-04 14:20:56,138] {processor.py:642} INFO - Processing file /home/airflow/.local/lib/python3.8/site-packages/airflow/example_dags/example_nested_branch_dag.py for tasks to queue
[2023-11-04 14:20:56,139] {logging_mixin.py:109} INFO - [2023-11-04 14:20:56,139] {dagbag.py:500} INFO - Filling up the DagBag from /home/airflow/.local/lib/python3.8/site-packages/airflow/example_dags/example_nested_branch_dag.py
[2023-11-04 14:20:56,187] {processor.py:654} INFO - DAG(s) dict_keys(['example_nested_branch_dag']) retrieved from /home/airflow/.local/lib/python3.8/site-packages/airflow/example_dags/example_nested_branch_dag.py
[2023-11-04 14:20:56,202] {logging_mixin.py:109} INFO - [2023-11-04 14:20:56,202] {dag.py:2398} INFO - Sync 1 DAGs
[2023-11-04 14:20:56,225] {logging_mixin.py:109} INFO - [2023-11-04 14:20:56,225] {dag.py:2937} INFO - Setting next_dagrun for example_nested_branch_dag to 2023-11-03 00:00:00+00:00
[2023-11-04 14:20:56,235] {processor.py:171} INFO - Processing /home/airflow/.local/lib/python3.8/site-packages/airflow/example_dags/example_nested_branch_dag.py took 0.105 seconds
[2023-11-04 14:21:26,416] {processor.py:163} INFO - Started process (PID=1020) to work on /home/airflow/.local/lib/python3.8/site-packages/airflow/example_dags/example_nested_branch_dag.py
[2023-11-04 14:21:26,418] {processor.py:642} INFO - Processing file /home/airflow/.local/lib/python3.8/site-packages/airflow/example_dags/example_nested_branch_dag.py for tasks to queue
[2023-11-04 14:21:26,420] {logging_mixin.py:109} INFO - [2023-11-04 14:21:26,420] {dagbag.py:500} INFO - Filling up the DagBag from /home/airflow/.local/lib/python3.8/site-packages/airflow/example_dags/example_nested_branch_dag.py
[2023-11-04 14:21:26,471] {processor.py:654} INFO - DAG(s) dict_keys(['example_nested_branch_dag']) retrieved from /home/airflow/.local/lib/python3.8/site-packages/airflow/example_dags/example_nested_branch_dag.py
[2023-11-04 14:21:26,486] {logging_mixin.py:109} INFO - [2023-11-04 14:21:26,486] {dag.py:2398} INFO - Sync 1 DAGs
[2023-11-04 14:21:26,509] {logging_mixin.py:109} INFO - [2023-11-04 14:21:26,509] {dag.py:2937} INFO - Setting next_dagrun for example_nested_branch_dag to 2023-11-03 00:00:00+00:00
[2023-11-04 14:21:26,526] {processor.py:171} INFO - Processing /home/airflow/.local/lib/python3.8/site-packages/airflow/example_dags/example_nested_branch_dag.py took 0.115 seconds
[2023-11-04 14:21:56,712] {processor.py:163} INFO - Started process (PID=1078) to work on /home/airflow/.local/lib/python3.8/site-packages/airflow/example_dags/example_nested_branch_dag.py
[2023-11-04 14:21:56,715] {processor.py:642} INFO - Processing file /home/airflow/.local/lib/python3.8/site-packages/airflow/example_dags/example_nested_branch_dag.py for tasks to queue
[2023-11-04 14:21:56,716] {logging_mixin.py:109} INFO - [2023-11-04 14:21:56,716] {dagbag.py:500} INFO - Filling up the DagBag from /home/airflow/.local/lib/python3.8/site-packages/airflow/example_dags/example_nested_branch_dag.py
[2023-11-04 14:21:56,763] {processor.py:654} INFO - DAG(s) dict_keys(['example_nested_branch_dag']) retrieved from /home/airflow/.local/lib/python3.8/site-packages/airflow/example_dags/example_nested_branch_dag.py
[2023-11-04 14:21:56,776] {logging_mixin.py:109} INFO - [2023-11-04 14:21:56,776] {dag.py:2398} INFO - Sync 1 DAGs
[2023-11-04 14:21:56,800] {logging_mixin.py:109} INFO - [2023-11-04 14:21:56,800] {dag.py:2937} INFO - Setting next_dagrun for example_nested_branch_dag to 2023-11-03 00:00:00+00:00
[2023-11-04 14:21:56,813] {processor.py:171} INFO - Processing /home/airflow/.local/lib/python3.8/site-packages/airflow/example_dags/example_nested_branch_dag.py took 0.105 seconds
[2023-11-04 14:22:26,883] {processor.py:163} INFO - Started process (PID=1127) to work on /home/airflow/.local/lib/python3.8/site-packages/airflow/example_dags/example_nested_branch_dag.py
[2023-11-04 14:22:26,885] {processor.py:642} INFO - Processing file /home/airflow/.local/lib/python3.8/site-packages/airflow/example_dags/example_nested_branch_dag.py for tasks to queue
[2023-11-04 14:22:26,887] {logging_mixin.py:109} INFO - [2023-11-04 14:22:26,887] {dagbag.py:500} INFO - Filling up the DagBag from /home/airflow/.local/lib/python3.8/site-packages/airflow/example_dags/example_nested_branch_dag.py
[2023-11-04 14:22:26,935] {processor.py:654} INFO - DAG(s) dict_keys(['example_nested_branch_dag']) retrieved from /home/airflow/.local/lib/python3.8/site-packages/airflow/example_dags/example_nested_branch_dag.py
[2023-11-04 14:22:26,951] {logging_mixin.py:109} INFO - [2023-11-04 14:22:26,951] {dag.py:2398} INFO - Sync 1 DAGs
[2023-11-04 14:22:26,975] {logging_mixin.py:109} INFO - [2023-11-04 14:22:26,975] {dag.py:2937} INFO - Setting next_dagrun for example_nested_branch_dag to 2023-11-03 00:00:00+00:00
[2023-11-04 14:22:26,988] {processor.py:171} INFO - Processing /home/airflow/.local/lib/python3.8/site-packages/airflow/example_dags/example_nested_branch_dag.py took 0.111 seconds
[2023-11-04 14:22:57,113] {processor.py:163} INFO - Started process (PID=1184) to work on /home/airflow/.local/lib/python3.8/site-packages/airflow/example_dags/example_nested_branch_dag.py
[2023-11-04 14:22:57,115] {processor.py:642} INFO - Processing file /home/airflow/.local/lib/python3.8/site-packages/airflow/example_dags/example_nested_branch_dag.py for tasks to queue
[2023-11-04 14:22:57,117] {logging_mixin.py:109} INFO - [2023-11-04 14:22:57,117] {dagbag.py:500} INFO - Filling up the DagBag from /home/airflow/.local/lib/python3.8/site-packages/airflow/example_dags/example_nested_branch_dag.py
[2023-11-04 14:22:57,171] {processor.py:654} INFO - DAG(s) dict_keys(['example_nested_branch_dag']) retrieved from /home/airflow/.local/lib/python3.8/site-packages/airflow/example_dags/example_nested_branch_dag.py
[2023-11-04 14:22:57,185] {logging_mixin.py:109} INFO - [2023-11-04 14:22:57,185] {dag.py:2398} INFO - Sync 1 DAGs
[2023-11-04 14:22:57,212] {logging_mixin.py:109} INFO - [2023-11-04 14:22:57,212] {dag.py:2937} INFO - Setting next_dagrun for example_nested_branch_dag to 2023-11-03 00:00:00+00:00
[2023-11-04 14:22:57,225] {processor.py:171} INFO - Processing /home/airflow/.local/lib/python3.8/site-packages/airflow/example_dags/example_nested_branch_dag.py took 0.117 seconds
[2023-11-04 14:23:27,705] {processor.py:163} INFO - Started process (PID=1233) to work on /home/airflow/.local/lib/python3.8/site-packages/airflow/example_dags/example_nested_branch_dag.py
[2023-11-04 14:23:27,708] {processor.py:642} INFO - Processing file /home/airflow/.local/lib/python3.8/site-packages/airflow/example_dags/example_nested_branch_dag.py for tasks to queue
[2023-11-04 14:23:27,709] {logging_mixin.py:109} INFO - [2023-11-04 14:23:27,709] {dagbag.py:500} INFO - Filling up the DagBag from /home/airflow/.local/lib/python3.8/site-packages/airflow/example_dags/example_nested_branch_dag.py
[2023-11-04 14:23:27,764] {processor.py:654} INFO - DAG(s) dict_keys(['example_nested_branch_dag']) retrieved from /home/airflow/.local/lib/python3.8/site-packages/airflow/example_dags/example_nested_branch_dag.py
[2023-11-04 14:23:27,780] {logging_mixin.py:109} INFO - [2023-11-04 14:23:27,780] {dag.py:2398} INFO - Sync 1 DAGs
[2023-11-04 14:23:27,806] {logging_mixin.py:109} INFO - [2023-11-04 14:23:27,805] {dag.py:2937} INFO - Setting next_dagrun for example_nested_branch_dag to 2023-11-03 00:00:00+00:00
[2023-11-04 14:23:27,819] {processor.py:171} INFO - Processing /home/airflow/.local/lib/python3.8/site-packages/airflow/example_dags/example_nested_branch_dag.py took 0.119 seconds
[2023-11-04 14:23:58,624] {processor.py:163} INFO - Started process (PID=1282) to work on /home/airflow/.local/lib/python3.8/site-packages/airflow/example_dags/example_nested_branch_dag.py
[2023-11-04 14:23:58,626] {processor.py:642} INFO - Processing file /home/airflow/.local/lib/python3.8/site-packages/airflow/example_dags/example_nested_branch_dag.py for tasks to queue
[2023-11-04 14:23:58,627] {logging_mixin.py:109} INFO - [2023-11-04 14:23:58,627] {dagbag.py:500} INFO - Filling up the DagBag from /home/airflow/.local/lib/python3.8/site-packages/airflow/example_dags/example_nested_branch_dag.py
[2023-11-04 14:23:58,674] {processor.py:654} INFO - DAG(s) dict_keys(['example_nested_branch_dag']) retrieved from /home/airflow/.local/lib/python3.8/site-packages/airflow/example_dags/example_nested_branch_dag.py
[2023-11-04 14:23:58,689] {logging_mixin.py:109} INFO - [2023-11-04 14:23:58,689] {dag.py:2398} INFO - Sync 1 DAGs
[2023-11-04 14:23:58,711] {logging_mixin.py:109} INFO - [2023-11-04 14:23:58,711] {dag.py:2937} INFO - Setting next_dagrun for example_nested_branch_dag to 2023-11-03 00:00:00+00:00
[2023-11-04 14:23:58,723] {processor.py:171} INFO - Processing /home/airflow/.local/lib/python3.8/site-packages/airflow/example_dags/example_nested_branch_dag.py took 0.105 seconds
[2023-11-04 14:24:29,469] {processor.py:163} INFO - Started process (PID=1339) to work on /home/airflow/.local/lib/python3.8/site-packages/airflow/example_dags/example_nested_branch_dag.py
[2023-11-04 14:24:29,472] {processor.py:642} INFO - Processing file /home/airflow/.local/lib/python3.8/site-packages/airflow/example_dags/example_nested_branch_dag.py for tasks to queue
[2023-11-04 14:24:29,473] {logging_mixin.py:109} INFO - [2023-11-04 14:24:29,473] {dagbag.py:500} INFO - Filling up the DagBag from /home/airflow/.local/lib/python3.8/site-packages/airflow/example_dags/example_nested_branch_dag.py
[2023-11-04 14:24:29,527] {processor.py:654} INFO - DAG(s) dict_keys(['example_nested_branch_dag']) retrieved from /home/airflow/.local/lib/python3.8/site-packages/airflow/example_dags/example_nested_branch_dag.py
[2023-11-04 14:24:29,543] {logging_mixin.py:109} INFO - [2023-11-04 14:24:29,543] {dag.py:2398} INFO - Sync 1 DAGs
[2023-11-04 14:24:29,572] {logging_mixin.py:109} INFO - [2023-11-04 14:24:29,572] {dag.py:2937} INFO - Setting next_dagrun for example_nested_branch_dag to 2023-11-03 00:00:00+00:00
[2023-11-04 14:24:29,585] {processor.py:171} INFO - Processing /home/airflow/.local/lib/python3.8/site-packages/airflow/example_dags/example_nested_branch_dag.py took 0.122 seconds
[2023-11-04 14:24:59,798] {processor.py:163} INFO - Started process (PID=1388) to work on /home/airflow/.local/lib/python3.8/site-packages/airflow/example_dags/example_nested_branch_dag.py
[2023-11-04 14:24:59,800] {processor.py:642} INFO - Processing file /home/airflow/.local/lib/python3.8/site-packages/airflow/example_dags/example_nested_branch_dag.py for tasks to queue
[2023-11-04 14:24:59,802] {logging_mixin.py:109} INFO - [2023-11-04 14:24:59,802] {dagbag.py:500} INFO - Filling up the DagBag from /home/airflow/.local/lib/python3.8/site-packages/airflow/example_dags/example_nested_branch_dag.py
[2023-11-04 14:24:59,862] {processor.py:654} INFO - DAG(s) dict_keys(['example_nested_branch_dag']) retrieved from /home/airflow/.local/lib/python3.8/site-packages/airflow/example_dags/example_nested_branch_dag.py
[2023-11-04 14:24:59,882] {logging_mixin.py:109} INFO - [2023-11-04 14:24:59,882] {dag.py:2398} INFO - Sync 1 DAGs
[2023-11-04 14:24:59,911] {logging_mixin.py:109} INFO - [2023-11-04 14:24:59,911] {dag.py:2937} INFO - Setting next_dagrun for example_nested_branch_dag to 2023-11-03 00:00:00+00:00
[2023-11-04 14:24:59,924] {processor.py:171} INFO - Processing /home/airflow/.local/lib/python3.8/site-packages/airflow/example_dags/example_nested_branch_dag.py took 0.132 seconds
[2023-11-04 14:25:30,127] {processor.py:163} INFO - Started process (PID=1445) to work on /home/airflow/.local/lib/python3.8/site-packages/airflow/example_dags/example_nested_branch_dag.py
[2023-11-04 14:25:30,130] {processor.py:642} INFO - Processing file /home/airflow/.local/lib/python3.8/site-packages/airflow/example_dags/example_nested_branch_dag.py for tasks to queue
[2023-11-04 14:25:30,132] {logging_mixin.py:109} INFO - [2023-11-04 14:25:30,131] {dagbag.py:500} INFO - Filling up the DagBag from /home/airflow/.local/lib/python3.8/site-packages/airflow/example_dags/example_nested_branch_dag.py
[2023-11-04 14:25:30,181] {processor.py:654} INFO - DAG(s) dict_keys(['example_nested_branch_dag']) retrieved from /home/airflow/.local/lib/python3.8/site-packages/airflow/example_dags/example_nested_branch_dag.py
[2023-11-04 14:25:30,196] {logging_mixin.py:109} INFO - [2023-11-04 14:25:30,196] {dag.py:2398} INFO - Sync 1 DAGs
[2023-11-04 14:25:30,218] {logging_mixin.py:109} INFO - [2023-11-04 14:25:30,218] {dag.py:2937} INFO - Setting next_dagrun for example_nested_branch_dag to 2023-11-03 00:00:00+00:00
[2023-11-04 14:25:30,229] {processor.py:171} INFO - Processing /home/airflow/.local/lib/python3.8/site-packages/airflow/example_dags/example_nested_branch_dag.py took 0.108 seconds
[2023-11-04 14:26:00,345] {processor.py:163} INFO - Started process (PID=1494) to work on /home/airflow/.local/lib/python3.8/site-packages/airflow/example_dags/example_nested_branch_dag.py
[2023-11-04 14:26:00,348] {processor.py:642} INFO - Processing file /home/airflow/.local/lib/python3.8/site-packages/airflow/example_dags/example_nested_branch_dag.py for tasks to queue
[2023-11-04 14:26:00,350] {logging_mixin.py:109} INFO - [2023-11-04 14:26:00,350] {dagbag.py:500} INFO - Filling up the DagBag from /home/airflow/.local/lib/python3.8/site-packages/airflow/example_dags/example_nested_branch_dag.py
[2023-11-04 14:26:00,397] {processor.py:654} INFO - DAG(s) dict_keys(['example_nested_branch_dag']) retrieved from /home/airflow/.local/lib/python3.8/site-packages/airflow/example_dags/example_nested_branch_dag.py
[2023-11-04 14:26:00,411] {logging_mixin.py:109} INFO - [2023-11-04 14:26:00,410] {dag.py:2398} INFO - Sync 1 DAGs
[2023-11-04 14:26:00,434] {logging_mixin.py:109} INFO - [2023-11-04 14:26:00,434] {dag.py:2937} INFO - Setting next_dagrun for example_nested_branch_dag to 2023-11-03 00:00:00+00:00
[2023-11-04 14:26:00,450] {processor.py:171} INFO - Processing /home/airflow/.local/lib/python3.8/site-packages/airflow/example_dags/example_nested_branch_dag.py took 0.110 seconds
[2023-11-04 14:26:30,674] {processor.py:163} INFO - Started process (PID=1543) to work on /home/airflow/.local/lib/python3.8/site-packages/airflow/example_dags/example_nested_branch_dag.py
[2023-11-04 14:26:30,677] {processor.py:642} INFO - Processing file /home/airflow/.local/lib/python3.8/site-packages/airflow/example_dags/example_nested_branch_dag.py for tasks to queue
[2023-11-04 14:26:30,678] {logging_mixin.py:109} INFO - [2023-11-04 14:26:30,678] {dagbag.py:500} INFO - Filling up the DagBag from /home/airflow/.local/lib/python3.8/site-packages/airflow/example_dags/example_nested_branch_dag.py
[2023-11-04 14:26:30,729] {processor.py:654} INFO - DAG(s) dict_keys(['example_nested_branch_dag']) retrieved from /home/airflow/.local/lib/python3.8/site-packages/airflow/example_dags/example_nested_branch_dag.py
[2023-11-04 14:26:30,744] {logging_mixin.py:109} INFO - [2023-11-04 14:26:30,744] {dag.py:2398} INFO - Sync 1 DAGs
[2023-11-04 14:26:30,766] {logging_mixin.py:109} INFO - [2023-11-04 14:26:30,766] {dag.py:2937} INFO - Setting next_dagrun for example_nested_branch_dag to 2023-11-03 00:00:00+00:00
[2023-11-04 14:26:30,778] {processor.py:171} INFO - Processing /home/airflow/.local/lib/python3.8/site-packages/airflow/example_dags/example_nested_branch_dag.py took 0.109 seconds
[2023-11-04 14:28:07,363] {processor.py:163} INFO - Started process (PID=38) to work on /home/airflow/.local/lib/python3.8/site-packages/airflow/example_dags/example_nested_branch_dag.py
[2023-11-04 14:28:07,366] {processor.py:642} INFO - Processing file /home/airflow/.local/lib/python3.8/site-packages/airflow/example_dags/example_nested_branch_dag.py for tasks to queue
[2023-11-04 14:28:07,369] {logging_mixin.py:109} INFO - [2023-11-04 14:28:07,369] {dagbag.py:500} INFO - Filling up the DagBag from /home/airflow/.local/lib/python3.8/site-packages/airflow/example_dags/example_nested_branch_dag.py
[2023-11-04 14:28:07,437] {processor.py:654} INFO - DAG(s) dict_keys(['example_nested_branch_dag']) retrieved from /home/airflow/.local/lib/python3.8/site-packages/airflow/example_dags/example_nested_branch_dag.py
[2023-11-04 14:28:07,454] {logging_mixin.py:109} INFO - [2023-11-04 14:28:07,454] {dag.py:2398} INFO - Sync 1 DAGs
[2023-11-04 14:28:07,492] {logging_mixin.py:109} INFO - [2023-11-04 14:28:07,492] {dag.py:2937} INFO - Setting next_dagrun for example_nested_branch_dag to 2023-11-03 00:00:00+00:00
[2023-11-04 14:28:07,506] {processor.py:171} INFO - Processing /home/airflow/.local/lib/python3.8/site-packages/airflow/example_dags/example_nested_branch_dag.py took 0.148 seconds
[2023-11-04 14:28:38,072] {processor.py:163} INFO - Started process (PID=88) to work on /home/airflow/.local/lib/python3.8/site-packages/airflow/example_dags/example_nested_branch_dag.py
[2023-11-04 14:28:38,074] {processor.py:642} INFO - Processing file /home/airflow/.local/lib/python3.8/site-packages/airflow/example_dags/example_nested_branch_dag.py for tasks to queue
[2023-11-04 14:28:38,076] {logging_mixin.py:109} INFO - [2023-11-04 14:28:38,076] {dagbag.py:500} INFO - Filling up the DagBag from /home/airflow/.local/lib/python3.8/site-packages/airflow/example_dags/example_nested_branch_dag.py
[2023-11-04 14:28:38,124] {processor.py:654} INFO - DAG(s) dict_keys(['example_nested_branch_dag']) retrieved from /home/airflow/.local/lib/python3.8/site-packages/airflow/example_dags/example_nested_branch_dag.py
[2023-11-04 14:28:38,139] {logging_mixin.py:109} INFO - [2023-11-04 14:28:38,138] {dag.py:2398} INFO - Sync 1 DAGs
[2023-11-04 14:28:38,160] {logging_mixin.py:109} INFO - [2023-11-04 14:28:38,160] {dag.py:2937} INFO - Setting next_dagrun for example_nested_branch_dag to 2023-11-03 00:00:00+00:00
[2023-11-04 14:28:38,171] {processor.py:171} INFO - Processing /home/airflow/.local/lib/python3.8/site-packages/airflow/example_dags/example_nested_branch_dag.py took 0.103 seconds
[2023-11-04 14:29:08,574] {processor.py:163} INFO - Started process (PID=145) to work on /home/airflow/.local/lib/python3.8/site-packages/airflow/example_dags/example_nested_branch_dag.py
[2023-11-04 14:29:08,576] {processor.py:642} INFO - Processing file /home/airflow/.local/lib/python3.8/site-packages/airflow/example_dags/example_nested_branch_dag.py for tasks to queue
[2023-11-04 14:29:08,578] {logging_mixin.py:109} INFO - [2023-11-04 14:29:08,578] {dagbag.py:500} INFO - Filling up the DagBag from /home/airflow/.local/lib/python3.8/site-packages/airflow/example_dags/example_nested_branch_dag.py
[2023-11-04 14:29:08,651] {processor.py:654} INFO - DAG(s) dict_keys(['example_nested_branch_dag']) retrieved from /home/airflow/.local/lib/python3.8/site-packages/airflow/example_dags/example_nested_branch_dag.py
[2023-11-04 14:29:08,674] {logging_mixin.py:109} INFO - [2023-11-04 14:29:08,674] {dag.py:2398} INFO - Sync 1 DAGs
[2023-11-04 14:29:08,697] {logging_mixin.py:109} INFO - [2023-11-04 14:29:08,697] {dag.py:2937} INFO - Setting next_dagrun for example_nested_branch_dag to 2023-11-03 00:00:00+00:00
[2023-11-04 14:29:08,713] {processor.py:171} INFO - Processing /home/airflow/.local/lib/python3.8/site-packages/airflow/example_dags/example_nested_branch_dag.py took 0.146 seconds
[2023-11-04 14:29:38,997] {processor.py:163} INFO - Started process (PID=194) to work on /home/airflow/.local/lib/python3.8/site-packages/airflow/example_dags/example_nested_branch_dag.py
[2023-11-04 14:29:39,000] {processor.py:642} INFO - Processing file /home/airflow/.local/lib/python3.8/site-packages/airflow/example_dags/example_nested_branch_dag.py for tasks to queue
[2023-11-04 14:29:39,001] {logging_mixin.py:109} INFO - [2023-11-04 14:29:39,001] {dagbag.py:500} INFO - Filling up the DagBag from /home/airflow/.local/lib/python3.8/site-packages/airflow/example_dags/example_nested_branch_dag.py
[2023-11-04 14:29:39,052] {processor.py:654} INFO - DAG(s) dict_keys(['example_nested_branch_dag']) retrieved from /home/airflow/.local/lib/python3.8/site-packages/airflow/example_dags/example_nested_branch_dag.py
[2023-11-04 14:29:39,068] {logging_mixin.py:109} INFO - [2023-11-04 14:29:39,068] {dag.py:2398} INFO - Sync 1 DAGs
[2023-11-04 14:29:39,090] {logging_mixin.py:109} INFO - [2023-11-04 14:29:39,090] {dag.py:2937} INFO - Setting next_dagrun for example_nested_branch_dag to 2023-11-03 00:00:00+00:00
[2023-11-04 14:29:39,102] {processor.py:171} INFO - Processing /home/airflow/.local/lib/python3.8/site-packages/airflow/example_dags/example_nested_branch_dag.py took 0.110 seconds
[2023-11-04 14:30:09,721] {processor.py:163} INFO - Started process (PID=243) to work on /home/airflow/.local/lib/python3.8/site-packages/airflow/example_dags/example_nested_branch_dag.py
[2023-11-04 14:30:09,724] {processor.py:642} INFO - Processing file /home/airflow/.local/lib/python3.8/site-packages/airflow/example_dags/example_nested_branch_dag.py for tasks to queue
[2023-11-04 14:30:09,725] {logging_mixin.py:109} INFO - [2023-11-04 14:30:09,725] {dagbag.py:500} INFO - Filling up the DagBag from /home/airflow/.local/lib/python3.8/site-packages/airflow/example_dags/example_nested_branch_dag.py
[2023-11-04 14:30:09,777] {processor.py:654} INFO - DAG(s) dict_keys(['example_nested_branch_dag']) retrieved from /home/airflow/.local/lib/python3.8/site-packages/airflow/example_dags/example_nested_branch_dag.py
[2023-11-04 14:30:09,793] {logging_mixin.py:109} INFO - [2023-11-04 14:30:09,793] {dag.py:2398} INFO - Sync 1 DAGs
[2023-11-04 14:30:09,820] {logging_mixin.py:109} INFO - [2023-11-04 14:30:09,820] {dag.py:2937} INFO - Setting next_dagrun for example_nested_branch_dag to 2023-11-03 00:00:00+00:00
[2023-11-04 14:30:09,832] {processor.py:171} INFO - Processing /home/airflow/.local/lib/python3.8/site-packages/airflow/example_dags/example_nested_branch_dag.py took 0.116 seconds
[2023-11-04 14:30:40,011] {processor.py:163} INFO - Started process (PID=299) to work on /home/airflow/.local/lib/python3.8/site-packages/airflow/example_dags/example_nested_branch_dag.py
[2023-11-04 14:30:40,014] {processor.py:642} INFO - Processing file /home/airflow/.local/lib/python3.8/site-packages/airflow/example_dags/example_nested_branch_dag.py for tasks to queue
[2023-11-04 14:30:40,016] {logging_mixin.py:109} INFO - [2023-11-04 14:30:40,016] {dagbag.py:500} INFO - Filling up the DagBag from /home/airflow/.local/lib/python3.8/site-packages/airflow/example_dags/example_nested_branch_dag.py
[2023-11-04 14:30:40,093] {processor.py:654} INFO - DAG(s) dict_keys(['example_nested_branch_dag']) retrieved from /home/airflow/.local/lib/python3.8/site-packages/airflow/example_dags/example_nested_branch_dag.py
[2023-11-04 14:30:40,113] {logging_mixin.py:109} INFO - [2023-11-04 14:30:40,113] {dag.py:2398} INFO - Sync 1 DAGs
[2023-11-04 14:30:40,144] {logging_mixin.py:109} INFO - [2023-11-04 14:30:40,143] {dag.py:2937} INFO - Setting next_dagrun for example_nested_branch_dag to 2023-11-03 00:00:00+00:00
[2023-11-04 14:30:40,159] {processor.py:171} INFO - Processing /home/airflow/.local/lib/python3.8/site-packages/airflow/example_dags/example_nested_branch_dag.py took 0.153 seconds
