[2023-11-04 13:41:31,469] {processor.py:163} INFO - Started process (PID=184) to work on /home/airflow/.local/lib/python3.8/site-packages/airflow/example_dags/tutorial.py
[2023-11-04 13:41:31,472] {processor.py:642} INFO - Processing file /home/airflow/.local/lib/python3.8/site-packages/airflow/example_dags/tutorial.py for tasks to queue
[2023-11-04 13:41:31,474] {logging_mixin.py:109} INFO - [2023-11-04 13:41:31,473] {dagbag.py:500} INFO - Filling up the DagBag from /home/airflow/.local/lib/python3.8/site-packages/airflow/example_dags/tutorial.py
[2023-11-04 13:41:31,538] {processor.py:654} INFO - DAG(s) dict_keys(['tutorial']) retrieved from /home/airflow/.local/lib/python3.8/site-packages/airflow/example_dags/tutorial.py
[2023-11-04 13:41:34,255] {logging_mixin.py:109} INFO - [2023-11-04 13:41:34,255] {providers_manager.py:154} WARNING - Exception when importing 'airflow.providers.google.common.hooks.base_google.GoogleBaseHook' from 'apache-airflow-providers-google' package: module 'pyparsing' has no attribute 'downcaseTokens'
[2023-11-04 13:41:34,264] {logging_mixin.py:109} INFO - [2023-11-04 13:41:34,264] {providers_manager.py:154} WARNING - Exception when importing 'airflow.providers.google.cloud.hooks.cloud_sql.CloudSQLHook' from 'apache-airflow-providers-google' package: module 'pyparsing' has no attribute 'downcaseTokens'
[2023-11-04 13:41:34,270] {logging_mixin.py:109} INFO - [2023-11-04 13:41:34,270] {providers_manager.py:154} WARNING - Exception when importing 'airflow.providers.google.cloud.hooks.cloud_sql.CloudSQLDatabaseHook' from 'apache-airflow-providers-google' package: module 'pyparsing' has no attribute 'downcaseTokens'
[2023-11-04 13:41:34,468] {logging_mixin.py:109} INFO - [2023-11-04 13:41:34,467] {providers_manager.py:154} WARNING - Exception when importing 'airflow.providers.google.cloud.hooks.bigquery.BigQueryHook' from 'apache-airflow-providers-google' package: module 'pyparsing' has no attribute 'downcaseTokens'
[2023-11-04 13:41:34,472] {logging_mixin.py:109} INFO - [2023-11-04 13:41:34,472] {providers_manager.py:154} WARNING - Exception when importing 'airflow.providers.google.cloud.hooks.compute_ssh.ComputeEngineSSHHook' from 'apache-airflow-providers-google' package: module 'pyparsing' has no attribute 'downcaseTokens'
[2023-11-04 13:41:35,060] {logging_mixin.py:109} INFO - [2023-11-04 13:41:35,060] {providers_manager.py:154} WARNING - Exception when importing 'airflow.providers.google.common.hooks.base_google.GoogleBaseHook' from 'apache-airflow-providers-google' package: module 'pyparsing' has no attribute 'downcaseTokens'
[2023-11-04 13:41:35,067] {logging_mixin.py:109} INFO - [2023-11-04 13:41:35,067] {providers_manager.py:154} WARNING - Exception when importing 'airflow.providers.google.cloud.hooks.cloud_sql.CloudSQLHook' from 'apache-airflow-providers-google' package: module 'pyparsing' has no attribute 'downcaseTokens'
[2023-11-04 13:41:35,072] {logging_mixin.py:109} INFO - [2023-11-04 13:41:35,071] {providers_manager.py:154} WARNING - Exception when importing 'airflow.providers.google.cloud.hooks.cloud_sql.CloudSQLDatabaseHook' from 'apache-airflow-providers-google' package: module 'pyparsing' has no attribute 'downcaseTokens'
[2023-11-04 13:41:35,077] {logging_mixin.py:109} INFO - [2023-11-04 13:41:35,077] {providers_manager.py:154} WARNING - Exception when importing 'airflow.providers.google.cloud.hooks.bigquery.BigQueryHook' from 'apache-airflow-providers-google' package: module 'pyparsing' has no attribute 'downcaseTokens'
[2023-11-04 13:41:35,082] {logging_mixin.py:109} INFO - [2023-11-04 13:41:35,082] {providers_manager.py:154} WARNING - Exception when importing 'airflow.providers.google.cloud.hooks.compute_ssh.ComputeEngineSSHHook' from 'apache-airflow-providers-google' package: module 'pyparsing' has no attribute 'downcaseTokens'
[2023-11-04 13:41:35,113] {logging_mixin.py:109} INFO - [2023-11-04 13:41:35,113] {manager.py:496} INFO - Created Permission View: can read on DAG:tutorial
[2023-11-04 13:41:35,127] {logging_mixin.py:109} INFO - [2023-11-04 13:41:35,127] {manager.py:496} INFO - Created Permission View: can edit on DAG:tutorial
[2023-11-04 13:41:35,130] {logging_mixin.py:109} INFO - [2023-11-04 13:41:35,130] {dag.py:2398} INFO - Sync 1 DAGs
[2023-11-04 13:41:35,140] {logging_mixin.py:109} INFO - [2023-11-04 13:41:35,140] {dag.py:2417} INFO - Creating ORM DAG for tutorial
[2023-11-04 13:41:35,151] {logging_mixin.py:109} INFO - [2023-11-04 13:41:35,151] {dag.py:2937} INFO - Setting next_dagrun for tutorial to 2023-11-03T13:41:35.151212+00:00
[2023-11-04 13:41:35,171] {processor.py:171} INFO - Processing /home/airflow/.local/lib/python3.8/site-packages/airflow/example_dags/tutorial.py took 3.707 seconds
[2023-11-04 13:42:05,897] {processor.py:163} INFO - Started process (PID=311) to work on /home/airflow/.local/lib/python3.8/site-packages/airflow/example_dags/tutorial.py
[2023-11-04 13:42:05,900] {processor.py:642} INFO - Processing file /home/airflow/.local/lib/python3.8/site-packages/airflow/example_dags/tutorial.py for tasks to queue
[2023-11-04 13:42:05,902] {logging_mixin.py:109} INFO - [2023-11-04 13:42:05,902] {dagbag.py:500} INFO - Filling up the DagBag from /home/airflow/.local/lib/python3.8/site-packages/airflow/example_dags/tutorial.py
[2023-11-04 13:42:05,949] {processor.py:654} INFO - DAG(s) dict_keys(['tutorial']) retrieved from /home/airflow/.local/lib/python3.8/site-packages/airflow/example_dags/tutorial.py
[2023-11-04 13:42:05,964] {logging_mixin.py:109} INFO - [2023-11-04 13:42:05,964] {dag.py:2398} INFO - Sync 1 DAGs
[2023-11-04 13:42:05,986] {logging_mixin.py:109} INFO - [2023-11-04 13:42:05,986] {dag.py:2937} INFO - Setting next_dagrun for tutorial to 2023-11-03T13:42:05.986009+00:00
[2023-11-04 13:42:06,001] {processor.py:171} INFO - Processing /home/airflow/.local/lib/python3.8/site-packages/airflow/example_dags/tutorial.py took 0.109 seconds
[2023-11-04 13:42:36,226] {processor.py:163} INFO - Started process (PID=360) to work on /home/airflow/.local/lib/python3.8/site-packages/airflow/example_dags/tutorial.py
[2023-11-04 13:42:36,228] {processor.py:642} INFO - Processing file /home/airflow/.local/lib/python3.8/site-packages/airflow/example_dags/tutorial.py for tasks to queue
[2023-11-04 13:42:36,229] {logging_mixin.py:109} INFO - [2023-11-04 13:42:36,229] {dagbag.py:500} INFO - Filling up the DagBag from /home/airflow/.local/lib/python3.8/site-packages/airflow/example_dags/tutorial.py
[2023-11-04 13:42:36,272] {processor.py:654} INFO - DAG(s) dict_keys(['tutorial']) retrieved from /home/airflow/.local/lib/python3.8/site-packages/airflow/example_dags/tutorial.py
[2023-11-04 13:42:36,286] {logging_mixin.py:109} INFO - [2023-11-04 13:42:36,286] {dag.py:2398} INFO - Sync 1 DAGs
[2023-11-04 13:42:36,315] {logging_mixin.py:109} INFO - [2023-11-04 13:42:36,315] {dag.py:2937} INFO - Setting next_dagrun for tutorial to 2023-11-03T13:42:36.315046+00:00
[2023-11-04 13:42:36,327] {processor.py:171} INFO - Processing /home/airflow/.local/lib/python3.8/site-packages/airflow/example_dags/tutorial.py took 0.107 seconds
[2023-11-04 13:43:06,490] {processor.py:163} INFO - Started process (PID=417) to work on /home/airflow/.local/lib/python3.8/site-packages/airflow/example_dags/tutorial.py
[2023-11-04 13:43:06,493] {processor.py:642} INFO - Processing file /home/airflow/.local/lib/python3.8/site-packages/airflow/example_dags/tutorial.py for tasks to queue
[2023-11-04 13:43:06,495] {logging_mixin.py:109} INFO - [2023-11-04 13:43:06,495] {dagbag.py:500} INFO - Filling up the DagBag from /home/airflow/.local/lib/python3.8/site-packages/airflow/example_dags/tutorial.py
[2023-11-04 13:43:06,547] {processor.py:654} INFO - DAG(s) dict_keys(['tutorial']) retrieved from /home/airflow/.local/lib/python3.8/site-packages/airflow/example_dags/tutorial.py
[2023-11-04 13:43:06,562] {logging_mixin.py:109} INFO - [2023-11-04 13:43:06,562] {dag.py:2398} INFO - Sync 1 DAGs
[2023-11-04 13:43:06,584] {logging_mixin.py:109} INFO - [2023-11-04 13:43:06,583] {dag.py:2937} INFO - Setting next_dagrun for tutorial to 2023-11-03T13:43:06.583441+00:00
[2023-11-04 13:43:06,596] {processor.py:171} INFO - Processing /home/airflow/.local/lib/python3.8/site-packages/airflow/example_dags/tutorial.py took 0.112 seconds
[2023-11-04 13:43:37,522] {processor.py:163} INFO - Started process (PID=466) to work on /home/airflow/.local/lib/python3.8/site-packages/airflow/example_dags/tutorial.py
[2023-11-04 13:43:37,525] {processor.py:642} INFO - Processing file /home/airflow/.local/lib/python3.8/site-packages/airflow/example_dags/tutorial.py for tasks to queue
[2023-11-04 13:43:37,527] {logging_mixin.py:109} INFO - [2023-11-04 13:43:37,527] {dagbag.py:500} INFO - Filling up the DagBag from /home/airflow/.local/lib/python3.8/site-packages/airflow/example_dags/tutorial.py
[2023-11-04 13:43:37,578] {processor.py:654} INFO - DAG(s) dict_keys(['tutorial']) retrieved from /home/airflow/.local/lib/python3.8/site-packages/airflow/example_dags/tutorial.py
[2023-11-04 13:43:37,593] {logging_mixin.py:109} INFO - [2023-11-04 13:43:37,593] {dag.py:2398} INFO - Sync 1 DAGs
[2023-11-04 13:43:37,615] {logging_mixin.py:109} INFO - [2023-11-04 13:43:37,615] {dag.py:2937} INFO - Setting next_dagrun for tutorial to 2023-11-03T13:43:37.614888+00:00
[2023-11-04 13:43:37,628] {processor.py:171} INFO - Processing /home/airflow/.local/lib/python3.8/site-packages/airflow/example_dags/tutorial.py took 0.111 seconds
[2023-11-04 13:44:08,263] {processor.py:163} INFO - Started process (PID=523) to work on /home/airflow/.local/lib/python3.8/site-packages/airflow/example_dags/tutorial.py
[2023-11-04 13:44:08,266] {processor.py:642} INFO - Processing file /home/airflow/.local/lib/python3.8/site-packages/airflow/example_dags/tutorial.py for tasks to queue
[2023-11-04 13:44:08,268] {logging_mixin.py:109} INFO - [2023-11-04 13:44:08,268] {dagbag.py:500} INFO - Filling up the DagBag from /home/airflow/.local/lib/python3.8/site-packages/airflow/example_dags/tutorial.py
[2023-11-04 13:44:08,320] {processor.py:654} INFO - DAG(s) dict_keys(['tutorial']) retrieved from /home/airflow/.local/lib/python3.8/site-packages/airflow/example_dags/tutorial.py
[2023-11-04 13:44:08,369] {logging_mixin.py:109} INFO - [2023-11-04 13:44:08,369] {dag.py:2398} INFO - Sync 1 DAGs
[2023-11-04 13:44:08,424] {logging_mixin.py:109} INFO - [2023-11-04 13:44:08,424] {dag.py:2937} INFO - Setting next_dagrun for tutorial to 2023-11-03T13:44:08.423910+00:00
[2023-11-04 13:44:08,447] {processor.py:171} INFO - Processing /home/airflow/.local/lib/python3.8/site-packages/airflow/example_dags/tutorial.py took 0.189 seconds
[2023-11-04 13:59:21,047] {processor.py:163} INFO - Started process (PID=56) to work on /home/airflow/.local/lib/python3.8/site-packages/airflow/example_dags/tutorial.py
[2023-11-04 13:59:21,050] {processor.py:642} INFO - Processing file /home/airflow/.local/lib/python3.8/site-packages/airflow/example_dags/tutorial.py for tasks to queue
[2023-11-04 13:59:21,051] {logging_mixin.py:109} INFO - [2023-11-04 13:59:21,051] {dagbag.py:500} INFO - Filling up the DagBag from /home/airflow/.local/lib/python3.8/site-packages/airflow/example_dags/tutorial.py
[2023-11-04 13:59:21,099] {processor.py:654} INFO - DAG(s) dict_keys(['tutorial']) retrieved from /home/airflow/.local/lib/python3.8/site-packages/airflow/example_dags/tutorial.py
[2023-11-04 13:59:21,113] {logging_mixin.py:109} INFO - [2023-11-04 13:59:21,113] {dag.py:2398} INFO - Sync 1 DAGs
[2023-11-04 13:59:21,133] {logging_mixin.py:109} INFO - [2023-11-04 13:59:21,133] {dag.py:2937} INFO - Setting next_dagrun for tutorial to 2023-11-03T13:59:21.132857+00:00
[2023-11-04 13:59:21,144] {processor.py:171} INFO - Processing /home/airflow/.local/lib/python3.8/site-packages/airflow/example_dags/tutorial.py took 0.102 seconds
[2023-11-04 13:59:51,510] {processor.py:163} INFO - Started process (PID=104) to work on /home/airflow/.local/lib/python3.8/site-packages/airflow/example_dags/tutorial.py
[2023-11-04 13:59:51,512] {processor.py:642} INFO - Processing file /home/airflow/.local/lib/python3.8/site-packages/airflow/example_dags/tutorial.py for tasks to queue
[2023-11-04 13:59:51,514] {logging_mixin.py:109} INFO - [2023-11-04 13:59:51,514] {dagbag.py:500} INFO - Filling up the DagBag from /home/airflow/.local/lib/python3.8/site-packages/airflow/example_dags/tutorial.py
[2023-11-04 13:59:51,580] {processor.py:654} INFO - DAG(s) dict_keys(['tutorial']) retrieved from /home/airflow/.local/lib/python3.8/site-packages/airflow/example_dags/tutorial.py
[2023-11-04 13:59:51,598] {logging_mixin.py:109} INFO - [2023-11-04 13:59:51,598] {dag.py:2398} INFO - Sync 1 DAGs
[2023-11-04 13:59:51,628] {logging_mixin.py:109} INFO - [2023-11-04 13:59:51,628] {dag.py:2937} INFO - Setting next_dagrun for tutorial to 2023-11-03T13:59:51.627523+00:00
[2023-11-04 13:59:51,647] {processor.py:171} INFO - Processing /home/airflow/.local/lib/python3.8/site-packages/airflow/example_dags/tutorial.py took 0.144 seconds
[2023-11-04 14:00:22,273] {processor.py:163} INFO - Started process (PID=177) to work on /home/airflow/.local/lib/python3.8/site-packages/airflow/example_dags/tutorial.py
[2023-11-04 14:00:22,277] {processor.py:642} INFO - Processing file /home/airflow/.local/lib/python3.8/site-packages/airflow/example_dags/tutorial.py for tasks to queue
[2023-11-04 14:00:22,281] {logging_mixin.py:109} INFO - [2023-11-04 14:00:22,280] {dagbag.py:500} INFO - Filling up the DagBag from /home/airflow/.local/lib/python3.8/site-packages/airflow/example_dags/tutorial.py
[2023-11-04 14:00:22,342] {processor.py:654} INFO - DAG(s) dict_keys(['tutorial']) retrieved from /home/airflow/.local/lib/python3.8/site-packages/airflow/example_dags/tutorial.py
[2023-11-04 14:00:22,363] {logging_mixin.py:109} INFO - [2023-11-04 14:00:22,363] {dag.py:2398} INFO - Sync 1 DAGs
[2023-11-04 14:00:22,404] {logging_mixin.py:109} INFO - [2023-11-04 14:00:22,403] {dag.py:2937} INFO - Setting next_dagrun for tutorial to 2023-11-03T14:00:22.403541+00:00
[2023-11-04 14:00:22,420] {processor.py:171} INFO - Processing /home/airflow/.local/lib/python3.8/site-packages/airflow/example_dags/tutorial.py took 0.155 seconds
[2023-11-04 14:00:53,185] {processor.py:163} INFO - Started process (PID=226) to work on /home/airflow/.local/lib/python3.8/site-packages/airflow/example_dags/tutorial.py
[2023-11-04 14:00:53,187] {processor.py:642} INFO - Processing file /home/airflow/.local/lib/python3.8/site-packages/airflow/example_dags/tutorial.py for tasks to queue
[2023-11-04 14:00:53,190] {logging_mixin.py:109} INFO - [2023-11-04 14:00:53,190] {dagbag.py:500} INFO - Filling up the DagBag from /home/airflow/.local/lib/python3.8/site-packages/airflow/example_dags/tutorial.py
[2023-11-04 14:00:53,250] {processor.py:654} INFO - DAG(s) dict_keys(['tutorial']) retrieved from /home/airflow/.local/lib/python3.8/site-packages/airflow/example_dags/tutorial.py
[2023-11-04 14:00:53,279] {logging_mixin.py:109} INFO - [2023-11-04 14:00:53,278] {dag.py:2398} INFO - Sync 1 DAGs
[2023-11-04 14:00:53,309] {logging_mixin.py:109} INFO - [2023-11-04 14:00:53,309] {dag.py:2937} INFO - Setting next_dagrun for tutorial to 2023-11-03T14:00:53.308861+00:00
[2023-11-04 14:00:53,322] {processor.py:171} INFO - Processing /home/airflow/.local/lib/python3.8/site-packages/airflow/example_dags/tutorial.py took 0.142 seconds
[2023-11-04 14:01:23,608] {processor.py:163} INFO - Started process (PID=275) to work on /home/airflow/.local/lib/python3.8/site-packages/airflow/example_dags/tutorial.py
[2023-11-04 14:01:23,610] {processor.py:642} INFO - Processing file /home/airflow/.local/lib/python3.8/site-packages/airflow/example_dags/tutorial.py for tasks to queue
[2023-11-04 14:01:23,612] {logging_mixin.py:109} INFO - [2023-11-04 14:01:23,612] {dagbag.py:500} INFO - Filling up the DagBag from /home/airflow/.local/lib/python3.8/site-packages/airflow/example_dags/tutorial.py
[2023-11-04 14:01:23,655] {processor.py:654} INFO - DAG(s) dict_keys(['tutorial']) retrieved from /home/airflow/.local/lib/python3.8/site-packages/airflow/example_dags/tutorial.py
[2023-11-04 14:01:23,669] {logging_mixin.py:109} INFO - [2023-11-04 14:01:23,669] {dag.py:2398} INFO - Sync 1 DAGs
[2023-11-04 14:01:23,688] {logging_mixin.py:109} INFO - [2023-11-04 14:01:23,688] {dag.py:2937} INFO - Setting next_dagrun for tutorial to 2023-11-03T14:01:23.688303+00:00
[2023-11-04 14:01:23,701] {processor.py:171} INFO - Processing /home/airflow/.local/lib/python3.8/site-packages/airflow/example_dags/tutorial.py took 0.098 seconds
[2023-11-04 14:01:53,880] {processor.py:163} INFO - Started process (PID=331) to work on /home/airflow/.local/lib/python3.8/site-packages/airflow/example_dags/tutorial.py
[2023-11-04 14:01:53,882] {processor.py:642} INFO - Processing file /home/airflow/.local/lib/python3.8/site-packages/airflow/example_dags/tutorial.py for tasks to queue
[2023-11-04 14:01:53,884] {logging_mixin.py:109} INFO - [2023-11-04 14:01:53,884] {dagbag.py:500} INFO - Filling up the DagBag from /home/airflow/.local/lib/python3.8/site-packages/airflow/example_dags/tutorial.py
[2023-11-04 14:01:53,928] {processor.py:654} INFO - DAG(s) dict_keys(['tutorial']) retrieved from /home/airflow/.local/lib/python3.8/site-packages/airflow/example_dags/tutorial.py
[2023-11-04 14:01:53,942] {logging_mixin.py:109} INFO - [2023-11-04 14:01:53,942] {dag.py:2398} INFO - Sync 1 DAGs
[2023-11-04 14:01:53,961] {logging_mixin.py:109} INFO - [2023-11-04 14:01:53,961] {dag.py:2937} INFO - Setting next_dagrun for tutorial to 2023-11-03T14:01:53.961232+00:00
[2023-11-04 14:01:53,973] {processor.py:171} INFO - Processing /home/airflow/.local/lib/python3.8/site-packages/airflow/example_dags/tutorial.py took 0.099 seconds
[2023-11-04 14:02:25,074] {processor.py:163} INFO - Started process (PID=381) to work on /home/airflow/.local/lib/python3.8/site-packages/airflow/example_dags/tutorial.py
[2023-11-04 14:02:25,077] {processor.py:642} INFO - Processing file /home/airflow/.local/lib/python3.8/site-packages/airflow/example_dags/tutorial.py for tasks to queue
[2023-11-04 14:02:25,080] {logging_mixin.py:109} INFO - [2023-11-04 14:02:25,079] {dagbag.py:500} INFO - Filling up the DagBag from /home/airflow/.local/lib/python3.8/site-packages/airflow/example_dags/tutorial.py
[2023-11-04 14:02:25,133] {processor.py:654} INFO - DAG(s) dict_keys(['tutorial']) retrieved from /home/airflow/.local/lib/python3.8/site-packages/airflow/example_dags/tutorial.py
[2023-11-04 14:02:25,147] {logging_mixin.py:109} INFO - [2023-11-04 14:02:25,147] {dag.py:2398} INFO - Sync 1 DAGs
[2023-11-04 14:02:25,168] {logging_mixin.py:109} INFO - [2023-11-04 14:02:25,168] {dag.py:2937} INFO - Setting next_dagrun for tutorial to 2023-11-03T14:02:25.168039+00:00
[2023-11-04 14:02:25,180] {processor.py:171} INFO - Processing /home/airflow/.local/lib/python3.8/site-packages/airflow/example_dags/tutorial.py took 0.115 seconds
[2023-11-04 14:04:47,675] {processor.py:163} INFO - Started process (PID=51) to work on /home/airflow/.local/lib/python3.8/site-packages/airflow/example_dags/tutorial.py
[2023-11-04 14:04:47,678] {processor.py:642} INFO - Processing file /home/airflow/.local/lib/python3.8/site-packages/airflow/example_dags/tutorial.py for tasks to queue
[2023-11-04 14:04:47,681] {logging_mixin.py:109} INFO - [2023-11-04 14:04:47,680] {dagbag.py:500} INFO - Filling up the DagBag from /home/airflow/.local/lib/python3.8/site-packages/airflow/example_dags/tutorial.py
[2023-11-04 14:04:47,762] {processor.py:654} INFO - DAG(s) dict_keys(['tutorial']) retrieved from /home/airflow/.local/lib/python3.8/site-packages/airflow/example_dags/tutorial.py
[2023-11-04 14:04:47,782] {logging_mixin.py:109} INFO - [2023-11-04 14:04:47,782] {dag.py:2398} INFO - Sync 1 DAGs
[2023-11-04 14:04:47,806] {logging_mixin.py:109} INFO - [2023-11-04 14:04:47,806] {dag.py:2937} INFO - Setting next_dagrun for tutorial to 2023-11-03T14:04:47.805584+00:00
[2023-11-04 14:04:47,838] {processor.py:171} INFO - Processing /home/airflow/.local/lib/python3.8/site-packages/airflow/example_dags/tutorial.py took 0.169 seconds
[2023-11-04 14:05:18,952] {processor.py:163} INFO - Started process (PID=106) to work on /home/airflow/.local/lib/python3.8/site-packages/airflow/example_dags/tutorial.py
[2023-11-04 14:05:18,955] {processor.py:642} INFO - Processing file /home/airflow/.local/lib/python3.8/site-packages/airflow/example_dags/tutorial.py for tasks to queue
[2023-11-04 14:05:18,958] {logging_mixin.py:109} INFO - [2023-11-04 14:05:18,958] {dagbag.py:500} INFO - Filling up the DagBag from /home/airflow/.local/lib/python3.8/site-packages/airflow/example_dags/tutorial.py
[2023-11-04 14:05:19,007] {processor.py:654} INFO - DAG(s) dict_keys(['tutorial']) retrieved from /home/airflow/.local/lib/python3.8/site-packages/airflow/example_dags/tutorial.py
[2023-11-04 14:05:19,023] {logging_mixin.py:109} INFO - [2023-11-04 14:05:19,023] {dag.py:2398} INFO - Sync 1 DAGs
[2023-11-04 14:05:19,045] {logging_mixin.py:109} INFO - [2023-11-04 14:05:19,044] {dag.py:2937} INFO - Setting next_dagrun for tutorial to 2023-11-03T14:05:19.044558+00:00
[2023-11-04 14:05:19,058] {processor.py:171} INFO - Processing /home/airflow/.local/lib/python3.8/site-packages/airflow/example_dags/tutorial.py took 0.112 seconds
[2023-11-04 14:05:49,966] {processor.py:163} INFO - Started process (PID=156) to work on /home/airflow/.local/lib/python3.8/site-packages/airflow/example_dags/tutorial.py
[2023-11-04 14:05:49,969] {processor.py:642} INFO - Processing file /home/airflow/.local/lib/python3.8/site-packages/airflow/example_dags/tutorial.py for tasks to queue
[2023-11-04 14:05:49,970] {logging_mixin.py:109} INFO - [2023-11-04 14:05:49,970] {dagbag.py:500} INFO - Filling up the DagBag from /home/airflow/.local/lib/python3.8/site-packages/airflow/example_dags/tutorial.py
[2023-11-04 14:05:50,015] {processor.py:654} INFO - DAG(s) dict_keys(['tutorial']) retrieved from /home/airflow/.local/lib/python3.8/site-packages/airflow/example_dags/tutorial.py
[2023-11-04 14:05:50,028] {logging_mixin.py:109} INFO - [2023-11-04 14:05:50,028] {dag.py:2398} INFO - Sync 1 DAGs
[2023-11-04 14:05:50,048] {logging_mixin.py:109} INFO - [2023-11-04 14:05:50,048] {dag.py:2937} INFO - Setting next_dagrun for tutorial to 2023-11-03T14:05:50.048017+00:00
[2023-11-04 14:05:50,059] {processor.py:171} INFO - Processing /home/airflow/.local/lib/python3.8/site-packages/airflow/example_dags/tutorial.py took 0.098 seconds
[2023-11-04 14:06:20,361] {processor.py:163} INFO - Started process (PID=205) to work on /home/airflow/.local/lib/python3.8/site-packages/airflow/example_dags/tutorial.py
[2023-11-04 14:06:20,363] {processor.py:642} INFO - Processing file /home/airflow/.local/lib/python3.8/site-packages/airflow/example_dags/tutorial.py for tasks to queue
[2023-11-04 14:06:20,365] {logging_mixin.py:109} INFO - [2023-11-04 14:06:20,365] {dagbag.py:500} INFO - Filling up the DagBag from /home/airflow/.local/lib/python3.8/site-packages/airflow/example_dags/tutorial.py
[2023-11-04 14:06:20,410] {processor.py:654} INFO - DAG(s) dict_keys(['tutorial']) retrieved from /home/airflow/.local/lib/python3.8/site-packages/airflow/example_dags/tutorial.py
[2023-11-04 14:06:20,444] {logging_mixin.py:109} INFO - [2023-11-04 14:06:20,443] {dag.py:2398} INFO - Sync 1 DAGs
[2023-11-04 14:06:20,469] {logging_mixin.py:109} INFO - [2023-11-04 14:06:20,469] {dag.py:2937} INFO - Setting next_dagrun for tutorial to 2023-11-03T14:06:20.469268+00:00
[2023-11-04 14:06:20,483] {processor.py:171} INFO - Processing /home/airflow/.local/lib/python3.8/site-packages/airflow/example_dags/tutorial.py took 0.127 seconds
[2023-11-04 14:06:50,863] {processor.py:163} INFO - Started process (PID=262) to work on /home/airflow/.local/lib/python3.8/site-packages/airflow/example_dags/tutorial.py
[2023-11-04 14:06:50,865] {processor.py:642} INFO - Processing file /home/airflow/.local/lib/python3.8/site-packages/airflow/example_dags/tutorial.py for tasks to queue
[2023-11-04 14:06:50,867] {logging_mixin.py:109} INFO - [2023-11-04 14:06:50,867] {dagbag.py:500} INFO - Filling up the DagBag from /home/airflow/.local/lib/python3.8/site-packages/airflow/example_dags/tutorial.py
[2023-11-04 14:06:50,916] {processor.py:654} INFO - DAG(s) dict_keys(['tutorial']) retrieved from /home/airflow/.local/lib/python3.8/site-packages/airflow/example_dags/tutorial.py
[2023-11-04 14:06:50,930] {logging_mixin.py:109} INFO - [2023-11-04 14:06:50,930] {dag.py:2398} INFO - Sync 1 DAGs
[2023-11-04 14:06:50,952] {logging_mixin.py:109} INFO - [2023-11-04 14:06:50,952] {dag.py:2937} INFO - Setting next_dagrun for tutorial to 2023-11-03T14:06:50.952086+00:00
[2023-11-04 14:06:50,966] {processor.py:171} INFO - Processing /home/airflow/.local/lib/python3.8/site-packages/airflow/example_dags/tutorial.py took 0.109 seconds
[2023-11-04 14:07:21,256] {processor.py:163} INFO - Started process (PID=311) to work on /home/airflow/.local/lib/python3.8/site-packages/airflow/example_dags/tutorial.py
[2023-11-04 14:07:21,258] {processor.py:642} INFO - Processing file /home/airflow/.local/lib/python3.8/site-packages/airflow/example_dags/tutorial.py for tasks to queue
[2023-11-04 14:07:21,260] {logging_mixin.py:109} INFO - [2023-11-04 14:07:21,260] {dagbag.py:500} INFO - Filling up the DagBag from /home/airflow/.local/lib/python3.8/site-packages/airflow/example_dags/tutorial.py
[2023-11-04 14:07:21,306] {processor.py:654} INFO - DAG(s) dict_keys(['tutorial']) retrieved from /home/airflow/.local/lib/python3.8/site-packages/airflow/example_dags/tutorial.py
[2023-11-04 14:07:21,320] {logging_mixin.py:109} INFO - [2023-11-04 14:07:21,320] {dag.py:2398} INFO - Sync 1 DAGs
[2023-11-04 14:07:21,341] {logging_mixin.py:109} INFO - [2023-11-04 14:07:21,341] {dag.py:2937} INFO - Setting next_dagrun for tutorial to 2023-11-03T14:07:21.340697+00:00
[2023-11-04 14:07:21,359] {processor.py:171} INFO - Processing /home/airflow/.local/lib/python3.8/site-packages/airflow/example_dags/tutorial.py took 0.108 seconds
[2023-11-04 14:07:52,007] {processor.py:163} INFO - Started process (PID=359) to work on /home/airflow/.local/lib/python3.8/site-packages/airflow/example_dags/tutorial.py
[2023-11-04 14:07:52,009] {processor.py:642} INFO - Processing file /home/airflow/.local/lib/python3.8/site-packages/airflow/example_dags/tutorial.py for tasks to queue
[2023-11-04 14:07:52,010] {logging_mixin.py:109} INFO - [2023-11-04 14:07:52,010] {dagbag.py:500} INFO - Filling up the DagBag from /home/airflow/.local/lib/python3.8/site-packages/airflow/example_dags/tutorial.py
[2023-11-04 14:07:52,060] {processor.py:654} INFO - DAG(s) dict_keys(['tutorial']) retrieved from /home/airflow/.local/lib/python3.8/site-packages/airflow/example_dags/tutorial.py
[2023-11-04 14:07:52,076] {logging_mixin.py:109} INFO - [2023-11-04 14:07:52,076] {dag.py:2398} INFO - Sync 1 DAGs
[2023-11-04 14:07:52,101] {logging_mixin.py:109} INFO - [2023-11-04 14:07:52,101] {dag.py:2937} INFO - Setting next_dagrun for tutorial to 2023-11-03T14:07:52.100436+00:00
[2023-11-04 14:07:52,114] {processor.py:171} INFO - Processing /home/airflow/.local/lib/python3.8/site-packages/airflow/example_dags/tutorial.py took 0.112 seconds
[2023-11-04 14:08:23,055] {processor.py:163} INFO - Started process (PID=416) to work on /home/airflow/.local/lib/python3.8/site-packages/airflow/example_dags/tutorial.py
[2023-11-04 14:08:23,057] {processor.py:642} INFO - Processing file /home/airflow/.local/lib/python3.8/site-packages/airflow/example_dags/tutorial.py for tasks to queue
[2023-11-04 14:08:23,058] {logging_mixin.py:109} INFO - [2023-11-04 14:08:23,058] {dagbag.py:500} INFO - Filling up the DagBag from /home/airflow/.local/lib/python3.8/site-packages/airflow/example_dags/tutorial.py
[2023-11-04 14:08:23,103] {processor.py:654} INFO - DAG(s) dict_keys(['tutorial']) retrieved from /home/airflow/.local/lib/python3.8/site-packages/airflow/example_dags/tutorial.py
[2023-11-04 14:08:23,118] {logging_mixin.py:109} INFO - [2023-11-04 14:08:23,118] {dag.py:2398} INFO - Sync 1 DAGs
[2023-11-04 14:08:23,138] {logging_mixin.py:109} INFO - [2023-11-04 14:08:23,138] {dag.py:2937} INFO - Setting next_dagrun for tutorial to 2023-11-03T14:08:23.137730+00:00
[2023-11-04 14:08:23,151] {processor.py:171} INFO - Processing /home/airflow/.local/lib/python3.8/site-packages/airflow/example_dags/tutorial.py took 0.101 seconds
[2023-11-04 14:08:53,513] {processor.py:163} INFO - Started process (PID=465) to work on /home/airflow/.local/lib/python3.8/site-packages/airflow/example_dags/tutorial.py
[2023-11-04 14:08:53,515] {processor.py:642} INFO - Processing file /home/airflow/.local/lib/python3.8/site-packages/airflow/example_dags/tutorial.py for tasks to queue
[2023-11-04 14:08:53,517] {logging_mixin.py:109} INFO - [2023-11-04 14:08:53,517] {dagbag.py:500} INFO - Filling up the DagBag from /home/airflow/.local/lib/python3.8/site-packages/airflow/example_dags/tutorial.py
[2023-11-04 14:08:53,561] {processor.py:654} INFO - DAG(s) dict_keys(['tutorial']) retrieved from /home/airflow/.local/lib/python3.8/site-packages/airflow/example_dags/tutorial.py
[2023-11-04 14:08:53,575] {logging_mixin.py:109} INFO - [2023-11-04 14:08:53,575] {dag.py:2398} INFO - Sync 1 DAGs
[2023-11-04 14:08:53,596] {logging_mixin.py:109} INFO - [2023-11-04 14:08:53,595] {dag.py:2937} INFO - Setting next_dagrun for tutorial to 2023-11-03T14:08:53.595624+00:00
[2023-11-04 14:08:53,607] {processor.py:171} INFO - Processing /home/airflow/.local/lib/python3.8/site-packages/airflow/example_dags/tutorial.py took 0.099 seconds
[2023-11-04 14:09:23,730] {processor.py:163} INFO - Started process (PID=522) to work on /home/airflow/.local/lib/python3.8/site-packages/airflow/example_dags/tutorial.py
[2023-11-04 14:09:23,733] {processor.py:642} INFO - Processing file /home/airflow/.local/lib/python3.8/site-packages/airflow/example_dags/tutorial.py for tasks to queue
[2023-11-04 14:09:23,735] {logging_mixin.py:109} INFO - [2023-11-04 14:09:23,734] {dagbag.py:500} INFO - Filling up the DagBag from /home/airflow/.local/lib/python3.8/site-packages/airflow/example_dags/tutorial.py
[2023-11-04 14:09:23,802] {processor.py:654} INFO - DAG(s) dict_keys(['tutorial']) retrieved from /home/airflow/.local/lib/python3.8/site-packages/airflow/example_dags/tutorial.py
[2023-11-04 14:09:23,818] {logging_mixin.py:109} INFO - [2023-11-04 14:09:23,817] {dag.py:2398} INFO - Sync 1 DAGs
[2023-11-04 14:09:23,840] {logging_mixin.py:109} INFO - [2023-11-04 14:09:23,840] {dag.py:2937} INFO - Setting next_dagrun for tutorial to 2023-11-03T14:09:23.840193+00:00
[2023-11-04 14:09:23,855] {processor.py:171} INFO - Processing /home/airflow/.local/lib/python3.8/site-packages/airflow/example_dags/tutorial.py took 0.130 seconds
[2023-11-04 14:09:54,938] {processor.py:163} INFO - Started process (PID=571) to work on /home/airflow/.local/lib/python3.8/site-packages/airflow/example_dags/tutorial.py
[2023-11-04 14:09:54,941] {processor.py:642} INFO - Processing file /home/airflow/.local/lib/python3.8/site-packages/airflow/example_dags/tutorial.py for tasks to queue
[2023-11-04 14:09:54,943] {logging_mixin.py:109} INFO - [2023-11-04 14:09:54,942] {dagbag.py:500} INFO - Filling up the DagBag from /home/airflow/.local/lib/python3.8/site-packages/airflow/example_dags/tutorial.py
[2023-11-04 14:09:54,986] {processor.py:654} INFO - DAG(s) dict_keys(['tutorial']) retrieved from /home/airflow/.local/lib/python3.8/site-packages/airflow/example_dags/tutorial.py
[2023-11-04 14:09:55,000] {logging_mixin.py:109} INFO - [2023-11-04 14:09:55,000] {dag.py:2398} INFO - Sync 1 DAGs
[2023-11-04 14:09:55,020] {logging_mixin.py:109} INFO - [2023-11-04 14:09:55,019] {dag.py:2937} INFO - Setting next_dagrun for tutorial to 2023-11-03T14:09:55.019558+00:00
[2023-11-04 14:09:55,032] {processor.py:171} INFO - Processing /home/airflow/.local/lib/python3.8/site-packages/airflow/example_dags/tutorial.py took 0.098 seconds
[2023-11-04 14:10:26,101] {processor.py:163} INFO - Started process (PID=619) to work on /home/airflow/.local/lib/python3.8/site-packages/airflow/example_dags/tutorial.py
[2023-11-04 14:10:26,104] {processor.py:642} INFO - Processing file /home/airflow/.local/lib/python3.8/site-packages/airflow/example_dags/tutorial.py for tasks to queue
[2023-11-04 14:10:26,105] {logging_mixin.py:109} INFO - [2023-11-04 14:10:26,105] {dagbag.py:500} INFO - Filling up the DagBag from /home/airflow/.local/lib/python3.8/site-packages/airflow/example_dags/tutorial.py
[2023-11-04 14:10:26,149] {processor.py:654} INFO - DAG(s) dict_keys(['tutorial']) retrieved from /home/airflow/.local/lib/python3.8/site-packages/airflow/example_dags/tutorial.py
[2023-11-04 14:10:26,163] {logging_mixin.py:109} INFO - [2023-11-04 14:10:26,163] {dag.py:2398} INFO - Sync 1 DAGs
[2023-11-04 14:10:26,183] {logging_mixin.py:109} INFO - [2023-11-04 14:10:26,183] {dag.py:2937} INFO - Setting next_dagrun for tutorial to 2023-11-03T14:10:26.183049+00:00
[2023-11-04 14:10:26,194] {processor.py:171} INFO - Processing /home/airflow/.local/lib/python3.8/site-packages/airflow/example_dags/tutorial.py took 0.098 seconds
[2023-11-04 14:11:50,487] {processor.py:163} INFO - Started process (PID=52) to work on /home/airflow/.local/lib/python3.8/site-packages/airflow/example_dags/tutorial.py
[2023-11-04 14:11:50,490] {processor.py:642} INFO - Processing file /home/airflow/.local/lib/python3.8/site-packages/airflow/example_dags/tutorial.py for tasks to queue
[2023-11-04 14:11:50,492] {logging_mixin.py:109} INFO - [2023-11-04 14:11:50,492] {dagbag.py:500} INFO - Filling up the DagBag from /home/airflow/.local/lib/python3.8/site-packages/airflow/example_dags/tutorial.py
[2023-11-04 14:11:50,549] {processor.py:654} INFO - DAG(s) dict_keys(['tutorial']) retrieved from /home/airflow/.local/lib/python3.8/site-packages/airflow/example_dags/tutorial.py
[2023-11-04 14:11:50,567] {logging_mixin.py:109} INFO - [2023-11-04 14:11:50,566] {dag.py:2398} INFO - Sync 1 DAGs
[2023-11-04 14:11:50,598] {logging_mixin.py:109} INFO - [2023-11-04 14:11:50,598] {dag.py:2937} INFO - Setting next_dagrun for tutorial to 2023-11-03T14:11:50.598182+00:00
[2023-11-04 14:11:50,614] {processor.py:171} INFO - Processing /home/airflow/.local/lib/python3.8/site-packages/airflow/example_dags/tutorial.py took 0.131 seconds
[2023-11-04 14:12:21,102] {processor.py:163} INFO - Started process (PID=100) to work on /home/airflow/.local/lib/python3.8/site-packages/airflow/example_dags/tutorial.py
[2023-11-04 14:12:21,104] {processor.py:642} INFO - Processing file /home/airflow/.local/lib/python3.8/site-packages/airflow/example_dags/tutorial.py for tasks to queue
[2023-11-04 14:12:21,106] {logging_mixin.py:109} INFO - [2023-11-04 14:12:21,106] {dagbag.py:500} INFO - Filling up the DagBag from /home/airflow/.local/lib/python3.8/site-packages/airflow/example_dags/tutorial.py
[2023-11-04 14:12:21,152] {processor.py:654} INFO - DAG(s) dict_keys(['tutorial']) retrieved from /home/airflow/.local/lib/python3.8/site-packages/airflow/example_dags/tutorial.py
[2023-11-04 14:12:21,167] {logging_mixin.py:109} INFO - [2023-11-04 14:12:21,167] {dag.py:2398} INFO - Sync 1 DAGs
[2023-11-04 14:12:21,192] {logging_mixin.py:109} INFO - [2023-11-04 14:12:21,192] {dag.py:2937} INFO - Setting next_dagrun for tutorial to 2023-11-03T14:12:21.192019+00:00
[2023-11-04 14:12:21,203] {processor.py:171} INFO - Processing /home/airflow/.local/lib/python3.8/site-packages/airflow/example_dags/tutorial.py took 0.107 seconds
[2023-11-04 14:12:52,437] {processor.py:163} INFO - Started process (PID=157) to work on /home/airflow/.local/lib/python3.8/site-packages/airflow/example_dags/tutorial.py
[2023-11-04 14:12:52,439] {processor.py:642} INFO - Processing file /home/airflow/.local/lib/python3.8/site-packages/airflow/example_dags/tutorial.py for tasks to queue
[2023-11-04 14:12:52,440] {logging_mixin.py:109} INFO - [2023-11-04 14:12:52,440] {dagbag.py:500} INFO - Filling up the DagBag from /home/airflow/.local/lib/python3.8/site-packages/airflow/example_dags/tutorial.py
[2023-11-04 14:12:52,488] {processor.py:654} INFO - DAG(s) dict_keys(['tutorial']) retrieved from /home/airflow/.local/lib/python3.8/site-packages/airflow/example_dags/tutorial.py
[2023-11-04 14:12:52,503] {logging_mixin.py:109} INFO - [2023-11-04 14:12:52,503] {dag.py:2398} INFO - Sync 1 DAGs
[2023-11-04 14:12:52,524] {logging_mixin.py:109} INFO - [2023-11-04 14:12:52,524] {dag.py:2937} INFO - Setting next_dagrun for tutorial to 2023-11-03T14:12:52.524018+00:00
[2023-11-04 14:12:52,536] {processor.py:171} INFO - Processing /home/airflow/.local/lib/python3.8/site-packages/airflow/example_dags/tutorial.py took 0.104 seconds
[2023-11-04 14:13:22,865] {processor.py:163} INFO - Started process (PID=206) to work on /home/airflow/.local/lib/python3.8/site-packages/airflow/example_dags/tutorial.py
[2023-11-04 14:13:22,868] {processor.py:642} INFO - Processing file /home/airflow/.local/lib/python3.8/site-packages/airflow/example_dags/tutorial.py for tasks to queue
[2023-11-04 14:13:22,870] {logging_mixin.py:109} INFO - [2023-11-04 14:13:22,869] {dagbag.py:500} INFO - Filling up the DagBag from /home/airflow/.local/lib/python3.8/site-packages/airflow/example_dags/tutorial.py
[2023-11-04 14:13:22,914] {processor.py:654} INFO - DAG(s) dict_keys(['tutorial']) retrieved from /home/airflow/.local/lib/python3.8/site-packages/airflow/example_dags/tutorial.py
[2023-11-04 14:13:22,929] {logging_mixin.py:109} INFO - [2023-11-04 14:13:22,929] {dag.py:2398} INFO - Sync 1 DAGs
[2023-11-04 14:13:22,950] {logging_mixin.py:109} INFO - [2023-11-04 14:13:22,950] {dag.py:2937} INFO - Setting next_dagrun for tutorial to 2023-11-03T14:13:22.949813+00:00
[2023-11-04 14:13:22,963] {processor.py:171} INFO - Processing /home/airflow/.local/lib/python3.8/site-packages/airflow/example_dags/tutorial.py took 0.103 seconds
[2023-11-04 14:13:53,536] {processor.py:163} INFO - Started process (PID=264) to work on /home/airflow/.local/lib/python3.8/site-packages/airflow/example_dags/tutorial.py
[2023-11-04 14:13:53,540] {processor.py:642} INFO - Processing file /home/airflow/.local/lib/python3.8/site-packages/airflow/example_dags/tutorial.py for tasks to queue
[2023-11-04 14:13:53,543] {logging_mixin.py:109} INFO - [2023-11-04 14:13:53,542] {dagbag.py:500} INFO - Filling up the DagBag from /home/airflow/.local/lib/python3.8/site-packages/airflow/example_dags/tutorial.py
[2023-11-04 14:13:53,612] {processor.py:654} INFO - DAG(s) dict_keys(['tutorial']) retrieved from /home/airflow/.local/lib/python3.8/site-packages/airflow/example_dags/tutorial.py
[2023-11-04 14:13:53,644] {logging_mixin.py:109} INFO - [2023-11-04 14:13:53,644] {dag.py:2398} INFO - Sync 1 DAGs
[2023-11-04 14:13:53,665] {logging_mixin.py:109} INFO - [2023-11-04 14:13:53,665] {dag.py:2937} INFO - Setting next_dagrun for tutorial to 2023-11-03T14:13:53.664935+00:00
[2023-11-04 14:13:53,677] {processor.py:171} INFO - Processing /home/airflow/.local/lib/python3.8/site-packages/airflow/example_dags/tutorial.py took 0.150 seconds
[2023-11-04 14:14:23,853] {processor.py:163} INFO - Started process (PID=312) to work on /home/airflow/.local/lib/python3.8/site-packages/airflow/example_dags/tutorial.py
[2023-11-04 14:14:23,855] {processor.py:642} INFO - Processing file /home/airflow/.local/lib/python3.8/site-packages/airflow/example_dags/tutorial.py for tasks to queue
[2023-11-04 14:14:23,857] {logging_mixin.py:109} INFO - [2023-11-04 14:14:23,857] {dagbag.py:500} INFO - Filling up the DagBag from /home/airflow/.local/lib/python3.8/site-packages/airflow/example_dags/tutorial.py
[2023-11-04 14:14:23,920] {processor.py:654} INFO - DAG(s) dict_keys(['tutorial']) retrieved from /home/airflow/.local/lib/python3.8/site-packages/airflow/example_dags/tutorial.py
[2023-11-04 14:14:23,934] {logging_mixin.py:109} INFO - [2023-11-04 14:14:23,934] {dag.py:2398} INFO - Sync 1 DAGs
[2023-11-04 14:14:23,955] {logging_mixin.py:109} INFO - [2023-11-04 14:14:23,955] {dag.py:2937} INFO - Setting next_dagrun for tutorial to 2023-11-03T14:14:23.955279+00:00
[2023-11-04 14:14:23,968] {processor.py:171} INFO - Processing /home/airflow/.local/lib/python3.8/site-packages/airflow/example_dags/tutorial.py took 0.120 seconds
[2023-11-04 14:14:54,594] {processor.py:163} INFO - Started process (PID=361) to work on /home/airflow/.local/lib/python3.8/site-packages/airflow/example_dags/tutorial.py
[2023-11-04 14:14:54,597] {processor.py:642} INFO - Processing file /home/airflow/.local/lib/python3.8/site-packages/airflow/example_dags/tutorial.py for tasks to queue
[2023-11-04 14:14:54,599] {logging_mixin.py:109} INFO - [2023-11-04 14:14:54,598] {dagbag.py:500} INFO - Filling up the DagBag from /home/airflow/.local/lib/python3.8/site-packages/airflow/example_dags/tutorial.py
[2023-11-04 14:14:54,643] {processor.py:654} INFO - DAG(s) dict_keys(['tutorial']) retrieved from /home/airflow/.local/lib/python3.8/site-packages/airflow/example_dags/tutorial.py
[2023-11-04 14:14:54,662] {logging_mixin.py:109} INFO - [2023-11-04 14:14:54,662] {dag.py:2398} INFO - Sync 1 DAGs
[2023-11-04 14:14:54,694] {logging_mixin.py:109} INFO - [2023-11-04 14:14:54,694] {dag.py:2937} INFO - Setting next_dagrun for tutorial to 2023-11-03T14:14:54.693632+00:00
[2023-11-04 14:14:54,706] {processor.py:171} INFO - Processing /home/airflow/.local/lib/python3.8/site-packages/airflow/example_dags/tutorial.py took 0.118 seconds
[2023-11-04 14:15:25,344] {processor.py:163} INFO - Started process (PID=419) to work on /home/airflow/.local/lib/python3.8/site-packages/airflow/example_dags/tutorial.py
[2023-11-04 14:15:25,347] {processor.py:642} INFO - Processing file /home/airflow/.local/lib/python3.8/site-packages/airflow/example_dags/tutorial.py for tasks to queue
[2023-11-04 14:15:25,348] {logging_mixin.py:109} INFO - [2023-11-04 14:15:25,348] {dagbag.py:500} INFO - Filling up the DagBag from /home/airflow/.local/lib/python3.8/site-packages/airflow/example_dags/tutorial.py
[2023-11-04 14:15:25,397] {processor.py:654} INFO - DAG(s) dict_keys(['tutorial']) retrieved from /home/airflow/.local/lib/python3.8/site-packages/airflow/example_dags/tutorial.py
[2023-11-04 14:15:25,417] {logging_mixin.py:109} INFO - [2023-11-04 14:15:25,417] {dag.py:2398} INFO - Sync 1 DAGs
[2023-11-04 14:15:25,438] {logging_mixin.py:109} INFO - [2023-11-04 14:15:25,437] {dag.py:2937} INFO - Setting next_dagrun for tutorial to 2023-11-03T14:15:25.437560+00:00
[2023-11-04 14:15:25,449] {processor.py:171} INFO - Processing /home/airflow/.local/lib/python3.8/site-packages/airflow/example_dags/tutorial.py took 0.110 seconds
[2023-11-04 14:15:55,516] {processor.py:163} INFO - Started process (PID=467) to work on /home/airflow/.local/lib/python3.8/site-packages/airflow/example_dags/tutorial.py
[2023-11-04 14:15:55,519] {processor.py:642} INFO - Processing file /home/airflow/.local/lib/python3.8/site-packages/airflow/example_dags/tutorial.py for tasks to queue
[2023-11-04 14:15:55,521] {logging_mixin.py:109} INFO - [2023-11-04 14:15:55,520] {dagbag.py:500} INFO - Filling up the DagBag from /home/airflow/.local/lib/python3.8/site-packages/airflow/example_dags/tutorial.py
[2023-11-04 14:15:55,573] {processor.py:654} INFO - DAG(s) dict_keys(['tutorial']) retrieved from /home/airflow/.local/lib/python3.8/site-packages/airflow/example_dags/tutorial.py
[2023-11-04 14:15:55,587] {logging_mixin.py:109} INFO - [2023-11-04 14:15:55,587] {dag.py:2398} INFO - Sync 1 DAGs
[2023-11-04 14:15:55,609] {logging_mixin.py:109} INFO - [2023-11-04 14:15:55,609] {dag.py:2937} INFO - Setting next_dagrun for tutorial to 2023-11-03T14:15:55.609301+00:00
[2023-11-04 14:15:55,624] {processor.py:171} INFO - Processing /home/airflow/.local/lib/python3.8/site-packages/airflow/example_dags/tutorial.py took 0.113 seconds
[2023-11-04 14:16:27,013] {processor.py:163} INFO - Started process (PID=524) to work on /home/airflow/.local/lib/python3.8/site-packages/airflow/example_dags/tutorial.py
[2023-11-04 14:16:27,016] {processor.py:642} INFO - Processing file /home/airflow/.local/lib/python3.8/site-packages/airflow/example_dags/tutorial.py for tasks to queue
[2023-11-04 14:16:27,018] {logging_mixin.py:109} INFO - [2023-11-04 14:16:27,018] {dagbag.py:500} INFO - Filling up the DagBag from /home/airflow/.local/lib/python3.8/site-packages/airflow/example_dags/tutorial.py
[2023-11-04 14:16:27,079] {processor.py:654} INFO - DAG(s) dict_keys(['tutorial']) retrieved from /home/airflow/.local/lib/python3.8/site-packages/airflow/example_dags/tutorial.py
[2023-11-04 14:16:27,105] {logging_mixin.py:109} INFO - [2023-11-04 14:16:27,104] {dag.py:2398} INFO - Sync 1 DAGs
[2023-11-04 14:16:27,135] {logging_mixin.py:109} INFO - [2023-11-04 14:16:27,135] {dag.py:2937} INFO - Setting next_dagrun for tutorial to 2023-11-03T14:16:27.135325+00:00
[2023-11-04 14:16:27,149] {processor.py:171} INFO - Processing /home/airflow/.local/lib/python3.8/site-packages/airflow/example_dags/tutorial.py took 0.143 seconds
[2023-11-04 14:16:57,956] {processor.py:163} INFO - Started process (PID=574) to work on /home/airflow/.local/lib/python3.8/site-packages/airflow/example_dags/tutorial.py
[2023-11-04 14:16:57,959] {processor.py:642} INFO - Processing file /home/airflow/.local/lib/python3.8/site-packages/airflow/example_dags/tutorial.py for tasks to queue
[2023-11-04 14:16:57,961] {logging_mixin.py:109} INFO - [2023-11-04 14:16:57,961] {dagbag.py:500} INFO - Filling up the DagBag from /home/airflow/.local/lib/python3.8/site-packages/airflow/example_dags/tutorial.py
[2023-11-04 14:16:58,007] {processor.py:654} INFO - DAG(s) dict_keys(['tutorial']) retrieved from /home/airflow/.local/lib/python3.8/site-packages/airflow/example_dags/tutorial.py
[2023-11-04 14:16:58,022] {logging_mixin.py:109} INFO - [2023-11-04 14:16:58,021] {dag.py:2398} INFO - Sync 1 DAGs
[2023-11-04 14:16:58,042] {logging_mixin.py:109} INFO - [2023-11-04 14:16:58,042] {dag.py:2937} INFO - Setting next_dagrun for tutorial to 2023-11-03T14:16:58.041944+00:00
[2023-11-04 14:16:58,054] {processor.py:171} INFO - Processing /home/airflow/.local/lib/python3.8/site-packages/airflow/example_dags/tutorial.py took 0.103 seconds
[2023-11-04 14:17:29,149] {processor.py:163} INFO - Started process (PID=623) to work on /home/airflow/.local/lib/python3.8/site-packages/airflow/example_dags/tutorial.py
[2023-11-04 14:17:29,152] {processor.py:642} INFO - Processing file /home/airflow/.local/lib/python3.8/site-packages/airflow/example_dags/tutorial.py for tasks to queue
[2023-11-04 14:17:29,154] {logging_mixin.py:109} INFO - [2023-11-04 14:17:29,154] {dagbag.py:500} INFO - Filling up the DagBag from /home/airflow/.local/lib/python3.8/site-packages/airflow/example_dags/tutorial.py
[2023-11-04 14:17:29,211] {processor.py:654} INFO - DAG(s) dict_keys(['tutorial']) retrieved from /home/airflow/.local/lib/python3.8/site-packages/airflow/example_dags/tutorial.py
[2023-11-04 14:17:29,232] {logging_mixin.py:109} INFO - [2023-11-04 14:17:29,232] {dag.py:2398} INFO - Sync 1 DAGs
[2023-11-04 14:17:29,256] {logging_mixin.py:109} INFO - [2023-11-04 14:17:29,255] {dag.py:2937} INFO - Setting next_dagrun for tutorial to 2023-11-03T14:17:29.255554+00:00
[2023-11-04 14:17:29,269] {processor.py:171} INFO - Processing /home/airflow/.local/lib/python3.8/site-packages/airflow/example_dags/tutorial.py took 0.125 seconds
[2023-11-04 14:17:59,674] {processor.py:163} INFO - Started process (PID=680) to work on /home/airflow/.local/lib/python3.8/site-packages/airflow/example_dags/tutorial.py
[2023-11-04 14:17:59,677] {processor.py:642} INFO - Processing file /home/airflow/.local/lib/python3.8/site-packages/airflow/example_dags/tutorial.py for tasks to queue
[2023-11-04 14:17:59,679] {logging_mixin.py:109} INFO - [2023-11-04 14:17:59,679] {dagbag.py:500} INFO - Filling up the DagBag from /home/airflow/.local/lib/python3.8/site-packages/airflow/example_dags/tutorial.py
[2023-11-04 14:17:59,726] {processor.py:654} INFO - DAG(s) dict_keys(['tutorial']) retrieved from /home/airflow/.local/lib/python3.8/site-packages/airflow/example_dags/tutorial.py
[2023-11-04 14:17:59,747] {logging_mixin.py:109} INFO - [2023-11-04 14:17:59,747] {dag.py:2398} INFO - Sync 1 DAGs
[2023-11-04 14:17:59,782] {logging_mixin.py:109} INFO - [2023-11-04 14:17:59,782] {dag.py:2937} INFO - Setting next_dagrun for tutorial to 2023-11-03T14:17:59.781957+00:00
[2023-11-04 14:17:59,795] {processor.py:171} INFO - Processing /home/airflow/.local/lib/python3.8/site-packages/airflow/example_dags/tutorial.py took 0.127 seconds
[2023-11-04 14:18:30,613] {processor.py:163} INFO - Started process (PID=729) to work on /home/airflow/.local/lib/python3.8/site-packages/airflow/example_dags/tutorial.py
[2023-11-04 14:18:30,615] {processor.py:642} INFO - Processing file /home/airflow/.local/lib/python3.8/site-packages/airflow/example_dags/tutorial.py for tasks to queue
[2023-11-04 14:18:30,617] {logging_mixin.py:109} INFO - [2023-11-04 14:18:30,617] {dagbag.py:500} INFO - Filling up the DagBag from /home/airflow/.local/lib/python3.8/site-packages/airflow/example_dags/tutorial.py
[2023-11-04 14:18:30,661] {processor.py:654} INFO - DAG(s) dict_keys(['tutorial']) retrieved from /home/airflow/.local/lib/python3.8/site-packages/airflow/example_dags/tutorial.py
[2023-11-04 14:18:30,677] {logging_mixin.py:109} INFO - [2023-11-04 14:18:30,677] {dag.py:2398} INFO - Sync 1 DAGs
[2023-11-04 14:18:30,700] {logging_mixin.py:109} INFO - [2023-11-04 14:18:30,700] {dag.py:2937} INFO - Setting next_dagrun for tutorial to 2023-11-03T14:18:30.699695+00:00
[2023-11-04 14:18:30,714] {processor.py:171} INFO - Processing /home/airflow/.local/lib/python3.8/site-packages/airflow/example_dags/tutorial.py took 0.106 seconds
[2023-11-04 14:19:01,803] {processor.py:163} INFO - Started process (PID=778) to work on /home/airflow/.local/lib/python3.8/site-packages/airflow/example_dags/tutorial.py
[2023-11-04 14:19:01,805] {processor.py:642} INFO - Processing file /home/airflow/.local/lib/python3.8/site-packages/airflow/example_dags/tutorial.py for tasks to queue
[2023-11-04 14:19:01,806] {logging_mixin.py:109} INFO - [2023-11-04 14:19:01,806] {dagbag.py:500} INFO - Filling up the DagBag from /home/airflow/.local/lib/python3.8/site-packages/airflow/example_dags/tutorial.py
[2023-11-04 14:19:01,852] {processor.py:654} INFO - DAG(s) dict_keys(['tutorial']) retrieved from /home/airflow/.local/lib/python3.8/site-packages/airflow/example_dags/tutorial.py
[2023-11-04 14:19:01,867] {logging_mixin.py:109} INFO - [2023-11-04 14:19:01,867] {dag.py:2398} INFO - Sync 1 DAGs
[2023-11-04 14:19:01,888] {logging_mixin.py:109} INFO - [2023-11-04 14:19:01,887] {dag.py:2937} INFO - Setting next_dagrun for tutorial to 2023-11-03T14:19:01.887452+00:00
[2023-11-04 14:19:01,900] {processor.py:171} INFO - Processing /home/airflow/.local/lib/python3.8/site-packages/airflow/example_dags/tutorial.py took 0.103 seconds
[2023-11-04 14:19:33,060] {processor.py:163} INFO - Started process (PID=835) to work on /home/airflow/.local/lib/python3.8/site-packages/airflow/example_dags/tutorial.py
[2023-11-04 14:19:33,063] {processor.py:642} INFO - Processing file /home/airflow/.local/lib/python3.8/site-packages/airflow/example_dags/tutorial.py for tasks to queue
[2023-11-04 14:19:33,064] {logging_mixin.py:109} INFO - [2023-11-04 14:19:33,064] {dagbag.py:500} INFO - Filling up the DagBag from /home/airflow/.local/lib/python3.8/site-packages/airflow/example_dags/tutorial.py
[2023-11-04 14:19:33,123] {processor.py:654} INFO - DAG(s) dict_keys(['tutorial']) retrieved from /home/airflow/.local/lib/python3.8/site-packages/airflow/example_dags/tutorial.py
[2023-11-04 14:19:33,137] {logging_mixin.py:109} INFO - [2023-11-04 14:19:33,137] {dag.py:2398} INFO - Sync 1 DAGs
[2023-11-04 14:19:33,169] {logging_mixin.py:109} INFO - [2023-11-04 14:19:33,168] {dag.py:2937} INFO - Setting next_dagrun for tutorial to 2023-11-03T14:19:33.168200+00:00
[2023-11-04 14:19:33,196] {processor.py:171} INFO - Processing /home/airflow/.local/lib/python3.8/site-packages/airflow/example_dags/tutorial.py took 0.141 seconds
[2023-11-04 14:20:03,737] {processor.py:163} INFO - Started process (PID=884) to work on /home/airflow/.local/lib/python3.8/site-packages/airflow/example_dags/tutorial.py
[2023-11-04 14:20:03,740] {processor.py:642} INFO - Processing file /home/airflow/.local/lib/python3.8/site-packages/airflow/example_dags/tutorial.py for tasks to queue
[2023-11-04 14:20:03,741] {logging_mixin.py:109} INFO - [2023-11-04 14:20:03,741] {dagbag.py:500} INFO - Filling up the DagBag from /home/airflow/.local/lib/python3.8/site-packages/airflow/example_dags/tutorial.py
[2023-11-04 14:20:03,786] {processor.py:654} INFO - DAG(s) dict_keys(['tutorial']) retrieved from /home/airflow/.local/lib/python3.8/site-packages/airflow/example_dags/tutorial.py
[2023-11-04 14:20:03,800] {logging_mixin.py:109} INFO - [2023-11-04 14:20:03,799] {dag.py:2398} INFO - Sync 1 DAGs
[2023-11-04 14:20:03,819] {logging_mixin.py:109} INFO - [2023-11-04 14:20:03,819] {dag.py:2937} INFO - Setting next_dagrun for tutorial to 2023-11-03T14:20:03.818766+00:00
[2023-11-04 14:20:03,830] {processor.py:171} INFO - Processing /home/airflow/.local/lib/python3.8/site-packages/airflow/example_dags/tutorial.py took 0.097 seconds
[2023-11-04 14:20:33,995] {processor.py:163} INFO - Started process (PID=934) to work on /home/airflow/.local/lib/python3.8/site-packages/airflow/example_dags/tutorial.py
[2023-11-04 14:20:33,997] {processor.py:642} INFO - Processing file /home/airflow/.local/lib/python3.8/site-packages/airflow/example_dags/tutorial.py for tasks to queue
[2023-11-04 14:20:33,999] {logging_mixin.py:109} INFO - [2023-11-04 14:20:33,998] {dagbag.py:500} INFO - Filling up the DagBag from /home/airflow/.local/lib/python3.8/site-packages/airflow/example_dags/tutorial.py
[2023-11-04 14:20:34,043] {processor.py:654} INFO - DAG(s) dict_keys(['tutorial']) retrieved from /home/airflow/.local/lib/python3.8/site-packages/airflow/example_dags/tutorial.py
[2023-11-04 14:20:34,059] {logging_mixin.py:109} INFO - [2023-11-04 14:20:34,059] {dag.py:2398} INFO - Sync 1 DAGs
[2023-11-04 14:20:34,079] {logging_mixin.py:109} INFO - [2023-11-04 14:20:34,079] {dag.py:2937} INFO - Setting next_dagrun for tutorial to 2023-11-03T14:20:34.079244+00:00
[2023-11-04 14:20:34,093] {processor.py:171} INFO - Processing /home/airflow/.local/lib/python3.8/site-packages/airflow/example_dags/tutorial.py took 0.103 seconds
[2023-11-04 14:21:04,499] {processor.py:163} INFO - Started process (PID=991) to work on /home/airflow/.local/lib/python3.8/site-packages/airflow/example_dags/tutorial.py
[2023-11-04 14:21:04,501] {processor.py:642} INFO - Processing file /home/airflow/.local/lib/python3.8/site-packages/airflow/example_dags/tutorial.py for tasks to queue
[2023-11-04 14:21:04,503] {logging_mixin.py:109} INFO - [2023-11-04 14:21:04,503] {dagbag.py:500} INFO - Filling up the DagBag from /home/airflow/.local/lib/python3.8/site-packages/airflow/example_dags/tutorial.py
[2023-11-04 14:21:04,546] {processor.py:654} INFO - DAG(s) dict_keys(['tutorial']) retrieved from /home/airflow/.local/lib/python3.8/site-packages/airflow/example_dags/tutorial.py
[2023-11-04 14:21:04,561] {logging_mixin.py:109} INFO - [2023-11-04 14:21:04,561] {dag.py:2398} INFO - Sync 1 DAGs
[2023-11-04 14:21:04,580] {logging_mixin.py:109} INFO - [2023-11-04 14:21:04,580] {dag.py:2937} INFO - Setting next_dagrun for tutorial to 2023-11-03T14:21:04.580165+00:00
[2023-11-04 14:21:04,593] {processor.py:171} INFO - Processing /home/airflow/.local/lib/python3.8/site-packages/airflow/example_dags/tutorial.py took 0.099 seconds
[2023-11-04 14:21:35,743] {processor.py:163} INFO - Started process (PID=1041) to work on /home/airflow/.local/lib/python3.8/site-packages/airflow/example_dags/tutorial.py
[2023-11-04 14:21:35,745] {processor.py:642} INFO - Processing file /home/airflow/.local/lib/python3.8/site-packages/airflow/example_dags/tutorial.py for tasks to queue
[2023-11-04 14:21:35,747] {logging_mixin.py:109} INFO - [2023-11-04 14:21:35,747] {dagbag.py:500} INFO - Filling up the DagBag from /home/airflow/.local/lib/python3.8/site-packages/airflow/example_dags/tutorial.py
[2023-11-04 14:21:35,790] {processor.py:654} INFO - DAG(s) dict_keys(['tutorial']) retrieved from /home/airflow/.local/lib/python3.8/site-packages/airflow/example_dags/tutorial.py
[2023-11-04 14:21:35,804] {logging_mixin.py:109} INFO - [2023-11-04 14:21:35,804] {dag.py:2398} INFO - Sync 1 DAGs
[2023-11-04 14:21:35,823] {logging_mixin.py:109} INFO - [2023-11-04 14:21:35,823] {dag.py:2937} INFO - Setting next_dagrun for tutorial to 2023-11-03T14:21:35.823322+00:00
[2023-11-04 14:21:35,835] {processor.py:171} INFO - Processing /home/airflow/.local/lib/python3.8/site-packages/airflow/example_dags/tutorial.py took 0.097 seconds
[2023-11-04 14:22:06,947] {processor.py:163} INFO - Started process (PID=1098) to work on /home/airflow/.local/lib/python3.8/site-packages/airflow/example_dags/tutorial.py
[2023-11-04 14:22:06,950] {processor.py:642} INFO - Processing file /home/airflow/.local/lib/python3.8/site-packages/airflow/example_dags/tutorial.py for tasks to queue
[2023-11-04 14:22:06,952] {logging_mixin.py:109} INFO - [2023-11-04 14:22:06,952] {dagbag.py:500} INFO - Filling up the DagBag from /home/airflow/.local/lib/python3.8/site-packages/airflow/example_dags/tutorial.py
[2023-11-04 14:22:07,006] {processor.py:654} INFO - DAG(s) dict_keys(['tutorial']) retrieved from /home/airflow/.local/lib/python3.8/site-packages/airflow/example_dags/tutorial.py
[2023-11-04 14:22:07,022] {logging_mixin.py:109} INFO - [2023-11-04 14:22:07,022] {dag.py:2398} INFO - Sync 1 DAGs
[2023-11-04 14:22:07,043] {logging_mixin.py:109} INFO - [2023-11-04 14:22:07,043] {dag.py:2937} INFO - Setting next_dagrun for tutorial to 2023-11-03T14:22:07.043249+00:00
[2023-11-04 14:22:07,060] {processor.py:171} INFO - Processing /home/airflow/.local/lib/python3.8/site-packages/airflow/example_dags/tutorial.py took 0.117 seconds
[2023-11-04 14:22:38,063] {processor.py:163} INFO - Started process (PID=1148) to work on /home/airflow/.local/lib/python3.8/site-packages/airflow/example_dags/tutorial.py
[2023-11-04 14:22:38,066] {processor.py:642} INFO - Processing file /home/airflow/.local/lib/python3.8/site-packages/airflow/example_dags/tutorial.py for tasks to queue
[2023-11-04 14:22:38,067] {logging_mixin.py:109} INFO - [2023-11-04 14:22:38,067] {dagbag.py:500} INFO - Filling up the DagBag from /home/airflow/.local/lib/python3.8/site-packages/airflow/example_dags/tutorial.py
[2023-11-04 14:22:38,113] {processor.py:654} INFO - DAG(s) dict_keys(['tutorial']) retrieved from /home/airflow/.local/lib/python3.8/site-packages/airflow/example_dags/tutorial.py
[2023-11-04 14:22:38,128] {logging_mixin.py:109} INFO - [2023-11-04 14:22:38,128] {dag.py:2398} INFO - Sync 1 DAGs
[2023-11-04 14:22:38,148] {logging_mixin.py:109} INFO - [2023-11-04 14:22:38,148] {dag.py:2937} INFO - Setting next_dagrun for tutorial to 2023-11-03T14:22:38.147838+00:00
[2023-11-04 14:22:38,160] {processor.py:171} INFO - Processing /home/airflow/.local/lib/python3.8/site-packages/airflow/example_dags/tutorial.py took 0.102 seconds
[2023-11-04 14:23:09,440] {processor.py:163} INFO - Started process (PID=1205) to work on /home/airflow/.local/lib/python3.8/site-packages/airflow/example_dags/tutorial.py
[2023-11-04 14:23:09,443] {processor.py:642} INFO - Processing file /home/airflow/.local/lib/python3.8/site-packages/airflow/example_dags/tutorial.py for tasks to queue
[2023-11-04 14:23:09,445] {logging_mixin.py:109} INFO - [2023-11-04 14:23:09,445] {dagbag.py:500} INFO - Filling up the DagBag from /home/airflow/.local/lib/python3.8/site-packages/airflow/example_dags/tutorial.py
[2023-11-04 14:23:09,496] {processor.py:654} INFO - DAG(s) dict_keys(['tutorial']) retrieved from /home/airflow/.local/lib/python3.8/site-packages/airflow/example_dags/tutorial.py
[2023-11-04 14:23:09,510] {logging_mixin.py:109} INFO - [2023-11-04 14:23:09,510] {dag.py:2398} INFO - Sync 1 DAGs
[2023-11-04 14:23:09,530] {logging_mixin.py:109} INFO - [2023-11-04 14:23:09,530] {dag.py:2937} INFO - Setting next_dagrun for tutorial to 2023-11-03T14:23:09.530390+00:00
[2023-11-04 14:23:09,547] {processor.py:171} INFO - Processing /home/airflow/.local/lib/python3.8/site-packages/airflow/example_dags/tutorial.py took 0.113 seconds
[2023-11-04 14:23:39,913] {processor.py:163} INFO - Started process (PID=1254) to work on /home/airflow/.local/lib/python3.8/site-packages/airflow/example_dags/tutorial.py
[2023-11-04 14:23:39,915] {processor.py:642} INFO - Processing file /home/airflow/.local/lib/python3.8/site-packages/airflow/example_dags/tutorial.py for tasks to queue
[2023-11-04 14:23:39,917] {logging_mixin.py:109} INFO - [2023-11-04 14:23:39,917] {dagbag.py:500} INFO - Filling up the DagBag from /home/airflow/.local/lib/python3.8/site-packages/airflow/example_dags/tutorial.py
[2023-11-04 14:23:39,961] {processor.py:654} INFO - DAG(s) dict_keys(['tutorial']) retrieved from /home/airflow/.local/lib/python3.8/site-packages/airflow/example_dags/tutorial.py
[2023-11-04 14:23:39,974] {logging_mixin.py:109} INFO - [2023-11-04 14:23:39,974] {dag.py:2398} INFO - Sync 1 DAGs
[2023-11-04 14:23:39,994] {logging_mixin.py:109} INFO - [2023-11-04 14:23:39,994] {dag.py:2937} INFO - Setting next_dagrun for tutorial to 2023-11-03T14:23:39.993627+00:00
[2023-11-04 14:23:40,005] {processor.py:171} INFO - Processing /home/airflow/.local/lib/python3.8/site-packages/airflow/example_dags/tutorial.py took 0.097 seconds
[2023-11-04 14:24:11,318] {processor.py:163} INFO - Started process (PID=1304) to work on /home/airflow/.local/lib/python3.8/site-packages/airflow/example_dags/tutorial.py
[2023-11-04 14:24:11,320] {processor.py:642} INFO - Processing file /home/airflow/.local/lib/python3.8/site-packages/airflow/example_dags/tutorial.py for tasks to queue
[2023-11-04 14:24:11,322] {logging_mixin.py:109} INFO - [2023-11-04 14:24:11,321] {dagbag.py:500} INFO - Filling up the DagBag from /home/airflow/.local/lib/python3.8/site-packages/airflow/example_dags/tutorial.py
[2023-11-04 14:24:11,365] {processor.py:654} INFO - DAG(s) dict_keys(['tutorial']) retrieved from /home/airflow/.local/lib/python3.8/site-packages/airflow/example_dags/tutorial.py
[2023-11-04 14:24:11,379] {logging_mixin.py:109} INFO - [2023-11-04 14:24:11,379] {dag.py:2398} INFO - Sync 1 DAGs
[2023-11-04 14:24:11,399] {logging_mixin.py:109} INFO - [2023-11-04 14:24:11,399] {dag.py:2937} INFO - Setting next_dagrun for tutorial to 2023-11-03T14:24:11.398704+00:00
[2023-11-04 14:24:11,410] {processor.py:171} INFO - Processing /home/airflow/.local/lib/python3.8/site-packages/airflow/example_dags/tutorial.py took 0.098 seconds
[2023-11-04 14:24:42,018] {processor.py:163} INFO - Started process (PID=1361) to work on /home/airflow/.local/lib/python3.8/site-packages/airflow/example_dags/tutorial.py
[2023-11-04 14:24:42,021] {processor.py:642} INFO - Processing file /home/airflow/.local/lib/python3.8/site-packages/airflow/example_dags/tutorial.py for tasks to queue
[2023-11-04 14:24:42,023] {logging_mixin.py:109} INFO - [2023-11-04 14:24:42,023] {dagbag.py:500} INFO - Filling up the DagBag from /home/airflow/.local/lib/python3.8/site-packages/airflow/example_dags/tutorial.py
[2023-11-04 14:24:42,069] {processor.py:654} INFO - DAG(s) dict_keys(['tutorial']) retrieved from /home/airflow/.local/lib/python3.8/site-packages/airflow/example_dags/tutorial.py
[2023-11-04 14:24:42,082] {logging_mixin.py:109} INFO - [2023-11-04 14:24:42,082] {dag.py:2398} INFO - Sync 1 DAGs
[2023-11-04 14:24:42,104] {logging_mixin.py:109} INFO - [2023-11-04 14:24:42,104] {dag.py:2937} INFO - Setting next_dagrun for tutorial to 2023-11-03T14:24:42.103758+00:00
[2023-11-04 14:24:42,117] {processor.py:171} INFO - Processing /home/airflow/.local/lib/python3.8/site-packages/airflow/example_dags/tutorial.py took 0.104 seconds
[2023-11-04 14:25:13,299] {processor.py:163} INFO - Started process (PID=1411) to work on /home/airflow/.local/lib/python3.8/site-packages/airflow/example_dags/tutorial.py
[2023-11-04 14:25:13,302] {processor.py:642} INFO - Processing file /home/airflow/.local/lib/python3.8/site-packages/airflow/example_dags/tutorial.py for tasks to queue
[2023-11-04 14:25:13,303] {logging_mixin.py:109} INFO - [2023-11-04 14:25:13,303] {dagbag.py:500} INFO - Filling up the DagBag from /home/airflow/.local/lib/python3.8/site-packages/airflow/example_dags/tutorial.py
[2023-11-04 14:25:13,348] {processor.py:654} INFO - DAG(s) dict_keys(['tutorial']) retrieved from /home/airflow/.local/lib/python3.8/site-packages/airflow/example_dags/tutorial.py
[2023-11-04 14:25:13,361] {logging_mixin.py:109} INFO - [2023-11-04 14:25:13,361] {dag.py:2398} INFO - Sync 1 DAGs
[2023-11-04 14:25:13,381] {logging_mixin.py:109} INFO - [2023-11-04 14:25:13,381] {dag.py:2937} INFO - Setting next_dagrun for tutorial to 2023-11-03T14:25:13.381239+00:00
[2023-11-04 14:25:13,394] {processor.py:171} INFO - Processing /home/airflow/.local/lib/python3.8/site-packages/airflow/example_dags/tutorial.py took 0.100 seconds
[2023-11-04 14:25:43,862] {processor.py:163} INFO - Started process (PID=1468) to work on /home/airflow/.local/lib/python3.8/site-packages/airflow/example_dags/tutorial.py
[2023-11-04 14:25:43,865] {processor.py:642} INFO - Processing file /home/airflow/.local/lib/python3.8/site-packages/airflow/example_dags/tutorial.py for tasks to queue
[2023-11-04 14:25:43,867] {logging_mixin.py:109} INFO - [2023-11-04 14:25:43,867] {dagbag.py:500} INFO - Filling up the DagBag from /home/airflow/.local/lib/python3.8/site-packages/airflow/example_dags/tutorial.py
[2023-11-04 14:25:43,927] {processor.py:654} INFO - DAG(s) dict_keys(['tutorial']) retrieved from /home/airflow/.local/lib/python3.8/site-packages/airflow/example_dags/tutorial.py
[2023-11-04 14:25:43,942] {logging_mixin.py:109} INFO - [2023-11-04 14:25:43,942] {dag.py:2398} INFO - Sync 1 DAGs
[2023-11-04 14:25:43,969] {logging_mixin.py:109} INFO - [2023-11-04 14:25:43,969] {dag.py:2937} INFO - Setting next_dagrun for tutorial to 2023-11-03T14:25:43.968793+00:00
[2023-11-04 14:25:43,981] {processor.py:171} INFO - Processing /home/airflow/.local/lib/python3.8/site-packages/airflow/example_dags/tutorial.py took 0.124 seconds
[2023-11-04 14:26:14,935] {processor.py:163} INFO - Started process (PID=1517) to work on /home/airflow/.local/lib/python3.8/site-packages/airflow/example_dags/tutorial.py
[2023-11-04 14:26:14,937] {processor.py:642} INFO - Processing file /home/airflow/.local/lib/python3.8/site-packages/airflow/example_dags/tutorial.py for tasks to queue
[2023-11-04 14:26:14,939] {logging_mixin.py:109} INFO - [2023-11-04 14:26:14,939] {dagbag.py:500} INFO - Filling up the DagBag from /home/airflow/.local/lib/python3.8/site-packages/airflow/example_dags/tutorial.py
[2023-11-04 14:26:14,983] {processor.py:654} INFO - DAG(s) dict_keys(['tutorial']) retrieved from /home/airflow/.local/lib/python3.8/site-packages/airflow/example_dags/tutorial.py
[2023-11-04 14:26:15,001] {logging_mixin.py:109} INFO - [2023-11-04 14:26:15,001] {dag.py:2398} INFO - Sync 1 DAGs
[2023-11-04 14:26:15,024] {logging_mixin.py:109} INFO - [2023-11-04 14:26:15,023] {dag.py:2937} INFO - Setting next_dagrun for tutorial to 2023-11-03T14:26:15.023525+00:00
[2023-11-04 14:26:15,034] {processor.py:171} INFO - Processing /home/airflow/.local/lib/python3.8/site-packages/airflow/example_dags/tutorial.py took 0.104 seconds
[2023-11-04 14:28:09,855] {processor.py:163} INFO - Started process (PID=52) to work on /home/airflow/.local/lib/python3.8/site-packages/airflow/example_dags/tutorial.py
[2023-11-04 14:28:09,858] {processor.py:642} INFO - Processing file /home/airflow/.local/lib/python3.8/site-packages/airflow/example_dags/tutorial.py for tasks to queue
[2023-11-04 14:28:09,860] {logging_mixin.py:109} INFO - [2023-11-04 14:28:09,859] {dagbag.py:500} INFO - Filling up the DagBag from /home/airflow/.local/lib/python3.8/site-packages/airflow/example_dags/tutorial.py
[2023-11-04 14:28:09,918] {processor.py:654} INFO - DAG(s) dict_keys(['tutorial']) retrieved from /home/airflow/.local/lib/python3.8/site-packages/airflow/example_dags/tutorial.py
[2023-11-04 14:28:09,934] {logging_mixin.py:109} INFO - [2023-11-04 14:28:09,934] {dag.py:2398} INFO - Sync 1 DAGs
[2023-11-04 14:28:09,960] {logging_mixin.py:109} INFO - [2023-11-04 14:28:09,960] {dag.py:2937} INFO - Setting next_dagrun for tutorial to 2023-11-03T14:28:09.960203+00:00
[2023-11-04 14:28:09,977] {processor.py:171} INFO - Processing /home/airflow/.local/lib/python3.8/site-packages/airflow/example_dags/tutorial.py took 0.127 seconds
[2023-11-04 14:28:40,364] {processor.py:163} INFO - Started process (PID=102) to work on /home/airflow/.local/lib/python3.8/site-packages/airflow/example_dags/tutorial.py
[2023-11-04 14:28:40,366] {processor.py:642} INFO - Processing file /home/airflow/.local/lib/python3.8/site-packages/airflow/example_dags/tutorial.py for tasks to queue
[2023-11-04 14:28:40,368] {logging_mixin.py:109} INFO - [2023-11-04 14:28:40,368] {dagbag.py:500} INFO - Filling up the DagBag from /home/airflow/.local/lib/python3.8/site-packages/airflow/example_dags/tutorial.py
[2023-11-04 14:28:40,411] {processor.py:654} INFO - DAG(s) dict_keys(['tutorial']) retrieved from /home/airflow/.local/lib/python3.8/site-packages/airflow/example_dags/tutorial.py
[2023-11-04 14:28:40,426] {logging_mixin.py:109} INFO - [2023-11-04 14:28:40,426] {dag.py:2398} INFO - Sync 1 DAGs
[2023-11-04 14:28:40,446] {logging_mixin.py:109} INFO - [2023-11-04 14:28:40,446] {dag.py:2937} INFO - Setting next_dagrun for tutorial to 2023-11-03T14:28:40.445710+00:00
[2023-11-04 14:28:40,458] {processor.py:171} INFO - Processing /home/airflow/.local/lib/python3.8/site-packages/airflow/example_dags/tutorial.py took 0.099 seconds
[2023-11-04 14:29:10,813] {processor.py:163} INFO - Started process (PID=158) to work on /home/airflow/.local/lib/python3.8/site-packages/airflow/example_dags/tutorial.py
[2023-11-04 14:29:10,815] {processor.py:642} INFO - Processing file /home/airflow/.local/lib/python3.8/site-packages/airflow/example_dags/tutorial.py for tasks to queue
[2023-11-04 14:29:10,817] {logging_mixin.py:109} INFO - [2023-11-04 14:29:10,817] {dagbag.py:500} INFO - Filling up the DagBag from /home/airflow/.local/lib/python3.8/site-packages/airflow/example_dags/tutorial.py
[2023-11-04 14:29:10,863] {processor.py:654} INFO - DAG(s) dict_keys(['tutorial']) retrieved from /home/airflow/.local/lib/python3.8/site-packages/airflow/example_dags/tutorial.py
[2023-11-04 14:29:10,878] {logging_mixin.py:109} INFO - [2023-11-04 14:29:10,878] {dag.py:2398} INFO - Sync 1 DAGs
[2023-11-04 14:29:10,898] {logging_mixin.py:109} INFO - [2023-11-04 14:29:10,898] {dag.py:2937} INFO - Setting next_dagrun for tutorial to 2023-11-03T14:29:10.898278+00:00
[2023-11-04 14:29:10,912] {processor.py:171} INFO - Processing /home/airflow/.local/lib/python3.8/site-packages/airflow/example_dags/tutorial.py took 0.104 seconds
[2023-11-04 14:29:41,493] {processor.py:163} INFO - Started process (PID=207) to work on /home/airflow/.local/lib/python3.8/site-packages/airflow/example_dags/tutorial.py
[2023-11-04 14:29:41,495] {processor.py:642} INFO - Processing file /home/airflow/.local/lib/python3.8/site-packages/airflow/example_dags/tutorial.py for tasks to queue
[2023-11-04 14:29:41,497] {logging_mixin.py:109} INFO - [2023-11-04 14:29:41,497] {dagbag.py:500} INFO - Filling up the DagBag from /home/airflow/.local/lib/python3.8/site-packages/airflow/example_dags/tutorial.py
[2023-11-04 14:29:41,548] {processor.py:654} INFO - DAG(s) dict_keys(['tutorial']) retrieved from /home/airflow/.local/lib/python3.8/site-packages/airflow/example_dags/tutorial.py
[2023-11-04 14:29:41,561] {logging_mixin.py:109} INFO - [2023-11-04 14:29:41,561] {dag.py:2398} INFO - Sync 1 DAGs
[2023-11-04 14:29:41,582] {logging_mixin.py:109} INFO - [2023-11-04 14:29:41,582] {dag.py:2937} INFO - Setting next_dagrun for tutorial to 2023-11-03T14:29:41.582302+00:00
[2023-11-04 14:29:41,593] {processor.py:171} INFO - Processing /home/airflow/.local/lib/python3.8/site-packages/airflow/example_dags/tutorial.py took 0.106 seconds
[2023-11-04 14:30:12,301] {processor.py:163} INFO - Started process (PID=263) to work on /home/airflow/.local/lib/python3.8/site-packages/airflow/example_dags/tutorial.py
[2023-11-04 14:30:12,304] {processor.py:642} INFO - Processing file /home/airflow/.local/lib/python3.8/site-packages/airflow/example_dags/tutorial.py for tasks to queue
[2023-11-04 14:30:12,306] {logging_mixin.py:109} INFO - [2023-11-04 14:30:12,306] {dagbag.py:500} INFO - Filling up the DagBag from /home/airflow/.local/lib/python3.8/site-packages/airflow/example_dags/tutorial.py
[2023-11-04 14:30:12,359] {processor.py:654} INFO - DAG(s) dict_keys(['tutorial']) retrieved from /home/airflow/.local/lib/python3.8/site-packages/airflow/example_dags/tutorial.py
[2023-11-04 14:30:12,382] {logging_mixin.py:109} INFO - [2023-11-04 14:30:12,382] {dag.py:2398} INFO - Sync 1 DAGs
[2023-11-04 14:30:12,412] {logging_mixin.py:109} INFO - [2023-11-04 14:30:12,412] {dag.py:2937} INFO - Setting next_dagrun for tutorial to 2023-11-03T14:30:12.412396+00:00
[2023-11-04 14:30:12,438] {processor.py:171} INFO - Processing /home/airflow/.local/lib/python3.8/site-packages/airflow/example_dags/tutorial.py took 0.144 seconds
[2023-11-04 14:30:43,833] {processor.py:163} INFO - Started process (PID=313) to work on /home/airflow/.local/lib/python3.8/site-packages/airflow/example_dags/tutorial.py
[2023-11-04 14:30:43,835] {processor.py:642} INFO - Processing file /home/airflow/.local/lib/python3.8/site-packages/airflow/example_dags/tutorial.py for tasks to queue
[2023-11-04 14:30:43,838] {logging_mixin.py:109} INFO - [2023-11-04 14:30:43,838] {dagbag.py:500} INFO - Filling up the DagBag from /home/airflow/.local/lib/python3.8/site-packages/airflow/example_dags/tutorial.py
[2023-11-04 14:30:43,886] {processor.py:654} INFO - DAG(s) dict_keys(['tutorial']) retrieved from /home/airflow/.local/lib/python3.8/site-packages/airflow/example_dags/tutorial.py
[2023-11-04 14:30:43,904] {logging_mixin.py:109} INFO - [2023-11-04 14:30:43,903] {dag.py:2398} INFO - Sync 1 DAGs
[2023-11-04 14:30:43,924] {logging_mixin.py:109} INFO - [2023-11-04 14:30:43,924] {dag.py:2937} INFO - Setting next_dagrun for tutorial to 2023-11-03T14:30:43.923645+00:00
[2023-11-04 14:30:43,935] {processor.py:171} INFO - Processing /home/airflow/.local/lib/python3.8/site-packages/airflow/example_dags/tutorial.py took 0.108 seconds
