[2023-11-04 13:41:10,015] {processor.py:163} INFO - Started process (PID=97) to work on /home/airflow/.local/lib/python3.8/site-packages/airflow/example_dags/tutorial_taskflow_api_etl_virtualenv.py
[2023-11-04 13:41:10,017] {processor.py:642} INFO - Processing file /home/airflow/.local/lib/python3.8/site-packages/airflow/example_dags/tutorial_taskflow_api_etl_virtualenv.py for tasks to queue
[2023-11-04 13:41:10,019] {logging_mixin.py:109} INFO - [2023-11-04 13:41:10,019] {dagbag.py:500} INFO - Filling up the DagBag from /home/airflow/.local/lib/python3.8/site-packages/airflow/example_dags/tutorial_taskflow_api_etl_virtualenv.py
[2023-11-04 13:41:10,073] {processor.py:654} INFO - DAG(s) dict_keys(['tutorial_taskflow_api_etl_virtualenv']) retrieved from /home/airflow/.local/lib/python3.8/site-packages/airflow/example_dags/tutorial_taskflow_api_etl_virtualenv.py
[2023-11-04 13:41:12,032] {logging_mixin.py:109} INFO - [2023-11-04 13:41:12,032] {providers_manager.py:154} WARNING - Exception when importing 'airflow.providers.google.common.hooks.base_google.GoogleBaseHook' from 'apache-airflow-providers-google' package: module 'pyparsing' has no attribute 'downcaseTokens'
[2023-11-04 13:41:12,044] {logging_mixin.py:109} INFO - [2023-11-04 13:41:12,044] {providers_manager.py:154} WARNING - Exception when importing 'airflow.providers.google.cloud.hooks.cloud_sql.CloudSQLHook' from 'apache-airflow-providers-google' package: module 'pyparsing' has no attribute 'downcaseTokens'
[2023-11-04 13:41:12,050] {logging_mixin.py:109} INFO - [2023-11-04 13:41:12,050] {providers_manager.py:154} WARNING - Exception when importing 'airflow.providers.google.cloud.hooks.cloud_sql.CloudSQLDatabaseHook' from 'apache-airflow-providers-google' package: module 'pyparsing' has no attribute 'downcaseTokens'
[2023-11-04 13:41:12,229] {logging_mixin.py:109} INFO - [2023-11-04 13:41:12,229] {providers_manager.py:154} WARNING - Exception when importing 'airflow.providers.google.cloud.hooks.bigquery.BigQueryHook' from 'apache-airflow-providers-google' package: module 'pyparsing' has no attribute 'downcaseTokens'
[2023-11-04 13:41:12,234] {logging_mixin.py:109} INFO - [2023-11-04 13:41:12,234] {providers_manager.py:154} WARNING - Exception when importing 'airflow.providers.google.cloud.hooks.compute_ssh.ComputeEngineSSHHook' from 'apache-airflow-providers-google' package: module 'pyparsing' has no attribute 'downcaseTokens'
[2023-11-04 13:41:13,651] {logging_mixin.py:109} INFO - [2023-11-04 13:41:13,650] {providers_manager.py:154} WARNING - Exception when importing 'airflow.providers.google.common.hooks.base_google.GoogleBaseHook' from 'apache-airflow-providers-google' package: module 'pyparsing' has no attribute 'downcaseTokens'
[2023-11-04 13:41:13,663] {logging_mixin.py:109} INFO - [2023-11-04 13:41:13,663] {providers_manager.py:154} WARNING - Exception when importing 'airflow.providers.google.cloud.hooks.cloud_sql.CloudSQLHook' from 'apache-airflow-providers-google' package: module 'pyparsing' has no attribute 'downcaseTokens'
[2023-11-04 13:41:13,669] {logging_mixin.py:109} INFO - [2023-11-04 13:41:13,669] {providers_manager.py:154} WARNING - Exception when importing 'airflow.providers.google.cloud.hooks.cloud_sql.CloudSQLDatabaseHook' from 'apache-airflow-providers-google' package: module 'pyparsing' has no attribute 'downcaseTokens'
[2023-11-04 13:41:13,677] {logging_mixin.py:109} INFO - [2023-11-04 13:41:13,677] {providers_manager.py:154} WARNING - Exception when importing 'airflow.providers.google.cloud.hooks.bigquery.BigQueryHook' from 'apache-airflow-providers-google' package: module 'pyparsing' has no attribute 'downcaseTokens'
[2023-11-04 13:41:13,685] {logging_mixin.py:109} INFO - [2023-11-04 13:41:13,685] {providers_manager.py:154} WARNING - Exception when importing 'airflow.providers.google.cloud.hooks.compute_ssh.ComputeEngineSSHHook' from 'apache-airflow-providers-google' package: module 'pyparsing' has no attribute 'downcaseTokens'
[2023-11-04 13:41:13,727] {logging_mixin.py:109} INFO - [2023-11-04 13:41:13,727] {manager.py:496} INFO - Created Permission View: can read on DAG:tutorial_taskflow_api_etl_virtualenv
[2023-11-04 13:41:13,738] {logging_mixin.py:109} INFO - [2023-11-04 13:41:13,738] {manager.py:496} INFO - Created Permission View: can edit on DAG:tutorial_taskflow_api_etl_virtualenv
[2023-11-04 13:41:13,740] {logging_mixin.py:109} INFO - [2023-11-04 13:41:13,740] {dag.py:2398} INFO - Sync 1 DAGs
[2023-11-04 13:41:13,751] {logging_mixin.py:109} INFO - [2023-11-04 13:41:13,750] {dag.py:2417} INFO - Creating ORM DAG for tutorial_taskflow_api_etl_virtualenv
[2023-11-04 13:41:13,762] {logging_mixin.py:109} INFO - [2023-11-04 13:41:13,761] {dag.py:2937} INFO - Setting next_dagrun for tutorial_taskflow_api_etl_virtualenv to None
[2023-11-04 13:41:13,779] {processor.py:171} INFO - Processing /home/airflow/.local/lib/python3.8/site-packages/airflow/example_dags/tutorial_taskflow_api_etl_virtualenv.py took 3.792 seconds
[2023-11-04 13:41:53,302] {processor.py:163} INFO - Started process (PID=293) to work on /home/airflow/.local/lib/python3.8/site-packages/airflow/example_dags/tutorial_taskflow_api_etl_virtualenv.py
[2023-11-04 13:41:53,305] {processor.py:642} INFO - Processing file /home/airflow/.local/lib/python3.8/site-packages/airflow/example_dags/tutorial_taskflow_api_etl_virtualenv.py for tasks to queue
[2023-11-04 13:41:53,307] {logging_mixin.py:109} INFO - [2023-11-04 13:41:53,307] {dagbag.py:500} INFO - Filling up the DagBag from /home/airflow/.local/lib/python3.8/site-packages/airflow/example_dags/tutorial_taskflow_api_etl_virtualenv.py
[2023-11-04 13:41:53,370] {processor.py:654} INFO - DAG(s) dict_keys(['tutorial_taskflow_api_etl_virtualenv']) retrieved from /home/airflow/.local/lib/python3.8/site-packages/airflow/example_dags/tutorial_taskflow_api_etl_virtualenv.py
[2023-11-04 13:41:53,684] {logging_mixin.py:109} INFO - [2023-11-04 13:41:53,683] {dag.py:2398} INFO - Sync 1 DAGs
[2023-11-04 13:41:53,709] {logging_mixin.py:109} INFO - [2023-11-04 13:41:53,709] {dag.py:2937} INFO - Setting next_dagrun for tutorial_taskflow_api_etl_virtualenv to None
[2023-11-04 13:41:53,723] {processor.py:171} INFO - Processing /home/airflow/.local/lib/python3.8/site-packages/airflow/example_dags/tutorial_taskflow_api_etl_virtualenv.py took 0.428 seconds
[2023-11-04 13:42:23,850] {processor.py:163} INFO - Started process (PID=349) to work on /home/airflow/.local/lib/python3.8/site-packages/airflow/example_dags/tutorial_taskflow_api_etl_virtualenv.py
[2023-11-04 13:42:23,853] {processor.py:642} INFO - Processing file /home/airflow/.local/lib/python3.8/site-packages/airflow/example_dags/tutorial_taskflow_api_etl_virtualenv.py for tasks to queue
[2023-11-04 13:42:23,855] {logging_mixin.py:109} INFO - [2023-11-04 13:42:23,854] {dagbag.py:500} INFO - Filling up the DagBag from /home/airflow/.local/lib/python3.8/site-packages/airflow/example_dags/tutorial_taskflow_api_etl_virtualenv.py
[2023-11-04 13:42:23,908] {processor.py:654} INFO - DAG(s) dict_keys(['tutorial_taskflow_api_etl_virtualenv']) retrieved from /home/airflow/.local/lib/python3.8/site-packages/airflow/example_dags/tutorial_taskflow_api_etl_virtualenv.py
[2023-11-04 13:42:24,189] {logging_mixin.py:109} INFO - [2023-11-04 13:42:24,189] {dag.py:2398} INFO - Sync 1 DAGs
[2023-11-04 13:42:24,211] {logging_mixin.py:109} INFO - [2023-11-04 13:42:24,210] {dag.py:2937} INFO - Setting next_dagrun for tutorial_taskflow_api_etl_virtualenv to None
[2023-11-04 13:42:24,225] {processor.py:171} INFO - Processing /home/airflow/.local/lib/python3.8/site-packages/airflow/example_dags/tutorial_taskflow_api_etl_virtualenv.py took 0.380 seconds
[2023-11-04 13:42:54,792] {processor.py:163} INFO - Started process (PID=398) to work on /home/airflow/.local/lib/python3.8/site-packages/airflow/example_dags/tutorial_taskflow_api_etl_virtualenv.py
[2023-11-04 13:42:54,795] {processor.py:642} INFO - Processing file /home/airflow/.local/lib/python3.8/site-packages/airflow/example_dags/tutorial_taskflow_api_etl_virtualenv.py for tasks to queue
[2023-11-04 13:42:54,798] {logging_mixin.py:109} INFO - [2023-11-04 13:42:54,798] {dagbag.py:500} INFO - Filling up the DagBag from /home/airflow/.local/lib/python3.8/site-packages/airflow/example_dags/tutorial_taskflow_api_etl_virtualenv.py
[2023-11-04 13:42:54,872] {processor.py:654} INFO - DAG(s) dict_keys(['tutorial_taskflow_api_etl_virtualenv']) retrieved from /home/airflow/.local/lib/python3.8/site-packages/airflow/example_dags/tutorial_taskflow_api_etl_virtualenv.py
[2023-11-04 13:42:55,163] {logging_mixin.py:109} INFO - [2023-11-04 13:42:55,163] {dag.py:2398} INFO - Sync 1 DAGs
[2023-11-04 13:42:55,185] {logging_mixin.py:109} INFO - [2023-11-04 13:42:55,184] {dag.py:2937} INFO - Setting next_dagrun for tutorial_taskflow_api_etl_virtualenv to None
[2023-11-04 13:42:55,199] {processor.py:171} INFO - Processing /home/airflow/.local/lib/python3.8/site-packages/airflow/example_dags/tutorial_taskflow_api_etl_virtualenv.py took 0.414 seconds
[2023-11-04 13:43:25,875] {processor.py:163} INFO - Started process (PID=447) to work on /home/airflow/.local/lib/python3.8/site-packages/airflow/example_dags/tutorial_taskflow_api_etl_virtualenv.py
[2023-11-04 13:43:25,878] {processor.py:642} INFO - Processing file /home/airflow/.local/lib/python3.8/site-packages/airflow/example_dags/tutorial_taskflow_api_etl_virtualenv.py for tasks to queue
[2023-11-04 13:43:25,880] {logging_mixin.py:109} INFO - [2023-11-04 13:43:25,880] {dagbag.py:500} INFO - Filling up the DagBag from /home/airflow/.local/lib/python3.8/site-packages/airflow/example_dags/tutorial_taskflow_api_etl_virtualenv.py
[2023-11-04 13:43:25,937] {processor.py:654} INFO - DAG(s) dict_keys(['tutorial_taskflow_api_etl_virtualenv']) retrieved from /home/airflow/.local/lib/python3.8/site-packages/airflow/example_dags/tutorial_taskflow_api_etl_virtualenv.py
[2023-11-04 13:43:26,235] {logging_mixin.py:109} INFO - [2023-11-04 13:43:26,235] {dag.py:2398} INFO - Sync 1 DAGs
[2023-11-04 13:43:26,257] {logging_mixin.py:109} INFO - [2023-11-04 13:43:26,257] {dag.py:2937} INFO - Setting next_dagrun for tutorial_taskflow_api_etl_virtualenv to None
[2023-11-04 13:43:26,276] {processor.py:171} INFO - Processing /home/airflow/.local/lib/python3.8/site-packages/airflow/example_dags/tutorial_taskflow_api_etl_virtualenv.py took 0.406 seconds
[2023-11-04 13:43:57,088] {processor.py:163} INFO - Started process (PID=504) to work on /home/airflow/.local/lib/python3.8/site-packages/airflow/example_dags/tutorial_taskflow_api_etl_virtualenv.py
[2023-11-04 13:43:57,091] {processor.py:642} INFO - Processing file /home/airflow/.local/lib/python3.8/site-packages/airflow/example_dags/tutorial_taskflow_api_etl_virtualenv.py for tasks to queue
[2023-11-04 13:43:57,092] {logging_mixin.py:109} INFO - [2023-11-04 13:43:57,092] {dagbag.py:500} INFO - Filling up the DagBag from /home/airflow/.local/lib/python3.8/site-packages/airflow/example_dags/tutorial_taskflow_api_etl_virtualenv.py
[2023-11-04 13:43:57,143] {processor.py:654} INFO - DAG(s) dict_keys(['tutorial_taskflow_api_etl_virtualenv']) retrieved from /home/airflow/.local/lib/python3.8/site-packages/airflow/example_dags/tutorial_taskflow_api_etl_virtualenv.py
[2023-11-04 13:43:57,406] {logging_mixin.py:109} INFO - [2023-11-04 13:43:57,406] {dag.py:2398} INFO - Sync 1 DAGs
[2023-11-04 13:43:57,424] {logging_mixin.py:109} INFO - [2023-11-04 13:43:57,424] {dag.py:2937} INFO - Setting next_dagrun for tutorial_taskflow_api_etl_virtualenv to None
[2023-11-04 13:43:57,437] {processor.py:171} INFO - Processing /home/airflow/.local/lib/python3.8/site-packages/airflow/example_dags/tutorial_taskflow_api_etl_virtualenv.py took 0.355 seconds
[2023-11-04 13:59:18,579] {processor.py:163} INFO - Started process (PID=45) to work on /home/airflow/.local/lib/python3.8/site-packages/airflow/example_dags/tutorial_taskflow_api_etl_virtualenv.py
[2023-11-04 13:59:18,582] {processor.py:642} INFO - Processing file /home/airflow/.local/lib/python3.8/site-packages/airflow/example_dags/tutorial_taskflow_api_etl_virtualenv.py for tasks to queue
[2023-11-04 13:59:18,584] {logging_mixin.py:109} INFO - [2023-11-04 13:59:18,584] {dagbag.py:500} INFO - Filling up the DagBag from /home/airflow/.local/lib/python3.8/site-packages/airflow/example_dags/tutorial_taskflow_api_etl_virtualenv.py
[2023-11-04 13:59:18,674] {processor.py:654} INFO - DAG(s) dict_keys(['tutorial_taskflow_api_etl_virtualenv']) retrieved from /home/airflow/.local/lib/python3.8/site-packages/airflow/example_dags/tutorial_taskflow_api_etl_virtualenv.py
[2023-11-04 13:59:18,981] {logging_mixin.py:109} INFO - [2023-11-04 13:59:18,981] {dag.py:2398} INFO - Sync 1 DAGs
[2023-11-04 13:59:19,000] {logging_mixin.py:109} INFO - [2023-11-04 13:59:19,000] {dag.py:2937} INFO - Setting next_dagrun for tutorial_taskflow_api_etl_virtualenv to None
[2023-11-04 13:59:19,021] {processor.py:171} INFO - Processing /home/airflow/.local/lib/python3.8/site-packages/airflow/example_dags/tutorial_taskflow_api_etl_virtualenv.py took 0.448 seconds
[2023-11-04 13:59:49,250] {processor.py:163} INFO - Started process (PID=94) to work on /home/airflow/.local/lib/python3.8/site-packages/airflow/example_dags/tutorial_taskflow_api_etl_virtualenv.py
[2023-11-04 13:59:49,252] {processor.py:642} INFO - Processing file /home/airflow/.local/lib/python3.8/site-packages/airflow/example_dags/tutorial_taskflow_api_etl_virtualenv.py for tasks to queue
[2023-11-04 13:59:49,254] {logging_mixin.py:109} INFO - [2023-11-04 13:59:49,254] {dagbag.py:500} INFO - Filling up the DagBag from /home/airflow/.local/lib/python3.8/site-packages/airflow/example_dags/tutorial_taskflow_api_etl_virtualenv.py
[2023-11-04 13:59:49,309] {processor.py:654} INFO - DAG(s) dict_keys(['tutorial_taskflow_api_etl_virtualenv']) retrieved from /home/airflow/.local/lib/python3.8/site-packages/airflow/example_dags/tutorial_taskflow_api_etl_virtualenv.py
[2023-11-04 13:59:49,594] {logging_mixin.py:109} INFO - [2023-11-04 13:59:49,594] {dag.py:2398} INFO - Sync 1 DAGs
[2023-11-04 13:59:49,616] {logging_mixin.py:109} INFO - [2023-11-04 13:59:49,616] {dag.py:2937} INFO - Setting next_dagrun for tutorial_taskflow_api_etl_virtualenv to None
[2023-11-04 13:59:49,631] {processor.py:171} INFO - Processing /home/airflow/.local/lib/python3.8/site-packages/airflow/example_dags/tutorial_taskflow_api_etl_virtualenv.py took 0.386 seconds
[2023-11-04 14:00:19,770] {processor.py:163} INFO - Started process (PID=159) to work on /home/airflow/.local/lib/python3.8/site-packages/airflow/example_dags/tutorial_taskflow_api_etl_virtualenv.py
[2023-11-04 14:00:19,772] {processor.py:642} INFO - Processing file /home/airflow/.local/lib/python3.8/site-packages/airflow/example_dags/tutorial_taskflow_api_etl_virtualenv.py for tasks to queue
[2023-11-04 14:00:19,774] {logging_mixin.py:109} INFO - [2023-11-04 14:00:19,774] {dagbag.py:500} INFO - Filling up the DagBag from /home/airflow/.local/lib/python3.8/site-packages/airflow/example_dags/tutorial_taskflow_api_etl_virtualenv.py
[2023-11-04 14:00:19,827] {processor.py:654} INFO - DAG(s) dict_keys(['tutorial_taskflow_api_etl_virtualenv']) retrieved from /home/airflow/.local/lib/python3.8/site-packages/airflow/example_dags/tutorial_taskflow_api_etl_virtualenv.py
[2023-11-04 14:00:20,174] {logging_mixin.py:109} INFO - [2023-11-04 14:00:20,174] {dag.py:2398} INFO - Sync 1 DAGs
[2023-11-04 14:00:20,199] {logging_mixin.py:109} INFO - [2023-11-04 14:00:20,199] {dag.py:2937} INFO - Setting next_dagrun for tutorial_taskflow_api_etl_virtualenv to None
[2023-11-04 14:00:20,213] {processor.py:171} INFO - Processing /home/airflow/.local/lib/python3.8/site-packages/airflow/example_dags/tutorial_taskflow_api_etl_virtualenv.py took 0.449 seconds
[2023-11-04 14:00:51,005] {processor.py:163} INFO - Started process (PID=216) to work on /home/airflow/.local/lib/python3.8/site-packages/airflow/example_dags/tutorial_taskflow_api_etl_virtualenv.py
[2023-11-04 14:00:51,008] {processor.py:642} INFO - Processing file /home/airflow/.local/lib/python3.8/site-packages/airflow/example_dags/tutorial_taskflow_api_etl_virtualenv.py for tasks to queue
[2023-11-04 14:00:51,009] {logging_mixin.py:109} INFO - [2023-11-04 14:00:51,009] {dagbag.py:500} INFO - Filling up the DagBag from /home/airflow/.local/lib/python3.8/site-packages/airflow/example_dags/tutorial_taskflow_api_etl_virtualenv.py
[2023-11-04 14:00:51,059] {processor.py:654} INFO - DAG(s) dict_keys(['tutorial_taskflow_api_etl_virtualenv']) retrieved from /home/airflow/.local/lib/python3.8/site-packages/airflow/example_dags/tutorial_taskflow_api_etl_virtualenv.py
[2023-11-04 14:00:51,313] {logging_mixin.py:109} INFO - [2023-11-04 14:00:51,313] {dag.py:2398} INFO - Sync 1 DAGs
[2023-11-04 14:00:51,331] {logging_mixin.py:109} INFO - [2023-11-04 14:00:51,331] {dag.py:2937} INFO - Setting next_dagrun for tutorial_taskflow_api_etl_virtualenv to None
[2023-11-04 14:00:51,344] {processor.py:171} INFO - Processing /home/airflow/.local/lib/python3.8/site-packages/airflow/example_dags/tutorial_taskflow_api_etl_virtualenv.py took 0.343 seconds
[2023-11-04 14:01:22,240] {processor.py:163} INFO - Started process (PID=265) to work on /home/airflow/.local/lib/python3.8/site-packages/airflow/example_dags/tutorial_taskflow_api_etl_virtualenv.py
[2023-11-04 14:01:22,242] {processor.py:642} INFO - Processing file /home/airflow/.local/lib/python3.8/site-packages/airflow/example_dags/tutorial_taskflow_api_etl_virtualenv.py for tasks to queue
[2023-11-04 14:01:22,243] {logging_mixin.py:109} INFO - [2023-11-04 14:01:22,243] {dagbag.py:500} INFO - Filling up the DagBag from /home/airflow/.local/lib/python3.8/site-packages/airflow/example_dags/tutorial_taskflow_api_etl_virtualenv.py
[2023-11-04 14:01:22,293] {processor.py:654} INFO - DAG(s) dict_keys(['tutorial_taskflow_api_etl_virtualenv']) retrieved from /home/airflow/.local/lib/python3.8/site-packages/airflow/example_dags/tutorial_taskflow_api_etl_virtualenv.py
[2023-11-04 14:01:22,553] {logging_mixin.py:109} INFO - [2023-11-04 14:01:22,553] {dag.py:2398} INFO - Sync 1 DAGs
[2023-11-04 14:01:22,571] {logging_mixin.py:109} INFO - [2023-11-04 14:01:22,571] {dag.py:2937} INFO - Setting next_dagrun for tutorial_taskflow_api_etl_virtualenv to None
[2023-11-04 14:01:22,584] {processor.py:171} INFO - Processing /home/airflow/.local/lib/python3.8/site-packages/airflow/example_dags/tutorial_taskflow_api_etl_virtualenv.py took 0.349 seconds
[2023-11-04 14:01:52,706] {processor.py:163} INFO - Started process (PID=322) to work on /home/airflow/.local/lib/python3.8/site-packages/airflow/example_dags/tutorial_taskflow_api_etl_virtualenv.py
[2023-11-04 14:01:52,710] {processor.py:642} INFO - Processing file /home/airflow/.local/lib/python3.8/site-packages/airflow/example_dags/tutorial_taskflow_api_etl_virtualenv.py for tasks to queue
[2023-11-04 14:01:52,713] {logging_mixin.py:109} INFO - [2023-11-04 14:01:52,712] {dagbag.py:500} INFO - Filling up the DagBag from /home/airflow/.local/lib/python3.8/site-packages/airflow/example_dags/tutorial_taskflow_api_etl_virtualenv.py
[2023-11-04 14:01:52,768] {processor.py:654} INFO - DAG(s) dict_keys(['tutorial_taskflow_api_etl_virtualenv']) retrieved from /home/airflow/.local/lib/python3.8/site-packages/airflow/example_dags/tutorial_taskflow_api_etl_virtualenv.py
[2023-11-04 14:01:53,026] {logging_mixin.py:109} INFO - [2023-11-04 14:01:53,026] {dag.py:2398} INFO - Sync 1 DAGs
[2023-11-04 14:01:53,045] {logging_mixin.py:109} INFO - [2023-11-04 14:01:53,044] {dag.py:2937} INFO - Setting next_dagrun for tutorial_taskflow_api_etl_virtualenv to None
[2023-11-04 14:01:53,059] {processor.py:171} INFO - Processing /home/airflow/.local/lib/python3.8/site-packages/airflow/example_dags/tutorial_taskflow_api_etl_virtualenv.py took 0.357 seconds
[2023-11-04 14:02:23,236] {processor.py:163} INFO - Started process (PID=371) to work on /home/airflow/.local/lib/python3.8/site-packages/airflow/example_dags/tutorial_taskflow_api_etl_virtualenv.py
[2023-11-04 14:02:23,255] {processor.py:642} INFO - Processing file /home/airflow/.local/lib/python3.8/site-packages/airflow/example_dags/tutorial_taskflow_api_etl_virtualenv.py for tasks to queue
[2023-11-04 14:02:23,267] {logging_mixin.py:109} INFO - [2023-11-04 14:02:23,266] {dagbag.py:500} INFO - Filling up the DagBag from /home/airflow/.local/lib/python3.8/site-packages/airflow/example_dags/tutorial_taskflow_api_etl_virtualenv.py
[2023-11-04 14:02:23,432] {processor.py:654} INFO - DAG(s) dict_keys(['tutorial_taskflow_api_etl_virtualenv']) retrieved from /home/airflow/.local/lib/python3.8/site-packages/airflow/example_dags/tutorial_taskflow_api_etl_virtualenv.py
[2023-11-04 14:02:23,710] {logging_mixin.py:109} INFO - [2023-11-04 14:02:23,709] {dag.py:2398} INFO - Sync 1 DAGs
[2023-11-04 14:02:23,729] {logging_mixin.py:109} INFO - [2023-11-04 14:02:23,729] {dag.py:2937} INFO - Setting next_dagrun for tutorial_taskflow_api_etl_virtualenv to None
[2023-11-04 14:02:23,744] {processor.py:171} INFO - Processing /home/airflow/.local/lib/python3.8/site-packages/airflow/example_dags/tutorial_taskflow_api_etl_virtualenv.py took 0.518 seconds
[2023-11-04 14:04:45,583] {processor.py:163} INFO - Started process (PID=41) to work on /home/airflow/.local/lib/python3.8/site-packages/airflow/example_dags/tutorial_taskflow_api_etl_virtualenv.py
[2023-11-04 14:04:45,585] {processor.py:642} INFO - Processing file /home/airflow/.local/lib/python3.8/site-packages/airflow/example_dags/tutorial_taskflow_api_etl_virtualenv.py for tasks to queue
[2023-11-04 14:04:45,599] {logging_mixin.py:109} INFO - [2023-11-04 14:04:45,599] {dagbag.py:500} INFO - Filling up the DagBag from /home/airflow/.local/lib/python3.8/site-packages/airflow/example_dags/tutorial_taskflow_api_etl_virtualenv.py
[2023-11-04 14:04:45,781] {processor.py:654} INFO - DAG(s) dict_keys(['tutorial_taskflow_api_etl_virtualenv']) retrieved from /home/airflow/.local/lib/python3.8/site-packages/airflow/example_dags/tutorial_taskflow_api_etl_virtualenv.py
[2023-11-04 14:04:46,304] {logging_mixin.py:109} INFO - [2023-11-04 14:04:46,303] {dag.py:2398} INFO - Sync 1 DAGs
[2023-11-04 14:04:46,328] {logging_mixin.py:109} INFO - [2023-11-04 14:04:46,328] {dag.py:2937} INFO - Setting next_dagrun for tutorial_taskflow_api_etl_virtualenv to None
[2023-11-04 14:04:46,359] {processor.py:171} INFO - Processing /home/airflow/.local/lib/python3.8/site-packages/airflow/example_dags/tutorial_taskflow_api_etl_virtualenv.py took 0.795 seconds
[2023-11-04 14:05:16,763] {processor.py:163} INFO - Started process (PID=89) to work on /home/airflow/.local/lib/python3.8/site-packages/airflow/example_dags/tutorial_taskflow_api_etl_virtualenv.py
[2023-11-04 14:05:16,766] {processor.py:642} INFO - Processing file /home/airflow/.local/lib/python3.8/site-packages/airflow/example_dags/tutorial_taskflow_api_etl_virtualenv.py for tasks to queue
[2023-11-04 14:05:16,767] {logging_mixin.py:109} INFO - [2023-11-04 14:05:16,767] {dagbag.py:500} INFO - Filling up the DagBag from /home/airflow/.local/lib/python3.8/site-packages/airflow/example_dags/tutorial_taskflow_api_etl_virtualenv.py
[2023-11-04 14:05:16,817] {processor.py:654} INFO - DAG(s) dict_keys(['tutorial_taskflow_api_etl_virtualenv']) retrieved from /home/airflow/.local/lib/python3.8/site-packages/airflow/example_dags/tutorial_taskflow_api_etl_virtualenv.py
[2023-11-04 14:05:17,089] {logging_mixin.py:109} INFO - [2023-11-04 14:05:17,089] {dag.py:2398} INFO - Sync 1 DAGs
[2023-11-04 14:05:17,110] {logging_mixin.py:109} INFO - [2023-11-04 14:05:17,110] {dag.py:2937} INFO - Setting next_dagrun for tutorial_taskflow_api_etl_virtualenv to None
[2023-11-04 14:05:17,125] {processor.py:171} INFO - Processing /home/airflow/.local/lib/python3.8/site-packages/airflow/example_dags/tutorial_taskflow_api_etl_virtualenv.py took 0.367 seconds
[2023-11-04 14:05:47,623] {processor.py:163} INFO - Started process (PID=146) to work on /home/airflow/.local/lib/python3.8/site-packages/airflow/example_dags/tutorial_taskflow_api_etl_virtualenv.py
[2023-11-04 14:05:47,626] {processor.py:642} INFO - Processing file /home/airflow/.local/lib/python3.8/site-packages/airflow/example_dags/tutorial_taskflow_api_etl_virtualenv.py for tasks to queue
[2023-11-04 14:05:47,630] {logging_mixin.py:109} INFO - [2023-11-04 14:05:47,630] {dagbag.py:500} INFO - Filling up the DagBag from /home/airflow/.local/lib/python3.8/site-packages/airflow/example_dags/tutorial_taskflow_api_etl_virtualenv.py
[2023-11-04 14:05:47,688] {processor.py:654} INFO - DAG(s) dict_keys(['tutorial_taskflow_api_etl_virtualenv']) retrieved from /home/airflow/.local/lib/python3.8/site-packages/airflow/example_dags/tutorial_taskflow_api_etl_virtualenv.py
[2023-11-04 14:05:47,974] {logging_mixin.py:109} INFO - [2023-11-04 14:05:47,974] {dag.py:2398} INFO - Sync 1 DAGs
[2023-11-04 14:05:47,993] {logging_mixin.py:109} INFO - [2023-11-04 14:05:47,993] {dag.py:2937} INFO - Setting next_dagrun for tutorial_taskflow_api_etl_virtualenv to None
[2023-11-04 14:05:48,006] {processor.py:171} INFO - Processing /home/airflow/.local/lib/python3.8/site-packages/airflow/example_dags/tutorial_taskflow_api_etl_virtualenv.py took 0.391 seconds
[2023-11-04 14:06:18,725] {processor.py:163} INFO - Started process (PID=195) to work on /home/airflow/.local/lib/python3.8/site-packages/airflow/example_dags/tutorial_taskflow_api_etl_virtualenv.py
[2023-11-04 14:06:18,731] {processor.py:642} INFO - Processing file /home/airflow/.local/lib/python3.8/site-packages/airflow/example_dags/tutorial_taskflow_api_etl_virtualenv.py for tasks to queue
[2023-11-04 14:06:18,735] {logging_mixin.py:109} INFO - [2023-11-04 14:06:18,734] {dagbag.py:500} INFO - Filling up the DagBag from /home/airflow/.local/lib/python3.8/site-packages/airflow/example_dags/tutorial_taskflow_api_etl_virtualenv.py
[2023-11-04 14:06:18,841] {processor.py:654} INFO - DAG(s) dict_keys(['tutorial_taskflow_api_etl_virtualenv']) retrieved from /home/airflow/.local/lib/python3.8/site-packages/airflow/example_dags/tutorial_taskflow_api_etl_virtualenv.py
[2023-11-04 14:06:19,156] {logging_mixin.py:109} INFO - [2023-11-04 14:06:19,156] {dag.py:2398} INFO - Sync 1 DAGs
[2023-11-04 14:06:19,204] {logging_mixin.py:109} INFO - [2023-11-04 14:06:19,204] {dag.py:2937} INFO - Setting next_dagrun for tutorial_taskflow_api_etl_virtualenv to None
[2023-11-04 14:06:19,223] {processor.py:171} INFO - Processing /home/airflow/.local/lib/python3.8/site-packages/airflow/example_dags/tutorial_taskflow_api_etl_virtualenv.py took 0.511 seconds
[2023-11-04 14:06:49,704] {processor.py:163} INFO - Started process (PID=252) to work on /home/airflow/.local/lib/python3.8/site-packages/airflow/example_dags/tutorial_taskflow_api_etl_virtualenv.py
[2023-11-04 14:06:49,706] {processor.py:642} INFO - Processing file /home/airflow/.local/lib/python3.8/site-packages/airflow/example_dags/tutorial_taskflow_api_etl_virtualenv.py for tasks to queue
[2023-11-04 14:06:49,708] {logging_mixin.py:109} INFO - [2023-11-04 14:06:49,708] {dagbag.py:500} INFO - Filling up the DagBag from /home/airflow/.local/lib/python3.8/site-packages/airflow/example_dags/tutorial_taskflow_api_etl_virtualenv.py
[2023-11-04 14:06:49,765] {processor.py:654} INFO - DAG(s) dict_keys(['tutorial_taskflow_api_etl_virtualenv']) retrieved from /home/airflow/.local/lib/python3.8/site-packages/airflow/example_dags/tutorial_taskflow_api_etl_virtualenv.py
[2023-11-04 14:06:50,032] {logging_mixin.py:109} INFO - [2023-11-04 14:06:50,032] {dag.py:2398} INFO - Sync 1 DAGs
[2023-11-04 14:06:50,053] {logging_mixin.py:109} INFO - [2023-11-04 14:06:50,053] {dag.py:2937} INFO - Setting next_dagrun for tutorial_taskflow_api_etl_virtualenv to None
[2023-11-04 14:06:50,069] {processor.py:171} INFO - Processing /home/airflow/.local/lib/python3.8/site-packages/airflow/example_dags/tutorial_taskflow_api_etl_virtualenv.py took 0.370 seconds
[2023-11-04 14:07:20,137] {processor.py:163} INFO - Started process (PID=301) to work on /home/airflow/.local/lib/python3.8/site-packages/airflow/example_dags/tutorial_taskflow_api_etl_virtualenv.py
[2023-11-04 14:07:20,140] {processor.py:642} INFO - Processing file /home/airflow/.local/lib/python3.8/site-packages/airflow/example_dags/tutorial_taskflow_api_etl_virtualenv.py for tasks to queue
[2023-11-04 14:07:20,142] {logging_mixin.py:109} INFO - [2023-11-04 14:07:20,142] {dagbag.py:500} INFO - Filling up the DagBag from /home/airflow/.local/lib/python3.8/site-packages/airflow/example_dags/tutorial_taskflow_api_etl_virtualenv.py
[2023-11-04 14:07:20,195] {processor.py:654} INFO - DAG(s) dict_keys(['tutorial_taskflow_api_etl_virtualenv']) retrieved from /home/airflow/.local/lib/python3.8/site-packages/airflow/example_dags/tutorial_taskflow_api_etl_virtualenv.py
[2023-11-04 14:07:20,498] {logging_mixin.py:109} INFO - [2023-11-04 14:07:20,498] {dag.py:2398} INFO - Sync 1 DAGs
[2023-11-04 14:07:20,523] {logging_mixin.py:109} INFO - [2023-11-04 14:07:20,523] {dag.py:2937} INFO - Setting next_dagrun for tutorial_taskflow_api_etl_virtualenv to None
[2023-11-04 14:07:20,540] {processor.py:171} INFO - Processing /home/airflow/.local/lib/python3.8/site-packages/airflow/example_dags/tutorial_taskflow_api_etl_virtualenv.py took 0.408 seconds
[2023-11-04 14:07:50,722] {processor.py:163} INFO - Started process (PID=349) to work on /home/airflow/.local/lib/python3.8/site-packages/airflow/example_dags/tutorial_taskflow_api_etl_virtualenv.py
[2023-11-04 14:07:50,724] {processor.py:642} INFO - Processing file /home/airflow/.local/lib/python3.8/site-packages/airflow/example_dags/tutorial_taskflow_api_etl_virtualenv.py for tasks to queue
[2023-11-04 14:07:50,725] {logging_mixin.py:109} INFO - [2023-11-04 14:07:50,725] {dagbag.py:500} INFO - Filling up the DagBag from /home/airflow/.local/lib/python3.8/site-packages/airflow/example_dags/tutorial_taskflow_api_etl_virtualenv.py
[2023-11-04 14:07:50,776] {processor.py:654} INFO - DAG(s) dict_keys(['tutorial_taskflow_api_etl_virtualenv']) retrieved from /home/airflow/.local/lib/python3.8/site-packages/airflow/example_dags/tutorial_taskflow_api_etl_virtualenv.py
[2023-11-04 14:07:51,050] {logging_mixin.py:109} INFO - [2023-11-04 14:07:51,050] {dag.py:2398} INFO - Sync 1 DAGs
[2023-11-04 14:07:51,067] {logging_mixin.py:109} INFO - [2023-11-04 14:07:51,067] {dag.py:2937} INFO - Setting next_dagrun for tutorial_taskflow_api_etl_virtualenv to None
[2023-11-04 14:07:51,079] {processor.py:171} INFO - Processing /home/airflow/.local/lib/python3.8/site-packages/airflow/example_dags/tutorial_taskflow_api_etl_virtualenv.py took 0.363 seconds
[2023-11-04 14:08:21,621] {processor.py:163} INFO - Started process (PID=406) to work on /home/airflow/.local/lib/python3.8/site-packages/airflow/example_dags/tutorial_taskflow_api_etl_virtualenv.py
[2023-11-04 14:08:21,623] {processor.py:642} INFO - Processing file /home/airflow/.local/lib/python3.8/site-packages/airflow/example_dags/tutorial_taskflow_api_etl_virtualenv.py for tasks to queue
[2023-11-04 14:08:21,624] {logging_mixin.py:109} INFO - [2023-11-04 14:08:21,624] {dagbag.py:500} INFO - Filling up the DagBag from /home/airflow/.local/lib/python3.8/site-packages/airflow/example_dags/tutorial_taskflow_api_etl_virtualenv.py
[2023-11-04 14:08:21,670] {processor.py:654} INFO - DAG(s) dict_keys(['tutorial_taskflow_api_etl_virtualenv']) retrieved from /home/airflow/.local/lib/python3.8/site-packages/airflow/example_dags/tutorial_taskflow_api_etl_virtualenv.py
[2023-11-04 14:08:21,924] {logging_mixin.py:109} INFO - [2023-11-04 14:08:21,924] {dag.py:2398} INFO - Sync 1 DAGs
[2023-11-04 14:08:21,942] {logging_mixin.py:109} INFO - [2023-11-04 14:08:21,941] {dag.py:2937} INFO - Setting next_dagrun for tutorial_taskflow_api_etl_virtualenv to None
[2023-11-04 14:08:21,954] {processor.py:171} INFO - Processing /home/airflow/.local/lib/python3.8/site-packages/airflow/example_dags/tutorial_taskflow_api_etl_virtualenv.py took 0.339 seconds
[2023-11-04 14:08:52,011] {processor.py:163} INFO - Started process (PID=455) to work on /home/airflow/.local/lib/python3.8/site-packages/airflow/example_dags/tutorial_taskflow_api_etl_virtualenv.py
[2023-11-04 14:08:52,014] {processor.py:642} INFO - Processing file /home/airflow/.local/lib/python3.8/site-packages/airflow/example_dags/tutorial_taskflow_api_etl_virtualenv.py for tasks to queue
[2023-11-04 14:08:52,016] {logging_mixin.py:109} INFO - [2023-11-04 14:08:52,016] {dagbag.py:500} INFO - Filling up the DagBag from /home/airflow/.local/lib/python3.8/site-packages/airflow/example_dags/tutorial_taskflow_api_etl_virtualenv.py
[2023-11-04 14:08:52,071] {processor.py:654} INFO - DAG(s) dict_keys(['tutorial_taskflow_api_etl_virtualenv']) retrieved from /home/airflow/.local/lib/python3.8/site-packages/airflow/example_dags/tutorial_taskflow_api_etl_virtualenv.py
[2023-11-04 14:08:52,332] {logging_mixin.py:109} INFO - [2023-11-04 14:08:52,331] {dag.py:2398} INFO - Sync 1 DAGs
[2023-11-04 14:08:52,360] {logging_mixin.py:109} INFO - [2023-11-04 14:08:52,360] {dag.py:2937} INFO - Setting next_dagrun for tutorial_taskflow_api_etl_virtualenv to None
[2023-11-04 14:08:52,378] {processor.py:171} INFO - Processing /home/airflow/.local/lib/python3.8/site-packages/airflow/example_dags/tutorial_taskflow_api_etl_virtualenv.py took 0.373 seconds
[2023-11-04 14:09:22,439] {processor.py:163} INFO - Started process (PID=504) to work on /home/airflow/.local/lib/python3.8/site-packages/airflow/example_dags/tutorial_taskflow_api_etl_virtualenv.py
[2023-11-04 14:09:22,442] {processor.py:642} INFO - Processing file /home/airflow/.local/lib/python3.8/site-packages/airflow/example_dags/tutorial_taskflow_api_etl_virtualenv.py for tasks to queue
[2023-11-04 14:09:22,444] {logging_mixin.py:109} INFO - [2023-11-04 14:09:22,444] {dagbag.py:500} INFO - Filling up the DagBag from /home/airflow/.local/lib/python3.8/site-packages/airflow/example_dags/tutorial_taskflow_api_etl_virtualenv.py
[2023-11-04 14:09:22,509] {processor.py:654} INFO - DAG(s) dict_keys(['tutorial_taskflow_api_etl_virtualenv']) retrieved from /home/airflow/.local/lib/python3.8/site-packages/airflow/example_dags/tutorial_taskflow_api_etl_virtualenv.py
[2023-11-04 14:09:22,829] {logging_mixin.py:109} INFO - [2023-11-04 14:09:22,828] {dag.py:2398} INFO - Sync 1 DAGs
[2023-11-04 14:09:22,848] {logging_mixin.py:109} INFO - [2023-11-04 14:09:22,848] {dag.py:2937} INFO - Setting next_dagrun for tutorial_taskflow_api_etl_virtualenv to None
[2023-11-04 14:09:22,865] {processor.py:171} INFO - Processing /home/airflow/.local/lib/python3.8/site-packages/airflow/example_dags/tutorial_taskflow_api_etl_virtualenv.py took 0.431 seconds
[2023-11-04 14:09:53,801] {processor.py:163} INFO - Started process (PID=561) to work on /home/airflow/.local/lib/python3.8/site-packages/airflow/example_dags/tutorial_taskflow_api_etl_virtualenv.py
[2023-11-04 14:09:53,805] {processor.py:642} INFO - Processing file /home/airflow/.local/lib/python3.8/site-packages/airflow/example_dags/tutorial_taskflow_api_etl_virtualenv.py for tasks to queue
[2023-11-04 14:09:53,806] {logging_mixin.py:109} INFO - [2023-11-04 14:09:53,806] {dagbag.py:500} INFO - Filling up the DagBag from /home/airflow/.local/lib/python3.8/site-packages/airflow/example_dags/tutorial_taskflow_api_etl_virtualenv.py
[2023-11-04 14:09:53,855] {processor.py:654} INFO - DAG(s) dict_keys(['tutorial_taskflow_api_etl_virtualenv']) retrieved from /home/airflow/.local/lib/python3.8/site-packages/airflow/example_dags/tutorial_taskflow_api_etl_virtualenv.py
[2023-11-04 14:09:54,144] {logging_mixin.py:109} INFO - [2023-11-04 14:09:54,144] {dag.py:2398} INFO - Sync 1 DAGs
[2023-11-04 14:09:54,162] {logging_mixin.py:109} INFO - [2023-11-04 14:09:54,162] {dag.py:2937} INFO - Setting next_dagrun for tutorial_taskflow_api_etl_virtualenv to None
[2023-11-04 14:09:54,176] {processor.py:171} INFO - Processing /home/airflow/.local/lib/python3.8/site-packages/airflow/example_dags/tutorial_taskflow_api_etl_virtualenv.py took 0.380 seconds
[2023-11-04 14:10:25,085] {processor.py:163} INFO - Started process (PID=610) to work on /home/airflow/.local/lib/python3.8/site-packages/airflow/example_dags/tutorial_taskflow_api_etl_virtualenv.py
[2023-11-04 14:10:25,087] {processor.py:642} INFO - Processing file /home/airflow/.local/lib/python3.8/site-packages/airflow/example_dags/tutorial_taskflow_api_etl_virtualenv.py for tasks to queue
[2023-11-04 14:10:25,089] {logging_mixin.py:109} INFO - [2023-11-04 14:10:25,089] {dagbag.py:500} INFO - Filling up the DagBag from /home/airflow/.local/lib/python3.8/site-packages/airflow/example_dags/tutorial_taskflow_api_etl_virtualenv.py
[2023-11-04 14:10:25,137] {processor.py:654} INFO - DAG(s) dict_keys(['tutorial_taskflow_api_etl_virtualenv']) retrieved from /home/airflow/.local/lib/python3.8/site-packages/airflow/example_dags/tutorial_taskflow_api_etl_virtualenv.py
[2023-11-04 14:10:25,401] {logging_mixin.py:109} INFO - [2023-11-04 14:10:25,401] {dag.py:2398} INFO - Sync 1 DAGs
[2023-11-04 14:10:25,418] {logging_mixin.py:109} INFO - [2023-11-04 14:10:25,418] {dag.py:2937} INFO - Setting next_dagrun for tutorial_taskflow_api_etl_virtualenv to None
[2023-11-04 14:10:25,432] {processor.py:171} INFO - Processing /home/airflow/.local/lib/python3.8/site-packages/airflow/example_dags/tutorial_taskflow_api_etl_virtualenv.py took 0.352 seconds
[2023-11-04 14:11:48,739] {processor.py:163} INFO - Started process (PID=42) to work on /home/airflow/.local/lib/python3.8/site-packages/airflow/example_dags/tutorial_taskflow_api_etl_virtualenv.py
[2023-11-04 14:11:48,741] {processor.py:642} INFO - Processing file /home/airflow/.local/lib/python3.8/site-packages/airflow/example_dags/tutorial_taskflow_api_etl_virtualenv.py for tasks to queue
[2023-11-04 14:11:48,743] {logging_mixin.py:109} INFO - [2023-11-04 14:11:48,743] {dagbag.py:500} INFO - Filling up the DagBag from /home/airflow/.local/lib/python3.8/site-packages/airflow/example_dags/tutorial_taskflow_api_etl_virtualenv.py
[2023-11-04 14:11:48,805] {processor.py:654} INFO - DAG(s) dict_keys(['tutorial_taskflow_api_etl_virtualenv']) retrieved from /home/airflow/.local/lib/python3.8/site-packages/airflow/example_dags/tutorial_taskflow_api_etl_virtualenv.py
[2023-11-04 14:11:49,326] {logging_mixin.py:109} INFO - [2023-11-04 14:11:49,326] {dag.py:2398} INFO - Sync 1 DAGs
[2023-11-04 14:11:49,350] {logging_mixin.py:109} INFO - [2023-11-04 14:11:49,350] {dag.py:2937} INFO - Setting next_dagrun for tutorial_taskflow_api_etl_virtualenv to None
[2023-11-04 14:11:49,376] {processor.py:171} INFO - Processing /home/airflow/.local/lib/python3.8/site-packages/airflow/example_dags/tutorial_taskflow_api_etl_virtualenv.py took 0.643 seconds
[2023-11-04 14:12:19,667] {processor.py:163} INFO - Started process (PID=90) to work on /home/airflow/.local/lib/python3.8/site-packages/airflow/example_dags/tutorial_taskflow_api_etl_virtualenv.py
[2023-11-04 14:12:19,670] {processor.py:642} INFO - Processing file /home/airflow/.local/lib/python3.8/site-packages/airflow/example_dags/tutorial_taskflow_api_etl_virtualenv.py for tasks to queue
[2023-11-04 14:12:19,671] {logging_mixin.py:109} INFO - [2023-11-04 14:12:19,671] {dagbag.py:500} INFO - Filling up the DagBag from /home/airflow/.local/lib/python3.8/site-packages/airflow/example_dags/tutorial_taskflow_api_etl_virtualenv.py
[2023-11-04 14:12:19,723] {processor.py:654} INFO - DAG(s) dict_keys(['tutorial_taskflow_api_etl_virtualenv']) retrieved from /home/airflow/.local/lib/python3.8/site-packages/airflow/example_dags/tutorial_taskflow_api_etl_virtualenv.py
[2023-11-04 14:12:20,100] {logging_mixin.py:109} INFO - [2023-11-04 14:12:20,100] {dag.py:2398} INFO - Sync 1 DAGs
[2023-11-04 14:12:20,144] {logging_mixin.py:109} INFO - [2023-11-04 14:12:20,143] {dag.py:2937} INFO - Setting next_dagrun for tutorial_taskflow_api_etl_virtualenv to None
[2023-11-04 14:12:20,168] {processor.py:171} INFO - Processing /home/airflow/.local/lib/python3.8/site-packages/airflow/example_dags/tutorial_taskflow_api_etl_virtualenv.py took 0.505 seconds
[2023-11-04 14:12:51,059] {processor.py:163} INFO - Started process (PID=147) to work on /home/airflow/.local/lib/python3.8/site-packages/airflow/example_dags/tutorial_taskflow_api_etl_virtualenv.py
[2023-11-04 14:12:51,062] {processor.py:642} INFO - Processing file /home/airflow/.local/lib/python3.8/site-packages/airflow/example_dags/tutorial_taskflow_api_etl_virtualenv.py for tasks to queue
[2023-11-04 14:12:51,063] {logging_mixin.py:109} INFO - [2023-11-04 14:12:51,063] {dagbag.py:500} INFO - Filling up the DagBag from /home/airflow/.local/lib/python3.8/site-packages/airflow/example_dags/tutorial_taskflow_api_etl_virtualenv.py
[2023-11-04 14:12:51,116] {processor.py:654} INFO - DAG(s) dict_keys(['tutorial_taskflow_api_etl_virtualenv']) retrieved from /home/airflow/.local/lib/python3.8/site-packages/airflow/example_dags/tutorial_taskflow_api_etl_virtualenv.py
[2023-11-04 14:12:51,386] {logging_mixin.py:109} INFO - [2023-11-04 14:12:51,386] {dag.py:2398} INFO - Sync 1 DAGs
[2023-11-04 14:12:51,404] {logging_mixin.py:109} INFO - [2023-11-04 14:12:51,404] {dag.py:2937} INFO - Setting next_dagrun for tutorial_taskflow_api_etl_virtualenv to None
[2023-11-04 14:12:51,419] {processor.py:171} INFO - Processing /home/airflow/.local/lib/python3.8/site-packages/airflow/example_dags/tutorial_taskflow_api_etl_virtualenv.py took 0.365 seconds
[2023-11-04 14:13:21,488] {processor.py:163} INFO - Started process (PID=196) to work on /home/airflow/.local/lib/python3.8/site-packages/airflow/example_dags/tutorial_taskflow_api_etl_virtualenv.py
[2023-11-04 14:13:21,491] {processor.py:642} INFO - Processing file /home/airflow/.local/lib/python3.8/site-packages/airflow/example_dags/tutorial_taskflow_api_etl_virtualenv.py for tasks to queue
[2023-11-04 14:13:21,493] {logging_mixin.py:109} INFO - [2023-11-04 14:13:21,493] {dagbag.py:500} INFO - Filling up the DagBag from /home/airflow/.local/lib/python3.8/site-packages/airflow/example_dags/tutorial_taskflow_api_etl_virtualenv.py
[2023-11-04 14:13:21,546] {processor.py:654} INFO - DAG(s) dict_keys(['tutorial_taskflow_api_etl_virtualenv']) retrieved from /home/airflow/.local/lib/python3.8/site-packages/airflow/example_dags/tutorial_taskflow_api_etl_virtualenv.py
[2023-11-04 14:13:21,808] {logging_mixin.py:109} INFO - [2023-11-04 14:13:21,808] {dag.py:2398} INFO - Sync 1 DAGs
[2023-11-04 14:13:21,829] {logging_mixin.py:109} INFO - [2023-11-04 14:13:21,829] {dag.py:2937} INFO - Setting next_dagrun for tutorial_taskflow_api_etl_virtualenv to None
[2023-11-04 14:13:21,844] {processor.py:171} INFO - Processing /home/airflow/.local/lib/python3.8/site-packages/airflow/example_dags/tutorial_taskflow_api_etl_virtualenv.py took 0.361 seconds
[2023-11-04 14:13:51,972] {processor.py:163} INFO - Started process (PID=253) to work on /home/airflow/.local/lib/python3.8/site-packages/airflow/example_dags/tutorial_taskflow_api_etl_virtualenv.py
[2023-11-04 14:13:51,974] {processor.py:642} INFO - Processing file /home/airflow/.local/lib/python3.8/site-packages/airflow/example_dags/tutorial_taskflow_api_etl_virtualenv.py for tasks to queue
[2023-11-04 14:13:51,976] {logging_mixin.py:109} INFO - [2023-11-04 14:13:51,976] {dagbag.py:500} INFO - Filling up the DagBag from /home/airflow/.local/lib/python3.8/site-packages/airflow/example_dags/tutorial_taskflow_api_etl_virtualenv.py
[2023-11-04 14:13:52,027] {processor.py:654} INFO - DAG(s) dict_keys(['tutorial_taskflow_api_etl_virtualenv']) retrieved from /home/airflow/.local/lib/python3.8/site-packages/airflow/example_dags/tutorial_taskflow_api_etl_virtualenv.py
[2023-11-04 14:13:52,306] {logging_mixin.py:109} INFO - [2023-11-04 14:13:52,306] {dag.py:2398} INFO - Sync 1 DAGs
[2023-11-04 14:13:52,331] {logging_mixin.py:109} INFO - [2023-11-04 14:13:52,331] {dag.py:2937} INFO - Setting next_dagrun for tutorial_taskflow_api_etl_virtualenv to None
[2023-11-04 14:13:52,348] {processor.py:171} INFO - Processing /home/airflow/.local/lib/python3.8/site-packages/airflow/example_dags/tutorial_taskflow_api_etl_virtualenv.py took 0.381 seconds
[2023-11-04 14:14:22,405] {processor.py:163} INFO - Started process (PID=302) to work on /home/airflow/.local/lib/python3.8/site-packages/airflow/example_dags/tutorial_taskflow_api_etl_virtualenv.py
[2023-11-04 14:14:22,408] {processor.py:642} INFO - Processing file /home/airflow/.local/lib/python3.8/site-packages/airflow/example_dags/tutorial_taskflow_api_etl_virtualenv.py for tasks to queue
[2023-11-04 14:14:22,409] {logging_mixin.py:109} INFO - [2023-11-04 14:14:22,409] {dagbag.py:500} INFO - Filling up the DagBag from /home/airflow/.local/lib/python3.8/site-packages/airflow/example_dags/tutorial_taskflow_api_etl_virtualenv.py
[2023-11-04 14:14:22,462] {processor.py:654} INFO - DAG(s) dict_keys(['tutorial_taskflow_api_etl_virtualenv']) retrieved from /home/airflow/.local/lib/python3.8/site-packages/airflow/example_dags/tutorial_taskflow_api_etl_virtualenv.py
[2023-11-04 14:14:22,737] {logging_mixin.py:109} INFO - [2023-11-04 14:14:22,737] {dag.py:2398} INFO - Sync 1 DAGs
[2023-11-04 14:14:22,769] {logging_mixin.py:109} INFO - [2023-11-04 14:14:22,768] {dag.py:2937} INFO - Setting next_dagrun for tutorial_taskflow_api_etl_virtualenv to None
[2023-11-04 14:14:22,786] {processor.py:171} INFO - Processing /home/airflow/.local/lib/python3.8/site-packages/airflow/example_dags/tutorial_taskflow_api_etl_virtualenv.py took 0.390 seconds
[2023-11-04 14:14:53,405] {processor.py:163} INFO - Started process (PID=352) to work on /home/airflow/.local/lib/python3.8/site-packages/airflow/example_dags/tutorial_taskflow_api_etl_virtualenv.py
[2023-11-04 14:14:53,407] {processor.py:642} INFO - Processing file /home/airflow/.local/lib/python3.8/site-packages/airflow/example_dags/tutorial_taskflow_api_etl_virtualenv.py for tasks to queue
[2023-11-04 14:14:53,409] {logging_mixin.py:109} INFO - [2023-11-04 14:14:53,408] {dagbag.py:500} INFO - Filling up the DagBag from /home/airflow/.local/lib/python3.8/site-packages/airflow/example_dags/tutorial_taskflow_api_etl_virtualenv.py
[2023-11-04 14:14:53,459] {processor.py:654} INFO - DAG(s) dict_keys(['tutorial_taskflow_api_etl_virtualenv']) retrieved from /home/airflow/.local/lib/python3.8/site-packages/airflow/example_dags/tutorial_taskflow_api_etl_virtualenv.py
[2023-11-04 14:14:53,718] {logging_mixin.py:109} INFO - [2023-11-04 14:14:53,718] {dag.py:2398} INFO - Sync 1 DAGs
[2023-11-04 14:14:53,736] {logging_mixin.py:109} INFO - [2023-11-04 14:14:53,735] {dag.py:2937} INFO - Setting next_dagrun for tutorial_taskflow_api_etl_virtualenv to None
[2023-11-04 14:14:53,749] {processor.py:171} INFO - Processing /home/airflow/.local/lib/python3.8/site-packages/airflow/example_dags/tutorial_taskflow_api_etl_virtualenv.py took 0.348 seconds
[2023-11-04 14:15:23,885] {processor.py:163} INFO - Started process (PID=409) to work on /home/airflow/.local/lib/python3.8/site-packages/airflow/example_dags/tutorial_taskflow_api_etl_virtualenv.py
[2023-11-04 14:15:23,889] {processor.py:642} INFO - Processing file /home/airflow/.local/lib/python3.8/site-packages/airflow/example_dags/tutorial_taskflow_api_etl_virtualenv.py for tasks to queue
[2023-11-04 14:15:23,891] {logging_mixin.py:109} INFO - [2023-11-04 14:15:23,891] {dagbag.py:500} INFO - Filling up the DagBag from /home/airflow/.local/lib/python3.8/site-packages/airflow/example_dags/tutorial_taskflow_api_etl_virtualenv.py
[2023-11-04 14:15:23,962] {processor.py:654} INFO - DAG(s) dict_keys(['tutorial_taskflow_api_etl_virtualenv']) retrieved from /home/airflow/.local/lib/python3.8/site-packages/airflow/example_dags/tutorial_taskflow_api_etl_virtualenv.py
[2023-11-04 14:15:24,306] {logging_mixin.py:109} INFO - [2023-11-04 14:15:24,306] {dag.py:2398} INFO - Sync 1 DAGs
[2023-11-04 14:15:24,329] {logging_mixin.py:109} INFO - [2023-11-04 14:15:24,329] {dag.py:2937} INFO - Setting next_dagrun for tutorial_taskflow_api_etl_virtualenv to None
[2023-11-04 14:15:24,348] {processor.py:171} INFO - Processing /home/airflow/.local/lib/python3.8/site-packages/airflow/example_dags/tutorial_taskflow_api_etl_virtualenv.py took 0.473 seconds
[2023-11-04 14:15:54,394] {processor.py:163} INFO - Started process (PID=457) to work on /home/airflow/.local/lib/python3.8/site-packages/airflow/example_dags/tutorial_taskflow_api_etl_virtualenv.py
[2023-11-04 14:15:54,396] {processor.py:642} INFO - Processing file /home/airflow/.local/lib/python3.8/site-packages/airflow/example_dags/tutorial_taskflow_api_etl_virtualenv.py for tasks to queue
[2023-11-04 14:15:54,398] {logging_mixin.py:109} INFO - [2023-11-04 14:15:54,398] {dagbag.py:500} INFO - Filling up the DagBag from /home/airflow/.local/lib/python3.8/site-packages/airflow/example_dags/tutorial_taskflow_api_etl_virtualenv.py
[2023-11-04 14:15:54,447] {processor.py:654} INFO - DAG(s) dict_keys(['tutorial_taskflow_api_etl_virtualenv']) retrieved from /home/airflow/.local/lib/python3.8/site-packages/airflow/example_dags/tutorial_taskflow_api_etl_virtualenv.py
[2023-11-04 14:15:54,707] {logging_mixin.py:109} INFO - [2023-11-04 14:15:54,706] {dag.py:2398} INFO - Sync 1 DAGs
[2023-11-04 14:15:54,723] {logging_mixin.py:109} INFO - [2023-11-04 14:15:54,723] {dag.py:2937} INFO - Setting next_dagrun for tutorial_taskflow_api_etl_virtualenv to None
[2023-11-04 14:15:54,737] {processor.py:171} INFO - Processing /home/airflow/.local/lib/python3.8/site-packages/airflow/example_dags/tutorial_taskflow_api_etl_virtualenv.py took 0.348 seconds
[2023-11-04 14:16:25,595] {processor.py:163} INFO - Started process (PID=507) to work on /home/airflow/.local/lib/python3.8/site-packages/airflow/example_dags/tutorial_taskflow_api_etl_virtualenv.py
[2023-11-04 14:16:25,597] {processor.py:642} INFO - Processing file /home/airflow/.local/lib/python3.8/site-packages/airflow/example_dags/tutorial_taskflow_api_etl_virtualenv.py for tasks to queue
[2023-11-04 14:16:25,598] {logging_mixin.py:109} INFO - [2023-11-04 14:16:25,598] {dagbag.py:500} INFO - Filling up the DagBag from /home/airflow/.local/lib/python3.8/site-packages/airflow/example_dags/tutorial_taskflow_api_etl_virtualenv.py
[2023-11-04 14:16:25,647] {processor.py:654} INFO - DAG(s) dict_keys(['tutorial_taskflow_api_etl_virtualenv']) retrieved from /home/airflow/.local/lib/python3.8/site-packages/airflow/example_dags/tutorial_taskflow_api_etl_virtualenv.py
[2023-11-04 14:16:25,914] {logging_mixin.py:109} INFO - [2023-11-04 14:16:25,914] {dag.py:2398} INFO - Sync 1 DAGs
[2023-11-04 14:16:25,948] {logging_mixin.py:109} INFO - [2023-11-04 14:16:25,948] {dag.py:2937} INFO - Setting next_dagrun for tutorial_taskflow_api_etl_virtualenv to None
[2023-11-04 14:16:25,970] {processor.py:171} INFO - Processing /home/airflow/.local/lib/python3.8/site-packages/airflow/example_dags/tutorial_taskflow_api_etl_virtualenv.py took 0.380 seconds
[2023-11-04 14:16:56,294] {processor.py:163} INFO - Started process (PID=564) to work on /home/airflow/.local/lib/python3.8/site-packages/airflow/example_dags/tutorial_taskflow_api_etl_virtualenv.py
[2023-11-04 14:16:56,296] {processor.py:642} INFO - Processing file /home/airflow/.local/lib/python3.8/site-packages/airflow/example_dags/tutorial_taskflow_api_etl_virtualenv.py for tasks to queue
[2023-11-04 14:16:56,298] {logging_mixin.py:109} INFO - [2023-11-04 14:16:56,298] {dagbag.py:500} INFO - Filling up the DagBag from /home/airflow/.local/lib/python3.8/site-packages/airflow/example_dags/tutorial_taskflow_api_etl_virtualenv.py
[2023-11-04 14:16:56,347] {processor.py:654} INFO - DAG(s) dict_keys(['tutorial_taskflow_api_etl_virtualenv']) retrieved from /home/airflow/.local/lib/python3.8/site-packages/airflow/example_dags/tutorial_taskflow_api_etl_virtualenv.py
[2023-11-04 14:16:56,619] {logging_mixin.py:109} INFO - [2023-11-04 14:16:56,619] {dag.py:2398} INFO - Sync 1 DAGs
[2023-11-04 14:16:56,646] {logging_mixin.py:109} INFO - [2023-11-04 14:16:56,646] {dag.py:2937} INFO - Setting next_dagrun for tutorial_taskflow_api_etl_virtualenv to None
[2023-11-04 14:16:56,661] {processor.py:171} INFO - Processing /home/airflow/.local/lib/python3.8/site-packages/airflow/example_dags/tutorial_taskflow_api_etl_virtualenv.py took 0.374 seconds
[2023-11-04 14:17:26,721] {processor.py:163} INFO - Started process (PID=613) to work on /home/airflow/.local/lib/python3.8/site-packages/airflow/example_dags/tutorial_taskflow_api_etl_virtualenv.py
[2023-11-04 14:17:26,723] {processor.py:642} INFO - Processing file /home/airflow/.local/lib/python3.8/site-packages/airflow/example_dags/tutorial_taskflow_api_etl_virtualenv.py for tasks to queue
[2023-11-04 14:17:26,725] {logging_mixin.py:109} INFO - [2023-11-04 14:17:26,724] {dagbag.py:500} INFO - Filling up the DagBag from /home/airflow/.local/lib/python3.8/site-packages/airflow/example_dags/tutorial_taskflow_api_etl_virtualenv.py
[2023-11-04 14:17:26,771] {processor.py:654} INFO - DAG(s) dict_keys(['tutorial_taskflow_api_etl_virtualenv']) retrieved from /home/airflow/.local/lib/python3.8/site-packages/airflow/example_dags/tutorial_taskflow_api_etl_virtualenv.py
[2023-11-04 14:17:27,046] {logging_mixin.py:109} INFO - [2023-11-04 14:17:27,046] {dag.py:2398} INFO - Sync 1 DAGs
[2023-11-04 14:17:27,065] {logging_mixin.py:109} INFO - [2023-11-04 14:17:27,065] {dag.py:2937} INFO - Setting next_dagrun for tutorial_taskflow_api_etl_virtualenv to None
[2023-11-04 14:17:27,082] {processor.py:171} INFO - Processing /home/airflow/.local/lib/python3.8/site-packages/airflow/example_dags/tutorial_taskflow_api_etl_virtualenv.py took 0.366 seconds
[2023-11-04 14:17:57,957] {processor.py:163} INFO - Started process (PID=669) to work on /home/airflow/.local/lib/python3.8/site-packages/airflow/example_dags/tutorial_taskflow_api_etl_virtualenv.py
[2023-11-04 14:17:57,962] {processor.py:642} INFO - Processing file /home/airflow/.local/lib/python3.8/site-packages/airflow/example_dags/tutorial_taskflow_api_etl_virtualenv.py for tasks to queue
[2023-11-04 14:17:57,965] {logging_mixin.py:109} INFO - [2023-11-04 14:17:57,964] {dagbag.py:500} INFO - Filling up the DagBag from /home/airflow/.local/lib/python3.8/site-packages/airflow/example_dags/tutorial_taskflow_api_etl_virtualenv.py
[2023-11-04 14:17:58,044] {processor.py:654} INFO - DAG(s) dict_keys(['tutorial_taskflow_api_etl_virtualenv']) retrieved from /home/airflow/.local/lib/python3.8/site-packages/airflow/example_dags/tutorial_taskflow_api_etl_virtualenv.py
[2023-11-04 14:17:58,507] {logging_mixin.py:109} INFO - [2023-11-04 14:17:58,507] {dag.py:2398} INFO - Sync 1 DAGs
[2023-11-04 14:17:58,534] {logging_mixin.py:109} INFO - [2023-11-04 14:17:58,534] {dag.py:2937} INFO - Setting next_dagrun for tutorial_taskflow_api_etl_virtualenv to None
[2023-11-04 14:17:58,554] {processor.py:171} INFO - Processing /home/airflow/.local/lib/python3.8/site-packages/airflow/example_dags/tutorial_taskflow_api_etl_virtualenv.py took 0.606 seconds
[2023-11-04 14:18:29,123] {processor.py:163} INFO - Started process (PID=719) to work on /home/airflow/.local/lib/python3.8/site-packages/airflow/example_dags/tutorial_taskflow_api_etl_virtualenv.py
[2023-11-04 14:18:29,125] {processor.py:642} INFO - Processing file /home/airflow/.local/lib/python3.8/site-packages/airflow/example_dags/tutorial_taskflow_api_etl_virtualenv.py for tasks to queue
[2023-11-04 14:18:29,127] {logging_mixin.py:109} INFO - [2023-11-04 14:18:29,127] {dagbag.py:500} INFO - Filling up the DagBag from /home/airflow/.local/lib/python3.8/site-packages/airflow/example_dags/tutorial_taskflow_api_etl_virtualenv.py
[2023-11-04 14:18:29,191] {processor.py:654} INFO - DAG(s) dict_keys(['tutorial_taskflow_api_etl_virtualenv']) retrieved from /home/airflow/.local/lib/python3.8/site-packages/airflow/example_dags/tutorial_taskflow_api_etl_virtualenv.py
[2023-11-04 14:18:29,465] {logging_mixin.py:109} INFO - [2023-11-04 14:18:29,464] {dag.py:2398} INFO - Sync 1 DAGs
[2023-11-04 14:18:29,482] {logging_mixin.py:109} INFO - [2023-11-04 14:18:29,482] {dag.py:2937} INFO - Setting next_dagrun for tutorial_taskflow_api_etl_virtualenv to None
[2023-11-04 14:18:29,498] {processor.py:171} INFO - Processing /home/airflow/.local/lib/python3.8/site-packages/airflow/example_dags/tutorial_taskflow_api_etl_virtualenv.py took 0.380 seconds
[2023-11-04 14:19:00,403] {processor.py:163} INFO - Started process (PID=768) to work on /home/airflow/.local/lib/python3.8/site-packages/airflow/example_dags/tutorial_taskflow_api_etl_virtualenv.py
[2023-11-04 14:19:00,406] {processor.py:642} INFO - Processing file /home/airflow/.local/lib/python3.8/site-packages/airflow/example_dags/tutorial_taskflow_api_etl_virtualenv.py for tasks to queue
[2023-11-04 14:19:00,407] {logging_mixin.py:109} INFO - [2023-11-04 14:19:00,407] {dagbag.py:500} INFO - Filling up the DagBag from /home/airflow/.local/lib/python3.8/site-packages/airflow/example_dags/tutorial_taskflow_api_etl_virtualenv.py
[2023-11-04 14:19:00,461] {processor.py:654} INFO - DAG(s) dict_keys(['tutorial_taskflow_api_etl_virtualenv']) retrieved from /home/airflow/.local/lib/python3.8/site-packages/airflow/example_dags/tutorial_taskflow_api_etl_virtualenv.py
[2023-11-04 14:19:00,742] {logging_mixin.py:109} INFO - [2023-11-04 14:19:00,741] {dag.py:2398} INFO - Sync 1 DAGs
[2023-11-04 14:19:00,768] {logging_mixin.py:109} INFO - [2023-11-04 14:19:00,768] {dag.py:2937} INFO - Setting next_dagrun for tutorial_taskflow_api_etl_virtualenv to None
[2023-11-04 14:19:00,784] {processor.py:171} INFO - Processing /home/airflow/.local/lib/python3.8/site-packages/airflow/example_dags/tutorial_taskflow_api_etl_virtualenv.py took 0.385 seconds
[2023-11-04 14:19:31,733] {processor.py:163} INFO - Started process (PID=825) to work on /home/airflow/.local/lib/python3.8/site-packages/airflow/example_dags/tutorial_taskflow_api_etl_virtualenv.py
[2023-11-04 14:19:31,736] {processor.py:642} INFO - Processing file /home/airflow/.local/lib/python3.8/site-packages/airflow/example_dags/tutorial_taskflow_api_etl_virtualenv.py for tasks to queue
[2023-11-04 14:19:31,737] {logging_mixin.py:109} INFO - [2023-11-04 14:19:31,737] {dagbag.py:500} INFO - Filling up the DagBag from /home/airflow/.local/lib/python3.8/site-packages/airflow/example_dags/tutorial_taskflow_api_etl_virtualenv.py
[2023-11-04 14:19:31,789] {processor.py:654} INFO - DAG(s) dict_keys(['tutorial_taskflow_api_etl_virtualenv']) retrieved from /home/airflow/.local/lib/python3.8/site-packages/airflow/example_dags/tutorial_taskflow_api_etl_virtualenv.py
[2023-11-04 14:19:32,055] {logging_mixin.py:109} INFO - [2023-11-04 14:19:32,055] {dag.py:2398} INFO - Sync 1 DAGs
[2023-11-04 14:19:32,073] {logging_mixin.py:109} INFO - [2023-11-04 14:19:32,073] {dag.py:2937} INFO - Setting next_dagrun for tutorial_taskflow_api_etl_virtualenv to None
[2023-11-04 14:19:32,086] {processor.py:171} INFO - Processing /home/airflow/.local/lib/python3.8/site-packages/airflow/example_dags/tutorial_taskflow_api_etl_virtualenv.py took 0.358 seconds
[2023-11-04 14:20:02,283] {processor.py:163} INFO - Started process (PID=874) to work on /home/airflow/.local/lib/python3.8/site-packages/airflow/example_dags/tutorial_taskflow_api_etl_virtualenv.py
[2023-11-04 14:20:02,286] {processor.py:642} INFO - Processing file /home/airflow/.local/lib/python3.8/site-packages/airflow/example_dags/tutorial_taskflow_api_etl_virtualenv.py for tasks to queue
[2023-11-04 14:20:02,287] {logging_mixin.py:109} INFO - [2023-11-04 14:20:02,287] {dagbag.py:500} INFO - Filling up the DagBag from /home/airflow/.local/lib/python3.8/site-packages/airflow/example_dags/tutorial_taskflow_api_etl_virtualenv.py
[2023-11-04 14:20:02,336] {processor.py:654} INFO - DAG(s) dict_keys(['tutorial_taskflow_api_etl_virtualenv']) retrieved from /home/airflow/.local/lib/python3.8/site-packages/airflow/example_dags/tutorial_taskflow_api_etl_virtualenv.py
[2023-11-04 14:20:02,602] {logging_mixin.py:109} INFO - [2023-11-04 14:20:02,602] {dag.py:2398} INFO - Sync 1 DAGs
[2023-11-04 14:20:02,619] {logging_mixin.py:109} INFO - [2023-11-04 14:20:02,619] {dag.py:2937} INFO - Setting next_dagrun for tutorial_taskflow_api_etl_virtualenv to None
[2023-11-04 14:20:02,633] {processor.py:171} INFO - Processing /home/airflow/.local/lib/python3.8/site-packages/airflow/example_dags/tutorial_taskflow_api_etl_virtualenv.py took 0.356 seconds
[2023-11-04 14:20:32,736] {processor.py:163} INFO - Started process (PID=925) to work on /home/airflow/.local/lib/python3.8/site-packages/airflow/example_dags/tutorial_taskflow_api_etl_virtualenv.py
[2023-11-04 14:20:32,738] {processor.py:642} INFO - Processing file /home/airflow/.local/lib/python3.8/site-packages/airflow/example_dags/tutorial_taskflow_api_etl_virtualenv.py for tasks to queue
[2023-11-04 14:20:32,740] {logging_mixin.py:109} INFO - [2023-11-04 14:20:32,740] {dagbag.py:500} INFO - Filling up the DagBag from /home/airflow/.local/lib/python3.8/site-packages/airflow/example_dags/tutorial_taskflow_api_etl_virtualenv.py
[2023-11-04 14:20:32,794] {processor.py:654} INFO - DAG(s) dict_keys(['tutorial_taskflow_api_etl_virtualenv']) retrieved from /home/airflow/.local/lib/python3.8/site-packages/airflow/example_dags/tutorial_taskflow_api_etl_virtualenv.py
[2023-11-04 14:20:33,077] {logging_mixin.py:109} INFO - [2023-11-04 14:20:33,077] {dag.py:2398} INFO - Sync 1 DAGs
[2023-11-04 14:20:33,095] {logging_mixin.py:109} INFO - [2023-11-04 14:20:33,095] {dag.py:2937} INFO - Setting next_dagrun for tutorial_taskflow_api_etl_virtualenv to None
[2023-11-04 14:20:33,109] {processor.py:171} INFO - Processing /home/airflow/.local/lib/python3.8/site-packages/airflow/example_dags/tutorial_taskflow_api_etl_virtualenv.py took 0.379 seconds
[2023-11-04 14:21:03,406] {processor.py:163} INFO - Started process (PID=982) to work on /home/airflow/.local/lib/python3.8/site-packages/airflow/example_dags/tutorial_taskflow_api_etl_virtualenv.py
[2023-11-04 14:21:03,409] {processor.py:642} INFO - Processing file /home/airflow/.local/lib/python3.8/site-packages/airflow/example_dags/tutorial_taskflow_api_etl_virtualenv.py for tasks to queue
[2023-11-04 14:21:03,411] {logging_mixin.py:109} INFO - [2023-11-04 14:21:03,411] {dagbag.py:500} INFO - Filling up the DagBag from /home/airflow/.local/lib/python3.8/site-packages/airflow/example_dags/tutorial_taskflow_api_etl_virtualenv.py
[2023-11-04 14:21:03,463] {processor.py:654} INFO - DAG(s) dict_keys(['tutorial_taskflow_api_etl_virtualenv']) retrieved from /home/airflow/.local/lib/python3.8/site-packages/airflow/example_dags/tutorial_taskflow_api_etl_virtualenv.py
[2023-11-04 14:21:03,727] {logging_mixin.py:109} INFO - [2023-11-04 14:21:03,726] {dag.py:2398} INFO - Sync 1 DAGs
[2023-11-04 14:21:03,745] {logging_mixin.py:109} INFO - [2023-11-04 14:21:03,745] {dag.py:2937} INFO - Setting next_dagrun for tutorial_taskflow_api_etl_virtualenv to None
[2023-11-04 14:21:03,760] {processor.py:171} INFO - Processing /home/airflow/.local/lib/python3.8/site-packages/airflow/example_dags/tutorial_taskflow_api_etl_virtualenv.py took 0.360 seconds
[2023-11-04 14:21:34,703] {processor.py:163} INFO - Started process (PID=1033) to work on /home/airflow/.local/lib/python3.8/site-packages/airflow/example_dags/tutorial_taskflow_api_etl_virtualenv.py
[2023-11-04 14:21:34,706] {processor.py:642} INFO - Processing file /home/airflow/.local/lib/python3.8/site-packages/airflow/example_dags/tutorial_taskflow_api_etl_virtualenv.py for tasks to queue
[2023-11-04 14:21:34,707] {logging_mixin.py:109} INFO - [2023-11-04 14:21:34,707] {dagbag.py:500} INFO - Filling up the DagBag from /home/airflow/.local/lib/python3.8/site-packages/airflow/example_dags/tutorial_taskflow_api_etl_virtualenv.py
[2023-11-04 14:21:34,755] {processor.py:654} INFO - DAG(s) dict_keys(['tutorial_taskflow_api_etl_virtualenv']) retrieved from /home/airflow/.local/lib/python3.8/site-packages/airflow/example_dags/tutorial_taskflow_api_etl_virtualenv.py
[2023-11-04 14:21:35,012] {logging_mixin.py:109} INFO - [2023-11-04 14:21:35,012] {dag.py:2398} INFO - Sync 1 DAGs
[2023-11-04 14:21:35,029] {logging_mixin.py:109} INFO - [2023-11-04 14:21:35,029] {dag.py:2937} INFO - Setting next_dagrun for tutorial_taskflow_api_etl_virtualenv to None
[2023-11-04 14:21:35,041] {processor.py:171} INFO - Processing /home/airflow/.local/lib/python3.8/site-packages/airflow/example_dags/tutorial_taskflow_api_etl_virtualenv.py took 0.343 seconds
[2023-11-04 14:22:05,997] {processor.py:163} INFO - Started process (PID=1090) to work on /home/airflow/.local/lib/python3.8/site-packages/airflow/example_dags/tutorial_taskflow_api_etl_virtualenv.py
[2023-11-04 14:22:05,999] {processor.py:642} INFO - Processing file /home/airflow/.local/lib/python3.8/site-packages/airflow/example_dags/tutorial_taskflow_api_etl_virtualenv.py for tasks to queue
[2023-11-04 14:22:06,001] {logging_mixin.py:109} INFO - [2023-11-04 14:22:06,000] {dagbag.py:500} INFO - Filling up the DagBag from /home/airflow/.local/lib/python3.8/site-packages/airflow/example_dags/tutorial_taskflow_api_etl_virtualenv.py
[2023-11-04 14:22:06,052] {processor.py:654} INFO - DAG(s) dict_keys(['tutorial_taskflow_api_etl_virtualenv']) retrieved from /home/airflow/.local/lib/python3.8/site-packages/airflow/example_dags/tutorial_taskflow_api_etl_virtualenv.py
[2023-11-04 14:22:06,330] {logging_mixin.py:109} INFO - [2023-11-04 14:22:06,330] {dag.py:2398} INFO - Sync 1 DAGs
[2023-11-04 14:22:06,348] {logging_mixin.py:109} INFO - [2023-11-04 14:22:06,348] {dag.py:2937} INFO - Setting next_dagrun for tutorial_taskflow_api_etl_virtualenv to None
[2023-11-04 14:22:06,363] {processor.py:171} INFO - Processing /home/airflow/.local/lib/python3.8/site-packages/airflow/example_dags/tutorial_taskflow_api_etl_virtualenv.py took 0.372 seconds
[2023-11-04 14:22:37,273] {processor.py:163} INFO - Started process (PID=1140) to work on /home/airflow/.local/lib/python3.8/site-packages/airflow/example_dags/tutorial_taskflow_api_etl_virtualenv.py
[2023-11-04 14:22:37,276] {processor.py:642} INFO - Processing file /home/airflow/.local/lib/python3.8/site-packages/airflow/example_dags/tutorial_taskflow_api_etl_virtualenv.py for tasks to queue
[2023-11-04 14:22:37,277] {logging_mixin.py:109} INFO - [2023-11-04 14:22:37,277] {dagbag.py:500} INFO - Filling up the DagBag from /home/airflow/.local/lib/python3.8/site-packages/airflow/example_dags/tutorial_taskflow_api_etl_virtualenv.py
[2023-11-04 14:22:37,328] {processor.py:654} INFO - DAG(s) dict_keys(['tutorial_taskflow_api_etl_virtualenv']) retrieved from /home/airflow/.local/lib/python3.8/site-packages/airflow/example_dags/tutorial_taskflow_api_etl_virtualenv.py
[2023-11-04 14:22:37,594] {logging_mixin.py:109} INFO - [2023-11-04 14:22:37,594] {dag.py:2398} INFO - Sync 1 DAGs
[2023-11-04 14:22:37,612] {logging_mixin.py:109} INFO - [2023-11-04 14:22:37,612] {dag.py:2937} INFO - Setting next_dagrun for tutorial_taskflow_api_etl_virtualenv to None
[2023-11-04 14:22:37,625] {processor.py:171} INFO - Processing /home/airflow/.local/lib/python3.8/site-packages/airflow/example_dags/tutorial_taskflow_api_etl_virtualenv.py took 0.357 seconds
[2023-11-04 14:23:08,435] {processor.py:163} INFO - Started process (PID=1189) to work on /home/airflow/.local/lib/python3.8/site-packages/airflow/example_dags/tutorial_taskflow_api_etl_virtualenv.py
[2023-11-04 14:23:08,437] {processor.py:642} INFO - Processing file /home/airflow/.local/lib/python3.8/site-packages/airflow/example_dags/tutorial_taskflow_api_etl_virtualenv.py for tasks to queue
[2023-11-04 14:23:08,438] {logging_mixin.py:109} INFO - [2023-11-04 14:23:08,438] {dagbag.py:500} INFO - Filling up the DagBag from /home/airflow/.local/lib/python3.8/site-packages/airflow/example_dags/tutorial_taskflow_api_etl_virtualenv.py
[2023-11-04 14:23:08,489] {processor.py:654} INFO - DAG(s) dict_keys(['tutorial_taskflow_api_etl_virtualenv']) retrieved from /home/airflow/.local/lib/python3.8/site-packages/airflow/example_dags/tutorial_taskflow_api_etl_virtualenv.py
[2023-11-04 14:23:08,767] {logging_mixin.py:109} INFO - [2023-11-04 14:23:08,767] {dag.py:2398} INFO - Sync 1 DAGs
[2023-11-04 14:23:08,796] {logging_mixin.py:109} INFO - [2023-11-04 14:23:08,796] {dag.py:2937} INFO - Setting next_dagrun for tutorial_taskflow_api_etl_virtualenv to None
[2023-11-04 14:23:08,835] {processor.py:171} INFO - Processing /home/airflow/.local/lib/python3.8/site-packages/airflow/example_dags/tutorial_taskflow_api_etl_virtualenv.py took 0.405 seconds
[2023-11-04 14:23:39,053] {processor.py:163} INFO - Started process (PID=1246) to work on /home/airflow/.local/lib/python3.8/site-packages/airflow/example_dags/tutorial_taskflow_api_etl_virtualenv.py
[2023-11-04 14:23:39,055] {processor.py:642} INFO - Processing file /home/airflow/.local/lib/python3.8/site-packages/airflow/example_dags/tutorial_taskflow_api_etl_virtualenv.py for tasks to queue
[2023-11-04 14:23:39,056] {logging_mixin.py:109} INFO - [2023-11-04 14:23:39,056] {dagbag.py:500} INFO - Filling up the DagBag from /home/airflow/.local/lib/python3.8/site-packages/airflow/example_dags/tutorial_taskflow_api_etl_virtualenv.py
[2023-11-04 14:23:39,105] {processor.py:654} INFO - DAG(s) dict_keys(['tutorial_taskflow_api_etl_virtualenv']) retrieved from /home/airflow/.local/lib/python3.8/site-packages/airflow/example_dags/tutorial_taskflow_api_etl_virtualenv.py
[2023-11-04 14:23:39,385] {logging_mixin.py:109} INFO - [2023-11-04 14:23:39,385] {dag.py:2398} INFO - Sync 1 DAGs
[2023-11-04 14:23:39,403] {logging_mixin.py:109} INFO - [2023-11-04 14:23:39,403] {dag.py:2937} INFO - Setting next_dagrun for tutorial_taskflow_api_etl_virtualenv to None
[2023-11-04 14:23:39,418] {processor.py:171} INFO - Processing /home/airflow/.local/lib/python3.8/site-packages/airflow/example_dags/tutorial_taskflow_api_etl_virtualenv.py took 0.371 seconds
[2023-11-04 14:24:09,963] {processor.py:163} INFO - Started process (PID=1295) to work on /home/airflow/.local/lib/python3.8/site-packages/airflow/example_dags/tutorial_taskflow_api_etl_virtualenv.py
[2023-11-04 14:24:09,965] {processor.py:642} INFO - Processing file /home/airflow/.local/lib/python3.8/site-packages/airflow/example_dags/tutorial_taskflow_api_etl_virtualenv.py for tasks to queue
[2023-11-04 14:24:09,967] {logging_mixin.py:109} INFO - [2023-11-04 14:24:09,967] {dagbag.py:500} INFO - Filling up the DagBag from /home/airflow/.local/lib/python3.8/site-packages/airflow/example_dags/tutorial_taskflow_api_etl_virtualenv.py
[2023-11-04 14:24:10,016] {processor.py:654} INFO - DAG(s) dict_keys(['tutorial_taskflow_api_etl_virtualenv']) retrieved from /home/airflow/.local/lib/python3.8/site-packages/airflow/example_dags/tutorial_taskflow_api_etl_virtualenv.py
[2023-11-04 14:24:10,280] {logging_mixin.py:109} INFO - [2023-11-04 14:24:10,280] {dag.py:2398} INFO - Sync 1 DAGs
[2023-11-04 14:24:10,297] {logging_mixin.py:109} INFO - [2023-11-04 14:24:10,297] {dag.py:2937} INFO - Setting next_dagrun for tutorial_taskflow_api_etl_virtualenv to None
[2023-11-04 14:24:10,311] {processor.py:171} INFO - Processing /home/airflow/.local/lib/python3.8/site-packages/airflow/example_dags/tutorial_taskflow_api_etl_virtualenv.py took 0.354 seconds
[2023-11-04 14:24:40,862] {processor.py:163} INFO - Started process (PID=1352) to work on /home/airflow/.local/lib/python3.8/site-packages/airflow/example_dags/tutorial_taskflow_api_etl_virtualenv.py
[2023-11-04 14:24:40,865] {processor.py:642} INFO - Processing file /home/airflow/.local/lib/python3.8/site-packages/airflow/example_dags/tutorial_taskflow_api_etl_virtualenv.py for tasks to queue
[2023-11-04 14:24:40,867] {logging_mixin.py:109} INFO - [2023-11-04 14:24:40,867] {dagbag.py:500} INFO - Filling up the DagBag from /home/airflow/.local/lib/python3.8/site-packages/airflow/example_dags/tutorial_taskflow_api_etl_virtualenv.py
[2023-11-04 14:24:40,916] {processor.py:654} INFO - DAG(s) dict_keys(['tutorial_taskflow_api_etl_virtualenv']) retrieved from /home/airflow/.local/lib/python3.8/site-packages/airflow/example_dags/tutorial_taskflow_api_etl_virtualenv.py
[2023-11-04 14:24:41,211] {logging_mixin.py:109} INFO - [2023-11-04 14:24:41,210] {dag.py:2398} INFO - Sync 1 DAGs
[2023-11-04 14:24:41,228] {logging_mixin.py:109} INFO - [2023-11-04 14:24:41,228] {dag.py:2937} INFO - Setting next_dagrun for tutorial_taskflow_api_etl_virtualenv to None
[2023-11-04 14:24:41,241] {processor.py:171} INFO - Processing /home/airflow/.local/lib/python3.8/site-packages/airflow/example_dags/tutorial_taskflow_api_etl_virtualenv.py took 0.385 seconds
[2023-11-04 14:25:12,146] {processor.py:163} INFO - Started process (PID=1401) to work on /home/airflow/.local/lib/python3.8/site-packages/airflow/example_dags/tutorial_taskflow_api_etl_virtualenv.py
[2023-11-04 14:25:12,148] {processor.py:642} INFO - Processing file /home/airflow/.local/lib/python3.8/site-packages/airflow/example_dags/tutorial_taskflow_api_etl_virtualenv.py for tasks to queue
[2023-11-04 14:25:12,150] {logging_mixin.py:109} INFO - [2023-11-04 14:25:12,150] {dagbag.py:500} INFO - Filling up the DagBag from /home/airflow/.local/lib/python3.8/site-packages/airflow/example_dags/tutorial_taskflow_api_etl_virtualenv.py
[2023-11-04 14:25:12,201] {processor.py:654} INFO - DAG(s) dict_keys(['tutorial_taskflow_api_etl_virtualenv']) retrieved from /home/airflow/.local/lib/python3.8/site-packages/airflow/example_dags/tutorial_taskflow_api_etl_virtualenv.py
[2023-11-04 14:25:12,455] {logging_mixin.py:109} INFO - [2023-11-04 14:25:12,454] {dag.py:2398} INFO - Sync 1 DAGs
[2023-11-04 14:25:12,473] {logging_mixin.py:109} INFO - [2023-11-04 14:25:12,473] {dag.py:2937} INFO - Setting next_dagrun for tutorial_taskflow_api_etl_virtualenv to None
[2023-11-04 14:25:12,488] {processor.py:171} INFO - Processing /home/airflow/.local/lib/python3.8/site-packages/airflow/example_dags/tutorial_taskflow_api_etl_virtualenv.py took 0.348 seconds
[2023-11-04 14:25:42,595] {processor.py:163} INFO - Started process (PID=1458) to work on /home/airflow/.local/lib/python3.8/site-packages/airflow/example_dags/tutorial_taskflow_api_etl_virtualenv.py
[2023-11-04 14:25:42,598] {processor.py:642} INFO - Processing file /home/airflow/.local/lib/python3.8/site-packages/airflow/example_dags/tutorial_taskflow_api_etl_virtualenv.py for tasks to queue
[2023-11-04 14:25:42,600] {logging_mixin.py:109} INFO - [2023-11-04 14:25:42,600] {dagbag.py:500} INFO - Filling up the DagBag from /home/airflow/.local/lib/python3.8/site-packages/airflow/example_dags/tutorial_taskflow_api_etl_virtualenv.py
[2023-11-04 14:25:42,661] {processor.py:654} INFO - DAG(s) dict_keys(['tutorial_taskflow_api_etl_virtualenv']) retrieved from /home/airflow/.local/lib/python3.8/site-packages/airflow/example_dags/tutorial_taskflow_api_etl_virtualenv.py
[2023-11-04 14:25:42,941] {logging_mixin.py:109} INFO - [2023-11-04 14:25:42,941] {dag.py:2398} INFO - Sync 1 DAGs
[2023-11-04 14:25:42,960] {logging_mixin.py:109} INFO - [2023-11-04 14:25:42,959] {dag.py:2937} INFO - Setting next_dagrun for tutorial_taskflow_api_etl_virtualenv to None
[2023-11-04 14:25:42,974] {processor.py:171} INFO - Processing /home/airflow/.local/lib/python3.8/site-packages/airflow/example_dags/tutorial_taskflow_api_etl_virtualenv.py took 0.385 seconds
[2023-11-04 14:26:13,695] {processor.py:163} INFO - Started process (PID=1507) to work on /home/airflow/.local/lib/python3.8/site-packages/airflow/example_dags/tutorial_taskflow_api_etl_virtualenv.py
[2023-11-04 14:26:13,698] {processor.py:642} INFO - Processing file /home/airflow/.local/lib/python3.8/site-packages/airflow/example_dags/tutorial_taskflow_api_etl_virtualenv.py for tasks to queue
[2023-11-04 14:26:13,701] {logging_mixin.py:109} INFO - [2023-11-04 14:26:13,700] {dagbag.py:500} INFO - Filling up the DagBag from /home/airflow/.local/lib/python3.8/site-packages/airflow/example_dags/tutorial_taskflow_api_etl_virtualenv.py
[2023-11-04 14:26:13,750] {processor.py:654} INFO - DAG(s) dict_keys(['tutorial_taskflow_api_etl_virtualenv']) retrieved from /home/airflow/.local/lib/python3.8/site-packages/airflow/example_dags/tutorial_taskflow_api_etl_virtualenv.py
[2023-11-04 14:26:14,005] {logging_mixin.py:109} INFO - [2023-11-04 14:26:14,005] {dag.py:2398} INFO - Sync 1 DAGs
[2023-11-04 14:26:14,022] {logging_mixin.py:109} INFO - [2023-11-04 14:26:14,022] {dag.py:2937} INFO - Setting next_dagrun for tutorial_taskflow_api_etl_virtualenv to None
[2023-11-04 14:26:14,038] {processor.py:171} INFO - Processing /home/airflow/.local/lib/python3.8/site-packages/airflow/example_dags/tutorial_taskflow_api_etl_virtualenv.py took 0.348 seconds
[2023-11-04 14:28:07,736] {processor.py:163} INFO - Started process (PID=42) to work on /home/airflow/.local/lib/python3.8/site-packages/airflow/example_dags/tutorial_taskflow_api_etl_virtualenv.py
[2023-11-04 14:28:07,740] {processor.py:642} INFO - Processing file /home/airflow/.local/lib/python3.8/site-packages/airflow/example_dags/tutorial_taskflow_api_etl_virtualenv.py for tasks to queue
[2023-11-04 14:28:07,742] {logging_mixin.py:109} INFO - [2023-11-04 14:28:07,742] {dagbag.py:500} INFO - Filling up the DagBag from /home/airflow/.local/lib/python3.8/site-packages/airflow/example_dags/tutorial_taskflow_api_etl_virtualenv.py
[2023-11-04 14:28:07,853] {processor.py:654} INFO - DAG(s) dict_keys(['tutorial_taskflow_api_etl_virtualenv']) retrieved from /home/airflow/.local/lib/python3.8/site-packages/airflow/example_dags/tutorial_taskflow_api_etl_virtualenv.py
[2023-11-04 14:28:08,566] {logging_mixin.py:109} INFO - [2023-11-04 14:28:08,566] {dag.py:2398} INFO - Sync 1 DAGs
[2023-11-04 14:28:08,587] {logging_mixin.py:109} INFO - [2023-11-04 14:28:08,587] {dag.py:2937} INFO - Setting next_dagrun for tutorial_taskflow_api_etl_virtualenv to None
[2023-11-04 14:28:08,611] {processor.py:171} INFO - Processing /home/airflow/.local/lib/python3.8/site-packages/airflow/example_dags/tutorial_taskflow_api_etl_virtualenv.py took 0.880 seconds
[2023-11-04 14:28:39,225] {processor.py:163} INFO - Started process (PID=92) to work on /home/airflow/.local/lib/python3.8/site-packages/airflow/example_dags/tutorial_taskflow_api_etl_virtualenv.py
[2023-11-04 14:28:39,228] {processor.py:642} INFO - Processing file /home/airflow/.local/lib/python3.8/site-packages/airflow/example_dags/tutorial_taskflow_api_etl_virtualenv.py for tasks to queue
[2023-11-04 14:28:39,229] {logging_mixin.py:109} INFO - [2023-11-04 14:28:39,229] {dagbag.py:500} INFO - Filling up the DagBag from /home/airflow/.local/lib/python3.8/site-packages/airflow/example_dags/tutorial_taskflow_api_etl_virtualenv.py
[2023-11-04 14:28:39,281] {processor.py:654} INFO - DAG(s) dict_keys(['tutorial_taskflow_api_etl_virtualenv']) retrieved from /home/airflow/.local/lib/python3.8/site-packages/airflow/example_dags/tutorial_taskflow_api_etl_virtualenv.py
[2023-11-04 14:28:39,532] {logging_mixin.py:109} INFO - [2023-11-04 14:28:39,532] {dag.py:2398} INFO - Sync 1 DAGs
[2023-11-04 14:28:39,552] {logging_mixin.py:109} INFO - [2023-11-04 14:28:39,552] {dag.py:2937} INFO - Setting next_dagrun for tutorial_taskflow_api_etl_virtualenv to None
[2023-11-04 14:28:39,565] {processor.py:171} INFO - Processing /home/airflow/.local/lib/python3.8/site-packages/airflow/example_dags/tutorial_taskflow_api_etl_virtualenv.py took 0.345 seconds
[2023-11-04 14:29:09,764] {processor.py:163} INFO - Started process (PID=149) to work on /home/airflow/.local/lib/python3.8/site-packages/airflow/example_dags/tutorial_taskflow_api_etl_virtualenv.py
[2023-11-04 14:29:09,767] {processor.py:642} INFO - Processing file /home/airflow/.local/lib/python3.8/site-packages/airflow/example_dags/tutorial_taskflow_api_etl_virtualenv.py for tasks to queue
[2023-11-04 14:29:09,768] {logging_mixin.py:109} INFO - [2023-11-04 14:29:09,768] {dagbag.py:500} INFO - Filling up the DagBag from /home/airflow/.local/lib/python3.8/site-packages/airflow/example_dags/tutorial_taskflow_api_etl_virtualenv.py
[2023-11-04 14:29:09,830] {processor.py:654} INFO - DAG(s) dict_keys(['tutorial_taskflow_api_etl_virtualenv']) retrieved from /home/airflow/.local/lib/python3.8/site-packages/airflow/example_dags/tutorial_taskflow_api_etl_virtualenv.py
[2023-11-04 14:29:10,117] {logging_mixin.py:109} INFO - [2023-11-04 14:29:10,117] {dag.py:2398} INFO - Sync 1 DAGs
[2023-11-04 14:29:10,142] {logging_mixin.py:109} INFO - [2023-11-04 14:29:10,142] {dag.py:2937} INFO - Setting next_dagrun for tutorial_taskflow_api_etl_virtualenv to None
[2023-11-04 14:29:10,171] {processor.py:171} INFO - Processing /home/airflow/.local/lib/python3.8/site-packages/airflow/example_dags/tutorial_taskflow_api_etl_virtualenv.py took 0.411 seconds
[2023-11-04 14:29:40,303] {processor.py:163} INFO - Started process (PID=198) to work on /home/airflow/.local/lib/python3.8/site-packages/airflow/example_dags/tutorial_taskflow_api_etl_virtualenv.py
[2023-11-04 14:29:40,306] {processor.py:642} INFO - Processing file /home/airflow/.local/lib/python3.8/site-packages/airflow/example_dags/tutorial_taskflow_api_etl_virtualenv.py for tasks to queue
[2023-11-04 14:29:40,308] {logging_mixin.py:109} INFO - [2023-11-04 14:29:40,308] {dagbag.py:500} INFO - Filling up the DagBag from /home/airflow/.local/lib/python3.8/site-packages/airflow/example_dags/tutorial_taskflow_api_etl_virtualenv.py
[2023-11-04 14:29:40,357] {processor.py:654} INFO - DAG(s) dict_keys(['tutorial_taskflow_api_etl_virtualenv']) retrieved from /home/airflow/.local/lib/python3.8/site-packages/airflow/example_dags/tutorial_taskflow_api_etl_virtualenv.py
[2023-11-04 14:29:40,617] {logging_mixin.py:109} INFO - [2023-11-04 14:29:40,617] {dag.py:2398} INFO - Sync 1 DAGs
[2023-11-04 14:29:40,641] {logging_mixin.py:109} INFO - [2023-11-04 14:29:40,641] {dag.py:2937} INFO - Setting next_dagrun for tutorial_taskflow_api_etl_virtualenv to None
[2023-11-04 14:29:40,661] {processor.py:171} INFO - Processing /home/airflow/.local/lib/python3.8/site-packages/airflow/example_dags/tutorial_taskflow_api_etl_virtualenv.py took 0.363 seconds
[2023-11-04 14:30:10,987] {processor.py:163} INFO - Started process (PID=247) to work on /home/airflow/.local/lib/python3.8/site-packages/airflow/example_dags/tutorial_taskflow_api_etl_virtualenv.py
[2023-11-04 14:30:10,990] {processor.py:642} INFO - Processing file /home/airflow/.local/lib/python3.8/site-packages/airflow/example_dags/tutorial_taskflow_api_etl_virtualenv.py for tasks to queue
[2023-11-04 14:30:10,992] {logging_mixin.py:109} INFO - [2023-11-04 14:30:10,991] {dagbag.py:500} INFO - Filling up the DagBag from /home/airflow/.local/lib/python3.8/site-packages/airflow/example_dags/tutorial_taskflow_api_etl_virtualenv.py
[2023-11-04 14:30:11,064] {processor.py:654} INFO - DAG(s) dict_keys(['tutorial_taskflow_api_etl_virtualenv']) retrieved from /home/airflow/.local/lib/python3.8/site-packages/airflow/example_dags/tutorial_taskflow_api_etl_virtualenv.py
[2023-11-04 14:30:11,352] {logging_mixin.py:109} INFO - [2023-11-04 14:30:11,352] {dag.py:2398} INFO - Sync 1 DAGs
[2023-11-04 14:30:11,382] {logging_mixin.py:109} INFO - [2023-11-04 14:30:11,382] {dag.py:2937} INFO - Setting next_dagrun for tutorial_taskflow_api_etl_virtualenv to None
[2023-11-04 14:30:11,410] {processor.py:171} INFO - Processing /home/airflow/.local/lib/python3.8/site-packages/airflow/example_dags/tutorial_taskflow_api_etl_virtualenv.py took 0.429 seconds
[2023-11-04 14:30:42,316] {processor.py:163} INFO - Started process (PID=303) to work on /home/airflow/.local/lib/python3.8/site-packages/airflow/example_dags/tutorial_taskflow_api_etl_virtualenv.py
[2023-11-04 14:30:42,319] {processor.py:642} INFO - Processing file /home/airflow/.local/lib/python3.8/site-packages/airflow/example_dags/tutorial_taskflow_api_etl_virtualenv.py for tasks to queue
[2023-11-04 14:30:42,320] {logging_mixin.py:109} INFO - [2023-11-04 14:30:42,320] {dagbag.py:500} INFO - Filling up the DagBag from /home/airflow/.local/lib/python3.8/site-packages/airflow/example_dags/tutorial_taskflow_api_etl_virtualenv.py
[2023-11-04 14:30:42,420] {processor.py:654} INFO - DAG(s) dict_keys(['tutorial_taskflow_api_etl_virtualenv']) retrieved from /home/airflow/.local/lib/python3.8/site-packages/airflow/example_dags/tutorial_taskflow_api_etl_virtualenv.py
[2023-11-04 14:30:42,700] {logging_mixin.py:109} INFO - [2023-11-04 14:30:42,700] {dag.py:2398} INFO - Sync 1 DAGs
[2023-11-04 14:30:42,719] {logging_mixin.py:109} INFO - [2023-11-04 14:30:42,719] {dag.py:2937} INFO - Setting next_dagrun for tutorial_taskflow_api_etl_virtualenv to None
[2023-11-04 14:30:42,734] {processor.py:171} INFO - Processing /home/airflow/.local/lib/python3.8/site-packages/airflow/example_dags/tutorial_taskflow_api_etl_virtualenv.py took 0.424 seconds
