[2023-11-04 13:41:51,286] {processor.py:163} INFO - Started process (PID=276) to work on /home/airflow/.local/lib/python3.8/site-packages/airflow/example_dags/tutorial_taskflow_api_etl.py
[2023-11-04 13:41:51,289] {processor.py:642} INFO - Processing file /home/airflow/.local/lib/python3.8/site-packages/airflow/example_dags/tutorial_taskflow_api_etl.py for tasks to queue
[2023-11-04 13:41:51,290] {logging_mixin.py:109} INFO - [2023-11-04 13:41:51,290] {dagbag.py:500} INFO - Filling up the DagBag from /home/airflow/.local/lib/python3.8/site-packages/airflow/example_dags/tutorial_taskflow_api_etl.py
[2023-11-04 13:41:51,349] {processor.py:654} INFO - DAG(s) dict_keys(['tutorial_taskflow_api_etl']) retrieved from /home/airflow/.local/lib/python3.8/site-packages/airflow/example_dags/tutorial_taskflow_api_etl.py
[2023-11-04 13:41:53,268] {logging_mixin.py:109} INFO - [2023-11-04 13:41:53,267] {providers_manager.py:154} WARNING - Exception when importing 'airflow.providers.google.common.hooks.base_google.GoogleBaseHook' from 'apache-airflow-providers-google' package: module 'pyparsing' has no attribute 'downcaseTokens'
[2023-11-04 13:41:53,275] {logging_mixin.py:109} INFO - [2023-11-04 13:41:53,275] {providers_manager.py:154} WARNING - Exception when importing 'airflow.providers.google.cloud.hooks.cloud_sql.CloudSQLHook' from 'apache-airflow-providers-google' package: module 'pyparsing' has no attribute 'downcaseTokens'
[2023-11-04 13:41:53,281] {logging_mixin.py:109} INFO - [2023-11-04 13:41:53,280] {providers_manager.py:154} WARNING - Exception when importing 'airflow.providers.google.cloud.hooks.cloud_sql.CloudSQLDatabaseHook' from 'apache-airflow-providers-google' package: module 'pyparsing' has no attribute 'downcaseTokens'
[2023-11-04 13:41:53,468] {logging_mixin.py:109} INFO - [2023-11-04 13:41:53,468] {providers_manager.py:154} WARNING - Exception when importing 'airflow.providers.google.cloud.hooks.bigquery.BigQueryHook' from 'apache-airflow-providers-google' package: module 'pyparsing' has no attribute 'downcaseTokens'
[2023-11-04 13:41:53,473] {logging_mixin.py:109} INFO - [2023-11-04 13:41:53,473] {providers_manager.py:154} WARNING - Exception when importing 'airflow.providers.google.cloud.hooks.compute_ssh.ComputeEngineSSHHook' from 'apache-airflow-providers-google' package: module 'pyparsing' has no attribute 'downcaseTokens'
[2023-11-04 13:41:54,096] {logging_mixin.py:109} INFO - [2023-11-04 13:41:54,096] {providers_manager.py:154} WARNING - Exception when importing 'airflow.providers.google.common.hooks.base_google.GoogleBaseHook' from 'apache-airflow-providers-google' package: module 'pyparsing' has no attribute 'downcaseTokens'
[2023-11-04 13:41:54,102] {logging_mixin.py:109} INFO - [2023-11-04 13:41:54,102] {providers_manager.py:154} WARNING - Exception when importing 'airflow.providers.google.cloud.hooks.cloud_sql.CloudSQLHook' from 'apache-airflow-providers-google' package: module 'pyparsing' has no attribute 'downcaseTokens'
[2023-11-04 13:41:54,107] {logging_mixin.py:109} INFO - [2023-11-04 13:41:54,106] {providers_manager.py:154} WARNING - Exception when importing 'airflow.providers.google.cloud.hooks.cloud_sql.CloudSQLDatabaseHook' from 'apache-airflow-providers-google' package: module 'pyparsing' has no attribute 'downcaseTokens'
[2023-11-04 13:41:54,113] {logging_mixin.py:109} INFO - [2023-11-04 13:41:54,112] {providers_manager.py:154} WARNING - Exception when importing 'airflow.providers.google.cloud.hooks.bigquery.BigQueryHook' from 'apache-airflow-providers-google' package: module 'pyparsing' has no attribute 'downcaseTokens'
[2023-11-04 13:41:54,118] {logging_mixin.py:109} INFO - [2023-11-04 13:41:54,118] {providers_manager.py:154} WARNING - Exception when importing 'airflow.providers.google.cloud.hooks.compute_ssh.ComputeEngineSSHHook' from 'apache-airflow-providers-google' package: module 'pyparsing' has no attribute 'downcaseTokens'
[2023-11-04 13:41:54,151] {logging_mixin.py:109} INFO - [2023-11-04 13:41:54,151] {manager.py:496} INFO - Created Permission View: can read on DAG:tutorial_taskflow_api_etl
[2023-11-04 13:41:54,164] {logging_mixin.py:109} INFO - [2023-11-04 13:41:54,164] {manager.py:496} INFO - Created Permission View: can edit on DAG:tutorial_taskflow_api_etl
[2023-11-04 13:41:54,165] {logging_mixin.py:109} INFO - [2023-11-04 13:41:54,165] {dag.py:2398} INFO - Sync 1 DAGs
[2023-11-04 13:41:54,174] {logging_mixin.py:109} INFO - [2023-11-04 13:41:54,174] {dag.py:2417} INFO - Creating ORM DAG for tutorial_taskflow_api_etl
[2023-11-04 13:41:54,184] {logging_mixin.py:109} INFO - [2023-11-04 13:41:54,184] {dag.py:2937} INFO - Setting next_dagrun for tutorial_taskflow_api_etl to None
[2023-11-04 13:41:54,198] {processor.py:171} INFO - Processing /home/airflow/.local/lib/python3.8/site-packages/airflow/example_dags/tutorial_taskflow_api_etl.py took 2.917 seconds
[2023-11-04 13:42:24,420] {processor.py:163} INFO - Started process (PID=352) to work on /home/airflow/.local/lib/python3.8/site-packages/airflow/example_dags/tutorial_taskflow_api_etl.py
[2023-11-04 13:42:24,424] {processor.py:642} INFO - Processing file /home/airflow/.local/lib/python3.8/site-packages/airflow/example_dags/tutorial_taskflow_api_etl.py for tasks to queue
[2023-11-04 13:42:24,427] {logging_mixin.py:109} INFO - [2023-11-04 13:42:24,426] {dagbag.py:500} INFO - Filling up the DagBag from /home/airflow/.local/lib/python3.8/site-packages/airflow/example_dags/tutorial_taskflow_api_etl.py
[2023-11-04 13:42:24,494] {processor.py:654} INFO - DAG(s) dict_keys(['tutorial_taskflow_api_etl']) retrieved from /home/airflow/.local/lib/python3.8/site-packages/airflow/example_dags/tutorial_taskflow_api_etl.py
[2023-11-04 13:42:24,830] {logging_mixin.py:109} INFO - [2023-11-04 13:42:24,830] {dag.py:2398} INFO - Sync 1 DAGs
[2023-11-04 13:42:24,854] {logging_mixin.py:109} INFO - [2023-11-04 13:42:24,854] {dag.py:2937} INFO - Setting next_dagrun for tutorial_taskflow_api_etl to None
[2023-11-04 13:42:24,870] {processor.py:171} INFO - Processing /home/airflow/.local/lib/python3.8/site-packages/airflow/example_dags/tutorial_taskflow_api_etl.py took 0.455 seconds
[2023-11-04 13:42:55,657] {processor.py:163} INFO - Started process (PID=404) to work on /home/airflow/.local/lib/python3.8/site-packages/airflow/example_dags/tutorial_taskflow_api_etl.py
[2023-11-04 13:42:55,660] {processor.py:642} INFO - Processing file /home/airflow/.local/lib/python3.8/site-packages/airflow/example_dags/tutorial_taskflow_api_etl.py for tasks to queue
[2023-11-04 13:42:55,662] {logging_mixin.py:109} INFO - [2023-11-04 13:42:55,661] {dagbag.py:500} INFO - Filling up the DagBag from /home/airflow/.local/lib/python3.8/site-packages/airflow/example_dags/tutorial_taskflow_api_etl.py
[2023-11-04 13:42:55,716] {processor.py:654} INFO - DAG(s) dict_keys(['tutorial_taskflow_api_etl']) retrieved from /home/airflow/.local/lib/python3.8/site-packages/airflow/example_dags/tutorial_taskflow_api_etl.py
[2023-11-04 13:42:56,080] {logging_mixin.py:109} INFO - [2023-11-04 13:42:56,080] {dag.py:2398} INFO - Sync 1 DAGs
[2023-11-04 13:42:56,101] {logging_mixin.py:109} INFO - [2023-11-04 13:42:56,101] {dag.py:2937} INFO - Setting next_dagrun for tutorial_taskflow_api_etl to None
[2023-11-04 13:42:56,115] {processor.py:171} INFO - Processing /home/airflow/.local/lib/python3.8/site-packages/airflow/example_dags/tutorial_taskflow_api_etl.py took 0.463 seconds
[2023-11-04 13:43:26,660] {processor.py:163} INFO - Started process (PID=453) to work on /home/airflow/.local/lib/python3.8/site-packages/airflow/example_dags/tutorial_taskflow_api_etl.py
[2023-11-04 13:43:26,662] {processor.py:642} INFO - Processing file /home/airflow/.local/lib/python3.8/site-packages/airflow/example_dags/tutorial_taskflow_api_etl.py for tasks to queue
[2023-11-04 13:43:26,663] {logging_mixin.py:109} INFO - [2023-11-04 13:43:26,663] {dagbag.py:500} INFO - Filling up the DagBag from /home/airflow/.local/lib/python3.8/site-packages/airflow/example_dags/tutorial_taskflow_api_etl.py
[2023-11-04 13:43:26,716] {processor.py:654} INFO - DAG(s) dict_keys(['tutorial_taskflow_api_etl']) retrieved from /home/airflow/.local/lib/python3.8/site-packages/airflow/example_dags/tutorial_taskflow_api_etl.py
[2023-11-04 13:43:27,010] {logging_mixin.py:109} INFO - [2023-11-04 13:43:27,010] {dag.py:2398} INFO - Sync 1 DAGs
[2023-11-04 13:43:27,040] {logging_mixin.py:109} INFO - [2023-11-04 13:43:27,040] {dag.py:2937} INFO - Setting next_dagrun for tutorial_taskflow_api_etl to None
[2023-11-04 13:43:27,054] {processor.py:171} INFO - Processing /home/airflow/.local/lib/python3.8/site-packages/airflow/example_dags/tutorial_taskflow_api_etl.py took 0.400 seconds
[2023-11-04 13:43:57,926] {processor.py:163} INFO - Started process (PID=510) to work on /home/airflow/.local/lib/python3.8/site-packages/airflow/example_dags/tutorial_taskflow_api_etl.py
[2023-11-04 13:43:57,942] {processor.py:642} INFO - Processing file /home/airflow/.local/lib/python3.8/site-packages/airflow/example_dags/tutorial_taskflow_api_etl.py for tasks to queue
[2023-11-04 13:43:57,944] {logging_mixin.py:109} INFO - [2023-11-04 13:43:57,944] {dagbag.py:500} INFO - Filling up the DagBag from /home/airflow/.local/lib/python3.8/site-packages/airflow/example_dags/tutorial_taskflow_api_etl.py
[2023-11-04 13:43:57,995] {processor.py:654} INFO - DAG(s) dict_keys(['tutorial_taskflow_api_etl']) retrieved from /home/airflow/.local/lib/python3.8/site-packages/airflow/example_dags/tutorial_taskflow_api_etl.py
[2023-11-04 13:43:58,245] {logging_mixin.py:109} INFO - [2023-11-04 13:43:58,245] {dag.py:2398} INFO - Sync 1 DAGs
[2023-11-04 13:43:58,265] {logging_mixin.py:109} INFO - [2023-11-04 13:43:58,265] {dag.py:2937} INFO - Setting next_dagrun for tutorial_taskflow_api_etl to None
[2023-11-04 13:43:58,278] {processor.py:171} INFO - Processing /home/airflow/.local/lib/python3.8/site-packages/airflow/example_dags/tutorial_taskflow_api_etl.py took 0.357 seconds
[2023-11-04 13:59:23,224] {processor.py:163} INFO - Started process (PID=68) to work on /home/airflow/.local/lib/python3.8/site-packages/airflow/example_dags/tutorial_taskflow_api_etl.py
[2023-11-04 13:59:23,227] {processor.py:642} INFO - Processing file /home/airflow/.local/lib/python3.8/site-packages/airflow/example_dags/tutorial_taskflow_api_etl.py for tasks to queue
[2023-11-04 13:59:23,229] {logging_mixin.py:109} INFO - [2023-11-04 13:59:23,229] {dagbag.py:500} INFO - Filling up the DagBag from /home/airflow/.local/lib/python3.8/site-packages/airflow/example_dags/tutorial_taskflow_api_etl.py
[2023-11-04 13:59:23,303] {processor.py:654} INFO - DAG(s) dict_keys(['tutorial_taskflow_api_etl']) retrieved from /home/airflow/.local/lib/python3.8/site-packages/airflow/example_dags/tutorial_taskflow_api_etl.py
[2023-11-04 13:59:23,676] {logging_mixin.py:109} INFO - [2023-11-04 13:59:23,676] {dag.py:2398} INFO - Sync 1 DAGs
[2023-11-04 13:59:23,695] {logging_mixin.py:109} INFO - [2023-11-04 13:59:23,695] {dag.py:2937} INFO - Setting next_dagrun for tutorial_taskflow_api_etl to None
[2023-11-04 13:59:23,709] {processor.py:171} INFO - Processing /home/airflow/.local/lib/python3.8/site-packages/airflow/example_dags/tutorial_taskflow_api_etl.py took 0.490 seconds
[2023-11-04 13:59:54,186] {processor.py:163} INFO - Started process (PID=126) to work on /home/airflow/.local/lib/python3.8/site-packages/airflow/example_dags/tutorial_taskflow_api_etl.py
[2023-11-04 13:59:54,189] {processor.py:642} INFO - Processing file /home/airflow/.local/lib/python3.8/site-packages/airflow/example_dags/tutorial_taskflow_api_etl.py for tasks to queue
[2023-11-04 13:59:54,191] {logging_mixin.py:109} INFO - [2023-11-04 13:59:54,191] {dagbag.py:500} INFO - Filling up the DagBag from /home/airflow/.local/lib/python3.8/site-packages/airflow/example_dags/tutorial_taskflow_api_etl.py
[2023-11-04 13:59:54,316] {processor.py:654} INFO - DAG(s) dict_keys(['tutorial_taskflow_api_etl']) retrieved from /home/airflow/.local/lib/python3.8/site-packages/airflow/example_dags/tutorial_taskflow_api_etl.py
[2023-11-04 13:59:54,723] {logging_mixin.py:109} INFO - [2023-11-04 13:59:54,723] {dag.py:2398} INFO - Sync 1 DAGs
[2023-11-04 13:59:54,745] {logging_mixin.py:109} INFO - [2023-11-04 13:59:54,745] {dag.py:2937} INFO - Setting next_dagrun for tutorial_taskflow_api_etl to None
[2023-11-04 13:59:54,762] {processor.py:171} INFO - Processing /home/airflow/.local/lib/python3.8/site-packages/airflow/example_dags/tutorial_taskflow_api_etl.py took 0.581 seconds
[2023-11-04 14:00:25,467] {processor.py:163} INFO - Started process (PID=192) to work on /home/airflow/.local/lib/python3.8/site-packages/airflow/example_dags/tutorial_taskflow_api_etl.py
[2023-11-04 14:00:25,471] {processor.py:642} INFO - Processing file /home/airflow/.local/lib/python3.8/site-packages/airflow/example_dags/tutorial_taskflow_api_etl.py for tasks to queue
[2023-11-04 14:00:25,472] {logging_mixin.py:109} INFO - [2023-11-04 14:00:25,472] {dagbag.py:500} INFO - Filling up the DagBag from /home/airflow/.local/lib/python3.8/site-packages/airflow/example_dags/tutorial_taskflow_api_etl.py
[2023-11-04 14:00:25,528] {processor.py:654} INFO - DAG(s) dict_keys(['tutorial_taskflow_api_etl']) retrieved from /home/airflow/.local/lib/python3.8/site-packages/airflow/example_dags/tutorial_taskflow_api_etl.py
[2023-11-04 14:00:25,793] {logging_mixin.py:109} INFO - [2023-11-04 14:00:25,793] {dag.py:2398} INFO - Sync 1 DAGs
[2023-11-04 14:00:25,811] {logging_mixin.py:109} INFO - [2023-11-04 14:00:25,811] {dag.py:2937} INFO - Setting next_dagrun for tutorial_taskflow_api_etl to None
[2023-11-04 14:00:25,824] {processor.py:171} INFO - Processing /home/airflow/.local/lib/python3.8/site-packages/airflow/example_dags/tutorial_taskflow_api_etl.py took 0.362 seconds
[2023-11-04 14:00:56,346] {processor.py:163} INFO - Started process (PID=241) to work on /home/airflow/.local/lib/python3.8/site-packages/airflow/example_dags/tutorial_taskflow_api_etl.py
[2023-11-04 14:00:56,348] {processor.py:642} INFO - Processing file /home/airflow/.local/lib/python3.8/site-packages/airflow/example_dags/tutorial_taskflow_api_etl.py for tasks to queue
[2023-11-04 14:00:56,350] {logging_mixin.py:109} INFO - [2023-11-04 14:00:56,350] {dagbag.py:500} INFO - Filling up the DagBag from /home/airflow/.local/lib/python3.8/site-packages/airflow/example_dags/tutorial_taskflow_api_etl.py
[2023-11-04 14:00:56,398] {processor.py:654} INFO - DAG(s) dict_keys(['tutorial_taskflow_api_etl']) retrieved from /home/airflow/.local/lib/python3.8/site-packages/airflow/example_dags/tutorial_taskflow_api_etl.py
[2023-11-04 14:00:56,665] {logging_mixin.py:109} INFO - [2023-11-04 14:00:56,665] {dag.py:2398} INFO - Sync 1 DAGs
[2023-11-04 14:00:56,683] {logging_mixin.py:109} INFO - [2023-11-04 14:00:56,683] {dag.py:2937} INFO - Setting next_dagrun for tutorial_taskflow_api_etl to None
[2023-11-04 14:00:56,695] {processor.py:171} INFO - Processing /home/airflow/.local/lib/python3.8/site-packages/airflow/example_dags/tutorial_taskflow_api_etl.py took 0.353 seconds
[2023-11-04 14:01:27,101] {processor.py:163} INFO - Started process (PID=298) to work on /home/airflow/.local/lib/python3.8/site-packages/airflow/example_dags/tutorial_taskflow_api_etl.py
[2023-11-04 14:01:27,104] {processor.py:642} INFO - Processing file /home/airflow/.local/lib/python3.8/site-packages/airflow/example_dags/tutorial_taskflow_api_etl.py for tasks to queue
[2023-11-04 14:01:27,106] {logging_mixin.py:109} INFO - [2023-11-04 14:01:27,105] {dagbag.py:500} INFO - Filling up the DagBag from /home/airflow/.local/lib/python3.8/site-packages/airflow/example_dags/tutorial_taskflow_api_etl.py
[2023-11-04 14:01:27,155] {processor.py:654} INFO - DAG(s) dict_keys(['tutorial_taskflow_api_etl']) retrieved from /home/airflow/.local/lib/python3.8/site-packages/airflow/example_dags/tutorial_taskflow_api_etl.py
[2023-11-04 14:01:27,423] {logging_mixin.py:109} INFO - [2023-11-04 14:01:27,423] {dag.py:2398} INFO - Sync 1 DAGs
[2023-11-04 14:01:27,442] {logging_mixin.py:109} INFO - [2023-11-04 14:01:27,442] {dag.py:2937} INFO - Setting next_dagrun for tutorial_taskflow_api_etl to None
[2023-11-04 14:01:27,455] {processor.py:171} INFO - Processing /home/airflow/.local/lib/python3.8/site-packages/airflow/example_dags/tutorial_taskflow_api_etl.py took 0.359 seconds
[2023-11-04 14:01:57,527] {processor.py:163} INFO - Started process (PID=347) to work on /home/airflow/.local/lib/python3.8/site-packages/airflow/example_dags/tutorial_taskflow_api_etl.py
[2023-11-04 14:01:57,530] {processor.py:642} INFO - Processing file /home/airflow/.local/lib/python3.8/site-packages/airflow/example_dags/tutorial_taskflow_api_etl.py for tasks to queue
[2023-11-04 14:01:57,531] {logging_mixin.py:109} INFO - [2023-11-04 14:01:57,531] {dagbag.py:500} INFO - Filling up the DagBag from /home/airflow/.local/lib/python3.8/site-packages/airflow/example_dags/tutorial_taskflow_api_etl.py
[2023-11-04 14:01:57,580] {processor.py:654} INFO - DAG(s) dict_keys(['tutorial_taskflow_api_etl']) retrieved from /home/airflow/.local/lib/python3.8/site-packages/airflow/example_dags/tutorial_taskflow_api_etl.py
[2023-11-04 14:01:57,832] {logging_mixin.py:109} INFO - [2023-11-04 14:01:57,832] {dag.py:2398} INFO - Sync 1 DAGs
[2023-11-04 14:01:57,850] {logging_mixin.py:109} INFO - [2023-11-04 14:01:57,850] {dag.py:2937} INFO - Setting next_dagrun for tutorial_taskflow_api_etl to None
[2023-11-04 14:01:57,863] {processor.py:171} INFO - Processing /home/airflow/.local/lib/python3.8/site-packages/airflow/example_dags/tutorial_taskflow_api_etl.py took 0.341 seconds
[2023-11-04 14:02:28,195] {processor.py:163} INFO - Started process (PID=396) to work on /home/airflow/.local/lib/python3.8/site-packages/airflow/example_dags/tutorial_taskflow_api_etl.py
[2023-11-04 14:02:28,199] {processor.py:642} INFO - Processing file /home/airflow/.local/lib/python3.8/site-packages/airflow/example_dags/tutorial_taskflow_api_etl.py for tasks to queue
[2023-11-04 14:02:28,203] {logging_mixin.py:109} INFO - [2023-11-04 14:02:28,202] {dagbag.py:500} INFO - Filling up the DagBag from /home/airflow/.local/lib/python3.8/site-packages/airflow/example_dags/tutorial_taskflow_api_etl.py
[2023-11-04 14:02:28,261] {processor.py:654} INFO - DAG(s) dict_keys(['tutorial_taskflow_api_etl']) retrieved from /home/airflow/.local/lib/python3.8/site-packages/airflow/example_dags/tutorial_taskflow_api_etl.py
[2023-11-04 14:02:28,571] {logging_mixin.py:109} INFO - [2023-11-04 14:02:28,571] {dag.py:2398} INFO - Sync 1 DAGs
[2023-11-04 14:02:28,594] {logging_mixin.py:109} INFO - [2023-11-04 14:02:28,594] {dag.py:2937} INFO - Setting next_dagrun for tutorial_taskflow_api_etl to None
[2023-11-04 14:02:28,607] {processor.py:171} INFO - Processing /home/airflow/.local/lib/python3.8/site-packages/airflow/example_dags/tutorial_taskflow_api_etl.py took 0.420 seconds
[2023-11-04 14:04:49,136] {processor.py:163} INFO - Started process (PID=63) to work on /home/airflow/.local/lib/python3.8/site-packages/airflow/example_dags/tutorial_taskflow_api_etl.py
[2023-11-04 14:04:49,138] {processor.py:642} INFO - Processing file /home/airflow/.local/lib/python3.8/site-packages/airflow/example_dags/tutorial_taskflow_api_etl.py for tasks to queue
[2023-11-04 14:04:49,141] {logging_mixin.py:109} INFO - [2023-11-04 14:04:49,140] {dagbag.py:500} INFO - Filling up the DagBag from /home/airflow/.local/lib/python3.8/site-packages/airflow/example_dags/tutorial_taskflow_api_etl.py
[2023-11-04 14:04:49,198] {processor.py:654} INFO - DAG(s) dict_keys(['tutorial_taskflow_api_etl']) retrieved from /home/airflow/.local/lib/python3.8/site-packages/airflow/example_dags/tutorial_taskflow_api_etl.py
[2023-11-04 14:04:49,467] {logging_mixin.py:109} INFO - [2023-11-04 14:04:49,467] {dag.py:2398} INFO - Sync 1 DAGs
[2023-11-04 14:04:49,488] {logging_mixin.py:109} INFO - [2023-11-04 14:04:49,488] {dag.py:2937} INFO - Setting next_dagrun for tutorial_taskflow_api_etl to None
[2023-11-04 14:04:49,503] {processor.py:171} INFO - Processing /home/airflow/.local/lib/python3.8/site-packages/airflow/example_dags/tutorial_taskflow_api_etl.py took 0.372 seconds
[2023-11-04 14:05:20,380] {processor.py:163} INFO - Started process (PID=119) to work on /home/airflow/.local/lib/python3.8/site-packages/airflow/example_dags/tutorial_taskflow_api_etl.py
[2023-11-04 14:05:20,384] {processor.py:642} INFO - Processing file /home/airflow/.local/lib/python3.8/site-packages/airflow/example_dags/tutorial_taskflow_api_etl.py for tasks to queue
[2023-11-04 14:05:20,387] {logging_mixin.py:109} INFO - [2023-11-04 14:05:20,387] {dagbag.py:500} INFO - Filling up the DagBag from /home/airflow/.local/lib/python3.8/site-packages/airflow/example_dags/tutorial_taskflow_api_etl.py
[2023-11-04 14:05:20,464] {processor.py:654} INFO - DAG(s) dict_keys(['tutorial_taskflow_api_etl']) retrieved from /home/airflow/.local/lib/python3.8/site-packages/airflow/example_dags/tutorial_taskflow_api_etl.py
[2023-11-04 14:05:20,755] {logging_mixin.py:109} INFO - [2023-11-04 14:05:20,754] {dag.py:2398} INFO - Sync 1 DAGs
[2023-11-04 14:05:20,774] {logging_mixin.py:109} INFO - [2023-11-04 14:05:20,774] {dag.py:2937} INFO - Setting next_dagrun for tutorial_taskflow_api_etl to None
[2023-11-04 14:05:20,786] {processor.py:171} INFO - Processing /home/airflow/.local/lib/python3.8/site-packages/airflow/example_dags/tutorial_taskflow_api_etl.py took 0.413 seconds
[2023-11-04 14:05:51,108] {processor.py:163} INFO - Started process (PID=170) to work on /home/airflow/.local/lib/python3.8/site-packages/airflow/example_dags/tutorial_taskflow_api_etl.py
[2023-11-04 14:05:51,111] {processor.py:642} INFO - Processing file /home/airflow/.local/lib/python3.8/site-packages/airflow/example_dags/tutorial_taskflow_api_etl.py for tasks to queue
[2023-11-04 14:05:51,113] {logging_mixin.py:109} INFO - [2023-11-04 14:05:51,113] {dagbag.py:500} INFO - Filling up the DagBag from /home/airflow/.local/lib/python3.8/site-packages/airflow/example_dags/tutorial_taskflow_api_etl.py
[2023-11-04 14:05:51,169] {processor.py:654} INFO - DAG(s) dict_keys(['tutorial_taskflow_api_etl']) retrieved from /home/airflow/.local/lib/python3.8/site-packages/airflow/example_dags/tutorial_taskflow_api_etl.py
[2023-11-04 14:05:51,471] {logging_mixin.py:109} INFO - [2023-11-04 14:05:51,470] {dag.py:2398} INFO - Sync 1 DAGs
[2023-11-04 14:05:51,496] {logging_mixin.py:109} INFO - [2023-11-04 14:05:51,496] {dag.py:2937} INFO - Setting next_dagrun for tutorial_taskflow_api_etl to None
[2023-11-04 14:05:51,523] {processor.py:171} INFO - Processing /home/airflow/.local/lib/python3.8/site-packages/airflow/example_dags/tutorial_taskflow_api_etl.py took 0.420 seconds
[2023-11-04 14:06:21,590] {processor.py:163} INFO - Started process (PID=219) to work on /home/airflow/.local/lib/python3.8/site-packages/airflow/example_dags/tutorial_taskflow_api_etl.py
[2023-11-04 14:06:21,593] {processor.py:642} INFO - Processing file /home/airflow/.local/lib/python3.8/site-packages/airflow/example_dags/tutorial_taskflow_api_etl.py for tasks to queue
[2023-11-04 14:06:21,594] {logging_mixin.py:109} INFO - [2023-11-04 14:06:21,594] {dagbag.py:500} INFO - Filling up the DagBag from /home/airflow/.local/lib/python3.8/site-packages/airflow/example_dags/tutorial_taskflow_api_etl.py
[2023-11-04 14:06:21,644] {processor.py:654} INFO - DAG(s) dict_keys(['tutorial_taskflow_api_etl']) retrieved from /home/airflow/.local/lib/python3.8/site-packages/airflow/example_dags/tutorial_taskflow_api_etl.py
[2023-11-04 14:06:21,895] {logging_mixin.py:109} INFO - [2023-11-04 14:06:21,895] {dag.py:2398} INFO - Sync 1 DAGs
[2023-11-04 14:06:21,914] {logging_mixin.py:109} INFO - [2023-11-04 14:06:21,914] {dag.py:2937} INFO - Setting next_dagrun for tutorial_taskflow_api_etl to None
[2023-11-04 14:06:21,928] {processor.py:171} INFO - Processing /home/airflow/.local/lib/python3.8/site-packages/airflow/example_dags/tutorial_taskflow_api_etl.py took 0.343 seconds
[2023-11-04 14:06:51,980] {processor.py:163} INFO - Started process (PID=276) to work on /home/airflow/.local/lib/python3.8/site-packages/airflow/example_dags/tutorial_taskflow_api_etl.py
[2023-11-04 14:06:51,982] {processor.py:642} INFO - Processing file /home/airflow/.local/lib/python3.8/site-packages/airflow/example_dags/tutorial_taskflow_api_etl.py for tasks to queue
[2023-11-04 14:06:51,984] {logging_mixin.py:109} INFO - [2023-11-04 14:06:51,983] {dagbag.py:500} INFO - Filling up the DagBag from /home/airflow/.local/lib/python3.8/site-packages/airflow/example_dags/tutorial_taskflow_api_etl.py
[2023-11-04 14:06:52,033] {processor.py:654} INFO - DAG(s) dict_keys(['tutorial_taskflow_api_etl']) retrieved from /home/airflow/.local/lib/python3.8/site-packages/airflow/example_dags/tutorial_taskflow_api_etl.py
[2023-11-04 14:06:52,288] {logging_mixin.py:109} INFO - [2023-11-04 14:06:52,288] {dag.py:2398} INFO - Sync 1 DAGs
[2023-11-04 14:06:52,310] {logging_mixin.py:109} INFO - [2023-11-04 14:06:52,309] {dag.py:2937} INFO - Setting next_dagrun for tutorial_taskflow_api_etl to None
[2023-11-04 14:06:52,326] {processor.py:171} INFO - Processing /home/airflow/.local/lib/python3.8/site-packages/airflow/example_dags/tutorial_taskflow_api_etl.py took 0.351 seconds
[2023-11-04 14:07:22,585] {processor.py:163} INFO - Started process (PID=324) to work on /home/airflow/.local/lib/python3.8/site-packages/airflow/example_dags/tutorial_taskflow_api_etl.py
[2023-11-04 14:07:22,588] {processor.py:642} INFO - Processing file /home/airflow/.local/lib/python3.8/site-packages/airflow/example_dags/tutorial_taskflow_api_etl.py for tasks to queue
[2023-11-04 14:07:22,590] {logging_mixin.py:109} INFO - [2023-11-04 14:07:22,590] {dagbag.py:500} INFO - Filling up the DagBag from /home/airflow/.local/lib/python3.8/site-packages/airflow/example_dags/tutorial_taskflow_api_etl.py
[2023-11-04 14:07:22,650] {processor.py:654} INFO - DAG(s) dict_keys(['tutorial_taskflow_api_etl']) retrieved from /home/airflow/.local/lib/python3.8/site-packages/airflow/example_dags/tutorial_taskflow_api_etl.py
[2023-11-04 14:07:23,029] {logging_mixin.py:109} INFO - [2023-11-04 14:07:23,029] {dag.py:2398} INFO - Sync 1 DAGs
[2023-11-04 14:07:23,063] {logging_mixin.py:109} INFO - [2023-11-04 14:07:23,063] {dag.py:2937} INFO - Setting next_dagrun for tutorial_taskflow_api_etl to None
[2023-11-04 14:07:23,076] {processor.py:171} INFO - Processing /home/airflow/.local/lib/python3.8/site-packages/airflow/example_dags/tutorial_taskflow_api_etl.py took 0.498 seconds
[2023-11-04 14:07:54,007] {processor.py:163} INFO - Started process (PID=381) to work on /home/airflow/.local/lib/python3.8/site-packages/airflow/example_dags/tutorial_taskflow_api_etl.py
[2023-11-04 14:07:54,009] {processor.py:642} INFO - Processing file /home/airflow/.local/lib/python3.8/site-packages/airflow/example_dags/tutorial_taskflow_api_etl.py for tasks to queue
[2023-11-04 14:07:54,010] {logging_mixin.py:109} INFO - [2023-11-04 14:07:54,010] {dagbag.py:500} INFO - Filling up the DagBag from /home/airflow/.local/lib/python3.8/site-packages/airflow/example_dags/tutorial_taskflow_api_etl.py
[2023-11-04 14:07:54,059] {processor.py:654} INFO - DAG(s) dict_keys(['tutorial_taskflow_api_etl']) retrieved from /home/airflow/.local/lib/python3.8/site-packages/airflow/example_dags/tutorial_taskflow_api_etl.py
[2023-11-04 14:07:54,370] {logging_mixin.py:109} INFO - [2023-11-04 14:07:54,370] {dag.py:2398} INFO - Sync 1 DAGs
[2023-11-04 14:07:54,394] {logging_mixin.py:109} INFO - [2023-11-04 14:07:54,394] {dag.py:2937} INFO - Setting next_dagrun for tutorial_taskflow_api_etl to None
[2023-11-04 14:07:54,407] {processor.py:171} INFO - Processing /home/airflow/.local/lib/python3.8/site-packages/airflow/example_dags/tutorial_taskflow_api_etl.py took 0.405 seconds
[2023-11-04 14:08:25,290] {processor.py:163} INFO - Started process (PID=430) to work on /home/airflow/.local/lib/python3.8/site-packages/airflow/example_dags/tutorial_taskflow_api_etl.py
[2023-11-04 14:08:25,292] {processor.py:642} INFO - Processing file /home/airflow/.local/lib/python3.8/site-packages/airflow/example_dags/tutorial_taskflow_api_etl.py for tasks to queue
[2023-11-04 14:08:25,294] {logging_mixin.py:109} INFO - [2023-11-04 14:08:25,294] {dagbag.py:500} INFO - Filling up the DagBag from /home/airflow/.local/lib/python3.8/site-packages/airflow/example_dags/tutorial_taskflow_api_etl.py
[2023-11-04 14:08:25,347] {processor.py:654} INFO - DAG(s) dict_keys(['tutorial_taskflow_api_etl']) retrieved from /home/airflow/.local/lib/python3.8/site-packages/airflow/example_dags/tutorial_taskflow_api_etl.py
[2023-11-04 14:08:25,629] {logging_mixin.py:109} INFO - [2023-11-04 14:08:25,628] {dag.py:2398} INFO - Sync 1 DAGs
[2023-11-04 14:08:25,650] {logging_mixin.py:109} INFO - [2023-11-04 14:08:25,649] {dag.py:2937} INFO - Setting next_dagrun for tutorial_taskflow_api_etl to None
[2023-11-04 14:08:25,665] {processor.py:171} INFO - Processing /home/airflow/.local/lib/python3.8/site-packages/airflow/example_dags/tutorial_taskflow_api_etl.py took 0.381 seconds
[2023-11-04 14:08:55,718] {processor.py:163} INFO - Started process (PID=479) to work on /home/airflow/.local/lib/python3.8/site-packages/airflow/example_dags/tutorial_taskflow_api_etl.py
[2023-11-04 14:08:55,721] {processor.py:642} INFO - Processing file /home/airflow/.local/lib/python3.8/site-packages/airflow/example_dags/tutorial_taskflow_api_etl.py for tasks to queue
[2023-11-04 14:08:55,722] {logging_mixin.py:109} INFO - [2023-11-04 14:08:55,722] {dagbag.py:500} INFO - Filling up the DagBag from /home/airflow/.local/lib/python3.8/site-packages/airflow/example_dags/tutorial_taskflow_api_etl.py
[2023-11-04 14:08:55,775] {processor.py:654} INFO - DAG(s) dict_keys(['tutorial_taskflow_api_etl']) retrieved from /home/airflow/.local/lib/python3.8/site-packages/airflow/example_dags/tutorial_taskflow_api_etl.py
[2023-11-04 14:08:56,050] {logging_mixin.py:109} INFO - [2023-11-04 14:08:56,050] {dag.py:2398} INFO - Sync 1 DAGs
[2023-11-04 14:08:56,067] {logging_mixin.py:109} INFO - [2023-11-04 14:08:56,067] {dag.py:2937} INFO - Setting next_dagrun for tutorial_taskflow_api_etl to None
[2023-11-04 14:08:56,085] {processor.py:171} INFO - Processing /home/airflow/.local/lib/python3.8/site-packages/airflow/example_dags/tutorial_taskflow_api_etl.py took 0.373 seconds
[2023-11-04 14:09:26,122] {processor.py:163} INFO - Started process (PID=536) to work on /home/airflow/.local/lib/python3.8/site-packages/airflow/example_dags/tutorial_taskflow_api_etl.py
[2023-11-04 14:09:26,125] {processor.py:642} INFO - Processing file /home/airflow/.local/lib/python3.8/site-packages/airflow/example_dags/tutorial_taskflow_api_etl.py for tasks to queue
[2023-11-04 14:09:26,126] {logging_mixin.py:109} INFO - [2023-11-04 14:09:26,126] {dagbag.py:500} INFO - Filling up the DagBag from /home/airflow/.local/lib/python3.8/site-packages/airflow/example_dags/tutorial_taskflow_api_etl.py
[2023-11-04 14:09:26,174] {processor.py:654} INFO - DAG(s) dict_keys(['tutorial_taskflow_api_etl']) retrieved from /home/airflow/.local/lib/python3.8/site-packages/airflow/example_dags/tutorial_taskflow_api_etl.py
[2023-11-04 14:09:26,439] {logging_mixin.py:109} INFO - [2023-11-04 14:09:26,439] {dag.py:2398} INFO - Sync 1 DAGs
[2023-11-04 14:09:26,457] {logging_mixin.py:109} INFO - [2023-11-04 14:09:26,457] {dag.py:2937} INFO - Setting next_dagrun for tutorial_taskflow_api_etl to None
[2023-11-04 14:09:26,469] {processor.py:171} INFO - Processing /home/airflow/.local/lib/python3.8/site-packages/airflow/example_dags/tutorial_taskflow_api_etl.py took 0.352 seconds
[2023-11-04 14:09:57,120] {processor.py:163} INFO - Started process (PID=585) to work on /home/airflow/.local/lib/python3.8/site-packages/airflow/example_dags/tutorial_taskflow_api_etl.py
[2023-11-04 14:09:57,123] {processor.py:642} INFO - Processing file /home/airflow/.local/lib/python3.8/site-packages/airflow/example_dags/tutorial_taskflow_api_etl.py for tasks to queue
[2023-11-04 14:09:57,125] {logging_mixin.py:109} INFO - [2023-11-04 14:09:57,125] {dagbag.py:500} INFO - Filling up the DagBag from /home/airflow/.local/lib/python3.8/site-packages/airflow/example_dags/tutorial_taskflow_api_etl.py
[2023-11-04 14:09:57,173] {processor.py:654} INFO - DAG(s) dict_keys(['tutorial_taskflow_api_etl']) retrieved from /home/airflow/.local/lib/python3.8/site-packages/airflow/example_dags/tutorial_taskflow_api_etl.py
[2023-11-04 14:09:57,439] {logging_mixin.py:109} INFO - [2023-11-04 14:09:57,439] {dag.py:2398} INFO - Sync 1 DAGs
[2023-11-04 14:09:57,457] {logging_mixin.py:109} INFO - [2023-11-04 14:09:57,457] {dag.py:2937} INFO - Setting next_dagrun for tutorial_taskflow_api_etl to None
[2023-11-04 14:09:57,470] {processor.py:171} INFO - Processing /home/airflow/.local/lib/python3.8/site-packages/airflow/example_dags/tutorial_taskflow_api_etl.py took 0.354 seconds
[2023-11-04 14:10:27,677] {processor.py:163} INFO - Started process (PID=642) to work on /home/airflow/.local/lib/python3.8/site-packages/airflow/example_dags/tutorial_taskflow_api_etl.py
[2023-11-04 14:10:27,681] {processor.py:642} INFO - Processing file /home/airflow/.local/lib/python3.8/site-packages/airflow/example_dags/tutorial_taskflow_api_etl.py for tasks to queue
[2023-11-04 14:10:27,683] {logging_mixin.py:109} INFO - [2023-11-04 14:10:27,683] {dagbag.py:500} INFO - Filling up the DagBag from /home/airflow/.local/lib/python3.8/site-packages/airflow/example_dags/tutorial_taskflow_api_etl.py
[2023-11-04 14:10:27,753] {processor.py:654} INFO - DAG(s) dict_keys(['tutorial_taskflow_api_etl']) retrieved from /home/airflow/.local/lib/python3.8/site-packages/airflow/example_dags/tutorial_taskflow_api_etl.py
[2023-11-04 14:10:28,033] {logging_mixin.py:109} INFO - [2023-11-04 14:10:28,033] {dag.py:2398} INFO - Sync 1 DAGs
[2023-11-04 14:10:28,052] {logging_mixin.py:109} INFO - [2023-11-04 14:10:28,052] {dag.py:2937} INFO - Setting next_dagrun for tutorial_taskflow_api_etl to None
[2023-11-04 14:10:28,068] {processor.py:171} INFO - Processing /home/airflow/.local/lib/python3.8/site-packages/airflow/example_dags/tutorial_taskflow_api_etl.py took 0.398 seconds
[2023-11-04 14:11:51,526] {processor.py:163} INFO - Started process (PID=64) to work on /home/airflow/.local/lib/python3.8/site-packages/airflow/example_dags/tutorial_taskflow_api_etl.py
[2023-11-04 14:11:51,702] {processor.py:642} INFO - Processing file /home/airflow/.local/lib/python3.8/site-packages/airflow/example_dags/tutorial_taskflow_api_etl.py for tasks to queue
[2023-11-04 14:11:51,704] {logging_mixin.py:109} INFO - [2023-11-04 14:11:51,704] {dagbag.py:500} INFO - Filling up the DagBag from /home/airflow/.local/lib/python3.8/site-packages/airflow/example_dags/tutorial_taskflow_api_etl.py
[2023-11-04 14:11:51,785] {processor.py:654} INFO - DAG(s) dict_keys(['tutorial_taskflow_api_etl']) retrieved from /home/airflow/.local/lib/python3.8/site-packages/airflow/example_dags/tutorial_taskflow_api_etl.py
[2023-11-04 14:11:52,069] {logging_mixin.py:109} INFO - [2023-11-04 14:11:52,069] {dag.py:2398} INFO - Sync 1 DAGs
[2023-11-04 14:11:52,087] {logging_mixin.py:109} INFO - [2023-11-04 14:11:52,087] {dag.py:2937} INFO - Setting next_dagrun for tutorial_taskflow_api_etl to None
[2023-11-04 14:11:52,100] {processor.py:171} INFO - Processing /home/airflow/.local/lib/python3.8/site-packages/airflow/example_dags/tutorial_taskflow_api_etl.py took 0.579 seconds
[2023-11-04 14:12:22,286] {processor.py:163} INFO - Started process (PID=120) to work on /home/airflow/.local/lib/python3.8/site-packages/airflow/example_dags/tutorial_taskflow_api_etl.py
[2023-11-04 14:12:22,289] {processor.py:642} INFO - Processing file /home/airflow/.local/lib/python3.8/site-packages/airflow/example_dags/tutorial_taskflow_api_etl.py for tasks to queue
[2023-11-04 14:12:22,291] {logging_mixin.py:109} INFO - [2023-11-04 14:12:22,291] {dagbag.py:500} INFO - Filling up the DagBag from /home/airflow/.local/lib/python3.8/site-packages/airflow/example_dags/tutorial_taskflow_api_etl.py
[2023-11-04 14:12:22,341] {processor.py:654} INFO - DAG(s) dict_keys(['tutorial_taskflow_api_etl']) retrieved from /home/airflow/.local/lib/python3.8/site-packages/airflow/example_dags/tutorial_taskflow_api_etl.py
[2023-11-04 14:12:22,691] {logging_mixin.py:109} INFO - [2023-11-04 14:12:22,690] {dag.py:2398} INFO - Sync 1 DAGs
[2023-11-04 14:12:22,711] {logging_mixin.py:109} INFO - [2023-11-04 14:12:22,711] {dag.py:2937} INFO - Setting next_dagrun for tutorial_taskflow_api_etl to None
[2023-11-04 14:12:22,725] {processor.py:171} INFO - Processing /home/airflow/.local/lib/python3.8/site-packages/airflow/example_dags/tutorial_taskflow_api_etl.py took 0.445 seconds
[2023-11-04 14:12:53,514] {processor.py:163} INFO - Started process (PID=169) to work on /home/airflow/.local/lib/python3.8/site-packages/airflow/example_dags/tutorial_taskflow_api_etl.py
[2023-11-04 14:12:53,517] {processor.py:642} INFO - Processing file /home/airflow/.local/lib/python3.8/site-packages/airflow/example_dags/tutorial_taskflow_api_etl.py for tasks to queue
[2023-11-04 14:12:53,519] {logging_mixin.py:109} INFO - [2023-11-04 14:12:53,519] {dagbag.py:500} INFO - Filling up the DagBag from /home/airflow/.local/lib/python3.8/site-packages/airflow/example_dags/tutorial_taskflow_api_etl.py
[2023-11-04 14:12:53,585] {processor.py:654} INFO - DAG(s) dict_keys(['tutorial_taskflow_api_etl']) retrieved from /home/airflow/.local/lib/python3.8/site-packages/airflow/example_dags/tutorial_taskflow_api_etl.py
[2023-11-04 14:12:53,944] {logging_mixin.py:109} INFO - [2023-11-04 14:12:53,944] {dag.py:2398} INFO - Sync 1 DAGs
[2023-11-04 14:12:53,967] {logging_mixin.py:109} INFO - [2023-11-04 14:12:53,967] {dag.py:2937} INFO - Setting next_dagrun for tutorial_taskflow_api_etl to None
[2023-11-04 14:12:53,984] {processor.py:171} INFO - Processing /home/airflow/.local/lib/python3.8/site-packages/airflow/example_dags/tutorial_taskflow_api_etl.py took 0.475 seconds
[2023-11-04 14:13:24,167] {processor.py:163} INFO - Started process (PID=219) to work on /home/airflow/.local/lib/python3.8/site-packages/airflow/example_dags/tutorial_taskflow_api_etl.py
[2023-11-04 14:13:24,171] {processor.py:642} INFO - Processing file /home/airflow/.local/lib/python3.8/site-packages/airflow/example_dags/tutorial_taskflow_api_etl.py for tasks to queue
[2023-11-04 14:13:24,173] {logging_mixin.py:109} INFO - [2023-11-04 14:13:24,173] {dagbag.py:500} INFO - Filling up the DagBag from /home/airflow/.local/lib/python3.8/site-packages/airflow/example_dags/tutorial_taskflow_api_etl.py
[2023-11-04 14:13:24,231] {processor.py:654} INFO - DAG(s) dict_keys(['tutorial_taskflow_api_etl']) retrieved from /home/airflow/.local/lib/python3.8/site-packages/airflow/example_dags/tutorial_taskflow_api_etl.py
[2023-11-04 14:13:24,528] {logging_mixin.py:109} INFO - [2023-11-04 14:13:24,528] {dag.py:2398} INFO - Sync 1 DAGs
[2023-11-04 14:13:24,547] {logging_mixin.py:109} INFO - [2023-11-04 14:13:24,547] {dag.py:2937} INFO - Setting next_dagrun for tutorial_taskflow_api_etl to None
[2023-11-04 14:13:24,559] {processor.py:171} INFO - Processing /home/airflow/.local/lib/python3.8/site-packages/airflow/example_dags/tutorial_taskflow_api_etl.py took 0.399 seconds
[2023-11-04 14:13:55,115] {processor.py:163} INFO - Started process (PID=276) to work on /home/airflow/.local/lib/python3.8/site-packages/airflow/example_dags/tutorial_taskflow_api_etl.py
[2023-11-04 14:13:55,117] {processor.py:642} INFO - Processing file /home/airflow/.local/lib/python3.8/site-packages/airflow/example_dags/tutorial_taskflow_api_etl.py for tasks to queue
[2023-11-04 14:13:55,119] {logging_mixin.py:109} INFO - [2023-11-04 14:13:55,118] {dagbag.py:500} INFO - Filling up the DagBag from /home/airflow/.local/lib/python3.8/site-packages/airflow/example_dags/tutorial_taskflow_api_etl.py
[2023-11-04 14:13:55,170] {processor.py:654} INFO - DAG(s) dict_keys(['tutorial_taskflow_api_etl']) retrieved from /home/airflow/.local/lib/python3.8/site-packages/airflow/example_dags/tutorial_taskflow_api_etl.py
[2023-11-04 14:13:55,520] {logging_mixin.py:109} INFO - [2023-11-04 14:13:55,520] {dag.py:2398} INFO - Sync 1 DAGs
[2023-11-04 14:13:55,540] {logging_mixin.py:109} INFO - [2023-11-04 14:13:55,540] {dag.py:2937} INFO - Setting next_dagrun for tutorial_taskflow_api_etl to None
[2023-11-04 14:13:55,554] {processor.py:171} INFO - Processing /home/airflow/.local/lib/python3.8/site-packages/airflow/example_dags/tutorial_taskflow_api_etl.py took 0.445 seconds
[2023-11-04 14:14:25,718] {processor.py:163} INFO - Started process (PID=327) to work on /home/airflow/.local/lib/python3.8/site-packages/airflow/example_dags/tutorial_taskflow_api_etl.py
[2023-11-04 14:14:25,722] {processor.py:642} INFO - Processing file /home/airflow/.local/lib/python3.8/site-packages/airflow/example_dags/tutorial_taskflow_api_etl.py for tasks to queue
[2023-11-04 14:14:25,726] {logging_mixin.py:109} INFO - [2023-11-04 14:14:25,725] {dagbag.py:500} INFO - Filling up the DagBag from /home/airflow/.local/lib/python3.8/site-packages/airflow/example_dags/tutorial_taskflow_api_etl.py
[2023-11-04 14:14:25,785] {processor.py:654} INFO - DAG(s) dict_keys(['tutorial_taskflow_api_etl']) retrieved from /home/airflow/.local/lib/python3.8/site-packages/airflow/example_dags/tutorial_taskflow_api_etl.py
[2023-11-04 14:14:26,054] {logging_mixin.py:109} INFO - [2023-11-04 14:14:26,054] {dag.py:2398} INFO - Sync 1 DAGs
[2023-11-04 14:14:26,080] {logging_mixin.py:109} INFO - [2023-11-04 14:14:26,080] {dag.py:2937} INFO - Setting next_dagrun for tutorial_taskflow_api_etl to None
[2023-11-04 14:14:26,094] {processor.py:171} INFO - Processing /home/airflow/.local/lib/python3.8/site-packages/airflow/example_dags/tutorial_taskflow_api_etl.py took 0.384 seconds
[2023-11-04 14:14:56,270] {processor.py:163} INFO - Started process (PID=383) to work on /home/airflow/.local/lib/python3.8/site-packages/airflow/example_dags/tutorial_taskflow_api_etl.py
[2023-11-04 14:14:56,273] {processor.py:642} INFO - Processing file /home/airflow/.local/lib/python3.8/site-packages/airflow/example_dags/tutorial_taskflow_api_etl.py for tasks to queue
[2023-11-04 14:14:56,276] {logging_mixin.py:109} INFO - [2023-11-04 14:14:56,275] {dagbag.py:500} INFO - Filling up the DagBag from /home/airflow/.local/lib/python3.8/site-packages/airflow/example_dags/tutorial_taskflow_api_etl.py
[2023-11-04 14:14:56,355] {processor.py:654} INFO - DAG(s) dict_keys(['tutorial_taskflow_api_etl']) retrieved from /home/airflow/.local/lib/python3.8/site-packages/airflow/example_dags/tutorial_taskflow_api_etl.py
[2023-11-04 14:14:56,621] {logging_mixin.py:109} INFO - [2023-11-04 14:14:56,621] {dag.py:2398} INFO - Sync 1 DAGs
[2023-11-04 14:14:56,640] {logging_mixin.py:109} INFO - [2023-11-04 14:14:56,639] {dag.py:2937} INFO - Setting next_dagrun for tutorial_taskflow_api_etl to None
[2023-11-04 14:14:56,654] {processor.py:171} INFO - Processing /home/airflow/.local/lib/python3.8/site-packages/airflow/example_dags/tutorial_taskflow_api_etl.py took 0.389 seconds
[2023-11-04 14:15:27,592] {processor.py:163} INFO - Started process (PID=433) to work on /home/airflow/.local/lib/python3.8/site-packages/airflow/example_dags/tutorial_taskflow_api_etl.py
[2023-11-04 14:15:27,594] {processor.py:642} INFO - Processing file /home/airflow/.local/lib/python3.8/site-packages/airflow/example_dags/tutorial_taskflow_api_etl.py for tasks to queue
[2023-11-04 14:15:27,596] {logging_mixin.py:109} INFO - [2023-11-04 14:15:27,596] {dagbag.py:500} INFO - Filling up the DagBag from /home/airflow/.local/lib/python3.8/site-packages/airflow/example_dags/tutorial_taskflow_api_etl.py
[2023-11-04 14:15:27,651] {processor.py:654} INFO - DAG(s) dict_keys(['tutorial_taskflow_api_etl']) retrieved from /home/airflow/.local/lib/python3.8/site-packages/airflow/example_dags/tutorial_taskflow_api_etl.py
[2023-11-04 14:15:27,944] {logging_mixin.py:109} INFO - [2023-11-04 14:15:27,944] {dag.py:2398} INFO - Sync 1 DAGs
[2023-11-04 14:15:27,962] {logging_mixin.py:109} INFO - [2023-11-04 14:15:27,961] {dag.py:2937} INFO - Setting next_dagrun for tutorial_taskflow_api_etl to None
[2023-11-04 14:15:27,974] {processor.py:171} INFO - Processing /home/airflow/.local/lib/python3.8/site-packages/airflow/example_dags/tutorial_taskflow_api_etl.py took 0.388 seconds
[2023-11-04 14:15:58,909] {processor.py:163} INFO - Started process (PID=482) to work on /home/airflow/.local/lib/python3.8/site-packages/airflow/example_dags/tutorial_taskflow_api_etl.py
[2023-11-04 14:15:58,911] {processor.py:642} INFO - Processing file /home/airflow/.local/lib/python3.8/site-packages/airflow/example_dags/tutorial_taskflow_api_etl.py for tasks to queue
[2023-11-04 14:15:58,913] {logging_mixin.py:109} INFO - [2023-11-04 14:15:58,913] {dagbag.py:500} INFO - Filling up the DagBag from /home/airflow/.local/lib/python3.8/site-packages/airflow/example_dags/tutorial_taskflow_api_etl.py
[2023-11-04 14:15:58,968] {processor.py:654} INFO - DAG(s) dict_keys(['tutorial_taskflow_api_etl']) retrieved from /home/airflow/.local/lib/python3.8/site-packages/airflow/example_dags/tutorial_taskflow_api_etl.py
[2023-11-04 14:15:59,249] {logging_mixin.py:109} INFO - [2023-11-04 14:15:59,249] {dag.py:2398} INFO - Sync 1 DAGs
[2023-11-04 14:15:59,283] {logging_mixin.py:109} INFO - [2023-11-04 14:15:59,283] {dag.py:2937} INFO - Setting next_dagrun for tutorial_taskflow_api_etl to None
[2023-11-04 14:15:59,302] {processor.py:171} INFO - Processing /home/airflow/.local/lib/python3.8/site-packages/airflow/example_dags/tutorial_taskflow_api_etl.py took 0.398 seconds
[2023-11-04 14:16:29,521] {processor.py:163} INFO - Started process (PID=539) to work on /home/airflow/.local/lib/python3.8/site-packages/airflow/example_dags/tutorial_taskflow_api_etl.py
[2023-11-04 14:16:29,524] {processor.py:642} INFO - Processing file /home/airflow/.local/lib/python3.8/site-packages/airflow/example_dags/tutorial_taskflow_api_etl.py for tasks to queue
[2023-11-04 14:16:29,526] {logging_mixin.py:109} INFO - [2023-11-04 14:16:29,525] {dagbag.py:500} INFO - Filling up the DagBag from /home/airflow/.local/lib/python3.8/site-packages/airflow/example_dags/tutorial_taskflow_api_etl.py
[2023-11-04 14:16:29,589] {processor.py:654} INFO - DAG(s) dict_keys(['tutorial_taskflow_api_etl']) retrieved from /home/airflow/.local/lib/python3.8/site-packages/airflow/example_dags/tutorial_taskflow_api_etl.py
[2023-11-04 14:16:29,865] {logging_mixin.py:109} INFO - [2023-11-04 14:16:29,865] {dag.py:2398} INFO - Sync 1 DAGs
[2023-11-04 14:16:29,884] {logging_mixin.py:109} INFO - [2023-11-04 14:16:29,884] {dag.py:2937} INFO - Setting next_dagrun for tutorial_taskflow_api_etl to None
[2023-11-04 14:16:29,899] {processor.py:171} INFO - Processing /home/airflow/.local/lib/python3.8/site-packages/airflow/example_dags/tutorial_taskflow_api_etl.py took 0.382 seconds
[2023-11-04 14:17:00,030] {processor.py:163} INFO - Started process (PID=588) to work on /home/airflow/.local/lib/python3.8/site-packages/airflow/example_dags/tutorial_taskflow_api_etl.py
[2023-11-04 14:17:00,032] {processor.py:642} INFO - Processing file /home/airflow/.local/lib/python3.8/site-packages/airflow/example_dags/tutorial_taskflow_api_etl.py for tasks to queue
[2023-11-04 14:17:00,034] {logging_mixin.py:109} INFO - [2023-11-04 14:17:00,034] {dagbag.py:500} INFO - Filling up the DagBag from /home/airflow/.local/lib/python3.8/site-packages/airflow/example_dags/tutorial_taskflow_api_etl.py
[2023-11-04 14:17:00,084] {processor.py:654} INFO - DAG(s) dict_keys(['tutorial_taskflow_api_etl']) retrieved from /home/airflow/.local/lib/python3.8/site-packages/airflow/example_dags/tutorial_taskflow_api_etl.py
[2023-11-04 14:17:00,415] {logging_mixin.py:109} INFO - [2023-11-04 14:17:00,415] {dag.py:2398} INFO - Sync 1 DAGs
[2023-11-04 14:17:00,437] {logging_mixin.py:109} INFO - [2023-11-04 14:17:00,437] {dag.py:2937} INFO - Setting next_dagrun for tutorial_taskflow_api_etl to None
[2023-11-04 14:17:00,455] {processor.py:171} INFO - Processing /home/airflow/.local/lib/python3.8/site-packages/airflow/example_dags/tutorial_taskflow_api_etl.py took 0.430 seconds
[2023-11-04 14:17:31,257] {processor.py:163} INFO - Started process (PID=637) to work on /home/airflow/.local/lib/python3.8/site-packages/airflow/example_dags/tutorial_taskflow_api_etl.py
[2023-11-04 14:17:31,260] {processor.py:642} INFO - Processing file /home/airflow/.local/lib/python3.8/site-packages/airflow/example_dags/tutorial_taskflow_api_etl.py for tasks to queue
[2023-11-04 14:17:31,262] {logging_mixin.py:109} INFO - [2023-11-04 14:17:31,261] {dagbag.py:500} INFO - Filling up the DagBag from /home/airflow/.local/lib/python3.8/site-packages/airflow/example_dags/tutorial_taskflow_api_etl.py
[2023-11-04 14:17:31,324] {processor.py:654} INFO - DAG(s) dict_keys(['tutorial_taskflow_api_etl']) retrieved from /home/airflow/.local/lib/python3.8/site-packages/airflow/example_dags/tutorial_taskflow_api_etl.py
[2023-11-04 14:17:31,605] {logging_mixin.py:109} INFO - [2023-11-04 14:17:31,605] {dag.py:2398} INFO - Sync 1 DAGs
[2023-11-04 14:17:31,624] {logging_mixin.py:109} INFO - [2023-11-04 14:17:31,624] {dag.py:2937} INFO - Setting next_dagrun for tutorial_taskflow_api_etl to None
[2023-11-04 14:17:31,638] {processor.py:171} INFO - Processing /home/airflow/.local/lib/python3.8/site-packages/airflow/example_dags/tutorial_taskflow_api_etl.py took 0.387 seconds
[2023-11-04 14:18:02,055] {processor.py:163} INFO - Started process (PID=694) to work on /home/airflow/.local/lib/python3.8/site-packages/airflow/example_dags/tutorial_taskflow_api_etl.py
[2023-11-04 14:18:02,058] {processor.py:642} INFO - Processing file /home/airflow/.local/lib/python3.8/site-packages/airflow/example_dags/tutorial_taskflow_api_etl.py for tasks to queue
[2023-11-04 14:18:02,060] {logging_mixin.py:109} INFO - [2023-11-04 14:18:02,059] {dagbag.py:500} INFO - Filling up the DagBag from /home/airflow/.local/lib/python3.8/site-packages/airflow/example_dags/tutorial_taskflow_api_etl.py
[2023-11-04 14:18:02,114] {processor.py:654} INFO - DAG(s) dict_keys(['tutorial_taskflow_api_etl']) retrieved from /home/airflow/.local/lib/python3.8/site-packages/airflow/example_dags/tutorial_taskflow_api_etl.py
[2023-11-04 14:18:02,378] {logging_mixin.py:109} INFO - [2023-11-04 14:18:02,377] {dag.py:2398} INFO - Sync 1 DAGs
[2023-11-04 14:18:02,399] {logging_mixin.py:109} INFO - [2023-11-04 14:18:02,399] {dag.py:2937} INFO - Setting next_dagrun for tutorial_taskflow_api_etl to None
[2023-11-04 14:18:02,412] {processor.py:171} INFO - Processing /home/airflow/.local/lib/python3.8/site-packages/airflow/example_dags/tutorial_taskflow_api_etl.py took 0.362 seconds
[2023-11-04 14:18:32,702] {processor.py:163} INFO - Started process (PID=743) to work on /home/airflow/.local/lib/python3.8/site-packages/airflow/example_dags/tutorial_taskflow_api_etl.py
[2023-11-04 14:18:32,705] {processor.py:642} INFO - Processing file /home/airflow/.local/lib/python3.8/site-packages/airflow/example_dags/tutorial_taskflow_api_etl.py for tasks to queue
[2023-11-04 14:18:32,706] {logging_mixin.py:109} INFO - [2023-11-04 14:18:32,706] {dagbag.py:500} INFO - Filling up the DagBag from /home/airflow/.local/lib/python3.8/site-packages/airflow/example_dags/tutorial_taskflow_api_etl.py
[2023-11-04 14:18:32,756] {processor.py:654} INFO - DAG(s) dict_keys(['tutorial_taskflow_api_etl']) retrieved from /home/airflow/.local/lib/python3.8/site-packages/airflow/example_dags/tutorial_taskflow_api_etl.py
[2023-11-04 14:18:33,159] {logging_mixin.py:109} INFO - [2023-11-04 14:18:33,159] {dag.py:2398} INFO - Sync 1 DAGs
[2023-11-04 14:18:33,177] {logging_mixin.py:109} INFO - [2023-11-04 14:18:33,177] {dag.py:2937} INFO - Setting next_dagrun for tutorial_taskflow_api_etl to None
[2023-11-04 14:18:33,191] {processor.py:171} INFO - Processing /home/airflow/.local/lib/python3.8/site-packages/airflow/example_dags/tutorial_taskflow_api_etl.py took 0.494 seconds
[2023-11-04 14:19:03,973] {processor.py:163} INFO - Started process (PID=800) to work on /home/airflow/.local/lib/python3.8/site-packages/airflow/example_dags/tutorial_taskflow_api_etl.py
[2023-11-04 14:19:03,975] {processor.py:642} INFO - Processing file /home/airflow/.local/lib/python3.8/site-packages/airflow/example_dags/tutorial_taskflow_api_etl.py for tasks to queue
[2023-11-04 14:19:03,977] {logging_mixin.py:109} INFO - [2023-11-04 14:19:03,977] {dagbag.py:500} INFO - Filling up the DagBag from /home/airflow/.local/lib/python3.8/site-packages/airflow/example_dags/tutorial_taskflow_api_etl.py
[2023-11-04 14:19:04,035] {processor.py:654} INFO - DAG(s) dict_keys(['tutorial_taskflow_api_etl']) retrieved from /home/airflow/.local/lib/python3.8/site-packages/airflow/example_dags/tutorial_taskflow_api_etl.py
[2023-11-04 14:19:04,519] {logging_mixin.py:109} INFO - [2023-11-04 14:19:04,519] {dag.py:2398} INFO - Sync 1 DAGs
[2023-11-04 14:19:04,547] {logging_mixin.py:109} INFO - [2023-11-04 14:19:04,547] {dag.py:2937} INFO - Setting next_dagrun for tutorial_taskflow_api_etl to None
[2023-11-04 14:19:04,560] {processor.py:171} INFO - Processing /home/airflow/.local/lib/python3.8/site-packages/airflow/example_dags/tutorial_taskflow_api_etl.py took 0.594 seconds
[2023-11-04 14:19:35,464] {processor.py:163} INFO - Started process (PID=849) to work on /home/airflow/.local/lib/python3.8/site-packages/airflow/example_dags/tutorial_taskflow_api_etl.py
[2023-11-04 14:19:35,466] {processor.py:642} INFO - Processing file /home/airflow/.local/lib/python3.8/site-packages/airflow/example_dags/tutorial_taskflow_api_etl.py for tasks to queue
[2023-11-04 14:19:35,467] {logging_mixin.py:109} INFO - [2023-11-04 14:19:35,467] {dagbag.py:500} INFO - Filling up the DagBag from /home/airflow/.local/lib/python3.8/site-packages/airflow/example_dags/tutorial_taskflow_api_etl.py
[2023-11-04 14:19:35,515] {processor.py:654} INFO - DAG(s) dict_keys(['tutorial_taskflow_api_etl']) retrieved from /home/airflow/.local/lib/python3.8/site-packages/airflow/example_dags/tutorial_taskflow_api_etl.py
[2023-11-04 14:19:35,774] {logging_mixin.py:109} INFO - [2023-11-04 14:19:35,774] {dag.py:2398} INFO - Sync 1 DAGs
[2023-11-04 14:19:35,792] {logging_mixin.py:109} INFO - [2023-11-04 14:19:35,792] {dag.py:2937} INFO - Setting next_dagrun for tutorial_taskflow_api_etl to None
[2023-11-04 14:19:35,805] {processor.py:171} INFO - Processing /home/airflow/.local/lib/python3.8/site-packages/airflow/example_dags/tutorial_taskflow_api_etl.py took 0.346 seconds
[2023-11-04 14:20:06,125] {processor.py:163} INFO - Started process (PID=900) to work on /home/airflow/.local/lib/python3.8/site-packages/airflow/example_dags/tutorial_taskflow_api_etl.py
[2023-11-04 14:20:06,128] {processor.py:642} INFO - Processing file /home/airflow/.local/lib/python3.8/site-packages/airflow/example_dags/tutorial_taskflow_api_etl.py for tasks to queue
[2023-11-04 14:20:06,129] {logging_mixin.py:109} INFO - [2023-11-04 14:20:06,129] {dagbag.py:500} INFO - Filling up the DagBag from /home/airflow/.local/lib/python3.8/site-packages/airflow/example_dags/tutorial_taskflow_api_etl.py
[2023-11-04 14:20:06,184] {processor.py:654} INFO - DAG(s) dict_keys(['tutorial_taskflow_api_etl']) retrieved from /home/airflow/.local/lib/python3.8/site-packages/airflow/example_dags/tutorial_taskflow_api_etl.py
[2023-11-04 14:20:06,453] {logging_mixin.py:109} INFO - [2023-11-04 14:20:06,452] {dag.py:2398} INFO - Sync 1 DAGs
[2023-11-04 14:20:06,470] {logging_mixin.py:109} INFO - [2023-11-04 14:20:06,470] {dag.py:2937} INFO - Setting next_dagrun for tutorial_taskflow_api_etl to None
[2023-11-04 14:20:06,483] {processor.py:171} INFO - Processing /home/airflow/.local/lib/python3.8/site-packages/airflow/example_dags/tutorial_taskflow_api_etl.py took 0.365 seconds
[2023-11-04 14:20:36,878] {processor.py:163} INFO - Started process (PID=958) to work on /home/airflow/.local/lib/python3.8/site-packages/airflow/example_dags/tutorial_taskflow_api_etl.py
[2023-11-04 14:20:36,882] {processor.py:642} INFO - Processing file /home/airflow/.local/lib/python3.8/site-packages/airflow/example_dags/tutorial_taskflow_api_etl.py for tasks to queue
[2023-11-04 14:20:36,884] {logging_mixin.py:109} INFO - [2023-11-04 14:20:36,884] {dagbag.py:500} INFO - Filling up the DagBag from /home/airflow/.local/lib/python3.8/site-packages/airflow/example_dags/tutorial_taskflow_api_etl.py
[2023-11-04 14:20:36,942] {processor.py:654} INFO - DAG(s) dict_keys(['tutorial_taskflow_api_etl']) retrieved from /home/airflow/.local/lib/python3.8/site-packages/airflow/example_dags/tutorial_taskflow_api_etl.py
[2023-11-04 14:20:37,261] {logging_mixin.py:109} INFO - [2023-11-04 14:20:37,261] {dag.py:2398} INFO - Sync 1 DAGs
[2023-11-04 14:20:37,292] {logging_mixin.py:109} INFO - [2023-11-04 14:20:37,292] {dag.py:2937} INFO - Setting next_dagrun for tutorial_taskflow_api_etl to None
[2023-11-04 14:20:37,312] {processor.py:171} INFO - Processing /home/airflow/.local/lib/python3.8/site-packages/airflow/example_dags/tutorial_taskflow_api_etl.py took 0.440 seconds
[2023-11-04 14:21:07,810] {processor.py:163} INFO - Started process (PID=1007) to work on /home/airflow/.local/lib/python3.8/site-packages/airflow/example_dags/tutorial_taskflow_api_etl.py
[2023-11-04 14:21:07,814] {processor.py:642} INFO - Processing file /home/airflow/.local/lib/python3.8/site-packages/airflow/example_dags/tutorial_taskflow_api_etl.py for tasks to queue
[2023-11-04 14:21:07,815] {logging_mixin.py:109} INFO - [2023-11-04 14:21:07,815] {dagbag.py:500} INFO - Filling up the DagBag from /home/airflow/.local/lib/python3.8/site-packages/airflow/example_dags/tutorial_taskflow_api_etl.py
[2023-11-04 14:21:07,865] {processor.py:654} INFO - DAG(s) dict_keys(['tutorial_taskflow_api_etl']) retrieved from /home/airflow/.local/lib/python3.8/site-packages/airflow/example_dags/tutorial_taskflow_api_etl.py
[2023-11-04 14:21:08,117] {logging_mixin.py:109} INFO - [2023-11-04 14:21:08,117] {dag.py:2398} INFO - Sync 1 DAGs
[2023-11-04 14:21:08,134] {logging_mixin.py:109} INFO - [2023-11-04 14:21:08,133] {dag.py:2937} INFO - Setting next_dagrun for tutorial_taskflow_api_etl to None
[2023-11-04 14:21:08,146] {processor.py:171} INFO - Processing /home/airflow/.local/lib/python3.8/site-packages/airflow/example_dags/tutorial_taskflow_api_etl.py took 0.341 seconds
[2023-11-04 14:21:38,411] {processor.py:163} INFO - Started process (PID=1058) to work on /home/airflow/.local/lib/python3.8/site-packages/airflow/example_dags/tutorial_taskflow_api_etl.py
[2023-11-04 14:21:38,414] {processor.py:642} INFO - Processing file /home/airflow/.local/lib/python3.8/site-packages/airflow/example_dags/tutorial_taskflow_api_etl.py for tasks to queue
[2023-11-04 14:21:38,416] {logging_mixin.py:109} INFO - [2023-11-04 14:21:38,416] {dagbag.py:500} INFO - Filling up the DagBag from /home/airflow/.local/lib/python3.8/site-packages/airflow/example_dags/tutorial_taskflow_api_etl.py
[2023-11-04 14:21:38,470] {processor.py:654} INFO - DAG(s) dict_keys(['tutorial_taskflow_api_etl']) retrieved from /home/airflow/.local/lib/python3.8/site-packages/airflow/example_dags/tutorial_taskflow_api_etl.py
[2023-11-04 14:21:38,767] {logging_mixin.py:109} INFO - [2023-11-04 14:21:38,767] {dag.py:2398} INFO - Sync 1 DAGs
[2023-11-04 14:21:38,788] {logging_mixin.py:109} INFO - [2023-11-04 14:21:38,786] {dag.py:2937} INFO - Setting next_dagrun for tutorial_taskflow_api_etl to None
[2023-11-04 14:21:38,809] {processor.py:171} INFO - Processing /home/airflow/.local/lib/python3.8/site-packages/airflow/example_dags/tutorial_taskflow_api_etl.py took 0.403 seconds
[2023-11-04 14:22:09,574] {processor.py:163} INFO - Started process (PID=1115) to work on /home/airflow/.local/lib/python3.8/site-packages/airflow/example_dags/tutorial_taskflow_api_etl.py
[2023-11-04 14:22:09,577] {processor.py:642} INFO - Processing file /home/airflow/.local/lib/python3.8/site-packages/airflow/example_dags/tutorial_taskflow_api_etl.py for tasks to queue
[2023-11-04 14:22:09,579] {logging_mixin.py:109} INFO - [2023-11-04 14:22:09,579] {dagbag.py:500} INFO - Filling up the DagBag from /home/airflow/.local/lib/python3.8/site-packages/airflow/example_dags/tutorial_taskflow_api_etl.py
[2023-11-04 14:22:09,629] {processor.py:654} INFO - DAG(s) dict_keys(['tutorial_taskflow_api_etl']) retrieved from /home/airflow/.local/lib/python3.8/site-packages/airflow/example_dags/tutorial_taskflow_api_etl.py
[2023-11-04 14:22:09,904] {logging_mixin.py:109} INFO - [2023-11-04 14:22:09,904] {dag.py:2398} INFO - Sync 1 DAGs
[2023-11-04 14:22:09,928] {logging_mixin.py:109} INFO - [2023-11-04 14:22:09,928] {dag.py:2937} INFO - Setting next_dagrun for tutorial_taskflow_api_etl to None
[2023-11-04 14:22:09,954] {processor.py:171} INFO - Processing /home/airflow/.local/lib/python3.8/site-packages/airflow/example_dags/tutorial_taskflow_api_etl.py took 0.385 seconds
[2023-11-04 14:22:40,543] {processor.py:163} INFO - Started process (PID=1164) to work on /home/airflow/.local/lib/python3.8/site-packages/airflow/example_dags/tutorial_taskflow_api_etl.py
[2023-11-04 14:22:40,546] {processor.py:642} INFO - Processing file /home/airflow/.local/lib/python3.8/site-packages/airflow/example_dags/tutorial_taskflow_api_etl.py for tasks to queue
[2023-11-04 14:22:40,548] {logging_mixin.py:109} INFO - [2023-11-04 14:22:40,548] {dagbag.py:500} INFO - Filling up the DagBag from /home/airflow/.local/lib/python3.8/site-packages/airflow/example_dags/tutorial_taskflow_api_etl.py
[2023-11-04 14:22:40,604] {processor.py:654} INFO - DAG(s) dict_keys(['tutorial_taskflow_api_etl']) retrieved from /home/airflow/.local/lib/python3.8/site-packages/airflow/example_dags/tutorial_taskflow_api_etl.py
[2023-11-04 14:22:40,856] {logging_mixin.py:109} INFO - [2023-11-04 14:22:40,856] {dag.py:2398} INFO - Sync 1 DAGs
[2023-11-04 14:22:40,877] {logging_mixin.py:109} INFO - [2023-11-04 14:22:40,877] {dag.py:2937} INFO - Setting next_dagrun for tutorial_taskflow_api_etl to None
[2023-11-04 14:22:40,898] {processor.py:171} INFO - Processing /home/airflow/.local/lib/python3.8/site-packages/airflow/example_dags/tutorial_taskflow_api_etl.py took 0.361 seconds
[2023-11-04 14:23:11,372] {processor.py:163} INFO - Started process (PID=1220) to work on /home/airflow/.local/lib/python3.8/site-packages/airflow/example_dags/tutorial_taskflow_api_etl.py
[2023-11-04 14:23:11,375] {processor.py:642} INFO - Processing file /home/airflow/.local/lib/python3.8/site-packages/airflow/example_dags/tutorial_taskflow_api_etl.py for tasks to queue
[2023-11-04 14:23:11,377] {logging_mixin.py:109} INFO - [2023-11-04 14:23:11,377] {dagbag.py:500} INFO - Filling up the DagBag from /home/airflow/.local/lib/python3.8/site-packages/airflow/example_dags/tutorial_taskflow_api_etl.py
[2023-11-04 14:23:11,430] {processor.py:654} INFO - DAG(s) dict_keys(['tutorial_taskflow_api_etl']) retrieved from /home/airflow/.local/lib/python3.8/site-packages/airflow/example_dags/tutorial_taskflow_api_etl.py
[2023-11-04 14:23:11,733] {logging_mixin.py:109} INFO - [2023-11-04 14:23:11,733] {dag.py:2398} INFO - Sync 1 DAGs
[2023-11-04 14:23:11,749] {logging_mixin.py:109} INFO - [2023-11-04 14:23:11,749] {dag.py:2937} INFO - Setting next_dagrun for tutorial_taskflow_api_etl to None
[2023-11-04 14:23:11,762] {processor.py:171} INFO - Processing /home/airflow/.local/lib/python3.8/site-packages/airflow/example_dags/tutorial_taskflow_api_etl.py took 0.397 seconds
[2023-11-04 14:23:42,199] {processor.py:163} INFO - Started process (PID=1268) to work on /home/airflow/.local/lib/python3.8/site-packages/airflow/example_dags/tutorial_taskflow_api_etl.py
[2023-11-04 14:23:42,201] {processor.py:642} INFO - Processing file /home/airflow/.local/lib/python3.8/site-packages/airflow/example_dags/tutorial_taskflow_api_etl.py for tasks to queue
[2023-11-04 14:23:42,203] {logging_mixin.py:109} INFO - [2023-11-04 14:23:42,203] {dagbag.py:500} INFO - Filling up the DagBag from /home/airflow/.local/lib/python3.8/site-packages/airflow/example_dags/tutorial_taskflow_api_etl.py
[2023-11-04 14:23:42,252] {processor.py:654} INFO - DAG(s) dict_keys(['tutorial_taskflow_api_etl']) retrieved from /home/airflow/.local/lib/python3.8/site-packages/airflow/example_dags/tutorial_taskflow_api_etl.py
[2023-11-04 14:23:42,516] {logging_mixin.py:109} INFO - [2023-11-04 14:23:42,515] {dag.py:2398} INFO - Sync 1 DAGs
[2023-11-04 14:23:42,532] {logging_mixin.py:109} INFO - [2023-11-04 14:23:42,532] {dag.py:2937} INFO - Setting next_dagrun for tutorial_taskflow_api_etl to None
[2023-11-04 14:23:42,545] {processor.py:171} INFO - Processing /home/airflow/.local/lib/python3.8/site-packages/airflow/example_dags/tutorial_taskflow_api_etl.py took 0.352 seconds
[2023-11-04 14:24:13,021] {processor.py:163} INFO - Started process (PID=1325) to work on /home/airflow/.local/lib/python3.8/site-packages/airflow/example_dags/tutorial_taskflow_api_etl.py
[2023-11-04 14:24:13,035] {processor.py:642} INFO - Processing file /home/airflow/.local/lib/python3.8/site-packages/airflow/example_dags/tutorial_taskflow_api_etl.py for tasks to queue
[2023-11-04 14:24:13,037] {logging_mixin.py:109} INFO - [2023-11-04 14:24:13,036] {dagbag.py:500} INFO - Filling up the DagBag from /home/airflow/.local/lib/python3.8/site-packages/airflow/example_dags/tutorial_taskflow_api_etl.py
[2023-11-04 14:24:13,096] {processor.py:654} INFO - DAG(s) dict_keys(['tutorial_taskflow_api_etl']) retrieved from /home/airflow/.local/lib/python3.8/site-packages/airflow/example_dags/tutorial_taskflow_api_etl.py
[2023-11-04 14:24:13,371] {logging_mixin.py:109} INFO - [2023-11-04 14:24:13,371] {dag.py:2398} INFO - Sync 1 DAGs
[2023-11-04 14:24:13,389] {logging_mixin.py:109} INFO - [2023-11-04 14:24:13,389] {dag.py:2937} INFO - Setting next_dagrun for tutorial_taskflow_api_etl to None
[2023-11-04 14:24:13,403] {processor.py:171} INFO - Processing /home/airflow/.local/lib/python3.8/site-packages/airflow/example_dags/tutorial_taskflow_api_etl.py took 0.388 seconds
[2023-11-04 14:24:43,529] {processor.py:163} INFO - Started process (PID=1376) to work on /home/airflow/.local/lib/python3.8/site-packages/airflow/example_dags/tutorial_taskflow_api_etl.py
[2023-11-04 14:24:43,532] {processor.py:642} INFO - Processing file /home/airflow/.local/lib/python3.8/site-packages/airflow/example_dags/tutorial_taskflow_api_etl.py for tasks to queue
[2023-11-04 14:24:43,537] {logging_mixin.py:109} INFO - [2023-11-04 14:24:43,537] {dagbag.py:500} INFO - Filling up the DagBag from /home/airflow/.local/lib/python3.8/site-packages/airflow/example_dags/tutorial_taskflow_api_etl.py
[2023-11-04 14:24:43,605] {processor.py:654} INFO - DAG(s) dict_keys(['tutorial_taskflow_api_etl']) retrieved from /home/airflow/.local/lib/python3.8/site-packages/airflow/example_dags/tutorial_taskflow_api_etl.py
[2023-11-04 14:24:43,894] {logging_mixin.py:109} INFO - [2023-11-04 14:24:43,894] {dag.py:2398} INFO - Sync 1 DAGs
[2023-11-04 14:24:43,913] {logging_mixin.py:109} INFO - [2023-11-04 14:24:43,913] {dag.py:2937} INFO - Setting next_dagrun for tutorial_taskflow_api_etl to None
[2023-11-04 14:24:43,927] {processor.py:171} INFO - Processing /home/airflow/.local/lib/python3.8/site-packages/airflow/example_dags/tutorial_taskflow_api_etl.py took 0.404 seconds
[2023-11-04 14:25:14,554] {processor.py:163} INFO - Started process (PID=1423) to work on /home/airflow/.local/lib/python3.8/site-packages/airflow/example_dags/tutorial_taskflow_api_etl.py
[2023-11-04 14:25:14,558] {processor.py:642} INFO - Processing file /home/airflow/.local/lib/python3.8/site-packages/airflow/example_dags/tutorial_taskflow_api_etl.py for tasks to queue
[2023-11-04 14:25:14,560] {logging_mixin.py:109} INFO - [2023-11-04 14:25:14,559] {dagbag.py:500} INFO - Filling up the DagBag from /home/airflow/.local/lib/python3.8/site-packages/airflow/example_dags/tutorial_taskflow_api_etl.py
[2023-11-04 14:25:14,623] {processor.py:654} INFO - DAG(s) dict_keys(['tutorial_taskflow_api_etl']) retrieved from /home/airflow/.local/lib/python3.8/site-packages/airflow/example_dags/tutorial_taskflow_api_etl.py
[2023-11-04 14:25:14,933] {logging_mixin.py:109} INFO - [2023-11-04 14:25:14,933] {dag.py:2398} INFO - Sync 1 DAGs
[2023-11-04 14:25:14,952] {logging_mixin.py:109} INFO - [2023-11-04 14:25:14,952] {dag.py:2937} INFO - Setting next_dagrun for tutorial_taskflow_api_etl to None
[2023-11-04 14:25:14,966] {processor.py:171} INFO - Processing /home/airflow/.local/lib/python3.8/site-packages/airflow/example_dags/tutorial_taskflow_api_etl.py took 0.418 seconds
[2023-11-04 14:25:45,102] {processor.py:163} INFO - Started process (PID=1482) to work on /home/airflow/.local/lib/python3.8/site-packages/airflow/example_dags/tutorial_taskflow_api_etl.py
[2023-11-04 14:25:45,105] {processor.py:642} INFO - Processing file /home/airflow/.local/lib/python3.8/site-packages/airflow/example_dags/tutorial_taskflow_api_etl.py for tasks to queue
[2023-11-04 14:25:45,106] {logging_mixin.py:109} INFO - [2023-11-04 14:25:45,106] {dagbag.py:500} INFO - Filling up the DagBag from /home/airflow/.local/lib/python3.8/site-packages/airflow/example_dags/tutorial_taskflow_api_etl.py
[2023-11-04 14:25:45,156] {processor.py:654} INFO - DAG(s) dict_keys(['tutorial_taskflow_api_etl']) retrieved from /home/airflow/.local/lib/python3.8/site-packages/airflow/example_dags/tutorial_taskflow_api_etl.py
[2023-11-04 14:25:45,429] {logging_mixin.py:109} INFO - [2023-11-04 14:25:45,429] {dag.py:2398} INFO - Sync 1 DAGs
[2023-11-04 14:25:45,450] {logging_mixin.py:109} INFO - [2023-11-04 14:25:45,450] {dag.py:2937} INFO - Setting next_dagrun for tutorial_taskflow_api_etl to None
[2023-11-04 14:25:45,463] {processor.py:171} INFO - Processing /home/airflow/.local/lib/python3.8/site-packages/airflow/example_dags/tutorial_taskflow_api_etl.py took 0.366 seconds
[2023-11-04 14:26:16,100] {processor.py:163} INFO - Started process (PID=1531) to work on /home/airflow/.local/lib/python3.8/site-packages/airflow/example_dags/tutorial_taskflow_api_etl.py
[2023-11-04 14:26:16,102] {processor.py:642} INFO - Processing file /home/airflow/.local/lib/python3.8/site-packages/airflow/example_dags/tutorial_taskflow_api_etl.py for tasks to queue
[2023-11-04 14:26:16,104] {logging_mixin.py:109} INFO - [2023-11-04 14:26:16,104] {dagbag.py:500} INFO - Filling up the DagBag from /home/airflow/.local/lib/python3.8/site-packages/airflow/example_dags/tutorial_taskflow_api_etl.py
[2023-11-04 14:26:16,152] {processor.py:654} INFO - DAG(s) dict_keys(['tutorial_taskflow_api_etl']) retrieved from /home/airflow/.local/lib/python3.8/site-packages/airflow/example_dags/tutorial_taskflow_api_etl.py
[2023-11-04 14:26:16,407] {logging_mixin.py:109} INFO - [2023-11-04 14:26:16,407] {dag.py:2398} INFO - Sync 1 DAGs
[2023-11-04 14:26:16,423] {logging_mixin.py:109} INFO - [2023-11-04 14:26:16,423] {dag.py:2937} INFO - Setting next_dagrun for tutorial_taskflow_api_etl to None
[2023-11-04 14:26:16,436] {processor.py:171} INFO - Processing /home/airflow/.local/lib/python3.8/site-packages/airflow/example_dags/tutorial_taskflow_api_etl.py took 0.343 seconds
[2023-11-04 14:28:11,222] {processor.py:163} INFO - Started process (PID=64) to work on /home/airflow/.local/lib/python3.8/site-packages/airflow/example_dags/tutorial_taskflow_api_etl.py
[2023-11-04 14:28:11,224] {processor.py:642} INFO - Processing file /home/airflow/.local/lib/python3.8/site-packages/airflow/example_dags/tutorial_taskflow_api_etl.py for tasks to queue
[2023-11-04 14:28:11,226] {logging_mixin.py:109} INFO - [2023-11-04 14:28:11,226] {dagbag.py:500} INFO - Filling up the DagBag from /home/airflow/.local/lib/python3.8/site-packages/airflow/example_dags/tutorial_taskflow_api_etl.py
[2023-11-04 14:28:11,279] {processor.py:654} INFO - DAG(s) dict_keys(['tutorial_taskflow_api_etl']) retrieved from /home/airflow/.local/lib/python3.8/site-packages/airflow/example_dags/tutorial_taskflow_api_etl.py
[2023-11-04 14:28:11,537] {logging_mixin.py:109} INFO - [2023-11-04 14:28:11,537] {dag.py:2398} INFO - Sync 1 DAGs
[2023-11-04 14:28:11,556] {logging_mixin.py:109} INFO - [2023-11-04 14:28:11,556] {dag.py:2937} INFO - Setting next_dagrun for tutorial_taskflow_api_etl to None
[2023-11-04 14:28:11,569] {processor.py:171} INFO - Processing /home/airflow/.local/lib/python3.8/site-packages/airflow/example_dags/tutorial_taskflow_api_etl.py took 0.352 seconds
[2023-11-04 14:28:41,663] {processor.py:163} INFO - Started process (PID=114) to work on /home/airflow/.local/lib/python3.8/site-packages/airflow/example_dags/tutorial_taskflow_api_etl.py
[2023-11-04 14:28:41,665] {processor.py:642} INFO - Processing file /home/airflow/.local/lib/python3.8/site-packages/airflow/example_dags/tutorial_taskflow_api_etl.py for tasks to queue
[2023-11-04 14:28:41,667] {logging_mixin.py:109} INFO - [2023-11-04 14:28:41,667] {dagbag.py:500} INFO - Filling up the DagBag from /home/airflow/.local/lib/python3.8/site-packages/airflow/example_dags/tutorial_taskflow_api_etl.py
[2023-11-04 14:28:41,723] {processor.py:654} INFO - DAG(s) dict_keys(['tutorial_taskflow_api_etl']) retrieved from /home/airflow/.local/lib/python3.8/site-packages/airflow/example_dags/tutorial_taskflow_api_etl.py
[2023-11-04 14:28:42,001] {logging_mixin.py:109} INFO - [2023-11-04 14:28:42,001] {dag.py:2398} INFO - Sync 1 DAGs
[2023-11-04 14:28:42,019] {logging_mixin.py:109} INFO - [2023-11-04 14:28:42,019] {dag.py:2937} INFO - Setting next_dagrun for tutorial_taskflow_api_etl to None
[2023-11-04 14:28:42,033] {processor.py:171} INFO - Processing /home/airflow/.local/lib/python3.8/site-packages/airflow/example_dags/tutorial_taskflow_api_etl.py took 0.375 seconds
[2023-11-04 14:29:12,080] {processor.py:163} INFO - Started process (PID=171) to work on /home/airflow/.local/lib/python3.8/site-packages/airflow/example_dags/tutorial_taskflow_api_etl.py
[2023-11-04 14:29:12,082] {processor.py:642} INFO - Processing file /home/airflow/.local/lib/python3.8/site-packages/airflow/example_dags/tutorial_taskflow_api_etl.py for tasks to queue
[2023-11-04 14:29:12,083] {logging_mixin.py:109} INFO - [2023-11-04 14:29:12,083] {dagbag.py:500} INFO - Filling up the DagBag from /home/airflow/.local/lib/python3.8/site-packages/airflow/example_dags/tutorial_taskflow_api_etl.py
[2023-11-04 14:29:12,133] {processor.py:654} INFO - DAG(s) dict_keys(['tutorial_taskflow_api_etl']) retrieved from /home/airflow/.local/lib/python3.8/site-packages/airflow/example_dags/tutorial_taskflow_api_etl.py
[2023-11-04 14:29:12,399] {logging_mixin.py:109} INFO - [2023-11-04 14:29:12,399] {dag.py:2398} INFO - Sync 1 DAGs
[2023-11-04 14:29:12,418] {logging_mixin.py:109} INFO - [2023-11-04 14:29:12,418] {dag.py:2937} INFO - Setting next_dagrun for tutorial_taskflow_api_etl to None
[2023-11-04 14:29:12,432] {processor.py:171} INFO - Processing /home/airflow/.local/lib/python3.8/site-packages/airflow/example_dags/tutorial_taskflow_api_etl.py took 0.357 seconds
[2023-11-04 14:29:42,776] {processor.py:163} INFO - Started process (PID=220) to work on /home/airflow/.local/lib/python3.8/site-packages/airflow/example_dags/tutorial_taskflow_api_etl.py
[2023-11-04 14:29:42,778] {processor.py:642} INFO - Processing file /home/airflow/.local/lib/python3.8/site-packages/airflow/example_dags/tutorial_taskflow_api_etl.py for tasks to queue
[2023-11-04 14:29:42,780] {logging_mixin.py:109} INFO - [2023-11-04 14:29:42,780] {dagbag.py:500} INFO - Filling up the DagBag from /home/airflow/.local/lib/python3.8/site-packages/airflow/example_dags/tutorial_taskflow_api_etl.py
[2023-11-04 14:29:42,837] {processor.py:654} INFO - DAG(s) dict_keys(['tutorial_taskflow_api_etl']) retrieved from /home/airflow/.local/lib/python3.8/site-packages/airflow/example_dags/tutorial_taskflow_api_etl.py
[2023-11-04 14:29:43,153] {logging_mixin.py:109} INFO - [2023-11-04 14:29:43,152] {dag.py:2398} INFO - Sync 1 DAGs
[2023-11-04 14:29:43,172] {logging_mixin.py:109} INFO - [2023-11-04 14:29:43,172] {dag.py:2937} INFO - Setting next_dagrun for tutorial_taskflow_api_etl to None
[2023-11-04 14:29:43,185] {processor.py:171} INFO - Processing /home/airflow/.local/lib/python3.8/site-packages/airflow/example_dags/tutorial_taskflow_api_etl.py took 0.415 seconds
[2023-11-04 14:30:13,992] {processor.py:163} INFO - Started process (PID=276) to work on /home/airflow/.local/lib/python3.8/site-packages/airflow/example_dags/tutorial_taskflow_api_etl.py
[2023-11-04 14:30:13,995] {processor.py:642} INFO - Processing file /home/airflow/.local/lib/python3.8/site-packages/airflow/example_dags/tutorial_taskflow_api_etl.py for tasks to queue
[2023-11-04 14:30:13,998] {logging_mixin.py:109} INFO - [2023-11-04 14:30:13,998] {dagbag.py:500} INFO - Filling up the DagBag from /home/airflow/.local/lib/python3.8/site-packages/airflow/example_dags/tutorial_taskflow_api_etl.py
[2023-11-04 14:30:14,084] {processor.py:654} INFO - DAG(s) dict_keys(['tutorial_taskflow_api_etl']) retrieved from /home/airflow/.local/lib/python3.8/site-packages/airflow/example_dags/tutorial_taskflow_api_etl.py
[2023-11-04 14:30:14,554] {logging_mixin.py:109} INFO - [2023-11-04 14:30:14,554] {dag.py:2398} INFO - Sync 1 DAGs
[2023-11-04 14:30:14,573] {logging_mixin.py:109} INFO - [2023-11-04 14:30:14,573] {dag.py:2937} INFO - Setting next_dagrun for tutorial_taskflow_api_etl to None
[2023-11-04 14:30:14,586] {processor.py:171} INFO - Processing /home/airflow/.local/lib/python3.8/site-packages/airflow/example_dags/tutorial_taskflow_api_etl.py took 0.600 seconds
[2023-11-04 14:30:45,288] {processor.py:163} INFO - Started process (PID=327) to work on /home/airflow/.local/lib/python3.8/site-packages/airflow/example_dags/tutorial_taskflow_api_etl.py
[2023-11-04 14:30:45,290] {processor.py:642} INFO - Processing file /home/airflow/.local/lib/python3.8/site-packages/airflow/example_dags/tutorial_taskflow_api_etl.py for tasks to queue
[2023-11-04 14:30:45,293] {logging_mixin.py:109} INFO - [2023-11-04 14:30:45,293] {dagbag.py:500} INFO - Filling up the DagBag from /home/airflow/.local/lib/python3.8/site-packages/airflow/example_dags/tutorial_taskflow_api_etl.py
[2023-11-04 14:30:45,347] {processor.py:654} INFO - DAG(s) dict_keys(['tutorial_taskflow_api_etl']) retrieved from /home/airflow/.local/lib/python3.8/site-packages/airflow/example_dags/tutorial_taskflow_api_etl.py
[2023-11-04 14:30:45,618] {logging_mixin.py:109} INFO - [2023-11-04 14:30:45,618] {dag.py:2398} INFO - Sync 1 DAGs
[2023-11-04 14:30:45,636] {logging_mixin.py:109} INFO - [2023-11-04 14:30:45,636] {dag.py:2937} INFO - Setting next_dagrun for tutorial_taskflow_api_etl to None
[2023-11-04 14:30:45,648] {processor.py:171} INFO - Processing /home/airflow/.local/lib/python3.8/site-packages/airflow/example_dags/tutorial_taskflow_api_etl.py took 0.365 seconds
