[2023-11-04 13:40:45,610] {processor.py:163} INFO - Started process (PID=33) to work on /opt/airflow/dags/daily_item_orders-schema.py
[2023-11-04 13:40:45,614] {processor.py:642} INFO - Processing file /opt/airflow/dags/daily_item_orders-schema.py for tasks to queue
[2023-11-04 13:40:45,616] {logging_mixin.py:109} INFO - [2023-11-04 13:40:45,616] {dagbag.py:500} INFO - Filling up the DagBag from /opt/airflow/dags/daily_item_orders-schema.py
[2023-11-04 13:40:45,887] {processor.py:654} INFO - DAG(s) dict_keys(['daily_item_orders_schema']) retrieved from /opt/airflow/dags/daily_item_orders-schema.py
[2023-11-04 13:40:50,631] {logging_mixin.py:109} INFO - [2023-11-04 13:40:50,631] {providers_manager.py:154} WARNING - Exception when importing 'airflow.providers.google.common.hooks.base_google.GoogleBaseHook' from 'apache-airflow-providers-google' package: module 'pyparsing' has no attribute 'downcaseTokens'
[2023-11-04 13:40:50,658] {logging_mixin.py:109} INFO - [2023-11-04 13:40:50,658] {providers_manager.py:154} WARNING - Exception when importing 'airflow.providers.google.cloud.hooks.cloud_sql.CloudSQLHook' from 'apache-airflow-providers-google' package: module 'pyparsing' has no attribute 'downcaseTokens'
[2023-11-04 13:40:50,663] {logging_mixin.py:109} INFO - [2023-11-04 13:40:50,663] {providers_manager.py:154} WARNING - Exception when importing 'airflow.providers.google.cloud.hooks.cloud_sql.CloudSQLDatabaseHook' from 'apache-airflow-providers-google' package: module 'pyparsing' has no attribute 'downcaseTokens'
[2023-11-04 13:40:51,273] {logging_mixin.py:109} INFO - [2023-11-04 13:40:51,273] {providers_manager.py:154} WARNING - Exception when importing 'airflow.providers.google.cloud.hooks.bigquery.BigQueryHook' from 'apache-airflow-providers-google' package: module 'pyparsing' has no attribute 'downcaseTokens'
[2023-11-04 13:40:51,283] {logging_mixin.py:109} INFO - [2023-11-04 13:40:51,283] {providers_manager.py:154} WARNING - Exception when importing 'airflow.providers.google.cloud.hooks.compute_ssh.ComputeEngineSSHHook' from 'apache-airflow-providers-google' package: module 'pyparsing' has no attribute 'downcaseTokens'
[2023-11-04 13:40:52,963] {logging_mixin.py:109} WARNING - /home/airflow/.local/lib/python3.8/site-packages/azure/storage/common/_connection.py:82 SyntaxWarning: "is" with a literal. Did you mean "=="?
[2023-11-04 13:40:56,544] {logging_mixin.py:109} INFO - [2023-11-04 13:40:56,543] {providers_manager.py:154} WARNING - Exception when importing 'airflow.providers.google.common.hooks.base_google.GoogleBaseHook' from 'apache-airflow-providers-google' package: module 'pyparsing' has no attribute 'downcaseTokens'
[2023-11-04 13:40:56,553] {logging_mixin.py:109} INFO - [2023-11-04 13:40:56,553] {providers_manager.py:154} WARNING - Exception when importing 'airflow.providers.google.cloud.hooks.cloud_sql.CloudSQLHook' from 'apache-airflow-providers-google' package: module 'pyparsing' has no attribute 'downcaseTokens'
[2023-11-04 13:40:56,561] {logging_mixin.py:109} INFO - [2023-11-04 13:40:56,560] {providers_manager.py:154} WARNING - Exception when importing 'airflow.providers.google.cloud.hooks.cloud_sql.CloudSQLDatabaseHook' from 'apache-airflow-providers-google' package: module 'pyparsing' has no attribute 'downcaseTokens'
[2023-11-04 13:40:56,568] {logging_mixin.py:109} INFO - [2023-11-04 13:40:56,568] {providers_manager.py:154} WARNING - Exception when importing 'airflow.providers.google.cloud.hooks.bigquery.BigQueryHook' from 'apache-airflow-providers-google' package: module 'pyparsing' has no attribute 'downcaseTokens'
[2023-11-04 13:40:56,576] {logging_mixin.py:109} INFO - [2023-11-04 13:40:56,576] {providers_manager.py:154} WARNING - Exception when importing 'airflow.providers.google.cloud.hooks.compute_ssh.ComputeEngineSSHHook' from 'apache-airflow-providers-google' package: module 'pyparsing' has no attribute 'downcaseTokens'
[2023-11-04 13:40:56,651] {logging_mixin.py:109} INFO - [2023-11-04 13:40:56,651] {manager.py:496} INFO - Created Permission View: can read on DAG:daily_item_orders_schema
[2023-11-04 13:40:56,686] {logging_mixin.py:109} INFO - [2023-11-04 13:40:56,686] {manager.py:496} INFO - Created Permission View: can edit on DAG:daily_item_orders_schema
[2023-11-04 13:40:56,694] {logging_mixin.py:109} INFO - [2023-11-04 13:40:56,693] {dag.py:2398} INFO - Sync 1 DAGs
[2023-11-04 13:40:56,713] {logging_mixin.py:109} INFO - [2023-11-04 13:40:56,713] {dag.py:2417} INFO - Creating ORM DAG for daily_item_orders_schema
[2023-11-04 13:40:56,741] {logging_mixin.py:109} INFO - [2023-11-04 13:40:56,740] {dag.py:2937} INFO - Setting next_dagrun for daily_item_orders_schema to 2023-07-01T00:00:00+00:00
[2023-11-04 13:40:57,023] {processor.py:171} INFO - Processing /opt/airflow/dags/daily_item_orders-schema.py took 11.425 seconds
[2023-11-04 13:41:51,709] {processor.py:163} INFO - Started process (PID=279) to work on /opt/airflow/dags/daily_item_orders-schema.py
[2023-11-04 13:41:51,713] {processor.py:642} INFO - Processing file /opt/airflow/dags/daily_item_orders-schema.py for tasks to queue
[2023-11-04 13:41:51,715] {logging_mixin.py:109} INFO - [2023-11-04 13:41:51,715] {dagbag.py:500} INFO - Filling up the DagBag from /opt/airflow/dags/daily_item_orders-schema.py
[2023-11-04 13:41:51,785] {processor.py:654} INFO - DAG(s) dict_keys(['daily_item_orders_schema']) retrieved from /opt/airflow/dags/daily_item_orders-schema.py
[2023-11-04 13:41:51,807] {logging_mixin.py:109} INFO - [2023-11-04 13:41:51,807] {dag.py:2398} INFO - Sync 1 DAGs
[2023-11-04 13:41:51,850] {logging_mixin.py:109} INFO - [2023-11-04 13:41:51,850] {dag.py:2937} INFO - Setting next_dagrun for daily_item_orders_schema to 2023-07-01T00:00:00+00:00
[2023-11-04 13:41:51,872] {processor.py:171} INFO - Processing /opt/airflow/dags/daily_item_orders-schema.py took 0.168 seconds
[2023-11-04 13:42:22,847] {processor.py:163} INFO - Started process (PID=333) to work on /opt/airflow/dags/daily_item_orders-schema.py
[2023-11-04 13:42:22,849] {processor.py:642} INFO - Processing file /opt/airflow/dags/daily_item_orders-schema.py for tasks to queue
[2023-11-04 13:42:22,851] {logging_mixin.py:109} INFO - [2023-11-04 13:42:22,851] {dagbag.py:500} INFO - Filling up the DagBag from /opt/airflow/dags/daily_item_orders-schema.py
[2023-11-04 13:42:22,926] {processor.py:654} INFO - DAG(s) dict_keys(['daily_item_orders_schema']) retrieved from /opt/airflow/dags/daily_item_orders-schema.py
[2023-11-04 13:42:22,948] {logging_mixin.py:109} INFO - [2023-11-04 13:42:22,948] {dag.py:2398} INFO - Sync 1 DAGs
[2023-11-04 13:42:22,977] {logging_mixin.py:109} INFO - [2023-11-04 13:42:22,976] {dag.py:2937} INFO - Setting next_dagrun for daily_item_orders_schema to 2023-07-01T00:00:00+00:00
[2023-11-04 13:42:22,990] {processor.py:171} INFO - Processing /opt/airflow/dags/daily_item_orders-schema.py took 0.151 seconds
[2023-11-04 13:42:53,365] {processor.py:163} INFO - Started process (PID=391) to work on /opt/airflow/dags/daily_item_orders-schema.py
[2023-11-04 13:42:53,372] {processor.py:642} INFO - Processing file /opt/airflow/dags/daily_item_orders-schema.py for tasks to queue
[2023-11-04 13:42:53,375] {logging_mixin.py:109} INFO - [2023-11-04 13:42:53,375] {dagbag.py:500} INFO - Filling up the DagBag from /opt/airflow/dags/daily_item_orders-schema.py
[2023-11-04 13:42:53,438] {processor.py:654} INFO - DAG(s) dict_keys(['daily_item_orders_schema']) retrieved from /opt/airflow/dags/daily_item_orders-schema.py
[2023-11-04 13:42:53,452] {logging_mixin.py:109} INFO - [2023-11-04 13:42:53,451] {dag.py:2398} INFO - Sync 1 DAGs
[2023-11-04 13:42:53,472] {logging_mixin.py:109} INFO - [2023-11-04 13:42:53,471] {dag.py:2937} INFO - Setting next_dagrun for daily_item_orders_schema to 2023-07-01T00:00:00+00:00
[2023-11-04 13:42:53,483] {processor.py:171} INFO - Processing /opt/airflow/dags/daily_item_orders-schema.py took 0.126 seconds
[2023-11-04 13:43:24,368] {processor.py:163} INFO - Started process (PID=440) to work on /opt/airflow/dags/daily_item_orders-schema.py
[2023-11-04 13:43:24,371] {processor.py:642} INFO - Processing file /opt/airflow/dags/daily_item_orders-schema.py for tasks to queue
[2023-11-04 13:43:24,374] {logging_mixin.py:109} INFO - [2023-11-04 13:43:24,374] {dagbag.py:500} INFO - Filling up the DagBag from /opt/airflow/dags/daily_item_orders-schema.py
[2023-11-04 13:43:24,431] {processor.py:654} INFO - DAG(s) dict_keys(['daily_item_orders_schema']) retrieved from /opt/airflow/dags/daily_item_orders-schema.py
[2023-11-04 13:43:24,445] {logging_mixin.py:109} INFO - [2023-11-04 13:43:24,445] {dag.py:2398} INFO - Sync 1 DAGs
[2023-11-04 13:43:24,467] {logging_mixin.py:109} INFO - [2023-11-04 13:43:24,467] {dag.py:2937} INFO - Setting next_dagrun for daily_item_orders_schema to 2023-07-01T00:00:00+00:00
[2023-11-04 13:43:24,479] {processor.py:171} INFO - Processing /opt/airflow/dags/daily_item_orders-schema.py took 0.118 seconds
[2023-11-04 13:43:54,669] {processor.py:163} INFO - Started process (PID=497) to work on /opt/airflow/dags/daily_item_orders-schema.py
[2023-11-04 13:43:54,672] {processor.py:642} INFO - Processing file /opt/airflow/dags/daily_item_orders-schema.py for tasks to queue
[2023-11-04 13:43:54,674] {logging_mixin.py:109} INFO - [2023-11-04 13:43:54,674] {dagbag.py:500} INFO - Filling up the DagBag from /opt/airflow/dags/daily_item_orders-schema.py
[2023-11-04 13:43:54,726] {processor.py:654} INFO - DAG(s) dict_keys(['daily_item_orders_schema']) retrieved from /opt/airflow/dags/daily_item_orders-schema.py
[2023-11-04 13:43:54,740] {logging_mixin.py:109} INFO - [2023-11-04 13:43:54,740] {dag.py:2398} INFO - Sync 1 DAGs
[2023-11-04 13:43:54,762] {logging_mixin.py:109} INFO - [2023-11-04 13:43:54,762] {dag.py:2937} INFO - Setting next_dagrun for daily_item_orders_schema to 2023-07-01T00:00:00+00:00
[2023-11-04 13:43:54,774] {processor.py:171} INFO - Processing /opt/airflow/dags/daily_item_orders-schema.py took 0.111 seconds
